#{"solver": {"engine": {"type": "ExactEngine"}, "semiring": "GraphSemiring"}, "networks": [{"name": "perc_net_version_0_NeSy_0", "module": "AD_V0_NeSy_0_net(\n  (image_features): Sequential(\n    (0): Conv2d(3, 6, kernel_size=(5, 5), stride=(1, 1))\n    (1): ReLU()\n    (2): MaxPool2d(kernel_size=2, stride=2, padding=0, dilation=1, ceil_mode=False)\n    (3): Conv2d(6, 16, kernel_size=(5, 5), stride=(1, 1))\n    (4): ReLU()\n    (5): MaxPool2d(kernel_size=2, stride=2, padding=0, dilation=1, ceil_mode=False)\n    (6): Flatten(start_dim=0, end_dim=2)\n    (7): Linear(in_features=400, out_features=120, bias=True)\n    (8): ReLU()\n    (9): Linear(in_features=120, out_features=84, bias=True)\n    (10): ReLU()\n    (11): Linear(in_features=84, out_features=16, bias=True)\n    (12): ReLU()\n  )\n  (numeric_features): Sequential(\n    (0): Linear(in_features=1, out_features=4, bias=True)\n    (1): ReLU()\n    (2): Linear(in_features=4, out_features=4, bias=True)\n    (3): ReLU()\n  )\n  (combined_features): Sequential(\n    (0): Linear(in_features=20, out_features=16, bias=True)\n    (1): ReLU()\n    (2): Linear(in_features=16, out_features=2, bias=True)\n    (3): Softmax(dim=-1)\n  )\n)", "optimizer": "Adam (\nParameter Group 0\n    amsgrad: False\n    betas: (0.9, 0.999)\n    capturable: False\n    differentiable: False\n    eps: 1e-08\n    foreach: None\n    fused: None\n    lr: 0.001\n    maximize: False\n    weight_decay: 0\n)", "k": null}], "program": "coord(X) :- X=0.0; X=1.0; X=2.0; X=3.0.\nadmissible_cells(X) :- coord(X).\nnn(perc_net_version_0_NeSy_0,[Img, X],Z,[human, nothing])::cell(Img,X,Z).\nattention_boundary(X) :- X==1.0.\nenlarged_boundary(X) :- X==2.0.\nout_of_view(X) :- X==0.0; X==3.0.\naction(Img,1) :- admissible_cells(X), attention_boundary(X), cell(Img,X,human).\naction(Img,2) :- admissible_cells(X), enlarged_boundary(X), cell(Img,X,human), \\+action(Img,1).\naction(Img,0) :- admissible_cells(X), out_of_view(X), \\+action(Img,2), \\+action(Img,1).\n"}
#Accuracy 0.9955277280858676
i,time,loss,ground_time,compile_time,eval_time,accuracy
5,0.052667856216430664,0.9120039343833923,0.0014007568359375,0.000435638427734375,0.00018723011016845702,0.34973166368515207
10,1.5191140174865723,1.1236159443855285,0.0017728328704833985,0.0005619287490844727,0.00015802383422851561,0.34973166368515207
15,2.9314019680023193,1.1110334634780883,0.0017085552215576171,0.0005667209625244141,0.0001585245132446289,0.34973166368515207
20,4.333298921585083,1.2844958186149598,0.0019834041595458984,0.00039412975311279295,0.00017502307891845704,0.34973166368515207
25,5.735755920410156,1.1178371906280518,0.0017728328704833985,0.0005619287490844727,0.0001804828643798828,0.34973166368515207
30,7.1343817710876465,1.120068222284317,0.0018371105194091796,0.0005571365356445313,0.0001515626907348633,0.34973166368515207
35,8.540570974349976,1.3269687592983246,0.002024412155151367,0.0003150224685668945,0.0001860380172729492,0.34973166368515207
40,9.948662042617798,1.0398762047290802,0.0016675472259521484,0.0006458282470703125,0.0001505136489868164,0.34973166368515207
45,11.358956098556519,1.1075028002262115,0.0018371105194091796,0.0005571365356445313,0.00015840530395507812,0.34973166368515207
50,12.82203984260559,1.103278934955597,0.0018371105194091796,0.0005571365356445313,0.00016145706176757814,0.34973166368515207
55,14.220152854919434,1.1596730709075929,0.0018781185150146484,0.0004780292510986328,0.0001737356185913086,0.34973166368515207
60,15.623817920684814,1.2890964031219483,0.0018958568572998047,0.00032460689544677734,0.00019311904907226562,0.34973166368515207
65,17.036659955978394,1.207669186592102,0.001919126510620117,0.0003989219665527344,0.0001743793487548828,0.313953488372093
70,18.452845811843872,1.1191901683807373,0.0018781185150146484,0.0004780292510986328,0.00017125606536865233,0.313953488372093
75,19.86146879196167,1.1155240416526795,0.0018781185150146484,0.0004780292510986328,0.00017154216766357422,0.313953488372093
80,21.267448902130127,1.1574688851833344,0.0017085552215576171,0.0005667209625244141,0.0001531839370727539,0.34973166368515207
85,22.643643856048584,1.142628687620163,0.0017085552215576171,0.0005667209625244141,0.0001416444778442383,0.34973166368515207
90,24.069491863250732,1.097036176919937,0.0017728328704833985,0.0005619287490844727,0.00016944408416748048,0.34973166368515207
95,25.449350833892822,1.1074572563171388,0.002006673812866211,0.00046844482421875,0.00016531944274902343,0.34973166368515207
100,26.824306964874268,1.1729886412620545,0.0019834041595458984,0.00039412975311279295,0.00018475055694580078,0.34973166368515207
105,28.19587993621826,1.171034222841263,0.0020886898040771485,0.00031023025512695314,0.0001882314682006836,0.34973166368515207
110,29.571415901184082,1.0264738559722901,0.001690816879272461,0.0007201433181762695,0.0001517772674560547,0.313953488372093
115,30.958401918411255,1.130090606212616,0.002024412155151367,0.0003150224685668945,0.00019140243530273436,0.313953488372093
120,32.333516120910645,1.1981549501419066,0.0017085552215576171,0.0005667209625244141,0.00017197132110595702,0.313953488372093
125,33.715922832489014,1.1047927260398864,0.0019834041595458984,0.00039412975311279295,0.00016560554504394532,0.313953488372093
130,35.132508993148804,1.1132741391658783,0.0017728328704833985,0.0005619287490844727,0.00017540454864501954,0.34973166368515207
135,36.497827768325806,1.1939663529396056,0.001749563217163086,0.00048761367797851564,0.00017008781433105468,0.34973166368515207
140,37.876866817474365,1.214854222536087,0.001960134506225586,0.00031981468200683596,0.0001933574676513672,0.34973166368515207
145,39.239935874938965,0.993742686510086,0.001690816879272461,0.0007201433181762695,0.0001363992691040039,0.34973166368515207
150,40.608306884765625,1.1310334861278535,0.0017085552215576171,0.0005667209625244141,0.00016396045684814454,0.34973166368515207
155,41.987987995147705,1.185794860124588,0.001749563217163086,0.00048761367797851564,0.00016477108001708985,0.34973166368515207
160,43.44559168815613,1.1296188712120057,0.0018781185150146484,0.0004780292510986328,0.00016934871673583983,0.34973166368515207
165,44.809452056884766,1.0231203496456147,0.0015622615814208985,0.0007297277450561523,0.00015082359313964844,0.34973166368515207
170,46.18625998497009,1.0477413892745973,0.001901388168334961,0.0005523443222045898,0.00014994144439697265,0.34973166368515207
175,47.6103937625885,0.9553381145000458,0.0015212535858154298,0.0008088350296020508,0.00013544559478759766,0.34973166368515207
180,48.98640203475952,1.2361218750476837,0.0017905712127685546,0.0004085063934326172,0.00016891956329345703,0.34973166368515207
185,50.360294818878174,1.1948632419109344,0.001919126510620117,0.0003989219665527344,0.0001847982406616211,0.34973166368515207
190,51.73522686958313,1.210261344909668,0.001854848861694336,0.00040371417999267577,0.00018601417541503907,0.34973166368515207
195,53.1054310798645,1.0473496437072753,0.0016675472259521484,0.0006458282470703125,0.00016183853149414061,0.34973166368515207
200,54.47565174102783,0.9531141698360444,0.001690816879272461,0.0007201433181762695,0.00014050006866455077,0.34973166368515207
205,55.85124683380127,1.0502211093902587,0.0016032695770263673,0.0006506204605102539,0.00016241073608398439,0.34973166368515207
210,57.21587681770325,1.0531044840812682,0.0018371105194091796,0.0005571365356445313,0.000157928466796875,0.34973166368515207
215,58.593013048172,1.1978779435157776,0.001854848861694336,0.00040371417999267577,0.00018036365509033203,0.34973166368515207
220,60.004252910614014,1.123547500371933,0.0018138408660888672,0.0004828214645385742,0.0001628875732421875,0.44275491949910556
225,61.37425994873047,1.0478178083896637,0.0017728328704833985,0.0005619287490844727,0.00015544891357421875,0.47584973166368516
230,62.755600929260254,1.0227176368236541,0.0019834041595458984,0.00039412975311279295,0.00017161369323730468,0.5572450805008945
235,64.13195490837097,0.9826042532920838,0.0019834041595458984,0.00039412975311279295,0.00016920566558837892,0.37924865831842575
240,65.4975438117981,1.0884601280093193,0.0017728328704833985,0.0005619287490844727,0.00014564990997314453,0.5608228980322003
245,66.87600898742676,1.0501897990703584,0.0016675472259521484,0.0006458282470703125,0.00015039443969726561,0.42397137745974955
250,68.25767493247986,0.9656776249408722,0.0018781185150146484,0.0004780292510986328,0.00016510486602783203,0.4847942754919499
255,69.67999482154846,0.8951285451650619,0.0018781185150146484,0.0004780292510986328,0.00016672611236572265,0.5760286225402504
260,71.06264972686768,0.8462793707847596,0.0019423961639404297,0.00047323703765869143,0.00017375946044921874,0.5134168157423972
265,72.43099594116211,1.1953554689884185,0.001538991928100586,0.0006554126739501953,0.00015289783477783202,0.5858676207513417
270,73.81520485877991,0.881330781430006,0.0021296977996826173,0.00023112297058105468,0.0001950502395629883,0.5438282647584973
275,75.18696975708008,0.9882850360125304,0.0017085552215576171,0.0005667209625244141,0.00016198158264160156,0.5849731663685152
280,76.5545117855072,0.9687325254082679,0.001749563217163086,0.00048761367797851564,0.00016715526580810547,0.5966010733452594
285,77.9322018623352,1.0010511927306651,0.0018138408660888672,0.0004828214645385742,0.0001743793487548828,0.6001788908765653
290,79.31140184402466,0.7239750429987908,0.001919126510620117,0.0003989219665527344,0.00016977787017822266,0.5259391771019678
295,80.6802020072937,0.969620180502534,0.001749563217163086,0.00048761367797851564,0.0001619100570678711,0.6037567084078712
300,82.11297798156738,0.6994408451020717,0.001901388168334961,0.0005523443222045898,0.000154876708984375,0.5796064400715564
305,83.48526692390442,1.0591513812541962,0.001749563217163086,0.00048761367797851564,0.00017218589782714845,0.5474060822898033
310,84.85500478744507,0.9088953335303813,0.0017085552215576171,0.0005667209625244141,0.00015146732330322265,0.5858676207513417
315,86.23446679115295,0.6917415799573063,0.0019423961639404297,0.00047323703765869143,0.00017993450164794923,0.6010733452593918
320,87.6059730052948,0.5112769139930606,0.0017318248748779297,0.000641036033630371,0.00016489028930664063,0.6082289803220036
325,88.97106790542603,0.6583129172446206,0.0016675472259521484,0.0006458282470703125,0.00014181137084960936,0.6028622540250447
330,90.34755992889404,1.0745800071861595,0.0017085552215576171,0.0005667209625244141,0.00016121864318847657,0.5572450805008945
335,91.72137689590454,0.7657837390899658,0.0016032695770263673,0.0006506204605102539,0.00015799999237060548,0.5322003577817531
340,93.14061379432678,1.0098795766476543,0.0018138408660888672,0.0004828214645385742,0.00016849040985107423,0.6100178890876565
345,94.50873970985413,0.761522745154798,0.0018138408660888672,0.0004828214645385742,0.00017654895782470703,0.610912343470483
350,95.87342476844788,0.8315434560179711,0.001919126510620117,0.0003989219665527344,0.00018062591552734376,0.6082289803220036
355,97.24875092506409,0.6399068544851616,0.0017318248748779297,0.000641036033630371,0.0001474618911743164,0.6118067978533095
360,98.62837100028992,0.8893643841147423,0.001919126510620117,0.0003989219665527344,0.00018482208251953126,0.6055456171735242
365,100.00995588302612,1.0680516425520181,0.001644277572631836,0.0005715131759643554,0.00017082691192626953,0.6135957066189625
370,101.38219094276428,0.5952293572365306,0.0017728328704833985,0.0005619287490844727,0.00016450881958007812,0.6082289803220036
375,102.74865984916687,0.7152552231680602,0.0016675472259521484,0.0006458282470703125,0.00015921592712402343,0.6091234347048301
380,104.16701793670654,0.7045205429196357,0.0016032695770263673,0.0006506204605102539,0.0001377582550048828,0.6127012522361359
385,105.54502606391907,0.8841677710413933,0.0014979839324951172,0.0007345199584960938,0.0001495361328125,0.610912343470483
390,106.91619896888733,0.9796143859624863,0.0018138408660888672,0.0004828214645385742,0.00016529560089111327,0.5742397137745975
395,108.28983974456787,0.27043680343776944,0.0018603801727294922,0.0006314516067504883,0.0001466512680053711,0.6144901610017889
400,109.66349482536316,1.0860521934078862,0.0020886898040771485,0.00031023025512695314,0.00019869804382324218,0.6180679785330948
405,111.04334497451782,0.8026422250259202,0.001919126510620117,0.0003989219665527344,0.00017173290252685546,0.590339892665474
410,112.4162118434906,0.7397003527237758,0.0019834041595458984,0.00039412975311279295,0.0001786947250366211,0.6082289803220036
415,113.78905177116394,0.8228393853656598,0.0016675472259521484,0.0006458282470703125,0.00014488697052001954,0.6100178890876565
420,115.1959159374237,0.8206222649663687,0.0018138408660888672,0.0004828214645385742,0.00016760826110839844,0.6019677996422182
425,116.55938696861267,0.422575411957223,0.0017318248748779297,0.000641036033630371,0.00016050338745117189,0.6055456171735242
430,117.93295383453369,1.055132128671221,0.0019368648529052735,0.0002454996109008789,0.00018627643585205077,0.6010733452593918
435,119.31594395637512,0.4830932263285007,0.0016265392303466796,0.0007249355316162109,0.00015180110931396485,0.6046511627906976
440,120.70048475265503,0.9489972734285402,0.0018958568572998047,0.00032460689544677734,0.00018138885498046874,0.6055456171735242
445,122.0682020187378,0.6648265758532717,0.0017085552215576171,0.0005667209625244141,0.00015704631805419923,0.6118067978533095
450,123.44780087471008,0.5168288386426866,0.0017728328704833985,0.0005619287490844727,0.00015401840209960938,0.6082289803220036
455,124.81404185295105,0.31797812292393246,0.0017318248748779297,0.000641036033630371,0.00013978481292724608,0.6046511627906976
460,126.21045303344727,0.4910883105592802,0.0019834041595458984,0.00039412975311279295,0.00017740726470947266,0.6135957066189625
465,127.58359098434448,0.3706690013408661,0.001901388168334961,0.0005523443222045898,0.0001665353775024414,0.6064400715563506
470,128.95913696289062,0.8449957959004678,0.001854848861694336,0.00040371417999267577,0.00017380714416503906,0.6162790697674418
475,130.33680486679077,0.8637225398794101,0.0018958568572998047,0.00032460689544677734,0.0001919269561767578,0.6180679785330948
480,131.70560789108276,0.8268964261592402,0.0018781185150146484,0.0004780292510986328,0.0001693248748779297,0.6171735241502684
485,133.0743169784546,0.5561046368442533,0.0016265392303466796,0.0007249355316162109,0.00014209747314453125,0.6135957066189625
490,134.4426097869873,0.7674834631383419,0.0018138408660888672,0.0004828214645385742,0.00016968250274658204,0.6135957066189625
495,135.8163619041443,0.6710466682910919,0.0015622615814208985,0.0007297277450561523,0.00013594627380371095,0.6171735241502684
500,137.24155497550964,0.5040839566761861,0.0018371105194091796,0.0005571365356445313,0.00015702247619628907,0.6180679785330948
505,138.61142778396606,0.6684750209562538,0.0017728328704833985,0.0005619287490844727,0.0001387357711791992,0.6171735241502684
510,139.98578882217407,0.7920754892038531,0.0018138408660888672,0.0004828214645385742,0.0001674175262451172,0.6207513416815742
515,141.35232090950012,0.5654788837768308,0.0018138408660888672,0.0004828214645385742,0.00015575885772705077,0.6207513416815742
520,142.72630286216736,0.637184979210906,0.0017085552215576171,0.0005667209625244141,0.00017027854919433595,0.6252236135957067
525,144.0982677936554,0.6956086819060147,0.001538991928100586,0.0006554126739501953,0.00015287399291992189,0.6270125223613596
530,145.47223711013794,0.500939446449047,0.0017318248748779297,0.000641036033630371,0.0001568317413330078,0.6270125223613596
535,146.85204672813416,1.14935343265534,0.0018725872039794921,0.0002502918243408203,0.0001900196075439453,0.6270125223613596
540,148.2669608592987,0.35300257709479865,0.0016265392303466796,0.0007249355316162109,0.0001439809799194336,0.627906976744186
545,149.6319019794464,0.3692710935079958,0.0016265392303466796,0.0007249355316162109,0.00014913082122802734,0.6323792486583184
550,151.00251078605652,0.8584403928689426,0.0018781185150146484,0.0004780292510986328,0.0001641988754272461,0.6305903398926654
555,152.383544921875,0.5107442760374681,0.0019423961639404297,0.00047323703765869143,0.00016908645629882814,0.627906976744186
560,153.76645183563232,1.4548738007317297,0.001901388168334961,0.0005523443222045898,0.00015194416046142577,0.6341681574239714
565,155.13180685043335,0.6273238440277055,0.0017728328704833985,0.0005619287490844727,0.0001592397689819336,0.6359570661896243
570,156.50989294052124,0.6026864666491747,0.0017085552215576171,0.0005667209625244141,0.0001852273941040039,0.6377459749552773
575,157.97260069847107,0.6000490249600489,0.0017728328704833985,0.0005619287490844727,0.00016241073608398439,0.6377459749552773
580,159.39320397377014,0.5554048298982253,0.0019834041595458984,0.00039412975311279295,0.00017964839935302734,0.6404293381037567
585,160.7566957473755,0.5310173337349398,0.0018138408660888672,0.0004828214645385742,0.0001597166061401367,0.6404293381037567
590,162.1324977874756,0.48285333122476004,0.0017728328704833985,0.0005619287490844727,0.0001711606979370117,0.6404293381037567
595,163.50797295570374,0.5048570361046586,0.0019834041595458984,0.00039412975311279295,0.000171661376953125,0.6377459749552773
600,164.87937784194946,0.7575572609910524,0.0016675472259521484,0.0006458282470703125,0.00015594959259033204,0.6404293381037567
605,166.2494878768921,0.18165622922824695,0.001901388168334961,0.0005523443222045898,0.00015459060668945312,0.6198568872987478
610,167.6327350139618,0.44138818779028954,0.0017318248748779297,0.000641036033630371,0.00015311241149902345,0.6332737030411449
615,169.0040807723999,0.4991349090189729,0.002024412155151367,0.0003150224685668945,0.0001794576644897461,0.6413237924865832
620,170.42004585266113,0.7082017845939845,0.0018958568572998047,0.00032460689544677734,0.00018174648284912108,0.6359570661896243
625,171.79434394836426,0.44156975373655316,0.001919126510620117,0.0003989219665527344,0.00018150806427001952,0.627906976744186
630,173.169508934021,0.4271578938351013,0.0017728328704833985,0.0005619287490844727,0.0001561880111694336,0.6386404293381037
635,174.54552793502808,0.3402455679373816,0.0018371105194091796,0.0005571365356445313,0.00017418861389160157,0.6431127012522362
640,175.91867685317993,0.8686044685193337,0.001749563217163086,0.00048761367797851564,0.0001591920852661133,0.6350626118067979
645,177.29883980751038,0.39600515821948645,0.0018138408660888672,0.0004828214645385742,0.0001689434051513672,0.8667262969588551
650,178.67028403282166,0.21270369058474897,0.0017318248748779297,0.000641036033630371,0.00014967918395996093,0.8640429338103757
655,180.04692792892456,0.6232103466230925,0.0020476818084716798,0.00038933753967285156,0.00017824172973632813,0.8828264758497316
660,181.4671618938446,0.2838281231117435,0.0019834041595458984,0.00039412975311279295,0.00017490386962890626,0.8783542039355993
665,182.84896278381348,0.22457038183929967,0.0020476818084716798,0.00038933753967285156,0.00019254684448242188,0.8792486583184258
670,184.22344398498535,0.3093036269419841,0.0017318248748779297,0.000641036033630371,0.0001588106155395508,0.8828264758497316
675,185.5889389514923,0.3913189596962184,0.001919126510620117,0.0003989219665527344,0.0001665353775024414,0.8917710196779964
680,186.97128701210022,0.36631579374147805,0.0018138408660888672,0.0004828214645385742,0.0001594066619873047,0.8917710196779964
685,188.34667897224426,0.2964264616835891,0.0019834041595458984,0.00039412975311279295,0.00017082691192626953,0.8908765652951699
690,189.72520303726196,0.3432113836752251,0.0017085552215576171,0.0005667209625244141,0.00016410350799560546,0.8872987477638641
695,191.10482573509216,0.4394088447035756,0.0017728328704833985,0.0005619287490844727,0.00016956329345703126,0.8926654740608229
700,192.52939701080322,0.38685631575062873,0.001960134506225586,0.00031981468200683596,0.00019304752349853517,0.9275491949910555
705,193.9025628566742,0.3555920680053532,0.0016265392303466796,0.0007249355316162109,0.00014462471008300782,0.9114490161001789
710,195.27780389785767,0.33249323978088796,0.0016675472259521484,0.0006458282470703125,0.00014808177947998047,0.8586762075134168
715,196.6670708656311,0.5592812118120492,0.001854848861694336,0.00040371417999267577,0.00018310546875,0.9275491949910555
720,198.05045986175537,0.2545808101698725,0.0017728328704833985,0.0005619287490844727,0.0001552581787109375,0.9418604651162791
725,199.41433811187744,0.2477546430316579,0.0016675472259521484,0.0006458282470703125,0.00015816688537597656,0.9481216457960644
730,200.78339409828186,0.4550475726544391,0.0018371105194091796,0.0005571365356445313,0.0001572847366333008,0.9499105545617174
735,202.15109205245972,0.26937989781145005,0.0015212535858154298,0.0008088350296020508,0.0001304149627685547,0.9588550983899821
740,203.57136273384094,0.4054192890645936,0.0018958568572998047,0.00032460689544677734,0.00019459724426269532,0.960644007155635
745,204.94352889060974,0.3320133507257651,0.001854848861694336,0.00040371417999267577,0.00017626285552978515,0.9543828264758497
750,206.31396412849426,0.2744042025136878,0.001919126510620117,0.0003989219665527344,0.0001689434051513672,0.9463327370304114
755,207.68570280075073,0.1206350139764254,0.0015212535858154298,0.0008088350296020508,0.00013604164123535157,0.9364937388193202
760,209.0569519996643,0.07588345552103419,0.0017961025238037109,0.0006362438201904297,0.0001523733139038086,0.924865831842576
765,210.4388828277588,0.2917429281330442,0.001644277572631836,0.0005715131759643554,0.00016183853149414061,0.9221824686940966
770,211.80760097503662,0.18793048670904683,0.0018371105194091796,0.0005571365356445313,0.00016467571258544923,0.9221824686940966
775,213.18865585327148,0.32479083118887503,0.001854848861694336,0.00040371417999267577,0.00016436576843261718,0.9275491949910555
780,214.62044191360474,0.15924542834263775,0.0017728328704833985,0.0005619287490844727,0.00015931129455566407,0.9400715563506261
785,215.9851520061493,0.21386737068364708,0.0017085552215576171,0.0005667209625244141,0.0001520872116088867,0.9588550983899821
790,217.3645167350769,0.18143080006411766,0.0019834041595458984,0.00039412975311279295,0.00017998218536376953,0.9633273703041145
795,218.73355913162231,0.13788319313098327,0.0019423961639404297,0.00047323703765869143,0.00016891956329345703,0.924865831842576
800,220.10714197158813,0.28533647541271423,0.0017728328704833985,0.0005619287490844727,0.00017108917236328126,0.9338103756708408
805,221.47775793075562,0.5421591285296017,0.0017728328704833985,0.0005619287490844727,0.0001621246337890625,0.9221824686940966
810,222.85298490524292,0.17988041435460217,0.0018781185150146484,0.0004780292510986328,0.00015859603881835939,0.9186046511627907
815,224.22032284736633,0.18057692509028128,0.0018138408660888672,0.0004828214645385742,0.0001630067825317383,0.8631484794275492
820,225.63990306854248,0.23183728881631396,0.0019423961639404297,0.00047323703765869143,0.00017321109771728516,0.9123434704830053
825,227.00955891609192,0.7810719929636434,0.001644277572631836,0.0005715131759643554,0.00016129016876220703,0.9490161001788909
830,228.38920402526855,0.19340029458981006,0.002024412155151367,0.0003150224685668945,0.00018961429595947265,0.8756708407871199
835,229.76523804664612,0.5876242815684236,0.0017085552215576171,0.0005667209625244141,0.00015633106231689454,0.868515205724508
840,231.15139985084534,0.50043721832335,0.001854848861694336,0.00040371417999267577,0.00017974376678466796,0.8908765652951699
845,232.53495597839355,0.6188164949417114,0.001749563217163086,0.00048761367797851564,0.00016639232635498046,0.8953488372093024
850,233.91481709480286,0.20939922195393593,0.0018781185150146484,0.0004780292510986328,0.0001699686050415039,0.8085867620751341
855,235.29229283332825,0.5099427056149579,0.0017085552215576171,0.0005667209625244141,0.00017380714416503906,0.943649373881932
860,236.73101592063904,0.1457739630714059,0.0020476818084716798,0.00038933753967285156,0.00017704963684082032,0.9499105545617174
865,238.10588383674622,0.7204986717784777,0.001644277572631836,0.0005715131759643554,0.00015463829040527344,0.943649373881932
870,239.48419570922852,0.6581716014654375,0.0017728328704833985,0.0005619287490844727,0.0001612424850463867,0.9561717352415027
875,240.8665919303894,0.11311919120198581,0.0019423961639404297,0.00047323703765869143,0.00016374588012695311,0.9561717352415027
880,242.2407329082489,0.10055946254724404,0.0016265392303466796,0.0007249355316162109,0.00014290809631347656,0.9445438282647585
885,243.62560200691223,0.1469200672581806,0.0018138408660888672,0.0004828214645385742,0.00017807483673095703,0.9347048300536672
890,244.99666571617126,0.6575118444859982,0.0016032695770263673,0.0006506204605102539,0.00015037059783935548,0.8765652951699463
895,246.36165189743042,0.8368516655534222,0.0017085552215576171,0.0005667209625244141,0.0001673460006713867,0.8559928443649374
900,247.7837507724762,0.36962222069269046,0.0018138408660888672,0.0004828214645385742,0.00018303394317626954,0.9651162790697675
905,249.1539978981018,0.145212947280379,0.0017085552215576171,0.0005667209625244141,0.00016956329345703126,0.9516994633273703
910,250.5283761024475,0.15795569204492493,0.0019834041595458984,0.00039412975311279295,0.00017330646514892578,0.9409660107334525
915,251.91198897361755,0.45895857061404965,0.0017085552215576171,0.0005667209625244141,0.00016546249389648438,0.9570661896243292
920,253.2862889766693,0.24036609280738047,0.0018781185150146484,0.0004780292510986328,0.00017402172088623046,0.9570661896243292
925,254.6651430130005,0.3954109466700174,0.0017085552215576171,0.0005667209625244141,0.00016558170318603516,0.9508050089445438
930,256.03426480293274,0.09991559272748418,0.0016675472259521484,0.0006458282470703125,0.00015091896057128906,0.9463327370304114
935,257.39671993255615,0.4228326105047017,0.001749563217163086,0.00048761367797851564,0.00016591548919677734,0.960644007155635
940,258.8145568370819,0.12807147462153806,0.0015212535858154298,0.0008088350296020508,0.00014014244079589843,0.9677996422182469
945,260.1889669895172,0.4196729374642018,0.0014979839324951172,0.0007345199584960938,0.00013730525970458984,0.962432915921288
950,261.56124806404114,0.47756382351508364,0.001919126510620117,0.0003989219665527344,0.00016329288482666015,0.9534883720930233
955,262.931599855423,0.1600044085371337,0.0018603801727294922,0.0006314516067504883,0.00015180110931396485,0.962432915921288
960,264.3021399974823,0.1241193163674339,0.0021939754486083986,0.00022633075714111327,0.0001860380172729492,0.9722719141323792
965,265.68339586257935,0.21163057854428188,0.0017905712127685546,0.0004085063934326172,0.00017023086547851562,0.9740608228980322
970,267.05130791664124,0.3314104431177839,0.0020476818084716798,0.00038933753967285156,0.00017485618591308593,0.8872987477638641
975,268.4265410900116,0.19200445320429935,0.0015622615814208985,0.0007297277450561523,0.00015382766723632814,0.8631484794275492
980,269.8565628528595,0.44121621815338585,0.0018138408660888672,0.0004828214645385742,0.00016999244689941406,0.964221824686941
985,271.2134349346161,0.06841956186362949,0.0017728328704833985,0.0005619287490844727,0.00016355514526367188,0.9355992844364938
990,272.5845739841461,0.12031788584429819,0.0018958568572998047,0.00032460689544677734,0.00017940998077392578,0.9132379248658319
995,273.94812083244324,0.058831694257969504,0.0016265392303466796,0.0007249355316162109,0.0001478910446166992,0.8837209302325582
1000,275.3414509296417,0.5585349926666823,0.0018958568572998047,0.00032460689544677734,0.00018053054809570314,0.9418604651162791
1005,276.73880982398987,0.3349177342228359,0.0017085552215576171,0.0005667209625244141,0.00016210079193115234,0.9570661896243292
1010,278.1053147315979,0.0643176446005782,0.0018781185150146484,0.0004780292510986328,0.0001670360565185547,0.9508050089445438
1015,279.4742877483368,0.020218767851383747,0.0017961025238037109,0.0006362438201904297,0.00014102458953857422,0.943649373881932
1020,280.88819193840027,0.5279184002582383,0.0018781185150146484,0.0004780292510986328,0.0001651763916015625,0.9525939177101967
1025,282.25213384628296,0.08325262569487676,0.0018371105194091796,0.0005571365356445313,0.00015430450439453126,0.943649373881932
1030,283.6254849433899,0.10094188442744781,0.0018958568572998047,0.00032460689544677734,0.0001767873764038086,0.9293381037567084
1035,284.9966928958893,0.1367690045386553,0.001854848861694336,0.00040371417999267577,0.0001687288284301758,0.9347048300536672
1040,286.3590657711029,0.04043346276157678,0.0020476818084716798,0.00038933753967285156,0.0001594066619873047,0.9490161001788909
1045,287.72721099853516,0.8488141503098859,0.0014159679412841797,0.0008927345275878906,0.00012903213500976564,0.9543828264758497
1050,289.1072828769684,0.2293884092099688,0.001919126510620117,0.0003989219665527344,0.0001759052276611328,0.9508050089445438
1055,290.4869577884674,0.0987837826134637,0.0016032695770263673,0.0006506204605102539,0.00015234947204589844,0.9481216457960644
1060,291.8956837654114,0.31281204569877447,0.0017961025238037109,0.0006362438201904297,0.00015249252319335938,0.9132379248658319
1065,293.2734339237213,0.19096981202053484,0.001749563217163086,0.00048761367797851564,0.0001680135726928711,0.9150268336314848
1070,294.6445460319519,0.19381227836393577,0.0018781185150146484,0.0004780292510986328,0.00017142295837402344,0.9588550983899821
1075,296.01125597953796,0.06635127214085515,0.0017085552215576171,0.0005667209625244141,0.00016121864318847657,0.9588550983899821
1080,297.37537384033203,0.13491421236476525,0.0017085552215576171,0.0005667209625244141,0.0001617431640625,0.960644007155635
1085,298.7521479129791,0.07937289457563565,0.001538991928100586,0.0006554126739501953,0.0001578807830810547,0.9633273703041145
1090,300.12672209739685,0.6923529419766965,0.0017728328704833985,0.0005619287490844727,0.00016906261444091797,0.962432915921288
1095,301.4911699295044,0.11990354508164387,0.0018315792083740234,0.00032939910888671873,0.00018644332885742188,0.9186046511627907
1100,302.9102530479431,0.23249457587780284,0.001690816879272461,0.0007201433181762695,0.00014145374298095702,0.9168157423971377
1105,304.2646520137787,0.17515558571522122,0.0016265392303466796,0.0007249355316162109,0.00014400482177734375,0.9230769230769231
1110,305.6191608905792,0.45911836042072307,0.001919126510620117,0.0003989219665527344,0.00018193721771240235,0.9230769230769231
1115,306.990749835968,0.14554308220303938,0.0019423961639404297,0.00047323703765869143,0.00015652179718017578,0.9257602862254025
1120,308.3531539440155,1.876774176512845,0.0017961025238037109,0.0006362438201904297,0.00015344619750976563,0.9669051878354203
1125,309.7229907512665,0.13579591620800785,0.0018781185150146484,0.0004780292510986328,0.0001933574676513672,0.9669051878354203
1130,311.10071873664856,0.07112897649567458,0.0015622615814208985,0.0007297277450561523,0.00013773441314697267,0.9686940966010733
1135,312.47780203819275,0.3028097400558181,0.001919126510620117,0.0003989219665527344,0.00016281604766845703,0.9731663685152058
1140,313.89661478996277,0.2435521768954004,0.0019423961639404297,0.00047323703765869143,0.00016164779663085938,0.9731663685152058
1145,315.27231192588806,0.07696170175368025,0.0018138408660888672,0.0004828214645385742,0.00016562938690185548,0.9713774597495528
1150,316.64251494407654,0.23741296773659998,0.0018781185150146484,0.0004780292510986328,0.0001788616180419922,0.9731663685152058
1155,318.01641607284546,0.1224579814937897,0.0018138408660888672,0.0004828214645385742,0.00016458034515380858,0.9740608228980322
1160,319.383229970932,0.3831446938565932,0.0016265392303466796,0.0007249355316162109,0.00014641284942626954,0.9740608228980322
1165,320.7505829334259,0.03552540172968292,0.002111959457397461,0.0003845453262329102,0.0001711606979370117,0.9695885509838998
1170,322.1135139465332,0.054598477226682006,0.0016675472259521484,0.0006458282470703125,0.0001514434814453125,0.9669051878354203
1175,323.4839277267456,0.12230154204881387,0.001960134506225586,0.00031981468200683596,0.00016961097717285156,0.9552772808586762
1180,324.90084290504456,0.0715414439997403,0.002024412155151367,0.0003150224685668945,0.00018503665924072266,0.9534883720930233
1185,326.26248502731323,0.28274571626097894,0.001854848861694336,0.00040371417999267577,0.00016641616821289062,0.9579606440071556
1190,327.62929582595825,0.08244140341703314,0.0017318248748779297,0.000641036033630371,0.0001518726348876953,0.9740608228980322
1195,328.9984188079834,0.12045211626973469,0.0018371105194091796,0.0005571365356445313,0.000165557861328125,0.9749552772808586
1200,330.37221789360046,0.0530532528704498,0.001644277572631836,0.0005715131759643554,0.0001652240753173828,0.9740608228980322
1205,331.74181509017944,0.061427295878820586,0.001854848861694336,0.00040371417999267577,0.0001758575439453125,0.9740608228980322
1210,333.1120340824127,0.05617058242041821,0.001690816879272461,0.0007201433181762695,0.00013244152069091797,0.9740608228980322
1215,334.4869079589844,0.057247533742344106,0.0021939754486083986,0.00022633075714111327,0.00018205642700195313,0.9740608228980322
1220,335.88943099975586,0.045558953976978955,0.0020476818084716798,0.00038933753967285156,0.0001591920852661133,0.9731663685152058
1225,337.2561638355255,0.03774513016106766,0.0018781185150146484,0.0004780292510986328,0.0001996755599975586,0.9722719141323792
1230,338.62293577194214,0.6035266758816533,0.0018371105194091796,0.0005571365356445313,0.00015158653259277343,0.9713774597495528
1235,339.9867057800293,0.04425652475038078,0.0018781185150146484,0.0004780292510986328,0.00016732215881347655,0.9704830053667263
1240,341.3576099872589,0.046387116519974826,0.001749563217163086,0.00048761367797851564,0.0001608133316040039,0.9695885509838998
1245,342.7331199645996,0.2507004720973782,0.0019834041595458984,0.00039412975311279295,0.00016088485717773436,0.9669051878354203
1250,344.10730600357056,0.027194057428914675,0.0017728328704833985,0.0005619287490844727,0.0001502513885498047,0.9597495527728086
1255,345.47321796417236,0.20004231625648572,0.0018138408660888672,0.0004828214645385742,0.00015990734100341798,0.9516994633273703
1260,346.89055275917053,0.04202475707279518,0.001854848861694336,0.00040371417999267577,0.00018281936645507811,0.9508050089445438
1265,348.256609916687,0.2780213047983125,0.0016265392303466796,0.0007249355316162109,0.00014324188232421874,0.9212880143112702
1270,349.620974779129,0.6578004809911363,0.0016675472259521484,0.0006458282470703125,0.00015273094177246094,0.90608228980322
1275,350.9885907173157,0.450880797742866,0.0018958568572998047,0.00032460689544677734,0.000188446044921875,0.9481216457960644
1280,352.36548686027527,0.04280270394301766,0.0017318248748779297,0.000641036033630371,0.0001578807830810547,0.9579606440071556
1285,353.73352098464966,0.07129118149605347,0.0018371105194091796,0.0005571365356445313,0.00015506744384765624,0.9543828264758497
1290,355.0981047153473,0.23957278354791925,0.0016675472259521484,0.0006458282470703125,0.00015175342559814453,0.960644007155635
1295,356.4663739204407,0.1562265742570162,0.0016265392303466796,0.0007249355316162109,0.00015287399291992189,0.9651162790697675
1300,357.88653588294983,0.10728589668869973,0.0018315792083740234,0.00032939910888671873,0.00018634796142578126,0.9669051878354203
1305,359.2591481208801,0.12289699038534536,0.0018781185150146484,0.0004780292510986328,0.00017082691192626953,0.9713774597495528
1310,360.6247386932373,0.05057099930709228,0.0018138408660888672,0.0004828214645385742,0.00016720294952392577,0.9713774597495528
1315,361.9878578186035,0.04162896868074313,0.0016265392303466796,0.0007249355316162109,0.00013780593872070312,0.9722719141323792
1320,363.3634150028229,0.038557953329473094,0.001690816879272461,0.0007201433181762695,0.00014743804931640624,0.9722719141323792
1325,364.72907280921936,0.08573722175078728,0.001644277572631836,0.0005715131759643554,0.00016121864318847657,0.9713774597495528
1330,366.0863769054413,0.127909534284845,0.001919126510620117,0.0003989219665527344,0.00016667842864990235,0.9722719141323792
1335,367.4583909511566,0.06487730171802468,0.0018781185150146484,0.0004780292510986328,0.00016717910766601564,0.9713774597495528
1340,368.88148307800293,0.17280470545592835,0.0017085552215576171,0.0005667209625244141,0.00015480518341064452,0.9695885509838998
1345,370.2425808906555,0.029008007192715013,0.0017085552215576171,0.0005667209625244141,0.00015649795532226562,0.9749552772808586
1350,371.6162118911743,0.0826810194295831,0.0020476818084716798,0.00038933753967285156,0.0001826763153076172,0.9776386404293381
1355,372.98560214042664,0.040361812329501846,0.0019834041595458984,0.00039412975311279295,0.00018146038055419922,0.9776386404293381
1360,374.3542227745056,0.20918456478393638,0.0016675472259521484,0.0006458282470703125,0.00015366077423095703,0.9776386404293381
1365,375.7188868522644,0.33547563685569914,0.0018371105194091796,0.0005571365356445313,0.0001533985137939453,0.9803220035778175
1370,377.08686995506287,0.05485625050096132,0.001919126510620117,0.0003989219665527344,0.0001813650131225586,0.983005366726297
1375,378.4574468135834,0.052518196532764704,0.0017728328704833985,0.0005619287490844727,0.00016846656799316407,0.983005366726297
1380,379.8733608722687,0.0696432088734582,0.0018781185150146484,0.0004780292510986328,0.0001589059829711914,0.981216457960644
1385,381.21769976615906,0.045571760123610264,0.001749563217163086,0.00048761367797851564,0.0001670360565185547,0.9821109123434705
1390,382.58179473876953,0.07605387365547359,0.002024412155151367,0.0003150224685668945,0.00018088817596435548,0.981216457960644
1395,383.9547441005707,0.036216956517614564,0.0016675472259521484,0.0006458282470703125,0.0001634359359741211,0.9776386404293381
1400,385.32369089126587,0.05406519775569905,0.0018958568572998047,0.00032460689544677734,0.00018379688262939453,0.9776386404293381
1405,386.6889317035675,0.2990961890667677,0.0018138408660888672,0.0004828214645385742,0.00016398429870605468,0.983005366726297
1410,388.0606949329376,0.025909028260412015,0.001749563217163086,0.00048761367797851564,0.00017218589782714845,0.9883720930232558
1415,389.4260149002075,0.044131809815553424,0.0018371105194091796,0.0005571365356445313,0.0001682758331298828,0.9856887298747764
1420,390.843288898468,0.10961259355558468,0.0018371105194091796,0.0005571365356445313,0.00015337467193603515,0.9794275491949911
1425,392.281054019928,0.18859646118799134,0.0016852855682373048,0.0004924058914184571,0.00018930435180664062,0.9776386404293381
1430,393.65116691589355,0.1429078947757489,0.0018371105194091796,0.0005571365356445313,0.00016436576843261718,0.9856887298747764
1435,395.01240396499634,0.04762149424059743,0.0018781185150146484,0.0004780292510986328,0.00016329288482666015,0.9847942754919499
1440,396.3607077598572,0.013983729228402807,0.0016265392303466796,0.0007249355316162109,0.00014603137969970703,0.983005366726297
1445,397.7264919281006,0.04698811583220959,0.0018781185150146484,0.0004780292510986328,0.00014836788177490233,0.9847942754919499
1450,399.08909702301025,0.23493675491776572,0.0016032695770263673,0.0006506204605102539,0.00015616416931152344,0.8935599284436494
1455,400.4510588645935,0.24431472444039173,0.0016852855682373048,0.0004924058914184571,0.00016622543334960939,0.9105545617173524
1460,401.8578119277954,0.11471515837733932,0.0018371105194091796,0.0005571365356445313,0.00015614032745361328,0.9740608228980322
1465,403.2348721027374,0.11330563753008391,0.0016852855682373048,0.0004924058914184571,0.00017464160919189453,0.9525939177101967
1470,404.60276985168457,0.4151417021873499,0.0019423961639404297,0.00047323703765869143,0.00015709400177001953,0.9400715563506261
1475,405.96791195869446,0.5739649354492314,0.0018138408660888672,0.0004828214645385742,0.00015828609466552734,0.9686940966010733
1480,407.32055497169495,0.07330339660412619,0.0018138408660888672,0.0004828214645385742,0.0001636028289794922,0.9713774597495528
1485,408.69053292274475,0.032527939277596826,0.0016675472259521484,0.0006458282470703125,0.0001529693603515625,0.9776386404293381
1490,410.0601649284363,0.06531938123516881,0.0017085552215576171,0.0005667209625244141,0.00015854835510253906,0.9713774597495528
1495,411.42175006866455,0.045338741433806715,0.0017085552215576171,0.0005667209625244141,0.0001497507095336914,0.9704830053667263
1500,412.82476592063904,0.05790188698745737,0.0015622615814208985,0.0007297277450561523,0.0001413106918334961,0.9713774597495528
1505,414.1855809688568,0.44630702778104026,0.0015622615814208985,0.0007297277450561523,0.0001399517059326172,0.9418604651162791
1510,415.54722785949707,0.18756569288672723,0.0019834041595458984,0.00039412975311279295,0.00016934871673583983,0.9722719141323792
1515,416.9015429019928,0.004212147207137207,0.0018603801727294922,0.0006314516067504883,0.00015175342559814453,0.9722719141323792
1520,418.2764708995819,0.02519155494082952,0.0021296977996826173,0.00023112297058105468,0.00019099712371826172,0.9731663685152058
1525,419.63537883758545,0.03260247186846641,0.0016852855682373048,0.0004924058914184571,0.00017287731170654297,0.9740608228980322
1530,420.99954104423523,0.2212692110100761,0.002006673812866211,0.00046844482421875,0.00016658306121826173,0.9767441860465116
1535,422.3701069355011,0.09633532915322576,0.0017085552215576171,0.0005667209625244141,0.00017087459564208985,0.9758497316636852
1540,423.77922677993774,0.09930462387448528,0.0016675472259521484,0.0006458282470703125,0.00015075206756591796,0.9767441860465116
1545,425.13659381866455,0.05738932974636697,0.001919126510620117,0.0003989219665527344,0.00017719268798828126,0.9749552772808586
1550,426.4808769226074,0.019042988734327082,0.001854848861694336,0.00040371417999267577,0.00017805099487304686,0.9731663685152058
1555,427.8460500240326,0.016883359039877633,0.0016032695770263673,0.0006506204605102539,0.00015444755554199218,0.9713774597495528
1560,429.21263885498047,0.02671839127433486,0.001960134506225586,0.00031981468200683596,0.00018558502197265624,0.9713774597495528
1565,430.5793058872223,0.014906289515813853,0.0016675472259521484,0.0006458282470703125,0.00015101432800292968,0.9713774597495528
1570,431.9571897983551,0.021285192581468947,0.0018138408660888672,0.0004828214645385742,0.00015714168548583985,0.9704830053667263
1575,433.315397977829,0.000869042622929328,0.0019656658172607423,0.0005475521087646484,0.00015769004821777343,0.9704830053667263
1580,434.72985792160034,0.197159989801105,0.0017728328704833985,0.0005619287490844727,0.00016868114471435547,0.9749552772808586
1585,436.07941603660583,0.020477129568223517,0.0019423961639404297,0.00047323703765869143,0.00017583370208740234,0.9311270125223614
1590,437.44842290878296,0.08291512019933407,0.0018315792083740234,0.00032939910888671873,0.0001827239990234375,0.9633273703041145
1595,438.81213998794556,0.01736824556155625,0.001749563217163086,0.00048761367797851564,0.0001652240753173828,0.9686940966010733
1600,440.17140793800354,0.0975603691216989,0.002006673812866211,0.00046844482421875,0.0001543283462524414,0.9794275491949911
1605,441.5395257472992,0.3664378113637284,0.0016265392303466796,0.0007249355316162109,0.00014128684997558594,0.9865831842576028
1610,442.90820503234863,0.048470937740069074,0.001749563217163086,0.00048761367797851564,0.00017735958099365234,0.9901610017889088
1615,444.2808618545532,0.01851479495817898,0.0017085552215576171,0.0005667209625244141,0.00016677379608154297,0.9901610017889088
1620,445.68585991859436,0.0663053844269598,0.0017318248748779297,0.000641036033630371,0.0001398324966430664,0.9910554561717353
1625,447.04567980766296,0.13804621709296044,0.0017728328704833985,0.0005619287490844727,0.0001661062240600586,0.9892665474060823
1630,448.4146239757538,0.021665830342681148,0.0017728328704833985,0.0005619287490844727,0.00014984607696533203,0.9892665474060823
1635,449.77393198013306,0.022491242334965023,0.001749563217163086,0.00048761367797851564,0.00016338825225830077,0.9874776386404294
1640,451.1238420009613,0.02468408069053112,0.0017085552215576171,0.0005667209625244141,0.00015850067138671874,0.9874776386404294
1645,452.48565888404846,0.016386302812327357,0.001644277572631836,0.0005715131759643554,0.00017609596252441407,0.9865831842576028
1650,453.85405802726746,0.01766663834461184,0.0017085552215576171,0.0005667209625244141,0.00016014575958251954,0.9865831842576028
1655,455.2164878845215,0.060307739302515984,0.001749563217163086,0.00048761367797851564,0.0001636505126953125,0.983005366726297
1660,456.6125419139862,0.01197731800142492,0.0017728328704833985,0.0005619287490844727,0.00015230178833007811,0.9794275491949911
1665,457.9651288986206,0.5326289917058432,0.0016498088836669922,0.000799250602722168,0.00012536048889160155,0.9767441860465116
1670,459.33588099479675,0.46338501243179164,0.0018138408660888672,0.0004828214645385742,0.00016193389892578126,0.9883720930232558
1675,460.6978409290314,0.26365675311535597,0.00215296745300293,0.0003054380416870117,0.00019257068634033204,0.9937388193202147
1680,462.0564317703247,0.14926118721014348,0.0017961025238037109,0.0006362438201904297,0.00013699531555175782,0.9928443649373881
1685,463.4300229549408,0.07187604813916551,0.0018138408660888672,0.0004828214645385742,0.00016951560974121094,0.9901610017889088
1690,464.78942489624023,0.011829868419989963,0.0014569759368896484,0.0008136272430419922,0.00012788772583007812,0.9847942754919499
1695,466.157418012619,0.22919456466042903,0.0019834041595458984,0.00039412975311279295,0.00017859935760498047,0.9856887298747764
1700,467.56929898262024,0.3011404004246742,0.0019423961639404297,0.00047323703765869143,0.00016303062438964843,0.9856887298747764
1705,468.9230899810791,0.03585114534983234,0.0018138408660888672,0.0004828214645385742,0.00016672611236572265,0.9928443649373881
1710,470.2812149524689,0.16849656035701913,0.0018781185150146484,0.0004780292510986328,0.00016694068908691407,0.9901610017889088
1715,471.64907789230347,0.029095156110747665,0.0018138408660888672,0.0004828214645385742,0.0001688718795776367,0.9892665474060823
1720,473.0057089328766,0.1429494913661756,0.0016265392303466796,0.0007249355316162109,0.00015077590942382812,0.9910554561717353
1725,474.36998987197876,0.008611021191006785,0.002006673812866211,0.00046844482421875,0.00016574859619140626,0.9946332737030411
1730,475.728866815567,0.09185373098753757,0.0017728328704833985,0.0005619287490844727,0.00015463829040527344,0.9928443649373881
1735,477.0932779312134,0.01245429590344429,0.001960134506225586,0.00031981468200683596,0.0001842498779296875,0.9919499105545617
1740,478.5013179779053,0.02443619053810835,0.002065420150756836,0.0002359151840209961,0.00019040107727050782,0.9847942754919499
1745,479.85944294929504,0.012260736872121925,0.0018138408660888672,0.0004828214645385742,0.0001645326614379883,0.9847942754919499
1750,481.224417924881,0.04276148992939852,0.0018371105194091796,0.0005571365356445313,0.00016472339630126953,0.9821109123434705
1755,482.594899892807,0.012834136009490748,0.0017728328704833985,0.0005619287490844727,0.0001553058624267578,0.9785330948121646
1760,483.9494059085846,0.011989153274062404,0.001644277572631836,0.0005715131759643554,0.0001578807830810547,0.9740608228980322
1765,485.3275430202484,0.012539031263442269,0.001749563217163086,0.00048761367797851564,0.00016417503356933594,0.9713774597495528
1770,486.6761429309845,0.010095632889715489,0.0018603801727294922,0.0006314516067504883,0.00015048980712890626,0.9713774597495528
1775,488.04297494888306,0.01304829020082252,0.0021296977996826173,0.00023112297058105468,0.00018062591552734376,0.9713774597495528
1780,489.4522759914398,0.00821476369164884,0.0020476818084716798,0.00038933753967285156,0.00017066001892089843,0.9713774597495528
1785,490.8085629940033,0.004630903286307842,0.0018371105194091796,0.0005571365356445313,0.0001534700393676758,0.9713774597495528
1790,492.16907382011414,0.012395342963284862,0.0018138408660888672,0.0004828214645385742,0.0001567840576171875,0.9704830053667263
1795,493.5222227573395,0.006029741649741993,0.0019423961639404297,0.00047323703765869143,0.00017201900482177734,0.9704830053667263
1800,494.8867018222809,0.008110905183686156,0.0017085552215576171,0.0005667209625244141,0.00015909671783447265,0.9704830053667263
1805,496.2438118457794,0.008913282243884168,0.001919126510620117,0.0003989219665527344,0.00016753673553466798,0.9677996422182469
1810,497.6115961074829,0.00446407768293966,0.0018371105194091796,0.0005571365356445313,0.0001686573028564453,0.9669051878354203
1815,498.9786560535431,0.028464578115416826,0.0017905712127685546,0.0004085063934326172,0.00018999576568603515,0.9821109123434705
1820,500.38736486434937,0.00623654494120558,0.0017728328704833985,0.0005619287490844727,0.00016336441040039064,0.9847942754919499
1825,501.7492790222168,0.08840813898714259,0.0017318248748779297,0.000641036033630371,0.00015664100646972656,0.9543828264758497
1830,503.10545897483826,0.5322268590291515,0.0017085552215576171,0.0005667209625244141,0.0001699686050415039,0.9499105545617174
1835,504.47906470298767,0.4178578927050694,0.001960134506225586,0.00031981468200683596,0.0001899242401123047,0.9803220035778175
1840,505.83716678619385,0.006921398069276563,0.0015622615814208985,0.0007297277450561523,0.00015313625335693358,0.9883720930232558
1845,507.2011649608612,0.04813705445242249,0.001901388168334961,0.0005523443222045898,0.00015337467193603515,0.9910554561717353
1850,508.5521478652954,0.0623063968509129,0.0016675472259521484,0.0006458282470703125,0.00016009807586669922,0.9892665474060823
1855,509.97036600112915,0.009678325783988839,0.0015622615814208985,0.0007297277450561523,0.00016121864318847657,0.9883720930232558
1860,511.3822138309479,0.024701222778458033,0.0018958568572998047,0.00032460689544677734,0.00018432140350341797,0.9856887298747764
1865,512.7616019248962,0.035801091075336446,0.001919126510620117,0.0003989219665527344,0.00016946792602539061,0.9838998211091234
1870,514.1201238632202,0.057248289723793276,0.0017728328704833985,0.0005619287490844727,0.00018634796142578126,0.9865831842576028
1875,515.4845459461212,0.008060909948727612,0.0015212535858154298,0.0008088350296020508,0.00014047622680664064,0.9838998211091234
1880,516.8368928432465,0.01329457089304924,0.0017728328704833985,0.0005619287490844727,0.00015766620635986327,0.9821109123434705
1885,518.2017447948456,0.03561338924919255,0.0016675472259521484,0.0006458282470703125,0.00015540122985839843,0.981216457960644
1890,519.5820617675781,0.04337760279886993,0.001960134506225586,0.00031981468200683596,0.0001912355422973633,0.9767441860465116
1895,520.943596124649,0.031641056202352046,0.0018781185150146484,0.0004780292510986328,0.0001638174057006836,0.9758497316636852
1900,522.350781917572,0.025438359100496653,0.0017085552215576171,0.0005667209625244141,0.0001524209976196289,0.9758497316636852
1905,523.7172207832336,0.005057697528536664,0.0017728328704833985,0.0005619287490844727,0.0001636505126953125,0.9749552772808586
1910,525.0815749168396,0.03304782975465059,0.0019834041595458984,0.00039412975311279295,0.000164031982421875,0.9749552772808586
1915,526.4463639259338,0.013544933125433544,0.0019423961639404297,0.00047323703765869143,0.00016405582427978516,0.9758497316636852
1920,527.8139750957489,0.03548084739599204,0.0016675472259521484,0.0006458282470703125,0.00015501976013183595,0.9749552772808586
1925,529.1744120121002,0.40714075138921546,0.0018781185150146484,0.0004780292510986328,0.00017557144165039062,0.9776386404293381
1930,530.5397679805756,0.009910159985912515,0.0018138408660888672,0.0004828214645385742,0.0001591920852661133,0.9794275491949911
1935,531.9039490222931,0.015360471047462455,0.0019423961639404297,0.00047323703765869143,0.00016243457794189452,0.9776386404293381
1940,533.313720703125,0.038319005648918394,0.0017085552215576171,0.0005667209625244141,0.00015883445739746095,0.9847942754919499
1945,534.6748187541962,0.05514884693548083,0.001919126510620117,0.0003989219665527344,0.00017938613891601562,0.9847942754919499
1950,536.0304219722748,0.021823027021309827,0.0018958568572998047,0.00032460689544677734,0.00018053054809570314,0.981216457960644
1955,537.3983271121979,0.01538071495051554,0.0016675472259521484,0.0006458282470703125,0.00015869140625,0.981216457960644
1960,538.7686879634857,0.03059077225625657,0.001854848861694336,0.00040371417999267577,0.00018584728240966797,0.981216457960644
1965,540.1274991035461,0.10991090052993968,0.0018781185150146484,0.0004780292510986328,0.0001626253128051758,0.9838998211091234
1970,541.4789788722992,0.010905598290267448,0.0016852855682373048,0.0004924058914184571,0.00016536712646484376,0.9874776386404294
1975,542.8401730060577,0.02061018124223466,0.002006673812866211,0.00046844482421875,0.0001796722412109375,0.9856887298747764
1980,544.2521579265594,0.18977282293999737,0.0016675472259521484,0.0006458282470703125,0.0001527547836303711,0.9856887298747764
1985,545.5946698188782,0.17065071277729657,0.001749563217163086,0.00048761367797851564,0.00016324520111083985,0.964221824686941
1990,546.953122138977,0.0042755214967883145,0.0018781185150146484,0.0004780292510986328,0.0001540660858154297,0.9579606440071556
1995,548.316211938858,0.003446746044937754,0.0017318248748779297,0.000641036033630371,0.00015408992767333983,0.9499105545617174
2000,549.6882407665253,0.004670109365544306,0.0016675472259521484,0.0006458282470703125,0.00015857219696044922,0.947227191413238
2005,551.0545148849487,0.11001913062791573,0.0018781185150146484,0.0004780292510986328,0.00018274784088134766,0.9177101967799642
2010,552.410740852356,0.3765372973891502,0.0016032695770263673,0.0006506204605102539,0.00014772415161132813,0.8989266547406082
2015,553.7684438228607,1.3027761590790774,0.001749563217163086,0.00048761367797851564,0.00015866756439208984,0.909660107334526
2020,555.18031001091,0.007721505872905254,0.0018781185150146484,0.0004780292510986328,0.00016863346099853515,0.9445438282647585
2025,556.536367893219,0.1232848314646617,0.001644277572631836,0.0005715131759643554,0.00016732215881347655,0.9490161001788909
2030,557.9024000167847,0.7631354475461194,0.0018371105194091796,0.0005571365356445313,0.0001657247543334961,0.9588550983899821
2035,559.2655370235443,0.07216554091428548,0.001919126510620117,0.0003989219665527344,0.00017452239990234375,0.9561717352415027
2040,560.6356279850006,0.24804124487564252,0.0017905712127685546,0.0004085063934326172,0.0001802682876586914,0.9758497316636852
2045,561.9860668182373,0.07200498005841353,0.0016265392303466796,0.0007249355316162109,0.000145721435546875,0.9821109123434705
2050,563.3548579216003,0.1104198076413013,0.0017728328704833985,0.0005619287490844727,0.00016245841979980468,0.9731663685152058
2055,564.7174289226532,0.016104434928277556,0.0016032695770263673,0.0006506204605102539,0.00016217231750488282,0.9713774597495528
2060,566.138650894165,0.05727592272173752,0.0016032695770263673,0.0006506204605102539,0.00013811588287353515,0.9704830053667263
2065,567.4963388442993,0.28775481819238846,0.0015622615814208985,0.0007297277450561523,0.00013225078582763673,0.9731663685152058
2070,568.859041929245,0.08244138205191262,0.0020476818084716798,0.00038933753967285156,0.000168609619140625,0.9758497316636852
2075,570.2157349586487,0.047592354664823235,0.001901388168334961,0.0005523443222045898,0.00016164779663085938,0.9758497316636852
2080,571.5801160335541,0.02038276018574834,0.002024412155151367,0.0003150224685668945,0.0001844167709350586,0.9749552772808586
2085,572.9520378112793,0.46438631878338155,0.001749563217163086,0.00048761367797851564,0.00017542839050292968,0.9803220035778175
2090,574.3236260414124,0.3446069815661758,0.0019423961639404297,0.00047323703765869143,0.0001756906509399414,0.9856887298747764
2095,575.6832048892975,0.10568526569404639,0.0017085552215576171,0.0005667209625244141,0.00015876293182373046,0.9892665474060823
2100,577.0915389060974,0.11444062461651043,0.0018371105194091796,0.0005571365356445313,0.00015213489532470704,0.9892665474060823
2105,578.4535779953003,0.06878839216660708,0.0017905712127685546,0.0004085063934326172,0.00017180442810058594,0.9847942754919499
2110,579.8176848888397,0.012959349845391443,0.0018138408660888672,0.0004828214645385742,0.0001631021499633789,0.9883720930232558
2115,581.1780490875244,0.016413586487192332,0.0017085552215576171,0.0005667209625244141,0.00014750957489013673,0.9856887298747764
2120,582.5355548858643,0.027203262054808875,0.001854848861694336,0.00040371417999267577,0.00018079280853271483,0.9794275491949911
2125,583.9022810459137,0.007150428800389364,0.0017318248748779297,0.000641036033630371,0.00014641284942626954,0.9758497316636852
2130,585.2738029956818,0.10782176274806546,0.0017085552215576171,0.0005667209625244141,0.00016117095947265625,0.9847942754919499
2135,586.6413588523865,0.005142680034276736,0.002006673812866211,0.00046844482421875,0.0001577138900756836,0.9883720930232558
2140,588.0608057975769,0.015482386089206556,0.0018781185150146484,0.0004780292510986328,0.0001633167266845703,0.9856887298747764
2145,589.422376871109,0.11103317020461248,0.0019423961639404297,0.00047323703765869143,0.00016224384307861328,0.9883720930232558
2150,590.7880909442902,0.014663077518343925,0.0018315792083740234,0.00032939910888671873,0.00018062591552734376,0.9874776386404294
2155,592.1496629714966,0.007679738450680418,0.0017085552215576171,0.0005667209625244141,0.00016672611236572265,0.9856887298747764
2160,593.5197238922119,0.03223704214069585,0.0019423961639404297,0.00047323703765869143,0.00015857219696044922,0.9856887298747764
2165,594.881227016449,0.28488735115552116,0.0017318248748779297,0.000641036033630371,0.0001577138900756836,0.9874776386404294
2170,596.2403810024261,0.03386380179636035,0.0016032695770263673,0.0006506204605102539,0.0001632213592529297,0.9856887298747764
2175,597.6127970218658,0.00827508575922593,0.0017085552215576171,0.0005667209625244141,0.00014591217041015625,0.9856887298747764
2180,599.0152208805084,0.055675584729760884,0.0017728328704833985,0.0005619287490844727,0.0001642465591430664,0.9874776386404294
2185,600.3733658790588,0.06994647039106212,0.0017728328704833985,0.0005619287490844727,0.0001508951187133789,0.9874776386404294
2190,601.7374079227448,0.017139581642550184,0.0018138408660888672,0.0004828214645385742,0.00015795230865478516,0.9874776386404294
2195,603.0935778617859,0.011211539898192768,0.0017728328704833985,0.0005619287490844727,0.00014503002166748046,0.9874776386404294
2200,604.4567539691925,0.034035512991385984,0.0016852855682373048,0.0004924058914184571,0.00016620159149169922,0.9874776386404294
2205,605.8059668540955,0.008814730478934506,0.0015622615814208985,0.0007297277450561523,0.0001508474349975586,0.9856887298747764
2210,607.1774327754974,0.0151981402348639,0.001854848861694336,0.00040371417999267577,0.00016973018646240234,0.9856887298747764
2215,608.5461440086365,0.008577963989239379,0.0017085552215576171,0.0005667209625244141,0.00016684532165527343,0.9856887298747764
2220,609.960343837738,0.03303121719509505,0.0017728328704833985,0.0005619287490844727,0.0001611471176147461,0.9856887298747764
2225,611.316162109375,0.6334676992150946,0.0016498088836669922,0.000799250602722168,0.0001270294189453125,0.9856887298747764
2230,612.6838829517365,0.027207913958444862,0.001919126510620117,0.0003989219665527344,0.0001615285873413086,0.9847942754919499
2235,614.0429158210754,0.19114672113209963,0.0019423961639404297,0.00047323703765869143,0.00015709400177001953,0.9883720930232558
2240,615.421942949295,0.04935334904313891,0.0018371105194091796,0.0005571365356445313,0.00017495155334472655,0.9892665474060823
2245,616.818708896637,0.04923956757413066,0.0018138408660888672,0.0004828214645385742,0.00017008781433105468,0.9883720930232558
2250,618.1874120235443,0.01102178759848016,0.0015622615814208985,0.0007297277450561523,0.00013978481292724608,0.9874776386404294
2255,619.6738979816437,0.17692118408170926,0.001919126510620117,0.0003989219665527344,0.00016956329345703126,0.9901610017889088
2260,621.1446409225464,0.0648278066335493,0.001901388168334961,0.0005523443222045898,0.0001592397689819336,0.9597495527728086
2265,622.5452208518982,0.0198885330001076,0.0018138408660888672,0.0004828214645385742,0.0001686573028564453,0.9910554561717353
2270,623.9693577289581,0.16593488380894997,0.0020476818084716798,0.00038933753967285156,0.00017299652099609376,0.9883720930232558
2275,625.3834297657013,0.004307334498344062,0.0017085552215576171,0.0005667209625244141,0.00017502307891845704,0.983005366726297
2280,626.789571762085,0.25911945764078154,0.0017318248748779297,0.000641036033630371,0.0001512765884399414,0.9892665474060823
2285,628.2124600410461,0.00599879864603281,0.0019423961639404297,0.00047323703765869143,0.00016720294952392577,0.9910554561717353
2290,629.6312298774719,0.04849773382447893,0.0017728328704833985,0.0005619287490844727,0.00016791820526123046,0.9910554561717353
2295,631.0448009967804,0.019987659435736306,0.001960134506225586,0.00031981468200683596,0.00019063949584960938,0.9910554561717353
2300,632.513032913208,0.015597856582492398,0.001919126510620117,0.0003989219665527344,0.0001983642578125,0.9910554561717353
2305,633.9453468322754,0.04944074612430995,0.001919126510620117,0.0003989219665527344,0.00017175674438476562,0.9919499105545617
2310,635.370297908783,0.04623851628930424,0.0018138408660888672,0.0004828214645385742,0.0001739978790283203,0.9919499105545617
2315,636.7571878433228,0.016712117296174257,0.0017728328704833985,0.0005619287490844727,0.00015115737915039062,0.9892665474060823
2320,638.1474509239197,0.0056641699783540386,0.001644277572631836,0.0005715131759643554,0.00015676021575927734,0.9892665474060823
2325,639.5441317558289,0.010266162827679181,0.0017728328704833985,0.0005619287490844727,0.00016851425170898436,0.9847942754919499
2330,640.9472761154175,0.009693240001996627,0.001901388168334961,0.0005523443222045898,0.00016634464263916017,0.9785330948121646
2335,642.4004428386688,0.015872877067886294,0.0019834041595458984,0.00039412975311279295,0.0001995086669921875,0.9758497316636852
2340,643.8228018283844,0.014050729013979435,0.00215296745300293,0.0003054380416870117,0.0001813650131225586,0.9749552772808586
2345,645.1976358890533,0.013363303569713025,0.0018371105194091796,0.0005571365356445313,0.0001584768295288086,0.9749552772808586
2350,646.5676999092102,0.009409890344250016,0.001919126510620117,0.0003989219665527344,0.00017771720886230468,0.9731663685152058
2355,647.9388117790222,0.007565876929915305,0.0017318248748779297,0.000641036033630371,0.0001616239547729492,0.9731663685152058
2360,649.3146266937256,0.007092741155065596,0.001854848861694336,0.00040371417999267577,0.0001613140106201172,0.9704830053667263
2365,650.6772427558899,0.003196658960223431,0.0017728328704833985,0.0005619287490844727,0.00016126632690429687,0.9704830053667263
2370,652.0516119003296,0.02539563222126162,0.001919126510620117,0.0003989219665527344,0.00017361640930175782,0.9713774597495528
2375,653.4206318855286,0.006193705298977647,0.001854848861694336,0.00040371417999267577,0.00017955303192138672,0.9847942754919499
2380,654.8299899101257,0.005159494327381253,0.0017318248748779297,0.000641036033630371,0.00015637874603271484,0.9865831842576028
2385,656.1929819583893,0.0037620275106746703,0.0017728328704833985,0.0005619287490844727,0.00015401840209960938,0.9865831842576028
2390,657.5592849254608,0.0156892715662309,0.001644277572631836,0.0005715131759643554,0.00015969276428222655,0.9865831842576028
2395,658.9283277988434,0.010073928297163092,0.002024412155151367,0.0003150224685668945,0.0001749753952026367,0.9865831842576028
2400,660.2974610328674,0.002126694587059319,0.0014159679412841797,0.0008927345275878906,0.0001276254653930664,0.9865831842576028
2405,661.6745119094849,0.026682575698941946,0.0019423961639404297,0.00047323703765869143,0.00015463829040527344,0.9865831842576028
2410,663.0490839481354,0.008196966422258357,0.0016265392303466796,0.0007249355316162109,0.0001522064208984375,0.9865831842576028
2415,664.4046819210052,0.00970859862964204,0.001644277572631836,0.0005715131759643554,0.00016133785247802735,0.9865831842576028
2420,665.8133718967438,0.006085874416748993,0.001919126510620117,0.0003989219665527344,0.0001764059066772461,0.9865831842576028
2425,667.2067337036133,0.01161477975549019,0.001854848861694336,0.00040371417999267577,0.00017733573913574218,0.9865831842576028
2430,668.6239728927612,0.004661095062886034,0.0018138408660888672,0.0004828214645385742,0.00016055107116699218,0.9865831842576028
2435,670.0744597911835,4.0895433022569706e-05,0.0015445232391357421,0.0008831501007080078,0.0001394510269165039,0.9865831842576028
2440,671.5710380077362,0.004357962639915058,0.0016675472259521484,0.0006458282470703125,0.0001867532730102539,0.9865831842576028
2445,673.067352771759,0.011891012126579881,0.0018138408660888672,0.0004828214645385742,0.00017533302307128906,0.9865831842576028
2450,674.4544129371643,0.008467146048496943,0.0018138408660888672,0.0004828214645385742,0.00017461776733398437,0.9865831842576028
2455,675.8733587265015,0.009354344803432469,0.001919126510620117,0.0003989219665527344,0.0001827239990234375,0.9865831842576028
2460,677.3526787757874,0.010733754828106613,0.0017085552215576171,0.0005667209625244141,0.00017328262329101561,0.9865831842576028
2465,678.977835893631,0.0015464960632471047,0.0019423961639404297,0.00047323703765869143,0.00020303726196289063,0.9865831842576028
2470,680.4787759780884,0.014791509043425322,0.0019834041595458984,0.00039412975311279295,0.00019788742065429688,0.9865831842576028
2475,682.070681810379,0.004399435967218324,0.0017728328704833985,0.0005619287490844727,0.00019750595092773437,0.9865831842576028
2480,683.5768167972565,0.04695324148051583,0.0017728328704833985,0.0005619287490844727,0.00017156600952148438,0.9865831842576028
2485,685.0200510025024,0.3494419577881672,0.0018138408660888672,0.0004828214645385742,0.00017626285552978515,0.9901610017889088
2490,686.4549357891083,0.0033402599059627392,0.0018371105194091796,0.0005571365356445313,0.00016143321990966797,0.9919499105545617
2495,687.9984378814697,0.007424551283475011,0.0019834041595458984,0.00039412975311279295,0.00018219947814941407,0.9928443649373881
2500,689.4931988716125,0.0052184763249101705,0.0016032695770263673,0.0006506204605102539,0.00015840530395507812,0.9910554561717353
2505,690.9034900665283,0.01944758216268383,0.002024412155151367,0.0003150224685668945,0.0001920461654663086,0.9919499105545617
2510,692.3474168777466,0.12148420276207617,0.001749563217163086,0.00048761367797851564,0.0001595020294189453,0.9937388193202147
2515,693.8082890510559,0.005654916766980022,0.0017728328704833985,0.0005619287490844727,0.00017914772033691406,0.9919499105545617
2520,695.2422757148743,0.026075316828791984,0.0017905712127685546,0.0004085063934326172,0.00018513202667236328,0.9910554561717353
2525,696.7216730117798,0.04504389981739223,0.0019834041595458984,0.00039412975311279295,0.00018093585968017578,0.9910554561717353
2530,698.234375,0.004010418287361972,0.001644277572631836,0.0005715131759643554,0.00016546249389648438,0.9901610017889088
2535,699.6436429023743,0.0024722887588723096,0.0019423961639404297,0.00047323703765869143,0.00016632080078125,0.9901610017889088
2540,701.1286437511444,0.03424853748296073,0.0017728328704833985,0.0005619287490844727,0.00016930103302001954,0.9901610017889088
2545,702.5903220176697,0.09162725992464402,0.001749563217163086,0.00048761367797851564,0.00017702579498291016,0.9919499105545617
2550,704.0498261451721,0.004480591283208923,0.0018781185150146484,0.0004780292510986328,0.00017838478088378907,0.9892665474060823
2555,705.5083200931549,0.003478538210242732,0.0017318248748779297,0.000641036033630371,0.0001648426055908203,0.9901610017889088
2560,706.932030916214,0.0016088898358702862,0.0017318248748779297,0.000641036033630371,0.00015311241149902345,0.9874776386404294
2565,708.3528320789337,0.1287621571158553,0.0017085552215576171,0.0005667209625244141,0.0001569032669067383,0.9499105545617174
2570,709.7751259803772,0.0566425858661205,0.001644277572631836,0.0005715131759643554,0.00015437602996826172,0.8881932021466905
2575,711.1854629516602,0.2722284226329748,0.0017728328704833985,0.0005619287490844727,0.0001625537872314453,0.9490161001788909
2580,712.6637609004974,0.003201437417328634,0.0017728328704833985,0.0005619287490844727,0.0001619577407836914,0.9633273703041145
2585,714.0890288352966,0.007156868884339929,0.0017905712127685546,0.0004085063934326172,0.00018422603607177735,0.9660107334525939
2590,715.5303387641907,0.19555178025038913,0.0017961025238037109,0.0006362438201904297,0.00015842914581298828,0.9946332737030411
2595,716.9500069618225,0.04564335407048929,0.001960134506225586,0.00031981468200683596,0.000183868408203125,0.9910554561717353
2600,718.3576567173004,0.007433447142102523,0.001644277572631836,0.0005715131759643554,0.00016338825225830077,0.9901610017889088
2605,719.7692549228668,0.018910831308107844,0.0017728328704833985,0.0005619287490844727,0.00016026496887207032,0.9901610017889088
2610,721.1647479534149,0.0020815221189423028,0.0016675472259521484,0.0006458282470703125,0.0001497983932495117,0.9901610017889088
2615,722.5710217952728,0.0022108413047703833,0.0016675472259521484,0.0006458282470703125,0.00015702247619628907,0.9883720930232558
2620,724.0146150588989,0.017439052380723297,0.001538991928100586,0.0006554126739501953,0.0001591205596923828,0.9901610017889088
2625,725.408273935318,0.33253353289331355,0.0016675472259521484,0.0006458282470703125,0.00015707015991210936,0.9901610017889088
2630,726.7689368724823,0.03351132545213886,0.002006673812866211,0.00046844482421875,0.00015785694122314454,0.9901610017889088
2635,728.1357779502869,0.022987947505316696,0.0019423961639404297,0.00047323703765869143,0.00016963481903076172,0.9901610017889088
2640,729.5054929256439,0.0038375799240384367,0.001919126510620117,0.0003989219665527344,0.00016798973083496094,0.9901610017889088
2645,730.8800549507141,0.11696442168322392,0.001919126510620117,0.0003989219665527344,0.0001745462417602539,0.9910554561717353
2650,732.2481589317322,0.0018021141864664968,0.0018371105194091796,0.0005571365356445313,0.00015854835510253906,0.9901610017889088
2655,733.702957868576,0.15848469057236797,0.0018138408660888672,0.0004828214645385742,0.0001819133758544922,0.9910554561717353
2660,735.1361248493195,0.014292277053027647,0.0016675472259521484,0.0006458282470703125,0.00015625953674316406,0.9910554561717353
2665,736.5088019371033,0.0149197186235142,0.001960134506225586,0.00031981468200683596,0.000173187255859375,0.9901610017889088
2670,737.8802680969238,0.003242037724714919,0.0017085552215576171,0.0005667209625244141,0.00017220973968505858,0.9901610017889088
2675,739.2497899532318,0.004709772931539647,0.001749563217163086,0.00048761367797851564,0.00017883777618408204,0.9901610017889088
2680,740.6183381080627,0.01884808992056719,0.001749563217163086,0.00048761367797851564,0.00015897750854492186,0.9901610017889088
2685,741.9891541004181,0.0026431287671584867,0.0017728328704833985,0.0005619287490844727,0.00016977787017822266,0.9901610017889088
2690,743.3516507148743,0.032643525037792644,0.0017318248748779297,0.000641036033630371,0.00015604496002197266,0.9901610017889088
2695,744.7203330993652,0.0015630999580594108,0.0019423961639404297,0.00047323703765869143,0.00017282962799072265,0.9901610017889088
2700,746.1518778800964,0.0021311067717761033,0.0019423961639404297,0.00047323703765869143,0.00015921592712402343,0.9901610017889088
2705,747.5213377475739,0.023974913056008518,0.001919126510620117,0.0003989219665527344,0.0001771688461303711,0.9892665474060823
2710,748.8917350769043,0.0029165600237320176,0.001854848861694336,0.00040371417999267577,0.00016472339630126953,0.9892665474060823
2715,750.2691330909729,0.0029784882455714977,0.001749563217163086,0.00048761367797851564,0.00017390251159667968,0.9892665474060823
2720,751.6376368999481,0.01336060003422972,0.0018371105194091796,0.0005571365356445313,0.00014483928680419922,0.9892665474060823
2725,753.0116038322449,0.2020321553646795,0.0017728328704833985,0.0005619287490844727,0.0001628398895263672,0.9919499105545617
2730,754.3721578121185,0.025216707720230148,0.0016032695770263673,0.0006506204605102539,0.0001417398452758789,0.9928443649373881
2735,755.7351818084717,0.0015886655477686418,0.0017318248748779297,0.000641036033630371,0.00015401840209960938,0.9937388193202147
2740,757.1609899997711,0.04970747246406972,0.0017728328704833985,0.0005619287490844727,0.00016150474548339843,0.9937388193202147
2745,758.526172876358,0.025111477557220496,0.0018138408660888672,0.0004828214645385742,0.00016701221466064453,0.9901610017889088
2750,759.8908700942993,0.005347826441175129,0.0018138408660888672,0.0004828214645385742,0.00015954971313476564,0.9892665474060823
2755,761.2581419944763,0.00436831330880807,0.0016675472259521484,0.0006458282470703125,0.00016286373138427735,0.9892665474060823
2760,762.6316919326782,0.009225821215665064,0.001644277572631836,0.0005715131759643554,0.00016787052154541016,0.9892665474060823
2765,763.9908108711243,0.00272571477398742,0.0016675472259521484,0.0006458282470703125,0.00015001296997070314,0.9874776386404294
2770,765.3575737476349,0.00421621316636589,0.0018958568572998047,0.00032460689544677734,0.00018186569213867186,0.9874776386404294
2775,766.7281489372253,0.004675926739584213,0.0016675472259521484,0.0006458282470703125,0.00014278888702392578,0.9874776386404294
2780,768.1478478908539,0.00953696775250279,0.0016675472259521484,0.0006458282470703125,0.0001455545425415039,0.9874776386404294
2785,769.502534866333,0.6649895111098886,0.0017318248748779297,0.000641036033630371,0.00014314651489257812,0.9901610017889088
2790,770.8836169242859,0.027747895547145164,0.0019834041595458984,0.00039412975311279295,0.00017757415771484374,0.9946332737030411
2795,772.2492458820343,0.07933719132561379,0.001901388168334961,0.0005523443222045898,0.00017070770263671875,0.9955277280858676