#{"solver": {"engine": {"type": "ExactEngine"}, "semiring": "GraphSemiring"}, "networks": [{"name": "perc_net_version_0_NeSy_2", "module": "AD_V0_NeSy_2_net(\n  (conv1): Conv2d(3, 6, kernel_size=(5, 5), stride=(1, 1))\n  (pool): MaxPool2d(kernel_size=2, stride=2, padding=0, dilation=1, ceil_mode=False)\n  (conv2): Conv2d(6, 16, kernel_size=(5, 5), stride=(1, 1))\n  (fc1): Linear(in_features=400, out_features=120, bias=True)\n  (fc2): Linear(in_features=120, out_features=84, bias=True)\n  (fc3): Linear(in_features=84, out_features=10, bias=True)\n  (softmax): Softmax(dim=-1)\n)", "optimizer": "Adam (\nParameter Group 0\n    amsgrad: False\n    betas: (0.9, 0.999)\n    capturable: False\n    differentiable: False\n    eps: 1e-08\n    foreach: None\n    fused: None\n    lr: 0.001\n    maximize: False\n    weight_decay: 0\n)", "k": null}], "program": "nn(perc_net_version_0_NeSy_2,[Img],X,[0, 1, 2, 3, 4, 5, 6, 7, 8, 9])::cell(Img,X).\nattention_boundary(X) :- X==4.\nattention_boundary(X) :- X==5.\nattention_boundary(X) :- X==6.\nenlarged_boundary(X) :- X==7.\nenlarged_boundary(X) :- X==8.\nout_of_view(X) :- X==0; X==1; X==2; X==3; X==9.\naction(Img,1) :- cell(Img,X1), attention_boundary(X1).\naction(Img,2) :- cell(Img,X2), enlarged_boundary(X2), \\+action(Img,1).\naction(Img,0) :- cell(Img,X3), out_of_view(X3), \\+action(Img,2), \\+action(Img,1).\n"}
#Accuracy 0.9892665474060823
i,time,loss,ground_time,compile_time,eval_time,accuracy
5,0.07161426544189453,0.8478023111820221,0.005149126052856445,0.0014251708984375,0.001434016227722168,0.33989266547406083
10,1.9551091194152832,0.9410634219646454,0.00690009593963623,0.0018697261810302734,0.0015857458114624024,0.33989266547406083
15,3.862147092819214,1.1247736811637878,0.005844902992248535,0.0016731739044189454,0.0015868663787841797,0.33989266547406083
20,5.70166802406311,1.1378697454929352,0.005061674118041992,0.0015348434448242188,0.001631951332092285,0.33989266547406083
25,7.559014081954956,1.1319961071014404,0.005061674118041992,0.0015348434448242188,0.0016321420669555664,0.33989266547406083
30,9.552109003067017,0.9335142016410828,0.007683324813842774,0.002008056640625,0.0019380807876586913,0.33989266547406083
35,11.501743078231812,1.0328305065631866,0.0055892705917358395,0.0016331195831298829,0.0016363859176635742,0.33989266547406083
40,13.389316082000732,0.9763899743556976,0.007811141014099121,0.002028083801269531,0.0016576051712036133,0.33989266547406083
45,15.272838115692139,1.213430678844452,0.005317306518554688,0.0015748977661132813,0.0016330957412719726,0.33989266547406083
50,17.312036991119385,0.8405612349510193,0.007427692413330078,0.0019680023193359374,0.0018748044967651367,0.33989266547406083
55,19.25106716156006,1.214782530069351,0.004534077644348144,0.0014365673065185546,0.001616692543029785,0.33989266547406083
60,21.2555251121521,1.1052640974521637,0.005844902992248535,0.0016731739044189454,0.0015741586685180664,0.33989266547406083
65,23.238856077194214,1.0794856131076813,0.005844902992248535,0.0016731739044189454,0.0020790576934814455,0.33989266547406083
70,25.167009115219116,1.0987291395664216,0.005445122718811035,0.0015949249267578126,0.0016214609146118163,0.6386404293381037
75,27.160157203674316,1.0265961110591888,0.004406261444091797,0.0014165401458740234,0.001584005355834961,0.7459749552772809
80,29.078460216522217,0.8885812163352966,0.004534077644348144,0.0014365673065185546,0.0015960931777954102,0.3685152057245081
85,31.013158082962036,0.928527969121933,0.0075555086135864254,0.0019880294799804687,0.002088642120361328,0.6636851520572451
90,33.047446966171265,0.942928922176361,0.004406261444091797,0.0014165401458740234,0.0020345211029052734,0.6744186046511628
95,34.98520016670227,0.6575455516576767,0.004406261444091797,0.0014165401458740234,0.0016177892684936523,0.7423971377459749
100,36.91890811920166,0.7016031384468079,0.004917526245117187,0.0014966487884521484,0.0016130685806274414,0.8658318425760286
105,38.87883520126343,0.40076879288535566,0.00478971004486084,0.001476621627807617,0.0016342639923095704,0.6189624329159212
110,40.898171186447144,0.8006040528416634,0.006372499465942383,0.0017714500427246094,0.0016315937042236327,0.851520572450805
115,42.905503273010254,0.5075741225853563,0.0046618938446044925,0.0014565944671630859,0.0016751289367675781,0.7316636851520573
120,44.891165256500244,0.9415099024772644,0.0041342973709106445,0.0013583183288574218,0.001608872413635254,0.7710196779964222
125,46.79917526245117,0.8358340874314308,0.005700755119323731,0.001634979248046875,0.00169827938079834,0.8479427549194991
130,48.80933904647827,0.4460757650434971,0.005972719192504883,0.0016932010650634766,0.0016414165496826173,0.8747763864042933
135,50.75550413131714,0.3567513173446059,0.005445122718811035,0.0015949249267578126,0.001680278778076172,0.851520572450805
140,52.74090790748596,0.26087333157192916,0.006244683265686035,0.0017514228820800781,0.0020341396331787108,0.8211091234347049
145,54.800071239471436,0.2686343604698777,0.006372499465942383,0.0017714500427246094,0.0016267061233520507,0.778175313059034
150,56.79918313026428,0.47463905983604493,0.0055729389190673825,0.0016149520874023438,0.0016422271728515625,0.9033989266547406
155,58.72658395767212,0.15328648182330654,0.003606700897216797,0.0012600421905517578,0.0015870094299316405,0.8318425760286225
160,60.61027812957764,0.6650207319296897,0.005844902992248535,0.0016731739044189454,0.001928997039794922,0.8246869409660107
165,62.57828497886658,0.27779103983193637,0.00518949031829834,0.00155487060546875,0.001625204086303711,0.9087656529516994
170,64.51676797866821,0.5104329512221739,0.005445122718811035,0.0015949249267578126,0.0016937971115112305,0.9159212880143113
175,66.45320105552673,0.3660152008291334,0.005317306518554688,0.0015748977661132813,0.0016484260559082031,0.9141323792486583
180,68.35224485397339,0.3135752854403108,0.005717086791992188,0.001653146743774414,0.0016241073608398438,0.8926654740608229
185,70.26531600952148,0.18979449514299632,0.005844902992248535,0.0016731739044189454,0.00203094482421875,0.8658318425760286
190,72.1987099647522,0.15791475521400572,0.00518949031829834,0.00155487060546875,0.0015902757644653321,0.8586762075134168
195,74.08922410011292,0.45620112856850026,0.0046618938446044925,0.0014565944671630859,0.0015988588333129884,0.8676207513416816
200,76.08147311210632,0.44283888244826813,0.0046618938446044925,0.0014565944671630859,0.0016308069229125977,0.9123434704830053
205,78.01500415802002,0.1062560562742874,0.003878664970397949,0.0013182640075683593,0.0016398429870605469,0.9159212880143113
210,79.98169589042664,0.27663243520073594,0.006244683265686035,0.0017514228820800781,0.0016089677810668945,0.9141323792486583
215,81.91986918449402,0.3248911733251589,0.007811141014099121,0.002028083801269531,0.0016322374343872071,0.8926654740608229
220,83.87493014335632,0.389181068513426,0.005317306518554688,0.0015748977661132813,0.0019399404525756836,0.9123434704830053
225,85.88747119903564,0.37327038661460393,0.0075555086135864254,0.0019880294799804687,0.0020867347717285155,0.9087656529516994
230,87.82740211486816,0.1757707862481766,0.00650031566619873,0.0017914772033691406,0.0016428709030151367,0.8765652951699463
235,89.71222496032715,0.30304650126272464,0.004917526245117187,0.0014966487884521484,0.0015644550323486329,0.9499105545617174
240,91.6674280166626,0.14879384632804432,0.0061005353927612305,0.0017132282257080079,0.0016211509704589845,0.9427549194991055
245,93.64295220375061,0.41270954645588065,0.004006481170654297,0.0013382911682128906,0.0019285440444946288,0.9355992844364938
250,95.57302713394165,0.18503311217464216,0.005317306518554688,0.0015748977661132813,0.0019830942153930666,0.9409660107334525
255,97.41271591186523,0.293396718021495,0.0041342973709106445,0.0013583183288574218,0.0015564918518066405,0.9338103756708408
260,99.3633120059967,0.07952504354434495,0.0041342973709106445,0.0013583183288574218,0.0014967679977416991,0.9409660107334525
265,101.30035209655762,0.056561818781483454,0.005317306518554688,0.0015748977661132813,0.001505875587463379,0.9177101967799642
270,103.20961618423462,0.7823152296539775,0.005317306518554688,0.0015748977661132813,0.0015391826629638672,0.9588550983899821
275,105.10727429389954,0.2880147576332092,0.0055892705917358395,0.0016331195831298829,0.0015872001647949218,0.9409660107334525
280,106.94612503051758,0.174623201508075,0.004262113571166992,0.001378345489501953,0.0015913724899291992,0.9427549194991055
285,108.89127111434937,0.5310382080380804,0.005717086791992188,0.001653146743774414,0.0016425132751464843,0.9445438282647585
290,110.8112690448761,0.3143599868311867,0.00690009593963623,0.0018697261810302734,0.0016071081161499023,0.9570661896243292
295,112.62830209732056,0.09355026649081992,0.005844902992248535,0.0016731739044189454,0.0015689373016357423,0.960644007155635
300,114.54369020462036,0.39347181245393587,0.005061674118041992,0.0015348434448242188,0.0016089916229248048,0.9713774597495528
305,116.39478492736816,0.21005032027387643,0.005061674118041992,0.0015348434448242188,0.001871943473815918,0.9695885509838998
310,118.35694003105164,0.20096586057334206,0.007683324813842774,0.002008056640625,0.0017655849456787109,0.924865831842576
315,120.32457113265991,0.4603332562514254,0.0055892705917358395,0.0016331195831298829,0.0016294240951538086,0.8980322003577818
320,122.12427806854248,0.07497712169133593,0.007811141014099121,0.002028083801269531,0.0016285181045532227,0.8765652951699463
325,123.9528501033783,0.2327059216913085,0.005317306518554688,0.0015748977661132813,0.0014819860458374023,0.8676207513416816
330,125.90245509147644,0.0986970997772012,0.007427692413330078,0.0019680023193359374,0.0015272855758666991,0.8872987477638641
335,127.80334711074829,0.27781474281000557,0.004534077644348144,0.0014365673065185546,0.0015493154525756836,0.9069767441860465
340,129.73600316047668,0.32635058279557255,0.005844902992248535,0.0016731739044189454,0.0014945268630981445,0.9087656529516994
345,131.5791211128235,0.21632819938641318,0.005844902992248535,0.0016731739044189454,0.0016569852828979491,0.9266547406082289
350,133.51140213012695,0.03334423913256614,0.005445122718811035,0.0015949249267578126,0.0015289783477783203,0.9212880143112702
355,135.37526392936707,0.0809937852944131,0.004406261444091797,0.0014165401458740234,0.0015360593795776367,0.9212880143112702
360,137.21127796173096,0.1350624156572394,0.004534077644348144,0.0014365673065185546,0.0016002416610717773,0.9320214669051878
365,139.11617016792297,0.3015499030276317,0.0075555086135864254,0.0019880294799804687,0.0015425443649291991,0.9445438282647585
370,140.96619200706482,0.2218975645795581,0.004406261444091797,0.0014165401458740234,0.001844930648803711,0.9695885509838998
375,142.8705289363861,0.045109811931695276,0.004406261444091797,0.0014165401458740234,0.0015520334243774414,0.9785330948121646
380,144.73335695266724,0.14563200553529895,0.004917526245117187,0.0014966487884521484,0.0016149044036865234,0.9803220035778175
385,146.65396118164062,0.22137458427523599,0.00478971004486084,0.001476621627807617,0.0014710187911987304,0.9230769230769231
390,148.47450804710388,0.3234257555215663,0.006372499465942383,0.0017714500427246094,0.0015855789184570312,0.9212880143112702
395,150.31606602668762,0.26353080151420727,0.0046618938446044925,0.0014565944671630859,0.0017195701599121093,0.8711985688729875
400,152.18764305114746,0.12102234884066547,0.0041342973709106445,0.0013583183288574218,0.0015247344970703125,0.9499105545617174
405,154.1006109714508,0.029456378250824856,0.005700755119323731,0.001634979248046875,0.0015259265899658203,0.9105545617173524
410,155.85744500160217,0.18383616857247134,0.005972719192504883,0.0016932010650634766,0.0014891862869262696,0.9016100178890877
415,157.58426117897034,0.39446544151029456,0.005445122718811035,0.0015949249267578126,0.001294398307800293,0.9051878354203936
420,159.24748730659485,0.011229553982346374,0.006244683265686035,0.0017514228820800781,0.0013188838958740235,0.8926654740608229
425,160.9760181903839,0.01726395888332064,0.006372499465942383,0.0017714500427246094,0.0014948129653930664,0.8372093023255814
430,162.73686599731445,0.6907201021400396,0.0055729389190673825,0.0016149520874023438,0.0014973163604736328,0.9588550983899821
435,164.4945890903473,0.056070006134495996,0.003606700897216797,0.0012600421905517578,0.0014070510864257813,0.9212880143112702
440,166.23075199127197,0.1474132328678479,0.005844902992248535,0.0016731739044189454,0.00150606632232666,0.9087656529516994
445,167.92819619178772,0.12856608888158688,0.00518949031829834,0.00155487060546875,0.0014072418212890624,0.8962432915921288
450,169.83772206306458,0.2399744775421766,0.005445122718811035,0.0015949249267578126,0.0014114856719970703,0.9123434704830053
455,171.7398509979248,1.1221998538781919,0.005317306518554688,0.0015748977661132813,0.0014110803604125977,0.9355992844364938
460,173.59335589408875,0.20827429912314982,0.005717086791992188,0.001653146743774414,0.0015497446060180665,0.960644007155635
465,175.52120900154114,0.12339110056636855,0.005844902992248535,0.0016731739044189454,0.0016046762466430664,0.9588550983899821
470,177.45732808113098,0.08088304562406848,0.00518949031829834,0.00155487060546875,0.0017956256866455077,0.9481216457960644
475,179.43035101890564,0.15997835681700961,0.0046618938446044925,0.0014565944671630859,0.0015530586242675781,0.9445438282647585
480,181.37924599647522,0.3518232989430544,0.0046618938446044925,0.0014565944671630859,0.0022077083587646483,0.9445438282647585
485,183.2561891078949,0.026595195940171835,0.003878664970397949,0.0013182640075683593,0.001632380485534668,0.9534883720930233
490,185.20100903511047,0.16223325347675085,0.006244683265686035,0.0017514228820800781,0.0016475200653076171,0.9588550983899821
495,187.13202905654907,0.18671966451793195,0.007811141014099121,0.002028083801269531,0.001613783836364746,0.960644007155635
500,189.0279562473297,0.24148400601843606,0.005317306518554688,0.0015748977661132813,0.0019132137298583985,0.962432915921288
505,190.98071217536926,0.11276261777384207,0.0075555086135864254,0.0019880294799804687,0.0016653776168823243,0.9677996422182469
510,192.839271068573,0.1548772807377702,0.00650031566619873,0.0017914772033691406,0.0015561103820800782,0.9660107334525939
515,194.67581415176392,0.03133363756003291,0.004917526245117187,0.0014966487884521484,0.0019002914428710937,0.9588550983899821
520,196.6213240623474,0.060809442951267556,0.0061005353927612305,0.0017132282257080079,0.0015890121459960938,0.9570661896243292
525,198.4832501411438,0.25891866085949006,0.004006481170654297,0.0013382911682128906,0.0015743017196655274,0.962432915921288
530,200.35419511795044,0.09208827050460969,0.005317306518554688,0.0015748977661132813,0.0015229225158691407,0.9677996422182469
535,202.1229329109192,0.04209470961054649,0.0041342973709106445,0.0013583183288574218,0.001507711410522461,0.9713774597495528
540,203.89536929130554,0.05013573061956152,0.0041342973709106445,0.0013583183288574218,0.0017468452453613282,0.9713774597495528
545,205.77792930603027,0.011204150492321218,0.005317306518554688,0.0015748977661132813,0.0014262437820434571,0.9677996422182469
550,207.71547722816467,0.4169991227938226,0.005317306518554688,0.0015748977661132813,0.0014667987823486328,0.9695885509838998
555,209.45839500427246,0.33266147669855856,0.0055892705917358395,0.0016331195831298829,0.001637721061706543,0.9534883720930233
560,211.26172423362732,0.06337871130454005,0.004262113571166992,0.001378345489501953,0.0015562057495117187,0.9499105545617174
565,213.0440480709076,0.08563507510334603,0.005717086791992188,0.001653146743774414,0.0015383720397949218,0.9552772808586762
570,214.78174901008606,0.2650783412213286,0.00690009593963623,0.0018697261810302734,0.001422548294067383,0.9552772808586762
575,216.61898612976074,0.011264493415376364,0.005844902992248535,0.0016731739044189454,0.0015853643417358398,0.9177101967799642
580,218.52169609069824,0.40918287954991683,0.005061674118041992,0.0015348434448242188,0.0016026020050048829,0.9355992844364938
585,220.352468252182,0.11138987970898598,0.005061674118041992,0.0015348434448242188,0.0015362739562988282,0.9320214669051878
590,222.17091393470764,0.27657945837073045,0.007683324813842774,0.002008056640625,0.0015592575073242188,0.9320214669051878
595,224.06629610061646,0.018283240385608225,0.0055892705917358395,0.0016331195831298829,0.001793503761291504,0.9427549194991055
600,226.07197403907776,0.18084555081732107,0.007811141014099121,0.002028083801269531,0.0016042232513427735,0.9516994633273703
605,228.0358362197876,0.13269575843060152,0.005317306518554688,0.0015748977661132813,0.001517033576965332,0.9570661896243292
610,229.88030624389648,0.12457413184784087,0.007427692413330078,0.0019680023193359374,0.001961159706115723,0.9534883720930233
615,231.80225014686584,0.2337987884398899,0.004534077644348144,0.0014365673065185546,0.0015101909637451171,0.9499105545617174
620,233.69658303260803,0.172509556814839,0.005844902992248535,0.0016731739044189454,0.0018732070922851563,0.9552772808586762
625,235.55979013442993,0.13518740718726718,0.005844902992248535,0.0016731739044189454,0.0017661809921264648,0.9570661896243292
630,237.37402415275574,0.014718449199790484,0.005445122718811035,0.0015949249267578126,0.001499032974243164,0.9534883720930233
635,239.1932201385498,0.02025582434853277,0.004406261444091797,0.0014165401458740234,0.00185701847076416,0.9570661896243292
640,240.93802690505981,0.09163027807953768,0.004534077644348144,0.0014365673065185546,0.0013369321823120117,0.9445438282647585
645,242.7781331539154,0.24136391472791274,0.0075555086135864254,0.0019880294799804687,0.0014842033386230468,0.960644007155635
650,244.6014382839203,0.2381078448770495,0.004406261444091797,0.0014165401458740234,0.0015330553054809571,0.9713774597495528
655,246.38803911209106,0.025134310380599344,0.004406261444091797,0.0014165401458740234,0.001363229751586914,0.9749552772808586
660,248.313294172287,0.09117165262869094,0.004917526245117187,0.0014966487884521484,0.0017629623413085937,0.9749552772808586
665,250.2050120830536,0.26158544244891574,0.00478971004486084,0.001476621627807617,0.0014006853103637694,0.9785330948121646
670,252.02101492881775,0.11641219117491346,0.006372499465942383,0.0017714500427246094,0.0014848709106445312,0.964221824686941
675,253.79570508003235,0.1548675293995075,0.0046618938446044925,0.0014565944671630859,0.001397991180419922,0.962432915921288
680,255.62891006469727,0.1352003633712684,0.0041342973709106445,0.0013583183288574218,0.0014262676239013671,0.960644007155635
685,257.4194669723511,0.045233913404626944,0.005700755119323731,0.001634979248046875,0.0014967679977416991,0.962432915921288
690,259.17447900772095,0.04161980889403196,0.005972719192504883,0.0016932010650634766,0.0014462471008300781,0.9731663685152058
695,260.87489199638367,0.047104753042403046,0.005445122718811035,0.0015949249267578126,0.0013752222061157227,0.9713774597495528
700,262.66563606262207,0.06663178280740567,0.006244683265686035,0.0017514228820800781,0.0013249635696411133,0.9695885509838998
705,264.43053817749023,0.04211193251840086,0.006372499465942383,0.0017714500427246094,0.0014327049255371093,0.964221824686941
710,266.1719410419464,0.05907623764933305,0.0055729389190673825,0.0016149520874023438,0.0014765501022338868,0.964221824686941
715,267.92460012435913,0.2249740011346603,0.003606700897216797,0.0012600421905517578,0.0013631105422973633,0.9695885509838998
720,269.6635630130768,0.01835838118153248,0.005844902992248535,0.0016731739044189454,0.0014138936996459961,0.960644007155635
725,271.3537471294403,0.07495245689588899,0.00518949031829834,0.00155487060546875,0.0013806343078613282,0.9660107334525939
730,273.0354380607605,0.16714164642546053,0.005445122718811035,0.0015949249267578126,0.0013608932495117188,0.962432915921288
735,274.6902120113373,0.05337221225104401,0.005317306518554688,0.0015748977661132813,0.0013757944107055664,0.964221824686941
740,276.43982315063477,0.08279615579299389,0.005717086791992188,0.001653146743774414,0.0014280557632446289,0.964221824686941
745,278.1832571029663,0.06283129370213061,0.005844902992248535,0.0016731739044189454,0.001709294319152832,0.9660107334525939
750,279.88420128822327,0.025706639554812227,0.00518949031829834,0.00155487060546875,0.0012615680694580077,0.9713774597495528
755,281.58073902130127,0.08775335163363848,0.0046618938446044925,0.0014565944671630859,0.0013773679733276368,0.9713774597495528
760,283.34699630737305,0.05653287910290601,0.0046618938446044925,0.0014565944671630859,0.0013478755950927734,0.9767441860465116
765,285.0914981365204,0.08862052777637075,0.003878664970397949,0.0013182640075683593,0.0013652324676513671,0.9731663685152058
770,286.81057810783386,0.03169844260010564,0.006244683265686035,0.0017514228820800781,0.001504969596862793,0.9695885509838998
775,288.58064103126526,0.027879808649414174,0.007811141014099121,0.002028083801269531,0.0015167713165283204,0.9660107334525939
780,290.2918231487274,0.10599794531226507,0.005317306518554688,0.0015748977661132813,0.0018387794494628905,0.960644007155635
785,292.0202021598816,0.0213763894323165,0.0075555086135864254,0.0019880294799804687,0.0014878273010253905,0.9570661896243292
790,293.75267910957336,0.22725042121580827,0.00650031566619873,0.0017914772033691406,0.0014834403991699219,0.9570661896243292
795,295.53750228881836,0.007981980786372134,0.004917526245117187,0.0014966487884521484,0.001333761215209961,0.9552772808586762
800,297.35174107551575,0.008624522986066552,0.0061005353927612305,0.0017132282257080079,0.0013946771621704101,0.9516994633273703
805,299.0913450717926,0.22006030876365798,0.004006481170654297,0.0013382911682128906,0.0016066551208496094,0.9499105545617174
810,300.83734798431396,0.04547970192661523,0.005317306518554688,0.0015748977661132813,0.001452016830444336,0.962432915921288
815,302.63321805000305,0.01718593402779618,0.0041342973709106445,0.0013583183288574218,0.0013776779174804687,0.9516994633273703
820,304.2982749938965,0.026955276581249167,0.0041342973709106445,0.0013583183288574218,0.0014194488525390626,0.9499105545617174
825,306.02361011505127,0.0011073035904026085,0.005317306518554688,0.0015748977661132813,0.0013550519943237305,0.9355992844364938
830,307.6716060638428,0.6151226999294238,0.005317306518554688,0.0015748977661132813,0.0013222217559814454,0.9677996422182469
835,309.3640921115875,0.15850671574380612,0.0055892705917358395,0.0016331195831298829,0.0014232873916625976,0.9749552772808586
840,311.0844581127167,0.044992521520771336,0.004262113571166992,0.001378345489501953,0.0013548612594604492,0.9749552772808586
845,312.8439521789551,0.010357421311437066,0.005717086791992188,0.001653146743774414,0.0015720605850219726,0.9713774597495528
850,314.5389230251312,0.06912840619648009,0.00690009593963623,0.0018697261810302734,0.0014035224914550782,0.9713774597495528
855,316.2087080478668,0.0036588926538577483,0.005844902992248535,0.0016731739044189454,0.001446986198425293,0.9677996422182469
860,317.94244503974915,0.3534174544236521,0.005061674118041992,0.0015348434448242188,0.0014665365219116212,0.9713774597495528
865,319.6612060070038,0.05245557211574976,0.005061674118041992,0.0015348434448242188,0.0014182090759277343,0.9731663685152058
870,321.4449062347412,0.03466832319113564,0.007683324813842774,0.002008056640625,0.001506662368774414,0.9695885509838998
875,323.1340901851654,0.004757595107821544,0.0055892705917358395,0.0016331195831298829,0.001410222053527832,0.9677996422182469
880,324.87611722946167,0.12017137618891169,0.007811141014099121,0.002028083801269531,0.0016619443893432617,0.9588550983899821
885,326.6128959655762,0.08031458437447228,0.005317306518554688,0.0015748977661132813,0.0013532161712646485,0.9588550983899821
890,328.28415608406067,0.07626566403779052,0.007427692413330078,0.0019680023193359374,0.0015075206756591797,0.9516994633273703
895,330.07394194602966,0.21977486159303367,0.004534077644348144,0.0014365673065185546,0.0014229536056518555,0.9516994633273703
900,331.8485381603241,0.0331611273111875,0.005844902992248535,0.0016731739044189454,0.0015310287475585938,0.960644007155635
905,333.6220142841339,0.061021275943221556,0.005844902992248535,0.0016731739044189454,0.0014066457748413085,0.962432915921288
910,335.3782241344452,0.0028974215952658256,0.005445122718811035,0.0015949249267578126,0.001325702667236328,0.962432915921288
915,337.05349707603455,0.0042401565733598545,0.004406261444091797,0.0014165401458740234,0.0013248920440673828,0.962432915921288
920,338.71692419052124,0.08999841429213688,0.004534077644348144,0.0014365673065185546,0.0012955427169799804,0.9713774597495528
925,340.4452452659607,0.08194661130185636,0.0075555086135864254,0.0019880294799804687,0.0016385555267333985,0.9731663685152058
930,342.1738920211792,0.11924718685838798,0.004406261444091797,0.0014165401458740234,0.00174102783203125,0.9731663685152058
935,343.8842761516571,0.0026370811258850323,0.004406261444091797,0.0014165401458740234,0.0012865066528320312,0.9749552772808586
940,345.6265621185303,0.09930944503421699,0.004917526245117187,0.0014966487884521484,0.0012923002243041993,0.9803220035778175
945,347.33819222450256,0.19878037702295756,0.00478971004486084,0.001476621627807617,0.0016655921936035156,0.9803220035778175
950,348.9989581108093,0.027849356958303418,0.006372499465942383,0.0017714500427246094,0.0014270782470703126,0.9767441860465116
955,350.66009521484375,0.2064006688196997,0.0046618938446044925,0.0014565944671630859,0.001266312599182129,0.9499105545617174
960,352.47038102149963,0.07771518600735447,0.0041342973709106445,0.0013583183288574218,0.0014469385147094726,0.9785330948121646
965,354.2098422050476,0.00811789667105245,0.005700755119323731,0.001634979248046875,0.0015458345413208007,0.9785330948121646
970,355.92415499687195,0.007459228363672565,0.005972719192504883,0.0016932010650634766,0.0015784263610839843,0.9785330948121646
975,357.7516939640045,0.010417740215797267,0.005445122718811035,0.0015949249267578126,0.001352381706237793,0.9767441860465116
980,359.542090177536,0.030874721784509517,0.006244683265686035,0.0017514228820800781,0.001328110694885254,0.9821109123434705
985,361.2992482185364,0.016991488064257966,0.006372499465942383,0.0017714500427246094,0.0014556407928466796,0.9821109123434705
990,363.16889214515686,0.1064932907115761,0.0055729389190673825,0.0016149520874023438,0.0019549131393432617,0.9803220035778175
995,364.93877816200256,0.3047456805517982,0.003606700897216797,0.0012600421905517578,0.0012870311737060546,0.9785330948121646
1000,366.666659116745,0.007694609621859172,0.005844902992248535,0.0016731739044189454,0.0014034271240234374,0.9713774597495528
1005,368.38245701789856,0.030047846620331598,0.00518949031829834,0.00155487060546875,0.0012807846069335938,0.9731663685152058
1010,370.0842740535736,0.104946683373214,0.005445122718811035,0.0015949249267578126,0.001641535758972168,0.9713774597495528
1015,371.79301285743713,0.09693913892288464,0.005317306518554688,0.0015748977661132813,0.0016473293304443359,0.9713774597495528
1020,373.5874443054199,0.049440705218853506,0.005717086791992188,0.001653146743774414,0.00147552490234375,0.9660107334525939
1025,375.3084990978241,0.1768342038628859,0.005844902992248535,0.0016731739044189454,0.0013412952423095704,0.9266547406082289
1030,377.0532410144806,0.005736763524829769,0.00518949031829834,0.00155487060546875,0.0015862703323364258,0.9713774597495528
1035,378.86097502708435,0.22150706215700922,0.0046618938446044925,0.0014565944671630859,0.0016133785247802734,0.9713774597495528
1040,380.5338411331177,0.03955429637901631,0.0046618938446044925,0.0014565944671630859,0.0013102054595947265,0.9713774597495528
1045,382.27012300491333,0.3150499112366248,0.003878664970397949,0.0013182640075683593,0.0014933347702026367,0.9785330948121646
1050,384.0397801399231,0.009823966122729644,0.006244683265686035,0.0017514228820800781,0.0017662763595581055,0.964221824686941
1055,385.8061001300812,0.01098524126675784,0.007811141014099121,0.002028083801269531,0.0014597177505493164,0.962432915921288
1060,387.54306411743164,0.08589623595701709,0.005317306518554688,0.0015748977661132813,0.0014065027236938477,0.962432915921288
1065,389.2265200614929,0.0019416904441754922,0.0075555086135864254,0.0019880294799804687,0.0014401674270629883,0.9212880143112702
1070,390.9463143348694,0.024743694532749317,0.00650031566619873,0.0017914772033691406,0.0013576745986938477,0.9177101967799642
1075,392.68643021583557,0.018400847323994895,0.004917526245117187,0.0014966487884521484,0.0012495756149291993,0.9159212880143113
1080,394.2484951019287,0.0037387791708397345,0.0061005353927612305,0.0017132282257080079,0.0014800071716308595,0.9212880143112702
1085,395.81421422958374,0.32097253713291707,0.004006481170654297,0.0013382911682128906,0.0013972997665405273,0.9534883720930233
1090,397.496169090271,0.03675553085981846,0.005317306518554688,0.0015748977661132813,0.0013990163803100585,0.9463327370304114
1095,399.05784916877747,0.004877181878640613,0.0041342973709106445,0.0013583183288574218,0.0012346982955932617,0.9481216457960644
1100,400.66639518737793,0.053989911218013734,0.0041342973709106445,0.0013583183288574218,0.0013821125030517578,0.9391771019677997
1105,402.2342839241028,0.0015225520584877471,0.005317306518554688,0.0015748977661132813,0.0011857032775878906,0.9427549194991055
1110,403.7436170578003,0.2448610766956733,0.005317306518554688,0.0015748977661132813,0.001169443130493164,0.9409660107334525
1115,405.205934047699,0.10804302299852112,0.0055892705917358395,0.0016331195831298829,0.0012724876403808593,0.9660107334525939
1120,406.5721480846405,0.011488346561017692,0.004262113571166992,0.001378345489501953,0.0011592864990234374,0.9785330948121646
1125,407.9251592159271,0.009030861267228829,0.005717086791992188,0.001653146743774414,0.0012583732604980469,0.9803220035778175
1130,409.2626690864563,0.09570140657238539,0.00690009593963623,0.0018697261810302734,0.0012192010879516601,0.9749552772808586
1135,410.6027581691742,0.013719997464117738,0.005844902992248535,0.0016731739044189454,0.0012142658233642578,0.9749552772808586
1140,411.9506630897522,0.24270323638863828,0.005061674118041992,0.0015348434448242188,0.0012190818786621093,0.9785330948121646
1145,413.30229115486145,0.07863432865311068,0.005061674118041992,0.0015348434448242188,0.0012226581573486328,0.9785330948121646
1150,414.64642119407654,0.036793341000748825,0.007683324813842774,0.002008056640625,0.0012914896011352538,0.9767441860465116
1155,415.9856901168823,0.004549896474803461,0.0055892705917358395,0.0016331195831298829,0.001093435287475586,0.960644007155635
1160,417.3249809741974,0.12750055970886934,0.007811141014099121,0.002028083801269531,0.001236701011657715,0.9570661896243292
1165,418.6607789993286,0.18221659389683964,0.005317306518554688,0.0015748977661132813,0.0011725425720214844,0.9749552772808586
1170,420.0047652721405,0.06359450084273703,0.007427692413330078,0.0019680023193359374,0.0012923479080200195,0.9534883720930233
1175,421.3617808818817,0.24828481703209065,0.004534077644348144,0.0014365673065185546,0.0011978864669799805,0.9499105545617174
1180,422.7141580581665,0.013978055780184207,0.005844902992248535,0.0016731739044189454,0.0012364864349365234,0.960644007155635
1185,424.0955271720886,0.11307094150074662,0.005844902992248535,0.0016731739044189454,0.0012183427810668946,0.964221824686941
1190,425.43206214904785,0.0040807594774150855,0.005445122718811035,0.0015949249267578126,0.0011440277099609374,0.964221824686941
1195,426.7711532115936,0.0037080145106330063,0.004406261444091797,0.0014165401458740234,0.0011723756790161133,0.9677996422182469
1200,428.099406003952,0.13573347093599467,0.004534077644348144,0.0014365673065185546,0.0010848045349121094,0.9677996422182469
1205,429.43217301368713,0.09295265733180713,0.0075555086135864254,0.0019880294799804687,0.0012766361236572266,0.9785330948121646
1210,430.75640320777893,0.10623083610843195,0.004406261444091797,0.0014165401458740234,0.0011632680892944337,0.9821109123434705
1215,432.07610511779785,0.001528655667799228,0.004406261444091797,0.0014165401458740234,0.00112762451171875,0.9785330948121646
1220,433.38807225227356,0.09227185507841114,0.004917526245117187,0.0014966487884521484,0.0011388301849365235,0.9803220035778175
1225,434.6993262767792,0.09614635687322134,0.00478971004486084,0.001476621627807617,0.0010894536972045898,0.9803220035778175
1230,436.00642704963684,0.024162092538989554,0.006372499465942383,0.0017714500427246094,0.0012463808059692382,0.9821109123434705
1235,437.3093841075897,0.15556088703488058,0.0046618938446044925,0.0014565944671630859,0.0010580062866210938,0.9499105545617174
1240,438.60210514068604,0.08745042315265579,0.0041342973709106445,0.0013583183288574218,0.0010775327682495117,0.960644007155635
1245,439.90355610847473,0.008326944203008679,0.005700755119323731,0.001634979248046875,0.0010768413543701173,0.9767441860465116
1250,441.20215106010437,0.004964944482355804,0.005972719192504883,0.0016932010650634766,0.001165914535522461,0.9838998211091234
1255,442.5096459388733,0.004997203826496844,0.005445122718811035,0.0015949249267578126,0.0011086702346801759,0.9856887298747764
1260,443.8202600479126,0.044581336103878044,0.006244683265686035,0.0017514228820800781,0.0011254549026489258,0.9821109123434705
1265,445.12986612319946,0.023120530597299193,0.006372499465942383,0.0017714500427246094,0.0011796236038208007,0.9821109123434705
1270,446.44129824638367,0.04141711860625179,0.0055729389190673825,0.0016149520874023438,0.0011069297790527344,0.9803220035778175
1275,447.7500021457672,0.04535716854445866,0.003606700897216797,0.0012600421905517578,0.0010808706283569336,0.9838998211091234
1280,449.05731201171875,0.0034018626780436987,0.005844902992248535,0.0016731739044189454,0.0011287212371826171,0.9838998211091234
1285,450.4222791194916,0.039492817223163,0.00518949031829834,0.00155487060546875,0.0010919570922851562,0.9838998211091234
1290,451.7364809513092,0.04685972074223201,0.005445122718811035,0.0015949249267578126,0.0011717319488525391,0.9874776386404294
1295,453.0412211418152,0.018577071859499483,0.005317306518554688,0.0015748977661132813,0.0011224746704101562,0.9838998211091234
1300,454.34687519073486,0.059083756824247755,0.005717086791992188,0.001653146743774414,0.0011596918106079102,0.9749552772808586
1305,455.64633107185364,0.037194949727958004,0.005844902992248535,0.0016731739044189454,0.0011107683181762694,0.9785330948121646
1310,456.95106291770935,0.005845894759205805,0.00518949031829834,0.00155487060546875,0.0010565519332885742,0.9856887298747764
1315,458.25746297836304,0.14811775694485121,0.0046618938446044925,0.0014565944671630859,0.0010747432708740235,0.9570661896243292
1320,459.5466160774231,0.11976315220701964,0.0046618938446044925,0.0014565944671630859,0.001088094711303711,0.9713774597495528
1325,460.84417724609375,0.19405442499995046,0.003878664970397949,0.0013182640075683593,0.0010431528091430664,0.9856887298747764
1330,462.1425790786743,0.020451391105325456,0.006244683265686035,0.0017514228820800781,0.0012087345123291016,0.9838998211091234
1335,463.44807410240173,0.007359222142326871,0.007811141014099121,0.002028083801269531,0.0012372255325317383,0.9785330948121646
1340,464.77616930007935,0.09315823344514343,0.005317306518554688,0.0015748977661132813,0.0011830091476440429,0.9767441860465116
1345,466.08708906173706,0.022029197271582746,0.0075555086135864254,0.0019880294799804687,0.0011964082717895509,0.9534883720930233
1350,467.40474224090576,0.011457944830182499,0.00650031566619873,0.0017914772033691406,0.001224660873413086,0.9499105545617174
1355,468.7228262424469,0.002332419434867461,0.004917526245117187,0.0014966487884521484,0.0010304927825927734,0.9391771019677997
1360,470.04389214515686,0.0017674999932665969,0.0061005353927612305,0.0017132282257080079,0.001133894920349121,0.9338103756708408
1365,471.36915016174316,0.6742448360855647,0.004006481170654297,0.0013382911682128906,0.0012371301651000976,0.9481216457960644
1370,472.6864502429962,0.015112760395382452,0.005317306518554688,0.0015748977661132813,0.0011593103408813477,0.962432915921288
1375,473.99288606643677,0.0002897138780383557,0.0041342973709106445,0.0013583183288574218,0.00109100341796875,0.962432915921288
1380,475.33717107772827,0.052378065131819085,0.0041342973709106445,0.0013583183288574218,0.001113128662109375,0.9785330948121646
1385,476.6258909702301,0.00010113480598334945,0.005317306518554688,0.0015748977661132813,0.001055741310119629,0.9731663685152058
1390,477.9078960418701,0.19950335349975673,0.005317306518554688,0.0015748977661132813,0.0010981082916259766,0.9713774597495528
1395,479.1934812068939,0.4849533191140047,0.0055892705917358395,0.0016331195831298829,0.0012166261672973632,0.9695885509838998
1400,480.4739429950714,0.0007235881604863437,0.004262113571166992,0.001378345489501953,0.0010233640670776368,0.9767441860465116
1405,481.75828409194946,0.007826724352253933,0.005717086791992188,0.001653146743774414,0.0011890649795532227,0.9570661896243292
1410,483.04454612731934,0.6878554068273275,0.00690009593963623,0.0018697261810302734,0.0011830329895019531,0.9713774597495528
1415,484.34192514419556,0.005354028602259575,0.005844902992248535,0.0016731739044189454,0.0011682510375976562,0.9481216457960644
1420,485.66573214530945,0.39261903461238035,0.005061674118041992,0.0015348434448242188,0.0012565374374389649,0.9570661896243292
1425,487.0107891559601,0.06505692081223628,0.005061674118041992,0.0015348434448242188,0.0012459039688110351,0.9516994633273703
1430,488.40767097473145,0.38467505247717926,0.007683324813842774,0.002008056640625,0.0013159990310668945,0.9516994633273703
1435,489.81414318084717,0.015428686390914947,0.0055892705917358395,0.0016331195831298829,0.0011176586151123047,0.9695885509838998
1440,491.1881682872772,0.11786524579765115,0.007811141014099121,0.002028083801269531,0.0012845277786254882,0.9677996422182469
1445,492.56140303611755,0.03463592614845368,0.005317306518554688,0.0015748977661132813,0.0011772394180297851,0.960644007155635
1450,493.92788219451904,0.10955397174717092,0.007427692413330078,0.0019680023193359374,0.0012939691543579102,0.9695885509838998
1455,495.286700963974,0.1351988449074014,0.004534077644348144,0.0014365673065185546,0.0012095212936401368,0.9713774597495528
1460,496.6326961517334,0.03373892180390499,0.005844902992248535,0.0016731739044189454,0.0012839555740356446,0.9713774597495528
1465,497.9746689796448,0.050719018247082207,0.005844902992248535,0.0016731739044189454,0.0011913061141967773,0.9713774597495528
1470,499.31137013435364,0.007003867312627676,0.005445122718811035,0.0015949249267578126,0.001174592971801758,0.9713774597495528
1475,500.6420693397522,0.005667206698984728,0.004406261444091797,0.0014165401458740234,0.0011796951293945312,0.9713774597495528
1480,502.01754689216614,0.16061202380880174,0.004534077644348144,0.0014365673065185546,0.0010866641998291016,0.9749552772808586
1485,503.347540140152,0.08131689522270732,0.0075555086135864254,0.0019880294799804687,0.0012577056884765625,0.9821109123434705
1490,504.6770131587982,0.11309336425948402,0.004406261444091797,0.0014165401458740234,0.0012249231338500976,0.9856887298747764
1495,506.0016281604767,0.004235664987957933,0.004406261444091797,0.0014165401458740234,0.0010988235473632813,0.9803220035778175
1500,507.3275623321533,0.05939176550615173,0.004917526245117187,0.0014966487884521484,0.001121187210083008,0.9803220035778175
1505,508.64940214157104,0.24520615264859344,0.00478971004486084,0.001476621627807617,0.0010507345199584962,0.9838998211091234
1510,509.9677631855011,0.032960301550076565,0.006372499465942383,0.0017714500427246094,0.0012117147445678711,0.9838998211091234
1515,511.2837941646576,0.1318058652716033,0.0046618938446044925,0.0014565944671630859,0.001075601577758789,0.9803220035778175
1520,512.5928990840912,0.06028489536634822,0.0041342973709106445,0.0013583183288574218,0.0011389732360839843,0.9803220035778175
1525,513.9006628990173,0.005244227482779707,0.005700755119323731,0.001634979248046875,0.0010659933090209962,0.9838998211091234
1530,515.2033760547638,0.013504070049248185,0.005972719192504883,0.0016932010650634766,0.0011722326278686523,0.9838998211091234
1535,516.508955001831,0.00342794607168031,0.005445122718811035,0.0015949249267578126,0.001084113121032715,0.9838998211091234
1540,517.814295053482,0.03956884299114165,0.006244683265686035,0.0017514228820800781,0.0011268377304077149,0.9838998211091234
1545,519.1186079978943,0.025474254250384833,0.006372499465942383,0.0017714500427246094,0.00118560791015625,0.9838998211091234
1550,520.4282789230347,0.034285114387256496,0.0055729389190673825,0.0016149520874023438,0.0011061906814575195,0.9856887298747764
1555,521.730758190155,0.015726333655047144,0.003606700897216797,0.0012600421905517578,0.0010809898376464844,0.9874776386404294
1560,523.0380010604858,0.010862461079727836,0.005844902992248535,0.0016731739044189454,0.0011241436004638672,0.9874776386404294
1565,524.3402862548828,0.022138001769786798,0.00518949031829834,0.00155487060546875,0.001070713996887207,0.9874776386404294
1570,525.6439352035522,0.028438564630054942,0.005445122718811035,0.0015949249267578126,0.0011336803436279297,0.9856887298747764
1575,526.9790482521057,0.007604408073984814,0.005317306518554688,0.0015748977661132813,0.0011269807815551757,0.9856887298747764
1580,528.2695500850677,0.06129189765909047,0.005717086791992188,0.001653146743774414,0.0011765480041503907,0.9856887298747764
1585,529.5546851158142,0.038768411932695555,0.005844902992248535,0.0016731739044189454,0.0010984182357788087,0.9856887298747764
1590,530.834764957428,0.010295038127335943,0.00518949031829834,0.00155487060546875,0.001071333885192871,0.9874776386404294
1595,532.121495962143,0.13933354173177648,0.0046618938446044925,0.0014565944671630859,0.0010617733001708984,0.9838998211091234
1600,533.4143671989441,0.030028145490973657,0.0046618938446044925,0.0014565944671630859,0.0011270761489868164,0.9838998211091234
1605,534.7088851928711,0.004727245575872984,0.003878664970397949,0.0013182640075683593,0.0009882926940917968,0.9838998211091234
1610,535.9988641738892,0.04764480699126992,0.006244683265686035,0.0017514228820800781,0.0011934280395507813,0.9838998211091234
1615,537.297865152359,0.012869461112677527,0.007811141014099121,0.002028083801269531,0.0012597084045410157,0.9856887298747764
1620,538.5956101417542,0.08180607112590935,0.005317306518554688,0.0015748977661132813,0.0012006521224975585,0.9856887298747764
1625,539.8917789459229,0.04358192904057887,0.0075555086135864254,0.0019880294799804687,0.0012166023254394532,0.9874776386404294
1630,541.1917901039124,0.019263587832401185,0.00650031566619873,0.0017914772033691406,0.0012309551239013672,0.9874776386404294
1635,542.4861071109772,0.000627191742746902,0.004917526245117187,0.0014966487884521484,0.0010145902633666992,0.9821109123434705
1640,543.7902262210846,0.003346105411160494,0.0061005353927612305,0.0017132282257080079,0.0011176109313964845,0.9803220035778175
1645,545.0899722576141,0.19074837460007074,0.004006481170654297,0.0013382911682128906,0.0011388778686523438,0.9874776386404294
1650,546.3876819610596,0.0041412148553391145,0.005317306518554688,0.0015748977661132813,0.0011601686477661134,0.9803220035778175
1655,547.6821112632751,0.019809032449882125,0.0041342973709106445,0.0013583183288574218,0.001116800308227539,0.960644007155635
1660,548.9774980545044,0.28314008661364054,0.0041342973709106445,0.0013583183288574218,0.0010604143142700195,0.9570661896243292
1665,550.2728800773621,0.0004614822756032311,0.005317306518554688,0.0015748977661132813,0.0011401176452636719,0.9910554561717353
1670,551.5630099773407,0.08581022111030308,0.005317306518554688,0.0015748977661132813,0.0010892152786254883,0.9856887298747764
1675,552.9013431072235,0.19613529063065727,0.0055892705917358395,0.0016331195831298829,0.001211857795715332,0.9856887298747764
1680,554.1986532211304,0.0010093732711368374,0.004262113571166992,0.001378345489501953,0.00107879638671875,0.9821109123434705
1685,555.492906332016,0.004483616108018396,0.005717086791992188,0.001653146743774414,0.0012419462203979493,0.9821109123434705
1690,556.7990760803223,0.06651823190042024,0.00690009593963623,0.0018697261810302734,0.0011932849884033203,0.9821109123434705
1695,558.0873720645905,0.007275947783909942,0.005844902992248535,0.0016731739044189454,0.0011497259140014649,0.9821109123434705
1700,559.3867659568787,0.16944673976553873,0.005061674118041992,0.0015348434448242188,0.0011879444122314454,0.9821109123434705
1705,560.687783241272,0.05832512093112001,0.005061674118041992,0.0015348434448242188,0.0011981725692749023,0.9821109123434705
1710,561.9903841018677,0.03109338445186225,0.007683324813842774,0.002008056640625,0.001219034194946289,0.9821109123434705
1715,563.289922952652,0.004530578001871533,0.0055892705917358395,0.0016331195831298829,0.001081085205078125,0.9821109123434705
1720,564.5895011425018,0.12588714341072915,0.007811141014099121,0.002028083801269531,0.0012451171875,0.9838998211091234
1725,565.8834450244904,0.031076642617718874,0.005317306518554688,0.0015748977661132813,0.0011238336563110351,0.9838998211091234
1730,567.1842041015625,0.07090885941907032,0.007427692413330078,0.0019680023193359374,0.0012751579284667968,0.9821109123434705
1735,568.4869029521942,0.07893309617794131,0.004534077644348144,0.0014365673065185546,0.0011634349822998047,0.9821109123434705
1740,569.7829461097717,0.0042234090891724915,0.005844902992248535,0.0016731739044189454,0.0011911392211914062,0.9821109123434705
1745,571.0794310569763,0.026613653887841336,0.005844902992248535,0.0016731739044189454,0.0011417865753173828,0.9821109123434705
1750,572.3652560710907,0.0016817252161303031,0.005445122718811035,0.0015949249267578126,0.0010776996612548828,0.9821109123434705
1755,573.6573131084442,0.0015275684235135146,0.004406261444091797,0.0014165401458740234,0.0011445999145507813,0.9821109123434705
1760,574.9455900192261,0.1093829415749525,0.004534077644348144,0.0014365673065185546,0.0010638475418090821,0.9821109123434705
1765,576.2424590587616,0.015358164013446186,0.0075555086135864254,0.0019880294799804687,0.0012429714202880859,0.9892665474060823
1770,577.5691471099854,0.0372687047859074,0.004406261444091797,0.0014165401458740234,0.0011677026748657226,0.9910554561717353
1775,578.8620142936707,0.0002612908145245285,0.004406261444091797,0.0014165401458740234,0.0010579586029052734,0.9892665474060823
1780,580.1387100219727,0.040157421895924014,0.004917526245117187,0.0014966487884521484,0.0010800123214721679,0.9910554561717353
1785,581.4357092380524,0.10920812920667303,0.00478971004486084,0.001476621627807617,0.001057910919189453,0.9856887298747764
1790,582.7111489772797,0.006829939952649511,0.006372499465942383,0.0017714500427246094,0.0011635303497314453,0.9767441860465116
1795,583.97704911232,0.2826555132959584,0.0046618938446044925,0.0014565944671630859,0.0010430574417114257,0.9159212880143113
1800,585.2321960926056,0.09277706777120613,0.0041342973709106445,0.0013583183288574218,0.001037001609802246,0.9856887298747764
1805,586.5006101131439,0.0011045243631457424,0.005700755119323731,0.001634979248046875,0.001052260398864746,0.9928443649373881
1810,587.7756741046906,0.0018421120737464492,0.005972719192504883,0.0016932010650634766,0.0011076211929321289,0.9910554561717353
1815,589.0546910762787,0.0014621294616517845,0.005445122718811035,0.0015949249267578126,0.001103353500366211,0.9892665474060823
1820,590.3270199298859,0.008839245889807756,0.006244683265686035,0.0017514228820800781,0.0010992765426635742,0.9892665474060823
1825,591.6086251735687,0.006554593351575022,0.006372499465942383,0.0017714500427246094,0.001165914535522461,0.9874776386404294
1830,592.8923060894012,0.04666739256311132,0.0055729389190673825,0.0016149520874023438,0.0010697364807128907,0.9874776386404294
1835,594.1795129776001,0.015545173787911893,0.003606700897216797,0.0012600421905517578,0.001025986671447754,0.9892665474060823
1840,595.4573612213135,0.0032711585470678985,0.005844902992248535,0.0016731739044189454,0.0010741233825683593,0.9892665474060823
1845,596.7387840747833,0.011805922910583178,0.00518949031829834,0.00155487060546875,0.0010737180709838867,0.9892665474060823
1850,598.0216341018677,0.03755528187721211,0.005445122718811035,0.0015949249267578126,0.0011007070541381836,0.9910554561717353
1855,599.3016710281372,0.008629175420595913,0.005317306518554688,0.0015748977661132813,0.0011047840118408204,0.9928443649373881
1860,600.5774462223053,0.04215679927148201,0.005717086791992188,0.001653146743774414,0.0011852025985717774,0.9928443649373881
1865,601.8554022312164,0.009610393133584694,0.005844902992248535,0.0016731739044189454,0.001057004928588867,0.9928443649373881
1870,603.1733009815216,0.004255733639729442,0.00518949031829834,0.00155487060546875,0.0010434627532958985,0.9910554561717353
1875,604.4470810890198,0.2046994792300893,0.0046618938446044925,0.0014565944671630859,0.0010494470596313476,0.9874776386404294
1880,605.7154421806335,0.021134662103396807,0.0046618938446044925,0.0014565944671630859,0.0010700702667236328,0.9874776386404294
1885,606.9831700325012,0.005321035534552721,0.003878664970397949,0.0013182640075683593,0.0009958505630493163,0.9874776386404294
1890,608.2603712081909,0.023485524643822232,0.006244683265686035,0.0017514228820800781,0.0011649847030639649,0.9874776386404294
1895,609.5325438976288,0.030499538220807663,0.007811141014099121,0.002028083801269531,0.001213240623474121,0.9892665474060823
1900,610.8101072311401,0.08865113029314671,0.005317306518554688,0.0015748977661132813,0.0011435508728027343,0.9874776386404294
1905,612.0776560306549,0.06097039424153081,0.0075555086135864254,0.0019880294799804687,0.0011957645416259765,0.9910554561717353
1910,613.3531711101532,0.01303852802930976,0.00650031566619873,0.0017914772033691406,0.0011464834213256836,0.9731663685152058
1915,614.6282589435577,0.32023900337517686,0.004917526245117187,0.0014966487884521484,0.0010300159454345703,0.9588550983899821
1920,615.9222011566162,0.0035067419128658626,0.0061005353927612305,0.0017132282257080079,0.0011141300201416016,0.9194991055456172
1925,617.2091541290283,2.9278430650011744,0.004006481170654297,0.0013382911682128906,0.0011004924774169922,0.9177101967799642
1930,618.5243339538574,0.005518040323707396,0.005317306518554688,0.0015748977661132813,0.001197218894958496,0.9355992844364938
1935,619.878308057785,0.0011459714837656065,0.0041342973709106445,0.0013583183288574218,0.0011949777603149415,0.9338103756708408
1940,621.3053460121155,0.2408289616789389,0.0041342973709106445,0.0013583183288574218,0.0012511014938354492,0.9338103756708408
1945,622.753053188324,0.020457688906753903,0.005317306518554688,0.0015748977661132813,0.0012949228286743164,0.9338103756708408
1950,624.2070651054382,0.03870193739330716,0.005317306518554688,0.0015748977661132813,0.0013447284698486328,0.9302325581395349
1955,625.6688549518585,0.2955706688517239,0.0055892705917358395,0.0016331195831298829,0.001273965835571289,0.9320214669051878
1960,627.127779006958,0.12542049185140058,0.004262113571166992,0.001378345489501953,0.0013614416122436524,0.9552772808586762
1965,628.614264011383,0.018886772303267206,0.005717086791992188,0.001653146743774414,0.0013410568237304688,0.962432915921288
1970,630.0302991867065,0.04506679056991345,0.00690009593963623,0.0018697261810302734,0.0012133359909057618,0.9749552772808586
1975,631.4219341278076,0.008986638700048389,0.005844902992248535,0.0016731739044189454,0.0012255191802978515,0.9749552772808586
1980,632.7987031936646,0.4283865649904328,0.005061674118041992,0.0015348434448242188,0.0013376951217651367,0.9838998211091234
1985,634.1864881515503,0.06873379459457282,0.005061674118041992,0.0015348434448242188,0.001247239112854004,0.9856887298747764
1990,635.5740609169006,0.01816740991853294,0.007683324813842774,0.002008056640625,0.0012586593627929687,0.9856887298747764
1995,636.9609830379486,0.008914947831341636,0.0055892705917358395,0.0016331195831298829,0.001114201545715332,0.9856887298747764
2000,638.3467209339142,0.1383692646200359,0.007811141014099121,0.002028083801269531,0.0013130426406860352,0.9874776386404294
2005,639.7323200702667,0.03952665019228334,0.005317306518554688,0.0015748977661132813,0.0012053728103637695,0.9892665474060823
2010,641.1118409633636,0.07182224560665418,0.007427692413330078,0.0019680023193359374,0.0012531280517578125,0.9892665474060823
2015,642.5006251335144,0.022626022468423913,0.004534077644348144,0.0014365673065185546,0.001203608512878418,0.9874776386404294
2020,643.887365102768,0.02018008014656587,0.005844902992248535,0.0016731739044189454,0.0012877464294433593,0.9874776386404294
2025,645.264888048172,0.022614028956849098,0.005844902992248535,0.0016731739044189454,0.0012537240982055664,0.9874776386404294
2030,646.6394002437592,0.003939285373417078,0.005445122718811035,0.0015949249267578126,0.001294422149658203,0.9856887298747764
2035,648.0054183006287,0.0027219510557870306,0.004406261444091797,0.0014165401458740234,0.0011814355850219727,0.9838998211091234
2040,649.3738541603088,0.07374806711609523,0.004534077644348144,0.0014365673065185546,0.001112961769104004,0.9874776386404294
2045,650.7458741664886,0.10236952968647302,0.0075555086135864254,0.0019880294799804687,0.0012694835662841798,0.9910554561717353
2050,652.117692232132,0.04688291912389246,0.004406261444091797,0.0014165401458740234,0.0012726545333862304,0.9910554561717353
2055,653.5021741390228,0.001287435672567483,0.004406261444091797,0.0014165401458740234,0.0012142181396484375,0.9892665474060823
2060,654.8857200145721,0.03377771025698166,0.004917526245117187,0.0014966487884521484,0.0013556480407714844,0.9803220035778175
2065,656.3079569339752,0.2513464515330327,0.00478971004486084,0.001476621627807617,0.0011408329010009766,0.9910554561717353
2070,657.6639721393585,0.0076021225237212775,0.006372499465942383,0.0017714500427246094,0.0012545585632324219,0.9910554561717353
2075,659.0139591693878,0.2046799290967556,0.0046618938446044925,0.0014565944671630859,0.001201295852661133,0.9928443649373881
2080,660.3568260669708,0.022705337015214155,0.0041342973709106445,0.0013583183288574218,0.001201796531677246,0.9892665474060823
2085,661.690367937088,0.003817763286497211,0.005700755119323731,0.001634979248046875,0.0011840105056762696,0.9892665474060823
2090,663.020898103714,0.006010595814323239,0.005972719192504883,0.0016932010650634766,0.001180267333984375,0.9874776386404294
2095,664.3543431758881,0.009454601014203945,0.005445122718811035,0.0015949249267578126,0.0011333703994750976,0.9874776386404294
2100,665.6834490299225,0.026038743077072723,0.006244683265686035,0.0017514228820800781,0.0011158227920532227,0.9892665474060823
2105,667.0156242847443,0.011540830382739387,0.006372499465942383,0.0017714500427246094,0.001225590705871582,0.9892665474060823
2110,668.3439972400665,0.037252563252736334,0.0055729389190673825,0.0016149520874023438,0.0012061119079589844,0.9892665474060823
2115,669.681205034256,0.02089386949565153,0.003606700897216797,0.0012600421905517578,0.0010845661163330078,0.9892665474060823
2120,671.0056312084198,0.006654410396482291,0.005844902992248535,0.0016731739044189454,0.0011533975601196289,0.9892665474060823
2125,672.3257720470428,0.011101168329886234,0.00518949031829834,0.00155487060546875,0.001111745834350586,0.9874776386404294
2130,673.6478271484375,0.03084284261353858,0.005445122718811035,0.0015949249267578126,0.0011473655700683593,0.9874776386404294
2135,674.9655110836029,0.005004371342181457,0.005317306518554688,0.0015748977661132813,0.0011516094207763671,0.9874776386404294
2140,676.274738073349,0.02398015118461032,0.005717086791992188,0.001653146743774414,0.0011613845825195312,0.9874776386404294
2145,677.5817708969116,0.019378056504275775,0.005844902992248535,0.0016731739044189454,0.0011362075805664063,0.9874776386404294
2150,678.8915340900421,0.006426467455571583,0.00518949031829834,0.00155487060546875,0.0011172294616699219,0.9874776386404294
2155,680.2003309726715,0.11935040531379996,0.0046618938446044925,0.0014565944671630859,0.0010872840881347655,0.9874776386404294
2160,681.5453741550446,0.029355346635931312,0.0046618938446044925,0.0014565944671630859,0.0011456966400146484,0.9874776386404294
2165,682.8460431098938,0.012751311486645989,0.003878664970397949,0.0013182640075683593,0.0010460138320922852,0.9874776386404294
2170,684.1559891700745,0.01196935971067319,0.006244683265686035,0.0017514228820800781,0.0011594772338867187,0.9874776386404294
2175,685.4579920768738,0.012291111641025055,0.007811141014099121,0.002028083801269531,0.0012737035751342774,0.9874776386404294
2180,686.7584681510925,0.13355683632626097,0.005317306518554688,0.0015748977661132813,0.0011880636215209962,0.9874776386404294
2185,688.0536360740662,0.03653475367046042,0.0075555086135864254,0.0019880294799804687,0.0012562036514282226,0.9928443649373881
2190,689.3652839660645,0.008605564498202512,0.00650031566619873,0.0017914772033691406,0.0011764764785766602,0.9910554561717353
2195,690.6879689693451,0.002061614187005034,0.004917526245117187,0.0014966487884521484,0.0011212587356567382,0.9785330948121646
2200,691.9981632232666,0.0016159218934269858,0.0061005353927612305,0.0017132282257080079,0.0011518001556396484,0.9785330948121646
2205,693.3224000930786,0.11333748771157844,0.004006481170654297,0.0013382911682128906,0.0012138843536376952,0.9803220035778175
2210,694.6439342498779,0.0035919589882908555,0.005317306518554688,0.0015748977661132813,0.0011414051055908202,0.9803220035778175
2215,695.9533951282501,0.005520731082654606,0.0041342973709106445,0.0013583183288574218,0.0011194467544555664,0.9785330948121646
2220,697.2769720554352,0.002662027674887213,0.0041342973709106445,0.0013583183288574218,0.0012233972549438477,0.9785330948121646
2225,698.5976569652557,0.0005989360955425127,0.005317306518554688,0.0015748977661132813,0.0011179924011230468,0.9785330948121646
2230,699.9106290340424,0.13406085831966408,0.005317306518554688,0.0015748977661132813,0.0011211633682250977,0.9803220035778175
2235,701.2265410423279,0.29594163432741,0.0055892705917358395,0.0016331195831298829,0.0012088537216186524,0.9803220035778175
2240,702.5409462451935,0.0016509181631249703,0.004262113571166992,0.001378345489501953,0.0011841297149658204,0.9803220035778175
2245,703.8622262477875,0.00204377525735282,0.005717086791992188,0.001653146743774414,0.0012185811996459962,0.9803220035778175
2250,705.1910319328308,0.02202660002521952,0.00690009593963623,0.0018697261810302734,0.001206040382385254,0.9803220035778175
2255,706.5199921131134,0.011259238027832907,0.005844902992248535,0.0016731739044189454,0.0011643648147583007,0.9803220035778175
2260,707.8960480690002,0.21972624705750832,0.005061674118041992,0.0015348434448242188,0.0012516736984252929,0.9821109123434705
2265,709.2171230316162,0.05827156269841964,0.005061674118041992,0.0015348434448242188,0.0011597633361816405,0.9821109123434705
2270,710.5275580883026,0.014673366159334478,0.007683324813842774,0.002008056640625,0.0012227535247802735,0.9803220035778175
2275,711.8386270999908,0.0052656654647663,0.0055892705917358395,0.0016331195831298829,0.0010740518569946288,0.9838998211091234
2280,713.1484820842743,0.07782661875367011,0.007811141014099121,0.002028083801269531,0.0012571096420288086,0.9803220035778175
2285,714.4564781188965,0.00432026395372489,0.005317306518554688,0.0015748977661132813,0.0010991573333740234,0.9803220035778175
2290,715.7628901004791,0.020147592457978192,0.007427692413330078,0.0019680023193359374,0.0012467145919799806,0.9803220035778175
2295,717.0670671463013,0.0075634677206672055,0.004534077644348144,0.0014365673065185546,0.001148390769958496,0.9803220035778175
2300,718.367965221405,0.00285596049798329,0.005844902992248535,0.0016731739044189454,0.0012398004531860352,0.9803220035778175
2305,719.6707198619843,0.008156352729362482,0.005844902992248535,0.0016731739044189454,0.0012080907821655274,0.9785330948121646
2310,720.9661862850189,0.0006771909965550549,0.005445122718811035,0.0015949249267578126,0.0011423110961914062,0.9785330948121646
2315,722.256040096283,0.0014172388153525616,0.004406261444091797,0.0014165401458740234,0.0010982513427734374,0.9785330948121646
2320,723.5408942699432,0.06429497278546421,0.004534077644348144,0.0014365673065185546,0.0010485172271728516,0.9803220035778175
2325,724.8219649791718,0.003370243090830627,0.0075555086135864254,0.0019880294799804687,0.0012076139450073243,0.9821109123434705
2330,726.1097421646118,0.006998039757627339,0.004406261444091797,0.0014165401458740234,0.0011673450469970703,0.9803220035778175
2335,727.3959310054779,3.431266202085226e-05,0.004406261444091797,0.0014165401458740234,0.0010414361953735352,0.9803220035778175
2340,728.6707832813263,0.00742459852299362,0.004917526245117187,0.0014966487884521484,0.0011070966720581055,0.9821109123434705
2345,729.9485149383545,0.10723474855953015,0.00478971004486084,0.001476621627807617,0.0010850667953491212,0.9928443649373881
2350,731.2229940891266,0.0018434953979237889,0.006372499465942383,0.0017714500427246094,0.0011574745178222657,0.9910554561717353
2355,732.539724111557,0.20038327576234566,0.0046618938446044925,0.0014565944671630859,0.0010580062866210938,0.9856887298747764
2360,733.8136260509491,0.04929647457893296,0.0041342973709106445,0.0013583183288574218,0.0010452508926391602,0.9856887298747764
2365,735.0815241336823,0.0012424739300854527,0.005700755119323731,0.001634979248046875,0.0010582923889160157,0.9856887298747764
2370,736.3518602848053,0.005278498897951067,0.005972719192504883,0.0016932010650634766,0.0011436939239501953,0.9892665474060823
2375,737.626923084259,0.00651015639318544,0.005445122718811035,0.0015949249267578126,0.001081395149230957,0.9892665474060823
2380,738.9005680084229,0.019954960048779925,0.006244683265686035,0.0017514228820800781,0.0010986328125,0.9910554561717353
2385,740.1721451282501,0.0069709874337156915,0.006372499465942383,0.0017714500427246094,0.001200556755065918,0.9910554561717353
2390,741.4424180984497,0.022684795241264055,0.0055729389190673825,0.0016149520874023438,0.0010846376419067383,0.9892665474060823
2395,742.7171130180359,0.0018949329682186543,0.003606700897216797,0.0012600421905517578,0.0010458469390869141,0.9892665474060823
2400,743.9946842193604,0.0020029162150663636,0.005844902992248535,0.0016731739044189454,0.0011152505874633789,0.9874776386404294
2405,745.2694928646088,0.0035017128111235253,0.00518949031829834,0.00155487060546875,0.0010582447052001954,0.9892665474060823
2410,746.5448932647705,0.017436307038352795,0.005445122718811035,0.0015949249267578126,0.001123356819152832,0.9892665474060823
2415,747.8168959617615,0.0017274969171950261,0.005317306518554688,0.0015748977661132813,0.0011136770248413087,0.9892665474060823
2420,749.0839352607727,0.039717572254723874,0.005717086791992188,0.001653146743774414,0.0011590957641601563,0.9910554561717353
2425,750.3463909626007,0.016602547383373432,0.005844902992248535,0.0016731739044189454,0.0010867357254028321,0.9856887298747764
2430,751.5997040271759,0.007163816063088291,0.00518949031829834,0.00155487060546875,0.0010263681411743163,0.9856887298747764
2435,752.8529720306396,0.10702168942144966,0.0046618938446044925,0.0014565944671630859,0.0010340452194213868,0.9821109123434705
2440,754.1061010360718,0.05516003850617466,0.0046618938446044925,0.0014565944671630859,0.0010406255722045898,0.9821109123434705
2445,755.3612489700317,0.000702049071053068,0.003878664970397949,0.0013182640075683593,0.0010012388229370117,0.9821109123434705
2450,756.6230812072754,0.00705760214479767,0.006244683265686035,0.0017514228820800781,0.001123952865600586,0.9821109123434705
2455,757.9279470443726,0.0034930352546787445,0.007811141014099121,0.002028083801269531,0.001195836067199707,0.9856887298747764
2460,759.1910541057587,0.13558315795483294,0.005317306518554688,0.0015748977661132813,0.001100301742553711,0.9856887298747764
2465,760.4562542438507,0.025607183529204037,0.0075555086135864254,0.0019880294799804687,0.0012556076049804687,0.9910554561717353
2470,761.7232060432434,0.004184466449110147,0.00650031566619873,0.0017914772033691406,0.001158905029296875,0.9874776386404294
2475,762.9937591552734,0.00021593619780730934,0.004917526245117187,0.0014966487884521484,0.0010440826416015625,0.9856887298747764
2480,764.268217086792,0.000625962529841928,0.0061005353927612305,0.0017132282257080079,0.0010667562484741211,0.9856887298747764
2485,765.5483920574188,0.31142418212337475,0.004006481170654297,0.0013382911682128906,0.0011682510375976562,0.9928443649373881
2490,766.817104101181,0.0008596135839646024,0.005317306518554688,0.0015748977661132813,0.0011019229888916016,0.9838998211091234
2495,768.0799431800842,0.1105021898038423,0.0041342973709106445,0.0013583183288574218,0.0010561704635620116,0.9838998211091234
2500,769.3507921695709,0.00025469838174174697,0.0041342973709106445,0.0013583183288574218,0.0010669708251953125,0.9660107334525939
2505,770.629851102829,0.00041881196682638235,0.005317306518554688,0.0015748977661132813,0.001114630699157715,0.9534883720930233
2510,771.9305131435394,0.14767274413825363,0.005317306518554688,0.0015748977661132813,0.0011431217193603516,0.9534883720930233
2515,773.2550621032715,0.5344500390267648,0.0055892705917358395,0.0016331195831298829,0.0011661529541015625,0.9391771019677997
2520,774.5975689888,0.9363795132803716,0.004262113571166992,0.001378345489501953,0.0012585878372192382,0.9713774597495528
2525,775.9265582561493,0.0016662881722382394,0.005717086791992188,0.001653146743774414,0.0011777162551879882,0.9838998211091234
2530,777.2363801002502,0.03245387938932396,0.00690009593963623,0.0018697261810302734,0.0011794328689575194,0.9874776386404294
2535,778.523873090744,0.0021180822766396546,0.005844902992248535,0.0016731739044189454,0.0011733055114746093,0.9874776386404294
2540,779.8134021759033,0.18786444523578893,0.005061674118041992,0.0015348434448242188,0.001219797134399414,0.9874776386404294
2545,781.1075172424316,0.04383063752995895,0.005061674118041992,0.0015348434448242188,0.0011103391647338868,0.9838998211091234
2550,782.4399242401123,0.017377123569957575,0.007683324813842774,0.002008056640625,0.001233983039855957,0.9838998211091234
2555,783.7207679748535,0.0027805564995176725,0.0055892705917358395,0.0016331195831298829,0.001088404655456543,0.9838998211091234
2560,785.0097289085388,0.13651070560313344,0.007811141014099121,0.002028083801269531,0.001254701614379883,0.9892665474060823
2565,786.3101689815521,0.02993167435716515,0.005317306518554688,0.0015748977661132813,0.001089000701904297,0.9928443649373881
2570,787.6056900024414,0.053023264091471844,0.007427692413330078,0.0019680023193359374,0.0012467145919799806,0.9928443649373881
2575,788.9010181427002,0.0076875486310512995,0.004534077644348144,0.0014365673065185546,0.0011662006378173827,0.9928443649373881
2580,790.2009751796722,0.007796298111137645,0.005844902992248535,0.0016731739044189454,0.0012285947799682618,0.9910554561717353
2585,791.4953389167786,0.011415895442907952,0.005844902992248535,0.0016731739044189454,0.001165318489074707,0.9892665474060823
2590,792.7859649658203,0.0009036155531703116,0.005445122718811035,0.0015949249267578126,0.0011384248733520507,0.9892665474060823
2595,794.0794169902802,0.001393070773116989,0.004406261444091797,0.0014165401458740234,0.0010711431503295898,0.9892665474060823
2600,795.3743751049042,0.09819567352636013,0.004534077644348144,0.0014365673065185546,0.0010593175888061524,0.9928443649373881
2605,796.6651639938354,0.010849516716560714,0.0075555086135864254,0.0019880294799804687,0.0012532472610473633,0.9928443649373881
2610,797.9484601020813,0.007026419530519945,0.004406261444091797,0.0014165401458740234,0.0011477708816528321,0.9928443649373881
2615,799.2283959388733,3.214902657333596e-05,0.004406261444091797,0.0014165401458740234,0.0010418415069580079,0.9928443649373881
2620,800.5112271308899,0.021687190733257467,0.004917526245117187,0.0014966487884521484,0.0010875701904296876,0.9928443649373881
2625,801.7901790142059,0.020363904274481114,0.00478971004486084,0.001476621627807617,0.0010623455047607422,0.9928443649373881
2630,803.0606582164764,0.0020076175548823017,0.006372499465942383,0.0017714500427246094,0.0011403560638427734,0.9928443649373881
2635,804.3361351490021,0.20745688827011718,0.0046618938446044925,0.0014565944671630859,0.0010360956192016601,0.9910554561717353
2640,805.6054399013519,0.02141429509514481,0.0041342973709106445,0.0013583183288574218,0.0010346651077270507,0.9874776386404294
2645,806.8765439987183,0.00690847503990284,0.005700755119323731,0.001634979248046875,0.0010556221008300782,0.9874776386404294
2650,808.1952691078186,0.001183870592048919,0.005972719192504883,0.0016932010650634766,0.0011617660522460938,0.9874776386404294
2655,809.4608008861542,0.002151175499511737,0.005445122718811035,0.0015949249267578126,0.0010668039321899414,0.9874776386404294
2660,810.7249820232391,0.022483575344895,0.006244683265686035,0.0017514228820800781,0.0010838270187377929,0.9874776386404294
2665,811.9982912540436,0.004629100691887089,0.006372499465942383,0.0017714500427246094,0.0011581897735595704,0.9910554561717353
2670,813.2645611763,0.016295777042617487,0.0055729389190673825,0.0016149520874023438,0.0010780096054077148,0.9928443649373881
2675,814.5362632274628,0.0005923828079431815,0.003606700897216797,0.0012600421905517578,0.001023077964782715,0.9928443649373881
2680,815.8012211322784,0.002600696654918977,0.005844902992248535,0.0016731739044189454,0.0010979890823364258,0.9928443649373881
2685,817.068831205368,0.005237386981058023,0.00518949031829834,0.00155487060546875,0.0010644912719726563,0.9928443649373881
2690,818.3366000652313,0.008806391993705632,0.005445122718811035,0.0015949249267578126,0.0010984420776367187,0.9928443649373881
2695,819.6102509498596,0.0016317744726762839,0.005317306518554688,0.0015748977661132813,0.0011147022247314452,0.9928443649373881
2700,820.8840870857239,0.013351150791481813,0.005717086791992188,0.001653146743774414,0.001119709014892578,0.9928443649373881
2705,822.1532480716705,0.008447093422039132,0.005844902992248535,0.0016731739044189454,0.001121854782104492,0.9928443649373881
2710,823.4239630699158,0.003905453584395957,0.00518949031829834,0.00155487060546875,0.0010687351226806641,0.9928443649373881
2715,824.6877059936523,0.1634915079940825,0.0046618938446044925,0.0014565944671630859,0.0010408639907836914,0.9874776386404294
2720,825.9503509998322,0.022659604842574767,0.0046618938446044925,0.0014565944671630859,0.0010580062866210938,0.9874776386404294
2725,827.2137870788574,0.0004701857455437164,0.003878664970397949,0.0013182640075683593,0.000988602638244629,0.9874776386404294
2730,828.478199005127,0.010133482237695546,0.006244683265686035,0.0017514228820800781,0.0011064767837524413,0.9874776386404294
2735,829.7487092018127,0.011895109504644097,0.007811141014099121,0.002028083801269531,0.0012291669845581055,0.9874776386404294
2740,831.012490272522,0.10337383568567873,0.005317306518554688,0.0015748977661132813,0.0010940313339233398,0.9874776386404294
2745,832.3232791423798,0.0426339221249961,0.0075555086135864254,0.0019880294799804687,0.0012359857559204102,0.9928443649373881
2750,833.5915701389313,0.010212875828930379,0.00650031566619873,0.0017914772033691406,0.0011508703231811524,0.9928443649373881
2755,834.8625321388245,0.000551030422911225,0.004917526245117187,0.0014966487884521484,0.0010361194610595704,0.9928443649373881
2760,836.1348762512207,0.001376656926036901,0.0061005353927612305,0.0017132282257080079,0.0010642290115356445,0.9928443649373881
2765,837.4094970226288,0.052435276203357264,0.004006481170654297,0.0013382911682128906,0.0011671066284179687,0.9928443649373881
2770,838.6800999641418,0.0011713422647595451,0.005317306518554688,0.0015748977661132813,0.001130080223083496,0.9928443649373881
2775,839.952317237854,0.0019182041062499877,0.0041342973709106445,0.0013583183288574218,0.001047039031982422,0.9928443649373881
2780,841.2190539836884,0.0006913505114681584,0.0041342973709106445,0.0013583183288574218,0.0010384321212768555,0.9928443649373881
2785,842.4895720481873,3.9455304977309426e-05,0.005317306518554688,0.0015748977661132813,0.0010540008544921875,0.9928443649373881
2790,843.7528870105743,0.05687107597813821,0.005317306518554688,0.0015748977661132813,0.0010736465454101562,0.9928443649373881
2795,845.024416923523,0.353040229177725,0.0055892705917358395,0.0016331195831298829,0.0011597156524658203,0.9928443649373881
2800,846.2986640930176,0.00025618929791448863,0.004262113571166992,0.001378345489501953,0.0010581731796264649,0.9892665474060823