#{"solver": {"engine": {"type": "ExactEngine"}, "semiring": "GraphSemiring"}, "networks": [{"name": "perc_net_version_0_NeSy_1", "module": "AD_V0_NeSy_1_net(\n  (conv1): Conv2d(3, 6, kernel_size=(5, 5), stride=(1, 1))\n  (pool): MaxPool2d(kernel_size=2, stride=2, padding=0, dilation=1, ceil_mode=False)\n  (conv2): Conv2d(6, 16, kernel_size=(5, 5), stride=(1, 1))\n  (fc1): Linear(in_features=400, out_features=120, bias=True)\n  (fc2): Linear(in_features=120, out_features=84, bias=True)\n  (fc3): Linear(in_features=84, out_features=4, bias=True)\n  (softmax): Softmax(dim=-1)\n)", "optimizer": "Adam (\nParameter Group 0\n    amsgrad: False\n    betas: (0.9, 0.999)\n    capturable: False\n    differentiable: False\n    eps: 1e-08\n    foreach: None\n    fused: None\n    lr: 0.001\n    maximize: False\n    weight_decay: 0\n)", "k": null}], "program": "nn(perc_net_version_0_NeSy_1,[Img],X,[0, 1, 2, 3])::cell(Img,X).\nattention_boundary(X) :- X==1.\nenlarged_boundary(X) :- X==2.\nout_of_view(X) :- X==0; X==3.\naction(Img,1) :- cell(Img,X1), attention_boundary(X1).\naction(Img,2) :- cell(Img,X2), enlarged_boundary(X2), \\+action(Img,1).\naction(Img,0) :- cell(Img,X3), out_of_view(X3), \\+action(Img,2), \\+action(Img,1).\n"}
#Accuracy 0.9874776386404294
i,time,loss,ground_time,compile_time,eval_time,accuracy
5,0.05051898956298828,0.8968150436878204,0.0015465974807739257,0.0004053592681884766,0.00052642822265625,0.33273703041144903
10,0.8759870529174805,1.2347699105739594,0.0017490386962890625,0.00048658847808837893,0.0005659341812133789,0.33273703041144903
15,1.7054641246795654,1.2003229141235352,0.0017490386962890625,0.00048658847808837893,0.0006048202514648438,0.33273703041144903
20,2.5778090953826904,1.0975355446338653,0.001916980743408203,0.0004594087600708008,0.0005876779556274414,0.33273703041144903
25,3.409424066543579,1.0332475662231446,0.001959562301635742,0.0005095720291137696,0.000575566291809082,0.33273703041144903
30,4.227894067764282,1.095070731639862,0.0018330097198486328,0.00047299861907958987,0.0006558895111083984,0.33273703041144903
35,5.044818878173828,1.1026718616485596,0.0017697334289550782,0.0004547119140625,0.0005455732345581055,0.33273703041144903
40,5.869516134262085,0.8800273537635803,0.002064228057861328,0.00046410560607910154,0.0005674600601196289,0.33273703041144903
45,6.693426847457886,1.1706676542758943,0.001875591278076172,0.0005231618881225586,0.0005104780197143554,0.33273703041144903
50,7.500670909881592,1.1580842912197113,0.0016644716262817383,0.0004432201385498047,0.0005528450012207032,0.33273703041144903
55,8.332476139068604,1.081822508573532,0.0017697334289550782,0.0004547119140625,0.0007510185241699219,0.33273703041144903
60,9.191957950592041,1.0903880059719087,0.0016644716262817383,0.0004432201385498047,0.0005303621292114258,0.5760286225402504
65,10.01262903213501,1.028282505273819,0.0017070531845092773,0.0004933834075927735,0.0005380630493164063,0.4525939177101968
70,10.822811126708984,1.072747129201889,0.0018962860107421876,0.0004912853240966797,0.0005214929580688477,0.38461538461538464
75,11.702929258346558,1.0391061723232269,0.001622486114501953,0.0004500150680541992,0.0005537033081054688,0.667262969588551
80,12.657748937606812,0.9791798412799835,0.0017064571380615234,0.00043642520904541016,0.0005699396133422852,0.7477638640429338
85,13.525813102722168,0.8624416053295135,0.0017910242080688477,0.0004797935485839844,0.0005258560180664062,0.7889087656529516
90,14.339266061782837,0.8311122357845306,0.001685762405395508,0.0004683017730712891,0.0005069732666015625,0.8783542039355993
95,15.155269145965576,0.7809928566217422,0.001874995231628418,0.00046620368957519533,0.0005750179290771485,0.776386404293381
100,16.04044508934021,0.6389171719551087,0.0016644716262817383,0.0004432201385498047,0.0007075071334838867,0.8658318425760286
105,16.865962982177734,0.4232913821935654,0.0017064571380615234,0.00043642520904541016,0.000546717643737793,0.8282647584973166
110,17.68199110031128,0.7406336437212303,0.0017064571380615234,0.00043642520904541016,0.0005760908126831055,0.6708407871198568
115,18.549477100372314,0.5028889592736959,0.001874995231628418,0.00046620368957519533,0.0006136655807495117,0.8461538461538461
120,19.370080947875977,0.47489046975970267,0.0018117189407348632,0.0004479169845581055,0.0005169868469238281,0.815742397137746
125,20.187299013137817,0.23338561782147735,0.0018330097198486328,0.00047299861907958987,0.000554656982421875,0.8246869409660107
130,21.01250195503235,0.6143979467480676,0.0018962860107421876,0.0004912853240966797,0.0005250692367553711,0.8568872987477638
135,21.852061986923218,0.17158711035735905,0.0019808530807495115,0.0005346536636352539,0.000546574592590332,0.8783542039355993
140,22.683881998062134,0.36391708445735277,0.0019802570343017576,0.0004776954650878906,0.0005820035934448242,0.8747763864042933
145,23.531074047088623,0.272138069011271,0.0020435333251953127,0.0004959821701049805,0.0005343198776245117,0.8586762075134168
150,24.334328174591064,0.5200766062363982,0.0016644716262817383,0.0004432201385498047,0.0005174398422241211,0.8729874776386404
155,25.190398931503296,0.1273023866233416,0.0018543004989624023,0.0004980802536010742,0.0005675554275512695,0.889087656529517
160,26.043617010116577,0.6485050147399306,0.001727747917175293,0.00046150684356689454,0.0005258560180664062,0.9159212880143113
165,26.84209418296814,0.33871618268312886,0.0018962860107421876,0.0004912853240966797,0.0005276679992675781,0.8908765652951699
170,27.644184112548828,0.15848215287114725,0.001622486114501953,0.0004500150680541992,0.0005148410797119141,0.8694096601073346
175,28.431268215179443,0.012718272751226323,0.001685762405395508,0.0004683017730712891,0.0005173921585083008,0.8604651162790697
180,29.273597955703735,0.23505299240059685,0.001770329475402832,0.0005116701126098633,0.0005558490753173828,0.9123434704830053
185,30.05151104927063,0.24077660902580647,0.0017697334289550782,0.0004547119140625,0.000527048110961914,0.8711985688729875
190,30.988991022109985,0.06260991973629189,0.001622486114501953,0.0004500150680541992,0.0005459308624267579,0.8855098389982111
195,31.853568077087402,0.20426093940150167,0.001812314987182617,0.0005048751831054687,0.0005481243133544922,0.8855098389982111
200,32.64757204055786,0.6431579546380817,0.0017697334289550782,0.0004547119140625,0.000537252426147461,0.9141323792486583
205,33.4723961353302,0.1697799485293217,0.0017064571380615234,0.00043642520904541016,0.0005711793899536132,0.9087656529516994
210,34.30499815940857,0.7755830544148011,0.001917576789855957,0.0005163669586181641,0.0005264759063720703,0.8944543828264758
215,35.14868092536926,0.16432153566274793,0.0017484426498413086,0.0004296302795410156,0.000538492202758789,0.8622540250447227
220,35.97254300117493,0.42014684989117085,0.001917576789855957,0.0005163669586181641,0.0005456447601318359,0.8926654740608229
225,36.78036403656006,0.12490983459720155,0.0016437768936157227,0.0004750967025756836,0.0005425214767456055,0.9069767441860465
230,37.575448989868164,0.2847037814684882,0.001685762405395508,0.0004683017730712891,0.0005519628524780273,0.9194991055456172
235,38.4213490486145,0.2315346072500688,0.0018117189407348632,0.0004479169845581055,0.000533437728881836,0.9230769230769231
240,39.221940994262695,0.35012655193042974,0.0016437768936157227,0.0004750967025756836,0.0005566596984863282,0.9212880143112702
245,40.16770815849304,0.44805800234898924,0.001622486114501953,0.0004500150680541992,0.0005554914474487305,0.9284436493738819
250,41.0805549621582,0.5632424329875448,0.0017910242080688477,0.0004797935485839844,0.0006435871124267578,0.9302325581395349
255,41.936776876449585,0.1391613500600215,0.0018543004989624023,0.0004980802536010742,0.0005500316619873047,0.9391771019677997
260,42.916810035705566,0.5658435562374506,0.001685762405395508,0.0004683017730712891,0.0006276369094848633,0.9463327370304114
265,43.77083110809326,0.17957560096974703,0.0015592098236083985,0.00043172836303710936,0.0005198478698730469,0.9427549194991055
270,44.596986055374146,0.44080550515354844,0.001685762405395508,0.0004683017730712891,0.0005022048950195313,0.9391771019677997
275,45.376132011413574,0.14903400937146216,0.001874995231628418,0.00046620368957519533,0.0005300998687744141,0.9409660107334525
280,46.12716102600098,0.47923833928362003,0.0017490386962890625,0.00048658847808837893,0.0005153656005859375,0.9445438282647585
285,47.08193826675415,0.13157522731125937,0.0020015478134155274,0.000502777099609375,0.0005539655685424805,0.9481216457960644
290,47.96739721298218,0.30296673963912324,0.0017490386962890625,0.00048658847808837893,0.0006167888641357422,0.9445438282647585
295,48.77485513687134,0.35453654336743057,0.0017490386962890625,0.00048658847808837893,0.0005641698837280274,0.9570661896243292
300,49.60558009147644,0.4291142970506371,0.001916980743408203,0.0004594087600708008,0.0005357265472412109,0.9713774597495528
305,50.395557165145874,0.17602792461402714,0.001959562301635742,0.0005095720291137696,0.0005443811416625977,0.9320214669051878
310,51.189002990722656,0.2574886494170642,0.0018330097198486328,0.00047299861907958987,0.0005771875381469727,0.8962432915921288
315,51.99546813964844,0.021839313568045783,0.0017697334289550782,0.0004547119140625,0.0004929304122924805,0.9284436493738819
320,52.766053199768066,0.21398194804789056,0.002064228057861328,0.00046410560607910154,0.0005286216735839843,0.9409660107334525
325,53.576735973358154,0.09934302432229743,0.001875591278076172,0.0005231618881225586,0.0005131959915161133,0.9534883720930233
330,54.35504508018494,0.036902096229823655,0.0016644716262817383,0.0004432201385498047,0.0005162715911865235,0.9570661896243292
335,55.143352031707764,0.4069823908386752,0.0017697334289550782,0.0004547119140625,0.0005540132522583007,0.9534883720930233
340,55.939966917037964,0.09022930924279535,0.0016644716262817383,0.0004432201385498047,0.0005199432373046875,0.9391771019677997
345,56.74196910858154,0.19188776767368837,0.0017070531845092773,0.0004933834075927735,0.0004908561706542969,0.964221824686941
350,57.56089496612549,0.47446325070923195,0.0018962860107421876,0.0004912853240966797,0.0005287408828735351,0.9677996422182469
355,58.492778062820435,0.09585604131934815,0.001622486114501953,0.0004500150680541992,0.0006286144256591797,0.9516994633273703
360,59.38590693473816,0.45067990440293215,0.0017064571380615234,0.00043642520904541016,0.000531315803527832,0.9445438282647585
365,60.23850107192993,0.5219470944777654,0.0017910242080688477,0.0004797935485839844,0.000518345832824707,0.9409660107334525
370,61.0815589427948,0.22460576784567365,0.001685762405395508,0.0004683017730712891,0.0005034446716308594,0.9481216457960644
375,61.88280391693115,0.006238713952643593,0.001874995231628418,0.00046620368957519533,0.0005544424057006836,0.9481216457960644
380,62.70881104469299,0.03131379932174241,0.0016644716262817383,0.0004432201385498047,0.0005618572235107422,0.9499105545617174
385,63.50980091094971,0.06984743668862166,0.0017064571380615234,0.00043642520904541016,0.0005548954010009766,0.9445438282647585
390,64.32306098937988,0.3084467040507917,0.0017064571380615234,0.00043642520904541016,0.0004999160766601563,0.9499105545617174
395,65.17944121360779,0.055924949833183746,0.001874995231628418,0.00046620368957519533,0.0006580114364624024,0.9463327370304114
400,66.02439498901367,0.08709593752146247,0.0018117189407348632,0.0004479169845581055,0.000541067123413086,0.9427549194991055
405,66.8670608997345,0.010403281646827623,0.0018330097198486328,0.00047299861907958987,0.0005195140838623047,0.9409660107334525
410,67.70160007476807,0.17193197957180928,0.0018962860107421876,0.0004912853240966797,0.0005675077438354493,0.9445438282647585
415,68.50984907150269,0.04581655982923962,0.0019808530807495115,0.0005346536636352539,0.0005578279495239257,0.9516994633273703
420,69.34830403327942,0.18874120436639713,0.0019802570343017576,0.0004776954650878906,0.0005716085433959961,0.9409660107334525
425,70.20392298698425,0.020079507383799468,0.0020435333251953127,0.0004959821701049805,0.0005312442779541015,0.9230769230769231
430,70.98947095870972,0.4486217334389494,0.0016644716262817383,0.0004432201385498047,0.0005221843719482421,0.9355992844364938
435,71.83821201324463,0.034705769798461,0.0018543004989624023,0.0004980802536010742,0.0005625486373901367,0.9427549194991055
440,72.69300508499146,0.2653498745838078,0.001727747917175293,0.00046150684356689454,0.0006033658981323242,0.9588550983899821
445,73.48282599449158,0.09468113854461535,0.0018962860107421876,0.0004912853240966797,0.0005186557769775391,0.9588550983899821
450,74.27520298957825,0.12507383711601533,0.001622486114501953,0.0004500150680541992,0.00047664642333984376,0.960644007155635
455,75.14364790916443,0.0006488671084539987,0.001685762405395508,0.0004683017730712891,0.0005132198333740234,0.9588550983899821
460,75.93651604652405,0.02201875111022673,0.001770329475402832,0.0005116701126098633,0.0004841327667236328,0.9588550983899821
465,76.72672414779663,0.12238048456856916,0.0017697334289550782,0.0004547119140625,0.0005280494689941407,0.960644007155635
470,77.57636713981628,0.02295567863370849,0.001622486114501953,0.0004500150680541992,0.0005996227264404297,0.9677996422182469
475,78.35762929916382,0.11621149189231801,0.001812314987182617,0.0005048751831054687,0.0005143880844116211,0.9677996422182469
480,79.16096615791321,0.3763822781041455,0.0017697334289550782,0.0004547119140625,0.0005007743835449219,0.9588550983899821
485,79.96438813209534,0.14086974668288973,0.0017064571380615234,0.00043642520904541016,0.0005086421966552735,0.9499105545617174
490,80.78757095336914,0.21642179267073516,0.001917576789855957,0.0005163669586181641,0.0006271600723266602,0.9302325581395349
495,81.60380411148071,0.0638612633788398,0.0017484426498413086,0.0004296302795410156,0.0005585193634033203,0.9159212880143113
500,82.45291900634766,0.0211838591749256,0.001917576789855957,0.0005163669586181641,0.0005204677581787109,0.9105545617173524
505,83.24082612991333,0.03428068210669153,0.0016437768936157227,0.0004750967025756836,0.0005341291427612305,0.9194991055456172
510,84.07966685295105,0.016374434174610996,0.001685762405395508,0.0004683017730712891,0.0005260944366455078,0.9302325581395349
515,84.92359614372253,0.03848189641889945,0.0018117189407348632,0.0004479169845581055,0.0005203008651733399,0.9373881932021467
520,85.7471489906311,0.04127919357052008,0.0016437768936157227,0.0004750967025756836,0.0005246162414550781,0.9409660107334525
525,86.53107190132141,0.3479145710146895,0.001622486114501953,0.0004500150680541992,0.0005006790161132812,0.964221824686941
530,87.35131311416626,0.5341164709575423,0.0017910242080688477,0.0004797935485839844,0.0005510568618774414,0.9749552772808586
535,88.16046810150146,0.06752678739871953,0.0018543004989624023,0.0004980802536010742,0.000508427619934082,0.960644007155635
540,88.99374413490295,0.7664920468148481,0.001685762405395508,0.0004683017730712891,0.0005479097366333008,0.9534883720930233
545,89.83234715461731,0.1012826620519732,0.0015592098236083985,0.00043172836303710936,0.000476837158203125,0.9588550983899821
550,90.71900510787964,0.11813312599934989,0.001685762405395508,0.0004683017730712891,0.0004951238632202148,0.9695885509838998
555,91.4943060874939,0.1346437091730877,0.001874995231628418,0.00046620368957519533,0.0005007266998291015,0.9391771019677997
560,92.31665301322937,0.584511747776196,0.0017490386962890625,0.00048658847808837893,0.0005938053131103515,0.9749552772808586
565,93.13475513458252,0.07510487179920915,0.0020015478134155274,0.000502777099609375,0.000540924072265625,0.9821109123434705
570,93.92866826057434,0.22724593111815922,0.0017490386962890625,0.00048658847808837893,0.0005281209945678711,0.9785330948121646
575,94.73031902313232,0.20470226453762735,0.0017490386962890625,0.00048658847808837893,0.0005261659622192383,0.9785330948121646
580,95.53204202651978,0.3293243140429709,0.001916980743408203,0.0004594087600708008,0.0005286216735839843,0.9803220035778175
585,96.35293698310852,0.12771510479542486,0.001959562301635742,0.0005095720291137696,0.0005575895309448242,0.9803220035778175
590,97.193852186203,0.0493782615563191,0.0018330097198486328,0.00047299861907958987,0.0005672216415405273,0.9838998211091234
595,97.98395705223083,0.001578700038135139,0.0017697334289550782,0.0004547119140625,0.0004625558853149414,0.9838998211091234
600,98.78541111946106,0.06507374253396847,0.002064228057861328,0.00046410560607910154,0.0005267381668090821,0.9821109123434705
605,99.55804014205933,0.011457280423655902,0.001875591278076172,0.0005231618881225586,0.0005002975463867188,0.9821109123434705
610,100.38377594947815,0.004548866300821431,0.0016644716262817383,0.0004432201385498047,0.000499105453491211,0.9821109123434705
615,101.18223786354065,0.20420555627677003,0.0017697334289550782,0.0004547119140625,0.0005170345306396484,0.9803220035778175
620,102.00852704048157,0.012678238590547153,0.0016644716262817383,0.0004432201385498047,0.00047736167907714845,0.964221824686941
625,102.82015609741211,0.06036426681416174,0.0017070531845092773,0.0004933834075927735,0.0004959583282470703,0.9838998211091234
630,103.65711402893066,0.11527283592149615,0.0018962860107421876,0.0004912853240966797,0.0005147933959960937,0.9785330948121646
635,104.43921399116516,0.011573865118909055,0.001622486114501953,0.0004500150680541992,0.0004522085189819336,0.9677996422182469
640,105.25637030601501,0.1622638708170257,0.0017064571380615234,0.00043642520904541016,0.0005223751068115234,0.9749552772808586
645,106.04954600334167,0.09416261458041078,0.0017910242080688477,0.0004797935485839844,0.00048437118530273435,0.9767441860465116
650,106.892165184021,0.026936625875660525,0.001685762405395508,0.0004683017730712891,0.00049591064453125,0.9713774597495528
655,107.66177725791931,0.00030480483729036225,0.001874995231628418,0.00046620368957519533,0.0005185365676879883,0.9713774597495528
660,108.44354820251465,0.0030040167790559734,0.0016644716262817383,0.0004432201385498047,0.0004769802093505859,0.9713774597495528
665,109.20544719696045,0.010099545167790325,0.0017064571380615234,0.00043642520904541016,0.0004847526550292969,0.9677996422182469
670,109.99282097816467,0.057996012154262644,0.0017064571380615234,0.00043642520904541016,0.0005077123641967773,0.9695885509838998
675,110.80333685874939,0.002571422269103607,0.001874995231628418,0.00046620368957519533,0.0005326986312866211,0.9695885509838998
680,111.63615798950195,0.01271499816797359,0.0018117189407348632,0.0004479169845581055,0.0005158185958862305,0.9695885509838998
685,112.47386908531189,0.0006853959284200073,0.0018330097198486328,0.00047299861907958987,0.00045020580291748046,0.9570661896243292
690,113.23940300941467,0.04286398566478056,0.0018962860107421876,0.0004912853240966797,0.0004885911941528321,0.962432915921288
695,114.02132511138916,0.010391830249642454,0.0019808530807495115,0.0005346536636352539,0.0004921197891235351,0.9713774597495528
700,114.78403091430664,0.1804816835560615,0.0019802570343017576,0.0004776954650878906,0.00047430992126464846,0.9677996422182469
705,115.58924698829651,0.0040501159381392425,0.0020435333251953127,0.0004959821701049805,0.0005144834518432617,0.9588550983899821
710,116.353835105896,0.16160230192494965,0.0016644716262817383,0.0004432201385498047,0.0004925966262817383,0.9588550983899821
715,117.1212260723114,0.06280818895311313,0.0018543004989624023,0.0004980802536010742,0.0004568815231323242,0.9588550983899821
720,117.90018820762634,0.026333627835268204,0.001727747917175293,0.00046150684356689454,0.0004933834075927735,0.9552772808586762
725,118.66355514526367,0.0008203518529768417,0.0018962860107421876,0.0004912853240966797,0.0004890918731689453,0.9552772808586762
730,119.45882487297058,0.004866925860648052,0.001622486114501953,0.0004500150680541992,0.0004530906677246094,0.9534883720930233
735,120.21407318115234,7.390985743427336e-07,0.001685762405395508,0.0004683017730712891,0.00040323734283447265,0.9534883720930233
740,120.96741700172424,0.005790790405293933,0.001770329475402832,0.0005116701126098633,0.00043568611145019533,0.9499105545617174
745,121.80620121955872,0.03428469129804625,0.0017697334289550782,0.0004547119140625,0.0004815578460693359,0.9552772808586762
750,122.55523824691772,0.007317244576236703,0.001622486114501953,0.0004500150680541992,0.0004425525665283203,0.9499105545617174
755,123.3250470161438,0.05798659561959028,0.001812314987182617,0.0005048751831054687,0.00042805671691894533,0.9516994633273703
760,124.080148935318,0.0018943140163173665,0.0017697334289550782,0.0004547119140625,0.00047414302825927735,0.9499105545617174
765,124.88201212882996,0.226291651831572,0.0017064571380615234,0.00043642520904541016,0.0005351543426513672,0.962432915921288
770,125.7222831249237,0.20161223104018972,0.001917576789855957,0.0005163669586181641,0.0004973411560058594,0.962432915921288
775,126.51163005828857,0.03497201541176764,0.0017484426498413086,0.0004296302795410156,0.0005048990249633789,0.9481216457960644
780,127.27297401428223,0.0034085950141189867,0.001917576789855957,0.0005163669586181641,0.0005042314529418946,0.9445438282647585
785,128.05280113220215,0.02600350374991649,0.0016437768936157227,0.0004750967025756836,0.000555419921875,0.9427549194991055
790,128.84429097175598,0.0005388140270952135,0.001685762405395508,0.0004683017730712891,0.00048007965087890623,0.9123434704830053
795,129.6315450668335,0.13317038464858227,0.0018117189407348632,0.0004479169845581055,0.0004955291748046875,0.9499105545617174
800,130.41852593421936,0.006686765412814566,0.0016437768936157227,0.0004750967025756836,0.0004663944244384766,0.9320214669051878
805,131.24842405319214,0.31557839988098096,0.001622486114501953,0.0004500150680541992,0.0005701303482055664,0.9499105545617174
810,132.11852526664734,0.8075639963199137,0.0017910242080688477,0.0004797935485839844,0.0006103038787841797,0.9767441860465116
815,132.93764305114746,0.18276283739323845,0.0018543004989624023,0.0004980802536010742,0.0005377531051635742,0.9552772808586762
820,133.72683310508728,0.1560171144128418,0.001685762405395508,0.0004683017730712891,0.0004968881607055664,0.9516994633273703
825,134.54819989204407,0.11228529147784912,0.0015592098236083985,0.00043172836303710936,0.0004589319229125977,0.9570661896243292
830,135.37035202980042,0.12674434452922015,0.001685762405395508,0.0004683017730712891,0.0005817890167236328,0.9677996422182469
835,136.21884608268738,0.09553680208137365,0.001874995231628418,0.00046620368957519533,0.000502920150756836,0.9785330948121646
840,137.03963017463684,0.10076051906912084,0.0017490386962890625,0.00048658847808837893,0.0005875825881958008,0.9821109123434705
845,137.87457728385925,0.02630328010874905,0.0020015478134155274,0.000502777099609375,0.0006041049957275391,0.9838998211091234
850,138.71996116638184,0.20103024840862532,0.0017490386962890625,0.00048658847808837893,0.00048553943634033203,0.9803220035778175
855,139.56946921348572,0.08453511265082056,0.0017490386962890625,0.00048658847808837893,0.0005906343460083008,0.9731663685152058
860,140.33522605895996,0.26352059021619423,0.001916980743408203,0.0004594087600708008,0.0005023717880249023,0.9803220035778175
865,141.1402711868286,0.09637858750297709,0.001959562301635742,0.0005095720291137696,0.0004932641983032227,0.9821109123434705
870,141.96091222763062,0.024059384227126657,0.0018330097198486328,0.00047299861907958987,0.0005112648010253906,0.9821109123434705
875,142.76187896728516,0.0003225524331469387,0.0017697334289550782,0.0004547119140625,0.0004783153533935547,0.9803220035778175
880,143.56269526481628,0.046183162729806784,0.002064228057861328,0.00046410560607910154,0.0005018234252929688,0.9803220035778175
885,144.36251425743103,0.0030237767026278562,0.001875591278076172,0.0005231618881225586,0.0004876852035522461,0.9785330948121646
890,145.17176914215088,0.0008313606838953547,0.0016644716262817383,0.0004432201385498047,0.00047054290771484373,0.9749552772808586
895,145.95636701583862,0.3673607977500083,0.0017697334289550782,0.0004547119140625,0.0005223751068115234,0.9803220035778175
900,146.76352095603943,0.008733350274491158,0.0016644716262817383,0.0004432201385498047,0.0004663944244384766,0.9821109123434705
905,147.57886409759521,0.00328859347478101,0.0017070531845092773,0.0004933834075927735,0.0005805492401123047,0.9821109123434705
910,148.40390610694885,0.18724216572009028,0.0018962860107421876,0.0004912853240966797,0.0005071163177490234,0.9785330948121646
915,149.20092511177063,0.013055872662462775,0.001622486114501953,0.0004500150680541992,0.00047516822814941406,0.9749552772808586
920,150.00165915489197,0.19293777595521674,0.0017064571380615234,0.00043642520904541016,0.0005490064620971679,0.9785330948121646
925,150.7968351840973,0.06876784415945991,0.0017910242080688477,0.0004797935485839844,0.0005808591842651368,0.9821109123434705
930,151.6384711265564,0.014443454431238933,0.001685762405395508,0.0004683017730712891,0.000583815574645996,0.9731663685152058
935,152.43536520004272,0.00016555578768304713,0.001874995231628418,0.00046620368957519533,0.00046672821044921873,0.9731663685152058
940,153.24782705307007,0.004584585033455824,0.0016644716262817383,0.0004432201385498047,0.0004770040512084961,0.9713774597495528
945,154.04753994941711,0.03113028963657598,0.0017064571380615234,0.00043642520904541016,0.000495004653930664,0.9713774597495528
950,154.80816626548767,0.090978993338652,0.0017064571380615234,0.00043642520904541016,0.000463104248046875,0.9660107334525939
955,155.56248593330383,0.010650165752851137,0.001874995231628418,0.00046620368957519533,0.0004881620407104492,0.962432915921288
960,156.36145520210266,0.008096527241288242,0.0018117189407348632,0.0004479169845581055,0.0005159139633178711,0.9534883720930233
965,157.17165422439575,0.00023150558846509738,0.0018330097198486328,0.00047299861907958987,0.00046105384826660155,0.9481216457960644
970,157.9617509841919,0.039717327151970495,0.0018962860107421876,0.0004912853240966797,0.00048661231994628906,0.9534883720930233
975,158.71425008773804,0.002892719215221007,0.0019808530807495115,0.0005346536636352539,0.0005097866058349609,0.9660107334525939
980,159.50882601737976,0.19772171744263858,0.0019802570343017576,0.0004776954650878906,0.0004788875579833984,0.924865831842576
985,160.2606360912323,0.0629398340699936,0.0020435333251953127,0.0004959821701049805,0.0004958868026733399,0.9570661896243292
990,161.00607800483704,0.13862073401772362,0.0016644716262817383,0.0004432201385498047,0.00048089027404785156,0.9677996422182469
995,161.7561981678009,0.16181971187044866,0.0018543004989624023,0.0004980802536010742,0.00044629573822021487,0.9355992844364938
1000,162.50476813316345,0.02407985076897603,0.001727747917175293,0.00046150684356689454,0.0004692554473876953,0.9785330948121646
1005,163.2939031124115,0.005039060680989848,0.0018962860107421876,0.0004912853240966797,0.0005252599716186523,0.9785330948121646
1010,164.0878551006317,0.03402429977436583,0.001622486114501953,0.0004500150680541992,0.00047001838684082033,0.9767441860465116
1015,164.8419382572174,3.1471576463104613e-06,0.001685762405395508,0.0004683017730712891,0.00040204524993896483,0.9785330948121646
1020,165.61167001724243,0.003264494788619743,0.001770329475402832,0.0005116701126098633,0.0004189014434814453,0.9785330948121646
1025,166.40962505340576,0.03412791350065732,0.0017697334289550782,0.0004547119140625,0.00046837329864501953,0.9749552772808586
1030,167.15933513641357,0.014957775519725658,0.001622486114501953,0.0004500150680541992,0.0004572868347167969,0.9749552772808586
1035,167.95242309570312,0.02376192976121274,0.001812314987182617,0.0005048751831054687,0.00044786930084228516,0.9713774597495528
1040,168.80909204483032,0.005949383101221883,0.0017697334289550782,0.0004547119140625,0.0005290508270263672,0.9660107334525939
1045,169.62038016319275,0.05441620509847951,0.0017064571380615234,0.00043642520904541016,0.0004665374755859375,0.9713774597495528
1050,170.3727741241455,0.04666011321773027,0.001917576789855957,0.0005163669586181641,0.0004891633987426757,0.9749552772808586
1055,171.1209681034088,0.014051986937671757,0.0017484426498413086,0.0004296302795410156,0.00048515796661376955,0.9713774597495528
1060,171.88808608055115,0.0007745440219323995,0.001917576789855957,0.0005163669586181641,0.00044739246368408203,0.9695885509838998
1065,172.6278269290924,7.462762908971854e-06,0.0016437768936157227,0.0004750967025756836,0.0004156589508056641,0.9695885509838998
1070,173.41864490509033,0.0009320055869494581,0.001685762405395508,0.0004683017730712891,0.0004548311233520508,0.9677996422182469
1075,174.2260501384735,0.05150127066654022,0.0018117189407348632,0.0004479169845581055,0.0005205869674682617,0.9695885509838998
1080,175.00430417060852,0.00010217492277035945,0.0016437768936157227,0.0004750967025756836,0.0004859447479248047,0.9749552772808586
1085,175.81020307540894,0.38207391900311904,0.001622486114501953,0.0004500150680541992,0.0004807710647583008,0.9695885509838998
1090,176.6082911491394,0.24333709851098603,0.0017910242080688477,0.0004797935485839844,0.0004744768142700195,0.9033989266547406
1095,177.35250306129456,0.2179856856441731,0.0018543004989624023,0.0004980802536010742,0.00045578479766845704,0.9785330948121646
1100,178.16500210762024,0.2767223684762058,0.001685762405395508,0.0004683017730712891,0.00047981739044189453,0.9767441860465116
1105,178.95065331459045,0.03347721405351791,0.0015592098236083985,0.00043172836303710936,0.00044200420379638674,0.9516994633273703
1110,179.72272109985352,0.11102022037436683,0.001685762405395508,0.0004683017730712891,0.0004900932312011719,0.9338103756708408
1115,180.5910861492157,0.037961638710295634,0.001874995231628418,0.00046620368957519533,0.000553584098815918,0.9338103756708408
1120,181.43528604507446,0.592185266631715,0.0017490386962890625,0.00048658847808837893,0.0005907058715820312,0.9373881932021467
1125,182.270250082016,0.22990895067123346,0.0020015478134155274,0.000502777099609375,0.0005034685134887695,0.9552772808586762
1130,183.04642295837402,0.24841092859323907,0.0017490386962890625,0.00048658847808837893,0.0005078554153442383,0.9767441860465116
1135,183.9191370010376,0.06093749459436282,0.0017490386962890625,0.00048658847808837893,0.0005619049072265625,0.9767441860465116
1140,184.71070218086243,0.2769988507033361,0.001916980743408203,0.0004594087600708008,0.0005246639251708984,0.9731663685152058
1145,185.47154927253723,0.09407464606034921,0.001959562301635742,0.0005095720291137696,0.00048635005950927737,0.9767441860465116
1150,186.31506514549255,0.01665540980207254,0.0018330097198486328,0.00047299861907958987,0.0005729913711547852,0.9695885509838998
1155,187.13564109802246,0.00037285261787474157,0.0017697334289550782,0.0004547119140625,0.0004697561264038086,0.9695885509838998
1160,187.90621209144592,0.13922448772646162,0.002064228057861328,0.00046410560607910154,0.0005134105682373047,0.9713774597495528
1165,188.66830205917358,0.00993790049865737,0.001875591278076172,0.0005231618881225586,0.0004966259002685547,0.9731663685152058
1170,189.45574116706848,0.0028543941300611664,0.0016644716262817383,0.0004432201385498047,0.0005656003952026368,0.9713774597495528
1175,190.2820179462433,0.3567623952064224,0.0017697334289550782,0.0004547119140625,0.0005510330200195312,0.9767441860465116
1180,191.0665421485901,0.01044662374786185,0.0016644716262817383,0.0004432201385498047,0.00047500133514404296,0.9803220035778175
1185,191.90491104125977,0.0021788196199537422,0.0017070531845092773,0.0004933834075927735,0.0005609989166259766,0.9803220035778175
1190,192.72238421440125,0.8981758458656273,0.0018962860107421876,0.0004912853240966797,0.0005122661590576172,0.9660107334525939
1195,193.50512313842773,0.015610936831184575,0.001622486114501953,0.0004500150680541992,0.0004449605941772461,0.9570661896243292
1200,194.3137390613556,0.17695466269399845,0.0017064571380615234,0.00043642520904541016,0.0006102800369262695,0.9731663685152058
1205,195.14136409759521,0.14448084696161345,0.0017910242080688477,0.0004797935485839844,0.0005189895629882813,0.9785330948121646
1210,195.95368909835815,0.04703497007704129,0.001685762405395508,0.0004683017730712891,0.000481104850769043,0.960644007155635
1215,196.74483513832092,0.001017321203177346,0.001874995231628418,0.00046620368957519533,0.00048274993896484374,0.9570661896243292
1220,197.5546522140503,0.04324916539482189,0.0016644716262817383,0.0004432201385498047,0.0005105018615722656,0.9552772808586762
1225,198.3303349018097,0.01190709874338296,0.0017064571380615234,0.00043642520904541016,0.00047049522399902346,0.9463327370304114
1230,199.12406015396118,0.06179396171569636,0.0017064571380615234,0.00043642520904541016,0.0005038976669311523,0.960644007155635
1235,200.0008351802826,0.009009867773796287,0.001874995231628418,0.00046620368957519533,0.0005901336669921875,0.9695885509838998
1240,200.82957792282104,0.02774705997267688,0.0018117189407348632,0.0004479169845581055,0.0005076885223388672,0.9713774597495528
1245,201.62559413909912,0.003485946353181646,0.0018330097198486328,0.00047299861907958987,0.00048122406005859377,0.9713774597495528
1250,202.47391200065613,0.04668439453395621,0.0018962860107421876,0.0004912853240966797,0.000481104850769043,0.9677996422182469
1255,203.26083612442017,0.012221946579992959,0.0019808530807495115,0.0005346536636352539,0.00048389434814453123,0.9660107334525939
1260,204.04631304740906,0.041008861642626473,0.0019802570343017576,0.0004776954650878906,0.0005063295364379882,0.964221824686941
1265,204.80738806724548,0.0037754504432228942,0.0020435333251953127,0.0004959821701049805,0.0004991292953491211,0.960644007155635
1270,205.57225394248962,0.26470964156963106,0.0016644716262817383,0.0004432201385498047,0.0004823923110961914,0.9677996422182469
1275,206.37081694602966,0.03215498595986901,0.0018543004989624023,0.0004980802536010742,0.00046298503875732424,0.9821109123434705
1280,207.13122010231018,0.0457720003851307,0.001727747917175293,0.00046150684356689454,0.000502324104309082,0.9856887298747764
1285,207.91884994506836,0.010637777836262786,0.0018962860107421876,0.0004912853240966797,0.00048370361328125,0.9856887298747764
1290,208.71277809143066,0.05464751365172447,0.001622486114501953,0.0004500150680541992,0.0004400014877319336,0.9821109123434705
1295,209.50067925453186,1.2457651082797839e-05,0.001685762405395508,0.0004683017730712891,0.00043115615844726565,0.9803220035778175
1300,210.25905299186707,0.005145331563278432,0.001770329475402832,0.0005116701126098633,0.00045313835144042967,0.9785330948121646
1305,211.0215458869934,0.058842996293994074,0.0017697334289550782,0.0004547119140625,0.00047926902770996095,0.9785330948121646
1310,211.82129621505737,0.016267806318660406,0.001622486114501953,0.0004500150680541992,0.00045766830444335935,0.9767441860465116
1315,212.6253960132599,0.05904159506285396,0.001812314987182617,0.0005048751831054687,0.00047817230224609373,0.9767441860465116
1320,213.38529706001282,0.07542228624079143,0.0017697334289550782,0.0004547119140625,0.0004741907119750977,0.9731663685152058
1325,214.21483206748962,0.011095652787572874,0.0017064571380615234,0.00043642520904541016,0.0004879951477050781,0.9731663685152058
1330,215.0245611667633,0.04515367618562323,0.001917576789855957,0.0005163669586181641,0.00047779083251953125,0.9767441860465116
1335,215.7774691581726,0.007821287421758426,0.0017484426498413086,0.0004296302795410156,0.00048439502716064454,0.9767441860465116
1340,216.53024625778198,4.909375060151433e-05,0.001917576789855957,0.0005163669586181641,0.0004698038101196289,0.9767441860465116
1345,217.3381781578064,0.0003924539914414993,0.0016437768936157227,0.0004750967025756836,0.0004598140716552734,0.9767441860465116
1350,218.2257800102234,0.00016996699351921052,0.001685762405395508,0.0004683017730712891,0.00044629573822021487,0.9767441860465116
1355,219.0816400051117,0.006360016448843453,0.0018117189407348632,0.0004479169845581055,0.00048809051513671876,0.9767441860465116
1360,219.90623807907104,0.001169263546040611,0.0016437768936157227,0.0004750967025756836,0.0005005359649658203,0.9767441860465116
1365,220.70094799995422,0.4685195391164626,0.001622486114501953,0.0004500150680541992,0.0005014419555664062,0.9838998211091234
1370,221.50211310386658,0.3518536994888592,0.0017910242080688477,0.0004797935485839844,0.0004719734191894531,0.9713774597495528
1375,222.27944493293762,0.08430696577082131,0.0018543004989624023,0.0004980802536010742,0.0004355907440185547,0.9391771019677997
1380,223.14404106140137,0.2977502654922205,0.001685762405395508,0.0004683017730712891,0.0006144523620605468,0.9516994633273703
1385,223.9367322921753,0.04030663512701409,0.0015592098236083985,0.00043172836303710936,0.0004435539245605469,0.9534883720930233
1390,224.74474120140076,0.12806978486669607,0.001685762405395508,0.0004683017730712891,0.0005019664764404297,0.962432915921288
1395,225.5500509738922,0.054808657756564114,0.001874995231628418,0.00046620368957519533,0.00046720504760742185,0.9749552772808586
1400,226.36112785339355,0.07813411628912945,0.0017490386962890625,0.00048658847808837893,0.0004792928695678711,0.9803220035778175
1405,227.21055793762207,0.002825689462497394,0.0020015478134155274,0.000502777099609375,0.0005687236785888672,0.9856887298747764
1410,227.97981309890747,0.19715552712885226,0.0017490386962890625,0.00048658847808837893,0.0005079984664916992,0.9838998211091234
1415,228.78468108177185,0.04949666459617674,0.0017490386962890625,0.00048658847808837893,0.0004548072814941406,0.9856887298747764
1420,229.58081889152527,0.15818704012781382,0.001916980743408203,0.0004594087600708008,0.0005103826522827148,0.9856887298747764
1425,230.41698002815247,0.07898792609912988,0.001959562301635742,0.0005095720291137696,0.0005695343017578125,0.9874776386404294
1430,231.28079795837402,0.0020974841493057285,0.0018330097198486328,0.00047299861907958987,0.0005170583724975586,0.9821109123434705
1435,232.0407521724701,1.0359446926599958e-05,0.0017697334289550782,0.0004547119140625,0.00044918060302734375,0.9785330948121646
1440,232.79845309257507,0.011468006572616929,0.002064228057861328,0.00046410560607910154,0.0005141496658325195,0.9785330948121646
1445,233.58947610855103,0.0004740605366663431,0.001875591278076172,0.0005231618881225586,0.0005365371704101563,0.9785330948121646
1450,234.42543625831604,0.0005472923047008749,0.0016644716262817383,0.0004432201385498047,0.0004661083221435547,0.9785330948121646
1455,235.19812393188477,0.45769698160205935,0.0017697334289550782,0.0004547119140625,0.0005261182785034179,0.9838998211091234
1460,236.03217816352844,0.010207204520195034,0.0016644716262817383,0.0004432201385498047,0.0004549503326416016,0.9856887298747764
1465,236.81193208694458,0.00034809466934859756,0.0017070531845092773,0.0004933834075927735,0.0004920244216918945,0.9821109123434705
1470,237.5846929550171,0.0904765277140541,0.0018962860107421876,0.0004912853240966797,0.0005158185958862305,0.9838998211091234
1475,238.42598295211792,0.0034700345432398193,0.001622486114501953,0.0004500150680541992,0.0005832433700561524,0.9838998211091234
1480,239.19422507286072,0.12117455064814067,0.0017064571380615234,0.00043642520904541016,0.0004915952682495117,0.9838998211091234
1485,239.97742700576782,0.015436362368261314,0.0017910242080688477,0.0004797935485839844,0.00048265457153320315,0.9838998211091234
1490,240.76641416549683,0.016896437962864753,0.001685762405395508,0.0004683017730712891,0.00045459270477294923,0.9838998211091234
1495,241.5456781387329,0.00016186097368660058,0.001874995231628418,0.00046620368957519533,0.00046896934509277344,0.9838998211091234
1500,242.307373046875,0.0058567239173527245,0.0016644716262817383,0.0004432201385498047,0.00047760009765625,0.9821109123434705
1505,243.0984902381897,0.040839893673553715,0.0017064571380615234,0.00043642520904541016,0.0005152940750122071,0.9785330948121646
1510,243.8941309452057,0.026362125761085053,0.0017064571380615234,0.00043642520904541016,0.0005069255828857421,0.9785330948121646
1515,244.66385006904602,0.004618988755919417,0.001874995231628418,0.00046620368957519533,0.0005385875701904297,0.9785330948121646
1520,245.4433469772339,0.02825886226515024,0.0018117189407348632,0.0004479169845581055,0.0005134820938110351,0.9785330948121646
1525,246.31538105010986,0.0005947779462616154,0.0018330097198486328,0.00047299861907958987,0.000443267822265625,0.9749552772808586
1530,247.07122611999512,0.025710645957680356,0.0018962860107421876,0.0004912853240966797,0.0004750728607177734,0.9749552772808586
1535,247.8299241065979,0.010657853452724454,0.0019808530807495115,0.0005346536636352539,0.0004709959030151367,0.9731663685152058
1540,248.62669205665588,0.018443855061205737,0.0019802570343017576,0.0004776954650878906,0.0004940509796142578,0.9749552772808586
1545,249.43116307258606,0.002697377283402602,0.0020435333251953127,0.0004959821701049805,0.0005203962326049804,0.9749552772808586
1550,250.18962502479553,0.23435949128706995,0.0016644716262817383,0.0004432201385498047,0.00048351287841796875,0.9803220035778175
1555,250.9402952194214,0.026191996718989686,0.0018543004989624023,0.0004980802536010742,0.00045833587646484377,0.9821109123434705
1560,251.69522500038147,0.04795519133832329,0.001727747917175293,0.00046150684356689454,0.0004917860031127929,0.9838998211091234
1565,252.44769096374512,0.013221460025053488,0.0018962860107421876,0.0004912853240966797,0.00048041343688964844,0.9856887298747764
1570,253.25222492218018,0.04474531130399555,0.001622486114501953,0.0004500150680541992,0.0005031824111938477,0.9856887298747764
1575,254.06207013130188,8.642706305295178e-07,0.001685762405395508,0.0004683017730712891,0.00041768550872802737,0.9856887298747764
1580,254.8229329586029,0.0014549865392837092,0.001770329475402832,0.0005116701126098633,0.0004189014434814453,0.9838998211091234
1585,255.61564898490906,0.03298193920709593,0.0017697334289550782,0.0004547119140625,0.0005987167358398437,0.9838998211091234
1590,256.44693398475647,0.021764365368291294,0.001622486114501953,0.0004500150680541992,0.00044422149658203126,0.9838998211091234
1595,257.1948709487915,0.05075467057951215,0.001812314987182617,0.0005048751831054687,0.0004513263702392578,0.9838998211091234
1600,257.94304513931274,0.07722504590037857,0.0017697334289550782,0.0004547119140625,0.00044829845428466796,0.9803220035778175
1605,258.738312959671,0.013926646631995254,0.0017064571380615234,0.00043642520904541016,0.00045964717864990237,0.9767441860465116
1610,259.51746916770935,0.02202769734926733,0.001917576789855957,0.0005163669586181641,0.00046870708465576174,0.9713774597495528
1615,260.2881898880005,0.010242431470305745,0.0017484426498413086,0.0004296302795410156,0.0004959344863891601,0.9713774597495528
1620,261.03823804855347,3.443556748976562e-05,0.001917576789855957,0.0005163669586181641,0.0004563093185424805,0.9713774597495528
1625,261.8789932727814,2.590119203347285e-05,0.0016437768936157227,0.0004750967025756836,0.00045142173767089846,0.9713774597495528
1630,262.6670410633087,2.6538858425340094e-05,0.001685762405395508,0.0004683017730712891,0.00043761730194091797,0.9713774597495528
1635,263.4137210845947,0.016017366531968946,0.0018117189407348632,0.0004479169845581055,0.0004822969436645508,0.9713774597495528
1640,264.1604950428009,0.00011573019688739805,0.0016437768936157227,0.0004750967025756836,0.00044503211975097654,0.9713774597495528
1645,264.92842507362366,0.2746621545869914,0.001622486114501953,0.0004500150680541992,0.0004803180694580078,0.9713774597495528
1650,265.67964220046997,1.1207111343741432,0.0017910242080688477,0.0004797935485839844,0.0004895448684692383,0.9838998211091234
1655,266.46986508369446,0.031898795068268274,0.0018543004989624023,0.0004980802536010742,0.00044579505920410155,0.960644007155635
1660,267.2541980743408,0.18921369905110624,0.001685762405395508,0.0004683017730712891,0.0004659891128540039,0.9481216457960644
1665,268.0065829753876,0.008128612116553312,0.0015592098236083985,0.00043172836303710936,0.00044741630554199217,0.9355992844364938
1670,268.7632939815521,0.06323556385468691,0.001685762405395508,0.0004683017730712891,0.00047054290771484373,0.9230769230769231
1675,269.58641505241394,0.9621305181936008,0.001874995231628418,0.00046620368957519533,0.000469207763671875,0.960644007155635
1680,270.3720829486847,0.21570902702032982,0.0017490386962890625,0.00048658847808837893,0.000626516342163086,0.9695885509838998
1685,271.21110820770264,0.006463124241253127,0.0020015478134155274,0.000502777099609375,0.0004928350448608398,0.9803220035778175
1690,271.96750116348267,0.23934984477432408,0.0017490386962890625,0.00048658847808837893,0.00047369003295898436,0.9695885509838998
1695,272.74976897239685,0.11733014477158576,0.0017490386962890625,0.00048658847808837893,0.00046885013580322266,0.9713774597495528
1700,273.54896306991577,0.1692978585168035,0.001916980743408203,0.0004594087600708008,0.0005267381668090821,0.9588550983899821
1705,274.3495271205902,0.38164578250064096,0.001959562301635742,0.0005095720291137696,0.0005254268646240235,0.9713774597495528
1710,275.1549172401428,0.00990779178100638,0.0018330097198486328,0.00047299861907958987,0.0004817962646484375,0.9695885509838998
1715,275.9652590751648,0.00019442467746557667,0.0017697334289550782,0.0004547119140625,0.0005130529403686524,0.962432915921288
1720,276.9033432006836,0.09637872483591821,0.002064228057861328,0.00046410560607910154,0.0005953550338745117,0.9660107334525939
1725,277.73202109336853,0.5069360518936946,0.001875591278076172,0.0005231618881225586,0.00048689842224121095,0.9534883720930233
1730,278.5041971206665,0.00011369730201238326,0.0016644716262817383,0.0004432201385498047,0.0004884243011474609,0.8711985688729875
1735,279.32673811912537,1.4598195119637238,0.0017697334289550782,0.0004547119140625,0.0005800485610961914,0.9552772808586762
1740,280.1388761997223,0.020022245806785577,0.0016644716262817383,0.0004432201385498047,0.0005113840103149414,0.964221824686941
1745,280.96120285987854,0.015491024004495558,0.0017070531845092773,0.0004933834075927735,0.0005701780319213867,0.9660107334525939
1750,281.776034116745,0.6683129314307962,0.0018962860107421876,0.0004912853240966797,0.0005378007888793945,0.9695885509838998
1755,282.5552890300751,0.02117349598606779,0.001622486114501953,0.0004500150680541992,0.0004969596862792969,0.9749552772808586
1760,283.37562227249146,0.1056394911613097,0.0017064571380615234,0.00043642520904541016,0.0005182504653930664,0.9749552772808586
1765,284.1548001766205,0.02703139321565686,0.0017910242080688477,0.0004797935485839844,0.0005138635635375977,0.9767441860465116
1770,284.9676730632782,0.06253700472589116,0.001685762405395508,0.0004683017730712891,0.00047016143798828125,0.9803220035778175
1775,285.7916750907898,0.0017385812473207807,0.001874995231628418,0.00046620368957519533,0.0004731893539428711,0.9803220035778175
1780,286.6112160682678,0.009174690344919157,0.0016644716262817383,0.0004432201385498047,0.0004974842071533203,0.9803220035778175
1785,287.3831732273102,0.0332739029954439,0.0017064571380615234,0.00043642520904541016,0.0004915952682495117,0.9803220035778175
1790,288.15984416007996,0.0604246032457695,0.0017064571380615234,0.00043642520904541016,0.0005697488784790039,0.9803220035778175
1795,288.98160791397095,0.011325922672207866,0.001874995231628418,0.00046620368957519533,0.0004995107650756836,0.9803220035778175
1800,289.77486419677734,0.03965047584245553,0.0018117189407348632,0.0004479169845581055,0.000539851188659668,0.9803220035778175
1805,290.5886640548706,0.003086282418007613,0.0018330097198486328,0.00047299861907958987,0.0005016088485717774,0.9803220035778175
1810,291.4347331523895,0.04000408071661923,0.0018962860107421876,0.0004912853240966797,0.0006359100341796875,0.9785330948121646
1815,292.20592522621155,0.01645631716621949,0.0019808530807495115,0.0005346536636352539,0.0005026817321777344,0.9713774597495528
1820,293.09608221054077,0.06343203593583269,0.0019802570343017576,0.0004776954650878906,0.0005159616470336914,0.9785330948121646
1825,293.89844012260437,0.008538393419769363,0.0020435333251953127,0.0004959821701049805,0.0005733966827392578,0.9785330948121646
1830,294.7129259109497,0.19696011871876634,0.0016644716262817383,0.0004432201385498047,0.0004791975021362305,0.9785330948121646
1835,295.47567319869995,0.027389966543955778,0.0018543004989624023,0.0004980802536010742,0.0004722833633422852,0.9821109123434705
1840,296.30975794792175,0.04108374922005424,0.001727747917175293,0.00046150684356689454,0.0005707263946533204,0.9856887298747764
1845,297.1166121959686,0.01445436346787261,0.0018962860107421876,0.0004912853240966797,0.0005391597747802735,0.9838998211091234
1850,297.9246189594269,0.0613458608515657,0.001622486114501953,0.0004500150680541992,0.00053558349609375,0.9838998211091234
1855,298.7283980846405,1.2016719820451271e-05,0.001685762405395508,0.0004683017730712891,0.00044209957122802733,0.9874776386404294
1860,299.51956820487976,0.0021884298302666137,0.001770329475402832,0.0005116701126098633,0.00043687820434570315,0.9874776386404294
1865,300.328989982605,0.022065333417465638,0.0017697334289550782,0.0004547119140625,0.0004984855651855469,0.9856887298747764
1870,301.0830841064453,0.04723699108211292,0.001622486114501953,0.0004500150680541992,0.000431370735168457,0.9874776386404294
1875,301.8580479621887,0.06710102359417078,0.001812314987182617,0.0005048751831054687,0.000499892234802246,0.9856887298747764
1880,302.65230321884155,0.09392618987349124,0.0017697334289550782,0.0004547119140625,0.00048787593841552733,0.9856887298747764
1885,303.4173412322998,0.005282899112809503,0.0017064571380615234,0.00043642520904541016,0.0005236148834228515,0.9838998211091234
1890,304.21156191825867,0.01618485114199757,0.001917576789855957,0.0005163669586181641,0.0005733013153076172,0.9838998211091234
1895,305.02014803886414,0.008365396873580266,0.0017484426498413086,0.0004296302795410156,0.0004924297332763672,0.9821109123434705
1900,305.8281111717224,5.146642000681822e-05,0.001917576789855957,0.0005163669586181641,0.0004389762878417969,0.9821109123434705
1905,306.62482714653015,0.00011113018784101314,0.0016437768936157227,0.0004750967025756836,0.00044419765472412107,0.9821109123434705
1910,307.4143979549408,0.0001399564158191424,0.001685762405395508,0.0004683017730712891,0.00048263072967529296,0.9821109123434705
1915,308.22958517074585,0.009538431498550892,0.0018117189407348632,0.0004479169845581055,0.0004918336868286133,0.9821109123434705
1920,308.9774992465973,0.00020255402978435199,0.0016437768936157227,0.0004750967025756836,0.000457763671875,0.9821109123434705
1925,309.7348668575287,0.3402856856031633,0.001622486114501953,0.0004500150680541992,0.000506138801574707,0.9821109123434705
1930,310.6014242172241,0.39863189057338105,0.0017910242080688477,0.0004797935485839844,0.00048530101776123047,0.9856887298747764
1935,311.3535900115967,0.03020348942739588,0.0018543004989624023,0.0004980802536010742,0.00047168731689453127,0.9874776386404294
1940,312.1057620048523,0.11941757801913014,0.001685762405395508,0.0004683017730712891,0.0004555225372314453,0.9856887298747764
1945,312.91568517684937,0.0018409882678966482,0.0015592098236083985,0.00043172836303710936,0.0005357980728149414,0.9821109123434705
1950,313.7037920951843,0.008478061630586353,0.001685762405395508,0.0004683017730712891,0.00047926902770996095,0.9803220035778175
1955,314.51955914497375,0.08067431694673957,0.001874995231628418,0.00046620368957519533,0.0004834890365600586,0.9803220035778175
1960,315.27645802497864,0.06638756044713005,0.0017490386962890625,0.00048658847808837893,0.000479888916015625,0.9892665474060823
1965,316.0450620651245,0.002568924054511967,0.0020015478134155274,0.000502777099609375,0.0005206823348999024,0.9856887298747764
1970,316.8142032623291,0.2616892772794358,0.0017490386962890625,0.00048658847808837893,0.00047352313995361326,0.9838998211091234
1975,317.568480014801,0.1830345806876153,0.0017490386962890625,0.00048658847808837893,0.0004682302474975586,0.9892665474060823
1980,318.3398451805115,0.11122233541819213,0.001916980743408203,0.0004594087600708008,0.0004983901977539063,0.9803220035778175
1985,319.08856296539307,0.3007042382053385,0.001959562301635742,0.0005095720291137696,0.00048584938049316405,0.9856887298747764
1990,319.83950304985046,0.0034959682738417543,0.0018330097198486328,0.00047299861907958987,0.00047760009765625,0.9892665474060823
1995,320.5925712585449,0.0002526173580690738,0.0017697334289550782,0.0004547119140625,0.00045032501220703124,0.9892665474060823
2000,321.36993622779846,0.006598061662452892,0.002064228057861328,0.00046410560607910154,0.0005015850067138672,0.9892665474060823
2005,322.12221097946167,0.004897799540015057,0.001875591278076172,0.0005231618881225586,0.00045032501220703124,0.9892665474060823
2010,322.8976151943207,0.0017321474931122794,0.0016644716262817383,0.0004432201385498047,0.0004563093185424805,0.9892665474060823
2015,323.7783999443054,0.16296123381039251,0.0017697334289550782,0.0004547119140625,0.0005280733108520508,0.9892665474060823
2020,324.59631419181824,0.009997354473046016,0.0016644716262817383,0.0004432201385498047,0.0005189895629882813,0.9892665474060823
2025,325.3660321235657,0.0002999619903363282,0.0017070531845092773,0.0004933834075927735,0.0004540920257568359,0.9856887298747764
2030,326.1215579509735,0.020528865449523436,0.0018962860107421876,0.0004912853240966797,0.0004893302917480469,0.9856887298747764
2035,326.9178240299225,0.0011364928460579904,0.001622486114501953,0.0004500150680541992,0.0004320859909057617,0.9856887298747764
2040,327.7911229133606,0.07879438916640993,0.0017064571380615234,0.00043642520904541016,0.0004874229431152344,0.9892665474060823
2045,328.59212589263916,0.007446701266447064,0.0017910242080688477,0.0004797935485839844,0.00048449039459228513,0.9892665474060823
2050,329.3464150428772,0.0015688078891145096,0.001685762405395508,0.0004683017730712891,0.00041706562042236327,0.9892665474060823
2055,330.1358571052551,2.406932626470848e-05,0.001874995231628418,0.00046620368957519533,0.0004933834075927735,0.9892665474060823
2060,330.9346082210541,0.0011311918053422687,0.0016644716262817383,0.0004432201385498047,0.0004624605178833008,0.9892665474060823
2065,331.709223985672,0.01755529117264132,0.0017064571380615234,0.00043642520904541016,0.00047059059143066405,0.9892665474060823
2070,332.48236203193665,0.016089531454628058,0.0017064571380615234,0.00043642520904541016,0.0004739522933959961,0.9892665474060823
2075,333.28753113746643,0.0006222023890941841,0.001874995231628418,0.00046620368957519533,0.0006048679351806641,0.9910554561717353
2080,334.0837411880493,0.008766094269289227,0.0018117189407348632,0.0004479169845581055,0.0005189418792724609,0.9910554561717353
2085,334.84025406837463,0.00021194636311463455,0.0018330097198486328,0.00047299861907958987,0.0004467010498046875,0.9892665474060823
2090,335.60883617401123,0.037830079090981884,0.0018962860107421876,0.0004912853240966797,0.00047428607940673827,0.9803220035778175
2095,336.36669421195984,0.006029609818324388,0.0019808530807495115,0.0005346536636352539,0.0005490303039550782,0.9767441860465116
2100,337.19775891304016,0.0433143063914045,0.0019802570343017576,0.0004776954650878906,0.0005094051361083984,0.9856887298747764
2105,337.96437096595764,0.0020295869384469255,0.0020435333251953127,0.0004959821701049805,0.000480961799621582,0.9892665474060823
2110,338.7596399784088,0.024375503522982456,0.0016644716262817383,0.0004432201385498047,0.0004721641540527344,0.9892665474060823
2115,339.58493304252625,0.012221859733126905,0.0018543004989624023,0.0004980802536010742,0.0004951715469360352,0.9892665474060823
2120,340.40055203437805,0.0019269793044657036,0.001727747917175293,0.00046150684356689454,0.0004497051239013672,0.9892665474060823
2125,341.18879199028015,0.0025508528003740593,0.0018962860107421876,0.0004912853240966797,0.0005453109741210937,0.9892665474060823
2130,341.95116424560547,0.01988155829894822,0.001622486114501953,0.0004500150680541992,0.00046474933624267577,0.9892665474060823
2135,342.75072622299194,5.960466182841629e-08,0.001685762405395508,0.0004683017730712891,0.0004644870758056641,0.9874776386404294
2140,343.5404999256134,0.00019161454521281484,0.001770329475402832,0.0005116701126098633,0.00043759346008300783,0.9838998211091234
2145,344.31975293159485,0.0037843313593270977,0.0017697334289550782,0.0004547119140625,0.0004428863525390625,0.9838998211091234
2150,345.0822970867157,0.09119637609122719,0.001622486114501953,0.0004500150680541992,0.00045325756072998045,0.9892665474060823
2155,345.86788511276245,0.027295598413499534,0.001812314987182617,0.0005048751831054687,0.00047607421875,0.9838998211091234
2160,346.64682698249817,0.14784399718621444,0.0017697334289550782,0.0004547119140625,0.0004753828048706055,0.9821109123434705
2165,347.41663002967834,0.037636214736539844,0.0017064571380615234,0.00043642520904541016,0.00045354366302490233,0.9767441860465116
2170,348.20876598358154,0.0048783620262156544,0.001917576789855957,0.0005163669586181641,0.0005587339401245117,0.9803220035778175
2175,348.98493003845215,0.008254461425849513,0.0017484426498413086,0.0004296302795410156,0.0004771232604980469,0.9785330948121646
2180,349.80725502967834,9.370115279239144e-06,0.001917576789855957,0.0005163669586181641,0.00047736167907714845,0.9767441860465116
2185,350.5804171562195,1.8603453203525077e-05,0.0016437768936157227,0.0004750967025756836,0.00042979717254638673,0.9767441860465116
2190,351.39926409721375,5.063101040434503e-05,0.001685762405395508,0.0004683017730712891,0.00044629573822021487,0.9767441860465116
2195,352.16047620773315,0.0019005306685144774,0.0018117189407348632,0.0004479169845581055,0.0004950523376464844,0.9767441860465116
2200,352.9129810333252,0.00012316789375006466,0.0016437768936157227,0.0004750967025756836,0.00042726993560791013,0.9767441860465116
2205,353.6672360897064,0.429535835352732,0.001622486114501953,0.0004500150680541992,0.0004961252212524414,0.9803220035778175
2210,354.55267310142517,0.24673561379322706,0.0017910242080688477,0.0004797935485839844,0.0005066633224487304,0.9856887298747764
2215,355.30731225013733,0.06572492324505816,0.0018543004989624023,0.0004980802536010742,0.0004734992980957031,0.9838998211091234
2220,356.062068939209,1.1947911162880842,0.001685762405395508,0.0004683017730712891,0.00047779083251953125,0.9838998211091234
2225,356.8158309459686,0.0012016550173484576,0.0015592098236083985,0.00043172836303710936,0.0004495859146118164,0.9838998211091234
2230,357.58679008483887,0.024867430835783466,0.001685762405395508,0.0004683017730712891,0.0005881547927856446,0.9785330948121646
2235,358.34637117385864,0.08033123250689016,0.001874995231628418,0.00046620368957519533,0.0004625082015991211,0.9803220035778175
2240,359.1240119934082,0.17619103160687927,0.0017490386962890625,0.00048658847808837893,0.0004391193389892578,0.9874776386404294
2245,359.9122669696808,0.025619390141469012,0.0020015478134155274,0.000502777099609375,0.000556325912475586,0.9892665474060823
2250,360.723268032074,0.21771652487866647,0.0017490386962890625,0.00048658847808837893,0.0005638599395751953,0.9856887298747764
2255,361.51759910583496,0.1743730791436974,0.0017490386962890625,0.00048658847808837893,0.0004657745361328125,0.9838998211091234
2260,362.2912082672119,0.12273206786935731,0.001916980743408203,0.0004594087600708008,0.0005209445953369141,0.9856887298747764
2265,363.0856602191925,0.04387415041197755,0.001959562301635742,0.0005095720291137696,0.0005136966705322265,0.9856887298747764
2270,363.8797950744629,0.002624398331249722,0.0018330097198486328,0.00047299861907958987,0.0004580974578857422,0.9856887298747764
2275,364.64819407463074,0.0036624098407060045,0.0017697334289550782,0.0004547119140625,0.00045621395111083984,0.9856887298747764
2280,365.4031331539154,0.002159121030672395,0.002064228057861328,0.00046410560607910154,0.0004969120025634765,0.9856887298747764
2285,366.17952513694763,0.007768008448067576,0.001875591278076172,0.0005231618881225586,0.0004569053649902344,0.9856887298747764
2290,366.9463059902191,0.0012817235693063367,0.0016644716262817383,0.0004432201385498047,0.0004703521728515625,0.9856887298747764
2295,367.6875009536743,0.08614900849543687,0.0017697334289550782,0.0004547119140625,0.0004897117614746094,0.9874776386404294
2300,368.4844660758972,0.01394088557844384,0.0016644716262817383,0.0004432201385498047,0.0004734992980957031,0.9838998211091234
2305,369.3069989681244,0.00018354368968971358,0.0017070531845092773,0.0004933834075927735,0.0004721164703369141,0.9821109123434705
2310,370.103581905365,0.04239274975989247,0.0018962860107421876,0.0004912853240966797,0.0005218982696533203,0.9821109123434705
2315,370.849561214447,0.006296975353303935,0.001622486114501953,0.0004500150680541992,0.00046780109405517576,0.9838998211091234
2320,371.62753105163574,0.13725504196828098,0.0017064571380615234,0.00043642520904541016,0.00047454833984375,0.9856887298747764
2325,372.3955252170563,0.060213311715099846,0.0017910242080688477,0.0004797935485839844,0.0004583597183227539,0.9892665474060823
2330,373.1955120563507,0.0019681351264026147,0.001685762405395508,0.0004683017730712891,0.0004398345947265625,0.9892665474060823
2335,374.0280010700226,6.224591034111881e-05,0.001874995231628418,0.00046620368957519533,0.0004940271377563476,0.9892665474060823
2340,374.788094997406,0.002281319743998722,0.0016644716262817383,0.0004432201385498047,0.0004530668258666992,0.9910554561717353
2345,375.57745003700256,0.017319996613355215,0.0017064571380615234,0.00043642520904541016,0.000465083122253418,0.9892665474060823
2350,376.347825050354,0.016558852047251094,0.0017064571380615234,0.00043642520904541016,0.00046720504760742185,0.9874776386404294
2355,377.12089228630066,0.0009504192865605887,0.001874995231628418,0.00046620368957519533,0.0005037546157836914,0.9856887298747764
2360,377.9311020374298,0.01596286875475812,0.0018117189407348632,0.0004479169845581055,0.000582742691040039,0.9856887298747764
2365,378.72980308532715,0.00046241790076493314,0.0018330097198486328,0.00047299861907958987,0.000481104850769043,0.9856887298747764
2370,379.53082609176636,0.019557221932834067,0.0018962860107421876,0.0004912853240966797,0.0004689455032348633,0.9803220035778175
2375,380.34340715408325,0.023499093251950855,0.0019808530807495115,0.0005346536636352539,0.0004923105239868164,0.9803220035778175
2380,381.2462069988251,0.008483864025221522,0.0019802570343017576,0.0004776954650878906,0.0005052089691162109,0.9821109123434705
2385,382.0534529685974,0.002331523173783978,0.0020435333251953127,0.0004959821701049805,0.0004835844039916992,0.9821109123434705
2390,382.89795088768005,0.20153946558663308,0.0016644716262817383,0.0004432201385498047,0.00047326087951660156,0.9874776386404294
2395,383.70912408828735,0.02668675879831426,0.0018543004989624023,0.0004980802536010742,0.00044684410095214845,0.9821109123434705
2400,384.50805020332336,0.001043947935978906,0.001727747917175293,0.00046150684356689454,0.0004445791244506836,0.9821109123434705
2405,385.4120759963989,0.0031180741905714624,0.0018962860107421876,0.0004912853240966797,0.0004369497299194336,0.9821109123434705
2410,386.1859471797943,0.09415171444870793,0.001622486114501953,0.0004500150680541992,0.000454401969909668,0.9910554561717353
2415,386.9664649963379,1.1920930376163597e-08,0.001685762405395508,0.0004683017730712891,0.0004185676574707031,0.9803220035778175
2420,387.70984506607056,0.06963322758703043,0.001770329475402832,0.0005116701126098633,0.00041353702545166016,0.9910554561717353
2425,388.4974400997162,0.0027218704605502355,0.0017697334289550782,0.0004547119140625,0.0005378007888793945,0.9838998211091234
2430,389.29041624069214,0.0025886975927363665,0.001622486114501953,0.0004500150680541992,0.0005376577377319336,0.9838998211091234
2435,390.1721122264862,0.0711490303343453,0.001812314987182617,0.0005048751831054687,0.00048568248748779295,0.9856887298747764
2440,390.97734904289246,0.01689770489192739,0.0017697334289550782,0.0004547119140625,0.000488448143005371,0.9803220035778175
2445,391.7720971107483,0.0004545635725662578,0.0017064571380615234,0.00043642520904541016,0.0004618406295776367,0.9803220035778175
2450,392.5569860935211,0.573542821315641,0.001917576789855957,0.0005163669586181641,0.0005485057830810547,0.9803220035778175
2455,393.38747215270996,0.004593176697468238,0.0017484426498413086,0.0004296302795410156,0.0005057334899902343,0.9588550983899821
2460,394.2002680301666,0.03925958668917247,0.001917576789855957,0.0005163669586181641,0.0005086660385131836,0.962432915921288
2465,395.0272660255432,6.50604218776607e-05,0.0016437768936157227,0.0004750967025756836,0.00045769214630126954,0.9695885509838998
2470,395.84470295906067,9.32593569132223e-05,0.001685762405395508,0.0004683017730712891,0.00044798851013183594,0.9695885509838998
2475,396.6931309700012,0.008709883732332457,0.0018117189407348632,0.0004479169845581055,0.0006417036056518555,0.9695885509838998
2480,397.509681224823,0.00019397803071683484,0.0016437768936157227,0.0004750967025756836,0.0005906105041503906,0.9695885509838998
2485,398.30209398269653,0.2781689512025892,0.001622486114501953,0.0004500150680541992,0.0004857778549194336,0.9821109123434705
2490,399.0989601612091,0.48489534900291603,0.0017910242080688477,0.0004797935485839844,0.0004942893981933593,0.9874776386404294
2495,399.8877000808716,0.053818652792580225,0.0018543004989624023,0.0004980802536010742,0.0004714012145996094,0.9910554561717353
2500,400.7742190361023,0.014461310585012654,0.001685762405395508,0.0004683017730712891,0.00045607089996337893,0.9856887298747764
2505,401.64833903312683,0.00023652155650779604,0.0015592098236083985,0.00043172836303710936,0.000470733642578125,0.9856887298747764
2510,402.4780640602112,0.003524198336565121,0.001685762405395508,0.0004683017730712891,0.000603628158569336,0.9856887298747764
2515,403.300106048584,0.06777150392009475,0.001874995231628418,0.00046620368957519533,0.000481414794921875,0.9892665474060823
2520,404.14573311805725,0.0034325100041613156,0.0017490386962890625,0.00048658847808837893,0.0004588127136230469,0.9874776386404294
2525,404.94907808303833,0.00030642876517958937,0.0020015478134155274,0.000502777099609375,0.0006464481353759766,0.9874776386404294
2530,405.81022095680237,0.3770244531160657,0.0017490386962890625,0.00048658847808837893,0.0006459236145019531,0.9767441860465116
2535,406.6606750488281,0.058067457640078146,0.0017490386962890625,0.00048658847808837893,0.0005968809127807617,0.9767441860465116
2540,407.5195572376251,0.17521476726980012,0.001916980743408203,0.0004594087600708008,0.0005713939666748047,0.9856887298747764
2545,408.34906005859375,0.05207957234680407,0.001959562301635742,0.0005095720291137696,0.0005018472671508789,0.9856887298747764
2550,409.162810087204,0.0033854733337719267,0.0018330097198486328,0.00047299861907958987,0.00048265457153320315,0.9856887298747764
2555,409.98035192489624,0.0009557563726161789,0.0017697334289550782,0.0004547119140625,0.000466156005859375,0.9838998211091234
2560,410.7907681465149,0.002353119408508775,0.002064228057861328,0.00046410560607910154,0.0005272865295410156,0.9838998211091234
2565,411.6171691417694,0.0015756908731361819,0.001875591278076172,0.0005231618881225586,0.0004857778549194336,0.9838998211091234
2570,412.4847321510315,0.0022552294982446596,0.0016644716262817383,0.0004432201385498047,0.0004543781280517578,0.9838998211091234
2575,413.3601679801941,0.13726682708394405,0.0017697334289550782,0.0004547119140625,0.000564742088317871,0.9856887298747764
2580,414.14310908317566,0.009899060001779958,0.0016644716262817383,0.0004432201385498047,0.00045623779296875,0.9856887298747764
2585,414.9550230503082,7.453933323660067e-05,0.0017070531845092773,0.0004933834075927735,0.00046782493591308595,0.9856887298747764
2590,415.7556941509247,0.022778812306933106,0.0018962860107421876,0.0004912853240966797,0.0005498886108398438,0.9856887298747764
2595,416.5581319332123,0.0026491709985478453,0.001622486114501953,0.0004500150680541992,0.0004561901092529297,0.9856887298747764
2600,417.45780396461487,0.12807028058064845,0.0017064571380615234,0.00043642520904541016,0.0005031585693359375,0.9856887298747764
2605,418.29269194602966,0.007159868359305222,0.0017910242080688477,0.0004797935485839844,0.0004974365234375,0.9874776386404294
2610,419.0771851539612,0.0017312824144184447,0.001685762405395508,0.0004683017730712891,0.0004910945892333985,0.9910554561717353
2615,419.87759709358215,2.706221089354699e-05,0.001874995231628418,0.00046620368957519533,0.00047321319580078124,0.9910554561717353
2620,420.6882538795471,0.002195729944833147,0.0016644716262817383,0.0004432201385498047,0.00048758983612060545,0.9910554561717353
2625,421.54360914230347,0.01874268610706764,0.0017064571380615234,0.00043642520904541016,0.0004642486572265625,0.9910554561717353
2630,422.4139220714569,0.02054359060718127,0.0017064571380615234,0.00043642520904541016,0.0005594730377197265,0.9892665474060823
2635,423.2742221355438,0.001548964277026954,0.001874995231628418,0.00046620368957519533,0.0005019903182983398,0.9892665474060823
2640,424.09932708740234,0.03189065630394907,0.0018117189407348632,0.0004479169845581055,0.0005041837692260742,0.9892665474060823
2645,424.8927090167999,0.0005062945777751793,0.0018330097198486328,0.00047299861907958987,0.0005218744277954102,0.9892665474060823
2650,425.7217900753021,0.0927107820180609,0.0018962860107421876,0.0004912853240966797,0.0005027532577514648,0.9892665474060823
2655,426.5901710987091,0.02094297703009431,0.0019808530807495115,0.0005346536636352539,0.0006007194519042969,0.9874776386404294
2660,427.41572093963623,0.02373275223740734,0.0019802570343017576,0.0004776954650878906,0.0005127668380737304,0.9838998211091234
2665,428.3146822452545,0.006149911656397933,0.0020435333251953127,0.0004959821701049805,0.0005238771438598633,0.9838998211091234
2670,429.1314649581909,0.13392842908900918,0.0016644716262817383,0.0004432201385498047,0.00048615932464599607,0.9838998211091234
2675,429.96674513816833,0.014609456929616727,0.0018543004989624023,0.0004980802536010742,0.000461578369140625,0.9856887298747764
2680,430.78587317466736,0.018573308262429578,0.001727747917175293,0.00046150684356689454,0.000480961799621582,0.9874776386404294
2685,431.6462490558624,0.004308478301553009,0.0018962860107421876,0.0004912853240966797,0.0004874229431152344,0.9874776386404294
2690,432.47691011428833,0.013658819135167732,0.001622486114501953,0.0004500150680541992,0.0004633426666259766,0.9892665474060823
2695,433.38013911247253,2.980235692007227e-07,0.001685762405395508,0.0004683017730712891,0.0004343986511230469,0.9892665474060823
2700,434.20707988739014,0.0013792640530255085,0.001770329475402832,0.0005116701126098633,0.0004506826400756836,0.9874776386404294
2705,435.0309920310974,0.008588692492412519,0.0017697334289550782,0.0004547119140625,0.0004926204681396484,0.9874776386404294
2710,435.85063910484314,0.011755327267020731,0.001622486114501953,0.0004500150680541992,0.0004614114761352539,0.9892665474060823
2715,436.66870307922363,0.019606224453956145,0.001812314987182617,0.0005048751831054687,0.00046677589416503905,0.9874776386404294
2720,437.4466381072998,0.03666361728901677,0.0017697334289550782,0.0004547119140625,0.0004506826400756836,0.9856887298747764
2725,438.23558497428894,0.0019898446489264644,0.0017064571380615234,0.00043642520904541016,0.00047898292541503906,0.9838998211091234
2730,439.1254699230194,0.003864254933252198,0.001917576789855957,0.0005163669586181641,0.0004983663558959961,0.9821109123434705
2735,439.93036103248596,0.004591652793220646,0.0017484426498413086,0.0004296302795410156,0.0004861116409301758,0.9821109123434705
2740,440.7539792060852,1.1444138067417954e-06,0.001917576789855957,0.0005163669586181641,0.00048160552978515625,0.9821109123434705
2745,441.57720708847046,4.44654187958804e-06,0.0016437768936157227,0.0004750967025756836,0.00039782524108886717,0.9821109123434705
2750,442.2815730571747,6.742325626873935e-05,0.001685762405395508,0.0004683017730712891,0.0004139423370361328,0.9821109123434705
2755,442.9833011627197,0.009133528278482572,0.0018117189407348632,0.0004479169845581055,0.00044448375701904296,0.9821109123434705
2760,443.68870186805725,2.629459936827061e-05,0.0016437768936157227,0.0004750967025756836,0.0003942728042602539,0.9821109123434705
2765,444.37988924980164,0.35872897498734346,0.001622486114501953,0.0004500150680541992,0.00046799182891845705,0.9874776386404294
2770,445.0982971191406,0.330901470236131,0.0017910242080688477,0.0004797935485839844,0.0004506111145019531,0.9892665474060823
2775,445.81136298179626,0.03405605382290844,0.0018543004989624023,0.0004980802536010742,0.0004265069961547852,0.9892665474060823
2780,446.553423166275,0.03979493341006446,0.001685762405395508,0.0004683017730712891,0.0004548549652099609,0.9892665474060823
2785,447.2549612522125,0.0010997005505572588,0.0015592098236083985,0.00043172836303710936,0.00039811134338378905,0.9892665474060823
2790,447.9524562358856,0.011026839260217969,0.001685762405395508,0.0004683017730712891,0.0004109382629394531,0.9892665474060823
2795,448.7401020526886,0.06045837540317791,0.001874995231628418,0.00046620368957519533,0.00043799877166748045,0.9874776386404294
2800,449.45466804504395,0.0022021435216885267,0.0017490386962890625,0.00048658847808837893,0.00042171478271484374,0.9874776386404294