#{"solver": {"engine": {"type": "ExactEngine"}, "semiring": "GraphSemiring"}, "networks": [{"name": "perc_net_version_0_NeSy_0", "module": "AD_V0_NeSy_0_net(\n  (conv1): Conv2d(3, 6, kernel_size=(5, 5), stride=(1, 1))\n  (pool): MaxPool2d(kernel_size=2, stride=2, padding=0, dilation=1, ceil_mode=False)\n  (conv2): Conv2d(6, 16, kernel_size=(5, 5), stride=(1, 1))\n  (fc1): Linear(in_features=400, out_features=120, bias=True)\n  (fc2): Linear(in_features=120, out_features=84, bias=True)\n  (fc3): Linear(in_features=84, out_features=2, bias=True)\n  (softmax): Softmax(dim=-1)\n)", "optimizer": "Adam (\nParameter Group 0\n    amsgrad: False\n    betas: (0.9, 0.999)\n    capturable: False\n    differentiable: False\n    eps: 1e-08\n    foreach: None\n    fused: None\n    lr: 0.001\n    maximize: False\n    weight_decay: 0\n)", "k": null}], "program": "coord(X) :- X=0; X=1; X=2; X=3; X=4; X=5; X=6; X=7; X=8; X=9.\nadmissible_cells(X) :- coord(X).\nnn(perc_net_version_0_NeSy_0,[Img, X],Z,[human, nothing])::cell(Img,X,Z).\nattention_boundary(X) :- X==0.\nenlarged_boundary(X) :- X==2.\nenlarged_boundary(X) :- X==3.\nenlarged_boundary(X) :- X==4.\naction(Img,1) :- admissible_cells(X), attention_boundary(X), cell(Img,X,human).\naction(Img,2) :- admissible_cells(X), enlarged_boundary(X), cell(Img,X,human), \\+action(Img,1).\naction(Img,0) :- \\+action(Img,2), \\+action(Img,1).\n"}
#Accuracy 0.9767441860465116
i,time,loss,ground_time,compile_time,eval_time,accuracy
5,0.046624183654785156,1.3367392301559449,0.003137636184692383,0.00027048587799072266,0.00028285980224609377,0.32737030411449014
10,0.828341007232666,0.9664745986461639,0.003750133514404297,0.00028779506683349607,0.00027587413787841795,0.32737030411449014
15,1.6141870021820068,1.2075756788253784,0.003806591033935547,0.00031216144561767577,0.0002745151519775391,0.32737030411449014
20,2.3470351696014404,1.2521682381629944,0.00433502197265625,0.0003491640090942383,0.0003148317337036133,0.33094812164579607
25,3.0883662700653076,1.4781524091959,0.004099035263061523,0.0003428459167480469,0.0003199577331542969,0.3434704830053667
30,3.8320870399475098,1.2554436564445495,0.004042577743530273,0.0003184795379638672,0.0003137350082397461,0.32737030411449014
35,4.586223125457764,1.177818775177002,0.004599237442016601,0.0003676652908325195,0.0003722190856933594,0.32737030411449014
40,5.354596138000488,1.1121939182281495,0.004042577743530273,0.0003184795379638672,0.00030982494354248047,0.32737030411449014
45,6.0972301959991455,1.2032966256141662,0.003834819793701172,0.00032434463500976565,0.0002821683883666992,0.32737030411449014
50,6.85415506362915,1.0716349542140962,0.004278564453125,0.0003247976303100586,0.0003258466720581055,0.32737030411449014
55,7.593435287475586,1.2210805416107178,0.0035706043243408205,0.00030584335327148436,0.0002658605575561523,0.32737030411449014
60,8.334782123565674,1.1095183551311494,0.00433502197265625,0.0003491640090942383,0.00032987594604492185,0.33273703041144903
65,9.070048093795776,1.1436332166194916,0.004014348983764649,0.00030629634857177735,0.0002994060516357422,0.32737030411449014
70,9.824619054794312,1.0854216873645783,0.004363250732421875,0.0003613471984863281,0.0003379344940185547,0.33810375670840787
75,10.568408250808716,1.050364750623703,0.00433502197265625,0.0003491640090942383,0.000354766845703125,0.3434704830053667
80,11.317443132400513,1.2096472144126893,0.003778362274169922,0.00029997825622558595,0.00029203891754150393,0.40250447227191416
85,12.05745530128479,1.1185247719287872,0.004070806503295899,0.00033066272735595705,0.0003107309341430664,0.32737030411449014
90,12.81299901008606,1.0461945712566376,0.004014348983764649,0.00030629634857177735,0.0003347873687744141,0.32737030411449014
95,13.561154127120972,1.1052640438079835,0.003542375564575195,0.00029366016387939454,0.00025243759155273436,0.32737030411449014
100,14.297681093215942,0.979096794128418,0.0044863224029541016,0.00031893253326416017,0.00034248828887939453,0.32737030411449014
105,15.04043698310852,1.166556066274643,0.003806591033935547,0.00031216144561767577,0.00028471946716308595,0.32737030411449014
110,15.800348997116089,1.144753086566925,0.003806591033935547,0.00031216144561767577,0.000285792350769043,0.32737030411449014
115,16.6548171043396,1.2671337723731995,0.004099035263061523,0.0003428459167480469,0.00031728744506835936,0.32737030411449014
120,17.427249908447266,1.2068187713623046,0.003891277313232422,0.0003487110137939453,0.00027205944061279295,0.3434704830053667
125,18.181884050369263,1.086212432384491,0.004306793212890625,0.00033698081970214846,0.000342559814453125,0.3434704830053667
130,18.935281991958618,1.2153286039829254,0.003834819793701172,0.00032434463500976565,0.00027980804443359373,0.3434704830053667
135,19.689573287963867,1.0913014113903046,0.004014348983764649,0.00030629634857177735,0.000324559211730957,0.32737030411449014
140,20.486411094665527,1.2070840060710908,0.004306793212890625,0.00033698081970214846,0.0003194093704223633,0.32737030411449014
145,21.235098123550415,1.177478176355362,0.0035706043243408205,0.00030584335327148436,0.00025141239166259766,0.32737030411449014
150,21.982829093933105,1.1290444314479828,0.003806591033935547,0.00031216144561767577,0.0002752065658569336,0.32737030411449014
155,22.7361581325531,1.201412069797516,0.004099035263061523,0.0003428459167480469,0.00030717849731445315,0.32737030411449014
160,23.501729011535645,1.1265162825584412,0.004042577743530273,0.0003184795379638672,0.0003193855285644531,0.3434704830053667
165,24.40726923942566,1.184250181913376,0.003806591033935547,0.00031216144561767577,0.000293421745300293,0.32737030411449014
170,25.249231100082397,1.216729325056076,0.0033346176147460937,0.00029952526092529296,0.00023632049560546876,0.32737030411449014
175,26.097891092300415,1.149848872423172,0.003806591033935547,0.00031216144561767577,0.0002941608428955078,0.32737030411449014
180,26.90039825439453,1.043159693479538,0.003542375564575195,0.00029366016387939454,0.00026490688323974607,0.32737030411449014
185,27.71290397644043,1.2270857274532319,0.003834819793701172,0.00032434463500976565,0.00033519268035888674,0.32737030411449014
190,28.564879179000854,1.0341178953647614,0.004042577743530273,0.0003184795379638672,0.0004101276397705078,0.32737030411449014
195,29.411075115203857,0.9443125784397125,0.004806995391845703,0.0003618001937866211,0.000434565544128418,0.6457960644007156
200,30.224064111709595,0.9737045347690583,0.004306793212890625,0.00033698081970214846,0.000392603874206543,0.35062611806797855
205,31.021776914596558,1.1290547549724579,0.0039861202239990234,0.0002941131591796875,0.0003296852111816406,0.4186046511627907
210,31.835412979125977,0.9669486820697785,0.003542375564575195,0.00029366016387939454,0.00028238296508789065,0.32737030411449014
215,32.75092315673828,1.1034036457538605,0.0033346176147460937,0.00029952526092529296,0.000292205810546875,0.3935599284436494
220,33.56801414489746,0.8906911313533783,0.004070806503295899,0.00033066272735595705,0.0003294944763183594,0.6565295169946332
225,34.42711400985718,0.9460929781198502,0.004099035263061523,0.0003428459167480469,0.00034058094024658203,0.5813953488372093
230,35.24609112739563,0.7456440031528473,0.004306793212890625,0.00033698081970214846,0.00037448406219482423,0.6028622540250447
235,36.079071044921875,0.8970773309469223,0.0035988330841064454,0.00031802654266357424,0.00027148723602294923,0.3470483005366726
240,36.89720416069031,0.9194076836109162,0.003542375564575195,0.00029366016387939454,0.00029544830322265626,0.3667262969588551
245,37.7147421836853,0.8382908999919891,0.004042577743530273,0.0003184795379638672,0.00033135414123535155,0.5885509838998211
250,38.52887511253357,0.7370858237147331,0.004778766632080078,0.00034961700439453127,0.0003956794738769531,0.5849731663685152
255,39.35760712623596,0.8018105864524842,0.003778362274169922,0.00029997825622558595,0.0003010988235473633,0.5974955277280859
260,40.16694712638855,0.8629538744688035,0.003834819793701172,0.00032434463500976565,0.00030949115753173826,0.5044722719141324
265,40.9826602935791,0.8468446955084801,0.004042577743530273,0.0003184795379638672,0.00035014152526855467,0.5348837209302325
270,41.835129261016846,0.9050246447324752,0.004250335693359375,0.00031261444091796876,0.0003509521484375,0.6153846153846154
275,42.673136949539185,0.5430288180708885,0.0035706043243408205,0.00030584335327148436,0.00026018619537353515,0.6976744186046512
280,43.4929780960083,0.7091374987736344,0.004042577743530273,0.0003184795379638672,0.00038404464721679686,0.7084078711985689
285,44.359081983566284,0.8303708389401436,0.0041272640228271484,0.0003550291061401367,0.00035059452056884766,0.7084078711985689
290,45.28962421417236,0.806054599583149,0.003750133514404297,0.00028779506683349607,0.00030922889709472656,0.5957066189624329
295,46.11957812309265,0.6297803452238441,0.003806591033935547,0.00031216144561767577,0.00030939579010009767,0.4776386404293381
300,46.92686104774475,0.86330845952034,0.00433502197265625,0.0003491640090942383,0.0003645658493041992,0.8228980322003577
305,47.80774998664856,0.8591142415883951,0.004099035263061523,0.0003428459167480469,0.0003358364105224609,0.7853309481216458
310,48.68448996543884,0.7990339700132608,0.004042577743530273,0.0003184795379638672,0.0004071474075317383,0.5313059033989267
315,49.516420125961304,0.7568030662368983,0.004599237442016601,0.0003676652908325195,0.00037724971771240233,0.8300536672629696
320,50.33057427406311,0.5008875424857251,0.004042577743530273,0.0003184795379638672,0.00034265518188476564,0.8032200357781754
325,51.15063810348511,0.797200208355207,0.003834819793701172,0.00032434463500976565,0.0003158807754516602,0.8067978533094812
330,52.00344204902649,0.7491613370133564,0.004278564453125,0.0003247976303100586,0.0003650426864624023,0.8014311270125224
335,52.83201313018799,0.5991802008589729,0.0035706043243408205,0.00030584335327148436,0.00025889873504638674,0.8067978533094812
340,53.644187211990356,0.7816421039868147,0.00433502197265625,0.0003491640090942383,0.0003495216369628906,0.817531305903399
345,54.4692120552063,0.5690307274460793,0.004014348983764649,0.00030629634857177735,0.0004255056381225586,0.8264758497316637
350,55.30417513847351,0.32273660589708014,0.004363250732421875,0.0003613471984863281,0.00036156177520751953,0.8246869409660107
355,56.14390707015991,0.9791834694799035,0.00433502197265625,0.0003491640090942383,0.0003610372543334961,0.738819320214669
360,56.954084157943726,0.7102084977450431,0.003778362274169922,0.00029997825622558595,0.00030026435852050783,0.7924865831842576
365,57.772515058517456,0.4135593449420412,0.004070806503295899,0.00033066272735595705,0.0003143787384033203,0.8050089445438283
370,58.611655950546265,0.42696113810525277,0.004014348983764649,0.00030629634857177735,0.00032296180725097654,0.7978533094812165
375,59.41259813308716,0.6008060544379987,0.003542375564575195,0.00029366016387939454,0.00027341842651367186,0.7298747763864043
380,60.23146200180054,0.7988522261381149,0.0044863224029541016,0.00031893253326416017,0.00036118030548095705,0.7334525939177102
385,61.03754711151123,0.8994402557611465,0.003806591033935547,0.00031216144561767577,0.0002959728240966797,0.7728085867620751
390,61.889402866363525,0.552469303610269,0.003806591033935547,0.00031216144561767577,0.0003167867660522461,0.774597495527728
395,62.69253611564636,0.6121187535580248,0.004099035263061523,0.0003428459167480469,0.00031991004943847655,0.8264758497316637
400,63.683024168014526,0.5393573567271233,0.003891277313232422,0.0003487110137939453,0.0003262996673583984,0.8336314847942755
405,64.55921411514282,0.46601381185873836,0.004306793212890625,0.00033698081970214846,0.00039970874786376953,0.7799642218246869
410,65.37533116340637,0.39246406243195225,0.003834819793701172,0.00032434463500976565,0.0003013134002685547,0.817531305903399
415,66.2280580997467,0.7591095430208952,0.004014348983764649,0.00030629634857177735,0.0003518581390380859,0.8372093023255814
420,67.08442807197571,0.599757871451277,0.004306793212890625,0.00033698081970214846,0.000370335578918457,0.8819320214669052
425,67.92967510223389,0.5021332953125353,0.0035706043243408205,0.00030584335327148436,0.0002640724182128906,0.8801431127012522
430,68.77195811271667,0.4128072618477745,0.003806591033935547,0.00031216144561767577,0.00029621124267578127,0.8819320214669052
435,69.58369708061218,0.4114325579997967,0.004099035263061523,0.0003428459167480469,0.00031290054321289065,0.8067978533094812
440,70.3797562122345,0.5043784620243287,0.004042577743530273,0.0003184795379638672,0.0003264427185058594,0.8998211091234347
445,71.22173500061035,0.4437253959637303,0.003806591033935547,0.00031216144561767577,0.0002834558486938477,0.8050089445438283
450,72.03560400009155,0.34964750632725555,0.0033346176147460937,0.00029952526092529296,0.00024759769439697266,0.7531305903398927
455,73.03651309013367,0.57661435038317,0.003806591033935547,0.00031216144561767577,0.00029630661010742186,0.778175313059034
460,73.90888810157776,0.3712377136147552,0.003542375564575195,0.00029366016387939454,0.0002878665924072266,0.855098389982111
465,74.7621591091156,0.395056774886325,0.003834819793701172,0.00032434463500976565,0.0003112316131591797,0.8837209302325582
470,75.68545007705688,0.5247721178697248,0.004042577743530273,0.0003184795379638672,0.0003576993942260742,0.8067978533094812
475,76.52571702003479,0.6119418499991311,0.004806995391845703,0.0003618001937866211,0.000434112548828125,0.8461538461538461
480,77.40063810348511,0.5206230327486991,0.004306793212890625,0.00033698081970214846,0.0003593206405639648,0.8765652951699463
485,78.19906902313232,0.6640640662983145,0.0039861202239990234,0.0002941131591796875,0.00033178329467773435,0.889087656529517
490,79.15555000305176,0.35831030213739723,0.003542375564575195,0.00029366016387939454,0.00040137767791748047,0.8640429338103757
495,80.00585722923279,0.33167361374959226,0.0033346176147460937,0.00029952526092529296,0.0002480030059814453,0.8389982110912343
500,80.88406419754028,0.36033844208350274,0.004070806503295899,0.00033066272735595705,0.0003355264663696289,0.8622540250447227
505,81.70463800430298,0.6356577537959083,0.004099035263061523,0.0003428459167480469,0.0003311395645141602,0.8747763864042933
510,82.51970314979553,0.625073591247201,0.004306793212890625,0.00033698081970214846,0.00035293102264404296,0.8837209302325582
515,83.31593823432922,0.3123403594407151,0.0035988330841064454,0.00031802654266357424,0.0002693891525268555,0.8872987477638641
520,84.13689708709717,0.4462208360317163,0.003542375564575195,0.00029366016387939454,0.0002736806869506836,0.8926654740608229
525,84.95573830604553,0.6441347252113928,0.004042577743530273,0.0003184795379638672,0.0003125429153442383,0.8962432915921288
530,85.78412508964539,0.5677833441644907,0.004778766632080078,0.00034961700439453127,0.0004907131195068359,0.9087656529516994
535,86.59125828742981,0.32409382793848635,0.003778362274169922,0.00029997825622558595,0.0003034114837646484,0.8872987477638641
540,87.40784907341003,0.34829558893106877,0.003834819793701172,0.00032434463500976565,0.0002966165542602539,0.8855098389982111
545,88.23478317260742,0.3321449344002758,0.004042577743530273,0.0003184795379638672,0.0003153085708618164,0.8354203935599285
550,89.06251907348633,0.9350390292704105,0.004250335693359375,0.00031261444091796876,0.0003604888916015625,0.8604651162790697
555,89.8871738910675,0.2187436135383905,0.0035706043243408205,0.00030584335327148436,0.00026581287384033205,0.8855098389982111
560,90.73750615119934,0.3394911312498209,0.004042577743530273,0.0003184795379638672,0.00035941600799560547,0.8944543828264758
565,91.61664605140686,0.38762802653654943,0.0041272640228271484,0.0003550291061401367,0.0003393888473510742,0.8998211091234347
570,92.50174713134766,0.5432864125003107,0.003750133514404297,0.00028779506683349607,0.00037343502044677733,0.8944543828264758
575,93.4187662601471,0.27871034570271147,0.003806591033935547,0.00031216144561767577,0.000304722785949707,0.889087656529517
580,94.25519227981567,0.3403938070870936,0.00433502197265625,0.0003491640090942383,0.00033884048461914064,0.889087656529517
585,95.08938908576965,0.6720997893251479,0.004099035263061523,0.0003428459167480469,0.00031642913818359376,0.8980322003577818
590,95.94150829315186,0.3953655856662067,0.004042577743530273,0.0003184795379638672,0.0003260135650634766,0.9123434704830053
595,96.77897500991821,0.4794326997129247,0.004599237442016601,0.0003676652908325195,0.0004044055938720703,0.9355992844364938
600,97.61947011947632,0.3433815438313104,0.004042577743530273,0.0003184795379638672,0.0003381967544555664,0.9445438282647585
605,98.48875021934509,0.4063528130471255,0.003834819793701172,0.00032434463500976565,0.0003214359283447266,0.9499105545617174
610,99.3902530670166,0.49469636621070096,0.004278564453125,0.0003247976303100586,0.00034325122833251954,0.9409660107334525
615,100.23620200157166,0.5337242997440625,0.0035706043243408205,0.00030584335327148436,0.00032296180725097654,0.9445438282647585
620,101.08977627754211,0.41774875172923204,0.00433502197265625,0.0003491640090942383,0.00034458637237548827,0.9516994633273703
625,101.95823216438293,0.4837553093559109,0.004014348983764649,0.00030629634857177735,0.0003329038619995117,0.9552772808586762
630,102.81700205802917,0.20463060956972184,0.004363250732421875,0.0003613471984863281,0.0003397941589355469,0.9570661896243292
635,103.62951517105103,0.9263666433824256,0.00433502197265625,0.0003491640090942383,0.000362706184387207,0.9481216457960644
640,104.47562026977539,0.5548418578109761,0.003778362274169922,0.00029997825622558595,0.00032639503479003906,0.9194991055456172
645,105.31612706184387,0.33682100591249764,0.004070806503295899,0.00033066272735595705,0.00033254623413085936,0.9159212880143113
650,106.14884424209595,0.3857139244726568,0.004014348983764649,0.00030629634857177735,0.00032889842987060547,0.8837209302325582
655,106.97127914428711,0.5603481090860442,0.003542375564575195,0.00029366016387939454,0.00027782917022705077,0.8926654740608229
660,107.79317212104797,0.6257098760455847,0.0044863224029541016,0.00031893253326416017,0.0003990650177001953,0.8872987477638641
665,108.61382102966309,0.8505383662879467,0.003806591033935547,0.00031216144561767577,0.00030651092529296873,0.8962432915921288
670,109.4392101764679,0.4448328421218335,0.003806591033935547,0.00031216144561767577,0.00029942989349365237,0.8729874776386404
675,110.30949521064758,0.22319378477115492,0.004099035263061523,0.0003428459167480469,0.00031909942626953127,0.8372093023255814
680,111.1345763206482,0.3920820970488421,0.003891277313232422,0.0003487110137939453,0.0002992868423461914,0.8747763864042933
685,111.96819114685059,0.42144209102009567,0.004306793212890625,0.00033698081970214846,0.00035839080810546876,0.9338103756708408
690,112.80912709236145,0.3023387878056383,0.003834819793701172,0.00032434463500976565,0.00029141902923583983,0.924865831842576
695,113.67935109138489,0.4964836570201442,0.004014348983764649,0.00030629634857177735,0.0003263235092163086,0.924865831842576
700,114.5691430568695,0.5950573579372758,0.004306793212890625,0.00033698081970214846,0.0003701925277709961,0.9481216457960644
705,115.4225161075592,0.41571307532140056,0.0035706043243408205,0.00030584335327148436,0.0002736568450927734,0.9570661896243292
710,116.26320219039917,0.2998797554522767,0.003806591033935547,0.00031216144561767577,0.00033960342407226565,0.9570661896243292
715,117.1670081615448,0.23717448395091195,0.004099035263061523,0.0003428459167480469,0.00046732425689697263,0.9588550983899821
720,118.01646423339844,0.3479934764560312,0.004042577743530273,0.0003184795379638672,0.0003392219543457031,0.9534883720930233
725,118.86704206466675,0.29151937454007565,0.003806591033935547,0.00031216144561767577,0.0003085136413574219,0.9499105545617174
730,119.68586921691895,0.1531162564189799,0.0033346176147460937,0.00029952526092529296,0.00023293495178222656,0.9445438282647585
735,120.55440306663513,0.35402464902435893,0.003806591033935547,0.00031216144561767577,0.00032694339752197265,0.9499105545617174
740,121.44007706642151,0.30883870279212716,0.003542375564575195,0.00029366016387939454,0.0002789497375488281,0.9499105545617174
745,122.31262016296387,0.2270163753666566,0.003834819793701172,0.00032434463500976565,0.0003015041351318359,0.9427549194991055
750,123.17563915252686,0.45309418693650516,0.004042577743530273,0.0003184795379638672,0.00032286643981933595,0.9212880143112702
755,124.0116400718689,0.41355090365168506,0.004806995391845703,0.0003618001937866211,0.00041074752807617186,0.9284436493738819
760,124.86216306686401,0.4364680870901793,0.004306793212890625,0.00033698081970214846,0.00038230419158935547,0.9534883720930233
765,125.71660494804382,0.47308633623179047,0.0039861202239990234,0.0002941131591796875,0.0003235101699829102,0.9570661896243292
770,126.56293821334839,0.2818876291912602,0.003542375564575195,0.00029366016387939454,0.00026073455810546873,0.960644007155635
775,127.39495611190796,0.3401244010281516,0.0033346176147460937,0.00029952526092529296,0.000255894660949707,0.9588550983899821
780,128.2427682876587,0.2487239776426577,0.004070806503295899,0.00033066272735595705,0.0003374338150024414,0.960644007155635
785,129.10978722572327,0.4727711159037426,0.004099035263061523,0.0003428459167480469,0.00037376880645751954,0.962432915921288
790,129.96463108062744,0.43761345827952025,0.004306793212890625,0.00033698081970214846,0.0003582477569580078,0.9695885509838998
795,130.79981327056885,0.11645353929561679,0.0035988330841064454,0.00031802654266357424,0.00027008056640625,0.9695885509838998
800,131.68659901618958,0.3354955006878299,0.003542375564575195,0.00029366016387939454,0.00025980472564697267,0.9713774597495528
805,132.5333592891693,0.48345686032116647,0.004042577743530273,0.0003184795379638672,0.00034291744232177733,0.9552772808586762
810,133.40137028694153,0.5898334225465078,0.004778766632080078,0.00034961700439453127,0.0004477977752685547,0.9516994633273703
815,134.24098014831543,0.30119650803093234,0.003778362274169922,0.00029997825622558595,0.0002942800521850586,0.9427549194991055
820,135.06809616088867,0.37097081849242386,0.003834819793701172,0.00032434463500976565,0.0003036975860595703,0.9409660107334525
825,135.94378018379211,0.3398484647850637,0.004042577743530273,0.0003184795379638672,0.000347447395324707,0.9355992844364938
830,136.8199019432068,0.8385070733726024,0.004250335693359375,0.00031261444091796876,0.00039224624633789064,0.9338103756708408
835,137.69302105903625,0.15675601770676623,0.0035706043243408205,0.00030584335327148436,0.00026252269744873045,0.9284436493738819
840,138.55886006355286,0.319613702895208,0.004042577743530273,0.0003184795379638672,0.00033550262451171876,0.9284436493738819
845,139.40980005264282,0.1477117903152248,0.0041272640228271484,0.0003550291061401367,0.0003252744674682617,0.9302325581395349
850,140.2433259487152,0.42534869401861214,0.003750133514404297,0.00028779506683349607,0.00031919479370117186,0.924865831842576
855,141.08124017715454,0.24190390834992287,0.003806591033935547,0.00031216144561767577,0.000286555290222168,0.924865831842576
860,141.90227627754211,0.2720701686805114,0.00433502197265625,0.0003491640090942383,0.0003688573837280273,0.9194991055456172
865,142.73803400993347,0.6071936483029277,0.004099035263061523,0.0003428459167480469,0.00032169818878173827,0.9230769230769231
870,143.59498023986816,0.33345469620544466,0.004042577743530273,0.0003184795379638672,0.0003512859344482422,0.9355992844364938
875,144.46766424179077,0.4117263802640309,0.004599237442016601,0.0003676652908325195,0.00048177242279052735,0.9481216457960644
880,145.3274281024933,0.31336040794849396,0.004042577743530273,0.0003184795379638672,0.0003362417221069336,0.9534883720930233
885,146.17038226127625,0.3189372240653029,0.003834819793701172,0.00032434463500976565,0.00033321380615234373,0.964221824686941
890,147.01319003105164,0.38341365285305073,0.004278564453125,0.0003247976303100586,0.0003704071044921875,0.9660107334525939
895,147.83490896224976,0.32118403859017236,0.0035706043243408205,0.00030584335327148436,0.0002684831619262695,0.962432915921288
900,148.6729769706726,0.2382174308613699,0.00433502197265625,0.0003491640090942383,0.00035173892974853515,0.962432915921288
905,149.49366927146912,0.40868153901110416,0.004014348983764649,0.00030629634857177735,0.00032100677490234377,0.9660107334525939
910,150.3405601978302,0.15815388255343804,0.004363250732421875,0.0003613471984863281,0.0003518819808959961,0.964221824686941
915,151.18516421318054,0.732876049025802,0.00433502197265625,0.0003491640090942383,0.0003415822982788086,0.964221824686941
920,152.02035903930664,0.3429844945855166,0.003778362274169922,0.00029997825622558595,0.0002940177917480469,0.962432915921288
925,152.85937523841858,0.32968836048894445,0.004070806503295899,0.00033066272735595705,0.00033061504364013673,0.9660107334525939
930,153.72698402404785,0.3843792393814539,0.004014348983764649,0.00030629634857177735,0.0003749847412109375,0.9713774597495528
935,154.55173707008362,0.29759705275264425,0.003542375564575195,0.00029366016387939454,0.00026886463165283204,0.9677996422182469
940,155.3718490600586,0.5349628352647414,0.0044863224029541016,0.00031893253326416017,0.0003956794738769531,0.9713774597495528
945,156.20684218406677,0.6409966269777214,0.003806591033935547,0.00031216144561767577,0.00032575130462646483,0.9731663685152058
950,157.04012393951416,0.2546507785562483,0.003806591033935547,0.00031216144561767577,0.0002966165542602539,0.9713774597495528
955,157.90236902236938,0.20244192108639822,0.004099035263061523,0.0003428459167480469,0.00032756328582763674,0.9499105545617174
960,158.74733805656433,0.15478112148180118,0.003891277313232422,0.0003487110137939453,0.0003144264221191406,0.9409660107334525
965,159.56479692459106,0.38240954209326217,0.004306793212890625,0.00033698081970214846,0.000358891487121582,0.9409660107334525
970,160.3786129951477,0.2518910864514396,0.003834819793701172,0.00032434463500976565,0.0002906322479248047,0.9373881932021467
975,161.25726103782654,0.448887528502388,0.004014348983764649,0.00030629634857177735,0.00032312870025634765,0.9373881932021467
980,162.10198307037354,0.5441982258111324,0.004306793212890625,0.00033698081970214846,0.0003331899642944336,0.9749552772808586
985,162.92625999450684,0.2738559877637101,0.0035706043243408205,0.00030584335327148436,0.000337982177734375,0.9803220035778175
990,163.7628002166748,0.25295194946811533,0.003806591033935547,0.00031216144561767577,0.00029821395874023436,0.9749552772808586
995,164.63401293754578,0.16039988434640834,0.004099035263061523,0.0003428459167480469,0.00036830902099609374,0.9713774597495528
1000,165.48439002037048,0.31005001807957344,0.004042577743530273,0.0003184795379638672,0.0003729343414306641,0.9660107334525939
1005,166.32960605621338,0.22932973690401467,0.003806591033935547,0.00031216144561767577,0.00031151771545410154,0.9695885509838998
1010,167.18033003807068,0.09118616339983418,0.0033346176147460937,0.00029952526092529296,0.00025446414947509765,0.9677996422182469
1015,168.02259421348572,0.3043653434958628,0.003806591033935547,0.00031216144561767577,0.0003048896789550781,0.9087656529516994
1020,168.87735104560852,0.42581900471126916,0.003542375564575195,0.00029366016387939454,0.0002838134765625,0.9499105545617174
1025,169.76793599128723,0.15917687401934016,0.003834819793701172,0.00032434463500976565,0.00031785964965820314,0.964221824686941
1030,170.587717294693,0.358088754711207,0.004042577743530273,0.0003184795379638672,0.00033197402954101565,0.964221824686941
1035,171.42332005500793,0.38643806870677794,0.004806995391845703,0.0003618001937866211,0.00042340755462646487,0.9767441860465116
1040,172.27831411361694,0.3143480567196434,0.004306793212890625,0.00033698081970214846,0.00040504932403564455,0.9731663685152058
1045,173.11871218681335,0.4541717634698216,0.0039861202239990234,0.0002941131591796875,0.0003188371658325195,0.9731663685152058
1050,173.98118925094604,0.22786603576971345,0.003542375564575195,0.00029366016387939454,0.000255894660949707,0.9713774597495528
1055,174.82594323158264,0.46131652657076644,0.0033346176147460937,0.00029952526092529296,0.000244903564453125,0.9731663685152058
1060,175.66811513900757,0.22788253573237965,0.004070806503295899,0.00033066272735595705,0.00033445358276367186,0.9767441860465116
1065,176.4914722442627,0.43593980279765676,0.004099035263061523,0.0003428459167480469,0.00033266544342041015,0.9767441860465116
1070,177.32299399375916,0.379220693745674,0.004306793212890625,0.00033698081970214846,0.0003605365753173828,0.9731663685152058
1075,178.14478492736816,0.08509310694751378,0.0035988330841064454,0.00031802654266357424,0.00025327205657958983,0.962432915921288
1080,178.97360706329346,0.34082826084923,0.003542375564575195,0.00029366016387939454,0.000275111198425293,0.964221824686941
1085,179.8007550239563,0.39332280805847686,0.004042577743530273,0.0003184795379638672,0.0003233909606933594,0.9552772808586762
1090,180.63483214378357,0.5360523903382273,0.004778766632080078,0.00034961700439453127,0.0004380941390991211,0.9534883720930233
1095,181.46848607063293,0.30112036798710873,0.003778362274169922,0.00029997825622558595,0.00029523372650146483,0.9552772808586762
1100,182.36317801475525,0.25563950460054913,0.003834819793701172,0.00032434463500976565,0.0002888917922973633,0.9409660107334525
1105,183.1787142753601,0.3085282493382692,0.004042577743530273,0.0003184795379638672,0.00030863285064697266,0.9391771019677997
1110,184.01291918754578,0.8613747143303044,0.004250335693359375,0.00031261444091796876,0.00041131973266601564,0.9355992844364938
1115,184.83661913871765,0.15070706234837558,0.0035706043243408205,0.00030584335327148436,0.0002631664276123047,0.9355992844364938
1120,185.65175414085388,0.3045500994405373,0.004042577743530273,0.0003184795379638672,0.0003298044204711914,0.9338103756708408
1125,186.4886360168457,0.12160348689390048,0.0041272640228271484,0.0003550291061401367,0.00032558441162109373,0.9320214669051878
1130,187.32273530960083,0.4285327760503961,0.003750133514404297,0.00028779506683349607,0.00030145645141601565,0.9338103756708408
1135,188.1405189037323,0.22854421287778592,0.003806591033935547,0.00031216144561767577,0.00029451847076416015,0.9409660107334525
1140,188.96688532829285,0.27627054220138236,0.00433502197265625,0.0003491640090942383,0.00035479068756103513,0.9427549194991055
1145,189.82690525054932,0.5499672017838748,0.004099035263061523,0.0003428459167480469,0.0003267526626586914,0.9427549194991055
1150,190.6558780670166,0.3082015272389981,0.004042577743530273,0.0003184795379638672,0.0003445148468017578,0.9427549194991055
1155,191.50603604316711,0.3123614329611897,0.004599237442016601,0.0003676652908325195,0.0003788232803344727,0.9481216457960644
1160,192.35589504241943,0.30218896229634995,0.004042577743530273,0.0003184795379638672,0.0003371715545654297,0.9588550983899821
1165,193.16585206985474,0.167625337303636,0.003834819793701172,0.00032434463500976565,0.0002872943878173828,0.962432915921288
1170,193.9828610420227,0.3781308320235809,0.004278564453125,0.0003247976303100586,0.0003506660461425781,0.960644007155635
1175,194.7938072681427,0.2193690431522725,0.0035706043243408205,0.00030584335327148436,0.00025115013122558596,0.960644007155635
1180,195.62595105171204,0.23153224782014376,0.00433502197265625,0.0003491640090942383,0.0003444671630859375,0.9660107334525939
1185,196.47674298286438,0.3833888156498702,0.004014348983764649,0.00030629634857177735,0.00032889842987060547,0.9677996422182469
1190,197.28988027572632,0.15232995801779908,0.004363250732421875,0.0003613471984863281,0.000345611572265625,0.9660107334525939
1195,198.11361527442932,1.6732898437997392,0.00433502197265625,0.0003491640090942383,0.0003939151763916016,0.960644007155635
1200,199.0162501335144,0.3395903472510781,0.003778362274169922,0.00029997825622558595,0.00029172897338867185,0.9159212880143113
1205,199.83683896064758,0.670183661158444,0.004070806503295899,0.00033066272735595705,0.00033311843872070314,0.9051878354203936
1210,200.68353509902954,0.39190531525187,0.004014348983764649,0.00030629634857177735,0.0003262758255004883,0.9266547406082289
1215,201.54979300498962,0.7429197285757254,0.003542375564575195,0.00029366016387939454,0.0002735137939453125,0.9534883720930233
1220,202.41011714935303,0.5353433877491625,0.0044863224029541016,0.00031893253326416017,0.00039272308349609376,0.960644007155635
1225,203.22398114204407,0.7347568021214101,0.003806591033935547,0.00031216144561767577,0.00031681060791015624,0.8944543828264758
1230,204.0445830821991,0.37071112808771434,0.003806591033935547,0.00031216144561767577,0.00028738975524902346,0.9660107334525939
1235,204.86688423156738,0.25630664899945826,0.004099035263061523,0.0003428459167480469,0.00031349658966064455,0.9499105545617174
1240,205.68794298171997,0.30956158063738715,0.003891277313232422,0.0003487110137939453,0.0002787590026855469,0.8944543828264758
1245,206.53924202919006,0.5693323385945419,0.004306793212890625,0.00033698081970214846,0.0003603219985961914,0.9570661896243292
1250,207.37494206428528,0.2426132902088284,0.003834819793701172,0.00032434463500976565,0.0002927303314208984,0.9588550983899821
1255,208.1969542503357,0.4550598625741372,0.004014348983764649,0.00030629634857177735,0.00031008720397949217,0.9695885509838998
1260,209.07204508781433,0.5228926196694573,0.004306793212890625,0.00033698081970214846,0.00033504962921142577,0.9767441860465116
1265,209.9102931022644,0.33919866251310393,0.0035706043243408205,0.00030584335327148436,0.0002567529678344727,0.9821109123434705
1270,210.7471182346344,0.2785140360472724,0.003806591033935547,0.00031216144561767577,0.0003245353698730469,0.9677996422182469
1275,211.5848581790924,0.17187712414888665,0.004099035263061523,0.0003428459167480469,0.00032565593719482424,0.9803220035778175
1280,212.40249919891357,0.3128474814838228,0.004042577743530273,0.0003184795379638672,0.0003200054168701172,0.9821109123434705
1285,213.2826361656189,0.25473656086137453,0.003806591033935547,0.00031216144561767577,0.0003319263458251953,0.9821109123434705
1290,214.1414279937744,0.1089017634629272,0.0033346176147460937,0.00029952526092529296,0.00025877952575683596,0.9803220035778175
1295,214.99207091331482,0.3200092542049561,0.003806591033935547,0.00031216144561767577,0.0002864360809326172,0.9767441860465116
1300,215.8190221786499,0.2822619703947581,0.003542375564575195,0.00029366016387939454,0.0002649545669555664,0.9660107334525939
1305,216.67299890518188,0.16048020646141908,0.003834819793701172,0.00032434463500976565,0.0003009319305419922,0.9516994633273703
1310,217.5011191368103,0.3664620057843422,0.004042577743530273,0.0003184795379638672,0.00031025409698486327,0.9516994633273703
1315,218.32306218147278,0.4447060423932328,0.004806995391845703,0.0003618001937866211,0.0004848957061767578,0.9713774597495528
1320,219.21376609802246,0.3376834699593303,0.004306793212890625,0.00033698081970214846,0.0004376649856567383,0.9749552772808586
1325,220.06310105323792,0.4593966743038891,0.0039861202239990234,0.0002941131591796875,0.0003215789794921875,0.9749552772808586
1330,220.8787190914154,0.2324863309622799,0.003542375564575195,0.00029366016387939454,0.0002804994583129883,0.9749552772808586
1335,221.69612288475037,0.3515825556945913,0.0033346176147460937,0.00029952526092529296,0.00023024082183837892,0.9749552772808586
1340,222.53577399253845,0.2265832446181207,0.004070806503295899,0.00033066272735595705,0.00035643577575683594,0.9785330948121646
1345,223.3821792602539,0.3193486373369524,0.004099035263061523,0.0003428459167480469,0.00032989978790283204,0.9785330948121646
1350,224.26217913627625,0.3684350591867315,0.004306793212890625,0.00033698081970214846,0.00035336017608642576,0.9749552772808586
1355,225.09808588027954,0.08720135860276486,0.0035988330841064454,0.00031802654266357424,0.00026199817657470705,0.9749552772808586
1360,225.9239580631256,0.48635535260546164,0.003542375564575195,0.00029366016387939454,0.0002720355987548828,0.9767441860465116
1365,226.7431480884552,0.5401246816463313,0.004042577743530273,0.0003184795379638672,0.00032360553741455077,0.9785330948121646
1370,227.61560010910034,0.5114278741185899,0.004778766632080078,0.00034961700439453127,0.0004754781723022461,0.9731663685152058
1375,228.50747799873352,0.3003058853281573,0.003778362274169922,0.00029997825622558595,0.0003482818603515625,0.962432915921288
1380,229.33006119728088,0.17860629142960532,0.003834819793701172,0.00032434463500976565,0.0003046274185180664,0.9588550983899821
1385,230.1645851135254,0.30574264987371863,0.004042577743530273,0.0003184795379638672,0.00033626556396484377,0.9588550983899821
1390,231.01009011268616,0.8448981873691082,0.004250335693359375,0.00031261444091796876,0.0003673791885375977,0.9695885509838998
1395,231.83352708816528,0.15098866127664792,0.0035706043243408205,0.00030584335327148436,0.00026259422302246096,0.9677996422182469
1400,232.6806390285492,0.3132436127954904,0.004042577743530273,0.0003184795379638672,0.00033676624298095703,0.9695885509838998
1405,233.52197813987732,0.15733339434810034,0.0041272640228271484,0.0003550291061401367,0.0003845691680908203,0.9660107334525939
1410,234.36090517044067,0.43241697070189106,0.003750133514404297,0.00028779506683349607,0.0003011941909790039,0.9570661896243292
1415,235.21324014663696,0.22799153355881713,0.003806591033935547,0.00031216144561767577,0.00030145645141601565,0.9516994633273703
1420,236.0300750732422,0.2855736026424097,0.00433502197265625,0.0003491640090942383,0.0003704547882080078,0.9481216457960644
1425,236.8354721069336,0.5492896602057954,0.004099035263061523,0.0003428459167480469,0.00032815933227539065,0.9516994633273703
1430,237.64208793640137,0.3072920760628449,0.004042577743530273,0.0003184795379638672,0.0003139734268188477,0.9516994633273703
1435,238.46135306358337,0.27626611618907193,0.004599237442016601,0.0003676652908325195,0.0003899812698364258,0.9552772808586762
1440,239.3145899772644,0.30330696747078034,0.004042577743530273,0.0003184795379638672,0.0003138542175292969,0.9660107334525939
1445,240.13049817085266,0.1662917976093013,0.003834819793701172,0.00032434463500976565,0.00029804706573486326,0.9660107334525939
1450,240.94442510604858,0.3780374215917277,0.004278564453125,0.0003247976303100586,0.00037446022033691404,0.9660107334525939
1455,241.80644822120667,0.2077724913603788,0.0035706043243408205,0.00030584335327148436,0.0002615690231323242,0.9677996422182469
1460,242.62282514572144,0.22963249382096934,0.00433502197265625,0.0003491640090942383,0.00034151077270507815,0.9749552772808586
1465,243.4409680366516,0.3801627133049351,0.004014348983764649,0.00030629634857177735,0.0003275156021118164,0.9785330948121646
1470,244.28190207481384,0.15067565278004622,0.004363250732421875,0.0003613471984863281,0.00033757686614990237,0.9785330948121646
1475,245.13637828826904,0.649437930164737,0.00433502197265625,0.0003491640090942383,0.0003557443618774414,0.9785330948121646
1480,245.97703504562378,0.3004850032506511,0.003778362274169922,0.00029997825622558595,0.0003154754638671875,0.9803220035778175
1485,246.80797410011292,0.32037257850170137,0.004070806503295899,0.00033066272735595705,0.0003371715545654297,0.9785330948121646
1490,247.6329469680786,0.3763031829847023,0.004014348983764649,0.00030629634857177735,0.00032806396484375,0.9785330948121646
1495,248.45527720451355,0.22724104959052055,0.003542375564575195,0.00029366016387939454,0.00027441978454589844,0.9785330948121646
1500,249.33437705039978,0.5970920560777984,0.0044863224029541016,0.00031893253326416017,0.00040543079376220703,0.9821109123434705
1505,250.20562314987183,0.5102365435348816,0.003806591033935547,0.00031216144561767577,0.0003057241439819336,0.9803220035778175
1510,251.0814871788025,0.2451899162842892,0.003806591033935547,0.00031216144561767577,0.0002954959869384766,0.9767441860465116
1515,251.99816513061523,0.49008558765055454,0.004099035263061523,0.0003428459167480469,0.0004561901092529297,0.964221824686941
1520,252.87108421325684,0.4861236950385262,0.003891277313232422,0.0003487110137939453,0.000278925895690918,0.9391771019677997
1525,253.70459508895874,0.3160132590696321,0.004306793212890625,0.00033698081970214846,0.00044240951538085935,0.9266547406082289
1530,254.58053708076477,0.1719383464425846,0.003834819793701172,0.00032434463500976565,0.0002964973449707031,0.9266547406082289
1535,255.40561318397522,0.42637708112611106,0.004014348983764649,0.00030629634857177735,0.00033357143402099607,0.9373881932021467
1540,256.2592251300812,0.7752261616289658,0.004306793212890625,0.00033698081970214846,0.00034723281860351565,0.9463327370304114
1545,257.09279108047485,0.4670050001703558,0.0035706043243408205,0.00030584335327148436,0.00031158924102783205,0.9588550983899821
1550,257.94872403144836,0.2500048602552852,0.003806591033935547,0.00031216144561767577,0.0003014087677001953,0.9212880143112702
1555,258.7800681591034,0.226092838043229,0.004099035263061523,0.0003428459167480469,0.00033900737762451174,0.9266547406082289
1560,259.65423917770386,0.366284988795816,0.004042577743530273,0.0003184795379638672,0.0004172325134277344,0.9785330948121646
1565,260.50233912467957,0.24247577714550062,0.003806591033935547,0.00031216144561767577,0.0003165006637573242,0.9767441860465116
1570,261.35033917427063,0.09810377662622613,0.0033346176147460937,0.00029952526092529296,0.00023458003997802734,0.9767441860465116
1575,262.19829511642456,0.2936125902022809,0.003806591033935547,0.00031216144561767577,0.00030455589294433596,0.9767441860465116
1580,263.0559160709381,0.2589469653685228,0.003542375564575195,0.00029366016387939454,0.0002938985824584961,0.9767441860465116
1585,263.9110851287842,0.17174266986549042,0.003834819793701172,0.00032434463500976565,0.00030815601348876953,0.9749552772808586
1590,264.73366522789,0.36215299116361166,0.004042577743530273,0.0003184795379638672,0.00032579898834228516,0.9749552772808586
1595,265.5696179866791,0.4163174901452521,0.004806995391845703,0.0003618001937866211,0.00044376850128173827,0.9731663685152058
1600,266.4650900363922,0.32303211912536367,0.004306793212890625,0.00033698081970214846,0.00036864280700683595,0.9713774597495528
1605,267.31785130500793,0.45041486935224384,0.0039861202239990234,0.0002941131591796875,0.00033047199249267576,0.9713774597495528
1610,268.1973283290863,0.2255854736643414,0.003542375564575195,0.00029366016387939454,0.00033164024353027344,0.9713774597495528
1615,269.0617392063141,0.3185597426034974,0.0033346176147460937,0.00029952526092529296,0.00023496150970458984,0.9713774597495528
1620,269.8902499675751,0.22773514856075963,0.004070806503295899,0.00033066272735595705,0.00033020973205566406,0.9731663685152058
1625,270.7344272136688,0.36666490696680965,0.004099035263061523,0.0003428459167480469,0.00038316249847412107,0.9731663685152058
1630,271.5964970588684,0.35266661606729033,0.004306793212890625,0.00033698081970214846,0.0003530263900756836,0.9785330948121646
1635,272.41672921180725,0.0840797260410909,0.0035988330841064454,0.00031802654266357424,0.00026700496673583987,0.9856887298747764
1640,273.2363290786743,0.2996322977094678,0.003542375564575195,0.00029366016387939454,0.0002658367156982422,0.9856887298747764
1645,274.0678200721741,0.40928089320663047,0.004042577743530273,0.0003184795379638672,0.00032622814178466796,0.9874776386404294
1650,274.8874170780182,0.5059508681300031,0.004778766632080078,0.00034961700439453127,0.00041396617889404296,0.9874776386404294
1655,275.71600222587585,0.3014270603661501,0.003778362274169922,0.00029997825622558595,0.00032927989959716795,0.9874776386404294
1660,276.5620610713959,0.29733613963617245,0.003834819793701172,0.00032434463500976565,0.0003285408020019531,0.9856887298747764
1665,277.4099750518799,0.30501420258078726,0.004042577743530273,0.0003184795379638672,0.00035295486450195315,0.9695885509838998
1670,278.24645829200745,0.8768511652946472,0.004250335693359375,0.00031261444091796876,0.0004290342330932617,0.9731663685152058
1675,279.087443113327,0.15094992916856426,0.0035706043243408205,0.00030584335327148436,0.0002578258514404297,0.9695885509838998
1680,279.90635919570923,0.3009115695680521,0.004042577743530273,0.0003184795379638672,0.0003257036209106445,0.9749552772808586
1685,280.7437152862549,0.110124032231397,0.0041272640228271484,0.0003550291061401367,0.000335240364074707,0.9677996422182469
1690,281.58583211898804,0.4067158997990532,0.003750133514404297,0.00028779506683349607,0.0002982854843139648,0.9767441860465116
1695,282.41855120658875,0.22775292334845432,0.003806591033935547,0.00031216144561767577,0.00028884410858154297,0.9785330948121646
1700,283.23417496681213,0.2869208058053573,0.00433502197265625,0.0003491640090942383,0.00036115646362304686,0.9767441860465116
1705,284.0528371334076,0.5416192622350536,0.004099035263061523,0.0003428459167480469,0.00033397674560546874,0.9749552772808586
1710,284.8732490539551,0.30797108908300286,0.004042577743530273,0.0003184795379638672,0.00031876564025878906,0.9749552772808586
1715,285.70486092567444,0.2783969015086768,0.004599237442016601,0.0003676652908325195,0.0003724098205566406,0.9767441860465116
1720,286.58388209342957,0.302256071544457,0.004042577743530273,0.0003184795379638672,0.00032052993774414065,0.9695885509838998
1725,287.44598507881165,0.16729015919846119,0.003834819793701172,0.00032434463500976565,0.0003024101257324219,0.964221824686941
1730,288.29339122772217,0.37535452550509946,0.004278564453125,0.0003247976303100586,0.00036945343017578123,0.962432915921288
1735,289.1429440975189,0.1720235761299648,0.0035706043243408205,0.00030584335327148436,0.00026962757110595705,0.962432915921288
1740,289.9563059806824,0.22823295143338101,0.00433502197265625,0.0003491640090942383,0.00035369396209716797,0.9677996422182469
1745,290.78873920440674,0.3879354158350964,0.004014348983764649,0.00030629634857177735,0.00032227039337158204,0.9695885509838998
1750,291.62014412879944,0.15081744766503108,0.004363250732421875,0.0003613471984863281,0.00037393569946289065,0.9713774597495528
1755,292.4503161907196,0.6017187741541591,0.00433502197265625,0.0003491640090942383,0.0003551483154296875,0.9749552772808586
1760,293.2602639198303,0.30043553691502894,0.003778362274169922,0.00029997825622558595,0.00028998851776123046,0.9821109123434705
1765,294.080029964447,0.2664854794740677,0.004070806503295899,0.00033066272735595705,0.00031342506408691404,0.9838998211091234
1770,294.918927192688,0.375817406817805,0.004014348983764649,0.00030629634857177735,0.00036613941192626954,0.9856887298747764
1775,295.7819640636444,0.22602211190387606,0.003542375564575195,0.00029366016387939454,0.0002633810043334961,0.9838998211091234
1780,296.59777426719666,0.5300012877829431,0.0044863224029541016,0.00031893253326416017,0.0004159688949584961,0.9856887298747764
1785,297.436457157135,0.5434364177144758,0.003806591033935547,0.00031216144561767577,0.00029923915863037107,0.9874776386404294
1790,298.24954414367676,0.23264634275983553,0.003806591033935547,0.00031216144561767577,0.0002997875213623047,0.9892665474060823
1795,299.08932423591614,0.1753812030543031,0.004099035263061523,0.0003428459167480469,0.0003099679946899414,0.9928443649373881
1800,299.9419379234314,0.06079088398255408,0.003891277313232422,0.0003487110137939453,0.000285792350769043,0.9892665474060823
1805,300.7613980770111,0.3098437335342169,0.004306793212890625,0.00033698081970214846,0.00034649372100830077,0.9838998211091234
1810,301.5833730697632,0.20793629114632495,0.003834819793701172,0.00032434463500976565,0.0003075599670410156,0.9838998211091234
1815,302.43527603149414,0.38438254296779634,0.004014348983764649,0.00030629634857177735,0.00032536983489990235,0.9856887298747764
1820,303.2812511920929,0.3217612577485852,0.004306793212890625,0.00033698081970214846,0.00037174224853515626,0.9874776386404294
1825,304.1036641597748,0.1919141076727783,0.0035706043243408205,0.00030584335327148436,0.00026402473449707033,0.9874776386404294
1830,304.9291241168976,0.22543614608766943,0.003806591033935547,0.00031216144561767577,0.0002928495407104492,0.9910554561717353
1835,305.75336813926697,0.1507283768091156,0.004099035263061523,0.0003428459167480469,0.00036306381225585936,0.9910554561717353
1840,306.61313009262085,0.30162895363901043,0.004042577743530273,0.0003184795379638672,0.00038928985595703124,0.9910554561717353
1845,307.45720911026,0.22498002106004122,0.003806591033935547,0.00031216144561767577,0.0003005027770996094,0.9910554561717353
1850,308.2753961086273,0.0762811266737458,0.0033346176147460937,0.00029952526092529296,0.00024454593658447267,0.9910554561717353
1855,309.1001172065735,0.40121112428607264,0.003806591033935547,0.00031216144561767577,0.00028803348541259763,0.9838998211091234
1860,309.9272379875183,0.22621980463190994,0.003542375564575195,0.00029366016387939454,0.0002765655517578125,0.9803220035778175
1865,310.75313901901245,0.15140086195897312,0.003834819793701172,0.00032434463500976565,0.0003127574920654297,0.9713774597495528
1870,311.57612013816833,0.3191433808142392,0.004042577743530273,0.0003184795379638672,0.0003302335739135742,0.962432915921288
1875,312.4042019844055,0.4450523325199825,0.004806995391845703,0.0003618001937866211,0.00042629241943359375,0.9731663685152058
1880,313.22555112838745,0.3145783819293001,0.004306793212890625,0.00033698081970214846,0.00036449432373046874,0.9660107334525939
1885,314.04873609542847,0.45638249628246114,0.0039861202239990234,0.0002941131591796875,0.00032112598419189455,0.964221824686941
1890,314.87687611579895,0.22584060569643044,0.003542375564575195,0.00029366016387939454,0.0002799510955810547,0.9660107334525939
1895,315.7120621204376,0.3907888799250955,0.0033346176147460937,0.00029952526092529296,0.00024051666259765624,0.9731663685152058
1900,316.5786461830139,0.22688337239978865,0.004070806503295899,0.00033066272735595705,0.0003379106521606445,0.9302325581395349
1905,317.41706705093384,0.4788036615051169,0.004099035263061523,0.0003428459167480469,0.00032110214233398436,0.9767441860465116
1910,318.25987005233765,0.32381782674929127,0.004306793212890625,0.00033698081970214846,0.00034635066986083985,0.9463327370304114
1915,319.07912516593933,0.2606082730657363,0.0035988330841064454,0.00031802654266357424,0.000274205207824707,0.9427549194991055
1920,319.9072620868683,0.6761630387093647,0.003542375564575195,0.00029366016387939454,0.00026957988739013673,0.9660107334525939
1925,320.7164421081543,0.392748916149219,0.004042577743530273,0.0003184795379638672,0.00032815933227539065,0.9516994633273703
1930,321.54897809028625,0.5189373066663393,0.004778766632080078,0.00034961700439453127,0.00041058063507080076,0.9499105545617174
1935,322.3696320056915,0.30112927556310753,0.003778362274169922,0.00029997825622558595,0.00036511421203613283,0.9499105545617174
1940,323.2075662612915,0.25770729196201503,0.003834819793701172,0.00032434463500976565,0.00029778480529785156,0.9481216457960644
1945,324.0598123073578,0.30170341941993684,0.004042577743530273,0.0003184795379638672,0.0003690242767333984,0.9463327370304114
1950,324.8843231201172,0.7853997334848373,0.004250335693359375,0.00031261444091796876,0.00036733150482177735,0.9391771019677997
1955,325.75829100608826,0.15102011701098944,0.0035706043243408205,0.00030584335327148436,0.00033371448516845704,0.9355992844364938
1960,326.59929609298706,0.30021629956614787,0.004042577743530273,0.0003184795379638672,0.0003314018249511719,0.9338103756708408
1965,327.4301221370697,0.12990262843232186,0.0041272640228271484,0.0003550291061401367,0.00031638145446777344,0.9320214669051878
1970,328.2515881061554,0.4172424023039639,0.003750133514404297,0.00028779506683349607,0.0003071308135986328,0.9320214669051878
1975,329.1104168891907,0.22693943440826841,0.003806591033935547,0.00031216144561767577,0.00034646987915039064,0.9445438282647585
1980,329.95503520965576,0.2901783323857671,0.00433502197265625,0.0003491640090942383,0.00040204524993896483,0.9427549194991055
1985,330.80165100097656,0.5358082070946721,0.004099035263061523,0.0003428459167480469,0.00035736560821533205,0.9427549194991055
1990,331.6586329936981,0.30298657781824545,0.004042577743530273,0.0003184795379638672,0.00033960342407226565,0.9427549194991055
1995,332.50290513038635,0.5757064581150303,0.004599237442016601,0.0003676652908325195,0.000435185432434082,0.9677996422182469
2000,333.39638209342957,0.3011207102450271,0.004042577743530273,0.0003184795379638672,0.0003138065338134766,0.9695885509838998
2005,334.22230100631714,0.1651083694305271,0.003834819793701172,0.00032434463500976565,0.0002963542938232422,0.964221824686941
2010,335.06512999534607,0.3782478728360729,0.004278564453125,0.0003247976303100586,0.0003510713577270508,0.9588550983899821
2015,335.90572714805603,0.1642430902549677,0.0035706043243408205,0.00030584335327148436,0.00031080245971679685,0.9570661896243292
2020,336.7643840312958,0.22726517323560672,0.00433502197265625,0.0003491640090942383,0.0003291130065917969,0.9534883720930233
2025,337.6192481517792,0.37848117114044727,0.004014348983764649,0.00030629634857177735,0.00040442943572998046,0.9499105545617174
2030,338.4563899040222,0.15084991062803965,0.004363250732421875,0.0003613471984863281,0.0003404140472412109,0.9481216457960644
2035,339.3032772541046,3.4897892698834823,0.00433502197265625,0.0003491640090942383,0.00034842491149902346,0.9570661896243292
2040,340.149178981781,0.3089769754561303,0.003778362274169922,0.00029997825622558595,0.0003343343734741211,0.9373881932021467
2045,340.97324109077454,0.33195225686949925,0.004070806503295899,0.00033066272735595705,0.00031874179840087893,0.9177101967799642
2050,341.7935380935669,0.38570585102115873,0.004014348983764649,0.00030629634857177735,0.00032856464385986326,0.9159212880143113
2055,342.6322250366211,0.7105858707807784,0.003542375564575195,0.00029366016387939454,0.00026946067810058595,0.9141323792486583
2060,343.5167291164398,0.5283955009545934,0.0044863224029541016,0.00031893253326416017,0.00038256645202636717,0.9123434704830053
2065,344.33299803733826,1.3272339992108755,0.003806591033935547,0.00031216144561767577,0.0002937793731689453,0.9159212880143113
2070,345.1580910682678,0.5512868127320985,0.003806591033935547,0.00031216144561767577,0.0002837657928466797,0.9266547406082289
2075,346.033194065094,0.27449692992959174,0.004099035263061523,0.0003428459167480469,0.00036525726318359375,0.9391771019677997
2080,346.8745491504669,0.31633410076519936,0.003891277313232422,0.0003487110137939453,0.00029895305633544924,0.9373881932021467
2085,347.7185730934143,0.3512068148940898,0.004306793212890625,0.00033698081970214846,0.0003442049026489258,0.9391771019677997
2090,348.5664691925049,0.20702488732599705,0.003834819793701172,0.00032434463500976565,0.00031418800354003905,0.9427549194991055
2095,349.41806507110596,0.47343883223481953,0.004014348983764649,0.00030629634857177735,0.0003220081329345703,0.9499105545617174
2100,350.25526309013367,0.5329176731426756,0.004306793212890625,0.00033698081970214846,0.0004179716110229492,0.9570661896243292
2105,351.10861706733704,0.3985537790414412,0.0035706043243408205,0.00030584335327148436,0.00026514530181884763,0.9552772808586762
2110,351.9295461177826,0.27816919772888016,0.003806591033935547,0.00031216144561767577,0.00029366016387939454,0.960644007155635
2115,352.7744069099426,0.25053741061419715,0.004099035263061523,0.0003428459167480469,0.00030689239501953126,0.9677996422182469
2120,353.60208106040955,0.3070424665847895,0.004042577743530273,0.0003184795379638672,0.00033762454986572263,0.9677996422182469
2125,354.4615480899811,0.4778233611559699,0.003806591033935547,0.00031216144561767577,0.0003030061721801758,0.9695885509838998
2130,355.31648111343384,0.12241720521706156,0.0033346176147460937,0.00029952526092529296,0.00023577213287353515,0.9713774597495528
2135,356.16295409202576,0.30083179918810854,0.003806591033935547,0.00031216144561767577,0.00030262470245361327,0.9749552772808586
2140,356.99840021133423,0.2778077030554599,0.003542375564575195,0.00029366016387939454,0.00025899410247802733,0.9749552772808586
2145,357.84615111351013,0.16875669509758495,0.003834819793701172,0.00032434463500976565,0.0002985954284667969,0.9731663685152058
2150,358.67149806022644,0.42358160304720516,0.004042577743530273,0.0003184795379638672,0.0003209829330444336,0.9713774597495528
2155,359.49985003471375,0.41287192586109994,0.004806995391845703,0.0003618001937866211,0.0004130363464355469,0.8980322003577818
2160,360.3519549369812,0.4783980732653504,0.004306793212890625,0.00033698081970214846,0.0003391265869140625,0.9677996422182469
2165,361.19624400138855,0.4583971818980103,0.0039861202239990234,0.0002941131591796875,0.00031230449676513674,0.9660107334525939
2170,362.0201151371002,0.23481931339935186,0.003542375564575195,0.00029366016387939454,0.0002768993377685547,0.9660107334525939
2175,362.89716720581055,0.2613746142701771,0.0033346176147460937,0.00029952526092529296,0.00025136470794677733,0.9660107334525939
2180,363.74425506591797,0.25602374191512495,0.004070806503295899,0.00033066272735595705,0.0003194570541381836,0.964221824686941
2185,364.5619490146637,0.47799387672857846,0.004099035263061523,0.0003428459167480469,0.0003330469131469727,0.9677996422182469
2190,365.3841950893402,0.41248069088907185,0.004306793212890625,0.00033698081970214846,0.00036187171936035155,0.9713774597495528
2195,366.2431261539459,0.10732644298711307,0.0035988330841064454,0.00031802654266357424,0.0002877473831176758,0.9749552772808586
2200,367.07940316200256,0.6975372605782468,0.003542375564575195,0.00029366016387939454,0.0002826690673828125,0.9767441860465116
2205,367.93065905570984,0.5099524230925511,0.004042577743530273,0.0003184795379638672,0.00032737255096435545,0.9803220035778175
2210,368.75816011428833,0.5420955989393406,0.004778766632080078,0.00034961700439453127,0.00042557716369628906,0.9803220035778175
2215,369.61167216300964,0.300416167283062,0.003778362274169922,0.00029997825622558595,0.0002846479415893555,0.9803220035778175
2220,370.46417212486267,0.39626440586296213,0.003834819793701172,0.00032434463500976565,0.0002938985824584961,0.9803220035778175
2225,371.2830801010132,0.31173232086003966,0.004042577743530273,0.0003184795379638672,0.00033180713653564454,0.9803220035778175
2230,372.13775610923767,0.7823381202295423,0.004250335693359375,0.00031261444091796876,0.0003817558288574219,0.9803220035778175
2235,372.990629196167,0.15531660081935145,0.0035706043243408205,0.00030584335327148436,0.00033609867095947267,0.9767441860465116
2240,373.81899404525757,0.308635535817433,0.004042577743530273,0.0003184795379638672,0.0003412961959838867,0.9767441860465116
2245,374.6628260612488,0.13148744313511998,0.0041272640228271484,0.0003550291061401367,0.000346827507019043,0.9749552772808586
2250,375.5583691596985,0.4103688300681938,0.003750133514404297,0.00028779506683349607,0.000328826904296875,0.9713774597495528
2255,376.3986220359802,0.23133707111740592,0.003806591033935547,0.00031216144561767577,0.00037658214569091797,0.9713774597495528
2260,377.2200300693512,0.2920163695998781,0.00433502197265625,0.0003491640090942383,0.000335693359375,0.9713774597495528
2265,378.05318307876587,0.5354861324114608,0.004099035263061523,0.0003428459167480469,0.0003172159194946289,0.9713774597495528
2270,378.8993401527405,0.31620481204008827,0.004042577743530273,0.0003184795379638672,0.0003362894058227539,0.9713774597495528
2275,379.7253420352936,0.3332920306129779,0.004599237442016601,0.0003676652908325195,0.0003880500793457031,0.9713774597495528
2280,380.5597970485687,0.30286667156506153,0.004042577743530273,0.0003184795379638672,0.00036432743072509763,0.9767441860465116
2285,381.39632415771484,0.17250117912117274,0.003834819793701172,0.00032434463500976565,0.0002942800521850586,0.9749552772808586
2290,382.2779562473297,0.37684602816589174,0.004278564453125,0.0003247976303100586,0.00041840076446533205,0.9749552772808586
2295,383.12343192100525,0.18867472836577265,0.0035706043243408205,0.00030584335327148436,0.00030629634857177735,0.9749552772808586
2300,384.0232741832733,0.23996674637644447,0.00433502197265625,0.0003491640090942383,0.0003358602523803711,0.9785330948121646
2305,384.85226821899414,0.3766558894291393,0.004014348983764649,0.00030629634857177735,0.0003284931182861328,0.9785330948121646
2310,385.6765491962433,0.15166353838212956,0.004363250732421875,0.0003613471984863281,0.00034151077270507815,0.9785330948121646
2315,386.52428221702576,0.5964934649620546,0.00433502197265625,0.0003491640090942383,0.00035941600799560547,0.9785330948121646
2320,387.3653120994568,0.30243362728797507,0.003778362274169922,0.00029997825622558595,0.0002999067306518555,0.9785330948121646
2325,388.189893245697,0.2667156443000124,0.004070806503295899,0.00033066272735595705,0.0003334999084472656,0.9785330948121646
2330,389.02237915992737,0.3757834106567316,0.004014348983764649,0.00030629634857177735,0.0003286600112915039,0.9749552772808586
2335,389.8407030105591,0.2281495288189035,0.003542375564575195,0.00029366016387939454,0.0002669811248779297,0.9749552772808586
2340,390.67539715766907,0.6499729484683485,0.0044863224029541016,0.00031893253326416017,0.0003933906555175781,0.9785330948121646
2345,391.4921610355377,0.5749811380990423,0.003806591033935547,0.00031216144561767577,0.00028471946716308595,0.9838998211091234
2350,392.33944821357727,0.2434209355211351,0.003806591033935547,0.00031216144561767577,0.0002974987030029297,0.9838998211091234
2355,393.17914295196533,0.25088176533099615,0.004099035263061523,0.0003428459167480469,0.00037434101104736326,0.9838998211091234
2360,394.0278470516205,0.1534272672608637,0.003891277313232422,0.0003487110137939453,0.00036542415618896485,0.9803220035778175
2365,394.85700821876526,0.311761732399475,0.004306793212890625,0.00033698081970214846,0.00035381317138671875,0.9838998211091234
2370,395.6929130554199,0.19115818729629835,0.003834819793701172,0.00032434463500976565,0.00030002593994140627,0.9838998211091234
2375,396.51371717453003,0.3872437536716461,0.004014348983764649,0.00030629634857177735,0.0003440380096435547,0.9821109123434705
2380,397.33221197128296,0.45493504358455683,0.004306793212890625,0.00033698081970214846,0.0003483057022094727,0.9821109123434705
2385,398.1529653072357,0.19272465610397377,0.0035706043243408205,0.00030584335327148436,0.00026891231536865237,0.9856887298747764
2390,398.9834110736847,0.2278383486560415,0.003806591033935547,0.00031216144561767577,0.0002994537353515625,0.9856887298747764
2395,399.8198022842407,0.15243505266413707,0.004099035263061523,0.0003428459167480469,0.00031020641326904295,0.9856887298747764
2400,400.7153971195221,0.30541223169421416,0.004042577743530273,0.0003184795379638672,0.0003327369689941406,0.9856887298747764
2405,401.5375943183899,0.22600978645526199,0.003806591033935547,0.00031216144561767577,0.0003043174743652344,0.9856887298747764
2410,402.3852632045746,0.07831108420590738,0.0033346176147460937,0.00029952526092529296,0.0003176450729370117,0.9856887298747764
2415,403.2156491279602,0.4115290662419298,0.003806591033935547,0.00031216144561767577,0.00030539035797119143,0.9874776386404294
2420,404.0357310771942,0.22813726293170475,0.003542375564575195,0.00029366016387939454,0.00026447772979736327,0.9838998211091234
2425,404.9074420928955,0.15322411232627928,0.003834819793701172,0.00032434463500976565,0.00030777454376220705,0.9785330948121646
2430,405.73075795173645,0.3355823450436219,0.004042577743530273,0.0003184795379638672,0.0003320217132568359,0.9785330948121646
2435,406.5522861480713,0.40456270175352527,0.004806995391845703,0.0003618001937866211,0.00040328502655029297,0.9821109123434705
2440,407.4236149787903,0.3152865346701674,0.004306793212890625,0.00033698081970214846,0.00036187171936035155,0.9821109123434705
2445,408.25299620628357,0.451417789794516,0.0039861202239990234,0.0002941131591796875,0.00033299922943115235,0.9821109123434705
2450,409.0773301124573,0.2256296792322246,0.003542375564575195,0.00029366016387939454,0.0002827167510986328,0.9821109123434705
2455,409.8979880809784,0.294269771985293,0.0033346176147460937,0.00029952526092529296,0.00023946762084960937,0.9821109123434705
2460,410.7868239879608,0.22651425357553306,0.004070806503295899,0.00033066272735595705,0.0003290891647338867,0.9838998211091234
2465,411.6252632141113,0.2617817518216725,0.004099035263061523,0.0003428459167480469,0.00031549930572509765,0.9838998211091234
2470,412.4759440422058,0.3226190783083439,0.004306793212890625,0.00033698081970214846,0.000358128547668457,0.9856887298747764
2475,413.36425709724426,0.07990598808401331,0.0035988330841064454,0.00031802654266357424,0.00034503936767578126,0.9856887298747764
2480,414.2913212776184,0.2977419739312609,0.003542375564575195,0.00029366016387939454,0.00027897357940673826,0.9856887298747764
2485,415.14096117019653,0.3877793908120111,0.004042577743530273,0.0003184795379638672,0.0003489255905151367,0.9892665474060823
2490,415.9915671348572,0.4892019273716187,0.004778766632080078,0.00034961700439453127,0.0004244565963745117,0.9892665474060823
2495,416.8319320678711,0.30000409486256246,0.003778362274169922,0.00029997825622558595,0.0003003835678100586,0.9874776386404294
2500,417.6754722595215,0.18702334243425867,0.003834819793701172,0.00032434463500976565,0.00029926300048828126,0.9838998211091234
2505,418.52482318878174,0.30067661713110283,0.004042577743530273,0.0003184795379638672,0.00032401084899902344,0.9767441860465116
2510,419.35695123672485,0.8198889658087865,0.004250335693359375,0.00031261444091796876,0.00039288997650146487,0.9767441860465116
2515,420.1850550174713,0.150143091649079,0.0035706043243408205,0.00030584335327148436,0.00026180744171142576,0.9767441860465116
2520,421.01887226104736,0.3068089671463895,0.004042577743530273,0.0003184795379638672,0.0004759788513183594,0.9767441860465116
2525,421.87657618522644,0.0985628941169125,0.0041272640228271484,0.0003550291061401367,0.000339508056640625,0.9767441860465116
2530,422.8177752494812,0.4245346340351489,0.003750133514404297,0.00028779506683349607,0.00030581951141357423,0.9838998211091234
2535,423.6800401210785,0.22678646725253343,0.003806591033935547,0.00031216144561767577,0.00031404495239257814,0.9874776386404294
2540,424.5620102882385,0.27619212537356364,0.00433502197265625,0.0003491640090942383,0.0003476858139038086,0.9874776386404294
2545,425.3988449573517,0.5405979008575514,0.004099035263061523,0.0003428459167480469,0.00036129951477050783,0.9856887298747764
2550,426.2439181804657,0.3036021951556904,0.004042577743530273,0.0003184795379638672,0.00032224655151367185,0.9821109123434705
2555,427.12338304519653,0.27855641645001017,0.004599237442016601,0.0003676652908325195,0.00040137767791748047,0.9856887298747764
2560,427.9866352081299,0.3003057733993387,0.004042577743530273,0.0003184795379638672,0.00033416748046875,0.9874776386404294
2565,428.8380432128906,0.16580336717894398,0.003834819793701172,0.00032434463500976565,0.00032482147216796877,0.9856887298747764
2570,429.7157850265503,0.3762108911178075,0.004278564453125,0.0003247976303100586,0.0003927469253540039,0.9856887298747764
2575,430.6063930988312,0.19944817051343905,0.0035706043243408205,0.00030584335327148436,0.00026912689208984374,0.9856887298747764
2580,431.49647307395935,0.22820275761204128,0.00433502197265625,0.0003491640090942383,0.00035119056701660156,0.9910554561717353
2585,432.3230621814728,0.37593413573778206,0.004014348983764649,0.00030629634857177735,0.00034794807434082033,0.9892665474060823
2590,433.2336940765381,0.15039018716925057,0.004363250732421875,0.0003613471984863281,0.0004344940185546875,0.9892665474060823
2595,434.1080319881439,0.5851466990768472,0.00433502197265625,0.0003491640090942383,0.0004222631454467773,0.9910554561717353
2600,435.0009801387787,0.30057986516294477,0.003778362274169922,0.00029997825622558595,0.00033929347991943357,0.9910554561717353
2605,435.88007402420044,0.25761940851807597,0.004070806503295899,0.00033066272735595705,0.0004266977310180664,0.9928443649373881
2610,436.7624499797821,0.375623986084247,0.004014348983764649,0.00030629634857177735,0.00033969879150390624,0.9910554561717353
2615,437.6072552204132,0.22593892300792504,0.003542375564575195,0.00029366016387939454,0.00029888153076171873,0.9910554561717353
2620,438.5127160549164,0.5279049590284558,0.0044863224029541016,0.00031893253326416017,0.00041251182556152345,0.9910554561717353
2625,439.39621901512146,0.539364135476356,0.003806591033935547,0.00031216144561767577,0.00038874149322509766,0.9910554561717353
2630,440.27589201927185,0.23122081079200144,0.003806591033935547,0.00031216144561767577,0.00030570030212402345,0.9892665474060823
2635,441.1645231246948,0.19816682185519313,0.004099035263061523,0.0003428459167480469,0.000347447395324707,0.9892665474060823
2640,442.0273962020874,0.02129811461782083,0.003891277313232422,0.0003487110137939453,0.0003242015838623047,0.9821109123434705
2645,442.91281914711,0.3035730518400669,0.004306793212890625,0.00033698081970214846,0.00035469532012939454,0.9713774597495528
2650,443.79254603385925,0.19369223219691917,0.003834819793701172,0.00032434463500976565,0.0003231048583984375,0.9660107334525939
2655,444.6948471069336,0.4061951473355293,0.004014348983764649,0.00030629634857177735,0.0003904104232788086,0.9892665474060823
2660,445.5977830886841,0.3153410332975909,0.004306793212890625,0.00033698081970214846,0.0003753662109375,0.9910554561717353
2665,446.46432518959045,0.18523500889259595,0.0035706043243408205,0.00030584335327148436,0.00027225017547607424,0.9910554561717353
2670,447.3147850036621,0.22637369795306767,0.003806591033935547,0.00031216144561767577,0.00029251575469970705,0.9856887298747764
2675,448.1721351146698,0.1503418394459061,0.004099035263061523,0.0003428459167480469,0.0003289937973022461,0.9838998211091234
2680,449.0425181388855,0.30102255272809086,0.004042577743530273,0.0003184795379638672,0.00032546520233154295,0.9821109123434705
2685,449.9280641078949,0.22544732663084943,0.003806591033935547,0.00031216144561767577,0.0002999067306518555,0.9821109123434705
2690,450.8156051635742,0.0761757762406674,0.0033346176147460937,0.00029952526092529296,0.00023937225341796875,0.9821109123434705
2695,451.6697051525116,0.35376822328489654,0.003806591033935547,0.00031216144561767577,0.0003113746643066406,0.9803220035778175
2700,452.6073999404907,0.3355691854725592,0.003542375564575195,0.00029366016387939454,0.000294041633605957,0.9785330948121646
2705,453.48085927963257,0.1534637633723875,0.003834819793701172,0.00032434463500976565,0.0003276824951171875,0.9767441860465116
2710,454.39337396621704,0.451143623097596,0.004042577743530273,0.0003184795379638672,0.0003731012344360352,0.9821109123434705
2715,455.2960820198059,0.3952363242834281,0.004806995391845703,0.0003618001937866211,0.0004252910614013672,0.9731663685152058
2720,456.2038662433624,0.33932179091543874,0.004306793212890625,0.00033698081970214846,0.0004045009613037109,0.9749552772808586
2725,457.078586101532,0.4536195142195368,0.0039861202239990234,0.0002941131591796875,0.0003384590148925781,0.9767441860465116
2730,457.9731252193451,0.22566773790604344,0.003542375564575195,0.00029366016387939454,0.0002849340438842773,0.9767441860465116
2735,458.8686149120331,0.3029482920567602,0.0033346176147460937,0.00029952526092529296,0.0002541303634643555,0.9713774597495528
2740,459.76174116134644,0.22618366112714625,0.004070806503295899,0.00033066272735595705,0.0003462314605712891,0.9695885509838998
2745,460.6798689365387,0.2694794476237803,0.004099035263061523,0.0003428459167480469,0.0003916025161743164,0.9695885509838998
2750,461.54526710510254,0.3244128186896035,0.004306793212890625,0.00033698081970214846,0.0003913164138793945,0.9660107334525939
2755,462.42962408065796,0.08466478114023772,0.0035988330841064454,0.00031802654266357424,0.00035643577575683594,0.964221824686941
2760,463.3076171875,0.6097577862470643,0.003542375564575195,0.00029366016387939454,0.00028226375579833987,0.9677996422182469
2765,464.19524002075195,0.39967961907604066,0.004042577743530273,0.0003184795379638672,0.0003245353698730469,0.9749552772808586
2770,465.0744631290436,0.5197229632911331,0.004778766632080078,0.00034961700439453127,0.0004025936126708984,0.9749552772808586
2775,465.9105911254883,0.30035875440459564,0.003778362274169922,0.00029997825622558595,0.0003201484680175781,0.9767441860465116
2780,466.79079818725586,0.20185376178123987,0.003834819793701172,0.00032434463500976565,0.000299072265625,0.9767441860465116
2785,467.6870059967041,0.30191061231307686,0.004042577743530273,0.0003184795379638672,0.00041010379791259763,0.9767441860465116
2790,468.5732481479645,0.7833623293787241,0.004250335693359375,0.00031261444091796876,0.00035486221313476565,0.9767441860465116
2795,469.44221806526184,0.1501492831827477,0.0035706043243408205,0.00030584335327148436,0.0002762794494628906,0.9767441860465116
2800,470.3433611392975,0.3001986715690478,0.004042577743530273,0.0003184795379638672,0.0003175973892211914,0.9767441860465116