#{"solver": {"engine": {"type": "ExactEngine"}, "semiring": "GraphSemiring"}, "networks": [{"name": "perc_net_version_0_NeSy_0", "module": "AD_V0_NeSy_0_net(\n  (image_features): Sequential(\n    (0): Conv2d(3, 6, kernel_size=(5, 5), stride=(1, 1))\n    (1): ReLU()\n    (2): MaxPool2d(kernel_size=2, stride=2, padding=0, dilation=1, ceil_mode=False)\n    (3): Conv2d(6, 16, kernel_size=(5, 5), stride=(1, 1))\n    (4): ReLU()\n    (5): MaxPool2d(kernel_size=2, stride=2, padding=0, dilation=1, ceil_mode=False)\n    (6): Flatten(start_dim=0, end_dim=2)\n    (7): Linear(in_features=400, out_features=120, bias=True)\n    (8): ReLU()\n    (9): Linear(in_features=120, out_features=84, bias=True)\n    (10): ReLU()\n    (11): Linear(in_features=84, out_features=16, bias=True)\n    (12): ReLU()\n  )\n  (numeric_features): Sequential(\n    (0): Linear(in_features=1, out_features=4, bias=True)\n    (1): ReLU()\n    (2): Linear(in_features=4, out_features=4, bias=True)\n    (3): ReLU()\n  )\n  (combined_features): Sequential(\n    (0): Linear(in_features=20, out_features=16, bias=True)\n    (1): ReLU()\n    (2): Linear(in_features=16, out_features=2, bias=True)\n    (3): Softmax(dim=-1)\n  )\n)", "optimizer": "Adam (\nParameter Group 0\n    amsgrad: False\n    betas: (0.9, 0.999)\n    capturable: False\n    differentiable: False\n    eps: 1e-08\n    foreach: None\n    fused: None\n    lr: 0.001\n    maximize: False\n    weight_decay: 0\n)", "k": null}], "program": "coord(X) :- X=0.0; X=1.0; X=2.0; X=3.0.\nadmissible_cells(X) :- coord(X).\nnn(perc_net_version_0_NeSy_0,[Img, X],Z,[human, nothing])::cell(Img,X,Z).\nattention_boundary(X) :- X==1.0.\nenlarged_boundary(X) :- X==2.0.\nout_of_view(X) :- X==0.0; X==3.0.\naction(Img,1) :- admissible_cells(X), attention_boundary(X), cell(Img,X,human).\naction(Img,2) :- admissible_cells(X), enlarged_boundary(X), cell(Img,X,human), \\+action(Img,1).\naction(Img,0) :- admissible_cells(X), out_of_view(X), \\+action(Img,2), \\+action(Img,1).\n"}
#Accuracy 0.9702251270878722
i,time,loss,ground_time,compile_time,eval_time,accuracy
5,0.04836082458496094,0.9134892761707306,0.0013456344604492188,0.00016465187072753907,0.00016393661499023438,0.3311546840958606
10,1.703488826751709,1.0377046644687653,0.0015224456787109376,0.00018768310546875,0.0001438140869140625,0.3311546840958606
15,3.298022747039795,1.2085911154747009,0.0018608570098876953,0.0002284526824951172,0.00016033649444580078,0.3311546840958606
20,4.994848966598511,1.4265657663345337,0.002368474006652832,0.000289607048034668,0.0001850128173828125,0.3311546840958606
25,6.598326921463013,1.1699215650558472,0.0017916440963745117,0.00021865367889404297,0.0001644611358642578,0.3311546840958606
30,8.196017742156982,1.1442381739616394,0.0018608570098876953,0.0002284526824951172,0.00016286373138427735,0.3311546840958606
35,9.804025888442993,1.1003147780895233,0.0016916513442993164,0.0002080678939819336,0.00015888214111328124,0.3311546840958606
40,11.453243732452393,1.0476585030555725,0.001591658592224121,0.0001974821090698242,0.0001455545425415039,0.3311546840958606
45,13.059079885482788,1.1579824566841126,0.0017916440963745117,0.00021865367889404297,0.00016677379608154297,0.3311546840958606
50,14.65921401977539,1.185708212852478,0.0019608497619628905,0.00023903846740722657,0.0001665353775024414,0.3311546840958606
55,16.27180004119873,1.1027685821056366,0.0016916513442993164,0.0002080678939819336,0.00016167163848876954,0.3311546840958606
60,17.94390606880188,1.1176378548145294,0.0018608570098876953,0.0002284526824951172,0.00015857219696044922,0.3311546840958606
65,19.548954725265503,1.0184830367565154,0.0019992828369140626,0.00024805068969726565,0.00016443729400634767,0.3333333333333333
70,21.190319061279297,1.149042546749115,0.0013532400131225585,0.00016729831695556642,0.00014140605926513672,0.4226579520697168
75,22.79456877708435,1.0945068299770355,0.0016916513442993164,0.0002080678939819336,0.00015101432800292968,0.3311546840958606
80,24.401978731155396,1.1056504130363465,0.0016916513442993164,0.0002080678939819336,0.0001594066619873047,0.3311546840958606
85,25.991989850997925,1.0781868159770966,0.001453232765197754,0.0001778841018676758,0.00015299320220947267,0.3311546840958606
90,27.588408946990967,1.2191259384155273,0.0019608497619628905,0.00023903846740722657,0.0001750946044921875,0.3311546840958606
95,29.151197910308838,1.2129863619804382,0.0019608497619628905,0.00023903846740722657,0.00016820430755615234,0.3311546840958606
100,30.759809017181396,1.1497714459896087,0.002099275588989258,0.000258636474609375,0.00015604496002197266,0.3311546840958606
105,32.30738401412964,1.0626911401748658,0.001930069923400879,0.0002382516860961914,0.00015766620635986327,0.3333333333333333
110,33.863322734832764,1.1596313536167144,0.0019608497619628905,0.00023903846740722657,0.0001632213592529297,0.3333333333333333
115,35.42281889915466,1.155264538526535,0.0014224529266357421,0.00017709732055664061,0.00013957023620605468,0.3333333333333333
120,36.97984790802002,1.0489141404628755,0.0018300771713256835,0.00022766590118408203,0.00015964508056640626,0.3311546840958606
125,38.54438495635986,1.069895851612091,0.0015224456787109376,0.00018768310546875,0.0001461029052734375,0.3311546840958606
130,40.10846996307373,1.073132538795471,0.0017608642578125,0.0002178668975830078,0.00015935897827148437,0.3311546840958606
135,41.71875786781311,1.02931147813797,0.001591658592224121,0.0001974821090698242,0.00014660358428955078,0.3311546840958606
140,43.28947401046753,1.2837119817733764,0.0022992610931396483,0.00027980804443359373,0.00018627643585205077,0.3311546840958606
145,44.84448480606079,1.1603476524353027,0.0017916440963745117,0.00021865367889404297,0.0001649141311645508,0.3311546840958606
150,46.404844999313354,1.2126881241798402,0.0016532182693481446,0.00019905567169189453,0.00016562938690185548,0.3311546840958606
155,47.953163862228394,1.115599662065506,0.0018608570098876953,0.0002284526824951172,0.00015993118286132811,0.3311546840958606
160,49.507240772247314,1.2369090795516968,0.0018224239349365235,0.00021944046020507812,0.00017347335815429688,0.3311546840958606
165,51.11633896827698,0.9334270060062408,0.001322460174560547,0.00016651153564453124,0.00012459754943847657,0.3311546840958606
170,52.68248891830444,1.0841918408870697,0.0016916513442993164,0.0002080678939819336,0.00015246868133544922,0.3311546840958606
175,54.2665228843689,1.0418052136898042,0.0015224456787109376,0.00018768310546875,0.0001515626907348633,0.3311546840958606
180,55.83252286911011,1.0797542452812194,0.0016916513442993164,0.0002080678939819336,0.00014529228210449218,0.3311546840958606
185,57.39342379570007,1.0854214489459992,0.0016224384307861328,0.00019826889038085938,0.00014443397521972655,0.3311546840958606
190,58.95378875732422,1.1081396043300629,0.0015532255172729492,0.00018846988677978516,0.00015633106231689454,0.3311546840958606
195,60.55642890930176,1.0041625201702118,0.0016608715057373046,0.00020728111267089843,0.00014235973358154297,0.3311546840958606
200,62.117740869522095,1.1970713973045348,0.0021300554275512696,0.00025942325592041013,0.00017652511596679687,0.3616557734204793
205,63.68310499191284,1.034786629676819,0.0018608570098876953,0.0002284526824951172,0.0001665353775024414,0.47058823529411764
210,65.25165581703186,1.162643951177597,0.0020608425140380858,0.00024962425231933594,0.0001718282699584961,0.49673202614379086
215,66.7967050075531,0.8942369550466538,0.0015224456787109376,0.00018768310546875,0.00013971328735351562,0.5628177196804648
220,68.35947108268738,1.1431886941194533,0.0019608497619628905,0.00023903846740722657,0.00016176700592041016,0.5635439360929557
225,69.97595191001892,0.9958925604820251,0.0016916513442993164,0.0002080678939819336,0.00014617443084716797,0.5323166303558461
230,71.53657293319702,0.7850149542093277,0.0016608715057373046,0.00020728111267089843,0.00014209747314453125,0.5642701525054467
235,73.09389090538025,0.6744558662176132,0.0019992828369140626,0.00024805068969726565,0.00015435218811035156,0.541757443718228
240,74.65042877197266,0.6239203207194806,0.0018608570098876953,0.0002284526824951172,0.00015897750854492186,0.5846042120551924
245,76.20309805870056,1.5499085268005728,0.0017532110214233398,0.0002096414566040039,0.00016567707061767578,0.4596949891067538
250,77.7627809047699,1.0683337086811662,0.0017608642578125,0.0002178668975830078,0.00015163421630859375,0.5867828612926652
255,79.3783028125763,0.9574002543464303,0.0018916368484497071,0.00022923946380615234,0.0001616954803466797,0.5896877269426289
260,80.9415910243988,0.8927373133599759,0.0016224384307861328,0.00019826889038085938,0.00015516281127929686,0.5918663761801016
265,82.49460697174072,0.9257161289453506,0.0016224384307861328,0.00019826889038085938,0.00014903545379638672,0.5904139433551199
270,84.06015300750732,1.1501126021146775,0.0018224239349365235,0.00021944046020507812,0.00015981197357177733,0.5896877269426289
275,85.62002873420715,0.7827815804630518,0.0020300626754760744,0.0002488374710083008,0.00017535686492919922,0.5904139433551199
280,87.17716193199158,0.9654722079634667,0.0016224384307861328,0.00019826889038085938,0.00015926361083984375,0.5911401597676107
285,88.79707288742065,0.8713665425777435,0.001453232765197754,0.0001778841018676758,0.00014271736145019532,0.5904139433551199
290,90.35309886932373,0.7667971637099982,0.0013532400131225585,0.00016729831695556642,0.00013768672943115234,0.5904139433551199
295,91.91557288169861,0.8089841693639755,0.0017916440963745117,0.00021865367889404297,0.00016176700592041016,0.5824255628177197
300,93.47756576538086,0.5763498117215932,0.0016916513442993164,0.0002080678939819336,0.00013537406921386718,0.5853304284676834
305,95.0490608215332,0.9166387058328838,0.0016224384307861328,0.00019826889038085938,0.0001499652862548828,0.5962236746550472
310,96.59852695465088,0.74229359109886,0.0016224384307861328,0.00019826889038085938,0.00015163421630859375,0.5962236746550472
315,98.16092371940613,0.8314472974743694,0.0015224456787109376,0.00018768310546875,0.00014412403106689453,0.5911401597676107
320,99.77548098564148,0.7838616820052267,0.002368474006652832,0.000289607048034668,0.00018279552459716798,0.5925925925925926
325,101.33662796020508,0.6631476037669927,0.001453232765197754,0.0001778841018676758,0.0001407146453857422,0.5918663761801016
330,102.90415000915527,0.8851722036022693,0.0018916368484497071,0.00022923946380615234,0.00017862319946289064,0.5802469135802469
335,104.46087694168091,0.7254343274980783,0.001453232765197754,0.0001778841018676758,0.00014328956604003906,0.5780682643427741
340,106.02114200592041,0.5985694139730185,0.002099275588989258,0.000258636474609375,0.00016095638275146485,0.5787944807552651
345,107.57392001152039,0.6857349499128759,0.001930069923400879,0.0002382516860961914,0.0001566171646118164,0.5787944807552651
350,109.18183183670044,0.5918639987707138,0.0014224529266357421,0.00017709732055664061,0.0001358509063720703,0.5846042120551924
355,110.73956775665283,0.5540397059638054,0.0015224456787109376,0.00018768310546875,0.00014150142669677734,0.59840232389252
360,112.30254006385803,0.25083551281131805,0.002068495750427246,0.00025784969329833984,0.00015287399291992189,0.6005809731299927
365,113.87205076217651,1.0679280802607536,0.0020608425140380858,0.00024962425231933594,0.00017368793487548828,0.5911401597676107
370,115.43515682220459,0.579291143131013,0.002099275588989258,0.000258636474609375,0.00016584396362304688,0.5722585330428468
375,116.99908709526062,0.6952033613881212,0.0018608570098876953,0.0002284526824951172,0.00016021728515625,0.5998547567175018
380,118.61071491241455,0.8883592346683145,0.0018300771713256835,0.00022766590118408203,0.00015268325805664062,0.5954974582425563
385,120.17193484306335,0.694134983693948,0.0020300626754760744,0.0002488374710083008,0.0001731395721435547,0.5911401597676107
390,121.82309889793396,0.6370987883361522,0.0017916440963745117,0.00021865367889404297,0.00016982555389404296,0.5911401597676107
395,123.38508892059326,0.5813396554789506,0.0015224456787109376,0.00018768310546875,0.00014095306396484376,0.5882352941176471
400,124.94579291343689,0.5652022526250221,0.0016916513442993164,0.0002080678939819336,0.00015730857849121093,0.5925925925925926
405,126.57234787940979,0.1610947533044964,0.002068495750427246,0.00025784969329833984,0.00017390251159667968,0.5904139433551199
410,128.1926999092102,1.0892851521377451,0.0018224239349365235,0.00021944046020507812,0.0001722574234008789,0.5918663761801016
415,129.75678086280823,0.5472330128774047,0.0015224456787109376,0.00018768310546875,0.00014193058013916015,0.5896877269426289
420,131.3192539215088,0.6559297935542417,0.0018608570098876953,0.0002284526824951172,0.00015676021575927734,0.5918663761801016
425,132.89030289649963,1.676946626753852,0.0021300554275512696,0.00025942325592041013,0.0001801013946533203,0.6013071895424836
430,134.4493818283081,0.6016735432087443,0.002199268341064453,0.0002692222595214844,0.00016934871673583983,0.5896877269426289
435,136.00629711151123,0.5759718239307915,0.0020300626754760744,0.0002488374710083008,0.00016627311706542968,0.5533769063180828
440,137.6189079284668,0.6575886089354753,0.0018608570098876953,0.0002284526824951172,0.00016374588012695311,0.5475671750181554
445,139.17996096611023,0.8331012433402976,0.0018916368484497071,0.00022923946380615234,0.0001689910888671875,0.5620915032679739
450,140.74264693260193,1.0224916780367495,0.0017532110214233398,0.0002096414566040039,0.0001517772674560547,0.5642701525054467
455,142.3013617992401,0.922275736931715,0.001453232765197754,0.0001778841018676758,0.00013957023620605468,0.5751633986928104
460,143.8643057346344,0.6067353015765548,0.0016916513442993164,0.0002080678939819336,0.00014290809631347656,0.5744371822803195
465,145.4218327999115,0.650809326252056,0.0017916440963745117,0.00021865367889404297,0.00016922950744628905,0.5679012345679012
470,146.98302483558655,0.7526907167572062,0.001722431182861328,0.00020885467529296875,0.0001593351364135742,0.5591866376180101
475,148.5891728401184,0.7966807976365103,0.0018608570098876953,0.0002284526824951172,0.00015718936920166015,0.5715323166303559
480,150.1446976661682,1.3335199400783495,0.0016224384307861328,0.00019826889038085938,0.0001492023468017578,0.5875090777051561
485,151.70735788345337,0.8065229415660724,0.001722431182861328,0.00020885467529296875,0.00016031265258789062,0.5875090777051561
490,153.27432489395142,0.931511640176177,0.0016916513442993164,0.0002080678939819336,0.00015056133270263672,0.5947712418300654
495,154.8377389907837,0.7413303628796711,0.001722431182861328,0.00020885467529296875,0.0001591920852661133,0.5940450254175744
500,156.38776183128357,0.6231438777642324,0.0016224384307861328,0.00019826889038085938,0.0001385211944580078,0.5969498910675382
505,157.99751496315002,0.6151797690661625,0.002099275588989258,0.000258636474609375,0.00015773773193359376,0.5976761074800291
510,159.55941605567932,0.4578409903595457,0.0018608570098876953,0.0002284526824951172,0.00015845298767089844,0.6020334059549746
515,161.12222385406494,0.8343059867736884,0.0015532255172729492,0.00018846988677978516,0.00014271736145019532,0.6027596223674655
520,162.68178510665894,0.8540755667956546,0.0017916440963745117,0.00021865367889404297,0.00015540122985839843,0.6020334059549746
525,164.25574493408203,0.4011636089067906,0.001591658592224121,0.0001974821090698242,0.00013837814331054687,0.6013071895424836
530,165.82102990150452,0.5918951890023891,0.0018608570098876953,0.0002284526824951172,0.00017435550689697265,0.6027596223674655
535,167.4308979511261,0.7349141345155659,0.0022992610931396483,0.00027980804443359373,0.00017731189727783204,0.6063907044299202
540,168.99819493293762,0.5124441031366587,0.001930069923400879,0.0002382516860961914,0.00016150474548339843,0.6122004357298475
545,170.558767080307,0.4986666183640409,0.001930069923400879,0.0002382516860961914,0.00016121864318847657,0.6143790849673203
550,172.11654591560364,0.7143259200900502,0.0016916513442993164,0.0002080678939819336,0.00014812946319580077,0.6143790849673203
555,173.6858069896698,0.601308495754347,0.0021300554275512696,0.00025942325592041013,0.00018422603607177735,0.6100217864923747
560,175.2558877468109,0.8841286741080694,0.0019916296005249023,0.0002398252487182617,0.00018055438995361327,0.6100217864923747
565,176.86806178092957,0.8511441302020103,0.0018224239349365235,0.00021944046020507812,0.0001616954803466797,0.6078431372549019
570,178.42673683166504,0.4804775441826223,0.0016916513442993164,0.0002080678939819336,0.00014815330505371093,0.6071169208424111
575,179.9875349998474,0.4355475286162573,0.002099275588989258,0.000258636474609375,0.0001763582229614258,0.6071169208424111
580,181.5539608001709,0.5103733866804419,0.001930069923400879,0.0002382516860961914,0.0001495838165283203,0.6129266521423384
585,183.11086201667786,0.769073972159822,0.001722431182861328,0.00020885467529296875,0.00015833377838134766,0.6143790849673203
590,184.67772579193115,0.6945896635673762,0.0016224384307861328,0.00019826889038085938,0.00015320777893066407,0.6143790849673203
595,186.282372713089,0.3612195219345381,0.002268481254577637,0.0002790212631225586,0.00018935203552246095,0.6151053013798112
600,187.83855676651,0.8821282359785982,0.0018916368484497071,0.00022923946380615234,0.00016188621520996094,0.6143790849673203
605,189.40598702430725,0.715883483597554,0.001722431182861328,0.00020885467529296875,0.00015888214111328124,0.6129266521423384
610,190.95997786521912,0.40235119156168364,0.0015608787536621094,0.00019669532775878906,0.0001456737518310547,0.615831517792302
615,192.52162098884583,0.513624644139054,0.001930069923400879,0.0002382516860961914,0.0001482725143432617,0.615831517792302
620,194.07803392410278,0.6788163064935361,0.0015224456787109376,0.00018768310546875,0.00014259815216064454,0.616557734204793
625,195.68219900131226,0.3554438710845716,0.0014224529266357421,0.00017709732055664061,0.00014050006866455077,0.6187363834422658
630,197.23524594306946,0.7029314770246856,0.001930069923400879,0.0002382516860961914,0.00017087459564208985,0.6180101670297748
635,198.80516600608826,0.46255606846107183,0.001930069923400879,0.0002382516860961914,0.00016486644744873047,0.615831517792302
640,200.35698890686035,0.6606104808175587,0.0017608642578125,0.0002178668975830078,0.0001581430435180664,0.6209150326797386
645,201.91299891471863,0.7567263555669428,0.001453232765197754,0.0001778841018676758,0.00014591217041015625,0.6238198983297023
650,203.493754863739,0.4148145854363975,0.001930069923400879,0.0002382516860961914,0.00016021728515625,0.6209150326797386
655,205.04788184165955,0.5065989681097562,0.0020300626754760744,0.0002488374710083008,0.00016987323760986328,0.6223674655047204
660,206.65290904045105,0.8354314584285362,0.0016916513442993164,0.0002080678939819336,0.00015125274658203124,0.6223674655047204
665,208.2124228477478,0.706854870407551,0.0015532255172729492,0.00018846988677978516,0.0001572132110595703,0.6122004357298475
670,209.76727080345154,0.7382735293409496,0.001722431182861328,0.00020885467529296875,0.00016720294952392577,0.5599128540305011
675,211.32216787338257,0.6586301142950106,0.001453232765197754,0.0001778841018676758,0.0001508951187133789,0.5337690631808278
680,212.87679195404053,0.9291658960763016,0.0018916368484497071,0.00022923946380615234,0.00016324520111083985,0.55119825708061
685,214.43565392494202,0.6939206418735921,0.001722431182861328,0.00020885467529296875,0.00016956329345703126,0.5679012345679012
690,216.03968405723572,0.7740831041266574,0.0016532182693481446,0.00019905567169189453,0.00015652179718017578,0.5715323166303559
695,217.6007158756256,0.6380004685328459,0.0016224384307861328,0.00019826889038085938,0.00015344619750976563,0.6230936819172114
700,219.1680748462677,0.501669974698234,0.0016916513442993164,0.0002080678939819336,0.00015168190002441407,0.6252723311546841
705,220.72278594970703,0.4640894452266366,0.0018608570098876953,0.0002284526824951172,0.0001569032669067383,0.6245461147421931
710,222.29771375656128,0.48791564645167684,0.002368474006652832,0.000289607048034668,0.00018732547760009767,0.6136528685548294
715,223.84697079658508,0.667750673182104,0.0017916440963745117,0.00021865367889404297,0.00016202926635742188,0.6071169208424111
720,225.4518678188324,0.8008757766243434,0.001591658592224121,0.0001974821090698242,0.00013408660888671874,0.625998547567175
725,227.01661491394043,0.7505851298828474,0.0017916440963745117,0.00021865367889404297,0.00015869140625,0.6281771968046478
730,228.57619500160217,0.39408560985391433,0.001591658592224121,0.0001974821090698242,0.0001348257064819336,0.6303558460421206
735,230.1510558128357,0.41339466818032805,0.0020300626754760744,0.0002488374710083008,0.00016684532165527343,0.6281771968046478
740,231.7074098587036,0.679283693333872,0.0017916440963745117,0.00021865367889404297,0.0001649141311645508,0.6289034132171387
745,233.2655007839203,0.52196999439916,0.0016224384307861328,0.00019826889038085938,0.00015363693237304687,0.6274509803921569
750,234.87051582336426,0.3236642464749309,0.002099275588989258,0.000258636474609375,0.0001619100570678711,0.6289034132171387
755,236.41570782661438,0.48776421057995095,0.0016608715057373046,0.00020728111267089843,0.00014710426330566406,0.625998547567175
760,237.9783821105957,1.5511265069269258,0.0016916513442993164,0.0002080678939819336,0.00014417171478271485,0.6281771968046478
765,239.54535698890686,0.763063466874884,0.001453232765197754,0.0001778841018676758,0.00014848709106445311,0.6187363834422658
770,241.18677973747253,0.3610541519534308,0.0016916513442993164,0.0002080678939819336,0.00016694068908691407,0.6042120551924474
775,242.7677800655365,0.678286262601614,0.0013532400131225585,0.00016729831695556642,0.00014052391052246093,0.6027596223674655
780,244.3824279308319,0.8289800316095366,0.002230048179626465,0.00027000904083251953,0.000176239013671875,0.5998547567175018
785,245.95100593566895,1.0422707406805671,0.0018608570098876953,0.0002284526824951172,0.00016205310821533204,0.5976761074800291
790,247.52573585510254,0.5000986384926364,0.002199268341064453,0.0002692222595214844,0.00016548633575439454,0.5962236746550472
795,249.07080602645874,0.1362242256559753,0.0018300771713256835,0.00022766590118408203,0.00014529228210449218,0.5947712418300654
800,250.63006377220154,0.6748881797306254,0.0018916368484497071,0.00022923946380615234,0.00016870498657226563,0.5940450254175744
805,252.1882679462433,0.4768519793026599,0.0014224529266357421,0.00017709732055664061,0.00012979507446289062,0.599128540305011
810,253.7576789855957,0.19162854873616197,0.0018300771713256835,0.00022766590118408203,0.000152587890625,0.6056644880174292
815,255.36212182044983,0.28812884669168853,0.0014224529266357421,0.00017709732055664061,0.0001397371292114258,0.6034858387799564
820,256.9144151210785,1.059091928259295,0.0017608642578125,0.0002178668975830078,0.00014691352844238282,0.6005809731299927
825,258.48360896110535,0.4425893781197658,0.0018608570098876953,0.0002284526824951172,0.00015423297882080078,0.6020334059549746
830,260.0394489765167,0.789792513847351,0.002199268341064453,0.0002692222595214844,0.00016326904296875,0.6092955700798838
835,261.5965039730072,0.7929282356286421,0.0018224239349365235,0.00021944046020507812,0.00017032623291015624,0.5962236746550472
840,263.14881777763367,0.7096221440943736,0.0017916440963745117,0.00021865367889404297,0.0001697540283203125,0.5940450254175744
845,264.75201201438904,0.9375510410884544,0.0016224384307861328,0.00019826889038085938,0.00014569759368896485,0.6056644880174292
850,266.3133969306946,0.6037870001920964,0.001722431182861328,0.00020885467529296875,0.00016264915466308595,0.6143790849673203
855,267.86667680740356,0.4199135054775979,0.001591658592224121,0.0001974821090698242,0.00014932155609130858,0.6143790849673203
860,269.42854285240173,0.4525932850752724,0.0014224529266357421,0.00017709732055664061,0.00014908313751220702,0.6100217864923747
865,270.9927318096161,0.519969596946612,0.0015224456787109376,0.00018768310546875,0.00014982223510742187,0.6107480029048656
870,272.5525748729706,0.6736452277938951,0.0019608497619628905,0.00023903846740722657,0.00017549991607666016,0.6136528685548294
875,274.14950704574585,0.5635000009293435,0.001453232765197754,0.0001778841018676758,0.00014750957489013673,0.6180101670297748
880,275.7083010673523,0.8225427231038338,0.001722431182861328,0.00020885467529296875,0.00016622543334960939,0.6216412490922295
885,277.2601389884949,0.46485905265167277,0.001591658592224121,0.0001974821090698242,0.00014066696166992188,0.6376180101670298
890,278.8251030445099,0.31432834191452913,0.002099275588989258,0.000258636474609375,0.0001748800277709961,0.6332607116920842
895,280.3887767791748,0.3727760450237838,0.0020300626754760744,0.0002488374710083008,0.00017426013946533203,0.6296296296296297
900,281.94090485572815,0.5370905529736774,0.0018916368484497071,0.00022923946380615234,0.00016715526580810547,0.625998547567175
905,283.55841183662415,0.5512407166928824,0.0016224384307861328,0.00019826889038085938,0.00015232563018798828,0.6245461147421931
910,285.114022731781,0.5721422411501408,0.0017916440963745117,0.00021865367889404297,0.0001686573028564453,0.6347131445170661
915,286.6746017932892,0.25600058995588026,0.0017608642578125,0.0002178668975830078,0.00014104843139648438,0.7037037037037037
920,288.2349328994751,0.2629025655217788,0.0017608642578125,0.0002178668975830078,0.0001550912857055664,0.7741466957153231
925,289.79930686950684,0.31719628254068083,0.0018300771713256835,0.00022766590118408203,0.0001453876495361328,0.756717501815541
930,291.3554937839508,0.33432834407809364,0.0020300626754760744,0.0002488374710083008,0.00015633106231689454,0.7581699346405228
935,292.9651138782501,0.9571433213728596,0.0018224239349365235,0.00021944046020507812,0.00016658306121826173,0.664488017429194
940,294.5102598667145,0.5932974826648433,0.0016224384307861328,0.00019826889038085938,0.00014889240264892578,0.6368917937545389
945,296.0640239715576,0.5893462359847945,0.0019608497619628905,0.00023903846740722657,0.000153350830078125,0.7080610021786492
950,297.6076600551605,0.46813217302960763,0.0016224384307861328,0.00019826889038085938,0.0001472949981689453,0.8082788671023965
955,299.1606788635254,0.6280700485039233,0.001453232765197754,0.0001778841018676758,0.00013473033905029297,0.7683369644153958
960,300.71587085723877,0.7291627260914538,0.0019916296005249023,0.0002398252487182617,0.00017256736755371093,0.7683369644153958
965,302.31973600387573,0.29810927224857553,0.001930069923400879,0.0002382516860961914,0.0001651287078857422,0.8612926652142339
970,303.8764338493347,1.2694512302176009,0.001453232765197754,0.0001778841018676758,0.000142669677734375,0.7029774872912128
975,305.43001079559326,0.7412015459172835,0.0015532255172729492,0.00018846988677978516,0.00014057159423828126,0.663761801016703
980,306.9721429347992,0.7277456940173579,0.0013532400131225585,0.00016729831695556642,0.00014324188232421874,0.7116920842411039
985,308.5303108692169,0.45445703844635543,0.0019608497619628905,0.00023903846740722657,0.0001572847366333008,0.8104575163398693
990,310.08718490600586,0.34994956051355075,0.001591658592224121,0.0001974821090698242,0.00015163421630859375,0.8714596949891068
995,311.64321994781494,0.7651104097138159,0.001722431182861328,0.00020885467529296875,0.00014629364013671876,0.8671023965141612
1000,313.23674392700195,0.47001968848344405,0.001453232765197754,0.0001778841018676758,0.00015106201171875,0.8336964415395788
1005,314.79309582710266,0.557359169528354,0.0016916513442993164,0.0002080678939819336,0.00015282630920410156,0.8264342774146696
1010,316.3531529903412,0.5183625386534914,0.0022992610931396483,0.00027980804443359373,0.00017125606536865233,0.8562091503267973
1015,317.89872193336487,0.23867062368080952,0.0014224529266357421,0.00017709732055664061,0.0001276254653930664,0.8612926652142339
1020,319.4782876968384,0.5408889571785039,0.0018224239349365235,0.00021944046020507812,0.00016176700592041016,0.8453159041394336
1025,321.03255796432495,0.3545977938726537,0.0016224384307861328,0.00019826889038085938,0.00015003681182861327,0.7690631808278867
1030,322.6279408931732,0.36283174651880473,0.002099275588989258,0.000258636474609375,0.00015516281127929686,0.7647058823529411
1035,324.18851685523987,0.4111895482863474,0.0017608642578125,0.0002178668975830078,0.00015194416046142577,0.8634713144517067
1040,325.7447159290314,0.3081423597330513,0.0014916658401489258,0.00018689632415771484,0.00013360977172851562,0.8395061728395061
1045,327.29789781570435,0.2691602242242652,0.0013532400131225585,0.00016729831695556642,0.00013668537139892577,0.8242556281771968
1050,328.8576760292053,0.10982696654077699,0.0021684885025024412,0.00026843547821044924,0.00016891956329345703,0.8431372549019608
1055,330.4235599040985,0.49990902357089906,0.0022992610931396483,0.00027980804443359373,0.00017518997192382811,0.8453159041394336
1060,332.0221858024597,0.1670786441698965,0.002099275588989258,0.000258636474609375,0.00014829635620117188,0.8562091503267973
1065,333.57943987846375,0.7473774094760302,0.0015224456787109376,0.00018768310546875,0.0001326322555541992,0.8932461873638344
1070,335.1327829360962,0.45048310309648515,0.002099275588989258,0.000258636474609375,0.0001699209213256836,0.8002904865649964
1075,336.67505979537964,0.4887615703855772,0.0020300626754760744,0.0002488374710083008,0.0001569032669067383,0.8097312999273784
1080,338.23231196403503,0.3552917533062555,0.0017916440963745117,0.00021865367889404297,0.00017342567443847656,0.8830791575889615
1085,339.7910039424896,0.39036879551800896,0.0014224529266357421,0.00017709732055664061,0.00012705326080322265,0.8925199709513435
1090,341.4046540260315,0.22311892922270998,0.0018608570098876953,0.0002284526824951172,0.0001468658447265625,0.8910675381263616
1095,342.96454191207886,0.36432913780513587,0.001930069923400879,0.0002382516860961914,0.0001476764678955078,0.8932461873638344
1100,344.52121806144714,0.558333422244317,0.0018916368484497071,0.00022923946380615234,0.0001641988754272461,0.8191721132897604
1105,346.07474303245544,0.5194856302526887,0.0014224529266357421,0.00017709732055664061,0.00012938976287841798,0.85039941902687
1110,347.6301338672638,0.2776797574686952,0.0020300626754760744,0.0002488374710083008,0.0001616954803466797,0.7073347857661583
1115,349.204806804657,0.42004213682807856,0.0021300554275512696,0.00025942325592041013,0.0001610279083251953,0.8293391430646333
1120,350.817666053772,0.3755239847043413,0.0021300554275512696,0.00025942325592041013,0.0001775503158569336,0.9005083514887436
1125,352.37061977386475,0.46338576245994006,0.0020300626754760744,0.0002488374710083008,0.00015506744384765624,0.8671023965141612
1130,353.931804895401,0.29750787620578195,0.0016916513442993164,0.0002080678939819336,0.00015649795532226562,0.8714596949891068
1135,355.5215528011322,0.43033387921750543,0.0019916296005249023,0.0002398252487182617,0.0001781940460205078,0.8816267247639796
1140,357.12467980384827,0.5153415104665328,0.0016532182693481446,0.00019905567169189453,0.00014755725860595703,0.8809005083514887
1145,358.68068504333496,0.21100289422174684,0.0015224456787109376,0.00018768310546875,0.00014197826385498047,0.8772694262890341
1150,360.2449469566345,0.24983583043285762,0.0015224456787109376,0.00018768310546875,0.00013391971588134767,0.8743645606390704
1155,361.840518951416,0.25739967583172074,0.0017916440963745117,0.00021865367889404297,0.00014731884002685546,0.8838053740014524
1160,363.39239382743835,0.47994307605549835,0.0019916296005249023,0.0002398252487182617,0.00017135143280029298,0.8925199709513435
1165,364.9587469100952,0.16127996275317855,0.0017608642578125,0.0002178668975830078,0.00016469955444335936,0.8990559186637618
1170,366.50971007347107,0.6250727953349269,0.001722431182861328,0.00020885467529296875,0.00015192031860351564,0.8976034858387799
1175,368.05375576019287,0.29694977861368554,0.0015532255172729492,0.00018846988677978516,0.00013692378997802733,0.896877269426289
1180,369.60944294929504,0.5683210393763147,0.0018608570098876953,0.0002284526824951172,0.00016014575958251954,0.8976034858387799
1185,371.21615290641785,0.34989243308548906,0.0016532182693481446,0.00019905567169189453,0.00014595985412597657,0.9048656499636892
1190,372.76305508613586,0.12151686253160107,0.0017608642578125,0.0002178668975830078,0.0001497030258178711,0.8954248366013072
1195,374.3128819465637,0.5876231394400122,0.0018608570098876953,0.0002284526824951172,0.000151824951171875,0.90559186637618
1200,375.8696849346161,0.10069986153396115,0.001930069923400879,0.0002382516860961914,0.00014917850494384767,0.896877269426289
1205,377.4271197319031,0.5987728941633577,0.0015532255172729492,0.00018846988677978516,0.00014741420745849608,0.8743645606390704
1210,378.9876480102539,0.5277614921338568,0.0018916368484497071,0.00022923946380615234,0.00014922618865966796,0.925199709513435
1215,380.5826086997986,0.09693960533886781,0.0014224529266357421,0.00017709732055664061,0.0001341104507446289,0.9084967320261438
1220,382.13740491867065,0.3568247508170373,0.002099275588989258,0.000258636474609375,0.00015857219696044922,0.8772694262890341
1225,383.6909248828888,0.3092832788825035,0.002230048179626465,0.00027000904083251953,0.0001806020736694336,0.9084967320261438
1230,385.2513279914856,0.3093083763291844,0.0018300771713256835,0.00022766590118408203,0.00015501976013183595,0.9041394335511983
1235,386.80162501335144,0.12224790657751328,0.001930069923400879,0.0002382516860961914,0.00016410350799560546,0.8990559186637618
1240,388.35174083709717,0.3138456907990076,0.0017916440963745117,0.00021865367889404297,0.00015130043029785157,0.8910675381263616
1245,389.9596698284149,0.29117403292039085,0.0019608497619628905,0.00023903846740722657,0.00016732215881347655,0.8932461873638344
1250,391.5116169452667,0.38027902535395697,0.0020916223526000976,0.0002504110336303711,0.000173187255859375,0.8925199709513435
1255,393.05957078933716,0.3228484752060467,0.001722431182861328,0.00020885467529296875,0.0001591205596923828,0.9048656499636892
1260,394.6135039329529,0.26071315630906755,0.0017608642578125,0.0002178668975830078,0.00015842914581298828,0.6717501815541032
1265,396.18395590782166,0.5584638793646036,0.002268481254577637,0.0002790212631225586,0.0001743316650390625,0.7276688453159041
1270,397.7193338871002,0.4479165206888894,0.0017608642578125,0.0002178668975830078,0.00015516281127929686,0.8961510530137982
1275,399.3147189617157,0.3905015957542446,0.0016532182693481446,0.00019905567169189453,0.00015203952789306642,0.9317356572258533
1280,400.8602406978607,0.14211991815868857,0.0018608570098876953,0.0002284526824951172,0.00016200542449951172,0.7792302106027597
1285,402.4125277996063,0.24657723975251428,0.002199268341064453,0.0002692222595214844,0.0001728057861328125,0.7225853304284677
1290,403.9603168964386,0.4481958421612958,0.0018224239349365235,0.00021944046020507812,0.0001512765884399414,0.9143064633260711
1295,405.51138401031494,0.28525267466902876,0.0016916513442993164,0.0002080678939819336,0.00015411376953125,0.9077705156136529
1300,407.0649027824402,0.19197846113238484,0.0013916730880737306,0.00017631053924560547,0.00012032985687255859,0.9128540305010894
1305,408.65556287765503,0.3668896583840251,0.002199268341064453,0.0002692222595214844,0.00015938282012939453,0.9331880900508351
1310,410.20999789237976,0.07889440676372175,0.0014224529266357421,0.00017709732055664061,0.00014483928680419922,0.9186637618010167
1315,411.7647559642792,0.291227522745649,0.0015224456787109376,0.00018768310546875,0.0001459836959838867,0.9179375453885258
1320,413.3172519207001,0.94524637603987,0.0017608642578125,0.0002178668975830078,0.00014655590057373048,0.9288307915758897
1325,414.8810079097748,0.07295483245980136,0.0019992828369140626,0.00024805068969726565,0.00015671253204345702,0.8750907770515614
1330,416.4481089115143,0.4358715250098612,0.0017608642578125,0.0002178668975830078,0.00015039443969726561,0.8453159041394336
1335,417.99578070640564,0.6843154776390407,0.0016224384307861328,0.00019826889038085938,0.00014541149139404296,0.8946986201888163
1340,419.6003358364105,0.20096645304211053,0.0018608570098876953,0.0002284526824951172,0.000146484375,0.8329702251270878
1345,421.15620398521423,0.2334650889975606,0.0020300626754760744,0.0002488374710083008,0.00014870166778564454,0.8162672476397966
1350,422.70031690597534,0.8818791610567132,0.0016916513442993164,0.0002080678939819336,0.00014731884002685546,0.840958605664488
1355,424.25791692733765,0.3531746387962812,0.0016224384307861328,0.00019826889038085938,0.00014050006866455077,0.8671023965141612
1360,425.80563282966614,0.6338872969480007,0.0015532255172729492,0.00018846988677978516,0.00014691352844238282,0.906318082788671
1365,427.35667181015015,0.4142015270895058,0.0015532255172729492,0.00018846988677978516,0.00015282630920410156,0.8402323892519971
1370,428.95568680763245,0.6012195885243272,0.0018916368484497071,0.00022923946380615234,0.00016498565673828125,0.8649237472766884
1375,430.50944089889526,0.20506048566949459,0.0015532255172729492,0.00018846988677978516,0.00015223026275634766,0.8961510530137982
1380,432.06716203689575,0.5075906784981725,0.001722431182861328,0.00020885467529296875,0.00015981197357177733,0.9019607843137255
1385,433.6237528324127,0.1982268756967244,0.001722431182861328,0.00020885467529296875,0.0001593351364135742,0.9215686274509803
1390,435.1886429786682,0.30535101603982184,0.0016916513442993164,0.0002080678939819336,0.00016448497772216796,0.9353667392883079
1395,436.73602294921875,0.20896312285386215,0.0018608570098876953,0.0002284526824951172,0.00016176700592041016,0.9302832244008714
1400,438.33571887016296,0.14865058741252285,0.002099275588989258,0.000258636474609375,0.0001628398895263672,0.9222948438634713
1405,439.8884987831116,0.5473912268912059,0.0019608497619628905,0.00023903846740722657,0.00015480518341064452,0.9179375453885258
1410,441.4382200241089,0.546338458309583,0.001591658592224121,0.0001974821090698242,0.00014250278472900392,0.915758896151053
1415,442.9892928600311,0.1595939129608311,0.0017916440963745117,0.00021865367889404297,0.00013377666473388672,0.9106753812636166
1420,444.5393919944763,0.39557431693693845,0.001591658592224121,0.0001974821090698242,0.00014145374298095702,0.9172113289760349
1425,446.09152579307556,0.22960422068999833,0.0021300554275512696,0.00025942325592041013,0.0001722574234008789,0.9288307915758897
1430,447.6807470321655,0.27762567143054184,0.0016224384307861328,0.00019826889038085938,0.0001405477523803711,0.9426289034132171
1435,449.22212767601013,0.3458298343190108,0.0016916513442993164,0.0002080678939819336,0.00015313625335693358,0.9295570079883806
1440,450.764732837677,0.13906792351736072,0.001930069923400879,0.0002382516860961914,0.0001571178436279297,0.9237472766884531
1445,452.31330394744873,0.37750029138405805,0.0018300771713256835,0.00022766590118408203,0.00014002323150634765,0.9288307915758897
1450,453.8657217025757,1.8272544695821211,0.0016916513442993164,0.0002080678939819336,0.0001459836959838867,0.9084967320261438
1455,455.42762184143066,0.15274992724688446,0.001453232765197754,0.0001778841018676758,0.00015344619750976563,0.8976034858387799
1460,457.0185158252716,0.14543838375254978,0.0016224384307861328,0.00019826889038085938,0.00015249252319335938,0.878721859114016
1465,458.5790777206421,0.33446906857934666,0.0015224456787109376,0.00018768310546875,0.00013914108276367188,0.9121278140885984
1470,460.1343936920166,0.4280576065182686,0.002230048179626465,0.00027000904083251953,0.00018944740295410157,0.9331880900508351
1475,461.6973979473114,0.15202400278039932,0.0017608642578125,0.0002178668975830078,0.0001511812210083008,0.9266521423384169
1480,463.25300884246826,0.2105281372321784,0.0021300554275512696,0.00025942325592041013,0.00017120838165283204,0.934640522875817
1485,464.8016607761383,0.12117661571865028,0.001930069923400879,0.0002382516860961914,0.0001555919647216797,0.9404502541757443
1490,466.3519480228424,0.13126195405066027,0.0018608570098876953,0.0002284526824951172,0.00017652511596679687,0.9353667392883079
1495,467.94787788391113,0.3442786571002216,0.0014224529266357421,0.00017709732055664061,0.00013406276702880858,0.9382716049382716
1500,469.4921019077301,0.15110590528634021,0.0016608715057373046,0.00020728111267089843,0.00015540122985839843,0.9513435003631082
1505,471.04730010032654,0.137431642402953,0.0017608642578125,0.0002178668975830078,0.00014426708221435547,0.9513435003631082
1510,472.667564868927,0.10784153193235965,0.0017608642578125,0.0002178668975830078,0.0001508951187133789,0.9462599854756718
1515,474.2324619293213,0.2268580581556307,0.001722431182861328,0.00020885467529296875,0.00014886856079101562,0.9324618736383442
1520,475.7825720310211,0.24797223524656148,0.002268481254577637,0.0002790212631225586,0.00017282962799072265,0.9462599854756718
1525,477.3943347930908,0.2213901636668197,0.0016532182693481446,0.00019905567169189453,0.0001584768295288086,0.9404502541757443
1530,478.9427568912506,0.14515391267659652,0.0020300626754760744,0.0002488374710083008,0.00014302730560302734,0.9360929557007989
1535,480.49331188201904,0.23944531307570288,0.0014840126037597655,0.00017867088317871093,0.00015082359313964844,0.9397240377632534
1540,482.0431559085846,0.09121032048561802,0.0015224456787109376,0.00018768310546875,0.00013971328735351562,0.9455337690631809
1545,483.5961449146271,0.20689700994003032,0.0017608642578125,0.0002178668975830078,0.0001600503921508789,0.9484386347131445
1550,485.1437828540802,0.3527272620536678,0.0014224529266357421,0.00017709732055664061,0.00014388561248779297,0.9506172839506173
1555,486.71974301338196,0.12695868278533454,0.0016224384307861328,0.00019826889038085938,0.00014660358428955078,0.9411764705882353
1560,488.26956582069397,0.14145912528229018,0.0018608570098876953,0.0002284526824951172,0.00015180110931396485,0.9389978213507625
1565,489.82709288597107,0.20595059051256612,0.0013840198516845703,0.00016808509826660156,0.00012786388397216796,0.9389978213507625
1570,491.37679409980774,0.21793178019636344,0.0016224384307861328,0.00019826889038085938,0.00014951229095458985,0.9484386347131445
1575,492.92091393470764,0.43727758424365676,0.001930069923400879,0.0002382516860961914,0.00015020370483398438,0.9469862018881626
1580,494.4647569656372,0.12282537067964086,0.0020300626754760744,0.0002488374710083008,0.00015041828155517578,0.9419026870007262
1585,496.0615539550781,0.07667568268552713,0.0018608570098876953,0.0002284526824951172,0.00016007423400878906,0.9419026870007262
1590,497.6093707084656,0.12908678446142402,0.0018916368484497071,0.00022923946380615234,0.00014586448669433593,0.9360929557007989
1595,499.15739583969116,0.14164056717457923,0.0017916440963745117,0.00021865367889404297,0.00014519691467285156,0.9353667392883079
1600,500.7087359428406,0.1193019855345483,0.0016916513442993164,0.0002080678939819336,0.0001483917236328125,0.9360929557007989
1605,502.2548017501831,0.10527592647442816,0.001591658592224121,0.0001974821090698242,0.00014390945434570313,0.9324618736383442
1610,503.80974984169006,0.1759377132766545,0.001930069923400879,0.0002382516860961914,0.00016436576843261718,0.9164851125635439
1615,505.41426491737366,0.029503734060654097,0.0018300771713256835,0.00022766590118408203,0.00014493465423583984,0.9041394335511983
1620,506.97591972351074,0.39854902152437716,0.0020608425140380858,0.00024962425231933594,0.00016429424285888672,0.8939724037763254
1625,508.5265431404114,0.9017759057084745,0.001722431182861328,0.00020885467529296875,0.0001600503921508789,0.9273783587509078
1630,510.07980394363403,0.4424611888753134,0.0016916513442993164,0.0002080678939819336,0.000154876708984375,0.9462599854756718
1635,511.64761090278625,0.13073105294456583,0.0017916440963745117,0.00021865367889404297,0.0001674175262451172,0.9462599854756718
1640,513.1988368034363,0.2270399765721322,0.0016224384307861328,0.00019826889038085938,0.00014734268188476562,0.9513435003631082
1645,514.7942090034485,0.39879725434311697,0.0016224384307861328,0.00019826889038085938,0.0001453876495361328,0.954248366013072
1650,516.3431069850922,0.21232475191354894,0.0020916223526000976,0.0002504110336303711,0.00017211437225341796,0.9557007988380537
1655,517.8873679637909,0.13731259499365933,0.0018608570098876953,0.0002284526824951172,0.00015997886657714844,0.9564270152505446
1660,519.431590795517,0.7756885181251277,0.0013532400131225585,0.00016729831695556642,0.0001512765884399414,0.9506172839506173
1665,520.9878668785095,0.39463059008453455,0.001722431182861328,0.00020885467529296875,0.0001748800277709961,0.9339143064633261
1670,522.5363478660583,0.8096171244357748,0.0013532400131225585,0.00016729831695556642,0.00013496875762939454,0.9295570079883806
1675,524.1010427474976,0.1798463911298313,0.0019608497619628905,0.00023903846740722657,0.00016782283782958984,0.9266521423384169
1680,525.7065420150757,0.39102971492608846,0.0014224529266357421,0.00017709732055664061,0.00013871192932128905,0.9295570079883806
1685,527.2608287334442,0.3670718879389824,0.0018224239349365235,0.00021944046020507812,0.00016400814056396484,0.9302832244008714
1690,528.8209006786346,0.09618443249572692,0.001591658592224121,0.0001974821090698242,0.00014750957489013673,0.9281045751633987
1695,530.3742048740387,0.45566375686426,0.0016224384307861328,0.00019826889038085938,0.00015497207641601562,0.9288307915758897
1700,531.9285707473755,0.12844724572616997,0.0020300626754760744,0.0002488374710083008,0.000154876708984375,0.9273783587509078
1705,533.4882171154022,0.09238916973906726,0.0016224384307861328,0.00019826889038085938,0.00015041828155517578,0.9302832244008714
1710,535.0892839431763,0.18875049763597077,0.0016224384307861328,0.00019826889038085938,0.00014719963073730468,0.9281045751633987
1715,536.6403088569641,0.16628196830862407,0.0019608497619628905,0.00023903846740722657,0.00015995502471923828,0.9375453885257807
1720,538.188934803009,0.2975183094118634,0.0018608570098876953,0.0002284526824951172,0.00015821456909179688,0.9411764705882353
1725,539.7383799552917,0.4095826678409935,0.0018300771713256835,0.00022766590118408203,0.0001504659652709961,0.9455337690631809
1730,541.2764201164246,0.16207770565947754,0.0014916658401489258,0.00018689632415771484,0.00013380050659179689,0.9491648511256354
1735,542.8270237445831,0.1414674978936233,0.0015224456787109376,0.00018768310546875,0.00014357566833496095,0.9520697167755992
1740,544.4209589958191,0.07277644955125595,0.002099275588989258,0.000258636474609375,0.00015904903411865235,0.9513435003631082
1745,545.9756128787994,0.42824453953653574,0.002368474006652832,0.000289607048034668,0.00016758441925048828,0.9353667392883079
1750,547.5131597518921,0.04800009346914891,0.0017608642578125,0.0002178668975830078,0.00014019012451171875,0.8961510530137982
1755,549.0732259750366,0.5644739855087664,0.0018608570098876953,0.0002284526824951172,0.0001515626907348633,0.8910675381263616
1760,550.6316499710083,0.47512564798817036,0.001930069923400879,0.0002382516860961914,0.0001500844955444336,0.9026870007262164
1765,552.1822099685669,0.34322000416522086,0.0019608497619628905,0.00023903846740722657,0.00016393661499023438,0.9121278140885984
1770,553.7885129451752,0.15666562246500604,0.0017916440963745117,0.00021865367889404297,0.0001491546630859375,0.9150326797385621
1775,555.3362078666687,0.24803868513574515,0.0014916658401489258,0.00018689632415771484,0.00013434886932373047,0.9172113289760349
1780,556.8912079334259,0.05686761780592917,0.0020300626754760744,0.0002488374710083008,0.00015594959259033204,0.9128540305010894
1785,558.4414448738098,0.29538884541489097,0.0016916513442993164,0.0002080678939819336,0.00014679431915283204,0.9179375453885258
1790,560.0015799999237,0.3365918621905394,0.0017916440963745117,0.00021865367889404297,0.00016078948974609374,0.9150326797385621
1795,561.5512046813965,0.2530600875616088,0.0016916513442993164,0.0002080678939819336,0.00013513565063476561,0.9230210602759622
1800,563.1544570922852,0.3390500473630709,0.0019608497619628905,0.00023903846740722657,0.00014853477478027344,0.9317356572258533
1805,564.7053217887878,1.137403037226386,0.002199268341064453,0.0002692222595214844,0.00017435550689697265,0.9215686274509803
1810,566.2665269374847,0.1657694267109619,0.002199268341064453,0.0002692222595214844,0.00016531944274902343,0.9128540305010894
1815,567.8227009773254,0.11806360497164406,0.0017916440963745117,0.00021865367889404297,0.0001584768295288086,0.9005083514887436
1820,569.3821408748627,0.0869157031773284,0.0017608642578125,0.0002178668975830078,0.0001456737518310547,0.8917937545388526
1825,570.938169002533,0.15529173985126477,0.002022409439086914,0.00024061203002929689,0.00016181468963623048,0.8838053740014524
1830,572.4937479496002,0.3181901093437773,0.001453232765197754,0.0001778841018676758,0.00014395713806152343,0.8830791575889615
1835,574.0978229045868,0.11961488119777641,0.0015224456787109376,0.00018768310546875,0.00013589859008789062,0.8830791575889615
1840,575.6610469818115,0.11316576997814991,0.001722431182861328,0.00020885467529296875,0.00014717578887939452,0.8896151053013798
1845,577.2070708274841,0.06020791407991908,0.0016916513442993164,0.0002080678939819336,0.00014400482177734375,0.8896151053013798
1850,578.774167060852,0.21528591737151145,0.0020608425140380858,0.00024962425231933594,0.0001876354217529297,0.8946986201888163
1855,580.3251919746399,0.518338783440413,0.0016916513442993164,0.0002080678939819336,0.0001495361328125,0.9099491648511256
1860,581.8816618919373,0.245486770993557,0.001722431182861328,0.00020885467529296875,0.0001578092575073242,0.9150326797385621
1865,583.4893419742584,0.4794377978488228,0.0016224384307861328,0.00019826889038085938,0.00014333724975585939,0.9237472766884531
1870,585.0529520511627,0.3877076015880448,0.0017916440963745117,0.00021865367889404297,0.0001625537872314453,0.9215686274509803
1875,586.6042528152466,0.08659893003371053,0.0015532255172729492,0.00018846988677978516,0.00014674663543701172,0.9186637618010167
1880,588.1610727310181,0.07065423079699826,0.0020300626754760744,0.0002488374710083008,0.0001571178436279297,0.9179375453885258
1885,589.8284590244293,0.7209263841255236,0.0017608642578125,0.0002178668975830078,0.00014507770538330078,0.9135802469135802
1890,591.3795659542084,0.08467843311045868,0.0018608570098876953,0.0002284526824951172,0.0001616954803466797,0.9172113289760349
1895,592.9806199073792,0.36413421348843256,0.0016532182693481446,0.00019905567169189453,0.00016312599182128907,0.9266521423384169
1900,594.5387938022614,0.30057116433308695,0.0019608497619628905,0.00023903846740722657,0.00017139911651611328,0.9331880900508351
1905,596.103759765625,0.20655650293629718,0.0012532472610473633,0.00015671253204345702,0.00012836456298828124,0.934640522875817
1910,597.65309882164,0.09016873119339834,0.002268481254577637,0.0002790212631225586,0.00015790462493896483,0.9331880900508351
1915,599.2204399108887,0.1605206288763384,0.0021300554275512696,0.00025942325592041013,0.00018105506896972656,0.9317356572258533
1920,600.7740008831024,0.28222513854250336,0.0018300771713256835,0.00022766590118408203,0.00015254020690917968,0.934640522875817
1925,602.3684318065643,0.19296551302791726,0.001930069923400879,0.0002382516860961914,0.00015451908111572266,0.9324618736383442
1930,603.9164798259735,0.21135549694479322,0.0019608497619628905,0.00023903846740722657,0.00015091896057128906,0.9324618736383442
1935,605.4726510047913,0.27475775033252603,0.0018916368484497071,0.00022923946380615234,0.00015254020690917968,0.9281045751633987
1940,607.0201001167297,0.12848345334059558,0.0021608352661132814,0.00026021003723144533,0.0001895904541015625,0.9281045751633987
1945,608.5771670341492,0.057336808125546666,0.0015532255172729492,0.00018846988677978516,0.0001428842544555664,0.9310094408133623
1950,610.1288177967072,0.043644249490921536,0.0018608570098876953,0.0002284526824951172,0.00017082691192626953,0.934640522875817
1955,611.7314968109131,0.14326260332912427,0.0021684885025024412,0.00026843547821044924,0.00015914440155029297,0.9360929557007989
1960,613.2742331027985,0.2273704064598462,0.0017916440963745117,0.00021865367889404297,0.0001613140106201172,0.9382716049382716
1965,614.8322207927704,0.13054487731669723,0.0015532255172729492,0.00018846988677978516,0.00015184879302978515,0.9331880900508351
1970,616.3883669376373,0.1259405275835334,0.002099275588989258,0.000258636474609375,0.00016689300537109375,0.9389978213507625
1975,617.945387840271,0.13778232745826244,0.0020608425140380858,0.00024962425231933594,0.00016815662384033202,0.9469862018881626
1980,619.5029067993164,0.20801565833390043,0.0016224384307861328,0.00019826889038085938,0.00015039443969726561,0.9520697167755992
1985,621.1069328784943,0.08058674894273281,0.0018608570098876953,0.0002284526824951172,0.0001489400863647461,0.954248366013072
1990,622.6614148616791,0.15963551804820925,0.001322460174560547,0.00016651153564453124,0.0001304149627685547,0.9491648511256354
1995,624.2038679122925,0.3395816728422233,0.002199268341064453,0.0002692222595214844,0.0001704692840576172,0.9549745824255628
2000,625.7554018497467,0.022203803549930966,0.0014916658401489258,0.00018689632415771484,0.00013918876647949218,0.9462599854756718
2005,627.3021938800812,0.10691604594545652,0.0016224384307861328,0.00019826889038085938,0.00015606880187988282,0.9404502541757443
2010,628.8459188938141,0.5093445462647651,0.0018300771713256835,0.00022766590118408203,0.00015718936920166015,0.9469862018881626
2015,630.3929867744446,0.05076190242216398,0.0017608642578125,0.0002178668975830078,0.00015716552734375,0.9491648511256354
2020,631.9971969127655,0.35017855690093713,0.0017608642578125,0.0002178668975830078,0.00013892650604248048,0.9092229484386347
2025,633.5438199043274,0.3582783320484225,0.0015224456787109376,0.00018768310546875,0.00014579296112060547,0.9164851125635439
2030,635.0991060733795,0.11258485068974551,0.0019608497619628905,0.00023903846740722657,0.0001669645309448242,0.9491648511256354
2035,636.6449739933014,0.08994291332867874,0.001930069923400879,0.0002382516860961914,0.00015058517456054688,0.925199709513435
2040,638.2121357917786,0.6748320762182687,0.0017916440963745117,0.00021865367889404297,0.00015687942504882812,0.9469862018881626
2045,639.7633347511292,0.27311382643172377,0.0016224384307861328,0.00019826889038085938,0.00015299320220947267,0.9578794480755265
2050,641.3645277023315,0.10598948448908488,0.001453232765197754,0.0001778841018676758,0.00013799667358398436,0.9389978213507625
2055,642.9331529140472,0.36001376076601443,0.0018224239349365235,0.00021944046020507812,0.00017261505126953125,0.9557007988380537
2060,644.4774010181427,0.08737260269175665,0.0017916440963745117,0.00021865367889404297,0.0001454591751098633,0.9557007988380537
2065,646.0334939956665,0.18427218344151725,0.0016532182693481446,0.00019905567169189453,0.0001667022705078125,0.9600580973129993
2070,647.5740847587585,0.08753326400184562,0.0015532255172729492,0.00018846988677978516,0.0001572132110595703,0.9600580973129993
2075,649.1326127052307,0.03717958656634437,0.0016224384307861328,0.00019826889038085938,0.00014955997467041015,0.9491648511256354
2080,650.7348437309265,0.33456785473517814,0.0018608570098876953,0.0002284526824951172,0.0001554250717163086,0.9593318809005084
2085,652.2887988090515,0.08046707743433217,0.0020300626754760744,0.0002488374710083008,0.00015292167663574218,0.9636891793754538
2090,653.839567899704,0.0378272655996625,0.001930069923400879,0.0002382516860961914,0.00015079975128173828,0.9615105301379812
2095,655.3878977298737,0.37287849336862705,0.0020608425140380858,0.00024962425231933594,0.00015799999237060548,0.9600580973129993
2100,656.9436888694763,0.09077417385215654,0.0014916658401489258,0.00018689632415771484,0.0001475811004638672,0.9600580973129993
2105,658.4924118518829,0.05942140230909558,0.0016224384307861328,0.00019826889038085938,0.0001554727554321289,0.9506172839506173
2110,660.0919969081879,0.1142569907021084,0.0017608642578125,0.0002178668975830078,0.0001401662826538086,0.9564270152505446
2115,661.6343379020691,0.07286491320164715,0.0020608425140380858,0.00024962425231933594,0.00017693042755126954,0.9651416122004357
2120,663.1801438331604,0.4617336154322402,0.0016224384307861328,0.00019826889038085938,0.00014727115631103517,0.9651416122004357
2125,664.7383427619934,0.1700203636575111,0.0018608570098876953,0.0002284526824951172,0.00015516281127929686,0.9615105301379812
2130,666.28227186203,0.046684303227846155,0.001930069923400879,0.0002382516860961914,0.00015943050384521485,0.944081336238199
2135,667.8297641277313,0.25328353711011004,0.0016608715057373046,0.00020728111267089843,0.00013315677642822266,0.9302832244008714
2140,669.4300007820129,0.8044970941104126,0.0016916513442993164,0.0002080678939819336,0.0001375436782836914,0.9368191721132898
2145,670.9842329025269,0.037658116927561026,0.001453232765197754,0.0001778841018676758,0.00013573169708251952,0.9607843137254902
2150,672.5289866924286,0.0716010490738995,0.0016224384307861328,0.00019826889038085938,0.0001462697982788086,0.9593318809005084
2155,674.0812311172485,0.0706864321521266,0.0016224384307861328,0.00019826889038085938,0.0001497030258178711,0.9527959331880901
2160,675.626354932785,0.06740643905832258,0.002199268341064453,0.0002692222595214844,0.00017583370208740234,0.9455337690631809
2165,677.1782870292664,0.3208645929113132,0.0018608570098876953,0.0002284526824951172,0.00014638900756835938,0.9491648511256354
2170,678.7260370254517,0.16788010122554625,0.0020300626754760744,0.0002488374710083008,0.00017473697662353515,0.9527959331880901
2175,680.3312139511108,0.05566709637642191,0.0020300626754760744,0.0002488374710083008,0.00016143321990966797,0.9462599854756718
2180,681.9052290916443,0.04390928632441273,0.0018608570098876953,0.0002284526824951172,0.0001644611358642578,0.9498910675381264
2185,683.4471318721771,0.20178312214928412,0.001153254508972168,0.00014612674713134765,0.00012428760528564452,0.9564270152505446
2190,685.0030069351196,0.02727958373063899,0.001930069923400879,0.0002382516860961914,0.00014338493347167968,0.9600580973129993
2195,686.5512540340424,0.03721626453130966,0.0017608642578125,0.0002178668975830078,0.00014450550079345704,0.9578794480755265
2200,688.1005198955536,0.550625819481229,0.001591658592224121,0.0001974821090698242,0.0001420259475708008,0.9586056644880174
2205,689.6995687484741,0.13256675675642243,0.0019608497619628905,0.00023903846740722657,0.0001514434814453125,0.9571532316630356
2210,691.247142791748,0.11472733298433013,0.002099275588989258,0.000258636474609375,0.00017554759979248046,0.9636891793754538
2215,692.8061699867249,0.07768515113566536,0.0017532110214233398,0.0002096414566040039,0.0001606464385986328,0.9629629629629629
2220,694.3623058795929,0.2138752739901065,0.0019608497619628905,0.00023903846740722657,0.00016257762908935546,0.9593318809005084
2225,695.9072020053864,0.11088469179940148,0.0013840198516845703,0.00016808509826660156,0.00014078617095947266,0.944081336238199
2230,697.4510688781738,0.09056600497818863,0.001591658592224121,0.0001974821090698242,0.00013837814331054687,0.9302832244008714
2235,699.0443339347839,0.2517994560087146,0.0017608642578125,0.0002178668975830078,0.0001382589340209961,0.9484386347131445
2240,700.5928249359131,0.05874192102376128,0.0015224456787109376,0.00018768310546875,0.0001343250274658203,0.9549745824255628
2245,702.1368839740753,0.03506388782989376,0.0013532400131225585,0.00016729831695556642,0.00012493133544921875,0.9564270152505446
2250,703.7372388839722,0.09429470736649818,0.0019608497619628905,0.00023903846740722657,0.0001645326614379883,0.9578794480755265
2255,705.3714878559113,0.06392414858787702,0.0013840198516845703,0.00016808509826660156,0.00012559890747070311,0.9593318809005084
2260,706.9174208641052,0.6461789141561894,0.0015224456787109376,0.00018768310546875,0.00013539791107177734,0.9644153957879448
2265,708.5212390422821,0.41538901776075365,0.002268481254577637,0.0002790212631225586,0.0001669645309448242,0.9615105301379812
2270,710.0745468139648,0.2939912568518153,0.0019608497619628905,0.00023903846740722657,0.00016987323760986328,0.9237472766884531
2275,711.6292159557343,0.04295837005574867,0.0017916440963745117,0.00021865367889404297,0.00015058517456054688,0.9244734931009441
2280,713.1692509651184,0.02486214379605798,0.0018608570098876953,0.0002284526824951172,0.00015869140625,0.9150326797385621
2285,714.7166237831116,0.30030653830617665,0.0017916440963745117,0.00021865367889404297,0.00015044212341308594,0.9259259259259259
2290,716.2791838645935,0.08979588224484587,0.0016916513442993164,0.0002080678939819336,0.00015192031860351564,0.9324618736383442
2295,717.8782048225403,0.03708467280363266,0.0015224456787109376,0.00018768310546875,0.0001365184783935547,0.9368191721132898
2300,719.4231400489807,0.28718713090124764,0.0019992828369140626,0.00024805068969726565,0.000156402587890625,0.9353667392883079
2305,720.9721059799194,0.029396524839144435,0.0018300771713256835,0.00022766590118408203,0.00014095306396484376,0.9389978213507625
2310,722.5231788158417,0.5020408340962603,0.0019916296005249023,0.0002398252487182617,0.0001622915267944336,0.9389978213507625
2315,724.0739970207214,0.04625469833350735,0.0016224384307861328,0.00019826889038085938,0.00014808177947998047,0.9310094408133623
2320,725.6237077713013,0.35445134331240524,0.0018608570098876953,0.0002284526824951172,0.0001583099365234375,0.9310094408133623
2325,727.2316768169403,0.08648892125347629,0.001722431182861328,0.00020885467529296875,0.00014522075653076172,0.9099491648511256
2330,728.7835078239441,0.08348970357335758,0.0016224384307861328,0.00019826889038085938,0.00016019344329833984,0.9208424110384895
2335,730.3263008594513,0.6827033188194065,0.0017916440963745117,0.00021865367889404297,0.00014770030975341797,0.9411764705882353
2340,731.8840429782867,0.0722476210708038,0.0018224239349365235,0.00021944046020507812,0.000153350830078125,0.953522149600581
2345,733.4386868476868,0.06047281960491091,0.0020608425140380858,0.00024962425231933594,0.00018172264099121095,0.9484386347131445
2350,734.9872069358826,0.45718119786253053,0.0012532472610473633,0.00015671253204345702,0.00014240741729736327,0.9455337690631809
2355,736.539666891098,0.05326219814960496,0.0016224384307861328,0.00019826889038085938,0.00015113353729248046,0.9433551198257081
2360,738.1295747756958,0.42426691390574545,0.0016224384307861328,0.00019826889038085938,0.00014967918395996093,0.9462599854756718
2365,739.6917028427124,0.07326910478732743,0.0018608570098876953,0.0002284526824951172,0.00015516281127929686,0.9448075526506899
2370,741.2467997074127,0.8776263255636649,0.0015224456787109376,0.00018768310546875,0.0001478910446166992,0.9600580973129993
2375,742.8047339916229,0.24709141415515035,0.0016532182693481446,0.00019905567169189453,0.00015687942504882812,0.9564270152505446
2380,744.3460400104523,0.21164197306262622,0.0016916513442993164,0.0002080678939819336,0.00014503002166748046,0.9564270152505446
2385,745.8938460350037,0.11085860345050946,0.0017608642578125,0.0002178668975830078,0.00015106201171875,0.9477124183006536
2390,747.486634016037,0.17689224826339114,0.0016916513442993164,0.0002080678939819336,0.0001327991485595703,0.9382716049382716
2395,749.0427098274231,0.09727213493935807,0.0018916368484497071,0.00022923946380615234,0.00017387866973876952,0.9491648511256354
2400,750.5913548469543,0.05953915399441172,0.001453232765197754,0.0001778841018676758,0.00014078617095947266,0.9506172839506173
2405,752.1414968967438,0.06564932782203244,0.0018608570098876953,0.0002284526824951172,0.00015103816986083984,0.9506172839506173
2410,753.6932957172394,0.26859185106805084,0.0020300626754760744,0.0002488374710083008,0.00015585422515869142,0.9506172839506173
2415,755.2467498779297,0.2595404572900179,0.0017608642578125,0.0002178668975830078,0.00015225410461425782,0.9513435003631082
2420,756.8414478302002,0.170822718929233,0.0013916730880737306,0.00017631053924560547,0.00011756420135498047,0.9411764705882353
2425,758.391783952713,0.3076640597766541,0.0018608570098876953,0.0002284526824951172,0.0001406431198120117,0.9411764705882353
2430,759.9416539669037,0.07486805998110527,0.002099275588989258,0.000258636474609375,0.00016908645629882814,0.9411764705882353
2435,761.5075998306274,0.2075646013021469,0.0021300554275512696,0.00025942325592041013,0.00016267299652099608,0.9397240377632534
2440,763.0555629730225,0.023984050339920772,0.001930069923400879,0.0002382516860961914,0.00015871524810791017,0.9360929557007989
2445,764.614748954773,0.43946622014045855,0.001930069923400879,0.0002382516860961914,0.00014836788177490233,0.9520697167755992
2450,766.216404914856,0.45530506446996244,0.0016916513442993164,0.0002080678939819336,0.0001516580581665039,0.9586056644880174
2455,767.7741239070892,0.07209799271079334,0.0019608497619628905,0.00023903846740722657,0.00017321109771728516,0.9629629629629629
2460,769.3263099193573,0.07999524097603086,0.0019608497619628905,0.00023903846740722657,0.0001600503921508789,0.9644153957879448
2465,770.874559879303,0.20550156727549904,0.0014224529266357421,0.00017709732055664061,0.0001310110092163086,0.9636891793754538
2470,772.413477897644,0.1569233424575117,0.0018300771713256835,0.00022766590118408203,0.00014929771423339845,0.9629629629629629
2475,773.9607169628143,0.08840257953910964,0.0019608497619628905,0.00023903846740722657,0.0001676797866821289,0.9629629629629629
2480,775.560341835022,0.2273771774046736,0.0016224384307861328,0.00019826889038085938,0.0001382112503051758,0.9636891793754538
2485,777.1156809329987,0.1144550840142756,0.0018608570098876953,0.0002284526824951172,0.00015072822570800782,0.9673202614379085
2490,778.6721379756927,0.0989612706093567,0.0018608570098876953,0.0002284526824951172,0.00015461444854736328,0.9702251270878722
2495,780.2186601161957,0.08068943364123697,0.002368474006652832,0.000289607048034668,0.0001758575439453125,0.9702251270878722
2500,781.7766809463501,0.11225391183343447,0.0019608497619628905,0.00023903846740722657,0.00016698837280273437,0.9673202614379085
2505,783.3352041244507,0.11606950119603425,0.0019608497619628905,0.00023903846740722657,0.00016961097717285156,0.9629629629629629
2510,784.8865940570831,0.05430228371697012,0.0016916513442993164,0.0002080678939819336,0.00015685558319091796,0.9615105301379812
2515,786.4722397327423,0.09961587749427422,0.0019224166870117187,0.0002300262451171875,0.00016694068908691407,0.9607843137254902
2520,788.0208880901337,0.02742755502149663,0.001453232765197754,0.0001778841018676758,0.00014314651489257812,0.9593318809005084
2525,789.5727500915527,0.03876289296895834,0.0016916513442993164,0.0002080678939819336,0.0001553058624267578,0.9564270152505446
2530,791.1191029548645,0.057308284065220504,0.0016224384307861328,0.00019826889038085938,0.0001506805419921875,0.9557007988380537
2535,792.6697959899902,0.02792485776521971,0.001722431182861328,0.00020885467529296875,0.00015687942504882812,0.9564270152505446
2540,794.2193467617035,0.0437323191203177,0.0020300626754760744,0.0002488374710083008,0.00015702247619628907,0.9557007988380537
2545,795.9224109649658,0.18907380994787673,0.0016916513442993164,0.0002080678939819336,0.00015895366668701173,0.9549745824255628
2550,797.5222308635712,0.052426591888070105,0.0017532110214233398,0.0002096414566040039,0.0001728057861328125,0.9564270152505446
2555,799.0736420154572,0.36001698531335935,0.0015224456787109376,0.00018768310546875,0.0001438140869140625,0.9615105301379812
2560,800.6254608631134,0.03271551623511186,0.0017916440963745117,0.00021865367889404297,0.0001499652862548828,0.9658678286129266
2565,802.1752388477325,0.02708705709737842,0.0015532255172729492,0.00018846988677978516,0.00015909671783447265,0.9687726942628904
2570,803.7467660903931,0.4977341677993593,0.002099275588989258,0.000258636474609375,0.0001682281494140625,0.9702251270878722
2575,805.3394768238068,0.01367160367226461,0.0016916513442993164,0.0002080678939819336,0.00013935565948486328,0.971677559912854
2580,806.8866989612579,0.03227631496267236,0.0019608497619628905,0.00023903846740722657,0.00016076564788818358,0.9731299927378358
2585,808.4376168251038,0.29537198227008615,0.0015532255172729492,0.00018846988677978516,0.00013668537139892577,0.9738562091503268
2590,809.9886598587036,0.04979426088439141,0.0020300626754760744,0.0002488374710083008,0.00016455650329589845,0.9738562091503268
2595,811.5306649208069,0.2228386635484995,0.0014224529266357421,0.00017709732055664061,0.0001298666000366211,0.9731299927378358
2600,813.078332901001,0.06538980640491587,0.002199268341064453,0.0002692222595214844,0.00017156600952148438,0.9731299927378358
2605,814.6784019470215,0.0752457264810829,0.0021300554275512696,0.00025942325592041013,0.00018243789672851564,0.971677559912854
2610,816.225683927536,0.039955982659924415,0.0018300771713256835,0.00022766590118408203,0.00015099048614501952,0.9709513435003632
2615,817.7673227787018,0.023394680622735108,0.0017608642578125,0.0002178668975830078,0.00013685226440429688,0.9644153957879448
2620,819.3166568279266,0.08325051032012568,0.0021300554275512696,0.00025942325592041013,0.00016510486602783203,0.9724037763253449
2625,820.9117369651794,0.058376346284057946,0.0018224239349365235,0.00021944046020507812,0.0001547098159790039,0.9731299927378358
2630,822.4736559391022,0.05766658904030919,0.0021608352661132814,0.00026021003723144533,0.00017082691192626953,0.9680464778503994
2635,824.0748090744019,0.02019000970517624,0.0016224384307861328,0.00019826889038085938,0.00014929771423339845,0.9680464778503994
2640,825.6249787807465,0.016999010132531113,0.0018608570098876953,0.0002284526824951172,0.00014836788177490233,0.9702251270878722
2645,827.1785080432892,0.07894662917024106,0.002099275588989258,0.000258636474609375,0.00014934539794921874,0.9709513435003632
2650,828.7253129482269,0.06968250120116863,0.0017916440963745117,0.00021865367889404297,0.00014994144439697265,0.971677559912854
2655,830.2629408836365,0.01864747207155375,0.001453232765197754,0.0001778841018676758,0.00014500617980957032,0.971677559912854
2660,831.8070540428162,0.04488426130265566,0.002268481254577637,0.0002790212631225586,0.00016412734985351562,0.9724037763253449
2665,833.3956940174103,0.03779799914045725,0.0017916440963745117,0.00021865367889404297,0.00015435218811035156,0.9731299927378358
2670,834.942792892456,0.02951961247890722,0.0017916440963745117,0.00021865367889404297,0.0001657247543334961,0.971677559912854
2675,836.4823160171509,0.01948522639577277,0.0018608570098876953,0.0002284526824951172,0.0001559734344482422,0.971677559912854
2680,838.0321269035339,0.024131897697333215,0.0014916658401489258,0.00018689632415771484,0.0001311063766479492,0.971677559912854
2685,839.579638004303,0.24838188358700677,0.0020300626754760744,0.0002488374710083008,0.00017273426055908203,0.9738562091503268
2690,841.125138759613,0.024687632908990054,0.0014224529266357421,0.00017709732055664061,0.00014121532440185546,0.9593318809005084
2695,842.6769118309021,0.05600491680152118,0.0016916513442993164,0.0002080678939819336,0.00014090538024902344,0.9680464778503994
2700,844.2673940658569,0.37096387112989077,0.0019992828369140626,0.00024805068969726565,0.00015022754669189454,0.9665940450254176
2705,845.8283319473267,0.02664136636672083,0.001591658592224121,0.0001974821090698242,0.000142669677734375,0.9644153957879448
2710,847.3962769508362,0.06810965361074181,0.0017916440963745117,0.00021865367889404297,0.00015673637390136718,0.9600580973129993
2715,848.9409248828888,0.168618707733458,0.0014224529266357421,0.00017709732055664061,0.00013649463653564453,0.9651416122004357
2720,850.4930868148804,0.038020739430794495,0.0021300554275512696,0.00025942325592041013,0.00017044544219970703,0.9665940450254176
2725,852.0358877182007,0.03765822351060848,0.001930069923400879,0.0002382516860961914,0.0001440763473510742,0.9680464778503994
2730,853.6330370903015,0.3466505348427745,0.0016224384307861328,0.00019826889038085938,0.00013887882232666016,0.9673202614379085
2735,855.1770949363708,0.22131831594743404,0.0016224384307861328,0.00019826889038085938,0.0001439332962036133,0.9680464778503994
2740,856.7278399467468,0.03100247228067019,0.001453232765197754,0.0001778841018676758,0.0001382589340209961,0.9694989106753813
2745,858.2899549007416,0.1284178214147687,0.0018224239349365235,0.00021944046020507812,0.00015726089477539063,0.9702251270878722
2750,859.8522818088531,0.020992496402323015,0.0018916368484497071,0.00022923946380615234,0.00016014575958251954,0.9687726942628904
2755,861.4087028503418,0.021790986542885093,0.0015532255172729492,0.00018846988677978516,0.00013933181762695312,0.9680464778503994
2760,863.0045218467712,0.0336740536135494,0.001722431182861328,0.00020885467529296875,0.0001556396484375,0.9673202614379085
2765,864.5565428733826,0.25398871973210363,0.0013532400131225585,0.00016729831695556642,0.0001371622085571289,0.9658678286129266
2770,866.1040349006653,0.03758511121304906,0.0018608570098876953,0.0002284526824951172,0.00016965866088867188,0.9673202614379085
2775,867.6669790744781,0.04626734163612554,0.002368474006652832,0.000289607048034668,0.00017521381378173828,0.9673202614379085
2780,869.2151589393616,0.023977553393160635,0.0017916440963745117,0.00021865367889404297,0.00016009807586669922,0.9658678286129266
2785,870.7596559524536,0.4659540813678177,0.0019608497619628905,0.00023903846740722657,0.0001549243927001953,0.9665940450254176
2790,872.3547158241272,0.047824605961825736,0.0016608715057373046,0.00020728111267089843,0.00012812614440917968,0.9586056644880174
2795,873.9016439914703,0.022473112415809737,0.0016916513442993164,0.0002080678939819336,0.00014660358428955078,0.9419026870007262
2800,875.4586627483368,0.20019519028255672,0.0016224384307861328,0.00019826889038085938,0.00013599395751953124,0.9498910675381264
2805,877.007700920105,0.03809584575792542,0.0020608425140380858,0.00024962425231933594,0.00018465518951416016,0.9571532316630356
2810,878.5577068328857,0.44604639485478687,0.0016916513442993164,0.0002080678939819336,0.0001518726348876953,0.9644153957879448
2815,880.10693192482,0.1600077909153299,0.0018608570098876953,0.0002284526824951172,0.00014843940734863282,0.9702251270878722
2820,881.7141580581665,0.030687959939677968,0.0019992828369140626,0.00024805068969726565,0.00014810562133789064,0.9709513435003632
2825,883.258074760437,0.47461587487214274,0.0014224529266357421,0.00017709732055664061,0.00013415813446044923,0.9694989106753813
2830,884.8097469806671,0.04514570253094234,0.0016916513442993164,0.0002080678939819336,0.0001560211181640625,0.9694989106753813
2835,886.3515350818634,0.01382945621598992,0.0016224384307861328,0.00019826889038085938,0.0001508951187133789,0.9687726942628904
2840,887.9088318347931,0.02980672959584041,0.0016224384307861328,0.00019826889038085938,0.00015363693237304687,0.9658678286129266
2845,889.4474279880524,0.05774956047707889,0.0016224384307861328,0.00019826889038085938,0.00014777183532714843,0.9673202614379085
2850,890.9995839595795,0.05092467109006975,0.0020300626754760744,0.0002488374710083008,0.00016632080078125,0.9702251270878722
2855,892.588788986206,0.03426275625834023,0.002099275588989258,0.000258636474609375,0.0001540660858154297,0.9709513435003632
2860,894.1295869350433,0.07750130180528458,0.0018608570098876953,0.0002284526824951172,0.0001492738723754883,0.9179375453885258
2865,895.6883959770203,0.17158921662085333,0.002199268341064453,0.0002692222595214844,0.00017867088317871093,0.971677559912854
2870,897.2453057765961,0.01830854159780131,0.0015224456787109376,0.00018768310546875,0.0001383543014526367,0.9593318809005084
2875,898.7916548252106,0.021123826590793725,0.0014916658401489258,0.00018689632415771484,0.00013475418090820314,0.9193899782135077
2880,900.3427309989929,0.154451738800077,0.0017608642578125,0.0002178668975830078,0.00015146732330322265,0.9302832244008714
2885,901.9211120605469,0.06323022953442888,0.0017608642578125,0.0002178668975830078,0.0001445293426513672,0.9462599854756718
2890,903.4584958553314,0.041584736916775,0.001591658592224121,0.0001974821090698242,0.0001383066177368164,0.9586056644880174
2895,905.0029609203339,0.09177164677531664,0.0020608425140380858,0.00024962425231933594,0.00016450881958007812,0.9636891793754538
2900,906.5494768619537,0.17279659909058864,0.001930069923400879,0.0002382516860961914,0.00014865398406982422,0.9578794480755265
2905,908.1059098243713,0.3215479424276054,0.0016532182693481446,0.00019905567169189453,0.00016582012176513672,0.9622367465504721
2910,909.6550259590149,0.4076502360403538,0.0019608497619628905,0.00023903846740722657,0.0001616954803466797,0.9731299927378358
2915,911.2507567405701,0.07755842655897141,0.001584005355834961,0.0001892566680908203,0.00016176700592041016,0.9571532316630356
2920,912.8049988746643,0.01924800054930671,0.0013916730880737306,0.00017631053924560547,0.00011351108551025391,0.9448075526506899
2925,914.3584578037262,0.19483166970312596,0.0019608497619628905,0.00023903846740722657,0.00015764236450195314,0.9549745824255628
2930,915.9014909267426,0.24168815327793708,0.0014224529266357421,0.00017709732055664061,0.0001400470733642578,0.9622367465504721
2935,917.44810795784,0.03818934767814426,0.0015224456787109376,0.00018768310546875,0.00015077590942382812,0.9651416122004357
2940,918.993320941925,0.11802151607371343,0.0018916368484497071,0.00022923946380615234,0.00017023086547851562,0.9658678286129266
2945,920.5800790786743,0.09443218102096722,0.001453232765197754,0.0001778841018676758,0.00014111995697021484,0.9665940450254176
2950,922.119218826294,0.1842813095323919,0.0014224529266357421,0.00017709732055664061,0.00013039112091064453,0.9658678286129266
2955,923.6717939376831,0.3154411152005224,0.002199268341064453,0.0002692222595214844,0.00017113685607910155,0.9738562091503268
2960,925.2231729030609,0.04996153936254757,0.0019608497619628905,0.00023903846740722657,0.00015869140625,0.9665940450254176
2965,926.763347864151,0.03983812511724523,0.0020300626754760744,0.0002488374710083008,0.0001607179641723633,0.9578794480755265
2970,928.2988090515137,0.02664640806618763,0.001722431182861328,0.00020885467529296875,0.00015888214111328124,0.9564270152505446
2975,929.9004490375519,0.039202587329782546,0.0017916440963745117,0.00021865367889404297,0.000153350830078125,0.954248366013072
2980,931.4431428909302,0.019986600761694718,0.0016916513442993164,0.0002080678939819336,0.00014271736145019532,0.9527959331880901
2985,932.986368894577,0.007720889625869631,0.0016608715057373046,0.00020728111267089843,0.0001453876495361328,0.9477124183006536
2990,934.5461249351501,0.008512074361277655,0.0019992828369140626,0.00024805068969726565,0.0001553773880004883,0.9433551198257081
2995,936.1495769023895,0.01666983589529991,0.0017608642578125,0.0002178668975830078,0.0001361846923828125,0.9404502541757443
3000,937.6872639656067,0.06074223828691174,0.0019224166870117187,0.0002300262451171875,0.0001729726791381836,0.9462599854756718
3005,939.2843780517578,0.37672929111868286,0.001591658592224121,0.0001974821090698242,0.00013213157653808595,0.9615105301379812
3010,940.8348667621613,0.034718876706034504,0.0018916368484497071,0.00022923946380615234,0.00016117095947265625,0.9615105301379812
3015,942.4051089286804,0.033781449134420424,0.0017916440963745117,0.00021865367889404297,0.0001453399658203125,0.9665940450254176
3020,943.9522647857666,0.2959015496094253,0.001453232765197754,0.0001778841018676758,0.0001347064971923828,0.9673202614379085
3025,945.497252702713,0.031453870056520825,0.0018916368484497071,0.00022923946380615234,0.0001611471176147461,0.9680464778503994
3030,947.0464949607849,0.02044432144614916,0.0019608497619628905,0.00023903846740722657,0.00017161369323730468,0.9673202614379085
3035,948.5979659557343,0.03272036649286747,0.001722431182861328,0.00020885467529296875,0.0001555204391479492,0.9680464778503994
3040,950.1937940120697,0.4681428259777022,0.0015224456787109376,0.00018768310546875,0.00013477802276611327,0.9694989106753813
3045,951.7337429523468,0.10339727848769371,0.0013532400131225585,0.00016729831695556642,0.000133514404296875,0.9644153957879448
3050,953.3007609844208,0.3490403473377512,0.001722431182861328,0.00020885467529296875,0.00015048980712890626,0.9651416122004357
3055,954.8636999130249,0.02089561806860729,0.0018608570098876953,0.0002284526824951172,0.00015614032745361328,0.9658678286129266
3060,956.4118068218231,0.3886964043369517,0.0014224529266357421,0.00017709732055664061,0.00013959407806396484,0.9665940450254176
3065,957.9637548923492,0.018063230878044578,0.0016532182693481446,0.00019905567169189453,0.00016055107116699218,0.9644153957879448
3070,959.5674810409546,0.043669872315632574,0.0016916513442993164,0.0002080678939819336,0.0001461029052734375,0.9644153957879448
3075,961.122181892395,0.05611752027907926,0.002099275588989258,0.000258636474609375,0.00016422271728515624,0.9644153957879448
3080,962.6630859375,0.016975012572947888,0.0015532255172729492,0.00018846988677978516,0.00015096664428710939,0.9651416122004357
3085,964.2165160179138,0.017811593363876454,0.0018916368484497071,0.00022923946380615234,0.00016291141510009765,0.9651416122004357
3090,965.7514927387238,0.035723911164404855,0.0014224529266357421,0.00017709732055664061,0.0001250743865966797,0.9636891793754538
3095,967.3029010295868,0.049778638826683166,0.0020300626754760744,0.0002488374710083008,0.00017170906066894532,0.9644153957879448
3100,968.90864777565,0.22304569348343647,0.0020300626754760744,0.0002488374710083008,0.00015332698822021485,0.9651416122004357
3105,970.4506130218506,0.6363264681781857,0.0014224529266357421,0.00017709732055664061,0.00013146400451660156,0.9694989106753813
3110,971.997104883194,0.0185248654805946,0.001591658592224121,0.0001974821090698242,0.0001466512680053711,0.9709513435003632
3115,973.5554900169373,0.2229870524261514,0.0019992828369140626,0.00024805068969726565,0.0001420259475708008,0.9702251270878722
3120,975.0987288951874,0.13461579009895103,0.0019608497619628905,0.00023903846740722657,0.00016808509826660156,0.9709513435003632
3125,976.6415238380432,0.0776044046273455,0.0020300626754760744,0.0002488374710083008,0.00016553401947021483,0.9694989106753813
3130,978.2271888256073,0.009555606567300857,0.001930069923400879,0.0002382516860961914,0.0001559019088745117,0.9665940450254176
3135,979.7825059890747,0.3558619534596801,0.002099275588989258,0.000258636474609375,0.00016238689422607422,0.9658678286129266
3140,981.3329038619995,0.459941403567791,0.0017608642578125,0.0002178668975830078,0.0001451253890991211,0.9658678286129266
3145,982.8853459358215,0.02232915982618806,0.001722431182861328,0.00020885467529296875,0.00016171932220458983,0.9636891793754538
3150,984.4320969581604,0.05017825626219974,0.0018608570098876953,0.0002284526824951172,0.0001569032669067383,0.9600580973129993
3155,985.9711380004883,0.18896477956441374,0.0014224529266357421,0.00017709732055664061,0.00013163089752197266,0.9615105301379812
3160,987.5633988380432,0.14901949514326135,0.0019992828369140626,0.00024805068969726565,0.0001418590545654297,0.9593318809005084
3165,989.1105227470398,0.23332804618912634,0.0018916368484497071,0.00022923946380615234,0.00016558170318603516,0.9586056644880174
3170,990.6610507965088,0.20924246266076807,0.0016916513442993164,0.0002080678939819336,0.0001474618911743164,0.9694989106753813
3175,992.2037649154663,0.06965824523183528,0.0018608570098876953,0.0002284526824951172,0.0001538991928100586,0.9709513435003632
3180,993.7532229423523,0.07725477293133735,0.0020300626754760744,0.0002488374710083008,0.00016214847564697266,0.9673202614379085
3185,995.2960858345032,0.09119235817772164,0.002230048179626465,0.00027000904083251953,0.00017697811126708983,0.9687726942628904
3190,996.8289647102356,0.21108940343983845,0.001930069923400879,0.0002382516860961914,0.0001567840576171875,0.9694989106753813
3195,998.4263668060303,0.03320820910739712,0.0017916440963745117,0.00021865367889404297,0.0001451253890991211,0.9324618736383442
3200,999.9773597717285,0.015200852393174102,0.0019608497619628905,0.00023903846740722657,0.0001667022705078125,0.8997821350762527
3205,1001.530601978302,0.05979880574159324,0.0019224166870117187,0.0002300262451171875,0.00017492771148681642,0.8576615831517792
3210,1003.0829498767853,0.41762266130535863,0.0013840198516845703,0.00016808509826660156,0.00015261173248291016,0.8859840232389252
3215,1004.6364810466766,1.3175328994169946,0.0016608715057373046,0.00020728111267089843,0.00013000965118408202,0.9273783587509078
3220,1006.1818838119507,0.08963897193898447,0.0016532182693481446,0.00019905567169189453,0.00015637874603271484,0.8249818445896877
3225,1007.7766399383545,0.28669959277403906,0.0017916440963745117,0.00021865367889404297,0.0001445293426513672,0.7937545388525781
3230,1009.3309779167175,0.3253764534834772,0.001930069923400879,0.0002382516860961914,0.00014679431915283204,0.8859840232389252
3235,1010.8800039291382,0.32384930159896613,0.0016224384307861328,0.00019826889038085938,0.00014519691467285156,0.9092229484386347
3240,1012.4340720176697,0.21980123491885023,0.0016532182693481446,0.00019905567169189453,0.00016980171203613282,0.9172113289760349
3245,1013.9885249137878,0.5134728160488521,0.0018608570098876953,0.0002284526824951172,0.00016047954559326172,0.9448075526506899
3250,1015.5447039604187,0.025178332256837167,0.001722431182861328,0.00020885467529296875,0.0001413583755493164,0.9513435003631082
3255,1017.1361420154572,0.03338445394474547,0.001453232765197754,0.0001778841018676758,0.00015034675598144532,0.9549745824255628
3260,1018.674656867981,0.24912303696646632,0.002199268341064453,0.0002692222595214844,0.0001572132110595703,0.9564270152505446
3265,1020.2142016887665,0.011105845309836581,0.0016916513442993164,0.0002080678939819336,0.00014307498931884766,0.9564270152505446
3270,1021.7667577266693,0.19767948308927147,0.0016916513442993164,0.0002080678939819336,0.0001474618911743164,0.9571532316630356
3275,1023.3149077892303,0.13400344775291728,0.0018916368484497071,0.00022923946380615234,0.0001676321029663086,0.9586056644880174
3280,1024.861969947815,0.04803893820984513,0.0016916513442993164,0.0002080678939819336,0.0001355886459350586,0.9607843137254902
3285,1026.4439878463745,0.22541723160966284,0.0017608642578125,0.0002178668975830078,0.00013363361358642578,0.9644153957879448
3290,1027.9931640625,0.058625013570031116,0.0021300554275512696,0.00025942325592041013,0.00015723705291748047,0.9658678286129266
3295,1029.546371936798,0.11166407037574118,0.0020300626754760744,0.0002488374710083008,0.00016798973083496094,0.9665940450254176
3300,1031.102511882782,0.020626654319745797,0.001930069923400879,0.0002382516860961914,0.00015621185302734376,0.9665940450254176
3305,1032.651508808136,0.036920288779049314,0.0017608642578125,0.0002178668975830078,0.00014791488647460937,0.9644153957879448
3310,1034.2069218158722,0.02915142513927833,0.0020300626754760744,0.0002488374710083008,0.00017023086547851562,0.9644153957879448
3315,1035.7980499267578,0.02892345878208289,0.0019224166870117187,0.0002300262451171875,0.000159454345703125,0.9651416122004357
3320,1037.3472187519073,0.03503058535279706,0.0020916223526000976,0.0002504110336303711,0.0001803159713745117,0.9651416122004357
3325,1038.895061969757,0.0463431169747139,0.0015224456787109376,0.00018768310546875,0.00015034675598144532,0.9665940450254176
3330,1040.4268147945404,0.005672863372274151,0.001930069923400879,0.0002382516860961914,0.00015172958374023437,0.9658678286129266
3335,1041.9783198833466,0.17218925439176475,0.001930069923400879,0.0002382516860961914,0.0001610994338989258,0.9673202614379085
3340,1043.5424749851227,0.01888991644373448,0.0018916368484497071,0.00022923946380615234,0.00016760826110839844,0.9702251270878722
3345,1045.1314327716827,0.0217161199303078,0.0016916513442993164,0.0002080678939819336,0.00013942718505859374,0.9702251270878722
3350,1046.682552099228,0.04912383618082146,0.002099275588989258,0.000258636474609375,0.00016200542449951172,0.9709513435003632
3355,1048.2288658618927,0.047076770968124036,0.0018916368484497071,0.00022923946380615234,0.00015189647674560547,0.9709513435003632
3360,1049.7711007595062,0.027944779163226484,0.0017916440963745117,0.00021865367889404297,0.00015566349029541015,0.971677559912854
3365,1051.3222539424896,0.03034606531728059,0.001591658592224121,0.0001974821090698242,0.00014271736145019532,0.971677559912854
3370,1052.8671517372131,0.29321773396648043,0.0018300771713256835,0.00022766590118408203,0.00016574859619140626,0.971677559912854
3375,1054.4721548557281,0.16253264892670954,0.0017916440963745117,0.00021865367889404297,0.00015935897827148437,0.9644153957879448
3380,1056.0689408779144,0.08945343070023455,0.0014224529266357421,0.00017709732055664061,0.0001401185989379883,0.9731299927378358
3385,1057.6076247692108,0.0599428407731466,0.001930069923400879,0.0002382516860961914,0.00016508102416992187,0.9731299927378358
3390,1059.1601028442383,0.3159553708508625,0.001930069923400879,0.0002382516860961914,0.00015695095062255858,0.971677559912854
3395,1060.7031180858612,0.021675308188446252,0.0014916658401489258,0.00018689632415771484,0.0001273632049560547,0.971677559912854
3400,1062.2658219337463,0.048400721326471795,0.0016224384307861328,0.00019826889038085938,0.00014522075653076172,0.9709513435003632
3405,1063.8192439079285,0.013222257239976897,0.0016916513442993164,0.0002080678939819336,0.0001517772674560547,0.9709513435003632
3410,1065.4185478687286,0.02832239236031455,0.0020300626754760744,0.0002488374710083008,0.00017910003662109376,0.9694989106753813
3415,1066.9672799110413,0.03548520114272975,0.0020300626754760744,0.0002488374710083008,0.00015459060668945312,0.9680464778503994
3420,1068.5185179710388,0.27079518846803696,0.001453232765197754,0.0001778841018676758,0.00015251636505126954,0.9731299927378358
3425,1070.0699589252472,0.16619260648731426,0.001722431182861328,0.00020885467529296875,0.00016188621520996094,0.9760348583877996
3430,1071.6230719089508,0.011932796519386103,0.001453232765197754,0.0001778841018676758,0.00014581680297851563,0.9767610748002905
3435,1073.1821067333221,0.19230903815478087,0.0018224239349365235,0.00021944046020507812,0.00016660690307617186,0.9753086419753086
3440,1074.78830575943,0.010236382464066196,0.0017916440963745117,0.00021865367889404297,0.00015022754669189454,0.9738562091503268
3445,1076.3438210487366,0.020967773507095444,0.0015532255172729492,0.00018846988677978516,0.00014722347259521484,0.9702251270878722