#{"solver": {"engine": {"type": "ExactEngine"}, "semiring": "GraphSemiring"}, "networks": [{"name": "perc_net_version_0_NeSy_0", "module": "AD_V0_NeSy_0_net(\n  (image_features): Sequential(\n    (0): Conv2d(3, 6, kernel_size=(5, 5), stride=(1, 1))\n    (1): ReLU()\n    (2): MaxPool2d(kernel_size=2, stride=2, padding=0, dilation=1, ceil_mode=False)\n    (3): Conv2d(6, 16, kernel_size=(5, 5), stride=(1, 1))\n    (4): ReLU()\n    (5): MaxPool2d(kernel_size=2, stride=2, padding=0, dilation=1, ceil_mode=False)\n    (6): Flatten(start_dim=0, end_dim=2)\n    (7): Linear(in_features=400, out_features=120, bias=True)\n    (8): Linear(in_features=120, out_features=84, bias=True)\n    (9): Linear(in_features=84, out_features=4, bias=True)\n  )\n  (numeric_features): Sequential(\n    (0): Linear(in_features=1, out_features=4, bias=True)\n    (1): ReLU()\n    (2): Dropout(p=0.5, inplace=False)\n    (3): Linear(in_features=4, out_features=4, bias=True)\n    (4): ReLU()\n  )\n  (combined_features): Sequential(\n    (0): Linear(in_features=8, out_features=16, bias=True)\n    (1): ReLU()\n    (2): Dropout(p=0.5, inplace=False)\n    (3): Linear(in_features=16, out_features=16, bias=True)\n    (4): ReLU()\n    (5): Linear(in_features=16, out_features=2, bias=True)\n    (6): Softmax(dim=-1)\n  )\n)", "optimizer": "Adam (\nParameter Group 0\n    amsgrad: False\n    betas: (0.9, 0.999)\n    capturable: False\n    differentiable: False\n    eps: 1e-08\n    foreach: None\n    fused: None\n    lr: 0.001\n    maximize: False\n    weight_decay: 0\n)", "k": null}], "program": "coord(X) :- X=0.0; X=1.0; X=2.0; X=3.0; X=4.0.\nadmissible_cells(X) :- coord(X).\nnn(perc_net_version_0_NeSy_0,[Img, X],Z,[human, nothing])::cell(Img,X,Z).\nattention_boundary(X) :- X==1.0.\nenlarged_boundary(X) :- X==2.0; X==3.0.\nout_of_view(X) :- X==0.0; X==4.0.\naction(Img,1) :- admissible_cells(X), attention_boundary(X), cell(Img,X,human).\naction(Img,2) :- admissible_cells(X), enlarged_boundary(X), cell(Img,X,human), \\+action(Img,1).\naction(Img,0) :- admissible_cells(X), out_of_view(X), \\+action(Img,2), \\+action(Img,1).\n"}
#Accuracy 0.9723837209302325
i,time,loss,ground_time,compile_time,eval_time,accuracy
5,0.06154584884643555,1.0197823524475098,0.002203083038330078,0.00048775672912597655,0.00023787021636962892,0.32848837209302323
10,1.2749381065368652,0.9117449581623077,0.002347254753112793,0.0002274751663208008,0.00020627975463867189,0.32848837209302323
15,2.51334285736084,1.2316511631011964,0.002315998077392578,0.000597381591796875,0.00020079612731933595,0.32848837209302323
20,3.7048470973968506,1.0268372654914857,0.0019261360168457032,0.00037946701049804685,0.00017385482788085939,0.32848837209302323
25,4.933059930801392,1.2336230516433715,0.002478194236755371,0.0006105661392211914,0.00020906925201416015,0.32848837209302323
30,6.147234916687012,1.2251892507076263,0.002478194236755371,0.0006105661392211914,0.00021359920501708984,0.32848837209302323
35,7.3508899211883545,1.063675844669342,0.002412724494934082,0.0004190206527709961,0.0002086162567138672,0.32848837209302323
40,8.538204908370972,1.2137427031993866,0.002315998077392578,0.000597381591796875,0.00018658638000488282,0.32848837209302323
45,9.746284008026123,1.3034633815288543,0.0026731252670288085,0.0007195234298706055,0.0002486944198608398,0.32848837209302323
50,10.947468996047974,1.2240863025188446,0.002640390396118164,0.0006237506866455078,0.00021538734436035156,0.32848837209302323
55,12.153351783752441,1.1463190615177155,0.0024454593658447266,0.0005147933959960937,0.0002093791961669922,0.32848837209302323
60,13.35057783126831,1.2701824843883514,0.0028353214263916017,0.0007327079772949218,0.00023396015167236327,0.32848837209302323
65,14.520171880722046,1.0391563177108765,0.0019261360168457032,0.00037946701049804685,0.00015079975128173828,0.32848837209302323
70,15.692260980606079,1.0395761787891389,0.002250528335571289,0.0004058361053466797,0.0001874208450317383,0.32848837209302323
75,16.873104095458984,1.136572825908661,0.0027698516845703126,0.0005411624908447266,0.0002197265625,0.32848837209302323
80,18.040837049484253,1.1126412451267242,0.0021210670471191405,0.0004884243011474609,0.0001714468002319336,0.32848837209302323
85,19.263066053390503,1.12608345746994,0.0027698516845703126,0.0005411624908447266,0.0002264738082885742,0.32848837209302323
90,20.440271139144897,1.307682317495346,0.00254366397857666,0.0008021116256713868,0.00021033287048339845,0.32848837209302323
95,21.622231006622314,1.108630073070526,0.0024454593658447266,0.0005147933959960937,0.00019388198852539064,0.32848837209302323
100,22.794983863830566,1.0097744345664978,0.0022177934646606446,0.00031006336212158203,0.00018203258514404297,0.32848837209302323
105,23.970314025878906,1.2061370432376861,0.0026731252670288085,0.0007195234298706055,0.0002115488052368164,0.32848837209302323
110,25.139793872833252,1.2319484889507293,0.002868056297302246,0.0008284807205200196,0.00022029876708984375,0.26744186046511625
115,26.32458806037903,1.0065982162952423,0.002574920654296875,0.0004322052001953125,0.00021681785583496093,0.45058139534883723
120,27.48212504386902,1.3510450422763824,0.0017312049865722656,0.0002705097198486328,0.00014362335205078124,0.3386627906976744
125,28.647632122039795,1.0988019466400147,0.0024454593658447266,0.0005147933959960937,0.0001897573471069336,0.2819767441860465
130,29.827320098876953,1.0234696745872498,0.0025421857833862306,0.0003364324569702148,0.00020406246185302734,0.32848837209302323
135,30.999420881271362,1.007297945022583,0.0018934011459350586,0.00028369426727294924,0.00015659332275390624,0.32848837209302323
140,32.17728090286255,1.2332667589187623,0.0027058601379394533,0.0008152961730957031,0.00020625591278076172,0.32848837209302323
145,33.34224510192871,1.0963897109031677,0.0024454593658447266,0.0005147933959960937,0.00019927024841308593,0.32848837209302323
150,34.538971185684204,1.0319162964820863,0.0019261360168457032,0.00037946701049804685,0.00015535354614257813,0.32848837209302323
155,35.78534913063049,1.2068371176719666,0.0028353214263916017,0.0007327079772949218,0.0002598285675048828,0.32848837209302323
160,36.99737596511841,1.1117237329483032,0.002640390396118164,0.0006237506866455078,0.00021126270294189454,0.30959302325581395
165,38.17674899101257,1.259183943271637,0.0029335260391235352,0.0010200262069702149,0.00022640228271484376,0.30377906976744184
170,39.38956308364868,0.9576894044876099,0.0026076555252075194,0.0005279779434204102,0.00021882057189941405,0.5290697674418605
175,40.553587913513184,0.9588669151067734,0.0025421857833862306,0.0003364324569702148,0.00021207332611083984,0.5261627906976745
180,41.71636390686035,0.8446749985218048,0.002315998077392578,0.000597381591796875,0.00018110275268554688,0.47674418604651164
185,42.92079305648804,0.97657670378685,0.0022832632064819338,0.0005016088485717774,0.0001955270767211914,0.4941860465116279
190,44.11395502090454,0.8309464514255523,0.002088332176208496,0.0003926515579223633,0.00017969608306884767,0.5494186046511628
195,45.31920886039734,0.7134524315595627,0.002412724494934082,0.0004190206527709961,0.0002233743667602539,0.561046511627907
200,46.54209089279175,1.662986397743225,0.0018934011459350586,0.00028369426727294924,0.00017838478088378907,0.5581395348837209
205,47.766352891922,0.8356816797699139,0.0026731252670288085,0.0007195234298706055,0.00023267269134521484,0.5712209302325582
210,48.987767934799194,0.5941085443948395,0.0025109291076660157,0.000706338882446289,0.0002012968063354492,0.5276162790697675
215,50.20395278930664,0.8565644023939967,0.0017639398574829102,0.00036628246307373046,0.00015501976013183595,0.498546511627907
220,51.43219494819641,0.8583476886153221,0.002315998077392578,0.000597381591796875,0.0002167224884033203,0.48255813953488375
225,52.6592698097229,0.7635795891284942,0.0024454593658447266,0.0005147933959960937,0.000226593017578125,0.5
230,53.89730095863342,0.7528935141861439,0.002574920654296875,0.0004322052001953125,0.00025255680084228515,0.5421511627906976
235,55.159717082977295,0.8170545697212219,0.0023487329483032225,0.0006931543350219727,0.00021162033081054688,0.5523255813953488
240,56.44294595718384,0.7904704108834266,0.002088332176208496,0.0003926515579223633,0.00018939971923828124,0.561046511627907
245,57.794283866882324,0.6861781364306807,0.0027698516845703126,0.0005411624908447266,0.00023000240325927735,0.565406976744186
250,58.98876905441284,0.6122432268690318,0.0022832632064819338,0.0005016088485717774,0.0001956939697265625,0.5683139534883721
255,60.196582078933716,0.6865381728857756,0.0027058601379394533,0.0008152961730957031,0.00022482872009277344,0.5857558139534884
260,61.38981485366821,0.8451020292937755,0.0023487329483032225,0.0006931543350219727,0.00020711421966552735,0.5944767441860465
265,62.586134910583496,0.5764047484844923,0.0023487329483032225,0.0006931543350219727,0.00019788742065429688,0.625
270,63.7801399230957,0.74700941052688,0.0026076555252075194,0.0005279779434204102,0.00022890567779541016,0.6438953488372093
275,64.97467494010925,1.1729557387530805,0.002250528335571289,0.0004058361053466797,0.0001920461654663086,0.6468023255813954
280,66.16423797607422,0.6901900653727353,0.0024454593658447266,0.0005147933959960937,0.00021197795867919922,0.5726744186046512
285,67.35897183418274,0.8603544215671718,0.002478194236755371,0.0006105661392211914,0.0002167224884033203,0.5901162790697675
290,68.56284999847412,0.7805998384952545,0.002640390396118164,0.0006237506866455078,0.00023486614227294922,0.6453488372093024
295,69.75991010665894,0.8332183022750541,0.0024454593658447266,0.0005147933959960937,0.00021750926971435546,0.6293604651162791
300,70.95910596847534,0.701225307432469,0.0028353214263916017,0.0007327079772949218,0.000237274169921875,0.6308139534883721
305,72.13620090484619,1.0558305263519288,0.002412724494934082,0.0004190206527709961,0.0001962900161743164,0.5959302325581395
310,73.29006314277649,0.79535095654428,0.002088332176208496,0.0003926515579223633,0.0001876354217529297,0.5872093023255814
315,74.45769500732422,0.8474742531776428,0.0024454593658447266,0.0005147933959960937,0.0002013683319091797,0.5915697674418605
320,75.6352128982544,0.6811257936060429,0.002088332176208496,0.0003926515579223633,0.00017352104187011718,0.5857558139534884
325,76.80362200737,1.2187185108661651,0.0026731252670288085,0.0007195234298706055,0.00020902156829833985,0.5944767441860465
330,78.01725101470947,0.5870847295504064,0.0019588708877563477,0.0004752397537231445,0.00017139911651611328,0.5959302325581395
335,79.17955303192139,0.767941677570343,0.002315998077392578,0.000597381591796875,0.00018262863159179688,0.6046511627906976
340,80.34192681312561,0.5489595375955105,0.0021538019180297853,0.0005841970443725586,0.00016605854034423828,0.625
345,81.50830101966858,0.6770511768525467,0.002315998077392578,0.000597381591796875,0.00019099712371826172,0.6773255813953488
350,82.68920493125916,0.8350042670965194,0.0026076555252075194,0.0005279779434204102,0.00019903182983398436,0.6947674418604651
355,83.87063384056091,1.0806957175489516,0.002574920654296875,0.0004322052001953125,0.00021300315856933593,0.6787790697674418
360,85.04293394088745,0.6702402421273291,0.0019261360168457032,0.00037946701049804685,0.00015666484832763672,0.6497093023255814
365,86.21073293685913,0.7862878121435642,0.002088332176208496,0.0003926515579223633,0.00017411708831787108,0.6148255813953488
370,87.47376084327698,0.6826872992911376,0.0026731252670288085,0.0007195234298706055,0.00023090839385986328,0.6177325581395349
375,88.63659477233887,0.6966342862782767,0.002478194236755371,0.0006105661392211914,0.0001959562301635742,0.626453488372093
380,89.79932379722595,0.7061076581478118,0.002250528335571289,0.0004058361053466797,0.00018966197967529297,0.6686046511627907
385,90.96825909614563,0.5029422211693599,0.002478194236755371,0.0006105661392211914,0.00018937587738037108,0.75
390,92.1425268650055,0.7725243055261671,0.002478194236755371,0.0006105661392211914,0.00020143985748291015,0.7732558139534884
395,93.33579993247986,0.6098416045308113,0.002640390396118164,0.0006237506866455078,0.00023055076599121094,0.7630813953488372
400,94.57252097129822,0.4865979298716411,0.002640390396118164,0.0006237506866455078,0.0002452850341796875,0.7398255813953488
405,95.82298398017883,0.43082292934414,0.002478194236755371,0.0006105661392211914,0.000261688232421875,0.7180232558139535
410,97.03591394424438,0.4124062531248455,0.0022832632064819338,0.0005016088485717774,0.0001826047897338867,0.6744186046511628
415,98.18444204330444,0.6300390434800647,0.0022177934646606446,0.00031006336212158203,0.00018444061279296876,0.6686046511627907
420,99.34279894828796,0.57074428871274,0.0024454593658447266,0.0005147933959960937,0.00019690990447998046,0.7005813953488372
425,100.51028084754944,0.8260903836475336,0.002478194236755371,0.0006105661392211914,0.00020360946655273438,0.7267441860465116
430,101.6702229976654,0.6325145461712964,0.0026076555252075194,0.0005279779434204102,0.00020580291748046876,0.752906976744186
435,102.82994389533997,0.7049507604912322,0.0026731252670288085,0.0007195234298706055,0.00020482540130615235,0.7252906976744186
440,103.99038100242615,0.79705016289372,0.0022832632064819338,0.0005016088485717774,0.00018396377563476563,0.7369186046511628
445,105.1781370639801,0.711309215798974,0.0023799896240234374,0.0003232479095458984,0.00020728111267089843,0.7572674418604651
450,106.37855195999146,0.4024631573229442,0.0027385950088500977,0.0009110689163208008,0.00021305084228515626,0.8226744186046512
455,107.55628395080566,0.5118704806198366,0.0026731252670288085,0.0007195234298706055,0.000206756591796875,0.8430232558139535
460,108.78000092506409,0.7771037097380031,0.002737116813659668,0.0004453897476196289,0.0002389192581176758,0.8619186046511628
465,109.9407389163971,0.49114354941993954,0.001698470115661621,0.00017473697662353515,0.00015604496002197266,0.8575581395348837
470,111.12010478973389,0.6753008782980032,0.0022832632064819338,0.0005016088485717774,0.0002094268798828125,0.8313953488372093
475,112.31025791168213,0.7319749519228935,0.002574920654296875,0.0004322052001953125,0.00022077560424804688,0.8037790697674418
480,113.48944878578186,0.7204441344365818,0.002088332176208496,0.0003926515579223633,0.00017411708831787108,0.8459302325581395
485,114.66821694374084,0.414129077618054,0.0026731252670288085,0.0007195234298706055,0.00020923614501953126,0.8444767441860465
490,115.9152398109436,0.6273334075696766,0.0022832632064819338,0.0005016088485717774,0.00020842552185058595,0.8459302325581395
495,117.10701584815979,0.44450949015445074,0.0019261360168457032,0.00037946701049804685,0.00017347335815429688,0.875
500,118.31642484664917,0.580684089614806,0.003030252456665039,0.0008416652679443359,0.00025491714477539064,0.8561046511627907
505,119.50869798660278,0.7764417835999666,0.0026076555252075194,0.0005279779434204102,0.00022580623626708985,0.8473837209302325
510,120.67713189125061,0.1332897369400598,0.002771329879760742,0.0010068416595458984,0.00020313262939453125,0.7761627906976745
515,121.83956599235535,0.9228714645210857,0.002737116813659668,0.0004453897476196289,0.00021767616271972656,0.6526162790697675
520,123.00931811332703,0.537546193273738,0.002412724494934082,0.0004190206527709961,0.00020160675048828126,0.6409883720930233
525,124.16254901885986,0.41252413496840745,0.0021210670471191405,0.0004884243011474609,0.0001735687255859375,0.6031976744186046
530,125.32749009132385,0.6471372663974762,0.0024454593658447266,0.0005147933959960937,0.000197601318359375,0.6453488372093024
535,126.48978996276855,0.4486139924032614,0.0022832632064819338,0.0005016088485717774,0.0001878976821899414,0.8023255813953488
540,127.66514301300049,0.5153595105744898,0.0020555973052978514,0.00029687881469726564,0.00017325878143310548,0.8546511627906976
545,128.85084891319275,0.6283360469231412,0.002250528335571289,0.0004058361053466797,0.00020594596862792968,0.7674418604651163
550,130.1067681312561,0.5896685982821509,0.002478194236755371,0.0006105661392211914,0.0002104043960571289,0.8851744186046512
555,131.27068376541138,0.26432207059551727,0.00254366397857666,0.0008021116256713868,0.00019714832305908203,0.9200581395348837
560,132.42248797416687,0.3977320637553987,0.0017639398574829102,0.00036628246307373046,0.0001516103744506836,0.8938953488372093
565,133.64053392410278,0.6222313032194506,0.0024454593658447266,0.0005147933959960937,0.00022854804992675782,0.627906976744186
570,134.80820894241333,0.7497268404345959,0.0024454593658447266,0.0005147933959960937,0.0001806974411010742,0.625
575,136.01788592338562,0.7420213255682029,0.0024454593658447266,0.0005147933959960937,0.00021784305572509767,0.7252906976744186
580,137.27342200279236,0.25517726688995024,0.0025109291076660157,0.000706338882446289,0.00023751258850097657,0.8590116279069767
585,138.61057877540588,0.42865171073935926,0.002088332176208496,0.0003926515579223633,0.00018923282623291017,0.8561046511627907
590,139.85780501365662,0.8260660911131709,0.002802586555480957,0.0006369352340698242,0.00027444362640380857,0.8241279069767442
595,141.09542894363403,0.5467355286236852,0.0020555973052978514,0.00029687881469726564,0.00021741390228271484,0.7281976744186046
600,142.29064297676086,0.36443466726159385,0.00254366397857666,0.0008021116256713868,0.00018966197967529297,0.6947674418604651
605,143.50939798355103,0.5752417082781903,0.0025109291076660157,0.000706338882446289,0.00021336078643798828,0.7151162790697675
610,144.68842887878418,0.15672842736385065,0.0023814678192138673,0.0007889270782470703,0.00017766952514648439,0.7093023255813954
615,145.85307788848877,0.595462410338223,0.0027698516845703126,0.0005411624908447266,0.00022068023681640626,0.7049418604651163
620,147.08750891685486,0.973810113966465,0.0020555973052978514,0.00029687881469726564,0.00024731159210205077,0.7994186046511628
625,148.39100694656372,0.5657280211573152,0.0026076555252075194,0.0005279779434204102,0.00022377967834472657,0.7572674418604651
630,149.54022598266602,0.2631061473216505,0.0025109291076660157,0.000706338882446289,0.0002434253692626953,0.6526162790697675
635,150.7662477493286,0.5904362022916928,0.002478194236755371,0.0006105661392211914,0.00021679401397705077,0.6337209302325582
640,151.99442887306213,0.5848551056526048,0.002574920654296875,0.0004322052001953125,0.00026180744171142576,0.626453488372093
645,153.20503401756287,0.6728973435536318,0.0026731252670288085,0.0007195234298706055,0.00020949840545654298,0.623546511627907
650,154.44476795196533,0.5700378442183152,0.002412724494934082,0.0004190206527709961,0.0002193450927734375,0.6075581395348837
655,155.6741328239441,0.5640819754451514,0.002250528335571289,0.0004058361053466797,0.00021049976348876953,0.6119186046511628
660,156.85333895683289,0.5863325849124521,0.002315998077392578,0.000597381591796875,0.00017867088317871093,0.5930232558139535
665,158.0212378501892,0.8195643953979015,0.002250528335571289,0.0004058361053466797,0.00018064975738525392,0.5188953488372093
670,159.1886568069458,0.899891402402136,0.0025109291076660157,0.000706338882446289,0.0001919269561767578,0.8125
675,160.35920596122742,0.4689855829815556,0.0021538019180297853,0.0005841970443725586,0.00015909671783447265,0.8052325581395349
680,161.52825498580933,0.5856266813869297,0.0021210670471191405,0.0004884243011474609,0.00017001628875732422,0.5116279069767442
685,162.6922628879547,0.8865168745338451,0.0023487329483032225,0.0006931543350219727,0.00019047260284423828,0.4680232558139535
690,163.85059595108032,0.4717960737529211,0.0022832632064819338,0.0005016088485717774,0.00017375946044921874,0.498546511627907
695,165.03322172164917,1.1384300768375397,0.002412724494934082,0.0004190206527709961,0.00019671916961669922,0.7688953488372093
700,166.21525597572327,0.7732352544433525,0.002412724494934082,0.0004190206527709961,0.00019114017486572267,0.8255813953488372
705,167.3759138584137,0.6656914429739118,0.0022832632064819338,0.0005016088485717774,0.00017023086547851562,0.7601744186046512
710,168.53558087348938,0.5424760311609134,0.0021210670471191405,0.0004884243011474609,0.00017194747924804689,0.5813953488372093
715,169.7242238521576,0.600873470223479,0.002478194236755371,0.0006105661392211914,0.00020885467529296875,0.5799418604651163
720,170.89687490463257,0.44940599420515354,0.002478194236755371,0.0006105661392211914,0.00019960403442382814,0.5915697674418605
725,172.22733092308044,0.6268018211030721,0.002250528335571289,0.0004058361053466797,0.0003318309783935547,0.6031976744186046
730,173.41295981407166,0.6082730425034242,0.002640390396118164,0.0006237506866455078,0.00021305084228515626,0.6206395348837209
735,174.56743693351746,0.7182510137557984,0.002478194236755371,0.0006105661392211914,0.00020580291748046876,0.8023255813953488
740,175.72684001922607,0.35280456828695606,0.0026731252670288085,0.0007195234298706055,0.00020816326141357422,0.8444767441860465
745,176.8776409626007,0.6334460902959108,0.0026076555252075194,0.0005279779434204102,0.0001973867416381836,0.7630813953488372
750,178.03217101097107,0.40129949445836244,0.002315998077392578,0.000597381591796875,0.00019054412841796876,0.6380813953488372
755,179.20358300209045,0.45142986584396566,0.002088332176208496,0.0003926515579223633,0.00017874240875244142,0.6293604651162791
760,180.40150809288025,0.7155711219997329,0.0025421857833862306,0.0003364324569702148,0.0002084016799926758,0.6351744186046512
765,181.59151983261108,0.22320357343414798,0.002315998077392578,0.000597381591796875,0.00018432140350341797,0.6337209302325582
770,182.75246787071228,0.3888430816145956,0.002640390396118164,0.0006237506866455078,0.00020258426666259767,0.6293604651162791
775,183.9148530960083,0.8186973273988827,0.0024454593658447266,0.0005147933959960937,0.00018608570098876953,0.6366279069767442
780,185.11433291435242,0.5683475919096963,0.002802586555480957,0.0006369352340698242,0.00023427009582519532,0.6322674418604651
785,186.3335039615631,0.5370138878360649,0.0021210670471191405,0.0004884243011474609,0.00021126270294189454,0.6293604651162791
790,187.55851697921753,0.7801637508353452,0.002412724494934082,0.0004190206527709961,0.00019941329956054687,0.622093023255814
795,188.70812487602234,0.25013956191687614,0.0029007911682128905,0.0009242534637451172,0.0002185344696044922,0.5944767441860465
800,189.86006808280945,1.0045908702968518,0.002640390396118164,0.0006237506866455078,0.00020794868469238282,0.5421511627906976
805,191.0071098804474,0.4824639589714934,0.002412724494934082,0.0004190206527709961,0.00019829273223876954,0.5247093023255814
810,192.2067699432373,0.5088487813009124,0.002088332176208496,0.0003926515579223633,0.00016567707061767578,0.5188953488372093
815,193.36395287513733,0.7942574106040411,0.0022177934646606446,0.00031006336212158203,0.0001882314682006836,0.5479651162790697
820,194.53229689598083,0.7235431880530087,0.002412724494934082,0.0004190206527709961,0.00020036697387695312,0.748546511627907
825,195.6976261138916,0.43408700637846775,0.0021210670471191405,0.0004884243011474609,0.00017371177673339844,0.7979651162790697
830,196.8548538684845,0.5353061461006305,0.002640390396118164,0.0006237506866455078,0.00019986629486083983,0.7863372093023255
835,198.00225400924683,0.3439384029341454,0.002315998077392578,0.000597381591796875,0.00017452239990234375,0.7921511627906976
840,199.15153980255127,0.4403896073345095,0.002088332176208496,0.0003926515579223633,0.00016751289367675782,0.748546511627907
845,200.30232501029968,0.3931369273690578,0.002868056297302246,0.0008284807205200196,0.00021622180938720703,0.6642441860465116
850,201.46412992477417,0.6107262144801098,0.0026076555252075194,0.0005279779434204102,0.00020895004272460937,0.6395348837209303
855,202.62304091453552,0.39376769539376255,0.0029007911682128905,0.0009242534637451172,0.00022482872009277344,0.751453488372093
860,203.78152704238892,0.6507947762482218,0.002574920654296875,0.0004322052001953125,0.00020399093627929688,0.7703488372093024
865,204.94096398353577,0.5190402594962507,0.0026076555252075194,0.0005279779434204102,0.0002076864242553711,0.7587209302325582
870,206.090106010437,0.579368660005278,0.0019261360168457032,0.00037946701049804685,0.0001612424850463867,0.6148255813953488
875,207.24175190925598,0.5470566734818363,0.0022832632064819338,0.0005016088485717774,0.0001840353012084961,0.6133720930232558
880,208.39648985862732,0.5653987921657972,0.0024454593658447266,0.0005147933959960937,0.0001960277557373047,0.6293604651162791
885,209.60069704055786,0.43732512731221507,0.002088332176208496,0.0003926515579223633,0.00017681121826171876,0.6438953488372093
890,210.784353017807,0.45924652471440053,0.002412724494934082,0.0004190206527709961,0.00019545555114746093,0.6686046511627907
895,211.93224382400513,0.48032562759835856,0.0025109291076660157,0.000706338882446289,0.00020222663879394532,0.7601744186046512
900,213.07087087631226,0.2914935581633927,0.002315998077392578,0.000597381591796875,0.00018105506896972656,0.7950581395348837
905,214.21927285194397,0.20596511313051452,0.0016017436981201171,0.00035309791564941406,0.0001256704330444336,0.7936046511627907
910,215.37327885627747,0.5540226374047051,0.002802586555480957,0.0006369352340698242,0.00020780563354492188,0.75
915,216.5269169807434,0.4274230456212592,0.002250528335571289,0.0004058361053466797,0.0001838207244873047,0.7209302325581395
920,217.66339707374573,0.49320750185870565,0.002478194236755371,0.0006105661392211914,0.00019769668579101564,0.6918604651162791
925,218.80464673042297,0.2802679663521985,0.002315998077392578,0.000597381591796875,0.00017156600952148438,0.6802325581395349
930,219.95995903015137,0.4784118887972227,0.0024454593658447266,0.0005147933959960937,0.000206756591796875,0.6642441860465116
935,221.09650206565857,0.5719169045369199,0.002640390396118164,0.0006237506866455078,0.00020678043365478515,0.6598837209302325
940,222.24211716651917,0.5085147628352388,0.0020555973052978514,0.00029687881469726564,0.00016720294952392577,0.6715116279069767
945,223.39321398735046,0.3100028477347223,0.0027385950088500977,0.0009110689163208008,0.00020127296447753907,0.7165697674418605
950,224.53877592086792,0.5662029423750937,0.0025109291076660157,0.000706338882446289,0.00019009113311767577,0.7834302325581395
955,225.7026391029358,0.27467572254249717,0.002315998077392578,0.000597381591796875,0.00017740726470947266,0.811046511627907
960,226.86743187904358,0.5671435214637313,0.002802586555480957,0.0006369352340698242,0.00022752285003662108,0.7732558139534884
965,228.01354598999023,0.7119089067062419,0.001860666275024414,0.00018792152404785157,0.000154876708984375,0.6976744186046512
970,229.20596385002136,0.5758250966668129,0.002640390396118164,0.0006237506866455078,0.00020914077758789064,0.6744186046511628
975,230.36433506011963,0.33964231158606706,0.0027058601379394533,0.0008152961730957031,0.00022966861724853515,0.6744186046511628
980,231.57696294784546,0.4308671134756878,0.0022832632064819338,0.0005016088485717774,0.00019640922546386718,0.6555232558139535
985,232.78598976135254,0.559568977728577,0.0027698516845703126,0.0005411624908447266,0.00024025440216064454,0.6424418604651163
990,233.9539189338684,0.7313209119132822,0.0022832632064819338,0.0005016088485717774,0.00017545223236083984,0.6468023255813954
995,235.15903091430664,0.48763864186475986,0.002412724494934082,0.0004190206527709961,0.00020592212677001954,0.6540697674418605
1000,236.38027000427246,0.514999203631578,0.0024454593658447266,0.0005147933959960937,0.00022554397583007812,0.6598837209302325
1005,237.60079193115234,0.7489322588234245,0.0022832632064819338,0.0005016088485717774,0.00019276142120361328,0.6671511627906976
1010,238.84638595581055,0.6281160620041192,0.0024454593658447266,0.0005147933959960937,0.0002260446548461914,0.6569767441860465
1015,240.12252378463745,0.4690710724331467,0.0021538019180297853,0.0005841970443725586,0.00019328594207763673,0.690406976744186
1020,241.38767290115356,0.2810882790654432,0.0025109291076660157,0.000706338882446289,0.00021715164184570311,0.8531976744186046
1025,242.55754208564758,0.22163633937816485,0.0019588708877563477,0.0004752397537231445,0.0001690387725830078,0.8430232558139535
1030,243.73414993286133,0.41128188900038365,0.0025109291076660157,0.000706338882446289,0.00020816326141357422,0.8343023255813954
1035,244.90350699424744,0.37788671854114,0.0022832632064819338,0.0005016088485717774,0.00020003318786621094,0.6540697674418605
1040,246.09214687347412,0.8090485341846942,0.0023799896240234374,0.0003232479095458984,0.00019845962524414062,0.6380813953488372
1045,247.3158860206604,0.5273729979992481,0.002250528335571289,0.0004058361053466797,0.0001969575881958008,0.7354651162790697
1050,248.48514199256897,0.45743904696282983,0.0022832632064819338,0.0005016088485717774,0.00020015239715576172,0.9142441860465116
1055,249.65762996673584,0.3138671964232344,0.0021538019180297853,0.0005841970443725586,0.00016980171203613282,0.9302325581395349
1060,250.80477213859558,0.6979488715529442,0.002478194236755371,0.0006105661392211914,0.0001828908920288086,0.8808139534883721
1065,251.9510099887848,0.7214911783157731,0.0026076555252075194,0.0005279779434204102,0.0002101898193359375,0.748546511627907
1070,253.09033489227295,0.688374892681486,0.002250528335571289,0.0004058361053466797,0.0001837015151977539,0.811046511627907
1075,254.2491328716278,0.4215749409981072,0.002315998077392578,0.000597381591796875,0.00017800331115722657,0.7776162790697675
1080,255.40762495994568,0.7218384325504303,0.002640390396118164,0.0006237506866455078,0.00021669864654541015,0.7223837209302325
1085,256.556410074234,0.6190394509587349,0.0026731252670288085,0.0007195234298706055,0.00021593570709228517,0.8837209302325582
1090,257.7080249786377,0.6869550894480199,0.002802586555480957,0.0006369352340698242,0.00021429061889648436,0.9171511627906976
1095,258.85310411453247,0.367591325195508,0.0019588708877563477,0.0004752397537231445,0.00016307830810546875,0.8081395348837209
1100,260.0071527957916,0.5195997476577758,0.002250528335571289,0.0004058361053466797,0.00018277168273925782,0.6453488372093024
1105,261.158949136734,0.5506622607121244,0.0027698516845703126,0.0005411624908447266,0.00021893978118896483,0.6366279069767442
1110,262.3057029247284,0.3460902831080602,0.002088332176208496,0.0003926515579223633,0.00016412734985351562,0.6380813953488372
1115,263.463427066803,0.5116566730444916,0.0028353214263916017,0.0007327079772949218,0.0002146482467651367,0.6380813953488372
1120,264.6160168647766,0.5637463096529245,0.002478194236755371,0.0006105661392211914,0.00020575523376464844,0.6468023255813954
1125,265.75892877578735,0.5206403281277744,0.002412724494934082,0.0004190206527709961,0.0001985788345336914,0.6511627906976745
1130,266.94871497154236,0.6513294762058649,0.0022832632064819338,0.0005016088485717774,0.0001864910125732422,0.6453488372093024
1135,268.08521604537964,0.7303514575120061,0.002640390396118164,0.0006237506866455078,0.00020635128021240234,0.6482558139534884
1140,269.2369589805603,0.3479262441471292,0.0026731252670288085,0.0007195234298706055,0.00020275115966796874,0.6642441860465116
1145,270.3930559158325,0.4375904831076127,0.0028353214263916017,0.0007327079772949218,0.00022292137145996094,0.6555232558139535
1150,271.54161310195923,0.42023675819146006,0.0020555973052978514,0.00029687881469726564,0.00015804767608642578,0.6569767441860465
1155,272.6914939880371,0.441058716773523,0.0024454593658447266,0.0005147933959960937,0.00019228458404541016,0.6438953488372093
1160,273.8528308868408,0.7446253206580877,0.0022177934646606446,0.00031006336212158203,0.0001880645751953125,0.6191860465116279
1165,275.0066258907318,0.5766730176788315,0.0022177934646606446,0.00031006336212158203,0.0001782655715942383,0.627906976744186
1170,276.14957213401794,0.3792795129735282,0.0021210670471191405,0.0004884243011474609,0.0001775979995727539,0.6540697674418605
1175,277.2930910587311,0.4053545599977951,0.0026731252670288085,0.0007195234298706055,0.0002126455307006836,0.7369186046511628
1180,278.4349398612976,0.9658862987542761,0.0022832632064819338,0.0005016088485717774,0.00018138885498046874,0.6976744186046512
1185,279.58414483070374,0.6282029447378648,0.0022832632064819338,0.0005016088485717774,0.00018124580383300782,0.6119186046511628
1190,280.787752866745,0.5283601192611969,0.0028353214263916017,0.0007327079772949218,0.00023977756500244142,0.5886627906976745
1195,282.00782203674316,0.6304129373995252,0.0026731252670288085,0.0007195234298706055,0.00022115707397460938,0.622093023255814
1200,283.18088603019714,0.4041503044645651,0.002868056297302246,0.0008284807205200196,0.00021901130676269532,0.6293604651162791
1205,284.39164996147156,0.631639700406231,0.0025421857833862306,0.0003364324569702148,0.00021829605102539063,0.6337209302325582
1210,285.5928108692169,0.5738588254462229,0.002640390396118164,0.0006237506866455078,0.00022072792053222655,0.6322674418604651
1215,286.80603885650635,0.5422631296794862,0.0019588708877563477,0.0004752397537231445,0.00016415119171142578,0.6395348837209303
1220,287.985319852829,0.5257232114674479,0.0022177934646606446,0.00031006336212158203,0.00017960071563720702,0.6424418604651163
1225,289.13273191452026,0.3674450980182883,0.002478194236755371,0.0006105661392211914,0.0001893281936645508,0.6453488372093024
1230,290.2800087928772,0.36591619774358153,0.0018934011459350586,0.00028369426727294924,0.00015423297882080078,0.6482558139534884
1235,291.43319296836853,0.4942549588973634,0.0024454593658447266,0.0005147933959960937,0.0001973867416381836,0.6409883720930233
1240,292.5824728012085,0.2802223525861365,0.0025109291076660157,0.000706338882446289,0.0001911640167236328,0.6409883720930233
1245,293.72795391082764,0.19307766755810007,0.002315998077392578,0.000597381591796875,0.00017707347869873048,0.6409883720930233
1250,294.8679869174957,0.34732390994686285,0.0015690088272094726,0.0002573251724243164,0.00013194084167480468,0.6424418604651163
1255,296.01307582855225,0.4557247238233856,0.0028353214263916017,0.0007327079772949218,0.0002153158187866211,0.6424418604651163
1260,297.1573359966278,0.46092249487435594,0.0022177934646606446,0.00031006336212158203,0.00019044876098632811,0.6453488372093024
1265,298.3087239265442,0.5557400090456213,0.0027058601379394533,0.0008152961730957031,0.00020794868469238282,0.6482558139534884
1270,299.45417189598083,0.21125497284319864,0.0019261360168457032,0.00037946701049804685,0.00015625953674316406,0.6497093023255814
1275,300.6027030944824,0.5774718463423142,0.0027698516845703126,0.0005411624908447266,0.00022253990173339843,0.6555232558139535
1280,301.7465760707855,0.37971823813786754,0.002478194236755371,0.0006105661392211914,0.00020346641540527343,0.6584302325581395
1285,302.8934850692749,0.2584735399578818,0.0022832632064819338,0.0005016088485717774,0.00018258094787597655,0.6569767441860465
1290,304.08623790740967,0.5534351372625679,0.00254366397857666,0.0008021116256713868,0.0001878976821899414,0.6555232558139535
1295,305.2383940219879,0.34106100874159895,0.0025109291076660157,0.000706338882446289,0.00019419193267822266,0.6569767441860465
1300,306.4228210449219,0.3855507372707677,0.0024454593658447266,0.0005147933959960937,0.00020339488983154297,0.6627906976744186
1305,307.60204315185547,0.75559111982584,0.002802586555480957,0.0006369352340698242,0.00022308826446533204,0.8895348837209303
1310,308.79201102256775,0.358312893379798,0.0019261360168457032,0.00037946701049804685,0.00015685558319091796,0.9578488372093024
1315,309.9427959918976,0.5796991836517918,0.002412724494934082,0.0004190206527709961,0.00019845962524414062,0.9505813953488372
1320,311.10891795158386,0.30072347205132244,0.0027058601379394533,0.0008152961730957031,0.00020933151245117188,0.9418604651162791
1325,312.26682591438293,0.6085239239037037,0.0024454593658447266,0.0005147933959960937,0.00018916130065917968,0.9476744186046512
1330,313.43213295936584,0.4640071675182469,0.0028353214263916017,0.0007327079772949218,0.0002335786819458008,0.9476744186046512
1335,314.5850510597229,0.6674480053261505,0.0022177934646606446,0.00031006336212158203,0.0001807689666748047,0.9520348837209303
1340,315.76717495918274,0.3484980777012666,0.0024454593658447266,0.0005147933959960937,0.00021276473999023437,0.9593023255813954
1345,316.95211601257324,0.6177575833629817,0.0022832632064819338,0.0005016088485717774,0.00019693374633789062,0.9549418604651163
1350,318.17126989364624,0.6783705080630625,0.002250528335571289,0.0004058361053466797,0.00018417835235595703,0.9127906976744186
1355,319.33779191970825,0.48192864560005544,0.002478194236755371,0.0006105661392211914,0.00019631385803222656,0.7747093023255814
1360,320.4768440723419,0.35523861533402085,0.0019588708877563477,0.0004752397537231445,0.0001650094985961914,0.8284883720930233
1365,321.66718006134033,0.3669082324951887,0.0026731252670288085,0.0007195234298706055,0.0002086639404296875,0.8909883720930233
1370,322.82361102104187,0.39115723557770254,0.001991605758666992,0.0005710124969482422,0.0001508474349975586,0.8909883720930233
1375,323.9713978767395,0.5972470056443854,0.002315998077392578,0.000597381591796875,0.00018472671508789061,0.9447674418604651
1380,325.13142800331116,0.4225757878432546,0.002640390396118164,0.0006237506866455078,0.00020475387573242186,0.9549418604651163
1385,326.2919719219208,1.060436087846756,0.002347254753112793,0.0002274751663208008,0.00019500255584716796,0.9520348837209303
1390,327.43919682502747,0.30670341082732194,0.0022832632064819338,0.0005016088485717774,0.00019898414611816407,0.9491279069767442
1395,328.5682680606842,0.48179758472833784,0.0019261360168457032,0.00037946701049804685,0.00016019344329833984,0.9098837209302325
1400,329.7144150733948,0.2815721328370273,0.002315998077392578,0.000597381591796875,0.00017185211181640624,0.8081395348837209
1405,330.8601200580597,0.5471659563482035,0.0026731252670288085,0.0007195234298706055,0.00020334720611572265,0.7906976744186046
1410,332.0177869796753,0.5319389668530675,0.002574920654296875,0.0004322052001953125,0.00020008087158203126,0.7805232558139535
1415,333.16758489608765,0.4986622811759844,0.0019261360168457032,0.00037946701049804685,0.00015265941619873046,0.877906976744186
1420,334.314640045166,0.4515076856198917,0.0026731252670288085,0.0007195234298706055,0.0002008676528930664,0.9418604651162791
1425,335.52204394340515,0.46590773274801905,0.0026731252670288085,0.0007195234298706055,0.00023303031921386718,0.9026162790697675
1430,336.75763607025146,0.4073255199002233,0.0024454593658447266,0.0005147933959960937,0.00020647048950195312,0.9011627906976745
1435,337.94707894325256,0.4113631334999809,0.0028353214263916017,0.0007327079772949218,0.00024242401123046874,0.938953488372093
1440,339.1269738674164,0.26927277157356,0.0021210670471191405,0.0004884243011474609,0.00018346309661865234,0.9316860465116279
1445,340.31422781944275,0.37141094772887867,0.002250528335571289,0.0004058361053466797,0.0001913309097290039,0.940406976744186
1450,341.5671648979187,0.5995288915290076,0.002574920654296875,0.0004322052001953125,0.0002239227294921875,0.9258720930232558
1455,342.8312249183655,0.32076861776467924,0.0022832632064819338,0.0005016088485717774,0.00022363662719726562,0.9186046511627907
1460,344.07975697517395,0.3282574081871218,0.002640390396118164,0.0006237506866455078,0.00022301673889160156,0.9084302325581395
1465,345.2323899269104,0.7122865216806531,0.0026731252670288085,0.0007195234298706055,0.0002042531967163086,0.8590116279069767
1470,346.39479398727417,0.4590338067747325,0.0024454593658447266,0.0005147933959960937,0.00019507408142089845,0.8866279069767442
1475,347.5344388484955,0.671066948892441,0.0020555973052978514,0.00029687881469726564,0.00017633438110351563,0.9447674418604651
1480,348.69151496887207,0.6138845845591291,0.0028353214263916017,0.0007327079772949218,0.00022530555725097656,0.938953488372093
1485,349.85111594200134,0.321864584670584,0.0026731252670288085,0.0007195234298706055,0.00020864009857177735,0.9418604651162791
1490,351.01360988616943,0.3638920679281014,0.002640390396118164,0.0006237506866455078,0.00020575523376464844,0.9433139534883721
1495,352.18028378486633,0.23711642714640674,0.0018934011459350586,0.00028369426727294924,0.00014891624450683594,0.936046511627907
1500,353.35209107398987,0.5489637274181632,0.0024454593658447266,0.0005147933959960937,0.00019414424896240233,0.936046511627907
1505,354.5099058151245,0.7645455359248444,0.0025421857833862306,0.0003364324569702148,0.0002153635025024414,0.936046511627907
1510,355.65210700035095,0.3603647402906972,0.0018934011459350586,0.00028369426727294924,0.00015032291412353516,0.9462209302325582
1515,356.8133819103241,0.42811785797230184,0.002478194236755371,0.0006105661392211914,0.00019659996032714844,0.9520348837209303
1520,357.95319175720215,0.7827516837045551,0.002640390396118164,0.0006237506866455078,0.0002080678939819336,0.9549418604651163
1525,359.138769865036,0.27390311589733757,0.0019588708877563477,0.0004752397537231445,0.00015306472778320312,0.9316860465116279
1530,360.28702783584595,0.4669260055078439,0.002640390396118164,0.0006237506866455078,0.00020461082458496095,0.9331395348837209
1535,361.438640832901,0.534502727553081,0.002640390396118164,0.0006237506866455078,0.00021190643310546874,0.934593023255814
1540,362.59252405166626,0.3300356092091533,0.0029007911682128905,0.0009242534637451172,0.00021865367889404297,0.9375
1545,363.7541208267212,0.34846775041369255,0.0028353214263916017,0.0007327079772949218,0.00021386146545410156,0.940406976744186
1550,364.9081048965454,0.7396100427540659,0.002347254753112793,0.0002274751663208008,0.00018661022186279298,0.9491279069767442
1555,366.05346298217773,0.48011665245649054,0.002478194236755371,0.0006105661392211914,0.00019025802612304688,0.9534883720930233
1560,367.20564794540405,0.4863819898417205,0.0021210670471191405,0.0004884243011474609,0.00017001628875732422,0.9520348837209303
1565,368.3580410480499,0.3868373635414173,0.002250528335571289,0.0004058361053466797,0.00017178058624267578,0.9476744186046512
1570,369.5466191768646,0.4626284318044796,0.0026076555252075194,0.0005279779434204102,0.00022592544555664063,0.940406976744186
1575,370.74555587768555,0.19799712307162737,0.0017312049865722656,0.0002705097198486328,0.00015506744384765624,0.940406976744186
1580,371.94032406806946,0.5734434049576521,0.002640390396118164,0.0006237506866455078,0.0002155303955078125,0.8968023255813954
1585,373.14454078674316,0.09857327700741507,0.00254366397857666,0.0008021116256713868,0.00020542144775390626,0.9215116279069767
1590,374.3261559009552,0.328150490636574,0.0019261360168457032,0.00037946701049804685,0.00015866756439208984,0.9375
1595,375.5004777908325,0.3939353797759395,0.0019588708877563477,0.0004752397537231445,0.0001722574234008789,0.9418604651162791
1600,376.6772758960724,0.3661860112188151,0.002640390396118164,0.0006237506866455078,0.00021491050720214843,0.9505813953488372
1605,377.8537950515747,0.5166567737236732,0.0023799896240234374,0.0003232479095458984,0.00020172595977783204,0.9563953488372093
1610,379.08016204833984,0.5015805698931217,0.0025109291076660157,0.000706338882446289,0.0002131223678588867,0.9607558139534884
1615,380.2395489215851,0.2832522558830533,0.002088332176208496,0.0003926515579223633,0.00016944408416748048,0.9563953488372093
1620,381.4044909477234,0.5149689820565981,0.002802586555480957,0.0006369352340698242,0.0002055644989013672,0.9549418604651163
1625,382.55135107040405,0.30233023425683425,0.0022832632064819338,0.0005016088485717774,0.00018129348754882812,0.9563953488372093
1630,383.7240719795227,0.4197267292001996,0.0025109291076660157,0.000706338882446289,0.00021770000457763672,0.9593023255813954
1635,384.91833686828613,0.6154145761396421,0.0025109291076660157,0.000706338882446289,0.00018987655639648437,0.9578488372093024
1640,386.07818388938904,0.1301810168726661,0.0023487329483032225,0.0006931543350219727,0.00020215511322021484,0.9549418604651163
1645,387.2363209724426,0.3304273992787799,0.002640390396118164,0.0006237506866455078,0.0001998424530029297,0.9534883720930233
1650,388.3883240222931,0.5714314089390087,0.002412724494934082,0.0004190206527709961,0.00020308494567871093,0.9563953488372093
1655,389.55078291893005,0.3108723743726841,0.0022832632064819338,0.0005016088485717774,0.0001917123794555664,0.9563953488372093
1660,390.7083399295807,0.3544270533242525,0.002250528335571289,0.0004058361053466797,0.00018720626831054689,0.9563953488372093
1665,391.89471888542175,0.2897983570978795,0.0027058601379394533,0.0008152961730957031,0.00021016597747802734,0.9549418604651163
1670,393.0952739715576,0.4242529369896374,0.002412724494934082,0.0004190206527709961,0.00019772052764892577,0.9534883720930233
1675,394.2749948501587,0.31367892517882867,0.0028353214263916017,0.0007327079772949218,0.00021352767944335938,0.9476744186046512
1680,395.4408829212189,0.5765889695874649,0.002412724494934082,0.0004190206527709961,0.00021402835845947267,0.9505813953488372
1685,396.7156698703766,0.320610098225508,0.0024454593658447266,0.0005147933959960937,0.00021688938140869142,0.9563953488372093
1690,397.8687129020691,0.5166214315221282,0.0022832632064819338,0.0005016088485717774,0.00018434524536132814,0.9578488372093024
1695,399.0050401687622,0.5068971483037459,0.0018934011459350586,0.00028369426727294924,0.00016078948974609374,0.9549418604651163
1700,400.1575300693512,0.28317551921645645,0.0026731252670288085,0.0007195234298706055,0.0002074003219604492,0.9563953488372093
1705,401.32151198387146,0.2187319865458491,0.0021538019180297853,0.0005841970443725586,0.00017333030700683594,0.9593023255813954
1710,402.4840738773346,0.39844884234895517,0.002478194236755371,0.0006105661392211914,0.00019693374633789062,0.9593023255813954
1715,403.6300127506256,0.4110373353472937,0.0021538019180297853,0.0005841970443725586,0.00016007423400878906,0.9622093023255814
1720,404.7729027271271,0.3997884433110812,0.0021538019180297853,0.0005841970443725586,0.00017855167388916015,0.9593023255813954
1725,405.9159400463104,0.5262670346011873,0.0026076555252075194,0.0005279779434204102,0.00020475387573242186,0.9549418604651163
1730,407.06211495399475,0.8472681894898415,0.002347254753112793,0.0002274751663208008,0.0001996755599975586,0.9607558139534884
1735,408.2080581188202,0.2333281414625617,0.002315998077392578,0.000597381591796875,0.0001855134963989258,0.9520348837209303
1740,409.34889483451843,0.4197228170931339,0.0019261360168457032,0.00037946701049804685,0.0001501798629760742,0.9505813953488372
1745,410.4954240322113,0.46155427523044923,0.002478194236755371,0.0006105661392211914,0.00021004676818847656,0.9534883720930233
1750,411.63263511657715,0.4971324193174951,0.002478194236755371,0.0006105661392211914,0.0002032756805419922,0.9215116279069767
1755,412.7718930244446,0.5354130573423618,0.002412724494934082,0.0004190206527709961,0.00019378662109375,0.877906976744186
1760,413.9200277328491,0.767151847744023,0.002315998077392578,0.000597381591796875,0.0001861095428466797,0.9026162790697675
1765,415.0729410648346,0.5287813831120729,0.0026731252670288085,0.0007195234298706055,0.0002045154571533203,0.9578488372093024
1770,416.26578092575073,0.333008913788035,0.002640390396118164,0.0006237506866455078,0.00020530223846435547,0.9549418604651163
1775,417.41671085357666,0.4092375391170663,0.0024454593658447266,0.0005147933959960937,0.00018913745880126952,0.9534883720930233
1780,418.56776094436646,0.31809172853827616,0.0028353214263916017,0.0007327079772949218,0.00022346973419189452,0.9534883720930233
1785,419.7095720767975,0.25510589630030156,0.0019261360168457032,0.00037946701049804685,0.0001666545867919922,0.9622093023255814
1790,420.8690617084503,0.4068674074485898,0.002250528335571289,0.0004058361053466797,0.0001863241195678711,0.9636627906976745
1795,422.0166609287262,0.5039200612198357,0.0027698516845703126,0.0005411624908447266,0.00022692680358886718,0.9651162790697675
1800,423.15216994285583,0.286637934204191,0.0021210670471191405,0.0004884243011474609,0.00017023086547851562,0.9607558139534884
1805,424.28664994239807,0.48946580991073463,0.0027698516845703126,0.0005411624908447266,0.00021910667419433594,0.9651162790697675
1810,425.4260559082031,0.5006229312566575,0.00254366397857666,0.0008021116256713868,0.0001827239990234375,0.9665697674418605
1815,426.5687847137451,0.3629384043486425,0.0024454593658447266,0.0005147933959960937,0.0002040863037109375,0.9680232558139535
1820,427.7250061035156,0.4225869089668791,0.0022177934646606446,0.00031006336212158203,0.00017974376678466796,0.9636627906976745
1825,428.8577389717102,0.4988113610095752,0.0026731252670288085,0.0007195234298706055,0.00020473003387451173,0.9563953488372093
1830,429.99926710128784,0.4479768816381693,0.002868056297302246,0.0008284807205200196,0.0002081155776977539,0.9476744186046512
1835,431.1422939300537,0.4505394909720053,0.002574920654296875,0.0004322052001953125,0.00020127296447753907,0.9534883720930233
1840,432.30436396598816,0.20779708623886392,0.0017312049865722656,0.0002705097198486328,0.00016222000122070312,0.9287790697674418
1845,433.5597040653229,0.5664013803005219,0.0024454593658447266,0.0005147933959960937,0.00021307468414306642,0.9229651162790697
1850,434.71145486831665,0.7757415026426997,0.0025421857833862306,0.0003364324569702148,0.00021178722381591796,0.9578488372093024
1855,435.86491990089417,0.2146375384454302,0.0018934011459350586,0.00028369426727294924,0.000165557861328125,0.9534883720930233
1860,437.05516481399536,0.19729447967108626,0.0027058601379394533,0.0008152961730957031,0.00021839141845703125,0.9316860465116279
1865,438.235093832016,0.4201225325467476,0.0024454593658447266,0.0005147933959960937,0.00019710063934326173,0.9186046511627907
1870,439.4157679080963,0.30599240001756983,0.0019261360168457032,0.00037946701049804685,0.00015835762023925782,0.8866279069767442
1875,440.6020128726959,0.2536341512866784,0.0028353214263916017,0.0007327079772949218,0.0002362966537475586,0.9680232558139535
1880,441.83067893981934,0.38018451992957125,0.002640390396118164,0.0006237506866455078,0.00024249553680419922,0.9636627906976745
1885,443.062304019928,0.14814583444968007,0.0029335260391235352,0.0010200262069702149,0.0002449989318847656,0.9622093023255814
1890,444.3039107322693,0.5290212275504131,0.0026076555252075194,0.0005279779434204102,0.0002165555953979492,0.9607558139534884
1895,445.4434359073639,0.5094732921983223,0.0025421857833862306,0.0003364324569702148,0.00020918846130371093,0.9578488372093024
1900,446.5846288204193,0.5224793929723092,0.002315998077392578,0.000597381591796875,0.00019338130950927735,0.9636627906976745
1905,447.73124384880066,0.3011502265930176,0.0022832632064819338,0.0005016088485717774,0.00018486976623535156,0.9709302325581395
1910,448.87641191482544,0.18026911132040482,0.002088332176208496,0.0003926515579223633,0.0001608133316040039,0.9723837209302325
1915,450.0251188278198,0.3519534482835297,0.002412724494934082,0.0004190206527709961,0.00019469261169433594,0.9709302325581395
1920,451.17330408096313,0.2995956852109913,0.0018934011459350586,0.00028369426727294924,0.00016188621520996094,0.9651162790697675
1925,452.3154709339142,0.3967787638306618,0.0026731252670288085,0.0007195234298706055,0.0002045154571533203,0.9709302325581395
1930,453.5064067840576,0.17420144015923142,0.0025109291076660157,0.000706338882446289,0.0001934528350830078,0.940406976744186
1935,454.63741397857666,0.12832012679614593,0.0017639398574829102,0.00036628246307373046,0.00014441013336181642,0.9418604651162791
1940,455.78151392936707,0.38125403896033416,0.002315998077392578,0.000597381591796875,0.00017611980438232423,0.9651162790697675
1945,456.9242868423462,0.27801416774163956,0.0024454593658447266,0.0005147933959960937,0.0001928091049194336,0.9651162790697675
1950,458.05576276779175,0.503578519955056,0.002574920654296875,0.0004322052001953125,0.00021736621856689454,0.9651162790697675
1955,459.19013500213623,0.11057599250634667,0.0023487329483032225,0.0006931543350219727,0.0001710653305053711,0.9651162790697675
1960,460.328164100647,0.3250545034879906,0.002088332176208496,0.0003926515579223633,0.00016748905181884766,0.9651162790697675
1965,461.4772729873657,0.6429713428131436,0.0027698516845703126,0.0005411624908447266,0.00021867752075195314,0.9636627906976745
1970,462.6041069030762,0.31064200568944217,0.0022832632064819338,0.0005016088485717774,0.00018489360809326172,0.9636627906976745
1975,463.74885296821594,0.2664904296743771,0.0027058601379394533,0.0008152961730957031,0.00019745826721191407,0.9651162790697675
1980,464.8893859386444,0.5254978420911357,0.0023487329483032225,0.0006931543350219727,0.0001825094223022461,0.9665697674418605
1985,466.0586190223694,0.12388177176751469,0.0023487329483032225,0.0006931543350219727,0.00019297599792480468,0.9665697674418605
1990,467.2547287940979,0.3228675257698342,0.0026076555252075194,0.0005279779434204102,0.0002290964126586914,0.9665697674418605
1995,468.41882705688477,0.509296224110767,0.002250528335571289,0.0004058361053466797,0.0001828908920288086,0.9665697674418605
2000,469.6069679260254,0.2794895839528181,0.0024454593658447266,0.0005147933959960937,0.00021114349365234376,0.9680232558139535
2005,470.8518991470337,0.22379240202731127,0.002478194236755371,0.0006105661392211914,0.000218963623046875,0.9680232558139535
2010,472.0876247882843,0.5391143692425544,0.002640390396118164,0.0006237506866455078,0.00022342205047607422,0.9680232558139535
2015,473.25905776023865,0.39314206276358166,0.0024454593658447266,0.0005147933959960937,0.00019807815551757811,0.9680232558139535
2020,474.46469283103943,0.2617390231848276,0.0028353214263916017,0.0007327079772949218,0.00023348331451416015,0.9694767441860465
2025,475.6521761417389,0.43313118070364,0.002412724494934082,0.0004190206527709961,0.00020020008087158204,0.9752906976744186
2030,476.8031599521637,0.32097421661110276,0.002088332176208496,0.0003926515579223633,0.0001740694046020508,0.9781976744186046
2035,477.95362997055054,0.9260586486041575,0.0024454593658447266,0.0005147933959960937,0.0001878976821899414,0.9680232558139535
2040,479.10202193260193,0.46121321286498185,0.002088332176208496,0.0003926515579223633,0.00016415119171142578,0.9665697674418605
2045,480.25981998443604,0.3028719739188091,0.0026731252670288085,0.0007195234298706055,0.00023999214172363282,0.9665697674418605
2050,481.40926790237427,0.055175600397933525,0.0019588708877563477,0.0004752397537231445,0.00016393661499023438,0.9636627906976745
2055,482.5689809322357,0.3081733604441979,0.002315998077392578,0.000597381591796875,0.0001864194869995117,0.9680232558139535
2060,483.7618479728699,0.1251496487685131,0.0021538019180297853,0.0005841970443725586,0.0001706361770629883,0.9709302325581395
2065,484.9607779979706,0.3174905878143477,0.002315998077392578,0.000597381591796875,0.00020723342895507814,0.9651162790697675
2070,486.1578788757324,0.448453276080545,0.0026076555252075194,0.0005279779434204102,0.000229644775390625,0.9709302325581395
2075,487.33763885498047,0.5369964257542165,0.002574920654296875,0.0004322052001953125,0.00021915435791015626,0.9680232558139535
2080,488.4923267364502,0.38449433982314074,0.0019261360168457032,0.00037946701049804685,0.0001648426055908203,0.9651162790697675
2085,489.6579508781433,1.5528757035986942,0.002088332176208496,0.0003926515579223633,0.00016317367553710937,0.9651162790697675
2090,490.8846609592438,0.24644028404727578,0.0026731252670288085,0.0007195234298706055,0.00023021697998046876,0.9534883720930233
2095,492.104238986969,0.3508519828188582,0.002478194236755371,0.0006105661392211914,0.0002027750015258789,0.9476744186046512
2100,493.30218386650085,0.4931759447790697,0.002250528335571289,0.0004058361053466797,0.00019850730895996094,0.940406976744186
2105,494.5395760536194,0.3567810361367322,0.002478194236755371,0.0006105661392211914,0.0001933574676513672,0.936046511627907
2110,495.6847610473633,0.30096738304819154,0.002478194236755371,0.0006105661392211914,0.0001947641372680664,0.9229651162790697
2115,496.83311891555786,0.244332487356769,0.002640390396118164,0.0006237506866455078,0.0002068758010864258,0.8531976744186046
2120,497.9642369747162,0.346660734726359,0.002640390396118164,0.0006237506866455078,0.00020947456359863282,0.7994186046511628
2125,499.1045889854431,0.31469323352284845,0.002478194236755371,0.0006105661392211914,0.00020170211791992188,0.873546511627907
2130,500.2443308830261,0.28459184151306544,0.0022832632064819338,0.0005016088485717774,0.00018658638000488282,0.9287790697674418
2135,501.39613580703735,0.3296299457602814,0.0022177934646606446,0.00031006336212158203,0.00018494129180908204,0.934593023255814
2140,502.5310080051422,0.3435426177951911,0.0024454593658447266,0.0005147933959960937,0.0001978635787963867,0.934593023255814
2145,503.67984890937805,0.15291915354086996,0.002478194236755371,0.0006105661392211914,0.00018436908721923827,0.934593023255814
2150,504.8212859630585,0.7155414578726778,0.0026076555252075194,0.0005279779434204102,0.0002014636993408203,0.940406976744186
2155,505.9732918739319,0.5302624471485615,0.0026731252670288085,0.0007195234298706055,0.00020596981048583984,0.9447674418604651
2160,507.1053729057312,0.27235493852313086,0.0022832632064819338,0.0005016088485717774,0.00018146038055419922,0.9447674418604651
2165,508.29618406295776,0.4558680999539092,0.0023799896240234374,0.0003232479095458984,0.00019800662994384766,0.9418604651162791
2170,509.43018794059753,0.28705205950900564,0.0027385950088500977,0.0009110689163208008,0.00019338130950927735,0.9447674418604651
2175,510.5724699497223,0.42386309354333207,0.0026731252670288085,0.0007195234298706055,0.00021183490753173828,0.9505813953488372
2180,511.72343707084656,0.4101001596776769,0.002737116813659668,0.0004453897476196289,0.00021789073944091796,0.9563953488372093
2185,512.8561120033264,0.17680224674013517,0.001698470115661621,0.00017473697662353515,0.00014607906341552735,0.9505813953488372
2190,513.9957418441772,0.3693623253849182,0.0022832632064819338,0.0005016088485717774,0.00018868446350097656,0.9491279069767442
2195,515.1373710632324,0.6135437659922445,0.002574920654296875,0.0004322052001953125,0.00020952224731445311,0.9491279069767442
2200,516.27143907547,0.2480494435232714,0.002088332176208496,0.0003926515579223633,0.00017325878143310548,0.9491279069767442
2205,517.408448934555,0.17044757443281924,0.0026731252670288085,0.0007195234298706055,0.0002071857452392578,0.9534883720930233
2210,518.5508799552917,0.39421052450889105,0.0022832632064819338,0.0005016088485717774,0.00018837451934814454,0.9520348837209303
2215,519.6836309432983,0.39789555985963715,0.0019261360168457032,0.00037946701049804685,0.00015234947204589844,0.9534883720930233
2220,520.8313210010529,0.20824227035045623,0.003030252456665039,0.0008416652679443359,0.0002239227294921875,0.9593023255813954
2225,521.9794437885284,0.5094284363502766,0.0026076555252075194,0.0005279779434204102,0.0002144336700439453,0.9578488372093024
2230,523.1263778209686,0.03931190885068645,0.002771329879760742,0.0010068416595458984,0.0002153635025024414,0.9520348837209303
2235,524.2712728977203,0.5887808755040169,0.002737116813659668,0.0004453897476196289,0.00021827220916748047,0.9578488372093024
2240,525.4235129356384,0.5148906249557399,0.002412724494934082,0.0004190206527709961,0.00020194053649902344,0.9578488372093024
2245,526.5562150478363,0.29667290380022565,0.0021210670471191405,0.0004884243011474609,0.00016312599182128907,0.9563953488372093
2250,527.756865978241,1.1348746456846128,0.0024454593658447266,0.0005147933959960937,0.00019969940185546876,0.9549418604651163
2255,528.8948018550873,0.37590324534104413,0.0022832632064819338,0.0005016088485717774,0.0001836061477661133,0.9607558139534884
2260,530.0903317928314,0.35772336688896755,0.0020555973052978514,0.00029687881469726564,0.00017676353454589843,0.9622093023255814
2265,531.2675969600677,0.2764090791199408,0.002250528335571289,0.0004058361053466797,0.00017888545989990233,0.9636627906976745
2270,532.421550989151,0.24871182888705334,0.002478194236755371,0.0006105661392211914,0.00022382736206054686,0.9636627906976745
2275,533.5798599720001,0.17523131015059618,0.00254366397857666,0.0008021116256713868,0.00018475055694580078,0.9636627906976745
2280,534.7525980472565,0.1924437298555887,0.0017639398574829102,0.00036628246307373046,0.00014955997467041015,0.9607558139534884
2285,535.9734079837799,0.401910969616074,0.0024454593658447266,0.0005147933959960937,0.00020513534545898437,0.9622093023255814
2290,537.1827120780945,0.30513072615440395,0.0024454593658447266,0.0005147933959960937,0.0002012968063354492,0.9636627906976745
2295,538.3752088546753,0.3376723459922232,0.0024454593658447266,0.0005147933959960937,0.00019657611846923828,0.9593023255813954
2300,539.5533020496368,0.3891338446942143,0.0025109291076660157,0.000706338882446289,0.00019488334655761718,0.9636627906976745
2305,540.7255380153656,0.15039336988847934,0.002088332176208496,0.0003926515579223633,0.00018002986907958985,0.9622093023255814
2310,541.9061360359192,0.2700838097014639,0.002802586555480957,0.0006369352340698242,0.0002312183380126953,0.9607558139534884
2315,543.0771279335022,0.4916240262798965,0.0020555973052978514,0.00029687881469726564,0.0001801729202270508,0.9622093023255814
2320,544.313150882721,0.08672712027255329,0.00254366397857666,0.0008021116256713868,0.0002034902572631836,0.9665697674418605
2325,545.5836288928986,0.34033339664747475,0.0025109291076660157,0.000706338882446289,0.00022120475769042968,0.9665697674418605
2330,546.7863528728485,0.36038242136260124,0.0023814678192138673,0.0007889270782470703,0.00020737648010253905,0.9665697674418605
2335,547.9879739284515,0.48320148404236535,0.0027698516845703126,0.0005411624908447266,0.00025665760040283203,0.9680232558139535
2340,549.1665909290314,0.40539928413927556,0.0020555973052978514,0.00029687881469726564,0.00017368793487548828,0.9680232558139535
2345,550.3523738384247,0.3169439735007472,0.0026076555252075194,0.0005279779434204102,0.00022268295288085938,0.9723837209302325
2350,551.5322170257568,0.17020009467681801,0.0025109291076660157,0.000706338882446289,0.00020916461944580077,0.9723837209302325
2355,552.7322580814362,0.3619721829911214,0.002478194236755371,0.0006105661392211914,0.0002061605453491211,0.9723837209302325
2360,553.907233953476,0.5003600540570915,0.002574920654296875,0.0004322052001953125,0.00021066665649414063,0.9723837209302325
2365,555.0700778961182,0.2433357068090231,0.0026731252670288085,0.0007195234298706055,0.0002162456512451172,0.9694767441860465
2370,556.2702329158783,0.374277098395396,0.002412724494934082,0.0004190206527709961,0.0002544164657592773,0.9709302325581395
2375,557.5177850723267,0.2526470642536907,0.002250528335571289,0.0004058361053466797,0.00021631717681884765,0.9709302325581395
2380,558.8197979927063,0.37372133537032826,0.002315998077392578,0.000597381591796875,0.00020737648010253905,0.9694767441860465
2385,560.003723859787,0.636174182593831,0.002250528335571289,0.0004058361053466797,0.00019283294677734374,0.9622093023255814
2390,561.1784520149231,0.1987257200111344,0.0025109291076660157,0.000706338882446289,0.00020678043365478515,0.9534883720930233
2395,562.3405549526215,0.0832043200318708,0.0021538019180297853,0.0005841970443725586,0.0001562356948852539,0.9505813953488372
2400,563.5009820461273,0.3141455019128216,0.0021210670471191405,0.0004884243011474609,0.00016818046569824218,0.9491279069767442
2405,564.653030872345,0.45978825166821624,0.0023487329483032225,0.0006931543350219727,0.00018782615661621093,0.9491279069767442
2410,565.8428039550781,0.17976637785878893,0.0022832632064819338,0.0005016088485717774,0.00017311573028564454,0.9447674418604651
2415,567.0197319984436,0.9406840185634792,0.002412724494934082,0.0004190206527709961,0.00021109580993652343,0.9433139534883721
2420,568.2016549110413,0.32803697595372794,0.002412724494934082,0.0004190206527709961,0.0001972675323486328,0.9520348837209303
2425,569.3947279453278,0.4745405226480216,0.0022832632064819338,0.0005016088485717774,0.00019838809967041016,0.9549418604651163
2430,570.571084022522,0.24171287044882775,0.0021210670471191405,0.0004884243011474609,0.00017061233520507813,0.9418604651162791
2435,571.7567999362946,0.3606976753580966,0.002478194236755371,0.0006105661392211914,0.00021524429321289061,0.9505813953488372
2440,572.9172530174255,0.41446347471355693,0.002478194236755371,0.0006105661392211914,0.0002012968063354492,0.9665697674418605
2445,574.0738079547882,0.3983891095238505,0.002250528335571289,0.0004058361053466797,0.00018012523651123047,0.9680232558139535
2450,575.2604968547821,0.40654498395306293,0.002640390396118164,0.0006237506866455078,0.0002262592315673828,0.9651162790697675
2455,576.4381859302521,0.43065712217940016,0.002478194236755371,0.0006105661392211914,0.0001977682113647461,0.9563953488372093
2460,577.5973179340363,0.26305714793179646,0.0026731252670288085,0.0007195234298706055,0.00021185874938964844,0.9447674418604651
2465,578.7903227806091,0.29791753177996727,0.0026076555252075194,0.0005279779434204102,0.00023300647735595702,0.9447674418604651
2470,580.0420579910278,0.11813964552457037,0.002315998077392578,0.000597381591796875,0.00020704269409179687,0.9433139534883721
2475,581.2354109287262,0.4079058727266798,0.002088332176208496,0.0003926515579223633,0.00016989707946777344,0.9447674418604651
2480,582.3819577693939,0.40255087236891995,0.0025421857833862306,0.0003364324569702148,0.00021402835845947267,0.9462209302325582
2485,583.5747618675232,0.15924992844529698,0.002315998077392578,0.000597381591796875,0.00018837451934814454,0.9476744186046512
2490,584.7116720676422,0.22058822000400938,0.002640390396118164,0.0006237506866455078,0.00021429061889648436,0.9462209302325582
2495,585.8573498725891,0.9239222152158618,0.0024454593658447266,0.0005147933959960937,0.00019509792327880858,0.9651162790697675
2500,587.0067219734192,0.22652223058976234,0.002802586555480957,0.0006369352340698242,0.00022194385528564453,0.9723837209302325
2505,588.1551349163055,0.5708908192013041,0.0021210670471191405,0.0004884243011474609,0.00016527175903320314,0.9694767441860465
2510,589.318473815918,0.42295390396393484,0.002412724494934082,0.0004190206527709961,0.00020594596862792968,0.9738372093023255
2515,590.4699838161469,0.19710382228587378,0.0029007911682128905,0.0009242534637451172,0.00022432804107666015,0.9680232558139535
2520,591.6176099777222,0.3085573082677229,0.002640390396118164,0.0006237506866455078,0.0002084970474243164,0.9680232558139535
2525,592.7567527294159,0.28480645194659926,0.002412724494934082,0.0004190206527709961,0.00019295215606689452,0.9694767441860465
2530,593.9458060264587,0.1700559406541288,0.002088332176208496,0.0003926515579223633,0.0001764059066772461,0.9694767441860465
2535,595.1543669700623,0.6288017315790058,0.0022177934646606446,0.00031006336212158203,0.0001852273941040039,0.9709302325581395
2540,596.3150959014893,0.3671762925572722,0.002412724494934082,0.0004190206527709961,0.0001898527145385742,0.9738372093023255
2545,597.479257106781,0.1704502067598696,0.0021210670471191405,0.0004884243011474609,0.0001775979995727539,0.9709302325581395
2550,598.6928079128265,0.3641306115896441,0.002640390396118164,0.0006237506866455078,0.0002170085906982422,0.9723837209302325
2555,599.8441939353943,0.2738289065699064,0.002315998077392578,0.000597381591796875,0.0001825094223022461,0.9709302325581395
2560,600.9860949516296,0.32251046322853655,0.002088332176208496,0.0003926515579223633,0.00016536712646484376,0.9723837209302325
2565,602.1899049282074,0.2316221670167593,0.002868056297302246,0.0008284807205200196,0.00023264884948730468,0.9694767441860465
2570,603.4468989372253,0.274808806553483,0.0026076555252075194,0.0005279779434204102,0.00022504329681396484,0.9723837209302325
2575,604.6035559177399,0.1489139549608808,0.0029007911682128905,0.0009242534637451172,0.00023736953735351563,0.9752906976744186
2580,605.775557756424,0.33947426390222973,0.002574920654296875,0.0004322052001953125,0.00020651817321777345,0.9709302325581395
2585,606.9344999790192,0.26841195856104605,0.0026076555252075194,0.0005279779434204102,0.00021183490753173828,0.9622093023255814
2590,608.1051249504089,0.25895175188911707,0.0019261360168457032,0.00037946701049804685,0.0001723766326904297,0.9651162790697675
2595,609.2806529998779,0.2388175647123731,0.0022832632064819338,0.0005016088485717774,0.00017337799072265626,0.9694767441860465
2600,610.4482407569885,0.257923834740177,0.0024454593658447266,0.0005147933959960937,0.0002093076705932617,0.9709302325581395
2605,611.6011440753937,0.16886122462165076,0.002088332176208496,0.0003926515579223633,0.00018732547760009767,0.9709302325581395
2610,612.7583410739899,0.18711336683481933,0.002412724494934082,0.0004190206527709961,0.00019402503967285155,0.9709302325581395
2615,613.9100370407104,0.1410419596824795,0.0025109291076660157,0.000706338882446289,0.00019581317901611327,0.9709302325581395
2620,615.0659530162811,0.14957587749959203,0.002315998077392578,0.000597381591796875,0.00017714500427246094,0.9723837209302325
2625,616.2184000015259,0.22598284364467247,0.0016017436981201171,0.00035309791564941406,0.0001292705535888672,0.9709302325581395
2630,617.3822908401489,0.26530553847996996,0.002802586555480957,0.0006369352340698242,0.00022132396697998046,0.9709302325581395
2635,618.5373439788818,0.21230058495603005,0.002250528335571289,0.0004058361053466797,0.00017864704132080077,0.9723837209302325
2640,619.7221839427948,0.4410725218402149,0.002478194236755371,0.0006105661392211914,0.00021309852600097655,0.9781976744186046
2645,620.9765150547028,0.08323329614831891,0.002315998077392578,0.000597381591796875,0.00020754337310791016,0.9767441860465116
2650,622.2058579921722,0.2872934797385824,0.0024454593658447266,0.0005147933959960937,0.00022051334381103515,0.9752906976744186
2655,623.3772399425507,0.19374033819187417,0.002640390396118164,0.0006237506866455078,0.0002305746078491211,0.9738372093023255
2660,624.5669298171997,0.4286917269229889,0.0020555973052978514,0.00029687881469726564,0.00018095970153808594,0.9781976744186046
2665,625.7278788089752,0.3891741562867537,0.0027385950088500977,0.0009110689163208008,0.00019910335540771485,0.9781976744186046
2670,626.8937809467316,0.7736786322318949,0.0025109291076660157,0.000706338882446289,0.00021176338195800782,0.9811046511627907
2675,628.0576360225677,0.12557410941371927,0.002315998077392578,0.000597381591796875,0.00018262863159179688,0.9796511627906976
2680,629.2350869178772,0.4076715052128407,0.002802586555480957,0.0006369352340698242,0.00022881031036376954,0.9767441860465116
2685,630.4169518947601,0.3782343096099794,0.001860666275024414,0.00018792152404785157,0.00017137527465820311,0.9781976744186046
2690,631.5775878429413,0.32718724962337264,0.002640390396118164,0.0006237506866455078,0.0002096414566040039,0.9752906976744186
2695,632.7172117233276,0.10604620930353122,0.0027058601379394533,0.0008152961730957031,0.00020644664764404296,0.9767441860465116
2700,633.8773679733276,0.40370199718854566,0.0022832632064819338,0.0005016088485717774,0.00017976760864257812,0.9781976744186046
2705,635.0344319343567,0.26425808519834393,0.0027698516845703126,0.0005411624908447266,0.00022091865539550782,0.9767441860465116
2710,636.186726808548,0.23292045230250552,0.0022832632064819338,0.0005016088485717774,0.00018379688262939453,0.9781976744186046
2715,637.3419229984283,0.3650638937950134,0.002412724494934082,0.0004190206527709961,0.00019795894622802733,0.9767441860465116
2720,638.5074028968811,0.2635633326601294,0.0024454593658447266,0.0005147933959960937,0.0001905202865600586,0.9796511627906976
2725,639.6587839126587,1.0870101198554039,0.0022832632064819338,0.0005016088485717774,0.00017201900482177734,0.9767441860465116
2730,640.8571560382843,0.2619421329785837,0.0024454593658447266,0.0005147933959960937,0.00019609928131103516,0.9738372093023255
2735,642.0125088691711,0.3632791817190764,0.0021538019180297853,0.0005841970443725586,0.00016410350799560546,0.9723837209302325
2740,643.1707708835602,0.11317179266479797,0.0025109291076660157,0.000706338882446289,0.0001918792724609375,0.9709302325581395
2745,644.3497440814972,0.13900902749592206,0.0019588708877563477,0.0004752397537231445,0.00016455650329589845,0.9680232558139535
2750,645.5604438781738,0.5620619043749684,0.0025109291076660157,0.000706338882446289,0.00021703243255615233,0.9738372093023255
2755,646.7163870334625,0.22776267019253282,0.0022832632064819338,0.0005016088485717774,0.00018181800842285157,0.9811046511627907
2760,647.8683159351349,0.453634649515152,0.0023799896240234374,0.0003232479095458984,0.00019483566284179689,0.9811046511627907
2765,649.0118057727814,0.26193758286390223,0.002250528335571289,0.0004058361053466797,0.00018706321716308594,0.9781976744186046
2770,650.1746838092804,0.1819879781898635,0.0022832632064819338,0.0005016088485717774,0.00018711090087890624,0.9723837209302325
2775,651.3825809955597,0.20587244555354262,0.0021538019180297853,0.0005841970443725586,0.0001695871353149414,0.9825581395348837
2780,652.5596888065338,0.41695268638960103,0.002478194236755371,0.0006105661392211914,0.00019268989562988282,0.9869186046511628
2785,653.7457740306854,0.39718436896800996,0.0026076555252075194,0.0005279779434204102,0.0002246856689453125,0.9854651162790697
2790,654.9528679847717,0.4172956315800548,0.002250528335571289,0.0004058361053466797,0.00019884109497070312,0.9869186046511628
2795,656.1338670253754,0.15947996111645182,0.002315998077392578,0.000597381591796875,0.00020039081573486328,0.9796511627906976
2800,657.3152918815613,0.23860704206163064,0.002640390396118164,0.0006237506866455078,0.00020513534545898437,0.9694767441860465
2805,658.5091559886932,0.24313689526975396,0.0026731252670288085,0.0007195234298706055,0.0002315044403076172,0.9578488372093024
2810,659.6677069664001,0.2880955491651548,0.002802586555480957,0.0006369352340698242,0.00021922588348388672,0.9563953488372093
2815,660.8429880142212,0.09078063489869378,0.0019588708877563477,0.0004752397537231445,0.00016226768493652344,0.9549418604651163
2820,662.0237739086151,0.24803740642965408,0.002250528335571289,0.0004058361053466797,0.00019369125366210937,0.9563953488372093
2825,663.2079710960388,0.39008524557684865,0.0027698516845703126,0.0005411624908447266,0.00021586418151855468,0.9578488372093024
2830,664.3632419109344,0.30122867256295793,0.002088332176208496,0.0003926515579223633,0.00016546249389648438,0.9752906976744186
2835,665.5205481052399,0.35180236468752357,0.0028353214263916017,0.0007327079772949218,0.00024492740631103515,0.9752906976744186
2840,666.6764619350433,0.6183027885855154,0.002478194236755371,0.0006105661392211914,0.0001851797103881836,0.9811046511627907
2845,667.8354289531708,0.577971251077679,0.002412724494934082,0.0004190206527709961,0.00019080638885498046,0.9796511627906976
2850,668.9900457859039,0.32323956265590825,0.0022832632064819338,0.0005016088485717774,0.0001737356185913086,0.9781976744186046
2855,670.1537661552429,0.3634187962859869,0.002640390396118164,0.0006237506866455078,0.00020534992218017577,0.9767441860465116
2860,671.3097541332245,0.13743776798633575,0.0026731252670288085,0.0007195234298706055,0.0001995086669921875,0.9738372093023255
2865,672.4626710414886,0.3528349286651064,0.0028353214263916017,0.0007327079772949218,0.00022327899932861328,0.9738372093023255
2870,673.6153860092163,0.1727385476231575,0.0020555973052978514,0.00029687881469726564,0.00017957687377929689,0.9738372093023255
2875,674.7972719669342,0.2611815454495627,0.0024454593658447266,0.0005147933959960937,0.00020170211791992188,0.9680232558139535
2880,675.9997189044952,0.37501440942587577,0.0022177934646606446,0.00031006336212158203,0.0001855134963989258,0.9622093023255814
2885,677.1659219264984,0.28500465559936855,0.0022177934646606446,0.00031006336212158203,0.0001778125762939453,0.9752906976744186
2890,678.3525938987732,0.27456815551850583,0.0021210670471191405,0.0004884243011474609,0.0001739978790283203,0.9767441860465116
2895,679.4921929836273,0.12456784881214844,0.0026731252670288085,0.0007195234298706055,0.0002071857452392578,0.9781976744186046
2900,680.6302478313446,0.1333380088210106,0.0022832632064819338,0.0005016088485717774,0.0001810312271118164,0.9709302325581395
2905,681.7666909694672,0.35040887296199796,0.0022832632064819338,0.0005016088485717774,0.00017802715301513673,0.9840116279069767
2910,682.9119877815247,0.21174223184934818,0.0028353214263916017,0.0007327079772949218,0.00022153854370117189,0.9752906976744186
2915,684.0479559898376,0.13584077925188467,0.0026731252670288085,0.0007195234298706055,0.00020818710327148439,0.9651162790697675
2920,685.1904938220978,0.18004970366819179,0.002868056297302246,0.0008284807205200196,0.00021555423736572266,0.9636627906976745
2925,686.3283689022064,1.0020734154779347,0.0025421857833862306,0.0003364324569702148,0.0002063751220703125,0.9811046511627907
2930,687.4572038650513,0.33803835508916225,0.002640390396118164,0.0006237506866455078,0.00020079612731933595,0.9418604651162791
2935,688.594272851944,0.20986265755109343,0.0019588708877563477,0.0004752397537231445,0.00015709400177001953,0.9069767441860465
2940,689.7490758895874,0.28519848717845664,0.0022177934646606446,0.00031006336212158203,0.0001814126968383789,0.8982558139534884
2945,690.9021308422089,0.41328982655027174,0.002478194236755371,0.0006105661392211914,0.00019900798797607423,0.9316860465116279
2950,692.0465819835663,0.20042232817004332,0.0018934011459350586,0.00028369426727294924,0.00014934539794921874,0.938953488372093
2955,693.1924557685852,0.376689717132831,0.0024454593658447266,0.0005147933959960937,0.00019400119781494142,0.9433139534883721
2960,694.3343689441681,0.21662372901737398,0.0025109291076660157,0.000706338882446289,0.0001932382583618164,0.9476744186046512
2965,695.5142679214478,0.34073262101919966,0.002315998077392578,0.000597381591796875,0.00017626285552978515,0.9636627906976745
2970,696.690587759018,0.24482508991609392,0.0015690088272094726,0.0002573251724243164,0.00012784004211425782,0.9796511627906976
2975,697.8970649242401,0.29156031304337376,0.0028353214263916017,0.0007327079772949218,0.0002197742462158203,0.9796511627906976
2980,699.0802049636841,0.2596147029606982,0.0022177934646606446,0.00031006336212158203,0.00019102096557617189,0.9781976744186046
2985,700.3425447940826,0.19777335191101883,0.0027058601379394533,0.0008152961730957031,0.00024080276489257812,0.9825581395348837
2990,701.6645939350128,0.06869463310780048,0.0019261360168457032,0.00037946701049804685,0.00017485618591308593,0.9825581395348837
2995,702.8642568588257,0.3389677768573193,0.0027698516845703126,0.0005411624908447266,0.0002482891082763672,0.9825581395348837
3000,704.0370059013367,0.2937180385065403,0.002478194236755371,0.0006105661392211914,0.00020413398742675782,0.9811046511627907
3005,705.2257928848267,0.34086089317499957,0.0022832632064819338,0.0005016088485717774,0.0001895427703857422,0.9811046511627907
3010,706.4248728752136,0.38489639131585135,0.00254366397857666,0.0008021116256713868,0.00020208358764648438,0.9811046511627907
3015,707.6798210144043,0.17729453155916416,0.0025109291076660157,0.000706338882446289,0.00022759437561035157,0.9825581395348837
3020,708.8976759910583,0.22910744241526118,0.0024454593658447266,0.0005147933959960937,0.00019321441650390624,0.9796511627906976
3025,710.0958740711212,0.35536718306029796,0.002802586555480957,0.0006369352340698242,0.0002267599105834961,0.9869186046511628
3030,711.2905099391937,0.10398325994559059,0.0019261360168457032,0.00037946701049804685,0.00017888545989990233,0.9869186046511628
3035,712.4863379001617,0.19557090997696064,0.002412724494934082,0.0004190206527709961,0.00020775794982910156,0.9883720930232558
3040,713.6782357692719,0.1558225753145507,0.0027058601379394533,0.0008152961730957031,0.0002079010009765625,0.9883720930232558
3045,714.8663091659546,0.5384930577071032,0.0024454593658447266,0.0005147933959960937,0.00020551681518554688,0.9811046511627907
3050,716.1098799705505,0.06887337825610303,0.0028353214263916017,0.0007327079772949218,0.00023193359375,0.9752906976744186
3055,717.2890360355377,0.27493385291309097,0.0022177934646606446,0.00031006336212158203,0.00019485950469970702,0.9767441860465116
3060,718.477979183197,0.34419049024583614,0.0024454593658447266,0.0005147933959960937,0.0002118825912475586,0.9767441860465116
3065,719.6725549697876,0.28840443939009364,0.0022832632064819338,0.0005016088485717774,0.00018036365509033203,0.9752906976744186
3070,720.8564329147339,0.745656521525234,0.002250528335571289,0.0004058361053466797,0.00018672943115234376,0.9752906976744186
3075,722.0433769226074,0.08499791884096623,0.002478194236755371,0.0006105661392211914,0.00019140243530273436,0.9694767441860465
3080,723.2350308895111,0.13161626032652124,0.0019588708877563477,0.0004752397537231445,0.00016982555389404296,0.9651162790697675
3085,724.4489889144897,0.4007596177340019,0.0026731252670288085,0.0007195234298706055,0.00023488998413085939,0.9767441860465116
3090,725.645495891571,0.17073226118809542,0.001991605758666992,0.0005710124969482422,0.00016911029815673827,0.9796511627906976
3095,726.8460049629211,0.4922376640141465,0.002315998077392578,0.000597381591796875,0.00019512176513671874,0.9796511627906976
3100,728.0455119609833,0.16592527111060917,0.002640390396118164,0.0006237506866455078,0.00022540092468261718,0.9825581395348837
3105,729.2525479793549,0.42228297162801026,0.002347254753112793,0.0002274751663208008,0.00020787715911865234,0.9796511627906976
3110,730.4398329257965,0.166920704516815,0.0022832632064819338,0.0005016088485717774,0.0002010345458984375,0.9709302325581395
3115,731.6273357868195,0.18100768819135737,0.0019261360168457032,0.00037946701049804685,0.000165557861328125,0.9578488372093024
3120,732.8037359714508,0.19784591744819408,0.002315998077392578,0.000597381591796875,0.00018389225006103515,0.9520348837209303
3125,734.0304398536682,0.5284161902964115,0.0026731252670288085,0.0007195234298706055,0.00022525787353515624,0.9781976744186046
3130,735.244334936142,0.14998324476182745,0.002574920654296875,0.0004322052001953125,0.0002300739288330078,0.9825581395348837
3135,736.5077409744263,0.1316462387592793,0.0019261360168457032,0.00037946701049804685,0.00018825531005859376,0.9811046511627907
3140,737.828696012497,0.23169016785323038,0.0026731252670288085,0.0007195234298706055,0.0002162456512451172,0.9767441860465116
3145,739.020131111145,0.5020286146886065,0.0026731252670288085,0.0007195234298706055,0.00022685527801513672,0.9752906976744186
3150,740.2145969867706,0.19718677613420824,0.0024454593658447266,0.0005147933959960937,0.00020973682403564454,0.9723837209302325
3155,741.3901901245117,0.3039541829377413,0.0028353214263916017,0.0007327079772949218,0.00023550987243652343,0.9709302325581395
3160,742.5523059368134,0.16326897240633115,0.0021210670471191405,0.0004884243011474609,0.0001636505126953125,0.9665697674418605
3165,743.7285149097443,0.29135056734085085,0.002250528335571289,0.0004058361053466797,0.0001992940902709961,0.9636627906976745
3170,744.8972599506378,0.2506807953348925,0.002574920654296875,0.0004322052001953125,0.00021593570709228517,0.9622093023255814
3175,746.0605809688568,0.12452600747348157,0.0022832632064819338,0.0005016088485717774,0.00019156932830810547,0.9607558139534884
3180,747.2395749092102,0.13375682386995322,0.002640390396118164,0.0006237506866455078,0.00021653175354003907,0.9593023255813954
3185,748.4236810207367,0.6243202820420265,0.0026731252670288085,0.0007195234298706055,0.00022499561309814454,0.9781976744186046
3190,749.5966320037842,0.09365583233884678,0.0024454593658447266,0.0005147933959960937,0.00020208358764648438,0.9767441860465116
3195,750.7575631141663,0.2571561846888713,0.0020555973052978514,0.00029687881469726564,0.00018029212951660157,0.9767441860465116
3200,751.9346699714661,0.1413323416374624,0.0028353214263916017,0.0007327079772949218,0.00023484230041503906,0.9738372093023255
3205,753.0903317928314,0.23249307945370817,0.0026731252670288085,0.0007195234298706055,0.0002064943313598633,0.9709302325581395
3210,754.279326915741,0.22513228170764704,0.002640390396118164,0.0006237506866455078,0.00020203590393066406,0.9767441860465116
3215,755.4181380271912,0.034664071709266865,0.0018934011459350586,0.00028369426727294924,0.00015716552734375,0.9781976744186046
3220,756.5548248291016,0.35854019832622724,0.0024454593658447266,0.0005147933959960937,0.00020356178283691405,0.9796511627906976
3225,757.6893391609192,0.2694459784775972,0.0025421857833862306,0.0003364324569702148,0.00020647048950195312,0.9811046511627907
3230,758.8230309486389,0.14795513583812864,0.0018934011459350586,0.00028369426727294924,0.00016045570373535156,0.9825581395348837
3235,759.9673998355865,0.2192135432779992,0.002478194236755371,0.0006105661392211914,0.00019648075103759766,0.9811046511627907
3240,761.1052289009094,0.1607587393373251,0.002640390396118164,0.0006237506866455078,0.0002051830291748047,0.9781976744186046
3245,762.2357819080353,0.05698742852546275,0.0019588708877563477,0.0004752397537231445,0.0001559019088745117,0.9781976744186046
3250,763.3768067359924,0.32093497514724734,0.002640390396118164,0.0006237506866455078,0.00020956993103027344,0.9781976744186046
3255,764.5081961154938,0.23336559605477306,0.002640390396118164,0.0006237506866455078,0.00019991397857666016,0.9781976744186046
3260,765.640841960907,0.12544049557582185,0.0029007911682128905,0.0009242534637451172,0.0002193450927734375,0.9796511627906976
3265,766.7958278656006,0.06772176372760441,0.0028353214263916017,0.0007327079772949218,0.00021054744720458985,0.9796511627906976
3270,767.9432199001312,0.37204884476959704,0.002347254753112793,0.0002274751663208008,0.0001886129379272461,0.9811046511627907
3275,769.078959941864,0.2174392995429116,0.002478194236755371,0.0006105661392211914,0.00019996166229248048,0.9825581395348837
3280,770.2174229621887,1.2048848201935471,0.0021210670471191405,0.0004884243011474609,0.0001650571823120117,0.9854651162790697
3285,771.3983910083771,0.11010549068450928,0.002250528335571289,0.0004058361053466797,0.00017540454864501954,0.9811046511627907
3290,772.544862985611,0.24452384635806085,0.0026076555252075194,0.0005279779434204102,0.00020723342895507814,0.9796511627906976
3295,773.6777398586273,0.03242546988185637,0.0017312049865722656,0.0002705097198486328,0.0001387357711791992,0.9767441860465116
3300,774.8157727718353,0.1737526215671096,0.002640390396118164,0.0006237506866455078,0.0001979351043701172,0.9738372093023255
3305,775.951278924942,0.059148400439887894,0.00254366397857666,0.0008021116256713868,0.00019803047180175782,0.9723837209302325
3310,777.0881500244141,0.1384040633420227,0.0019261360168457032,0.00037946701049804685,0.0001589059829711914,0.9738372093023255
3315,778.218621969223,0.39890694793721193,0.0019588708877563477,0.0004752397537231445,0.00016276836395263673,0.9694767441860465
3320,779.3583378791809,0.11210956302602426,0.002640390396118164,0.0006237506866455078,0.00019621849060058594,0.9680232558139535
3325,780.4989380836487,0.39729689062094165,0.0023799896240234374,0.0003232479095458984,0.00018994808197021485,0.9636627906976745
3330,781.628390789032,0.2679320732444467,0.0025109291076660157,0.000706338882446289,0.00018503665924072266,0.9622093023255814
3335,782.7602109909058,0.2519562155779852,0.002088332176208496,0.0003926515579223633,0.0001674175262451172,0.9694767441860465
3340,783.9063658714294,0.2819296419620514,0.002802586555480957,0.0006369352340698242,0.00022311210632324218,0.9723837209302325
3345,785.0283670425415,0.14569217426142272,0.0022832632064819338,0.0005016088485717774,0.00017757415771484374,0.9723837209302325
3350,786.1704528331757,0.05099649922922254,0.0025109291076660157,0.000706338882446289,0.00019211769104003905,0.9723837209302325
3355,787.3108620643616,0.3748534385347739,0.0025109291076660157,0.000706338882446289,0.00018994808197021485,0.9738372093023255
3360,788.4445381164551,0.2458887628512457,0.0023487329483032225,0.0006931543350219727,0.00018157958984375,0.9723837209302325
3365,789.5833649635315,0.20825106650590897,0.002640390396118164,0.0006237506866455078,0.00020401477813720704,0.9709302325581395
3370,790.7638449668884,0.515996144906967,0.002412724494934082,0.0004190206527709961,0.00019524097442626953,0.9738372093023255
3375,791.8929469585419,0.16114328305152412,0.0022832632064819338,0.0005016088485717774,0.0001743316650390625,0.9767441860465116
3380,793.0274050235748,0.33766942755355556,0.002250528335571289,0.0004058361053466797,0.0001801013946533203,0.9767441860465116
3385,794.1628239154816,0.253855460885552,0.0027058601379394533,0.0008152961730957031,0.0002023935317993164,0.9752906976744186
3390,795.3074729442596,0.25547647625207903,0.002412724494934082,0.0004190206527709961,0.00019750595092773437,0.9767441860465116
3395,796.4354119300842,0.1564867897951899,0.0028353214263916017,0.0007327079772949218,0.00021495819091796876,0.9752906976744186
3400,797.5688679218292,0.17892517519649118,0.002412724494934082,0.0004190206527709961,0.00019397735595703126,0.9767441860465116
3405,798.7088868618011,0.18100896463422486,0.0024454593658447266,0.0005147933959960937,0.00020403861999511718,0.9752906976744186
3410,799.8585231304169,0.32751697439348393,0.0022832632064819338,0.0005016088485717774,0.0001746654510498047,0.9752906976744186
3415,801.0018479824066,0.4415668968147671,0.0018934011459350586,0.00028369426727294924,0.0001499652862548828,0.9781976744186046
3420,802.1511399745941,0.3359315233149573,0.0026731252670288085,0.0007195234298706055,0.00020551681518554688,0.9781976744186046
3425,803.28156208992,0.6869619182581232,0.0021538019180297853,0.0005841970443725586,0.00016019344329833984,0.9781976744186046
3430,804.4249877929688,0.16209874168926178,0.002478194236755371,0.0006105661392211914,0.00019037723541259766,0.9738372093023255
3435,805.557697057724,0.16177006962375345,0.0021538019180297853,0.0005841970443725586,0.00016458034515380858,0.9709302325581395
3440,806.694962978363,0.5695304331504317,0.0021538019180297853,0.0005841970443725586,0.00016539096832275392,0.9709302325581395