#{"solver": {"engine": {"type": "ExactEngine"}, "semiring": "GraphSemiring"}, "networks": [{"name": "perc_net_version_0_NeSy_1", "module": "AD_V0_NeSy_1_net(\n  (conv1): Conv2d(3, 6, kernel_size=(5, 5), stride=(1, 1))\n  (pool): MaxPool2d(kernel_size=2, stride=2, padding=0, dilation=1, ceil_mode=False)\n  (conv2): Conv2d(6, 16, kernel_size=(5, 5), stride=(1, 1))\n  (fc1): Linear(in_features=400, out_features=120, bias=True)\n  (fc2): Linear(in_features=120, out_features=84, bias=True)\n  (fc3): Linear(in_features=84, out_features=4, bias=True)\n  (softmax): Softmax(dim=-1)\n)", "optimizer": "Adam (\nParameter Group 0\n    amsgrad: False\n    betas: (0.9, 0.999)\n    capturable: False\n    differentiable: False\n    eps: 1e-08\n    foreach: None\n    fused: None\n    lr: 0.001\n    maximize: False\n    weight_decay: 0\n)", "k": null}], "program": "nn(perc_net_version_0_NeSy_1,[Img],X,[0, 1, 2, 3])::cell(Img,X).\nattention_boundary(X) :- X==1.\nenlarged_boundary(X) :- X==2.\nout_of_view(X) :- X==0; X==3.\naction(Img,1) :- cell(Img,X1), attention_boundary(X1).\naction(Img,2) :- cell(Img,X2), enlarged_boundary(X2), \\+action(Img,1).\naction(Img,0) :- cell(Img,X3), out_of_view(X3), \\+action(Img,2), \\+action(Img,1).\n"}
#Accuracy 0.9802555168408827
i,time,loss,ground_time,compile_time,eval_time,accuracy
5,0.03907322883605957,0.838444584608078,0.0014272212982177734,0.0003824710845947266,0.0004216432571411133,0.32947976878612717
10,0.2492051124572754,1.2004008710384368,0.0015419244766235352,0.00043215751647949217,0.0004510641098022461,0.32947976878612717
15,0.4502861499786377,1.1012057423591615,0.001726245880126953,0.0004708290100097656,0.0004625797271728516,0.32947976878612717
20,0.6523950099945068,1.1248430371284486,0.0016250133514404297,0.00044569969177246096,0.00044493675231933595,0.32947976878612717
25,0.8536250591278076,1.1666452825069427,0.001592540740966797,0.0004447221755981445,0.0004375219345092773,0.32947976878612717
30,1.0553832054138184,1.1519956529140472,0.001592540740966797,0.0004447221755981445,0.00042614936828613283,0.32947976878612717
35,1.2554209232330322,1.0004740357398987,0.001892423629760742,0.0004979133605957031,0.0004375219345092773,0.32947976878612717
40,1.4559650421142578,1.1119260430335998,0.0016431570053100585,0.0004572868347167969,0.0004365205764770508,0.32947976878612717
45,1.6523621082305908,1.1494173943996429,0.001592540740966797,0.0004447221755981445,0.0004225015640258789,0.32947976878612717
50,1.9036591053009033,1.1951329708099365,0.001408219337463379,0.00040605068206787107,0.0004282712936401367,0.3699421965317919
55,2.0997111797332764,1.0893813788890838,0.001408219337463379,0.00040605068206787107,0.0004360675811767578,0.3352601156069364
60,2.299671173095703,1.1307157278060913,0.0016937732696533203,0.00046985149383544923,0.00042524337768554685,0.3352601156069364
65,2.49688982963562,0.8068963170051575,0.001393890380859375,0.0004166603088378906,0.0004287242889404297,0.3352601156069364
70,2.693572998046875,0.9494021207094192,0.0015094518661499024,0.0004311800003051758,0.00042438507080078125,0.3352601156069364
75,2.889616012573242,1.2526107728481293,0.0016574859619140625,0.00044667720794677734,0.0004505634307861328,0.5202312138728323
80,3.0885589122772217,1.0971700310707093,0.0012238979339599609,0.0003673791885375977,0.00041899681091308596,0.5953757225433526
85,3.2837331295013428,0.8974533200263977,0.001758718490600586,0.00047180652618408205,0.0004405498504638672,0.4913294797687861
90,3.4816153049468994,0.7951998710632324,0.0017081022262573243,0.0004592418670654297,0.00043375492095947265,0.5086705202312138
95,3.6804821491241455,0.8375136315822601,0.001726245880126953,0.0004708290100097656,0.00043227672576904295,0.5144508670520231
100,3.878092050552368,0.8965587079524994,0.001892423629760742,0.0004979133605957031,0.0004265308380126953,0.7167630057803468
105,4.078325033187866,0.780789852142334,0.0015094518661499024,0.0004311800003051758,0.0004294872283935547,0.6705202312138728
110,4.275809049606323,0.6865160167217255,0.001726245880126953,0.0004708290100097656,0.00043625831604003905,0.630057803468208
115,4.471646070480347,0.8111504849046469,0.0020261287689208986,0.0005240201950073242,0.0004277229309082031,0.653179190751445
120,4.669095039367676,0.5813662350177765,0.0018093347549438476,0.00048437118530273435,0.00046019554138183595,0.6589595375722543
125,4.866580963134766,0.49067712761461735,0.0019936561584472656,0.0005230426788330079,0.0004562854766845703,0.6763005780346821
130,5.064020156860352,0.6753887809813023,0.001426362991333008,0.00041763782501220704,0.0004392862319946289,0.6763005780346821
135,5.2609171867370605,0.6078943125903606,0.001408219337463379,0.00040605068206787107,0.00041780471801757815,0.7514450867052023
140,5.456072092056274,0.2741589639335871,0.0012745141983032226,0.00037994384765625,0.00041518211364746096,0.7572254335260116
145,5.653472185134888,0.47943153278902173,0.0014588356018066407,0.0004186153411865234,0.00044727325439453125,0.7456647398843931
150,5.850790023803711,1.025160650163889,0.0016756296157836915,0.00045826435089111326,0.00045561790466308594,0.791907514450867
155,6.046442031860352,1.2164954689331353,0.001892423629760742,0.0004979133605957031,0.00042805671691894533,0.8034682080924855
160,6.242541074752808,0.6509361535310745,0.0015094518661499024,0.0004311800003051758,0.000421142578125,0.8208092485549133
165,6.438318252563477,0.5440422601997852,0.0015419244766235352,0.00043215751647949217,0.0004306316375732422,0.7861271676300579
170,6.638764142990112,0.46857449859380723,0.0015419244766235352,0.00043215751647949217,0.00042846202850341795,0.7687861271676301
175,6.839510202407837,0.448843415081501,0.001592540740966797,0.0004447221755981445,0.0004492521286010742,0.8092485549132948
180,7.038011074066162,0.3951652619987726,0.00139007568359375,0.00039446353912353516,0.0004397392272949219,0.8034682080924855
185,7.235983848571777,0.26478456826298497,0.001592540740966797,0.0004447221755981445,0.0004258155822753906,0.8323699421965318
190,7.431289196014404,0.37040333135519177,0.0018418073654174806,0.0004853487014770508,0.0004324197769165039,0.8323699421965318
195,7.626745223999023,0.538418356332113,0.0014588356018066407,0.0004186153411865234,0.000423884391784668,0.8786127167630058
200,7.8217339515686035,0.6600023870822043,0.0016431570053100585,0.0004572868347167969,0.00043103694915771487,0.8265895953757225
205,8.02071499824524,0.640718269860372,0.0015094518661499024,0.0004311800003051758,0.0004355907440185547,0.8265895953757225
210,8.218326091766357,0.3647970229852945,0.0015419244766235352,0.00043215751647949217,0.00043685436248779296,0.8265895953757225
215,8.412641048431396,0.5127409153152257,0.0019755125045776366,0.0005114555358886718,0.0004310131072998047,0.8265895953757225
220,8.610322952270508,0.20706297452561556,0.0016937732696533203,0.00046985149383544923,0.00044167041778564453,0.8323699421965318
225,8.806475162506104,0.49123812719481064,0.0015419244766235352,0.00043215751647949217,0.0004313945770263672,0.8728323699421965
230,9.0036940574646,0.4220333808218129,0.0013576030731201171,0.00039348602294921877,0.0004215240478515625,0.861271676300578
235,9.201617956161499,0.2807743276935071,0.0013757467269897461,0.0004050731658935547,0.0004141807556152344,0.8497109826589595
240,9.399770021438599,0.40603192076086997,0.001592540740966797,0.0004447221755981445,0.0004216670989990234,0.8786127167630058
245,9.61592411994934,0.16102743328083308,0.001592540740966797,0.0004447221755981445,0.0004817008972167969,0.8901734104046243
250,9.826858043670654,0.31236234576790595,0.0016756296157836915,0.00045826435089111326,0.0004442691802978516,0.9017341040462428
255,10.030846118927002,0.2931637856469024,0.0014913082122802734,0.00041959285736083987,0.0004376411437988281,0.9017341040462428
260,10.236454010009766,0.1737634246443122,0.0014588356018066407,0.0004186153411865234,0.00043320655822753906,0.884393063583815
265,10.442069053649902,0.3382449897009792,0.0016250133514404297,0.00044569969177246096,0.00045094490051269533,0.9248554913294798
270,10.642735004425049,0.3137066976429196,0.001892423629760742,0.0004979133605957031,0.0004427671432495117,0.9075144508670521
275,10.859663248062134,0.23973940613177547,0.0013576030731201171,0.00039348602294921877,0.0005744218826293946,0.884393063583815
280,11.141722917556763,0.10609729205170879,0.0017081022262573243,0.0004592418670654297,0.00047054290771484373,0.8728323699421965
285,11.354832887649536,0.5586534901327923,0.0016756296157836915,0.00045826435089111326,0.0004256248474121094,0.8728323699421965
290,11.590321063995361,0.5252645391505212,0.001726245880126953,0.0004708290100097656,0.0004955291748046875,0.8728323699421965
295,11.808851957321167,0.24451820993272122,0.001592540740966797,0.0004447221755981445,0.000457763671875,0.8728323699421965
300,12.051399946212769,0.3049076122697443,0.0014769792556762694,0.0004302024841308594,0.0004429340362548828,0.8554913294797688
305,12.26757001876831,0.4822883553192696,0.001758718490600586,0.00047180652618408205,0.00045623779296875,0.8786127167630058
310,12.48904824256897,0.3833364836871624,0.001758718490600586,0.00047180652618408205,0.0004357337951660156,0.8901734104046243
315,12.704178094863892,0.24584834805573336,0.0014588356018066407,0.0004186153411865234,0.00041718482971191405,0.8959537572254336
320,12.899542093276978,0.2559523986594286,0.0015419244766235352,0.00043215751647949217,0.0004322290420532227,0.9132947976878613
325,13.097094058990479,0.16293588455882854,0.001592540740966797,0.0004447221755981445,0.0004173755645751953,0.930635838150289
330,13.293200016021729,0.307124859986061,0.0015419244766235352,0.00043215751647949217,0.00042438507080078125,0.9421965317919075
335,13.487061023712158,0.033873664590646516,0.0014588356018066407,0.0004186153411865234,0.0004228830337524414,0.9421965317919075
340,13.67808485031128,0.01902286866470604,0.0016250133514404297,0.00044569969177246096,0.00041573047637939454,0.9421965317919075
345,13.872013092041016,0.1302313113209493,0.0014588356018066407,0.0004186153411865234,0.0004266500473022461,0.9479768786127167
350,14.067312002182007,0.18162354493917973,0.0016756296157836915,0.00045826435089111326,0.0004165410995483398,0.9421965317919075
355,14.261284112930298,0.029319627856693842,0.0015419244766235352,0.00043215751647949217,0.0004114389419555664,0.9132947976878613
360,14.453572988510132,0.15282825829863214,0.0016756296157836915,0.00045826435089111326,0.00041604042053222656,0.9132947976878613
365,14.646637201309204,0.18945695044711783,0.0016250133514404297,0.00044569969177246096,0.0003981828689575195,0.9132947976878613
370,14.840376138687134,0.40816739937781676,0.0016431570053100585,0.0004572868347167969,0.00043082237243652344,0.9190751445086706
375,15.036150217056274,0.0445866410335384,0.0015419244766235352,0.00043215751647949217,0.00043487548828125,0.9190751445086706
380,15.232694149017334,0.10204454587184841,0.0020261287689208986,0.0005240201950073242,0.00041661262512207033,0.9075144508670521
385,15.424284934997559,0.004416960131494818,0.0016106843948364257,0.0004563093185424805,0.0003996133804321289,0.884393063583815
390,15.615133047103882,0.42668202116215215,0.0016250133514404297,0.00044569969177246096,0.00040869712829589845,0.8901734104046243
395,15.80683708190918,0.47941912922414076,0.0014588356018066407,0.0004186153411865234,0.00040647983551025393,0.953757225433526
400,15.99997591972351,0.11755138488624653,0.0013251304626464844,0.00039250850677490233,0.00042598247528076173,0.9421965317919075
405,16.19290804862976,0.15958722828836472,0.0016937732696533203,0.00046985149383544923,0.00041222572326660156,0.9421965317919075
410,16.38339900970459,0.11293180136708543,0.001393890380859375,0.0004166603088378906,0.0004162311553955078,0.9479768786127167
415,16.57756018638611,0.01814118378679268,0.001408219337463379,0.00040605068206787107,0.00043687820434570315,0.9479768786127167
420,16.770820140838623,0.1136085510736848,0.0017081022262573243,0.0004592418670654297,0.00044553279876708985,0.953757225433526
425,16.96236801147461,0.13994798688181903,0.0013069868087768554,0.0003809213638305664,0.00039517879486083984,0.9595375722543352
430,17.154381036758423,0.13143249670174556,0.001892423629760742,0.0004979133605957031,0.00041658878326416015,0.9248554913294798
435,17.344502210617065,0.3883778630075142,0.0016250133514404297,0.00044569969177246096,0.00038661956787109373,0.9595375722543352
440,17.53537893295288,0.3561498763985128,0.0016756296157836915,0.00045826435089111326,0.00042667388916015623,0.9479768786127167
445,17.72755002975464,0.25100121502546247,0.0018093347549438476,0.00048437118530273435,0.0004312038421630859,0.9595375722543352
450,17.920847177505493,0.14197341797557783,0.001592540740966797,0.0004447221755981445,0.0004290103912353516,0.9364161849710982
455,18.111492156982422,0.11845560396104701,0.0018599510192871093,0.0004969358444213868,0.00042405128479003904,0.930635838150289
460,18.30140709877014,0.655591092416256,0.001892423629760742,0.0004979133605957031,0.00041410923004150393,0.9595375722543352
465,18.49399209022522,0.0875596451893216,0.0018599510192871093,0.0004969358444213868,0.00042426586151123047,0.953757225433526
470,18.686403274536133,0.20487684515828733,0.0018599510192871093,0.0004969358444213868,0.00043115615844726565,0.9364161849710982
475,18.880167961120605,0.14108304408728145,0.001426362991333008,0.00041763782501220704,0.0004225254058837891,0.9479768786127167
480,19.074002027511597,0.2759366014615807,0.001408219337463379,0.00040605068206787107,0.00039649009704589844,0.953757225433526
485,19.264445066452026,0.05415138294283679,0.0012238979339599609,0.0003673791885375977,0.0004017114639282227,0.9653179190751445
490,19.45783805847168,0.34917939969000145,0.001560068130493164,0.00044374465942382814,0.00042145252227783204,0.9595375722543352
495,19.64803910255432,0.35143165273125304,0.0018418073654174806,0.0004853487014770508,0.00042340755462646487,0.9653179190751445
500,19.839802026748657,0.3518388342061371,0.001758718490600586,0.00047180652618408205,0.00043320655822753906,0.930635838150289
505,20.03167486190796,0.22641928574885242,0.0014769792556762694,0.0004302024841308594,0.0004103660583496094,0.9190751445086706
510,20.22362494468689,0.046609452822303866,0.0016250133514404297,0.00044569969177246096,0.0004155397415161133,0.9132947976878613
515,20.415008068084717,0.021634618654161386,0.0014913082122802734,0.00041959285736083987,0.00040950775146484373,0.9075144508670521
520,20.60523509979248,0.3803118860174436,0.001592540740966797,0.0004447221755981445,0.00043680667877197263,0.9653179190751445
525,20.795456171035767,0.277219545125628,0.0015237808227539062,0.00042057037353515625,0.0004097461700439453,0.953757225433526
530,20.989447116851807,0.29485427392137353,0.0014588356018066407,0.0004186153411865234,0.0004185914993286133,0.9595375722543352
535,21.18066692352295,0.1605506890635155,0.001758718490600586,0.00047180652618408205,0.0004403352737426758,0.953757225433526
540,21.37144708633423,0.518667799013383,0.0016756296157836915,0.00045826435089111326,0.0004490852355957031,0.953757225433526
545,21.56568717956543,0.1686255133729901,0.001426362991333008,0.00041763782501220704,0.00041515827178955077,0.953757225433526
550,21.755255222320557,0.27044828773960033,0.0015094518661499024,0.0004311800003051758,0.0004078388214111328,0.9653179190751445
555,21.949429035186768,0.19881329422946692,0.0016250133514404297,0.00044569969177246096,0.00042366981506347656,0.9595375722543352
560,22.1414852142334,0.39208009230897006,0.0019430398941040039,0.0005104780197143554,0.0004639625549316406,0.9595375722543352
565,22.335190057754517,0.1442548225305927,0.0017768621444702148,0.00048339366912841797,0.00041964054107666013,0.9364161849710982
570,22.5274600982666,0.24455964565277383,0.0013576030731201171,0.00039348602294921877,0.0004244804382324219,0.9248554913294798
575,22.720700979232788,0.12957786706976435,0.0014588356018066407,0.0004186153411865234,0.0004087209701538086,0.9248554913294798
580,22.914883136749268,0.3516428040631581,0.0014588356018066407,0.0004186153411865234,0.00043802261352539064,0.9364161849710982
585,23.109283208847046,0.07655625978222816,0.0014588356018066407,0.0004186153411865234,0.00040955543518066405,0.9595375722543352
590,23.30231213569641,0.12155111706233583,0.0016756296157836915,0.00045826435089111326,0.0004350185394287109,0.9653179190751445
595,23.491499185562134,0.04778704666214395,0.0015419244766235352,0.00043215751647949217,0.00041031837463378906,0.9653179190751445
600,23.684489965438843,0.15562523212056475,0.0014913082122802734,0.00041959285736083987,0.00041234493255615234,0.9653179190751445
605,23.87665891647339,0.053317169698260614,0.001592540740966797,0.0004447221755981445,0.00041985511779785156,0.9653179190751445
610,24.06826090812683,0.1703327052899283,0.0016250133514404297,0.00044569969177246096,0.0004225492477416992,0.9653179190751445
615,24.25759220123291,0.09977326053531214,0.0018093347549438476,0.00048437118530273435,0.0004207849502563477,0.9653179190751445
620,24.45156216621399,0.08028519042952667,0.001574397087097168,0.0004331350326538086,0.0003981590270996094,0.9710982658959537
625,24.643013954162598,0.030360200728985376,0.0014406919479370117,0.0004070281982421875,0.0003985166549682617,0.9710982658959537
630,24.83358120918274,0.08105414561812267,0.0018599510192871093,0.0004969358444213868,0.000397491455078125,0.9710982658959537
635,25.023940086364746,0.07755202027224187,0.0018093347549438476,0.00048437118530273435,0.000400233268737793,0.9653179190751445
640,25.214427947998047,0.043263888928169084,0.0013251304626464844,0.00039250850677490233,0.00039694309234619143,0.9479768786127167
645,25.401978969573975,0.0332961849795538,0.001744389533996582,0.0004824161529541016,0.0004310131072998047,0.953757225433526
650,25.59012508392334,0.2883304619255796,0.0016756296157836915,0.00045826435089111326,0.00042865276336669924,0.9653179190751445
655,25.77953314781189,0.16480289043915378,0.0016250133514404297,0.00044569969177246096,0.00039856433868408204,0.976878612716763
660,25.96867322921753,0.09937628320754044,0.0015094518661499024,0.0004311800003051758,0.00042335987091064454,0.9710982658959537
665,26.157767057418823,0.12087763453423576,0.001574397087097168,0.0004331350326538086,0.0004044055938720703,0.9826589595375722
670,26.34501886367798,0.15547400345407142,0.001560068130493164,0.00044374465942382814,0.0004029273986816406,0.9710982658959537
675,26.535801887512207,0.08017389341609941,0.001574397087097168,0.0004331350326538086,0.00040793418884277344,0.9710982658959537
680,26.72586703300476,0.0034401844861520203,0.0013757467269897461,0.0004050731658935547,0.0003824472427368164,0.976878612716763
685,26.917761087417603,0.0033516563622413287,0.0017081022262573243,0.0004592418670654297,0.00039649009704589844,0.976878612716763
690,27.106858015060425,0.05054579085699586,0.0014588356018066407,0.0004186153411865234,0.00039315223693847656,0.976878612716763
695,27.293977975845337,0.05000273596349416,0.0016756296157836915,0.00045826435089111326,0.0003889799118041992,0.953757225433526
700,27.481525182724,0.006424112304694063,0.0016756296157836915,0.00045826435089111326,0.0003920078277587891,0.953757225433526
705,27.667744159698486,0.0005222541974049477,0.001592540740966797,0.0004447221755981445,0.0003978729248046875,0.9364161849710982
710,27.856588125228882,0.09749545699778679,0.0016250133514404297,0.00044569969177246096,0.00038990974426269533,0.953757225433526
715,28.04358196258545,0.01981913201587986,0.0016431570053100585,0.0004572868347167969,0.00037593841552734374,0.953757225433526
720,28.22939109802246,0.005343732118626576,0.0016250133514404297,0.00044569969177246096,0.00038959980010986326,0.9364161849710982
725,28.416306018829346,0.0674777492575231,0.0019430398941040039,0.0005104780197143554,0.0004377126693725586,0.953757225433526
730,28.600020170211792,0.0002970355649722478,0.0015275955200195312,0.0004427671432495117,0.00036189556121826174,0.953757225433526
735,28.78651189804077,0.45211585406217125,0.001574397087097168,0.0004331350326538086,0.0004152059555053711,0.976878612716763
740,28.972195148468018,0.04945732100066067,0.001408219337463379,0.00040605068206787107,0.0003957509994506836,0.9653179190751445
745,29.15770196914673,0.4054978638895136,0.001426362991333008,0.00041763782501220704,0.00038781166076660154,0.953757225433526
750,29.34419012069702,0.03827070456173516,0.0016431570053100585,0.0004572868347167969,0.00041065216064453127,0.976878612716763
755,29.533491134643555,0.10256747355615517,0.0014769792556762694,0.0004302024841308594,0.00040030479431152344,0.976878612716763
760,29.722815990447998,0.027812252425178485,0.001408219337463379,0.00040605068206787107,0.00041425228118896484,0.976878612716763
765,29.91165804862976,0.09810333228203945,0.0016250133514404297,0.00044569969177246096,0.0004265308380126953,0.976878612716763
770,30.099199056625366,0.07319548108435044,0.0015237808227539062,0.00042057037353515625,0.0003911256790161133,0.976878612716763
775,30.284198999404907,0.05342848580835522,0.0016756296157836915,0.00045826435089111326,0.00039865970611572263,0.976878612716763
780,30.47106409072876,0.24876887964559985,0.001758718490600586,0.00047180652618408205,0.00037066936492919923,0.976878612716763
785,30.653216123580933,0.3889670846101012,0.001758718490600586,0.00047180652618408205,0.00040194988250732424,0.976878612716763
790,30.83957004547119,0.11082992508885922,0.0016756296157836915,0.00045826435089111326,0.0003815174102783203,0.9653179190751445
795,31.027242183685303,0.04791065374686809,0.0016431570053100585,0.0004572868347167969,0.00043053627014160155,0.9479768786127167
800,31.214340925216675,0.12047626503422322,0.0019430398941040039,0.0005104780197143554,0.0004171133041381836,0.9421965317919075
805,31.397505044937134,0.3353896758698866,0.0018093347549438476,0.00048437118530273435,0.00041854381561279297,0.9653179190751445
810,31.584535121917725,0.13906102448603405,0.0017768621444702148,0.00048339366912841797,0.00042259693145751953,0.9710982658959537
815,31.77828311920166,0.10472327742436391,0.0018599510192871093,0.0004969358444213868,0.0004352092742919922,0.9479768786127167
820,31.972201108932495,0.2879875819886365,0.0013251304626464844,0.00039250850677490233,0.0004337310791015625,0.9421965317919075
825,32.16469097137451,0.11696514306568133,0.0014588356018066407,0.0004186153411865234,0.00041255950927734377,0.9479768786127167
830,32.358969926834106,0.06713701333992503,0.0013576030731201171,0.00039348602294921877,0.0004134178161621094,0.976878612716763
835,32.550662994384766,0.38628090700913303,0.0015094518661499024,0.0004311800003051758,0.0004149198532104492,0.9710982658959537
840,32.74064016342163,0.1674743862677161,0.001892423629760742,0.0004979133605957031,0.0004339933395385742,0.976878612716763
845,32.930140018463135,0.29585894640749755,0.0016250133514404297,0.00044569969177246096,0.00041768550872802737,0.9710982658959537
850,33.121899127960205,0.053823098472639684,0.0016937732696533203,0.00046985149383544923,0.0004279851913452148,0.9710982658959537
855,33.31352400779724,0.03477337325621192,0.0015419244766235352,0.00043215751647949217,0.0004167318344116211,0.9653179190751445
860,33.50313711166382,0.006671781250599906,0.0013576030731201171,0.00039348602294921877,0.0003957986831665039,0.9595375722543352
865,33.696757078170776,0.4960032380200573,0.0015419244766235352,0.00043215751647949217,0.0004288434982299805,0.9710982658959537
870,33.88756513595581,0.0507083747834713,0.0017081022262573243,0.0004592418670654297,0.00037937164306640626,0.9710982658959537
875,34.071460247039795,0.16414949649702065,0.001408219337463379,0.00040605068206787107,0.00039741992950439455,0.9710982658959537
880,34.25970506668091,0.09491462901479793,0.001758718490600586,0.00047180652618408205,0.0004053831100463867,0.9595375722543352
885,34.44814205169678,0.421422680158679,0.001592540740966797,0.0004447221755981445,0.00038270950317382814,0.9653179190751445
890,34.63431406021118,0.327754614021606,0.001560068130493164,0.00044374465942382814,0.000377655029296875,0.9653179190751445
895,34.822965145111084,0.17414297688828953,0.0014588356018066407,0.0004186153411865234,0.00039854049682617185,0.930635838150289
900,35.0123872756958,0.02498495725922254,0.001758718490600586,0.00047180652618408205,0.00039353370666503904,0.9132947976878613
905,35.20301604270935,0.5833179805582631,0.001726245880126953,0.0004708290100097656,0.0004144906997680664,0.9132947976878613
910,35.391303062438965,0.11715753818863277,0.0018274784088134766,0.0004959583282470703,0.0004254579544067383,0.9075144508670521
915,35.58343505859375,0.3164216678007506,0.00139007568359375,0.00039446353912353516,0.00042235851287841797,0.9248554913294798
920,35.7970609664917,0.1600572821800597,0.001426362991333008,0.00041763782501220704,0.0004301548004150391,0.930635838150289
925,36.0069682598114,0.2305425775652111,0.0014913082122802734,0.00041959285736083987,0.00045680999755859375,0.9595375722543352
930,36.21973204612732,0.10285752612180658,0.0014588356018066407,0.0004186153411865234,0.00046515464782714844,0.9653179190751445
935,36.42475390434265,0.13589672371235792,0.0018093347549438476,0.00048437118530273435,0.0004507303237915039,0.976878612716763
940,36.62526798248291,0.05520085548721454,0.0014588356018066407,0.0004186153411865234,0.00043182373046875,0.976878612716763
945,36.82467699050903,0.02848450297042291,0.0013576030731201171,0.00039348602294921877,0.0004110813140869141,0.9710982658959537
950,37.02483105659485,0.03642679478046205,0.001592540740966797,0.0004447221755981445,0.0004117012023925781,0.976878612716763
955,37.24992609024048,0.10073119027225061,0.001758718490600586,0.00047180652618408205,0.0004591941833496094,0.9710982658959537
960,37.45709013938904,0.03866351896131306,0.0016250133514404297,0.00044569969177246096,0.0004194974899291992,0.9710982658959537
965,37.65172791481018,0.044111374164958764,0.001574397087097168,0.0004331350326538086,0.0004284143447875977,0.9710982658959537
970,37.86333703994751,0.022005954969478124,0.0015419244766235352,0.00043215751647949217,0.0003929615020751953,0.9710982658959537
975,38.056570053100586,0.01585245304966918,0.0018599510192871093,0.0004969358444213868,0.0003871917724609375,0.9710982658959537
980,38.249820947647095,0.053002043924669805,0.001892423629760742,0.0004979133605957031,0.00042023658752441404,0.9710982658959537
985,38.442371129989624,0.015297529470987569,0.0012420415878295898,0.0003789663314819336,0.00036482810974121095,0.9710982658959537
990,38.63395309448242,0.022092647730255523,0.0018274784088134766,0.0004959583282470703,0.0004358530044555664,0.9710982658959537
995,38.83249807357788,0.26772297769553005,0.0016250133514404297,0.00044569969177246096,0.00044126510620117186,0.9710982658959537
1000,39.02556109428406,0.12991048502158833,0.001592540740966797,0.0004447221755981445,0.00042552947998046874,0.976878612716763
1005,39.21315789222717,0.06505515129376249,0.0015419244766235352,0.00043215751647949217,0.00039474964141845704,0.976878612716763
1010,39.415164947509766,0.09321663577312052,0.0016250133514404297,0.00044569969177246096,0.0004197359085083008,0.976878612716763
1015,39.614907026290894,0.12095087850860438,0.0015094518661499024,0.0004311800003051758,0.0003908634185791016,0.976878612716763
1020,39.80397701263428,0.04933687616951517,0.0015419244766235352,0.00043215751647949217,0.0004019975662231445,0.976878612716763
1025,39.99363994598389,0.0006507223837090237,0.0014588356018066407,0.0004186153411865234,0.00036628246307373046,0.976878612716763
1030,40.18057918548584,0.006997360672909281,0.001574397087097168,0.0004331350326538086,0.0003906965255737305,0.976878612716763
1035,40.36291527748108,0.10475783993490495,0.001592540740966797,0.0004447221755981445,0.00038537979125976565,0.976878612716763
1040,40.54695916175842,0.00695332281200649,0.0015419244766235352,0.00043215751647949217,0.0003857135772705078,0.9710982658959537
1045,40.77657508850098,0.003053284550242097,0.001726245880126953,0.0004708290100097656,0.00038213729858398436,0.9710982658959537
1050,40.96234917640686,0.014749698569831082,0.0015419244766235352,0.00043215751647949217,0.00038800239562988283,0.9710982658959537
1055,41.146405935287476,0.03325278533193341,0.0016250133514404297,0.00044569969177246096,0.00038661956787109373,0.9710982658959537
1060,41.330509185791016,0.011708049135177135,0.0018599510192871093,0.0004969358444213868,0.00037789344787597656,0.9653179190751445
1065,41.5167031288147,0.2245501900044502,0.0014588356018066407,0.0004186153411865234,0.0003881692886352539,0.9653179190751445
1070,41.70307898521423,0.00410775283098701,0.001892423629760742,0.0004979133605957031,0.00043435096740722655,0.976878612716763
1075,41.89299511909485,0.018571334036199972,0.001744389533996582,0.0004824161529541016,0.0003771066665649414,0.9710982658959537
1080,42.075292110443115,0.17641747542660086,0.0013576030731201171,0.00039348602294921877,0.0003959894180297852,0.976878612716763
1085,42.25724124908447,0.001575588191407462,0.0014588356018066407,0.0004186153411865234,0.0003682374954223633,0.9826589595375722
1090,42.431926012039185,0.05411701376442579,0.0014588356018066407,0.0004186153411865234,0.0003565549850463867,0.9826589595375722
1095,42.61249804496765,0.030123266754566204,0.0016106843948364257,0.0004563093185424805,0.0003698825836181641,0.9826589595375722
1100,42.786381244659424,0.07225959559716558,0.0015094518661499024,0.0004311800003051758,0.00034894943237304685,0.9826589595375722
1105,42.964675188064575,0.025757344181686646,0.0015419244766235352,0.00043215751647949217,0.000374293327331543,0.976878612716763
1110,43.13911819458008,0.03383227787906122,0.0013576030731201171,0.00039348602294921877,0.0003520965576171875,0.976878612716763
1115,43.315505027770996,0.05054524625884653,0.001574397087097168,0.0004331350326538086,0.0003766298294067383,0.976878612716763
1120,43.489213943481445,0.025258828940349077,0.001758718490600586,0.00047180652618408205,0.00038084983825683596,0.976878612716763
1125,43.66754698753357,0.2557592585691168,0.001892423629760742,0.0004979133605957031,0.00039472579956054685,0.976878612716763
1130,43.843361139297485,0.4707572905525012,0.0016756296157836915,0.00045826435089111326,0.0004168033599853516,0.9826589595375722
1135,44.020973205566406,0.01581139575722119,0.001592540740966797,0.0004447221755981445,0.00035839080810546876,0.9826589595375722
1140,44.19550108909607,0.02567609263060433,0.001726245880126953,0.0004708290100097656,0.00039315223693847656,0.953757225433526
1145,44.37682104110718,0.11782100810670784,0.0020261287689208986,0.0005240201950073242,0.0004128456115722656,0.9421965317919075
1150,44.55232906341553,0.3647054141155607,0.001726245880126953,0.0004708290100097656,0.0003883600234985352,0.976878612716763
1155,44.73568916320801,0.2553267279461309,0.0018599510192871093,0.0004969358444213868,0.00039229393005371096,0.976878612716763
1160,44.91404604911804,0.016257636196328917,0.0016937732696533203,0.00046985149383544923,0.00040514469146728515,0.976878612716763
1165,45.09872317314148,0.24614373356514535,0.001408219337463379,0.00040605068206787107,0.00038728713989257815,0.976878612716763
1170,45.27775692939758,0.021522005635574715,0.001408219337463379,0.00040605068206787107,0.0003722190856933594,0.976878612716763
1175,45.46290111541748,0.0910669905334089,0.0012745141983032226,0.00037994384765625,0.00038287639617919924,0.976878612716763
1180,45.64017605781555,0.19371616757259744,0.001726245880126953,0.0004708290100097656,0.00037512779235839846,0.9826589595375722
1185,45.825037240982056,0.11109935899030461,0.0016756296157836915,0.00045826435089111326,0.0004096269607543945,0.9826589595375722
1190,46.002148151397705,0.11772940716505217,0.0016756296157836915,0.00045826435089111326,0.0004056692123413086,0.9826589595375722
1195,46.188679933547974,0.06016471805605761,0.001592540740966797,0.0004447221755981445,0.0004109621047973633,0.976878612716763
1200,46.36767220497131,0.015270785100710782,0.001592540740966797,0.0004447221755981445,0.0003729820251464844,0.976878612716763
1205,46.549793004989624,0.0075171254160522945,0.001408219337463379,0.00040605068206787107,0.0004125833511352539,0.976878612716763
1210,46.729092836380005,0.31218497921954624,0.0014406919479370117,0.0004070281982421875,0.000397038459777832,0.976878612716763
1215,46.91275715827942,0.03722546337108312,0.001758718490600586,0.00047180652618408205,0.00036880970001220705,0.976878612716763
1220,47.091793060302734,0.06135766340162405,0.0015419244766235352,0.00043215751647949217,0.0003951311111450195,0.976878612716763
1225,47.27501702308655,0.035131852081656235,0.0016756296157836915,0.00045826435089111326,0.00038018226623535154,0.976878612716763
1230,47.44840717315674,0.10337966518408451,0.0016756296157836915,0.00045826435089111326,0.0003637552261352539,0.976878612716763
1235,47.62906503677368,0.09133516311799354,0.0015094518661499024,0.0004311800003051758,0.0003793954849243164,0.9710982658959537
1240,47.804142236709595,0.13115665164274617,0.0015094518661499024,0.0004311800003051758,0.00037848949432373047,0.976878612716763
1245,47.98434114456177,0.001497223766240552,0.0016250133514404297,0.00044569969177246096,0.0003762960433959961,0.976878612716763
1250,48.15906119346619,0.8113815434281619,0.0018599510192871093,0.0004969358444213868,0.00039124488830566406,0.9826589595375722
1255,48.33654713630676,0.012088705437508906,0.0016431570053100585,0.0004572868347167969,0.0004068613052368164,0.9710982658959537
1260,48.514094829559326,0.35694382180481626,0.0015237808227539062,0.00042057037353515625,0.0004071712493896484,0.9595375722543352
1265,48.69665312767029,0.0011078326073430845,0.0012926578521728516,0.00039153099060058595,0.0003717660903930664,0.953757225433526
1270,48.87615895271301,0.264546610186818,0.0015419244766235352,0.00043215751647949217,0.0004045009613037109,0.9710982658959537
1275,49.0597710609436,0.08155726078605312,0.001592540740966797,0.0004447221755981445,0.00040283203125,0.9710982658959537
1280,49.24076509475708,0.034100146372901464,0.001758718490600586,0.00047180652618408205,0.0004101991653442383,0.976878612716763
1285,49.424864053726196,0.04107789525348835,0.0015094518661499024,0.0004311800003051758,0.0003951549530029297,0.976878612716763
1290,49.60622501373291,0.017391852376954377,0.0012745141983032226,0.00037994384765625,0.00037190914154052737,0.976878612716763
1295,49.79337501525879,0.039099836030347036,0.001758718490600586,0.00047180652618408205,0.00040118694305419923,0.976878612716763
1300,49.97280216217041,0.07030183824777084,0.0016756296157836915,0.00045826435089111326,0.00040001869201660155,0.976878612716763
1305,50.156843185424805,0.031361055834258876,0.0016250133514404297,0.00044569969177246096,0.000389862060546875,0.9826589595375722
1310,50.3354172706604,0.020914778656562306,0.001574397087097168,0.0004331350326538086,0.0003974437713623047,0.9826589595375722
1315,50.51533389091492,0.01500448680274218,0.0014913082122802734,0.00041959285736083987,0.0003948211669921875,0.9826589595375722
1320,50.69197607040405,0.03530360285377867,0.0019936561584472656,0.0005230426788330079,0.000404810905456543,0.9826589595375722
1325,50.873316287994385,0.007808983006856352,0.0016756296157836915,0.00045826435089111326,0.0003848075866699219,0.9826589595375722
1330,51.05095815658569,0.05129909500871292,0.0013757467269897461,0.0004050731658935547,0.0003518581390380859,0.9826589595375722
1335,51.23511004447937,0.09466863371942794,0.0016937732696533203,0.00046985149383544923,0.0003814697265625,0.9826589595375722
1340,51.41270995140076,0.11662370389346961,0.001758718490600586,0.00047180652618408205,0.0003866434097290039,0.9826589595375722
1345,51.59431719779968,0.041389098985415276,0.0014588356018066407,0.0004186153411865234,0.00035657882690429685,0.9826589595375722
1350,51.770626068115234,0.01769658285118112,0.0016250133514404297,0.00044569969177246096,0.00037550926208496094,0.9826589595375722
1355,51.95080518722534,0.03914568973348622,0.0015419244766235352,0.00043215751647949217,0.0003888130187988281,0.976878612716763
1360,52.125646114349365,0.1694564703559564,0.001592540740966797,0.0004447221755981445,0.00036118030548095705,0.976878612716763
1365,52.30646300315857,0.012236353957463563,0.001408219337463379,0.00040605068206787107,0.00037698745727539064,0.976878612716763
1370,52.49133610725403,0.00030515377965798505,0.001592540740966797,0.0004447221755981445,0.0004032135009765625,0.9653179190751445
1375,52.70027804374695,0.003927473425892458,0.0014913082122802734,0.00041959285736083987,0.0004682779312133789,0.9653179190751445
1380,52.89311599731445,0.13424948797733122,0.0018093347549438476,0.00048437118530273435,0.0004212617874145508,0.9595375722543352
1385,53.08350396156311,0.0002802872523481881,0.001408219337463379,0.00040605068206787107,0.0003746986389160156,0.9653179190751445
1390,53.26921200752258,0.004213958997411282,0.0017768621444702148,0.00048339366912841797,0.0003921985626220703,0.953757225433526
1395,53.474404096603394,0.023483230801366516,0.0016250133514404297,0.00044569969177246096,0.0004277944564819336,0.9479768786127167
1400,53.66772794723511,0.0038442753762879533,0.0015419244766235352,0.00043215751647949217,0.0004017114639282227,0.953757225433526
1405,53.86205816268921,0.027528999176934833,0.001726245880126953,0.0004708290100097656,0.00038335323333740237,0.9653179190751445
1410,54.0426549911499,0.010871193411551872,0.0016756296157836915,0.00045826435089111326,0.00039861202239990237,0.976878612716763
1415,54.232152223587036,0.003538906202737735,0.001726245880126953,0.0004708290100097656,0.0003867626190185547,0.9884393063583815
1420,54.41187000274658,0.0031206511239190602,0.0017768621444702148,0.00048339366912841797,0.0003814220428466797,0.9826589595375722
1425,54.61545515060425,0.03988593201838882,0.0012745141983032226,0.00037994384765625,0.00048453807830810546,0.9826589595375722
1430,54.810312032699585,0.01047170140864324,0.001408219337463379,0.00040605068206787107,0.0003964662551879883,0.9826589595375722
1435,55.0011510848999,0.02037557718794005,0.001560068130493164,0.00044374465942382814,0.00036730766296386717,0.9826589595375722
1440,55.18592810630798,0.007805696175566368,0.0016106843948364257,0.0004563093185424805,0.00035419464111328123,0.9826589595375722
1445,55.36678194999695,0.10228949922765196,0.0015094518661499024,0.0004311800003051758,0.00035014152526855467,0.9826589595375722
1450,55.54064702987671,0.00872284156605616,0.001574397087097168,0.0004331350326538086,0.00037610530853271484,0.9826589595375722
1455,55.72173023223877,0.010471716387735341,0.0013576030731201171,0.00039348602294921877,0.0003782510757446289,0.9826589595375722
1460,55.89862513542175,0.0730477955193308,0.0016250133514404297,0.00044569969177246096,0.00035927295684814455,0.9826589595375722
1465,56.08119511604309,0.003139217850187492,0.0017081022262573243,0.0004592418670654297,0.00038359165191650393,0.9826589595375722
1470,56.32060194015503,0.14659632158801514,0.0018093347549438476,0.00048437118530273435,0.0004271984100341797,0.9826589595375722
1475,56.51019811630249,0.39660250396700575,0.0016756296157836915,0.00045826435089111326,0.00039179325103759765,0.9826589595375722
1480,56.691993951797485,0.006223761340167755,0.001726245880126953,0.0004708290100097656,0.00035307407379150393,0.9826589595375722
1485,56.87598490715027,0.0017996641552684878,0.001726245880126953,0.0004708290100097656,0.0003726482391357422,0.9710982658959537
1490,57.057892084121704,0.023180174082517623,0.0020261287689208986,0.0005240201950073242,0.0004061222076416016,0.9710982658959537
1495,57.23686623573303,0.0040892849328088236,0.0016756296157836915,0.00045826435089111326,0.0003863096237182617,0.9710982658959537
1500,57.421091079711914,0.0021406696301284,0.0019936561584472656,0.0005230426788330079,0.0003847360610961914,0.9710982658959537
1505,57.59537100791931,0.0005555788064867783,0.0016106843948364257,0.0004563093185424805,0.00035793781280517577,0.9710982658959537
1510,57.778011083602905,0.3493948900203591,0.0012238979339599609,0.0003673791885375977,0.000365447998046875,0.9710982658959537
1515,57.95810317993164,0.00042836695226355914,0.0014588356018066407,0.0004186153411865234,0.00035498142242431643,0.9710982658959537
1520,58.14084315299988,0.09383107023595585,0.0012745141983032226,0.00037994384765625,0.0003902673721313477,0.9653179190751445
1525,58.316020011901855,6.863513979169512e-05,0.0016756296157836915,0.00045826435089111326,0.00035717487335205076,0.9710982658959537
1530,58.49924683570862,0.17527041824724848,0.0019430398941040039,0.0005104780197143554,0.00039958953857421875,0.976878612716763
1535,58.67642021179199,0.004058472230846632,0.0014588356018066407,0.0004186153411865234,0.0003546237945556641,0.976878612716763
1540,58.86015605926514,0.0632943921137695,0.0016756296157836915,0.00045826435089111326,0.0004027128219604492,0.9826589595375722
1545,59.05737614631653,0.009559916113606449,0.001592540740966797,0.0004447221755981445,0.0004065513610839844,0.9826589595375722
1550,59.24951505661011,0.347831613531163,0.0013251304626464844,0.00039250850677490233,0.00037763118743896487,0.9710982658959537
1555,59.42722415924072,0.12209812847900281,0.0015237808227539062,0.00042057037353515625,0.0003901481628417969,0.9826589595375722
1560,59.61976099014282,0.025519292294873708,0.0016756296157836915,0.00045826435089111326,0.00040454864501953124,0.9826589595375722
1565,59.80051803588867,0.12693456591806296,0.0016250133514404297,0.00044569969177246096,0.00040130615234375,0.9826589595375722
1570,59.984281063079834,0.02812451346769649,0.0015419244766235352,0.00043215751647949217,0.0003974437713623047,0.9826589595375722
1575,60.163758993148804,0.03740644225348007,0.0017768621444702148,0.00048339366912841797,0.0003750085830688477,0.9826589595375722
1580,60.34678602218628,0.006264699227314452,0.0014588356018066407,0.0004186153411865234,0.0003811359405517578,0.9826589595375722
1585,60.522599935531616,0.05486445415707806,0.0014588356018066407,0.0004186153411865234,0.00035247802734375,0.9826589595375722
1590,60.70527219772339,0.029012423462381774,0.001892423629760742,0.0004979133605957031,0.00042204856872558595,0.9826589595375722
1595,60.88495111465454,0.024932021321781406,0.0017768621444702148,0.00048339366912841797,0.00036115646362304686,0.9826589595375722
1600,61.068954944610596,0.03348129337769592,0.001726245880126953,0.0004708290100097656,0.00042011737823486326,0.9710982658959537
1605,61.25041604042053,0.30016800167234126,0.0013069868087768554,0.0003809213638305664,0.00035278797149658204,0.9710982658959537
1610,61.431220054626465,0.07806893381692674,0.0012926578521728516,0.00039153099060058595,0.00037572383880615237,0.976878612716763
1615,61.609602212905884,0.014203375630677329,0.0016756296157836915,0.00045826435089111326,0.00039417743682861327,0.9710982658959537
1620,61.80222010612488,0.06824125512112289,0.0015419244766235352,0.00043215751647949217,0.00037932395935058594,0.9826589595375722
1625,61.980180978775024,0.058070211323520485,0.001726245880126953,0.0004708290100097656,0.0003804922103881836,0.976878612716763
1630,62.16110706329346,0.03148989546976964,0.001408219337463379,0.00040605068206787107,0.00036420822143554685,0.976878612716763
1635,62.33879089355469,0.014491535418052592,0.0014588356018066407,0.0004186153411865234,0.0003627777099609375,0.976878612716763
1640,62.5215950012207,0.01273519315878957,0.0016250133514404297,0.00044569969177246096,0.00039975643157958985,0.976878612716763
1645,62.700860023498535,0.060174977348896166,0.001892423629760742,0.0004979133605957031,0.00039560794830322265,0.976878612716763
1650,62.88445019721985,0.0210428187628267,0.0014913082122802734,0.00041959285736083987,0.00037980079650878906,0.9710982658959537
1655,63.059646129608154,0.006038272820450175,0.001574397087097168,0.0004331350326538086,0.0003798723220825195,0.9710982658959537
1660,63.24043607711792,0.0028359693199107028,0.0015419244766235352,0.00043215751647949217,0.0003603458404541016,0.9710982658959537
1665,63.418673038482666,0.013801522193367078,0.0019430398941040039,0.0005104780197143554,0.0003844261169433594,0.9710982658959537
1670,63.59965109825134,0.007582066577107582,0.001592540740966797,0.0004447221755981445,0.00036995410919189454,0.976878612716763
1675,63.77938890457153,0.03812716306469639,0.001426362991333008,0.00041763782501220704,0.0003594398498535156,0.976878612716763
1680,63.97691011428833,0.1629737827514262,0.001726245880126953,0.0004708290100097656,0.0004163503646850586,0.9826589595375722
1685,64.16300702095032,0.032014216806430795,0.001758718490600586,0.00047180652618408205,0.000412750244140625,0.976878612716763
1690,64.3515772819519,0.032231026451370326,0.001592540740966797,0.0004447221755981445,0.00037024021148681643,0.976878612716763
1695,64.5267231464386,0.004940196188032075,0.0015419244766235352,0.00043215751647949217,0.0003733634948730469,0.976878612716763
1700,64.71199011802673,0.018999295332548627,0.0015419244766235352,0.00043215751647949217,0.00036773681640625,0.9710982658959537
1705,64.89242720603943,0.011473467307510532,0.0014588356018066407,0.0004186153411865234,0.0003637552261352539,0.9710982658959537
1710,65.11288714408875,0.0008867048284983525,0.0014913082122802734,0.00041959285736083987,0.000388336181640625,0.9710982658959537
1715,65.30340099334717,5.700158077956985e-05,0.001592540740966797,0.0004447221755981445,0.00036070346832275393,0.9710982658959537
1720,65.49936318397522,0.03158555450743563,0.0015419244766235352,0.00043215751647949217,0.00036749839782714846,0.9710982658959537
1725,65.74391198158264,0.13906581077759056,0.0016756296157836915,0.00045826435089111326,0.00038607120513916015,0.976878612716763
1730,65.93132305145264,0.0023169517517786175,0.0015419244766235352,0.00043215751647949217,0.0003670692443847656,0.976878612716763
1735,66.15234589576721,2.3841985921535526e-06,0.001726245880126953,0.0004708290100097656,0.0003890514373779297,0.976878612716763
1740,66.34608316421509,0.0010308190006995232,0.0016250133514404297,0.00044569969177246096,0.00037953853607177737,0.9710982658959537
1745,66.5382809638977,0.002790799927623766,0.001592540740966797,0.0004447221755981445,0.0003683805465698242,0.9710982658959537
1750,66.71011805534363,0.0009658399507827653,0.001592540740966797,0.0004447221755981445,0.00035791397094726564,0.9710982658959537
1755,66.88937497138977,0.006176174438340354,0.001892423629760742,0.0004979133605957031,0.00036995410919189454,0.9710982658959537
1760,67.06432604789734,0.0001586293754613166,0.0016431570053100585,0.0004572868347167969,0.00034415721893310547,0.9710982658959537
1765,67.24324607849121,0.0016164628357969945,0.001592540740966797,0.0004447221755981445,0.00038378238677978517,0.9710982658959537
1770,67.41628909111023,0.07492693729600716,0.001408219337463379,0.00040605068206787107,0.00039680004119873046,0.9826589595375722
1775,67.59511089324951,0.024910765279628322,0.001408219337463379,0.00040605068206787107,0.00034961700439453127,0.9826589595375722
1780,67.76506304740906,0.0033335469891348168,0.0016937732696533203,0.00046985149383544923,0.0003337860107421875,0.9826589595375722
1785,67.93932008743286,0.01588634104560214,0.001393890380859375,0.0004166603088378906,0.000328516960144043,0.9826589595375722
1790,68.10921597480774,1.6993885287774903e-05,0.0015094518661499024,0.0004311800003051758,0.00034453868865966795,0.9826589595375722
1795,68.28682804107666,0.005533939613088989,0.0016574859619140625,0.00044667720794677734,0.0003695487976074219,0.9826589595375722
1800,68.4541552066803,0.0012162552247900749,0.0012238979339599609,0.0003673791885375977,0.0003290653228759766,0.9826589595375722
1805,68.6302559375763,0.02435655426234149,0.001758718490600586,0.00047180652618408205,0.00037128925323486327,0.9826589595375722
1810,68.8023612499237,0.12358547498006515,0.0017081022262573243,0.0004592418670654297,0.0003766536712646484,0.9826589595375722
1815,68.98104500770569,0.0041660468134082865,0.001726245880126953,0.0004708290100097656,0.00035526752471923826,0.976878612716763
1820,69.15207314491272,0.33822743631899355,0.001892423629760742,0.0004979133605957031,0.0003964662551879883,0.9826589595375722
1825,69.32762026786804,0.003684238966218345,0.0015094518661499024,0.0004311800003051758,0.00035028457641601564,0.9826589595375722
1830,69.4975152015686,0.000923328592443795,0.001726245880126953,0.0004708290100097656,0.0003688335418701172,0.9710982658959537
1835,69.67262506484985,0.10292096182529349,0.0020261287689208986,0.0005240201950073242,0.00038270950317382814,0.9653179190751445
1840,69.84633207321167,0.0001281373013625853,0.0018093347549438476,0.00048437118530273435,0.0003985881805419922,0.953757225433526
1845,70.02576422691345,0.00044291036120185366,0.0019936561584472656,0.0005230426788330079,0.00039122104644775393,0.930635838150289
1850,70.20210218429565,0.08199527432734754,0.001426362991333008,0.00041763782501220704,0.00035033226013183596,0.9479768786127167
1855,70.38096117973328,0.502678000604466,0.001408219337463379,0.00040605068206787107,0.00037450790405273436,0.976878612716763
1860,70.55152010917664,0.0008880864299044333,0.0012745141983032226,0.00037994384765625,0.0003368854522705078,0.976878612716763
1865,70.72592997550964,0.029354748966579792,0.0014588356018066407,0.0004186153411865234,0.00036542415618896485,0.9595375722543352
1870,70.90046215057373,0.13664578398675217,0.0016756296157836915,0.00045826435089111326,0.00035674571990966796,0.9248554913294798
1875,71.07673907279968,0.39164698460372166,0.001892423629760742,0.0004979133605957031,0.00041010379791259763,0.976878612716763
1880,71.25009417533875,0.03026231389782339,0.0015094518661499024,0.0004311800003051758,0.000373530387878418,0.9710982658959537
1885,71.4297502040863,0.04572138611657976,0.0015419244766235352,0.00043215751647949217,0.00036981105804443357,0.9653179190751445
1890,71.60591316223145,0.009737050535478886,0.0015419244766235352,0.00043215751647949217,0.0004021167755126953,0.9710982658959537
1895,71.78634810447693,1.1001596606185586,0.001592540740966797,0.0004447221755981445,0.0003869295120239258,0.976878612716763
1900,71.96421504020691,0.20197728371103524,0.00139007568359375,0.00039446353912353516,0.00038578510284423826,0.9710982658959537
1905,72.14535307884216,0.05108435452701201,0.001592540740966797,0.0004447221755981445,0.0003484964370727539,0.9595375722543352
1910,72.32185816764832,0.28155982898897775,0.0018418073654174806,0.0004853487014770508,0.00038037300109863283,0.9595375722543352
1915,72.50254702568054,0.09041790431298295,0.0014588356018066407,0.0004186153411865234,0.0003773689270019531,0.9595375722543352
1920,72.67700791358948,0.6013626080006376,0.0016431570053100585,0.0004572868347167969,0.0003756284713745117,0.9479768786127167
1925,72.85875797271729,1.1076639017795968,0.0015094518661499024,0.0004311800003051758,0.0003715038299560547,0.9653179190751445
1930,73.03392314910889,0.12102824209375171,0.0015419244766235352,0.00043215751647949217,0.00037319660186767577,0.976878612716763
1935,73.21955513954163,0.33887722043973695,0.0019755125045776366,0.0005114555358886718,0.0004120349884033203,0.9826589595375722
1940,73.40025496482849,0.10776742049793028,0.0016937732696533203,0.00046985149383544923,0.0004157543182373047,0.9710982658959537
1945,73.58815813064575,0.12038225324868108,0.0015419244766235352,0.00043215751647949217,0.00040044784545898435,0.9653179190751445
1950,73.77258920669556,0.20673448813395226,0.0013576030731201171,0.00039348602294921877,0.0004085540771484375,0.9653179190751445
1955,73.95936489105225,0.2230260060013279,0.0013757467269897461,0.0004050731658935547,0.0003913164138793945,0.976878612716763
1960,74.14224910736084,0.044833297963486986,0.001592540740966797,0.0004447221755981445,0.0004265069961547852,0.976878612716763
1965,74.33055996894836,0.18494043710597907,0.001592540740966797,0.0004447221755981445,0.00041792392730712893,0.9826589595375722
1970,74.51319813728333,0.047818837573322524,0.0016756296157836915,0.00045826435089111326,0.0004039764404296875,0.9826589595375722
1975,74.69963097572327,0.06407009116501286,0.0014913082122802734,0.00041959285736083987,0.00038213729858398436,0.9884393063583815
1980,74.87940406799316,0.022245006779668584,0.0014588356018066407,0.0004186153411865234,0.0003939628601074219,0.9884393063583815
1985,75.06594014167786,0.09569808996757416,0.0016250133514404297,0.00044569969177246096,0.0004114389419555664,0.9884393063583815
1990,75.25055599212646,0.09287568372401438,0.001892423629760742,0.0004979133605957031,0.00042324066162109376,0.9884393063583815
1995,75.43285417556763,0.016068574634778086,0.0013576030731201171,0.00039348602294921877,0.00036864280700683595,0.9884393063583815
2000,75.60973811149597,0.014918968733763905,0.0017081022262573243,0.0004592418670654297,0.0004029989242553711,0.9884393063583815
2005,75.83643817901611,0.04888144607590021,0.0016756296157836915,0.00045826435089111326,0.0003920078277587891,0.9884393063583815
2010,76.01426005363464,0.16372629456610924,0.001726245880126953,0.0004708290100097656,0.0003855466842651367,0.9884393063583815
2015,76.19805216789246,0.0527395611891734,0.001592540740966797,0.0004447221755981445,0.00039522647857666017,0.976878612716763
2020,76.38025498390198,0.049199445927638405,0.0014769792556762694,0.0004302024841308594,0.0003728389739990234,0.9595375722543352
2025,76.5626950263977,0.23255938041197624,0.001758718490600586,0.00047180652618408205,0.0004131793975830078,0.9595375722543352
2030,76.73967504501343,0.06625642195241994,0.001758718490600586,0.00047180652618408205,0.0004070043563842773,0.9595375722543352
2035,76.9226131439209,0.027926004311474628,0.0014588356018066407,0.0004186153411865234,0.00038225650787353515,0.9653179190751445
2040,77.10103702545166,0.0261294479013884,0.0015419244766235352,0.00043215751647949217,0.00041730403900146483,0.9653179190751445
2045,77.28625202178955,0.03644978551154878,0.001592540740966797,0.0004447221755981445,0.00039048194885253905,0.9653179190751445
2050,77.46405410766602,0.09845809266466858,0.0015419244766235352,0.00043215751647949217,0.00038607120513916015,0.9884393063583815
2055,77.64796614646912,0.0005138032276406079,0.0014588356018066407,0.0004186153411865234,0.00037374496459960935,0.9884393063583815
2060,77.82389521598816,0.0003496537308620873,0.0016250133514404297,0.00044569969177246096,0.0003650665283203125,0.9826589595375722
2065,78.00535893440247,0.02412675730941345,0.0014588356018066407,0.0004186153411865234,0.0003427267074584961,0.9826589595375722
2070,78.1795060634613,0.053645698040856615,0.0016756296157836915,0.00045826435089111326,0.00037786960601806643,0.9884393063583815
2075,78.36003112792969,0.010490597784610145,0.0015419244766235352,0.00043215751647949217,0.00035996437072753905,0.9884393063583815
2080,78.5381121635437,0.00012285991322329436,0.0016756296157836915,0.00045826435089111326,0.0003613948822021484,0.9884393063583815
2085,78.71732306480408,0.01145957382408085,0.0016250133514404297,0.00044569969177246096,0.00036623477935791013,0.9884393063583815
2090,78.89243817329407,0.005037278965399139,0.0016431570053100585,0.0004572868347167969,0.0003696918487548828,0.9884393063583815
2095,79.07235312461853,6.000209141348023e-05,0.0015419244766235352,0.00043215751647949217,0.00035777091979980467,0.9884393063583815
2100,79.24676203727722,0.004102812259463917,0.0020261287689208986,0.0005240201950073242,0.00041351318359375,0.9884393063583815
2105,79.42818427085876,1.740460373866881e-06,0.0016106843948364257,0.0004563093185424805,0.0003377676010131836,0.9884393063583815
2110,79.60519313812256,0.11442692618411457,0.0016250133514404297,0.00044569969177246096,0.0003812074661254883,0.9884393063583815
2115,79.78383111953735,0.01220691665977398,0.0014588356018066407,0.0004186153411865234,0.00036787986755371094,0.9884393063583815
2120,79.95580005645752,0.02761172520267934,0.0013251304626464844,0.00039250850677490233,0.0003542184829711914,0.9884393063583815
2125,80.13524723052979,0.008554097550342022,0.0016937732696533203,0.00046985149383544923,0.00035631656646728516,0.9826589595375722
2130,80.30933094024658,0.007626967515193428,0.001393890380859375,0.0004166603088378906,0.0003456830978393555,0.9826589595375722
2135,80.48461294174194,7.227883943841106e-05,0.001408219337463379,0.00040605068206787107,0.00034525394439697263,0.9826589595375722
2140,80.65656518936157,0.015568657719272494,0.0017081022262573243,0.0004592418670654297,0.000357818603515625,0.9826589595375722
2145,80.83451128005981,0.007441954984734878,0.0013069868087768554,0.0003809213638305664,0.000359344482421875,0.9826589595375722
2150,81.00719118118286,0.04222785867757608,0.001892423629760742,0.0004979133605957031,0.0003709316253662109,0.9826589595375722
2155,81.18135094642639,0.19202634985574604,0.0016250133514404297,0.00044569969177246096,0.0003698825836181641,0.9826589595375722
2160,81.35656929016113,0.20128868055546434,0.0016756296157836915,0.00045826435089111326,0.00037512779235839846,0.9826589595375722
2165,81.53703999519348,0.04884357405826449,0.0018093347549438476,0.00048437118530273435,0.00040285587310791017,0.9826589595375722
2170,81.71114087104797,0.011417270683168113,0.001592540740966797,0.0004447221755981445,0.00036289691925048826,0.9826589595375722
2175,81.888356924057,0.004158610152083497,0.0018599510192871093,0.0004969358444213868,0.00037887096405029295,0.9826589595375722
2180,82.06110906600952,0.18727724542889063,0.001892423629760742,0.0004979133605957031,0.0003924846649169922,0.9884393063583815
2185,82.2401340007782,0.012771381816504857,0.0018599510192871093,0.0004969358444213868,0.00039353370666503904,0.9884393063583815
2190,82.41532015800476,0.06679513681556273,0.0018599510192871093,0.0004969358444213868,0.00039680004119873046,0.9884393063583815
2195,82.59347414970398,0.003825878596472876,0.001426362991333008,0.00041763782501220704,0.00037250518798828127,0.9884393063583815
2200,82.7685079574585,0.28326283171774663,0.001408219337463379,0.00040605068206787107,0.0003709554672241211,0.9884393063583815
2205,82.94752216339111,0.0043504868208444234,0.0012238979339599609,0.0003673791885375977,0.0003600358963012695,0.9884393063583815
2210,83.12026405334473,0.2583532383208421,0.001560068130493164,0.00044374465942382814,0.00036525726318359375,0.9884393063583815
2215,83.29870223999023,0.03464309130720267,0.0018418073654174806,0.0004853487014770508,0.0003832101821899414,0.9884393063583815
2220,83.47482085227966,0.0395017520324501,0.001758718490600586,0.00047180652618408205,0.00038275718688964846,0.9884393063583815
2225,83.65706396102905,0.02570486179528473,0.0014769792556762694,0.0004302024841308594,0.0003527402877807617,0.9884393063583815
2230,83.83146500587463,0.037679783209296144,0.0016250133514404297,0.00044569969177246096,0.00037496089935302735,0.9884393063583815
2235,84.01068711280823,0.0013616070600861007,0.0014913082122802734,0.00041959285736083987,0.000365447998046875,0.9884393063583815
2240,84.18374705314636,0.29705296890171695,0.001592540740966797,0.0004447221755981445,0.00037508010864257814,0.9884393063583815
2245,84.36393618583679,0.12382862498325267,0.0015237808227539062,0.00042057037353515625,0.0003704071044921875,0.9826589595375722
2250,84.53640604019165,0.017836500129374145,0.0014588356018066407,0.0004186153411865234,0.0003664970397949219,0.9826589595375722
2255,84.7154951095581,0.10357196079567074,0.001758718490600586,0.00047180652618408205,0.0003918647766113281,0.976878612716763
2260,84.88931322097778,0.025175103322001745,0.0016756296157836915,0.00045826435089111326,0.00040924549102783203,0.976878612716763
2265,85.06570196151733,0.00048415611995551445,0.001426362991333008,0.00041763782501220704,0.0003489017486572266,0.976878612716763
2270,85.24277710914612,0.2581610662455205,0.0015094518661499024,0.0004311800003051758,0.00035614967346191405,0.9826589595375722
2275,85.41994595527649,0.05539952037011346,0.0016250133514404297,0.00044569969177246096,0.0003643035888671875,0.976878612716763
2280,85.5892481803894,0.9704123954288718,0.0019430398941040039,0.0005104780197143554,0.00036852359771728517,0.9826589595375722
2285,85.76405906677246,0.012541164213808997,0.0017768621444702148,0.00048339366912841797,0.0003887653350830078,0.9826589595375722
2290,85.93643498420715,0.2806262478410645,0.0013576030731201171,0.00039348602294921877,0.00036158561706542967,0.9826589595375722
2295,86.11725115776062,0.10173202292603634,0.0014588356018066407,0.0004186153411865234,0.0003682374954223633,0.9653179190751445
2300,86.2952630519867,0.12148134352978275,0.0014588356018066407,0.0004186153411865234,0.0004021644592285156,0.9884393063583815
2305,86.47753620147705,0.006843189830399865,0.0014588356018066407,0.0004186153411865234,0.00039091110229492185,0.9884393063583815
2310,86.65495705604553,0.1331647881338583,0.0016756296157836915,0.00045826435089111326,0.0004017114639282227,0.9826589595375722
2315,86.84308004379272,0.045452286251543225,0.0015419244766235352,0.00043215751647949217,0.0003911733627319336,0.9826589595375722
2320,87.02352690696716,0.03129887651134737,0.0014913082122802734,0.00041959285736083987,0.0003862142562866211,0.9884393063583815
2325,87.20533609390259,0.004257434080501809,0.001592540740966797,0.0004447221755981445,0.00036733150482177735,0.9884393063583815
2330,87.38086605072021,0.03775107910485076,0.0016250133514404297,0.00044569969177246096,0.00039577484130859375,0.9884393063583815
2335,87.56149888038635,0.0264574368914964,0.0018093347549438476,0.00048437118530273435,0.0003889322280883789,0.9884393063583815
2340,87.73750305175781,0.004622571931668063,0.001574397087097168,0.0004331350326538086,0.0003786325454711914,0.9826589595375722
2345,87.94616723060608,0.00815091791607898,0.0014406919479370117,0.0004070281982421875,0.0004014253616333008,0.9826589595375722
2350,88.13207197189331,0.006196072232432926,0.0018599510192871093,0.0004969358444213868,0.0003794431686401367,0.9826589595375722
2355,88.31900405883789,0.008160604503436275,0.0018093347549438476,0.00048437118530273435,0.00039854049682617185,0.9826589595375722
2360,88.49903917312622,0.013759904591705664,0.0013251304626464844,0.00039250850677490233,0.00035800933837890623,0.9826589595375722
2365,88.68502521514893,0.03600459740076332,0.001744389533996582,0.0004824161529541016,0.0003628730773925781,0.9826589595375722
2370,88.86581516265869,0.11415272188941117,0.0016756296157836915,0.00045826435089111326,0.00040678977966308595,0.9826589595375722
2375,89.05561804771423,0.0329468326657917,0.0016250133514404297,0.00044569969177246096,0.00037596225738525393,0.9826589595375722
2380,89.23587012290955,0.012557717438922112,0.0015094518661499024,0.0004311800003051758,0.00038299560546875,0.9826589595375722
2385,89.4188129901886,0.013921888096913904,0.001574397087097168,0.0004331350326538086,0.000384521484375,0.9826589595375722
2390,89.59883093833923,0.008234766463698407,0.001560068130493164,0.00044374465942382814,0.0003766059875488281,0.9826589595375722
2395,89.78198099136353,0.006378369582130006,0.001574397087097168,0.0004331350326538086,0.00037689208984375,0.9826589595375722
2400,89.97539901733398,8.802588875482798e-05,0.0013757467269897461,0.0004050731658935547,0.00044405460357666016,0.9826589595375722
2405,90.1647880077362,5.0474225294294686e-05,0.0017081022262573243,0.0004592418670654297,0.00039479732513427737,0.9826589595375722
2410,90.3491039276123,0.014050871604598569,0.0014588356018066407,0.0004186153411865234,0.0003459930419921875,0.9826589595375722
2415,90.53134322166443,0.07477271492011824,0.0016756296157836915,0.00045826435089111326,0.0003901481628417969,0.9710982658959537
2420,90.71355819702148,0.0003458144144971698,0.0016756296157836915,0.00045826435089111326,0.0003634452819824219,0.9653179190751445
2425,90.90639805793762,8.843613330924426e-05,0.001592540740966797,0.0004447221755981445,0.00040013790130615233,0.953757225433526
2430,91.12103199958801,0.008065360997284188,0.0016250133514404297,0.00044569969177246096,0.00042026042938232423,0.9595375722543352
2435,91.30679202079773,0.0012768183393177424,0.0016431570053100585,0.0004572868347167969,0.0003742694854736328,0.9595375722543352
2440,91.49158000946045,0.0001864610284030732,0.0016250133514404297,0.00044569969177246096,0.0003743171691894531,0.9653179190751445
2445,91.67074799537659,0.08071563445307177,0.0019430398941040039,0.0005104780197143554,0.0004110813140869141,0.9884393063583815
2450,91.85338711738586,2.197782578150509e-05,0.0015275955200195312,0.0004427671432495117,0.0003411054611206055,0.9826589595375722
2455,92.03582692146301,0.03503894694731855,0.001574397087097168,0.0004331350326538086,0.00041351318359375,0.9826589595375722
2460,92.239755153656,0.022887978699145606,0.001408219337463379,0.00040605068206787107,0.0003965854644775391,0.9826589595375722
2465,92.42475199699402,0.047018881817433564,0.001426362991333008,0.00041763782501220704,0.0003811359405517578,0.9826589595375722
2470,92.6064772605896,0.012741458415999319,0.0016431570053100585,0.0004572868347167969,0.00035643577575683594,0.9826589595375722
2475,92.78537821769714,0.01093983059893162,0.0014769792556762694,0.0004302024841308594,0.00033724308013916016,0.9826589595375722
2480,92.96368217468262,4.237930103556664e-06,0.001408219337463379,0.00040605068206787107,0.0003430366516113281,0.9826589595375722
2485,93.13578295707703,0.012187168614082821,0.0016250133514404297,0.00044569969177246096,0.00038654804229736327,0.9826589595375722
2490,93.31435704231262,0.038091891556553036,0.0015237808227539062,0.00042057037353515625,0.0003745555877685547,0.9826589595375722
2495,93.48735904693604,0.0057241255768474275,0.0016756296157836915,0.00045826435089111326,0.00037109851837158203,0.9826589595375722
2500,93.66539025306702,0.15191407948732943,0.001758718490600586,0.00047180652618408205,0.00038216114044189455,0.9826589595375722
2505,93.84021997451782,0.24342906850215584,0.001758718490600586,0.00047180652618408205,0.0004218339920043945,0.9826589595375722
2510,94.01695895195007,0.056139902993894,0.0016756296157836915,0.00045826435089111326,0.0003635883331298828,0.9826589595375722
2515,94.18911910057068,0.01902118445237875,0.0016431570053100585,0.0004572868347167969,0.00035235881805419924,0.976878612716763
2520,94.36688113212585,0.04271016336571236,0.0019430398941040039,0.0005104780197143554,0.00039210319519042967,0.976878612716763
2525,94.53957414627075,0.03393904119839135,0.0018093347549438476,0.00048437118530273435,0.0003995656967163086,0.9884393063583815
2530,94.71570897102356,0.14169737023767084,0.0017768621444702148,0.00048339366912841797,0.00036978721618652344,0.9884393063583815
2535,94.88705015182495,0.0003272701767883746,0.0018599510192871093,0.0004969358444213868,0.0003761768341064453,0.9479768786127167
2540,95.0633111000061,0.7817185566447791,0.0013251304626464844,0.00039250850677490233,0.0003521203994750977,0.9884393063583815
2545,95.23714590072632,0.003298796247690916,0.0014588356018066407,0.0004186153411865234,0.00035588741302490235,0.9653179190751445
2550,95.41459894180298,0.0021690423975996966,0.0013576030731201171,0.00039348602294921877,0.0003645658493041992,0.9653179190751445
2555,95.58753323554993,2.2643433304234364,0.0015094518661499024,0.0004311800003051758,0.0003512859344482422,0.9653179190751445
2560,95.76882791519165,0.09956714895624827,0.001892423629760742,0.0004979133605957031,0.0004036188125610352,0.9653179190751445
2565,95.94945812225342,0.039687943609362716,0.0016250133514404297,0.00044569969177246096,0.0004142045974731445,0.9826589595375722
2570,96.1380181312561,0.06708582372411911,0.0016937732696533203,0.00046985149383544923,0.0004367828369140625,0.9595375722543352
2575,96.32133793830872,0.03827372986179398,0.0015419244766235352,0.00043215751647949217,0.0004231691360473633,0.9595375722543352
2580,96.5104808807373,0.009417639025832614,0.0013576030731201171,0.00039348602294921877,0.0003889560699462891,0.9595375722543352
2585,96.69768500328064,0.5678429757917911,0.0015419244766235352,0.00043215751647949217,0.00041792392730712893,0.9826589595375722
2590,96.88693904876709,0.046584684174052884,0.0017081022262573243,0.0004592418670654297,0.00042641162872314453,0.976878612716763
2595,97.07047295570374,0.19663373080838936,0.001408219337463379,0.00040605068206787107,0.00040819644927978513,0.976878612716763
2600,97.25922012329102,0.13536489701473328,0.001758718490600586,0.00047180652618408205,0.0004142045974731445,0.9826589595375722
2605,97.44382905960083,0.17361660263013617,0.001592540740966797,0.0004447221755981445,0.0004106283187866211,0.9710982658959537
2610,97.63919711112976,0.07454547541428838,0.001560068130493164,0.00044374465942382814,0.00040826797485351565,0.9653179190751445
2615,97.82150602340698,0.1970617087092336,0.0014588356018066407,0.0004186153411865234,0.00040721893310546875,0.9826589595375722
2620,98.0072090625763,0.03443689025020831,0.001758718490600586,0.00047180652618408205,0.0003998279571533203,0.9826589595375722
2625,98.18538904190063,0.18449835666881,0.001726245880126953,0.0004708290100097656,0.0003782033920288086,0.9826589595375722
2630,98.3708610534668,0.04662139373176686,0.0018274784088134766,0.0004959583282470703,0.00041851997375488283,0.976878612716763
2635,98.55200695991516,0.2829498603518005,0.00139007568359375,0.00039446353912353516,0.0004150629043579102,0.976878612716763
2640,98.73633599281311,0.018101415292585445,0.001426362991333008,0.00041763782501220704,0.00037834644317626955,0.976878612716763
2645,98.9167492389679,0.15968257232543692,0.0014913082122802734,0.00041959285736083987,0.00038928985595703124,0.9826589595375722
2650,99.10246419906616,0.07052683510797805,0.0014588356018066407,0.0004186153411865234,0.0004033327102661133,0.9826589595375722
2655,99.28320407867432,0.028967946291983536,0.0018093347549438476,0.00048437118530273435,0.00038967132568359377,0.9826589595375722
2660,99.46666026115417,0.0786881421228827,0.0014588356018066407,0.0004186153411865234,0.00038709640502929685,0.9826589595375722
2665,99.64537000656128,0.0131990830476866,0.0013576030731201171,0.00039348602294921877,0.00037200450897216796,0.9826589595375722
2670,99.82875609397888,0.01624306811087308,0.001592540740966797,0.0004447221755981445,0.00039412975311279295,0.9884393063583815
2675,100.00736427307129,0.02237668406132798,0.001758718490600586,0.00047180652618408205,0.0003977298736572266,0.9884393063583815
2680,100.19227027893066,0.024671343289662674,0.0016250133514404297,0.00044569969177246096,0.00038776397705078127,0.9826589595375722
2685,100.37125301361084,0.0015014121309093297,0.001574397087097168,0.0004331350326538086,0.0003809928894042969,0.9826589595375722
2690,100.5530481338501,0.005915310518089712,0.0015419244766235352,0.00043215751647949217,0.00037684440612792967,0.9826589595375722
2695,100.73067307472229,0.004756518151050671,0.0018599510192871093,0.0004969358444213868,0.00036935806274414064,0.9826589595375722
2700,100.91400599479675,0.005996685687986769,0.001892423629760742,0.0004979133605957031,0.0003924846649169922,0.9826589595375722
2705,101.0918481349945,0.007078707615355029,0.0012420415878295898,0.0003789663314819336,0.0003688335418701172,0.9826589595375722
2710,101.27745914459229,0.038674057945974026,0.0018274784088134766,0.0004959583282470703,0.0003776073455810547,0.9884393063583815
2715,101.45466208457947,0.09084413530857774,0.0016250133514404297,0.00044569969177246096,0.0003894329071044922,0.9826589595375722
2720,101.63877296447754,0.020565943608886528,0.001592540740966797,0.0004447221755981445,0.0003725290298461914,0.9826589595375722
2725,101.81495499610901,0.007675591689329053,0.0015419244766235352,0.00043215751647949217,0.0003824949264526367,0.976878612716763
2730,101.99668312072754,0.008875010916267457,0.0016250133514404297,0.00044569969177246096,0.00036747455596923827,0.976878612716763
2735,102.17144823074341,0.0015803144226779863,0.0015094518661499024,0.0004311800003051758,0.0003470897674560547,0.976878612716763
2740,102.3536810874939,0.003279041441811614,0.0015419244766235352,0.00043215751647949217,0.000385284423828125,0.976878612716763
2745,102.53085398674011,3.489028803329575e-05,0.0014588356018066407,0.0004186153411865234,0.0003492116928100586,0.976878612716763
2750,102.71091890335083,0.002295895554607341,0.001574397087097168,0.0004331350326538086,0.00037744045257568357,0.976878612716763
2755,102.88861799240112,0.06728296950395532,0.001592540740966797,0.0004447221755981445,0.0003721952438354492,0.976878612716763
2760,103.07231712341309,0.0036447828733038533,0.0015419244766235352,0.00043215751647949217,0.000366663932800293,0.976878612716763
2765,103.25204801559448,0.0006661235456363101,0.001726245880126953,0.0004708290100097656,0.00037262439727783205,0.976878612716763
2770,103.43558502197266,0.0004889798860816085,0.0015419244766235352,0.00043215751647949217,0.0003710031509399414,0.976878612716763
2775,103.61420512199402,0.00240473606354783,0.0016250133514404297,0.00044569969177246096,0.0003987550735473633,0.9710982658959537
2780,103.79663610458374,0.001543466948036354,0.0018599510192871093,0.0004969358444213868,0.000384974479675293,0.9710982658959537
2785,103.9732391834259,0.0018573318749673718,0.0014588356018066407,0.0004186153411865234,0.00035910606384277345,0.9710982658959537
2790,104.15736198425293,0.0003523498561222027,0.001892423629760742,0.0004979133605957031,0.00038487911224365233,0.9710982658959537
2795,104.33424019813538,0.008565660761968274,0.001744389533996582,0.0004824161529541016,0.000365447998046875,0.9710982658959537
2800,104.5156581401825,0.025621421421380575,0.0013576030731201171,0.00039348602294921877,0.0003849983215332031,0.976878612716763
2805,104.6930661201477,0.00926101411066611,0.0014588356018066407,0.0004186153411865234,0.00038738250732421874,0.976878612716763
2810,104.8756320476532,0.04161458208852196,0.0014588356018066407,0.0004186153411865234,0.0003856658935546875,0.9826589595375722
2815,105.0507481098175,0.001197261824358975,0.0016106843948364257,0.0004563093185424805,0.0003427267074584961,0.9826589595375722
2820,105.24016690254211,0.010038295894715077,0.0015094518661499024,0.0004311800003051758,0.0003493070602416992,0.9884393063583815
2825,105.41839122772217,0.0011038381176632583,0.0015419244766235352,0.00043215751647949217,0.00036873817443847654,0.9884393063583815
2830,105.59904408454895,0.00202336367194107,0.0013576030731201171,0.00039348602294921877,0.00037136077880859373,0.9884393063583815
2835,105.77224922180176,0.013011343406121511,0.001574397087097168,0.0004331350326538086,0.00036318302154541015,0.9884393063583815
2840,105.95463609695435,0.001073475089255993,0.001758718490600586,0.00047180652618408205,0.00037508010864257814,0.9884393063583815
2845,106.12706017494202,0.061085590068256576,0.001892423629760742,0.0004979133605957031,0.00039119720458984374,0.9884393063583815
2850,106.3071129322052,0.24226956159836846,0.0016756296157836915,0.00045826435089111326,0.0004166603088378906,0.9826589595375722
2855,106.48025512695312,0.0008364494030772107,0.001592540740966797,0.0004447221755981445,0.00035474300384521487,0.9826589595375722
2860,106.65810894966125,0.004408482085281662,0.001726245880126953,0.0004708290100097656,0.00039079189300537107,0.976878612716763
2865,106.82881426811218,0.02293181521821026,0.0020261287689208986,0.0005240201950073242,0.0003883600234985352,0.976878612716763
2870,107.00605797767639,0.027136132799410007,0.001726245880126953,0.0004708290100097656,0.0003628253936767578,0.9826589595375722
2875,107.18177914619446,0.001803320100862038,0.0018599510192871093,0.0004969358444213868,0.00039019584655761717,0.9826589595375722
2880,107.36115789413452,0.0005985943147663875,0.0016937732696533203,0.00046985149383544923,0.0003889322280883789,0.9826589595375722
2885,107.53664422035217,0.1132404187387607,0.001408219337463379,0.00040605068206787107,0.000354766845703125,0.976878612716763
2890,107.71421813964844,0.0008242801064625383,0.001408219337463379,0.00040605068206787107,0.0003626585006713867,0.976878612716763
2895,107.88895606994629,0.003650139785781903,0.0012745141983032226,0.00037994384765625,0.000372314453125,0.976878612716763
2900,108.06736421585083,0.03622633516817473,0.001726245880126953,0.0004708290100097656,0.0003715991973876953,0.9710982658959537
2905,108.23957896232605,0.21337170605703903,0.0016756296157836915,0.00045826435089111326,0.0003769397735595703,0.976878612716763
2910,108.41854596138,0.005697506091013338,0.0016756296157836915,0.00045826435089111326,0.00039417743682861327,0.9826589595375722
2915,108.59142398834229,0.042954349715729735,0.001592540740966797,0.0004447221755981445,0.00036833286285400393,0.9826589595375722
2920,108.77020120620728,0.013384413196158107,0.001592540740966797,0.0004447221755981445,0.0003523111343383789,0.9826589595375722
2925,108.94592428207397,0.0005260589384079139,0.001408219337463379,0.00040605068206787107,0.00037524700164794924,0.9826589595375722
2930,109.12811207771301,0.4766761933137005,0.0014406919479370117,0.0004070281982421875,0.00037841796875,0.9826589595375722
2935,109.30331921577454,0.027671199063161112,0.001758718490600586,0.00047180652618408205,0.00037453174591064455,0.9826589595375722
2940,109.48499798774719,0.023648213269782302,0.0015419244766235352,0.00043215751647949217,0.0003785133361816406,0.9826589595375722
2945,109.6577160358429,0.04634157747059646,0.0016756296157836915,0.00045826435089111326,0.00037567615509033204,0.9826589595375722
2950,109.83998107910156,0.03544277197089087,0.0016756296157836915,0.00045826435089111326,0.00038657188415527346,0.9826589595375722
2955,110.01410603523254,0.0006651179002844287,0.0015094518661499024,0.0004311800003051758,0.00038285255432128905,0.9826589595375722
2960,110.19375205039978,0.09241876590538282,0.0015094518661499024,0.0004311800003051758,0.0003725290298461914,0.9826589595375722
2965,110.41202688217163,0.0002707580937581611,0.0016250133514404297,0.00044569969177246096,0.0003571271896362305,0.9826589595375722
2970,110.58474802970886,0.020664098451393897,0.0018599510192871093,0.0004969358444213868,0.00038094520568847655,0.9826589595375722
2975,110.76305222511292,0.0028442942570308105,0.0016431570053100585,0.0004572868347167969,0.00038449764251708985,0.9826589595375722
2980,110.9363260269165,0.32566848099909934,0.0015237808227539062,0.00042057037353515625,0.00036919116973876953,0.9826589595375722
2985,111.11703515052795,0.0005197583656581628,0.0012926578521728516,0.00039153099060058595,0.00034601688385009765,0.9884393063583815
2990,111.29208397865295,0.03550304933360167,0.0015419244766235352,0.00043215751647949217,0.00035991668701171873,0.9884393063583815
2995,111.47094106674194,0.033817672152645174,0.001592540740966797,0.0004447221755981445,0.00037064552307128904,0.9884393063583815
3000,111.64991307258606,0.01145565705727165,0.001758718490600586,0.00047180652618408205,0.00039670467376708987,0.9826589595375722
3005,111.83062624931335,0.01414116478145786,0.0015094518661499024,0.0004311800003051758,0.0003595113754272461,0.9884393063583815
3010,112.00521087646484,0.005441743614085226,0.0012745141983032226,0.00037994384765625,0.0003421783447265625,0.9884393063583815
3015,112.18190312385559,0.005454765748439172,0.001758718490600586,0.00047180652618408205,0.000394439697265625,0.9884393063583815
3020,112.35474801063538,0.00627072941507123,0.0016756296157836915,0.00045826435089111326,0.00037872791290283203,0.9884393063583815
3025,112.53739595413208,0.020899660817838138,0.0016250133514404297,0.00044569969177246096,0.00037996768951416017,0.9884393063583815
3030,112.71498084068298,0.0006151875322558453,0.001574397087097168,0.0004331350326538086,0.00036363601684570314,0.9884393063583815
3035,112.89311599731445,0.0014451736963223994,0.0014913082122802734,0.00041959285736083987,0.00036611557006835935,0.9884393063583815
3040,113.06737899780273,0.002672684972731787,0.0019936561584472656,0.0005230426788330079,0.0003870248794555664,0.9884393063583815
3045,113.24656701087952,0.0016092338762064174,0.0016756296157836915,0.00045826435089111326,0.000386810302734375,0.9884393063583815
3050,113.41858315467834,0.01554214954439459,0.0013757467269897461,0.0004050731658935547,0.0003268718719482422,0.9884393063583815
3055,113.59808707237244,0.02799243251948269,0.0016937732696533203,0.00046985149383544923,0.0003513813018798828,0.9884393063583815
3060,113.77317404747009,0.06365669424579323,0.001758718490600586,0.00047180652618408205,0.0003917694091796875,0.9884393063583815
3065,113.94903206825256,0.011149240673694294,0.0014588356018066407,0.0004186153411865234,0.00034031867980957033,0.9826589595375722
3070,114.1225118637085,0.004375604384864573,0.0016250133514404297,0.00044569969177246096,0.00038068294525146485,0.9826589595375722
3075,114.29876899719238,0.0014833876164772164,0.0015419244766235352,0.00043215751647949217,0.00036303997039794923,0.9826589595375722
3080,114.47089505195618,0.004499553186684579,0.001592540740966797,0.0004447221755981445,0.0003451824188232422,0.9826589595375722
3085,114.64786219596863,0.00019820076470296045,0.001408219337463379,0.00040605068206787107,0.000332188606262207,0.9826589595375722
3090,114.81734824180603,4.166893491088786e-05,0.001592540740966797,0.0004447221755981445,0.00035305023193359374,0.9826589595375722
3095,114.99492692947388,8.329624552914084e-05,0.0014913082122802734,0.00041959285736083987,0.0003632783889770508,0.9826589595375722
3100,115.16960120201111,0.21508185161108173,0.0018093347549438476,0.00048437118530273435,0.00037348270416259766,0.9884393063583815
3105,115.34819316864014,0.0016440851622178342,0.001408219337463379,0.00040605068206787107,0.00033502578735351564,0.9884393063583815
3110,115.52425599098206,0.002371016144972771,0.0017768621444702148,0.00048339366912841797,0.00033550262451171876,0.9884393063583815
3115,115.70542812347412,0.000857539578865385,0.0016250133514404297,0.00044569969177246096,0.0003785133361816406,0.9884393063583815
3120,115.8794891834259,0.0012739533954913896,0.0015419244766235352,0.00043215751647949217,0.0003679752349853516,0.9884393063583815
3125,116.05963611602783,0.0002994257630923869,0.001726245880126953,0.0004708290100097656,0.0003814697265625,0.9884393063583815
3130,116.23536586761475,0.001111505488961484,0.0016756296157836915,0.00045826435089111326,0.0003601789474487305,0.9884393063583815
3135,116.41666316986084,0.000244468978490886,0.001726245880126953,0.0004708290100097656,0.0003626585006713867,0.9884393063583815
3140,116.59333300590515,0.0014395624699517385,0.0017768621444702148,0.00048339366912841797,0.0003747224807739258,0.9884393063583815
3145,116.77536797523499,0.12853272432185178,0.0012745141983032226,0.00037994384765625,0.00039827823638916016,0.9884393063583815
3150,116.95113921165466,0.01124056524927255,0.001408219337463379,0.00040605068206787107,0.0003797054290771484,0.9884393063583815
3155,117.13185596466064,0.018629231209526153,0.001560068130493164,0.00044374465942382814,0.00035398006439208985,0.976878612716763
3160,117.30428814888,0.0010706952838916094,0.0016106843948364257,0.0004563093185424805,0.00035526752471923826,0.976878612716763
3165,117.48329615592957,0.014449645810697121,0.0015094518661499024,0.0004311800003051758,0.00035834312438964844,0.976878612716763
3170,117.65552711486816,0.00045976783552532653,0.001574397087097168,0.0004331350326538086,0.0003494739532470703,0.976878612716763
3175,117.83352518081665,0.005953396089410035,0.0013576030731201171,0.00039348602294921877,0.00036644935607910156,0.976878612716763
3180,118.00654602050781,0.040500530973079665,0.0016250133514404297,0.00044569969177246096,0.0003575563430786133,0.9826589595375722
3185,118.18487191200256,0.0004477646434693838,0.0017081022262573243,0.0004592418670654297,0.0003692865371704102,0.9826589595375722
3190,118.35632801055908,0.059869150213307874,0.0018093347549438476,0.00048437118530273435,0.00038857460021972655,0.9884393063583815
3195,118.53396892547607,0.2154494443526346,0.0016756296157836915,0.00045826435089111326,0.0003944873809814453,0.9884393063583815
3200,118.70653700828552,0.005229515029193976,0.001726245880126953,0.0004708290100097656,0.0003622770309448242,0.9826589595375722
3205,118.88421297073364,0.0007759157379055637,0.001726245880126953,0.0004708290100097656,0.0003692865371704102,0.976878612716763
3210,119.05587410926819,0.25619633146561754,0.0020261287689208986,0.0005240201950073242,0.00039944648742675783,0.9884393063583815
3215,119.233638048172,0.00013212495837251482,0.0016756296157836915,0.00045826435089111326,0.00038394927978515627,0.9884393063583815
3220,119.40719318389893,0.003933135472652794,0.0019936561584472656,0.0005230426788330079,0.0003962993621826172,0.9884393063583815
3225,119.58449006080627,0.0003017034105482708,0.0016106843948364257,0.0004563093185424805,0.0003600358963012695,0.9884393063583815
3230,119.75979399681091,0.27891985001534747,0.0012238979339599609,0.0003673791885375977,0.00037841796875,0.9884393063583815
3235,119.94065690040588,0.0004009281286023736,0.0014588356018066407,0.0004186153411865234,0.00034513473510742185,0.9826589595375722
3240,120.11563491821289,0.009376780269695928,0.0012745141983032226,0.00037994384765625,0.00037655830383300783,0.9710982658959537
3245,120.29429626464844,8.743573838501106e-05,0.0016756296157836915,0.00045826435089111326,0.0003576040267944336,0.9710982658959537
3250,120.4668459892273,0.14979198437073366,0.0019430398941040039,0.0005104780197143554,0.00040073394775390624,0.9826589595375722
3255,120.64673709869385,0.000526562298247768,0.0014588356018066407,0.0004186153411865234,0.00036921501159667967,0.9884393063583815
3260,120.81964182853699,0.03979120574378499,0.0016756296157836915,0.00045826435089111326,0.00036013126373291016,0.9884393063583815
3265,120.9998369216919,0.0060767438295457055,0.001592540740966797,0.0004447221755981445,0.00035881996154785156,0.9884393063583815
3270,121.1745080947876,0.35717638812816543,0.0013251304626464844,0.00039250850677490233,0.0003715038299560547,0.9884393063583815
3275,121.35568118095398,0.05266473690637241,0.0015237808227539062,0.00042057037353515625,0.0003608226776123047,0.9884393063583815
3280,121.53123116493225,0.0172647703217109,0.0016756296157836915,0.00045826435089111326,0.0003957271575927734,0.9884393063583815
3285,121.70982098579407,0.10304249639666666,0.0016250133514404297,0.00044569969177246096,0.0003766059875488281,0.9884393063583815
3290,121.88576793670654,0.013295989715336987,0.0015419244766235352,0.00043215751647949217,0.0003758907318115234,0.9826589595375722
3295,122.06472992897034,0.024868804432119872,0.0017768621444702148,0.00048339366912841797,0.0003809213638305664,0.9826589595375722
3300,122.23906016349792,0.0004776072455740632,0.0014588356018066407,0.0004186153411865234,0.0003829002380371094,0.9826589595375722
3305,122.4184501171112,0.04722541032243015,0.0014588356018066407,0.0004186153411865234,0.0003628730773925781,0.9826589595375722
3310,122.59716606140137,0.012059584133159263,0.001892423629760742,0.0004979133605957031,0.00038695335388183594,0.9826589595375722
3315,122.77575612068176,0.034503488626070576,0.0017768621444702148,0.00048339366912841797,0.0003608226776123047,0.9884393063583815
3320,122.94997000694275,0.00712781581198243,0.001726245880126953,0.0004708290100097656,0.00037517547607421873,0.9884393063583815
3325,123.130038022995,0.19436897082380328,0.0013069868087768554,0.0003809213638305664,0.0003901481628417969,0.9826589595375722
3330,123.30454206466675,0.03750933333463138,0.0012926578521728516,0.00039153099060058595,0.00035278797149658204,0.9826589595375722
3335,123.48439311981201,0.0013922027675562277,0.0016756296157836915,0.00045826435089111326,0.0003756046295166016,0.9826589595375722
3340,123.65813207626343,0.036646516924004405,0.0015419244766235352,0.00043215751647949217,0.00035877227783203124,0.976878612716763
3345,123.83795213699341,0.010991285065405521,0.001726245880126953,0.0004708290100097656,0.0003728389739990234,0.976878612716763
3350,124.00993418693542,0.010340598709389326,0.001408219337463379,0.00040605068206787107,0.00035552978515625,0.976878612716763
3355,124.18810606002808,0.004332197397334881,0.0014588356018066407,0.0004186153411865234,0.00035176277160644533,0.976878612716763
3360,124.36262893676758,0.007366838855341484,0.0016250133514404297,0.00044569969177246096,0.0003682374954223633,0.976878612716763
3365,124.53984117507935,0.007956886479317405,0.001892423629760742,0.0004979133605957031,0.0003814220428466797,0.976878612716763
3370,124.7133059501648,0.022801637261905226,0.0014913082122802734,0.00041959285736083987,0.00037462711334228515,0.976878612716763
3375,124.8922061920166,0.001960746961503901,0.001574397087097168,0.0004331350326538086,0.0003849029541015625,0.9826589595375722
3380,125.0650749206543,0.0003695437044441974,0.0015419244766235352,0.00043215751647949217,0.00036487579345703127,0.9826589595375722
3385,125.24574398994446,0.003945349897878714,0.0019430398941040039,0.0005104780197143554,0.00038182735443115234,0.9826589595375722
3390,125.42087721824646,0.0018644733238460276,0.001592540740966797,0.0004447221755981445,0.0003628253936767578,0.9826589595375722
3395,125.59837293624878,0.05274395560852838,0.001426362991333008,0.00041763782501220704,0.0003556728363037109,0.9826589595375722
3400,125.77165818214417,0.043453136520113844,0.001726245880126953,0.0004708290100097656,0.0003720760345458984,0.9826589595375722
3405,125.95311498641968,0.00599724826753345,0.001758718490600586,0.00047180652618408205,0.00037364959716796876,0.9826589595375722
3410,126.12752318382263,0.007849422098570358,0.001592540740966797,0.0004447221755981445,0.0003549098968505859,0.9826589595375722
3415,126.30757904052734,0.0012521506581620657,0.0015419244766235352,0.00043215751647949217,0.0003543376922607422,0.9826589595375722
3420,126.48127698898315,0.019942840299337662,0.0015419244766235352,0.00043215751647949217,0.00036818981170654296,0.9826589595375722
3425,126.6605908870697,0.0009837283797494933,0.0014588356018066407,0.0004186153411865234,0.0003412723541259766,0.9826589595375722
3430,126.83247900009155,0.0002072197861366476,0.0014913082122802734,0.00041959285736083987,0.0003417253494262695,0.9710982658959537
3435,127.00982904434204,5.7798712117573817e-05,0.001592540740966797,0.0004447221755981445,0.0003585338592529297,0.9710982658959537
3440,127.18293404579163,0.005351040673350837,0.0015419244766235352,0.00043215751647949217,0.0003651857376098633,0.9710982658959537