#{"solver": {"engine": {"type": "ExactEngine"}, "semiring": "GraphSemiring"}, "networks": [{"name": "perc_net_version_0_NeSy_1", "module": "AD_V0_NeSy_1_net(\n  (conv1): Conv2d(3, 6, kernel_size=(5, 5), stride=(1, 1))\n  (pool): MaxPool2d(kernel_size=2, stride=2, padding=0, dilation=1, ceil_mode=False)\n  (conv2): Conv2d(6, 16, kernel_size=(5, 5), stride=(1, 1))\n  (fc1): Linear(in_features=400, out_features=120, bias=True)\n  (fc2): Linear(in_features=120, out_features=84, bias=True)\n  (fc3): Linear(in_features=84, out_features=4, bias=True)\n  (softmax): Softmax(dim=-1)\n)", "optimizer": "Adam (\nParameter Group 0\n    amsgrad: False\n    betas: (0.9, 0.999)\n    capturable: False\n    differentiable: False\n    eps: 1e-08\n    foreach: None\n    fused: None\n    lr: 0.001\n    maximize: False\n    weight_decay: 0\n)", "k": null}], "program": "nn(perc_net_version_0_NeSy_1,[Img],X,[0, 1, 2, 3])::cell(Img,X).\nattention_boundary(X) :- X==1.\nenlarged_boundary(X) :- X==2.\nout_of_view(X) :- X==0; X==3.\naction(Img,1) :- cell(Img,X1), attention_boundary(X1).\naction(Img,2) :- cell(Img,X2), enlarged_boundary(X2), \\+action(Img,1).\naction(Img,0) :- cell(Img,X3), out_of_view(X3), \\+action(Img,2), \\+action(Img,1).\n"}
#Accuracy 0.9840232389251997
i,time,loss,ground_time,compile_time,eval_time,accuracy
5,0.04111075401306152,0.8987261831760407,0.0014748811721801759,0.000658106803894043,0.0004558086395263672,0.3297022512708787
10,1.6991157531738281,1.28431293964386,0.0016337156295776368,0.0008267402648925781,0.00046076774597167967,0.3297022512708787
15,3.2997658252716064,1.1559522032737732,0.001670098304748535,0.0006241321563720704,0.00045404434204101565,0.3297022512708787
20,4.904035806655884,1.044687694311142,0.0015879631042480468,0.0006156444549560546,0.0004619598388671875,0.3318809005083515
25,6.508230924606323,1.1381796956062318,0.0017616033554077148,0.0010463237762451173,0.00048677921295166017,0.3318809005083515
30,8.11343789100647,1.2217010319232942,0.0018801212310791016,0.000852203369140625,0.00047736167907714845,0.3318809005083515
35,9.72012186050415,1.0563934564590454,0.001651906967163086,0.0007254362106323242,0.00047514438629150393,0.3384168482207698
40,11.379776000976562,1.0825752675533296,0.001715850830078125,0.0008352279663085937,0.00048396587371826174,0.3384168482207698
45,12.948873043060303,1.1108988583087922,0.0015879631042480468,0.0006156444549560546,0.00046706199645996094,0.3384168482207698
50,14.510800838470459,1.166865384578705,0.0019440650939941406,0.0009619951248168946,0.00047588348388671875,0.3384168482207698
55,16.07993507385254,1.1424078822135926,0.0018343687057495116,0.0006411075592041016,0.0005028963088989258,0.3384168482207698
60,17.64860987663269,1.133527112007141,0.001779794692993164,0.0009450197219848632,0.00047423839569091795,0.3297022512708787
65,19.214948892593384,1.0800201773643494,0.0019716262817382813,0.0012743949890136718,0.00046677589416503905,0.3297022512708787
70,20.83176589012146,1.0530823409557342,0.0018983125686645509,0.0007508993148803711,0.0004719972610473633,0.3297022512708787
75,22.39436984062195,1.1849384129047393,0.0015697717666625977,0.0007169485092163086,0.00047810077667236327,0.38852578068264343
80,23.959464073181152,1.1063930451869965,0.0017522335052490234,0.000632619857788086,0.00047366619110107423,0.4408133623819898
85,25.528486967086792,1.0425562024116517,0.0019622564315795897,0.0008606910705566406,0.0004828691482543945,0.5105301379811183
90,27.091065883636475,1.0351559400558472,0.0018983125686645509,0.0007508993148803711,0.0004830121994018555,0.4647785039941903
95,28.65925693511963,1.0817783534526826,0.0018161773681640626,0.0007424116134643555,0.00048279762268066406,0.42556281771968046
100,30.277637004852295,1.0192004323005677,0.0018983125686645509,0.0007508993148803711,0.0004962205886840821,0.35802469135802467
105,31.848384857177734,0.9849265217781067,0.00191650390625,0.0006495952606201172,0.0004815816879272461,0.3297022512708787
110,33.40994191169739,1.1057263910770416,0.0018255472183227538,0.0011561155319213868,0.00045197010040283204,0.43500363108206247
115,34.975353956222534,1.0414609551429748,0.001670098304748535,0.0006241321563720704,0.0004545450210571289,0.5570079883805374
120,36.53950500488281,0.9863097369670868,0.0017522335052490234,0.000632619857788086,0.0004758596420288086,0.7429193899782135
125,38.10378289222717,0.951721054315567,0.0017340421676635743,0.0007339239120483399,0.00048716068267822265,0.5729847494553377
130,39.66318488121033,0.6245709046721458,0.0015058279037475585,0.000607156753540039,0.0004630327224731445,0.47639796659404504
135,41.27153491973877,0.8727712795138359,0.001715850830078125,0.0008352279663085937,0.0004651308059692383,0.6746550472040668
140,42.826931953430176,0.719782143831253,0.0018343687057495116,0.0006411075592041016,0.00048508644104003904,0.7523602033405955
145,44.394123792648315,0.713925352692604,0.0018983125686645509,0.0007508993148803711,0.0004981517791748047,0.7785039941902687
150,45.96800398826599,0.6446304440498352,0.001715850830078125,0.0008352279663085937,0.0004841804504394531,0.7879448075526507
155,47.53955292701721,0.8405336976051331,0.0017064809799194336,0.0004215240478515625,0.00047681331634521487,0.7690631808278867
160,49.1323127746582,0.6486640356481075,0.0018801212310791016,0.000852203369140625,0.0005074977874755859,0.7799564270152506
165,50.85193991661072,0.7713058723136783,0.0018801212310791016,0.000852203369140625,0.0004786968231201172,0.8184458968772694
170,52.41966986656189,0.37901587653905155,0.0018983125686645509,0.0007508993148803711,0.0005014896392822266,0.8191721132897604
175,53.98492193222046,0.5354770742356777,0.001843738555908203,0.0010548114776611328,0.00044782161712646483,0.8228031953522149
180,55.554555892944336,0.5285494074225425,0.0019440650939941406,0.0009619951248168946,0.0004928112030029297,0.7886710239651417
185,57.1297607421875,0.6315397143363952,0.0018161773681640626,0.0007424116134643555,0.00047249794006347655,0.8358750907770516
190,58.825387716293335,0.3046061226632446,0.002026200294494629,0.0009704828262329102,0.0004707813262939453,0.8257080610021786
195,60.45223879814148,0.17326768822968006,0.0017522335052490234,0.000632619857788086,0.0004863739013671875,0.8177196804647785
200,62.03090476989746,0.48104202691465614,0.001651906967163086,0.0007254362106323242,0.000470733642578125,0.8278867102396514
205,63.62367486953735,0.7309944837586955,0.0017340421676635743,0.0007339239120483399,0.00048382282257080077,0.8605664488017429
210,65.1877498626709,0.3740014437586069,0.001852560043334961,0.0005398035049438476,0.0004925012588500976,0.7334785766158315
215,66.8280029296875,0.8081057846546174,0.001651906967163086,0.0007254362106323242,0.00046706199645996094,0.8678286129266521
220,68.44406294822693,0.3969406459480524,0.001670098304748535,0.0006241321563720704,0.0004900693893432617,0.8336964415395788
225,70.01541590690613,0.19972041873261331,0.0016976594924926758,0.0009365320205688476,0.0004580259323120117,0.8235294117647058
230,71.62170195579529,0.35288367005996407,0.0018343687057495116,0.0006411075592041016,0.0004982948303222656,0.8366013071895425
235,73.21095895767212,0.9293033886700869,0.001843738555908203,0.0010548114776611328,0.0004802227020263672,0.9019607843137255
240,74.78919005393982,0.30051667550578715,0.001670098304748535,0.0006241321563720704,0.0004916906356811524,0.9012345679012346
245,76.3436210155487,0.201625399524346,0.001715850830078125,0.0008352279663085937,0.0004720449447631836,0.8678286129266521
250,77.90347599983215,0.1334238776238635,0.0018161773681640626,0.0007424116134643555,0.00046412944793701173,0.8678286129266521
255,79.46748805046082,0.35270884770725386,0.0018619298934936523,0.000953507423400879,0.00047042369842529295,0.8852578068264343
260,81.0708110332489,0.1457251476327656,0.0015697717666625977,0.0007169485092163086,0.00046286582946777346,0.9034132171387074
265,82.63085603713989,0.3189797820290551,0.0017979860305786133,0.0008437156677246094,0.000485992431640625,0.9114015976761075
270,84.18291902542114,0.3063589762430638,0.0018983125686645509,0.0007508993148803711,0.0004935741424560546,0.8983297022512708
275,85.74001908302307,0.44677432023381697,0.0019622564315795897,0.0008606910705566406,0.0004939556121826172,0.8867102396514162
280,87.29322981834412,0.1956460156769026,0.0016243457794189453,0.0004130363464355469,0.0004745006561279297,0.8743645606390704
285,88.84031701087952,0.21692299311634997,0.0015879631042480468,0.0006156444549560546,0.0004536628723144531,0.8816267247639796
290,90.44544386863708,0.2656518995325314,0.0018983125686645509,0.0007508993148803711,0.0005063533782958985,0.8946986201888163
295,92.00562691688538,0.4628412269466935,0.0018801212310791016,0.000852203369140625,0.0004862546920776367,0.8903413217138707
300,93.57591414451599,0.1041075795830693,0.0017340421676635743,0.0007339239120483399,0.0004935503005981445,0.8925199709513435
305,95.15017676353455,0.37792722384328953,0.0017340421676635743,0.0007339239120483399,0.0004757881164550781,0.9070442992011619
310,96.7177209854126,0.41164822606369855,0.00200800895690918,0.001071786880493164,0.00046267509460449217,0.9193899782135077
315,98.28443193435669,0.2173635023762472,0.0017979860305786133,0.0008437156677246094,0.0004673004150390625,0.8910675381263616
320,99.91077494621277,0.26053217900625897,0.0017340421676635743,0.0007339239120483399,0.000476527214050293,0.8816267247639796
325,101.46846795082092,0.4977222450601403,0.0016976594924926758,0.0009365320205688476,0.00046982765197753904,0.8910675381263616
330,103.02808499336243,0.31127046921337753,0.0017979860305786133,0.0008437156677246094,0.0004772663116455078,0.8700072621641249
335,104.57065606117249,0.1475506245114957,0.001843738555908203,0.0010548114776611328,0.0004863739013671875,0.8525780682643428
340,106.10646104812622,0.19117443915456533,0.0017340421676635743,0.0007339239120483399,0.00046296119689941405,0.8554829339143064
345,107.6417601108551,0.3476684071184536,0.0016976594924926758,0.0009365320205688476,0.0004548788070678711,0.869281045751634
350,109.16837882995605,0.08175383916905048,0.0015697717666625977,0.0007169485092163086,0.0004715919494628906,0.8874364560639071
355,110.71971487998962,0.6494302675362633,0.001779794692993164,0.0009450197219848632,0.0004915237426757812,0.9186637618010167
360,112.23734474182129,0.21481893331110768,0.0019258737564086914,0.0010632991790771485,0.00046327114105224607,0.915758896151053
365,113.76699709892273,0.3936064500442626,0.001998639106750488,0.0006580829620361328,0.00048291683197021484,0.90559186637618
370,115.29938697814941,0.09479726988438415,0.001670098304748535,0.0006241321563720704,0.00046460628509521485,0.9114015976761075
375,116.84275794029236,0.7154145295819034,0.001980447769165039,0.0007593870162963867,0.0004971981048583985,0.9360929557007989
380,118.39008283615112,0.10687597823416581,0.0017979860305786133,0.0008437156677246094,0.0004846334457397461,0.9237472766884531
385,120.00118494033813,0.11751728229673972,0.0018343687057495116,0.0006411075592041016,0.0004750967025756836,0.8896151053013798
390,121.56130290031433,0.14281543064280414,0.0015697717666625977,0.0007169485092163086,0.00048122406005859377,0.8874364560639071
395,123.11052298545837,0.26525696430364293,0.0017979860305786133,0.0008437156677246094,0.00044972896575927733,0.9019607843137255
400,124.64870691299438,0.2860243207003805,0.001779794692993164,0.0009450197219848632,0.0004729032516479492,0.9244734931009441
405,126.19054198265076,0.10030440965929302,0.0018619298934936523,0.000953507423400879,0.00046942234039306643,0.9411764705882353
410,127.73701310157776,0.28222858883527807,0.0017979860305786133,0.0008437156677246094,0.0004715681076049805,0.9331880900508351
415,129.31904077529907,0.0677241793138819,0.0018161773681640626,0.0007424116134643555,0.00047280788421630857,0.9331880900508351
420,130.84828400611877,0.052373101301145655,0.001651906967163086,0.0007254362106323242,0.00045416355133056643,0.9382716049382716
425,132.37442183494568,0.16851248344247552,0.0018343687057495116,0.0006411075592041016,0.0004713773727416992,0.9368191721132898
430,133.89550399780273,0.11776144162621449,0.002026200294494629,0.0009704828262329102,0.00047574043273925783,0.934640522875817
435,135.4088089466095,0.04870140257685307,0.0016155242919921875,0.000928044319152832,0.00045022964477539065,0.9302832244008714
440,136.91854286193848,0.04849355380210909,0.001670098304748535,0.0006241321563720704,0.0004549503326416016,0.934640522875817
445,138.414146900177,0.40947063460216737,0.0017704248428344726,0.000531315803527832,0.0004689455032348633,0.9295570079883806
450,139.96781873703003,0.4340845977276331,0.0016882896423339843,0.0005228281021118164,0.00047118663787841796,0.9201161946259986
455,141.488609790802,0.12389715155163686,0.00191650390625,0.0006495952606201172,0.0005112886428833008,0.9324618736383442
460,143.00948691368103,0.25849068756579074,0.0018983125686645509,0.0007508993148803711,0.0004552602767944336,0.9368191721132898
465,144.53791284561157,0.19925011065215587,0.001907682418823242,0.0011646032333374023,0.000442051887512207,0.9222948438634713
470,146.06200790405273,0.07987973361741751,0.0017522335052490234,0.000632619857788086,0.0004608154296875,0.9121278140885984
475,147.58432483673096,0.4831989853060804,0.001670098304748535,0.0006241321563720704,0.00046443939208984375,0.9128540305010894
480,149.1516628265381,0.2317944906259072,0.00191650390625,0.0006495952606201172,0.0004778385162353516,0.9360929557007989
485,150.66790580749512,0.045515163819483465,0.00191650390625,0.0006495952606201172,0.0004468679428100586,0.9397240377632534
490,152.16958904266357,0.10761484272146049,0.00191650390625,0.0006495952606201172,0.00046575069427490234,0.9419026870007262
495,153.6764178276062,0.06314965539060893,0.001651906967163086,0.0007254362106323242,0.00044505596160888673,0.9419026870007262
500,155.17480897903442,0.12282512032930129,0.0019258737564086914,0.0010632991790771485,0.000408482551574707,0.9324618736383442
505,156.65582609176636,0.0765010752936746,0.0017616033554077148,0.0010463237762451173,0.0004436969757080078,0.9259259259259259
510,158.189866065979,0.5487719512517458,0.001715850830078125,0.0008352279663085937,0.000442194938659668,0.9310094408133623
515,159.6904718875885,0.1478350516275043,0.001779794692993164,0.0009450197219848632,0.0004380941390991211,0.9310094408133623
520,161.2304289340973,0.011254619020030531,0.0018801212310791016,0.000852203369140625,0.0004463672637939453,0.9310094408133623
525,162.86298990249634,0.18853384669491788,0.0018619298934936523,0.000953507423400879,0.0004423379898071289,0.9310094408133623
530,164.38409185409546,0.35446225433888684,0.00191650390625,0.0006495952606201172,0.0004621744155883789,0.9295570079883806
535,165.912015914917,0.31609211948018584,0.0017979860305786133,0.0008437156677246094,0.0004674434661865234,0.9397240377632534
540,167.46903681755066,0.11935803266628682,0.0018619298934936523,0.000953507423400879,0.0004587411880493164,0.9222948438634713
545,168.97765588760376,0.030932858211104985,0.0018801212310791016,0.000852203369140625,0.0004357337951660156,0.9041394335511983
550,170.47111678123474,0.05271408941497953,0.0016976594924926758,0.0009365320205688476,0.0004131317138671875,0.915758896151053
555,171.96258187294006,0.3977608193213257,0.001779794692993164,0.0009450197219848632,0.0004109382629394531,0.9324618736383442
560,173.45412373542786,0.03339646197419199,0.001651906967163086,0.0007254362106323242,0.0004549264907836914,0.9164851125635439
565,174.95297074317932,0.46539108267716073,0.0019622564315795897,0.0008606910705566406,0.00045692920684814453,0.9135802469135802
570,176.51178979873657,0.4894408105803464,0.0015879631042480468,0.0006156444549560546,0.0004674196243286133,0.9259259259259259
575,178.03158473968506,0.10248526144130352,0.0017340421676635743,0.0007339239120483399,0.00044715404510498047,0.9549745824255628
580,179.53889799118042,0.05404548693084763,0.001670098304748535,0.0006241321563720704,0.0004606962203979492,0.9302832244008714
585,181.04790687561035,0.08255251172299012,0.0018619298934936523,0.000953507423400879,0.0004300355911254883,0.9193899782135077
590,182.54034686088562,0.25118146732420854,0.0015697717666625977,0.0007169485092163086,0.0004504203796386719,0.9259259259259259
595,184.0384840965271,0.32514846644080536,0.0018801212310791016,0.000852203369140625,0.0004275321960449219,0.9295570079883806
600,185.54798913002014,0.13552544713026862,0.001670098304748535,0.0006241321563720704,0.00044314861297607423,0.9339143064633261
605,187.10274696350098,0.350017867944554,0.0016882896423339843,0.0005228281021118164,0.0004856348037719727,0.9506172839506173
610,188.6158139705658,0.10385604157136755,0.0017979860305786133,0.0008437156677246094,0.00045666694641113283,0.9360929557007989
615,190.13200187683105,0.013959515207727691,0.0018161773681640626,0.0007424116134643555,0.00045945644378662107,0.9339143064633261
620,191.64800691604614,0.1256340856796676,0.0018343687057495116,0.0006411075592041016,0.0004644870758056641,0.9266521423384169
625,193.161691904068,0.39486173118784934,0.0016243457794189453,0.0004130363464355469,0.0004620075225830078,0.9302832244008714
630,194.67183709144592,0.1756489902913927,0.001651906967163086,0.0007254362106323242,0.00047516822814941406,0.9266521423384169
635,196.2252118587494,0.02929570225023781,0.0018801212310791016,0.000852203369140625,0.0004378318786621094,0.9215686274509803
640,197.73040294647217,0.28243788327023367,0.0018801212310791016,0.000852203369140625,0.0004473686218261719,0.9273783587509078
645,199.2373378276825,0.201353349280987,0.001651906967163086,0.0007254362106323242,0.00045826435089111326,0.9389978213507625
650,200.74255084991455,0.21913493154877983,0.0018801212310791016,0.000852203369140625,0.0004619598388671875,0.9353667392883079
655,202.24657893180847,0.1323605974905604,0.0016243457794189453,0.0004130363464355469,0.00046956539154052734,0.9360929557007989
660,203.75633597373962,0.4671346724535397,0.0019440650939941406,0.0009619951248168946,0.0004281282424926758,0.9419026870007262
665,205.31975412368774,0.04915988137323666,0.00191650390625,0.0006495952606201172,0.0004483699798583984,0.9448075526506899
670,206.83694791793823,0.08452926233661628,0.0018619298934936523,0.000953507423400879,0.0004838705062866211,0.9419026870007262
675,208.35269904136658,0.0234111714961756,0.0015697717666625977,0.0007169485092163086,0.00045785903930664065,0.9389978213507625
680,209.87261700630188,0.09221228683423419,0.0015879631042480468,0.0006156444549560546,0.0004442691802978516,0.9353667392883079
685,211.38391089439392,0.22401196954829175,0.0018343687057495116,0.0006411075592041016,0.0004672527313232422,0.9164851125635439
690,212.9115149974823,0.24012422177481768,0.001651906967163086,0.0007254362106323242,0.0004473447799682617,0.9419026870007262
695,214.43357610702515,0.3125029179851538,0.0017979860305786133,0.0008437156677246094,0.00044918060302734375,0.9527959331880901
700,216.006098985672,0.05447119824855236,0.001651906967163086,0.0007254362106323242,0.0004481077194213867,0.9520697167755992
705,217.52179789543152,0.004887219366719364,0.0015879631042480468,0.0006156444549560546,0.00047249794006347655,0.953522149600581
710,219.03623294830322,0.07689909276670619,0.001651906967163086,0.0007254362106323242,0.00044689178466796877,0.954248366013072
715,220.55251002311707,0.015219593237691242,0.0018619298934936523,0.000953507423400879,0.00043375492095947265,0.9557007988380537
720,222.06765294075012,0.011683567874389667,0.001779794692993164,0.0009450197219848632,0.000446009635925293,0.9578794480755265
725,223.57350492477417,0.24745937721463634,0.0017340421676635743,0.0007339239120483399,0.00046339035034179685,0.9571532316630356
730,225.13550972938538,0.03150950114396096,0.0015697717666625977,0.0007169485092163086,0.000450897216796875,0.9578794480755265
735,226.65528798103333,0.07151816954139037,0.001715850830078125,0.0008352279663085937,0.0004750728607177734,0.9571532316630356
740,228.14868092536926,0.07478631595587473,0.0018161773681640626,0.0007424116134643555,0.0004410743713378906,0.9520697167755992
745,229.64323210716248,0.04156980220781179,0.001998639106750488,0.0006580829620361328,0.00047044754028320314,0.9426289034132171
750,231.12290287017822,0.06832311296525403,0.0017616033554077148,0.0010463237762451173,0.00042819976806640625,0.9520697167755992
755,232.61321783065796,0.661637757372597,0.0019716262817382813,0.0012743949890136718,0.0004235982894897461,0.9498910675381264
760,234.14370799064636,0.0840273809944847,0.0018161773681640626,0.0007424116134643555,0.0004579305648803711,0.9317356572258533
765,235.62708687782288,0.37787077433877414,0.001651906967163086,0.0007254362106323242,0.00043463706970214844,0.953522149600581
770,237.11893796920776,0.08588865171917774,0.0017522335052490234,0.000632619857788086,0.00045282840728759765,0.9571532316630356
775,238.62011194229126,0.04334387102408641,0.0018801212310791016,0.000852203369140625,0.00043540000915527345,0.954248366013072
780,240.1366069316864,0.17788443332542556,0.0018983125686645509,0.0007508993148803711,0.00047192573547363283,0.9549745824255628
785,241.64884901046753,0.07165294678702594,0.0018161773681640626,0.0007424116134643555,0.0004407167434692383,0.953522149600581
790,243.21449875831604,0.2199607193112783,0.001998639106750488,0.0006580829620361328,0.0004735708236694336,0.9520697167755992
795,244.72539591789246,0.11941792119760634,0.0018801212310791016,0.000852203369140625,0.00047926902770996095,0.9491648511256354
800,246.2420470714569,0.20451704152791308,0.001779794692993164,0.0009450197219848632,0.00045545101165771483,0.9636891793754538
805,247.75039911270142,0.011863484982595197,0.001670098304748535,0.0006241321563720704,0.00046498775482177733,0.9629629629629629
810,249.26291275024414,0.17338384950417235,0.0017340421676635743,0.0007339239120483399,0.0004353523254394531,0.9629629629629629
815,250.7531008720398,0.11873390929252423,0.001670098304748535,0.0006241321563720704,0.0004498720169067383,0.9636891793754538
820,252.23070192337036,0.006419621649911278,0.0015697717666625977,0.0007169485092163086,0.0004677295684814453,0.9622367465504721
825,253.7690498828888,0.01995044910755155,0.001651906967163086,0.0007254362106323242,0.00045163631439208983,0.9615105301379812
830,255.24716091156006,0.05853584531146794,0.0018983125686645509,0.0007508993148803711,0.00045146942138671873,0.9629629629629629
835,256.7410798072815,0.09787809231352326,0.0019622564315795897,0.0008606910705566406,0.00044050216674804685,0.9644153957879448
840,258.22571873664856,0.007314273514931813,0.0015879631042480468,0.0006156444549560546,0.00045735836029052733,0.9658678286129266
845,259.7112338542938,0.34761960749165155,0.0017704248428344726,0.000531315803527832,0.00046284198760986327,0.9673202614379085
850,261.19888496398926,0.03979219335290196,0.0018983125686645509,0.0007508993148803711,0.00045709609985351564,0.9694989106753813
855,262.73626494407654,0.006591990629232924,0.0018619298934936523,0.000953507423400879,0.000442194938659668,0.9600580973129993
860,264.21466875076294,0.06828881830806921,0.0018343687057495116,0.0006411075592041016,0.00046017169952392576,0.9578794480755265
865,265.69628286361694,0.10946523373882115,0.001907682418823242,0.0011646032333374023,0.00040647983551025393,0.9564270152505446
870,267.18163681030273,0.08115451810735977,0.0019622564315795897,0.0008606910705566406,0.000442957878112793,0.9549745824255628
875,268.6593008041382,0.07814333828974043,0.0018801212310791016,0.000852203369140625,0.0004529714584350586,0.9498910675381264
880,270.1368339061737,0.3197811433580625,0.002026200294494629,0.0009704828262329102,0.0004199028015136719,0.9498910675381264
885,271.6710910797119,0.025684257819739285,0.0017522335052490234,0.000632619857788086,0.0004530191421508789,0.9455337690631809
890,273.14481687545776,0.3288196682615364,0.0015058279037475585,0.000607156753540039,0.00043098926544189454,0.9506172839506173
895,274.6298940181732,0.28506887262920344,0.0017979860305786133,0.0008437156677246094,0.0004457712173461914,0.9578794480755265
900,276.1506938934326,0.030962151183058496,0.0018707513809204102,0.00043849945068359376,0.0004891633987426757,0.9607843137254902
905,277.7479341030121,0.33966679508885705,0.001651906967163086,0.0007254362106323242,0.0004542112350463867,0.9673202614379085
910,279.2503938674927,0.03816757083172888,0.001651906967163086,0.0007254362106323242,0.00042159557342529296,0.9702251270878722
915,280.7557940483093,0.011435491591335278,0.001715850830078125,0.0008352279663085937,0.00041964054107666013,0.9607843137254902
920,282.29686093330383,0.2725494607075447,0.0018801212310791016,0.000852203369140625,0.00046093463897705077,0.9593318809005084
925,283.8052508831024,0.1812724496558758,0.001715850830078125,0.0008352279663085937,0.0004733085632324219,0.9593318809005084
930,285.2927761077881,0.1848608462239099,0.001670098304748535,0.0006241321563720704,0.00043566226959228515,0.9426289034132171
935,286.7819199562073,0.04072292094367782,0.0018619298934936523,0.000953507423400879,0.0004390716552734375,0.9397240377632534
940,288.280601978302,0.05996930433466332,0.0018161773681640626,0.0007424116134643555,0.0004731416702270508,0.9368191721132898
945,289.76032280921936,0.1951834519539261,0.0017979860305786133,0.0008437156677246094,0.0004434347152709961,0.9419026870007262
950,291.2833077907562,0.012003157458821079,0.0015697717666625977,0.0007169485092163086,0.0004536628723144531,0.9448075526506899
955,292.75519490242004,0.1706659500850492,0.001843738555908203,0.0010548114776611328,0.00043354034423828127,0.9484386347131445
960,294.23393297195435,0.42840145640639093,0.0018343687057495116,0.0006411075592041016,0.0004548549652099609,0.9586056644880174
965,295.7158291339874,0.23477539080095083,0.0018983125686645509,0.0007508993148803711,0.00047042369842529295,0.9593318809005084
970,297.1959218978882,0.2144352921544396,0.0017064809799194336,0.0004215240478515625,0.00047070980072021483,0.9615105301379812
975,298.6804597377777,0.08288918789476156,0.0015879631042480468,0.0006156444549560546,0.00043568611145019533,0.9593318809005084
980,300.21388387680054,0.216575490647665,0.0019622564315795897,0.0008606910705566406,0.00044863224029541017,0.9578794480755265
985,301.7058959007263,0.36218996097832135,0.0018983125686645509,0.0007508993148803711,0.00046167373657226565,0.9600580973129993
990,303.19299697875977,0.0642136494141596,0.0016337156295776368,0.0008267402648925781,0.0004290342330932617,0.9593318809005084
995,304.6984519958496,0.04724046092581489,0.0017979860305786133,0.0008437156677246094,0.00044403076171875,0.9578794480755265
1000,306.1953330039978,0.972599498784055,0.0018801212310791016,0.000852203369140625,0.00044198036193847655,0.9564270152505446
1005,307.71547985076904,0.0793986823834075,0.0017979860305786133,0.0008437156677246094,0.0004598140716552734,0.9498910675381264
1010,309.2988760471344,0.21592743624642025,0.0017979860305786133,0.0008437156677246094,0.0004634380340576172,0.9426289034132171
1015,310.8553590774536,0.16582130393508124,0.0016337156295776368,0.0008267402648925781,0.000461888313293457,0.9411764705882353
1020,312.3941309452057,0.1990269663598383,0.0019258737564086914,0.0010632991790771485,0.00046622753143310547,0.9411764705882353
1025,313.94350504875183,0.10177312096275273,0.0017979860305786133,0.0008437156677246094,0.00046885013580322266,0.9426289034132171
1030,315.489737033844,0.06332309219505987,0.001715850830078125,0.0008352279663085937,0.0004820823669433594,0.9426289034132171
1035,317.0264961719513,0.19608128037999678,0.0016976594924926758,0.0009365320205688476,0.00043628215789794924,0.9477124183006536
1040,318.6067898273468,0.10327361522996625,0.0015879631042480468,0.0006156444549560546,0.0004575967788696289,0.9549745824255628
1045,320.1212968826294,0.0378893309328248,0.001843738555908203,0.0010548114776611328,0.00042057037353515625,0.9586056644880174
1050,321.6141529083252,0.2845824968237608,0.0019258737564086914,0.0010632991790771485,0.00045888423919677735,0.9571532316630356
1055,323.10687279701233,0.06045193489412668,0.0019346952438354492,0.0005482912063598632,0.00047707557678222656,0.9506172839506173
1060,324.5836160182953,0.14451193050858818,0.0017340421676635743,0.0007339239120483399,0.0004388093948364258,0.9513435003631082
1065,326.0483589172363,0.13473939841115054,0.001980447769165039,0.0007593870162963867,0.00047693252563476565,0.9665940450254176
1070,327.5090870857239,0.07855381225170532,0.0017340421676635743,0.0007339239120483399,0.0004214763641357422,0.9687726942628904
1075,329.03257393836975,0.0711067243881189,0.0018161773681640626,0.0007424116134643555,0.0004701852798461914,0.9557007988380537
1080,330.510675907135,0.004332826325504868,0.001651906967163086,0.0007254362106323242,0.0004148721694946289,0.9411764705882353
1085,331.9853069782257,0.17095497621127437,0.0017340421676635743,0.0007339239120483399,0.00042748451232910156,0.9368191721132898
1090,333.4595649242401,0.25199952154762284,0.0017616033554077148,0.0010463237762451173,0.00039801597595214846,0.9665940450254176
1095,334.92070293426514,0.06161807786720743,0.0019440650939941406,0.0009619951248168946,0.00044693946838378904,0.9665940450254176
1100,336.376571893692,0.14367603393197897,0.0017979860305786133,0.0008437156677246094,0.0004279613494873047,0.953522149600581
1105,337.88073897361755,0.026162465803140834,0.0017522335052490234,0.000632619857788086,0.00042307376861572266,0.9455337690631809
1110,339.32477283477783,0.02195180358108928,0.001651906967163086,0.0007254362106323242,0.00040740966796875,0.9419026870007262
1115,340.78194284439087,0.4348589003403006,0.0018983125686645509,0.0007508993148803711,0.00042438507080078125,0.9665940450254176
1120,342.2227201461792,0.012801417624474709,0.0018801212310791016,0.000852203369140625,0.00043728351593017576,0.9600580973129993
1125,343.689847946167,0.010084000634685708,0.0016976594924926758,0.0009365320205688476,0.0004256010055541992,0.9368191721132898
1130,345.16427397727966,0.2725043758830793,0.0017522335052490234,0.000632619857788086,0.0004324913024902344,0.9644153957879448
1135,346.7037329673767,0.029072514443760154,0.0016882896423339843,0.0005228281021118164,0.0004504680633544922,0.9629629629629629
1140,348.1912348270416,0.3776085886238434,0.0017704248428344726,0.000531315803527832,0.000469517707824707,0.9629629629629629
1145,349.6701338291168,0.032481913590709156,0.0018343687057495116,0.0006411075592041016,0.00045521259307861327,0.9651416122004357
1150,351.1525127887726,0.3923189188600659,0.0019622564315795897,0.0008606910705566406,0.00043599605560302735,0.9578794480755265
1155,352.6338748931885,0.20436421736976626,0.001843738555908203,0.0010548114776611328,0.0004578113555908203,0.9571532316630356
1160,354.12063694000244,0.09115868171791135,0.0017522335052490234,0.000632619857788086,0.00042848587036132814,0.9578794480755265
1165,355.6119089126587,0.21971157983753073,0.0017340421676635743,0.0007339239120483399,0.00043976306915283203,0.9513435003631082
1170,357.14546275138855,0.2080872855657617,0.001852560043334961,0.0005398035049438476,0.00045332908630371096,0.9469862018881626
1175,358.6431529521942,0.003659233510121851,0.0018983125686645509,0.0007508993148803711,0.0004338979721069336,0.9455337690631809
1180,360.13502192497253,0.13755061165446136,0.00191650390625,0.0006495952606201172,0.0004796743392944336,0.9520697167755992
1185,361.6183331012726,0.02947001124132953,0.001651906967163086,0.0007254362106323242,0.0004282474517822266,0.9629629629629629
1190,363.09681010246277,0.10484758701527426,0.0019898176193237304,0.001173090934753418,0.00043981075286865235,0.9680464778503994
1195,364.5683069229126,0.3461960710035356,0.0017616033554077148,0.0010463237762451173,0.0004178762435913086,0.9702251270878722
1200,366.0869629383087,0.20160993527211418,0.001715850830078125,0.0008352279663085937,0.0004109859466552734,0.9782135076252724
1205,367.5737419128418,0.03463239817643995,0.001715850830078125,0.0008352279663085937,0.0004338741302490234,0.9702251270878722
1210,369.0661997795105,0.0010944634136677677,0.0019440650939941406,0.0009619951248168946,0.0004311084747314453,0.9615105301379812
1215,370.5643401145935,0.22293232528049883,0.0018983125686645509,0.0007508993148803711,0.0004458427429199219,0.9506172839506173
1220,372.0523600578308,0.07226301755347322,0.0018161773681640626,0.0007424116134643555,0.0004552602767944336,0.9455337690631809
1225,373.5422079563141,0.04630829556933804,0.0018801212310791016,0.000852203369140625,0.000465083122253418,0.9426289034132171
1230,375.0804069042206,0.05425489607527538,0.0018619298934936523,0.000953507423400879,0.0004428863525390625,0.9368191721132898
1235,376.5661897659302,0.01697500795410889,0.0017979860305786133,0.0008437156677246094,0.00042726993560791013,0.9368191721132898
1240,378.054007768631,0.0004255297742190578,0.001779794692993164,0.0009450197219848632,0.00042629241943359375,0.9353667392883079
1245,379.5290069580078,0.0849704728487282,0.001715850830078125,0.0008352279663085937,0.0004330158233642578,0.9360929557007989
1250,381.0095100402832,0.155017815517931,0.001651906967163086,0.0007254362106323242,0.000442194938659668,0.9389978213507625
1255,382.4784879684448,0.23945528334734406,0.0019440650939941406,0.0009619951248168946,0.000424957275390625,0.9491648511256354
1260,383.96892404556274,0.022104629622504035,0.0015879631042480468,0.0006156444549560546,0.0004105329513549805,0.9477124183006536
1265,385.389328956604,0.07679912658767876,0.001670098304748535,0.0006241321563720704,0.00040180683135986327,0.9549745824255628
1270,386.81882190704346,0.004016405437323556,0.0017979860305786133,0.0008437156677246094,0.0004102468490600586,0.954248366013072
1275,388.25600004196167,0.0730106388651393,0.0017340421676635743,0.0007339239120483399,0.0004282712936401367,0.9607843137254902
1280,389.686980009079,0.1149312068093721,0.001715850830078125,0.0008352279663085937,0.0004033088684082031,0.9680464778503994
1285,391.12983298301697,0.7790424916879545,0.0017340421676635743,0.0007339239120483399,0.0004446983337402344,0.9702251270878722
1290,392.70049381256104,0.002575564821224674,0.0017522335052490234,0.000632619857788086,0.00043065547943115233,0.9680464778503994
1295,394.2372260093689,0.0961129790493942,0.0016882896423339843,0.0005228281021118164,0.0004815816879272461,0.9651416122004357
1300,395.7173557281494,0.008352147885962325,0.0017979860305786133,0.0008437156677246094,0.0004404306411743164,0.9644153957879448
1305,397.1905269622803,0.008557723269697703,0.0018161773681640626,0.0007424116134643555,0.0004634380340576172,0.9636891793754538
1310,398.6583938598633,0.24550776087737916,0.00191650390625,0.0006495952606201172,0.00042862892150878905,0.9658678286129266
1315,400.1474561691284,0.1702172782690468,0.0015240192413330078,0.0005058526992797851,0.0004492044448852539,0.9694989106753813
1320,401.62017583847046,0.009348503390310726,0.0017522335052490234,0.000632619857788086,0.0004288196563720703,0.9724037763253449
1325,403.1415410041809,0.029601841724964117,0.0018801212310791016,0.000852203369140625,0.00041821002960205076,0.9702251270878722
1330,404.61942195892334,0.01245713094827039,0.001715850830078125,0.0008352279663085937,0.0004096508026123047,0.9687726942628904
1335,406.09214973449707,0.16205585691100738,0.0017340421676635743,0.0007339239120483399,0.00042219161987304686,0.9687726942628904
1340,407.54482889175415,0.04870782818115913,0.0017979860305786133,0.0008437156677246094,0.000438690185546875,0.9709513435003632
1345,409.0006060600281,0.06633808151882903,0.0017704248428344726,0.000531315803527832,0.0004414796829223633,0.9709513435003632
1350,410.4495828151703,0.15390626009668723,0.0019622564315795897,0.0008606910705566406,0.00045647621154785154,0.971677559912854
1355,411.9557137489319,0.014939627526894128,0.0018801212310791016,0.000852203369140625,0.00040841102600097656,0.9694989106753813
1360,413.4171509742737,0.026407593641579297,0.0017979860305786133,0.0008437156677246094,0.00045402050018310546,0.9694989106753813
1365,414.8761169910431,0.00014486981915524667,0.0015697717666625977,0.0007169485092163086,0.00039386749267578125,0.9687726942628904
1370,416.3379957675934,0.012152912624925705,0.001606154441833496,0.0005143404006958008,0.00042412281036376955,0.9694989106753813
1375,417.7920129299164,0.20892112228367807,0.0017522335052490234,0.000632619857788086,0.0004515647888183594,0.9724037763253449
1380,419.27331376075745,0.33377811152497544,0.001715850830078125,0.0008352279663085937,0.0004385471343994141,0.9694989106753813
1385,420.77153396606445,0.006032677376066431,0.0017979860305786133,0.0008437156677246094,0.00045650005340576173,0.9629629629629629
1390,422.3070869445801,0.022081173665358732,0.0015879631042480468,0.0006156444549560546,0.00044672489166259767,0.9622367465504721
1395,423.7961599826813,0.0016445194985749366,0.001670098304748535,0.0006241321563720704,0.0004250288009643555,0.9615105301379812
1400,425.29996395111084,0.023162787286173624,0.001715850830078125,0.0008352279663085937,0.0004568338394165039,0.9629629629629629
1405,426.79377794265747,0.0013988735329661494,0.001779794692993164,0.0009450197219848632,0.000435638427734375,0.9644153957879448
1410,428.2875909805298,0.00853188400998306,0.001715850830078125,0.0008352279663085937,0.000434422492980957,0.9651416122004357
1415,429.7828118801117,0.10474559951544649,0.0017979860305786133,0.0008437156677246094,0.0004560232162475586,0.9680464778503994
1420,431.3084650039673,0.009233065838635923,0.0015058279037475585,0.000607156753540039,0.0004169702529907227,0.9702251270878722
1425,432.79562497138977,0.015525402296411528,0.001779794692993164,0.0009450197219848632,0.0004375457763671875,0.9738562091503268
1430,434.27429008483887,0.09544693671641227,0.0018983125686645509,0.0007508993148803711,0.0004441499710083008,0.9803921568627451
1435,435.75936007499695,0.033637179018023745,0.001980447769165039,0.0007593870162963867,0.00045588016510009763,0.9796659404502541
1440,437.2389278411865,0.011519288772618097,0.0017616033554077148,0.0010463237762451173,0.0004221200942993164,0.9796659404502541
1445,438.6959021091461,0.1319250841755661,0.0019258737564086914,0.0010632991790771485,0.0004190683364868164,0.9818445896877269
1450,440.1968939304352,0.03237533420534078,0.0017340421676635743,0.0007339239120483399,0.0004230976104736328,0.9774872912127814
1455,441.65532088279724,0.05018559789096173,0.0017340421676635743,0.0007339239120483399,0.00044906139373779297,0.971677559912854
1460,443.1210849285126,0.0050749662488300375,0.0018343687057495116,0.0006411075592041016,0.0004469156265258789,0.9665940450254176
1465,444.5903649330139,0.007355766693217447,0.0018619298934936523,0.000953507423400879,0.00041730403900146483,0.9593318809005084
1470,446.06203985214233,0.003265021534571133,0.0018343687057495116,0.0006411075592041016,0.00044887065887451173,0.9578794480755265
1475,447.53039288520813,0.04193186807790994,0.0018983125686645509,0.0007508993148803711,0.00042362213134765624,0.9636891793754538
1480,449.0523090362549,0.2358901201657318,0.00191650390625,0.0006495952606201172,0.00045256614685058595,0.9745824255628177
1485,450.505234003067,0.09989062099494958,0.0019440650939941406,0.0009619951248168946,0.0004372119903564453,0.9796659404502541
1490,451.94354701042175,0.059750737298384135,0.001715850830078125,0.0008352279663085937,0.0003908634185791016,0.9745824255628177
1495,453.3732030391693,0.010473088933247254,0.001670098304748535,0.0006241321563720704,0.00040135383605957033,0.9709513435003632
1500,454.8053960800171,0.019287678427735953,0.0017340421676635743,0.0007339239120483399,0.00043437480926513674,0.9694989106753813
1505,456.22909808158875,0.09723252919947925,0.0015879631042480468,0.0006156444549560546,0.00039484500885009763,0.9782135076252724
1510,457.7163710594177,0.003571535913309276,0.0016976594924926758,0.0009365320205688476,0.0003835201263427734,0.9782135076252724
1515,459.13540482521057,0.005460476178450335,0.001670098304748535,0.0006241321563720704,0.00040874481201171877,0.9782135076252724
1520,460.5765378475189,0.05021822998057814,0.0018343687057495116,0.0006411075592041016,0.0004361867904663086,0.9767610748002905
1525,462.0079209804535,0.029487022208869007,0.0019440650939941406,0.0009619951248168946,0.0003971099853515625,0.9767610748002905
1530,463.44472002983093,0.003626366466346553,0.001606154441833496,0.0005143404006958008,0.0003980875015258789,0.9767610748002905
1535,464.8731129169464,0.3005294233874345,0.0018343687057495116,0.0006411075592041016,0.00042746067047119143,0.9803921568627451
1540,466.30379605293274,0.01588759367839714,0.0018983125686645509,0.0007508993148803711,0.0004024028778076172,0.9796659404502541
1545,467.78586888313293,0.005285491235706275,0.001779794692993164,0.0009450197219848632,0.0004003763198852539,0.9767610748002905
1550,469.21581196784973,0.09156746210086908,0.00191650390625,0.0006495952606201172,0.0004485130310058594,0.9796659404502541
1555,470.64281606674194,0.056889609505265074,0.0019258737564086914,0.0010632991790771485,0.00041191577911376954,0.9767610748002905
1560,472.0787091255188,0.09544568934557134,0.0019440650939941406,0.0009619951248168946,0.0004332780838012695,0.9680464778503994
1565,473.53178000450134,0.010094568070509524,0.0018983125686645509,0.0007508993148803711,0.0004443645477294922,0.9644153957879448
1570,474.9897038936615,0.34261697260097035,0.0019440650939941406,0.0009619951248168946,0.00042293071746826174,0.9593318809005084
1575,476.4876980781555,0.2836449515856657,0.0018161773681640626,0.0007424116134643555,0.0004379510879516602,0.9586056644880174
1580,477.9512679576874,0.03388585172383642,0.0015058279037475585,0.000607156753540039,0.00039839744567871094,0.9644153957879448
1585,479.43132185935974,0.25490454674149987,0.0018161773681640626,0.0007424116134643555,0.0004454135894775391,0.9789397240377633
1590,480.8789200782776,0.0007185329065649171,0.0017064809799194336,0.0004215240478515625,0.00042362213134765624,0.9738562091503268
1595,482.31283593177795,0.10234105719242308,0.001715850830078125,0.0008352279663085937,0.0004328250885009766,0.9694989106753813
1600,483.7505838871002,0.02118249832205521,0.0017340421676635743,0.0007339239120483399,0.00040647983551025393,0.9658678286129266
1605,485.2235310077667,0.0009223119792693523,0.001651906967163086,0.0007254362106323242,0.0004016876220703125,0.9644153957879448
1610,486.6494369506836,0.15694725740470403,0.0019440650939941406,0.0009619951248168946,0.0004533529281616211,0.9658678286129266
1615,488.0723469257355,0.001720037221838311,0.001715850830078125,0.0008352279663085937,0.0004140138626098633,0.9665940450254176
1620,489.49493885040283,0.7045452762066361,0.001670098304748535,0.0006241321563720704,0.00039603710174560545,0.9753086419753086
1625,490.9240548610687,0.0012434935739747744,0.0017979860305786133,0.0008437156677246094,0.00041131973266601564,0.9767610748002905
1630,492.3728621006012,0.0886377017240207,0.0017979860305786133,0.0008437156677246094,0.0004214763641357422,0.9789397240377633
1635,493.8390679359436,0.023289640778605757,0.0017340421676635743,0.0007339239120483399,0.00041828155517578127,0.9796659404502541
1640,495.35391902923584,0.04438026791704601,0.001651906967163086,0.0007254362106323242,0.00041720867156982424,0.9782135076252724
1645,496.82296895980835,0.12240792192674306,0.0019258737564086914,0.0010632991790771485,0.0004394054412841797,0.9782135076252724
1650,498.291552066803,0.3765724154065083,0.0018161773681640626,0.0007424116134643555,0.00046238899230957033,0.9774872912127814
1655,499.7680788040161,0.04032255481688694,0.0018343687057495116,0.0006411075592041016,0.00043363571166992186,0.9767610748002905
1660,501.2377030849457,0.10777706305759693,0.0016243457794189453,0.0004130363464355469,0.00044062137603759763,0.9760348583877996
1665,502.7143349647522,0.04506086572232704,0.001651906967163086,0.0007254362106323242,0.00041780471801757815,0.9738562091503268
1670,504.24089097976685,0.19110650252989672,0.002044391632080078,0.0008691787719726562,0.00045664310455322265,0.9745824255628177
1675,505.71017503738403,0.007272316496309372,0.0018161773681640626,0.0007424116134643555,0.00040137767791748047,0.9803921568627451
1680,507.29518485069275,0.024503296743546343,0.001715850830078125,0.0008352279663085937,0.00040340423583984375,0.9803921568627451
1685,508.7599959373474,0.06242549977300769,0.001779794692993164,0.0009450197219848632,0.0004256486892700195,0.981118373275236
1690,510.2292308807373,0.3203233242586293,0.00191650390625,0.0006495952606201172,0.00043582916259765625,0.9789397240377633
1695,511.70563197135925,0.013119058317943199,0.0017979860305786133,0.0008437156677246094,0.0004474639892578125,0.9687726942628904
1700,513.2333378791809,0.17475524339984078,0.001715850830078125,0.0008352279663085937,0.0004346132278442383,0.9665940450254176
1705,514.7204010486603,0.027351572771169685,0.0016794681549072265,0.0010378360748291016,0.0004288196563720703,0.9665940450254176
1710,516.2069699764252,0.08791403831586564,0.0018619298934936523,0.000953507423400879,0.0004296302795410156,0.9709513435003632
1715,517.6886858940125,0.04323555595943276,0.0018983125686645509,0.0007508993148803711,0.0004419088363647461,0.9753086419753086
1720,519.1694128513336,0.007596765379594217,0.0016155242919921875,0.000928044319152832,0.0004052162170410156,0.9753086419753086
1725,520.6476149559021,0.040139423669552345,0.0016976594924926758,0.0009365320205688476,0.00042231082916259765,0.9774872912127814
1730,522.165256023407,0.006058676510536998,0.001670098304748535,0.0006241321563720704,0.00043506622314453124,0.9803921568627451
1735,523.6247041225433,0.030526736931689412,0.001843738555908203,0.0010548114776611328,0.0004077434539794922,0.981118373275236
1740,525.0929770469666,0.03685772544195345,0.0019440650939941406,0.0009619951248168946,0.0004267692565917969,0.9774872912127814
1745,526.5470721721649,0.024830818515147256,0.0018343687057495116,0.0006411075592041016,0.0004445552825927734,0.9774872912127814
1750,527.9983968734741,0.02873955386726266,0.0018343687057495116,0.0006411075592041016,0.00043361186981201173,0.9774872912127814
1755,529.4402678012848,0.10479550741590629,0.001980447769165039,0.0007593870162963867,0.00044462680816650393,0.981118373275236
1760,530.8988859653473,0.04194904967166622,0.001651906967163086,0.0007254362106323242,0.0004193544387817383,0.9789397240377633
1765,532.3949649333954,0.004122992565318384,0.0017979860305786133,0.0008437156677246094,0.0004345417022705078,0.9782135076252724
1770,533.842887878418,0.010051905350019296,0.0015879631042480468,0.0006156444549560546,0.00040838718414306643,0.9789397240377633
1775,535.2923138141632,0.27246105339909266,0.0018619298934936523,0.000953507423400879,0.00042498111724853516,0.9796659404502541
1780,536.7396638393402,0.004082029359244644,0.001779794692993164,0.0009450197219848632,0.0003876447677612305,0.9796659404502541
1785,538.1897208690643,0.132460932543097,0.0018619298934936523,0.000953507423400879,0.0004359245300292969,0.9818445896877269
1790,539.6520569324493,0.011874585527223758,0.0018161773681640626,0.0007424116134643555,0.0004489898681640625,0.9745824255628177
1795,541.1484868526459,0.008674586572169574,0.0017979860305786133,0.0008437156677246094,0.0004210948944091797,0.9745824255628177
1800,542.5866787433624,0.02512624529188088,0.0016882896423339843,0.0005228281021118164,0.00042917728424072263,0.9731299927378358
1805,544.0315139293671,0.2554468721266403,0.0018983125686645509,0.0007508993148803711,0.0004385471343994141,0.9753086419753086
1810,545.4755878448486,0.018688567593338236,0.001779794692993164,0.0009450197219848632,0.00042150020599365237,0.9774872912127814
1815,546.9107480049133,0.0016168697714476822,0.0016337156295776368,0.0008267402648925781,0.0003846883773803711,0.9724037763253449
1820,548.3408401012421,0.0001428333242998292,0.0018161773681640626,0.0007424116134643555,0.0004215717315673828,0.9702251270878722
1825,549.8258528709412,0.054949235358094484,0.0017886161804199219,0.0004300117492675781,0.0004570484161376953,0.9731299927378358
1830,551.2420580387115,0.3423560296317888,0.0016882896423339843,0.0005228281021118164,0.0004138946533203125,0.9724037763253449
1835,552.6810719966888,0.012868811638561795,0.0018801212310791016,0.000852203369140625,0.0004203557968139648,0.9651416122004357
1840,554.1470749378204,0.9656914850493991,0.001980447769165039,0.0007593870162963867,0.0004631757736206055,0.954248366013072
1845,555.640674829483,0.09035776699638517,0.001779794692993164,0.0009450197219848632,0.0004410266876220703,0.9615105301379812
1850,557.1614849567413,0.2939199540256368,0.0018161773681640626,0.0007424116134643555,0.00048542022705078125,0.9600580973129993
1855,558.6869769096375,0.06406740103120682,0.001670098304748535,0.0006241321563720704,0.0004677295684814453,0.9477124183006536
1860,560.2730541229248,0.20273323473047639,0.0019346952438354492,0.0005482912063598632,0.00048246383666992185,0.9295570079883806
1865,561.8071110248566,0.047042002730268,0.0018983125686645509,0.0007508993148803711,0.0004614114761352539,0.9295570079883806
1870,563.3348588943481,0.25628889493639234,0.0018161773681640626,0.0007424116134643555,0.00043790340423583985,0.954248366013072
1875,564.8602089881897,0.06621959790368522,0.0017340421676635743,0.0007339239120483399,0.0004518985748291016,0.9404502541757443
1880,566.3409099578857,0.21293163245536703,0.0019258737564086914,0.0010632991790771485,0.00043876171112060546,0.9426289034132171
1885,567.8040399551392,0.01928242330010903,0.0016794681549072265,0.0010378360748291016,0.0004128456115722656,0.9469862018881626
1890,569.305508852005,0.030426999658908473,0.0017979860305786133,0.0008437156677246094,0.00038814544677734375,0.9498910675381264
1895,570.7426650524139,0.003750143309163434,0.0017616033554077148,0.0010463237762451173,0.0003877878189086914,0.9506172839506173
1900,572.1859300136566,0.0018702261011981137,0.0018801212310791016,0.000852203369140625,0.0004243373870849609,0.9520697167755992
1905,573.624922990799,0.23319958261928236,0.0018343687057495116,0.0006411075592041016,0.00044443607330322263,0.9520697167755992
1910,575.0564827919006,0.5364161398925731,0.0019622564315795897,0.0008606910705566406,0.0004357814788818359,0.9760348583877996
1915,576.4930849075317,0.029749626567357267,0.0017979860305786133,0.0008437156677246094,0.00043227672576904295,0.9636891793754538
1920,577.9691250324249,0.008272958089412441,0.0018619298934936523,0.000953507423400879,0.0004178285598754883,0.9360929557007989
1925,579.4115810394287,0.5291111795127563,0.0017979860305786133,0.0008437156677246094,0.0004052639007568359,0.9419026870007262
1930,580.8483898639679,0.0034608866946683747,0.001779794692993164,0.0009450197219848632,0.0004037618637084961,0.9673202614379085
1935,582.2970798015594,0.2057331810445831,0.001715850830078125,0.0008352279663085937,0.0004155158996582031,0.9607843137254902
1940,583.7495949268341,0.07298188725289947,0.0017522335052490234,0.000632619857788086,0.0004853248596191406,0.9520697167755992
1945,585.2075409889221,0.17435498081950557,0.001779794692993164,0.0009450197219848632,0.0004127025604248047,0.9506172839506173
1950,586.7259390354156,0.14617410297101968,0.0017340421676635743,0.0007339239120483399,0.0004417657852172852,0.9622367465504721
1955,588.1847848892212,0.0366142747245334,0.001670098304748535,0.0006241321563720704,0.00043804645538330077,0.9665940450254176
1960,589.6474430561066,0.004942669623468987,0.0018161773681640626,0.0007424116134643555,0.0004144430160522461,0.9687726942628904
1965,591.1109039783478,0.11671506011534802,0.001651906967163086,0.0007254362106323242,0.0004199504852294922,0.9738562091503268
1970,592.5757658481598,0.02472015671211949,0.001779794692993164,0.0009450197219848632,0.00040943622589111327,0.971677559912854
1975,594.0356588363647,0.3420877959628825,0.001715850830078125,0.0008352279663085937,0.00039987564086914064,0.9658678286129266
1980,595.5480840206146,0.008002738145118826,0.0016243457794189453,0.0004130363464355469,0.00045082569122314455,0.9644153957879448
1985,596.9991807937622,0.057940471951653194,0.0016882896423339843,0.0005228281021118164,0.0004353523254394531,0.9615105301379812
1990,598.4602248668671,0.22966053043491713,0.0019622564315795897,0.0008606910705566406,0.0004631757736206055,0.9673202614379085
1995,599.9195258617401,0.00035805857525161855,0.001715850830078125,0.0008352279663085937,0.0003990888595581055,0.9651416122004357
2000,601.37544298172,0.07753455121874424,0.0019346952438354492,0.0005482912063598632,0.00045225620269775393,0.9586056644880174
2005,602.8359749317169,0.05113943493943225,0.0015240192413330078,0.0005058526992797851,0.000488901138305664,0.9549745824255628
2010,604.3055608272552,0.0010850534181713555,0.0018161773681640626,0.0007424116134643555,0.0004271268844604492,0.9527959331880901
2015,605.8143939971924,0.03475726229003158,0.0018801212310791016,0.000852203369140625,0.0004252910614013672,0.9513435003631082
2020,607.2829110622406,0.014532323571657457,0.001651906967163086,0.0007254362106323242,0.0004231691360473633,0.9506172839506173
2025,608.762923002243,0.19375996331564238,0.0017979860305786133,0.0008437156677246094,0.00044450759887695315,0.9513435003631082
2030,610.2319707870483,0.04990811717843826,0.0018161773681640626,0.0007424116134643555,0.0004465818405151367,0.9527959331880901
2035,611.6810047626495,0.015920789788137314,0.0017340421676635743,0.0007339239120483399,0.00043358802795410154,0.9549745824255628
2040,613.1319630146027,0.1501080719384845,0.0018983125686645509,0.0007508993148803711,0.0004415988922119141,0.9520697167755992
2045,614.6219499111176,0.030598317926512665,0.001980447769165039,0.0007593870162963867,0.000449681282043457,0.953522149600581
2050,616.0497150421143,0.009267662526264075,0.001715850830078125,0.0008352279663085937,0.0003864765167236328,0.954248366013072
2055,617.493213891983,0.00021483660905943224,0.0016337156295776368,0.0008267402648925781,0.00039856433868408204,0.954248366013072
2060,618.9250457286835,0.4886074797250387,0.0016243457794189453,0.0004130363464355469,0.0004420757293701172,0.9731299927378358
2065,620.361900806427,0.022224080735577446,0.0015879631042480468,0.0006156444549560546,0.00041980743408203124,0.971677559912854
2070,621.8454947471619,0.2548676754696316,0.0017979860305786133,0.0008437156677246094,0.00044345855712890625,0.9622367465504721
2075,623.4019830226898,0.006905163414739945,0.0018619298934936523,0.000953507423400879,0.00046999454498291015,0.9549745824255628
2080,624.9229578971863,0.02688823298785934,0.0015240192413330078,0.0005058526992797851,0.00045475959777832033,0.9477124183006536
2085,626.5434079170227,0.03366040612709185,0.001715850830078125,0.0008352279663085937,0.0004505157470703125,0.9462599854756718
2090,628.0545978546143,0.09018540534058275,0.001715850830078125,0.0008352279663085937,0.00042748451232910156,0.954248366013072
2095,629.5643830299377,0.0023283867526401993,0.001715850830078125,0.0008352279663085937,0.00041780471801757815,0.9607843137254902
2100,631.0738010406494,0.026537501636698834,0.0017340421676635743,0.0007339239120483399,0.00044641494750976565,0.9636891793754538
2105,632.5714678764343,0.16262495661331117,0.0017979860305786133,0.0008437156677246094,0.0004540920257568359,0.9687726942628904
2110,634.1087379455566,0.02187007747889993,0.0014876365661621095,0.000708460807800293,0.00044887065887451173,0.9724037763253449
2115,635.6081829071045,0.03210018759491504,0.0018801212310791016,0.000852203369140625,0.0004447221755981445,0.9760348583877996
2120,637.0938210487366,0.19369609799321097,0.0018983125686645509,0.0007508993148803711,0.00042233467102050783,0.9796659404502541
2125,638.5588450431824,0.03645882490382775,0.0019440650939941406,0.0009619951248168946,0.00044820308685302737,0.9774872912127814
2130,640.0042979717255,0.04805260060970795,0.001779794692993164,0.0009450197219848632,0.00041837692260742186,0.981118373275236
2135,641.4417879581451,0.1409293004862036,0.001907682418823242,0.0011646032333374023,0.000406646728515625,0.9825708061002179
2140,642.92626786232,0.06998608738183662,0.001670098304748535,0.0006241321563720704,0.0004285573959350586,0.9825708061002179
2145,644.3723528385162,0.04946437485132833,0.0017522335052490234,0.000632619857788086,0.0004357814788818359,0.9818445896877269
2150,645.8243629932404,0.014404615149368282,0.0018801212310791016,0.000852203369140625,0.0004136085510253906,0.981118373275236
2155,647.2805829048157,0.009892596160807444,0.0018161773681640626,0.0007424116134643555,0.0004304647445678711,0.9796659404502541
2160,648.7372188568115,0.01778904888945476,0.0018801212310791016,0.000852203369140625,0.0004375457763671875,0.9796659404502541
2165,650.1906177997589,0.016823957847520887,0.00191650390625,0.0006495952606201172,0.0004466533660888672,0.9803921568627451
2170,651.6991708278656,0.09051033729891741,0.0018343687057495116,0.0006411075592041016,0.0004171609878540039,0.9796659404502541
2175,653.1387510299683,0.09298699652566852,0.0018801212310791016,0.000852203369140625,0.0004292964935302734,0.9803921568627451
2180,654.5827679634094,0.0001882416720945912,0.001779794692993164,0.0009450197219848632,0.0004027843475341797,0.9803921568627451
2185,656.0417218208313,0.006894838100379275,0.001670098304748535,0.0006241321563720704,0.0004511833190917969,0.981118373275236
2190,657.508740901947,0.024496447858200553,0.0017522335052490234,0.000632619857788086,0.00044569969177246096,0.981118373275236
2195,658.971296787262,0.002762812012157667,0.0015879631042480468,0.0006156444549560546,0.00041570663452148435,0.981118373275236
2200,660.4795279502869,0.004495496708767632,0.0016794681549072265,0.0010378360748291016,0.0003887176513671875,0.981118373275236
2205,661.9306530952454,0.014963939801965153,0.0017704248428344726,0.000531315803527832,0.0004671573638916016,0.981118373275236
2210,663.3785088062286,0.030406389066956762,0.0018161773681640626,0.0007424116134643555,0.00042476654052734373,0.9818445896877269
2215,664.8208320140839,0.051367621857266954,0.0018801212310791016,0.000852203369140625,0.0004423618316650391,0.981118373275236
2220,666.2493641376495,0.0020612875468266623,0.0016882896423339843,0.0005228281021118164,0.0004154205322265625,0.9796659404502541
2225,667.676769733429,0.20041602151545704,0.0017522335052490234,0.000632619857788086,0.000426483154296875,0.9789397240377633
2230,669.099928855896,0.008835935918807537,0.0018983125686645509,0.0007508993148803711,0.00041010379791259763,0.9651416122004357
2235,670.5716209411621,0.24839578998507933,0.0018619298934936523,0.000953507423400879,0.00041911602020263674,0.9680464778503994
2240,671.9927167892456,0.024927624128038416,0.0018801212310791016,0.000852203369140625,0.00042984485626220705,0.9774872912127814
2245,673.4153077602386,0.0370660170744543,0.0019440650939941406,0.0009619951248168946,0.000442051887512207,0.9687726942628904
2250,674.854574918747,1.1230557492723647,0.0019440650939941406,0.0009619951248168946,0.00042173862457275393,0.9651416122004357
2255,676.2916278839111,0.300931424742447,0.0018983125686645509,0.0007508993148803711,0.0004398345947265625,0.9760348583877996
2260,677.7343809604645,0.00019219510272137086,0.0019440650939941406,0.0009619951248168946,0.0004093170166015625,0.9774872912127814
2265,679.2266278266907,0.08283843200807724,0.001670098304748535,0.0006241321563720704,0.00042617321014404297,0.9782135076252724
2270,680.6871178150177,0.02451404391606502,0.0015879631042480468,0.0006156444549560546,0.0004253864288330078,0.971677559912854
2275,682.1683490276337,0.029794886835033195,0.0018161773681640626,0.0007424116134643555,0.0004464864730834961,0.9694989106753813
2280,683.647262096405,0.0032873162489664765,0.0017704248428344726,0.000531315803527832,0.00044727325439453125,0.9658678286129266
2285,685.1371459960938,0.1525458302248353,0.0015697717666625977,0.0007169485092163086,0.0004388332366943359,0.9709513435003632
2290,686.6156959533691,0.022600361289870818,0.0017340421676635743,0.0007339239120483399,0.00042450428009033203,0.9796659404502541
2295,688.144054889679,0.012367586083031767,0.0017979860305786133,0.0008437156677246094,0.0003998041152954102,0.9789397240377633
2300,689.6193628311157,0.3311291318583699,0.0018619298934936523,0.000953507423400879,0.00047662258148193357,0.9796659404502541
2305,691.0748040676117,0.007271635412735122,0.001715850830078125,0.0008352279663085937,0.00042154788970947263,0.9673202614379085
2310,692.5205037593842,0.05185108640720557,0.001670098304748535,0.0006241321563720704,0.00042786598205566404,0.9622367465504721
2315,693.9551141262054,0.019847255896280558,0.0018801212310791016,0.000852203369140625,0.00044057369232177737,0.9622367465504721
2320,695.3987069129944,0.271709457511362,0.0017340421676635743,0.0007339239120483399,0.0004495859146118164,0.9745824255628177
2325,696.8271598815918,0.023788992366337424,0.001715850830078125,0.0008352279663085937,0.0004038095474243164,0.9738562091503268
2330,698.3093049526215,0.06746956804511228,0.001715850830078125,0.0008352279663085937,0.0004021167755126953,0.9687726942628904
2335,699.7426588535309,0.047397638284658684,0.0019440650939941406,0.0009619951248168946,0.0004294395446777344,0.9694989106753813
2340,701.1636669635773,0.35054119136184525,0.0018161773681640626,0.0007424116134643555,0.0004091501235961914,0.9673202614379085
2345,702.6011049747467,0.148340064568049,0.0017704248428344726,0.000531315803527832,0.0004369020462036133,0.9673202614379085
2350,704.0381479263306,0.00110874740247624,0.001606154441833496,0.0005143404006958008,0.000372314453125,0.9680464778503994
2355,705.4803788661957,0.03588769007479584,0.0017340421676635743,0.0007339239120483399,0.00041327476501464846,0.9687726942628904
2360,706.9621410369873,0.18918223514019844,0.001980447769165039,0.0007593870162963867,0.0004573345184326172,0.9702251270878722
2365,708.3975389003754,0.12529448274402882,0.0017979860305786133,0.0008437156677246094,0.00039432048797607424,0.9738562091503268
2370,709.8371930122375,0.03779696518824949,0.0017340421676635743,0.0007339239120483399,0.00040493011474609377,0.9738562091503268
2375,711.2681078910828,0.055083604248056875,0.0018255472183227538,0.0011561155319213868,0.00039873123168945315,0.9745824255628177
2380,712.7057590484619,0.18284570794784258,0.001852560043334961,0.0005398035049438476,0.0004434108734130859,0.9724037763253449
2385,714.1473710536957,0.006222698757031253,0.0017979860305786133,0.0008437156677246094,0.00040867328643798826,0.9709513435003632
2390,715.6353919506073,0.1686182091151423,0.001715850830078125,0.0008352279663085937,0.0004427909851074219,0.9724037763253449
2395,717.0733377933502,0.07264595887329506,0.0016976594924926758,0.0009365320205688476,0.0004103899002075195,0.9789397240377633
2400,718.5163097381592,0.07915288847392646,0.0018619298934936523,0.000953507423400879,0.0004219532012939453,0.9840232389251997
2405,719.9504289627075,0.02406492309870032,0.0018801212310791016,0.000852203369140625,0.00044622421264648435,0.9854756717501816
2410,721.3802988529205,0.010658237016481564,0.0016794681549072265,0.0010378360748291016,0.0004039764404296875,0.9869281045751634
2415,722.8106019496918,0.0011881380999469115,0.001651906967163086,0.0007254362106323242,0.0004185676574707031,0.9883805374001452
2420,724.2877199649811,0.0033683421969385565,0.0015879631042480468,0.0006156444549560546,0.00039696693420410156,0.9883805374001452
2425,725.7149209976196,0.0309523377620863,0.0019898176193237304,0.001173090934753418,0.00038535594940185546,0.9891067538126361
2430,727.1465978622437,0.06017529275281106,0.0018801212310791016,0.000852203369140625,0.00043668746948242185,0.9883805374001452
2435,728.5707311630249,0.00016829170232597336,0.0017522335052490234,0.000632619857788086,0.00037903785705566405,0.9876543209876543
2440,730.0144619941711,0.039918043139732615,0.001980447769165039,0.0007593870162963867,0.00045976638793945315,0.9883805374001452
2445,731.4455718994141,0.030857511609798393,0.0018983125686645509,0.0007508993148803711,0.0004693746566772461,0.9869281045751634
2450,732.919839143753,0.019013725828177997,0.0017522335052490234,0.000632619857788086,0.0004077911376953125,0.9869281045751634
2455,734.3424899578094,0.0036322657759455977,0.0016976594924926758,0.0009365320205688476,0.00040373802185058596,0.9869281045751634
2460,735.7673859596252,0.202874880610608,0.001651906967163086,0.0007254362106323242,0.00039577484130859375,0.9869281045751634
2465,737.1958768367767,0.049175148765803554,0.0017979860305786133,0.0008437156677246094,0.00042273998260498045,0.9876543209876543
2470,738.6183478832245,0.0009928858331150537,0.0018619298934936523,0.000953507423400879,0.0003901004791259766,0.9876543209876543
2475,740.0396790504456,0.14774137355781533,0.0018801212310791016,0.000852203369140625,0.00044214725494384766,0.9883805374001452
2480,741.4618887901306,0.0043342039975073025,0.001779794692993164,0.0009450197219848632,0.00041964054107666013,0.9840232389251997
2485,742.9258980751038,0.0073750204876233735,0.0017340421676635743,0.0007339239120483399,0.0004019021987915039,0.9782135076252724
2490,744.3607687950134,0.016705887509766627,0.0017704248428344726,0.000531315803527832,0.00044057369232177737,0.9782135076252724
2495,745.874743938446,0.020744704245649358,0.0018801212310791016,0.000852203369140625,0.000435328483581543,0.9796659404502541
2500,747.3052558898926,0.012730419035197827,0.001715850830078125,0.0008352279663085937,0.00039491653442382815,0.981118373275236
2505,748.7246198654175,0.0018466547074069695,0.001715850830078125,0.0008352279663085937,0.00039165019989013673,0.9847494553376906
2510,750.1499819755554,8.279406210931484e-06,0.0017522335052490234,0.000632619857788086,0.0004091024398803711,0.9847494553376906
2515,751.6196980476379,0.01089084133564171,0.0017064809799194336,0.0004215240478515625,0.0004617452621459961,0.9876543209876543
2520,753.0357038974762,0.37573193679273376,0.001852560043334961,0.0005398035049438476,0.0004534006118774414,0.9862018881626725
2525,754.4645628929138,0.006393788585457116,0.0018619298934936523,0.000953507423400879,0.00043654441833496094,0.9847494553376906
2530,755.8792588710785,0.09829406596898593,0.0019622564315795897,0.0008606910705566406,0.0004281759262084961,0.9832970225127088
2535,757.2952327728271,0.014017624840016651,0.0017340421676635743,0.0007339239120483399,0.00041747093200683594,0.9847494553376906
2540,758.7196650505066,0.26266120185161557,0.0017340421676635743,0.0007339239120483399,0.0004142045974731445,0.9854756717501816
2545,760.1848599910736,0.0293626120904662,0.0017522335052490234,0.000632619857788086,0.00040285587310791017,0.981118373275236
2550,761.5968887805939,0.07299730356598957,0.001998639106750488,0.0006580829620361328,0.00044465065002441406,0.9789397240377633
2555,763.0193691253662,0.016713337974948672,0.00191650390625,0.0006495952606201172,0.0004395484924316406,0.9745824255628177
2560,764.4414999485016,0.04105135419814161,0.001715850830078125,0.0008352279663085937,0.00041265487670898436,0.9818445896877269
2565,765.8804638385773,0.0059209161905130255,0.0017979860305786133,0.0008437156677246094,0.00040912628173828125,0.9840232389251997
2570,767.3015098571777,0.18015504559297427,0.0018619298934936523,0.000953507423400879,0.0004302024841308594,0.9862018881626725
2575,768.7144978046417,0.34891607265890767,0.0016976594924926758,0.0009365320205688476,0.0003917455673217773,0.9847494553376906
2580,770.1943159103394,0.007470434983805774,0.0018619298934936523,0.000953507423400879,0.0004103660583496094,0.9840232389251997
2585,771.6126878261566,2.0774245638222055e-05,0.0017616033554077148,0.0010463237762451173,0.00036230087280273435,0.9832970225127088
2590,773.0444297790527,0.16459289844378872,0.0018801212310791016,0.000852203369140625,0.00045120716094970703,0.9789397240377633
2595,774.4615488052368,0.013375532019124137,0.0018343687057495116,0.0006411075592041016,0.00042014122009277345,0.9709513435003632
2600,775.8774747848511,0.04057241515767771,0.0018801212310791016,0.000852203369140625,0.0004195690155029297,0.9702251270878722
2605,777.2978467941284,0.012413988349835847,0.0017979860305786133,0.0008437156677246094,0.00046749114990234374,0.9702251270878722
2610,778.7735459804535,0.005311303268852896,0.0018801212310791016,0.000852203369140625,0.0004232645034790039,0.9687726942628904
2615,780.1970388889313,1.3202838965753472e-05,0.001843738555908203,0.0010548114776611328,0.00039031505584716795,0.9673202614379085
2620,781.6199469566345,0.00014618578135312533,0.001779794692993164,0.0009450197219848632,0.00040619373321533204,0.9651416122004357
2625,783.0348079204559,0.03593719709494962,0.0015879631042480468,0.0006156444549560546,0.00040688514709472654,0.9636891793754538
2630,784.4573540687561,0.14537410671896395,0.0018801212310791016,0.000852203369140625,0.0004667520523071289,0.9629629629629629
2635,785.8812539577484,0.009838165792629638,0.0017340421676635743,0.0007339239120483399,0.0004161834716796875,0.9615105301379812
2640,787.3436069488525,0.013735783420838744,0.0017340421676635743,0.0007339239120483399,0.0004075765609741211,0.9629629629629629
2645,788.7639799118042,0.006064943035039505,0.0017522335052490234,0.000632619857788086,0.0004407405853271484,0.9651416122004357
2650,790.1847429275513,0.17403379623497414,0.0017340421676635743,0.0007339239120483399,0.0004143238067626953,0.9709513435003632
2655,791.6096060276031,0.011682676536476321,0.0016337156295776368,0.0008267402648925781,0.0003870248794555664,0.9847494553376906
2660,793.0187311172485,0.2652487255505605,0.0018801212310791016,0.000852203369140625,0.0004129886627197266,0.9847494553376906
2665,794.4378671646118,0.021265683835534333,0.0016337156295776368,0.0008267402648925781,0.0003838062286376953,0.9840232389251997
2670,795.908509016037,0.0232011693626319,0.0016882896423339843,0.0005228281021118164,0.0004168510437011719,0.9818445896877269
2675,797.3354258537292,0.004202670987433521,0.0016882896423339843,0.0005228281021118164,0.00042040348052978515,0.9818445896877269
2680,798.7583000659943,0.005472432715431808,0.0018983125686645509,0.0007508993148803711,0.00045146942138671873,0.9825708061002179
2685,800.1849670410156,2.1196556373581644e-05,0.001779794692993164,0.0009450197219848632,0.0003838062286376953,0.9825708061002179
2690,801.6171269416809,0.011312151469797981,0.0017886161804199219,0.0004300117492675781,0.00043354034423828127,0.9825708061002179
2695,803.0504720211029,0.01301097210761668,0.0015240192413330078,0.0005058526992797851,0.0003972768783569336,0.9825708061002179
2700,804.4771018028259,0.008205977913539187,0.0019622564315795897,0.0008606910705566406,0.0004169940948486328,0.9825708061002179
2705,805.9611737728119,0.027916877498137184,0.0018619298934936523,0.000953507423400879,0.0004101991653442383,0.981118373275236
2710,807.3774297237396,0.0073813961484248125,0.001606154441833496,0.0005143404006958008,0.0003960132598876953,0.981118373275236
2715,808.8110549449921,0.07355806505372016,0.001843738555908203,0.0010548114776611328,0.00042340755462646487,0.9832970225127088
2720,810.23939204216,0.018019704891783304,0.0017704248428344726,0.000531315803527832,0.000435638427734375,0.9854756717501816
2725,811.6538848876953,0.02129888888599112,0.0018161773681640626,0.0007424116134643555,0.0004198789596557617,0.9847494553376906
2730,813.0817248821259,0.03119678392795322,0.0018161773681640626,0.0007424116134643555,0.000442957878112793,0.9825708061002179
2735,814.5456447601318,0.015364100279839477,0.002026200294494629,0.0009704828262329102,0.0004256248474121094,0.9832970225127088
2740,815.9659678936005,0.001632659160829064,0.001651906967163086,0.0007254362106323242,0.000397181510925293,0.9832970225127088
2745,817.3835899829865,0.00027241016482690836,0.0015697717666625977,0.0007169485092163086,0.00036559104919433596,0.9825708061002179
2750,818.8140850067139,0.025418498555427504,0.0017704248428344726,0.000531315803527832,0.00041882991790771485,0.9803921568627451
2755,820.2411649227142,0.007015717577600356,0.0015058279037475585,0.000607156753540039,0.0003842830657958984,0.9760348583877996
2760,821.6441550254822,0.3552965325045648,0.0018983125686645509,0.0007508993148803711,0.00044391155242919924,0.9818445896877269
2765,823.1268699169159,8.452173291573218e-06,0.0016976594924926758,0.0009365320205688476,0.00036599636077880857,0.9862018881626725
2770,824.5498399734497,0.03473244792223795,0.0015879631042480468,0.0006156444549560546,0.0004030466079711914,0.9876543209876543
2775,825.9812271595001,0.012440856326436744,0.0017340421676635743,0.0007339239120483399,0.00040946006774902346,0.9862018881626725
2780,827.4071848392487,0.00044831766431769894,0.0016976594924926758,0.0009365320205688476,0.00038199424743652345,0.9832970225127088
2785,828.839518070221,0.0003477820569742107,0.0017979860305786133,0.0008437156677246094,0.00040130615234375,0.9818445896877269
2790,830.2661669254303,0.001510483987402722,0.001651906967163086,0.0007254362106323242,0.00040180683135986327,0.981118373275236
2795,831.6966779232025,0.03153328430040858,0.0017979860305786133,0.0008437156677246094,0.0004111051559448242,0.9825708061002179
2800,833.1702799797058,0.003299545357515399,0.0015697717666625977,0.0007169485092163086,0.00039608478546142577,0.9847494553376906
2805,834.5935318470001,0.005711753625293881,0.0018619298934936523,0.000953507423400879,0.000416111946105957,0.9854756717501816
2810,836.02272605896,0.3230068211215979,0.00191650390625,0.0006495952606201172,0.00044357776641845703,0.9876543209876543
2815,837.4321138858795,0.007327044010412465,0.0017979860305786133,0.0008437156677246094,0.00042722225189208987,0.9818445896877269
2820,838.8547649383545,0.1442530169617413,0.001907682418823242,0.0011646032333374023,0.00042629241943359375,0.9782135076252724
2825,840.27041888237,0.07660481224102896,0.0019440650939941406,0.0009619951248168946,0.00040476322174072267,0.971677559912854
2830,841.7254228591919,0.0001705440390665558,0.0015879631042480468,0.0006156444549560546,0.00039522647857666017,0.9651416122004357
2835,843.130833864212,0.2020150564821961,0.0018161773681640626,0.0007424116134643555,0.0004248619079589844,0.9745824255628177
2840,844.546071767807,0.011635540425966439,0.0018161773681640626,0.0007424116134643555,0.0003984928131103516,0.971677559912854
2845,845.9632959365845,0.05624829861335527,0.0018983125686645509,0.0007508993148803711,0.00043759346008300783,0.9636891793754538
2850,847.3896470069885,0.005931554025301012,0.0018801212310791016,0.000852203369140625,0.00041162967681884766,0.9622367465504721
2855,848.818051815033,0.009768645076843541,0.0018343687057495116,0.0006411075592041016,0.0004256248474121094,0.9622367465504721
2860,850.2912998199463,0.2485091122063295,0.00191650390625,0.0006495952606201172,0.00042724609375,0.9636891793754538
2865,851.7156069278717,0.18189106427435037,0.001843738555908203,0.0010548114776611328,0.0004275083541870117,0.9644153957879448
2870,853.1469368934631,0.0003321541975310538,0.0017340421676635743,0.0007339239120483399,0.0004186391830444336,0.9658678286129266
2875,854.5899348258972,0.0002875678699723494,0.0017522335052490234,0.000632619857788086,0.0004174470901489258,0.9636891793754538
2880,856.0198709964752,0.05108567044852776,0.001651906967163086,0.0007254362106323242,0.00040781497955322266,0.9607843137254902
2885,857.4541230201721,0.004443717346578069,0.001651906967163086,0.0007254362106323242,0.00041811466217041017,0.9586056644880174
2890,858.9380259513855,0.006090696715334331,0.0016337156295776368,0.0008267402648925781,0.00037658214569091797,0.9578794480755265
2895,860.3736960887909,0.05897162312194837,0.001852560043334961,0.0005398035049438476,0.0004375219345092773,0.9644153957879448
2900,861.8067669868469,0.00019605761879120108,0.0018161773681640626,0.0007424116134643555,0.00040998458862304685,0.9644153957879448
2905,863.2363097667694,0.23149010315540294,0.0017979860305786133,0.0008437156677246094,0.0003911495208740234,0.9680464778503994
2910,864.6586928367615,0.05719612807152998,0.0016882896423339843,0.0005228281021118164,0.000400996208190918,0.9709513435003632
2915,866.0830998420715,0.14664649981277905,0.0018161773681640626,0.0007424116134643555,0.00044460296630859374,0.9767610748002905
2920,867.5809409618378,0.0004625042630102882,0.0018983125686645509,0.0007508993148803711,0.00043785572052001953,0.9724037763253449
2925,869.0872609615326,0.005976702924846223,0.0018619298934936523,0.000953507423400879,0.00039432048797607424,0.9687726942628904
2930,870.509771823883,0.06106450878032774,0.0018619298934936523,0.000953507423400879,0.0004377126693725586,0.9644153957879448
2935,871.9281489849091,0.05701628489100585,0.0019440650939941406,0.0009619951248168946,0.0004377603530883789,0.9629629629629629
2940,873.3475637435913,0.058521397336519954,0.0018161773681640626,0.0007424116134643555,0.00042603015899658205,0.9564270152505446
2945,874.7543840408325,0.47705649423873026,0.002044391632080078,0.0008691787719726562,0.00043041706085205077,0.9665940450254176
2950,876.1731557846069,0.021642491221439287,0.0018801212310791016,0.000852203369140625,0.0004053592681884766,0.9600580973129993
2955,877.6422758102417,0.34144563169102327,0.0015879631042480468,0.0006156444549560546,0.0003805875778198242,0.9600580973129993
2960,879.0583958625793,0.07362796412785429,0.001651906967163086,0.0007254362106323242,0.00040707588195800783,0.9687726942628904
2965,880.4773440361023,0.05031679041494641,0.0018343687057495116,0.0006411075592041016,0.0004279613494873047,0.9760348583877996
2970,881.896045923233,0.0010352515438640352,0.0017522335052490234,0.000632619857788086,0.0004192829132080078,0.9782135076252724
2975,883.3289229869843,0.1410148558727542,0.001651906967163086,0.0007254362106323242,0.0004309177398681641,0.9767610748002905
2980,884.7515499591827,0.004557493981451444,0.001651906967163086,0.0007254362106323242,0.0003843545913696289,0.9745824255628177
2985,886.2343990802765,0.10489499550581058,0.0018983125686645509,0.0007508993148803711,0.00044319629669189455,0.9760348583877996
2990,887.658490896225,0.03905453021752692,0.0017616033554077148,0.0010463237762451173,0.0004383087158203125,0.9796659404502541
2995,889.0873837471008,0.00048604470371458317,0.001651906967163086,0.0007254362106323242,0.00037715435028076174,0.981118373275236
3000,890.5103540420532,0.07017983139720059,0.0017340421676635743,0.0007339239120483399,0.00042231082916259765,0.9832970225127088
3005,891.93306183815,0.009280582759208756,0.0018801212310791016,0.000852203369140625,0.00041942596435546876,0.9818445896877269
3010,893.3617448806763,0.04148002509112416,0.0018161773681640626,0.0007424116134643555,0.0004250526428222656,0.9803921568627451
3015,894.8401229381561,0.00012041455997007234,0.0015697717666625977,0.0007169485092163086,0.0003899812698364258,0.9745824255628177
3020,896.2702770233154,0.18918808401381426,0.001843738555908203,0.0010548114776611328,0.00039312839508056643,0.9767610748002905
3025,897.6932890415192,0.07742967842453936,0.0018983125686645509,0.0007508993148803711,0.0004360675811767578,0.9818445896877269
3030,899.1180260181427,0.32717020362615584,0.0018983125686645509,0.0007508993148803711,0.00043272972106933594,0.9869281045751634
3035,900.5375208854675,0.12485742821061194,0.001606154441833496,0.0005143404006958008,0.00041294097900390625,0.9869281045751634
3040,901.9507489204407,0.0007612692658142351,0.001670098304748535,0.0006241321563720704,0.00038084983825683596,0.9891067538126361
3045,903.3697648048401,0.054964175820350646,0.0018161773681640626,0.0007424116134643555,0.00039987564086914064,0.9891067538126361
3050,904.8298230171204,0.055815655412160936,0.0018983125686645509,0.0007508993148803711,0.0004307270050048828,0.9847494553376906
3055,906.2456610202789,0.006893306225600781,0.0017979860305786133,0.0008437156677246094,0.0003791332244873047,0.9825708061002179
3060,907.6687078475952,0.05789695770411072,0.0017522335052490234,0.000632619857788086,0.00042221546173095705,0.9840232389251997
3065,909.0871360301971,0.07779012704106095,0.001907682418823242,0.0011646032333374023,0.00040836334228515624,0.9869281045751634
3070,910.5097169876099,0.187983145420003,0.0018343687057495116,0.0006411075592041016,0.00040912628173828125,0.9854756717501816
3075,911.9309639930725,0.14574811831334955,0.0017979860305786133,0.0008437156677246094,0.0004581451416015625,0.9774872912127814
3080,913.4060959815979,0.00023538679490684445,0.0016337156295776368,0.0008267402648925781,0.0003965616226196289,0.9774872912127814
3085,914.830582857132,0.03865497290397002,0.0017616033554077148,0.0010463237762451173,0.0003701448440551758,0.9789397240377633
3090,916.2428140640259,0.0038713890418904384,0.0018801212310791016,0.000852203369140625,0.00041983127593994143,0.981118373275236
3095,917.6559538841248,0.014168046567510828,0.0017979860305786133,0.0008437156677246094,0.0003936767578125,0.9825708061002179
3100,919.0733377933502,0.007616397098428251,0.0016976594924926758,0.0009365320205688476,0.00041391849517822263,0.9825708061002179
3105,920.4938309192657,0.003153743412350707,0.0016337156295776368,0.0008267402648925781,0.00037386417388916013,0.9832970225127088
3110,921.9532749652863,0.0007317820027665789,0.001651906967163086,0.0007254362106323242,0.0003856182098388672,0.9832970225127088
3115,923.3594110012054,0.012394674308815468,0.0019898176193237304,0.001173090934753418,0.00038869380950927733,0.9832970225127088
3120,924.7785828113556,0.0355086419731677,0.0018983125686645509,0.0007508993148803711,0.0004401683807373047,0.9832970225127088
3125,926.1921129226685,0.0024171228298087042,0.0016882896423339843,0.0005228281021118164,0.00041630268096923826,0.9832970225127088
3130,927.608235836029,0.06499701715802146,0.0020625829696655274,0.0007678747177124023,0.0004593372344970703,0.9832970225127088
3135,929.0298409461975,0.005736025935067346,0.0017979860305786133,0.0008437156677246094,0.0004127025604248047,0.9825708061002179
3140,930.4915127754211,0.03180412058036523,0.0017522335052490234,0.000632619857788086,0.0004048347473144531,0.9825708061002179
3145,931.9066979885101,0.0021181857257943195,0.0016337156295776368,0.0008267402648925781,0.00035202503204345703,0.9818445896877269
3150,933.3234269618988,0.21384003178973215,0.0017979860305786133,0.0008437156677246094,0.00042335987091064454,0.9818445896877269
3155,934.737909078598,0.07522746282875233,0.001779794692993164,0.0009450197219848632,0.0003918886184692383,0.9803921568627451
3160,936.1554849147797,0.025621422370042522,0.0018161773681640626,0.0007424116134643555,0.0004103422164916992,0.981118373275236
3165,937.5730738639832,0.1384297318858927,0.0017979860305786133,0.0008437156677246094,0.000408482551574707,0.981118373275236
3170,938.9919807910919,0.006944593212392647,0.0018619298934936523,0.000953507423400879,0.00041658878326416015,0.9760348583877996
3175,940.448105096817,0.0008011699188507748,0.001651906967163086,0.0007254362106323242,0.0003881692886352539,0.9753086419753086
3180,941.8526511192322,0.004835242432727682,0.0018343687057495116,0.0006411075592041016,0.00045464038848876955,0.9767610748002905
3185,943.2650709152222,0.232607083117,0.001980447769165039,0.0007593870162963867,0.0004365205764770508,0.9745824255628177
3190,944.6802561283112,0.0001977280340540233,0.0016155242919921875,0.000928044319152832,0.0003665447235107422,0.9673202614379085
3195,946.0953619480133,0.0003033082860497416,0.001715850830078125,0.0008352279663085937,0.00038065910339355467,0.9644153957879448
3200,947.5061378479004,0.0004763341006793098,0.0016882896423339843,0.0005228281021118164,0.00040476322174072267,0.9600580973129993
3205,948.9752810001373,0.15761080170063907,0.0017704248428344726,0.000531315803527832,0.00042552947998046874,0.9593318809005084
3210,950.3890419006348,0.4186311181994853,0.00191650390625,0.0006495952606201172,0.00044753551483154295,0.9825708061002179
3215,951.8012409210205,0.004234741750020987,0.0018983125686645509,0.0007508993148803711,0.0003895759582519531,0.9854756717501816
3220,953.2213308811188,0.6372291769158324,0.0018619298934936523,0.000953507423400879,0.0004360198974609375,0.9847494553376906
3225,954.6469767093658,0.008921479771960606,0.0017522335052490234,0.000632619857788086,0.00040678977966308595,0.9854756717501816
3230,956.0907969474792,0.2643710229997964,0.001651906967163086,0.0007254362106323242,0.0004014253616333008,0.9832970225127088
3235,957.5916838645935,0.0863550478955574,0.0018983125686645509,0.0007508993148803711,0.0004480838775634766,0.981118373275236
3240,959.0361580848694,0.001872160466702155,0.0019346952438354492,0.0005482912063598632,0.00043437480926513674,0.981118373275236
3245,960.4785270690918,0.013201477832687658,0.00191650390625,0.0006495952606201172,0.000434565544128418,0.9796659404502541
3250,961.9332220554352,0.007219441499498202,0.001715850830078125,0.0008352279663085937,0.0004061460494995117,0.9796659404502541
3255,963.3843569755554,0.14135854065439163,0.0018619298934936523,0.000953507423400879,0.0004012823104858398,0.9825708061002179
3260,964.8410241603851,0.047398659531633316,0.001779794692993164,0.0009450197219848632,0.0004071235656738281,0.9847494553376906
3265,966.2929489612579,0.18036992491677778,0.001715850830078125,0.0008352279663085937,0.00042874813079833983,0.9898329702251271
3270,967.7900938987732,0.005945760310939363,0.001843738555908203,0.0010548114776611328,0.0004167795181274414,0.9912854030501089
3275,969.2439661026001,0.0001005062741370466,0.001779794692993164,0.0009450197219848632,0.0004029273986816406,0.9898329702251271
3280,970.6810808181763,0.183434815942573,0.0018801212310791016,0.000852203369140625,0.0004357576370239258,0.9891067538126361
3285,972.125993013382,0.0246669561339246,0.0018983125686645509,0.0007508993148803711,0.00043659210205078126,0.9862018881626725
3290,973.5821268558502,0.016649632403564853,0.0018801212310791016,0.000852203369140625,0.00043227672576904295,0.9854756717501816
3295,975.0254919528961,0.039403678815159535,0.001779794692993164,0.0009450197219848632,0.0004378080368041992,0.9862018881626725
3300,976.5117468833923,0.01554798503356949,0.0018983125686645509,0.0007508993148803711,0.0004008769989013672,0.9825708061002179
3305,977.948744058609,0.0002457493751222728,0.001843738555908203,0.0010548114776611328,0.0003908872604370117,0.9803921568627451
3310,979.3806087970734,0.010043420394877245,0.001715850830078125,0.0008352279663085937,0.0003840923309326172,0.9803921568627451
3315,980.8092188835144,0.03608830843144375,0.001651906967163086,0.0007254362106323242,0.0004024982452392578,0.9774872912127814
3320,982.2326118946075,0.13169465667597252,0.0018801212310791016,0.000852203369140625,0.00045948028564453126,0.9745824255628177
3325,983.6542439460754,0.004123706846536379,0.001670098304748535,0.0006241321563720704,0.000411224365234375,0.9753086419753086
3330,985.1236538887024,0.015357968643468212,0.0017979860305786133,0.0008437156677246094,0.00039420127868652346,0.9774872912127814
3335,986.5493588447571,0.0011584417356118593,0.001606154441833496,0.0005143404006958008,0.00040605068206787107,0.9796659404502541
3340,987.9822039604187,0.11500112293957158,0.0018619298934936523,0.000953507423400879,0.00041086673736572265,0.9818445896877269
3345,989.4141499996185,0.0014962974816043583,0.0015697717666625977,0.0007169485092163086,0.00039353370666503904,0.9869281045751634
3350,990.8335139751434,0.1208834246531083,0.0018161773681640626,0.0007424116134643555,0.00039222240447998045,0.9876543209876543
3355,992.2721717357635,0.0041813551215639675,0.001715850830078125,0.0008352279663085937,0.00040516853332519533,0.9869281045751634
3360,993.8734729290009,0.03245888440542899,0.0016882896423339843,0.0005228281021118164,0.00042984485626220705,0.9854756717501816
3365,995.2946639060974,0.007493908995095921,0.0017340421676635743,0.0007339239120483399,0.00039670467376708987,0.9854756717501816
3370,996.7437651157379,0.004589850997231792,0.0018343687057495116,0.0006411075592041016,0.00042700767517089844,0.9862018881626725
3375,998.1823258399963,0.006377190518671227,0.0017979860305786133,0.0008437156677246094,0.000385737419128418,0.9854756717501816
3380,999.6333699226379,0.023902145940158447,0.0017886161804199219,0.0004300117492675781,0.0004688262939453125,0.9854756717501816
3385,1001.0762078762054,0.002792777607038488,0.0015058279037475585,0.000607156753540039,0.00039680004119873046,0.9847494553376906
3390,1002.5716271400452,0.009736712838055439,0.0018983125686645509,0.0007508993148803711,0.00041136741638183596,0.9847494553376906
3395,1004.0130839347839,0.027737221426787074,0.00200800895690918,0.001071786880493164,0.00042364597320556643,0.9840232389251997
3400,1005.4575340747833,0.04385338161956298,0.0015240192413330078,0.0005058526992797851,0.0003952980041503906,0.9840232389251997
3405,1006.8955569267273,0.016396151889333056,0.0018619298934936523,0.000953507423400879,0.00044434070587158204,0.9854756717501816
3410,1008.3262028694153,0.0031072256188139137,0.0016882896423339843,0.0005228281021118164,0.0004014492034912109,0.9854756717501816
3415,1009.7586908340454,0.047931215542837434,0.0018801212310791016,0.000852203369140625,0.0004277229309082031,0.9854756717501816
3420,1011.1888568401337,0.007655072139459662,0.00191650390625,0.0006495952606201172,0.00042285919189453123,0.9869281045751634
3425,1012.661878824234,0.012285748134263485,0.0019440650939941406,0.0009619951248168946,0.000427699089050293,0.9862018881626725
3430,1014.0800578594208,5.158638598743437e-05,0.0016337156295776368,0.0008267402648925781,0.00037186145782470704,0.9847494553376906
3435,1015.4979569911957,0.00013316154971789728,0.0015879631042480468,0.0006156444549560546,0.00037539005279541016,0.9847494553376906
3440,1016.9254229068756,0.014614645414985717,0.0017704248428344726,0.000531315803527832,0.0004197597503662109,0.9847494553376906
3445,1018.3467090129852,0.0013402246811921258,0.0015515804290771485,0.0008182525634765625,0.0003859996795654297,0.9840232389251997