#{"solver": {"engine": {"type": "ExactEngine"}, "semiring": "GraphSemiring"}, "networks": [{"name": "perc_net_version_0_NeSy_2", "module": "AD_V0_NeSy_2_net(\n  (conv1): Conv2d(3, 6, kernel_size=(5, 5), stride=(1, 1))\n  (pool): MaxPool2d(kernel_size=2, stride=2, padding=0, dilation=1, ceil_mode=False)\n  (conv2): Conv2d(6, 16, kernel_size=(5, 5), stride=(1, 1))\n  (fc1): Linear(in_features=400, out_features=120, bias=True)\n  (fc2): Linear(in_features=120, out_features=84, bias=True)\n  (fc3): Linear(in_features=84, out_features=10, bias=True)\n  (softmax): Softmax(dim=-1)\n)", "optimizer": "Adam (\nParameter Group 0\n    amsgrad: False\n    betas: (0.9, 0.999)\n    capturable: False\n    differentiable: False\n    eps: 1e-08\n    foreach: None\n    fused: None\n    lr: 0.001\n    maximize: False\n    weight_decay: 0\n)", "k": null}], "program": "nn(perc_net_version_0_NeSy_2,[Img],X,[0, 1, 2, 3, 4, 5, 6, 7, 8, 9])::cell(Img,X).\nattention_boundary(X) :- X==4.\nattention_boundary(X) :- X==5.\nattention_boundary(X) :- X==6.\nenlarged_boundary(X) :- X==7.\nenlarged_boundary(X) :- X==8.\nout_of_view(X) :- X==0; X==1; X==2; X==3; X==9.\naction(Img,1) :- cell(Img,X1), attention_boundary(X1).\naction(Img,2) :- cell(Img,X2), enlarged_boundary(X2), \\+action(Img,1).\naction(Img,0) :- cell(Img,X3), out_of_view(X3), \\+action(Img,2), \\+action(Img,1).\n"}
#Accuracy 0.9854651162790697
i,time,loss,ground_time,compile_time,eval_time,accuracy
5,0.05939292907714844,0.8479535460472107,0.003586578369140625,0.001163482666015625,0.0011021852493286132,0.34011627906976744
10,1.8325018882751465,1.1792501270771027,0.004076933860778809,0.0015565872192382813,0.0012196779251098632,0.34011627906976744
15,3.534719944000244,1.3017468690872191,0.0036641836166381838,0.001616668701171875,0.0012456417083740235,0.34011627906976744
20,5.234802961349487,1.0290806531906127,0.004489684104919433,0.0014965057373046875,0.0012439966201782226,0.34011627906976744
25,6.934130907058716,1.2322486758232116,0.003851175308227539,0.0014601707458496093,0.0012464523315429688,0.34011627906976744
30,8.630379915237427,1.1219000279903413,0.004064011573791504,0.0014722824096679687,0.0012064695358276368,0.32122093023255816
35,10.330753803253174,1.009385448694229,0.003438425064086914,0.001520252227783203,0.0012057304382324218,0.3386627906976744
40,12.029038667678833,1.6475703835487365,0.004289770126342773,0.0015686988830566407,0.001234722137451172,0.32122093023255816
45,13.72567081451416,1.172352135181427,0.004263925552368164,0.0014000892639160155,0.00125274658203125,0.32122093023255816
50,15.421496868133545,1.1071670055389404,0.0048765897750854496,0.0012678146362304688,0.0012816190719604492,0.34011627906976744
55,17.11845564842224,1.056911301612854,0.004489684104919433,0.0014965057373046875,0.0012705564498901368,0.34011627906976744
60,18.81256866455078,1.0020043075084686,0.004502606391906738,0.001580810546875,0.0012348651885986327,0.34011627906976744
65,20.507783889770508,1.0994042813777924,0.004102778434753418,0.0017251968383789062,0.0012111663818359375,0.34011627906976744
70,22.20441699028015,1.1639362096786499,0.004076933860778809,0.0015565872192382813,0.0012395620346069337,0.34011627906976744
75,23.901396989822388,1.1488803803920746,0.004263925552368164,0.0014000892639160155,0.0012749910354614257,0.34011627906976744
80,25.59259581565857,1.2257128477096557,0.004051089286804199,0.0013879776000976563,0.0012289047241210937,0.34011627906976744
85,27.3489887714386,1.1261651158332824,0.004089856147766113,0.0016408920288085937,0.0012467622756958008,0.34011627906976744
90,29.032768964767456,1.0295716404914856,0.004489684104919433,0.0014965057373046875,0.0012380599975585938,0.34011627906976744
95,30.70099687576294,1.0293234765529633,0.004489684104919433,0.0014965057373046875,0.0012339115142822265,0.34011627906976744
100,32.376932859420776,1.058316171169281,0.004476761817932129,0.001412200927734375,0.001239776611328125,0.34011627906976744
105,34.052419662475586,1.147531694173813,0.004076933860778809,0.0015565872192382813,0.0012427806854248048,0.34011627906976744
110,35.718363761901855,1.2277265071868897,0.003851175308227539,0.0014601707458496093,0.001223921775817871,0.34011627906976744
115,37.39657783508301,1.0817384660243987,0.004276847839355469,0.0014843940734863281,0.0012148618698120117,0.34011627906976744
120,39.063496828079224,1.0912307441234588,0.004263925552368164,0.0014000892639160155,0.0012125015258789063,0.34011627906976744
125,40.73178791999817,1.0988253235816956,0.003651261329650879,0.0015323638916015625,0.0012130260467529297,0.3386627906976744
130,42.400694847106934,1.0544250071048737,0.0036641836166381838,0.001616668701171875,0.001217961311340332,0.3386627906976744
135,44.074256896972656,1.345621794462204,0.004289770126342773,0.0015686988830566407,0.0012499570846557617,0.3386627906976744
140,45.74374985694885,1.0801623225212098,0.004076933860778809,0.0015565872192382813,0.0012441158294677734,0.4273255813953488
145,47.41511869430542,1.117810219526291,0.004064011573791504,0.0014722824096679687,0.0012114524841308593,0.34011627906976744
150,49.080270767211914,1.1179506003856658,0.004064011573791504,0.0014722824096679687,0.0012135505676269531,0.34011627906976744
155,50.791592836380005,1.0183503806591034,0.004502606391906738,0.001580810546875,0.0012091398239135742,0.34011627906976744
160,52.45949697494507,1.1093369483947755,0.0044509172439575195,0.00124359130859375,0.0012259721755981446,0.34011627906976744
165,54.12545680999756,1.0239324390888214,0.004489684104919433,0.0014965057373046875,0.0012380361557006836,0.34011627906976744
170,55.78913879394531,1.010858154296875,0.004489684104919433,0.0014965057373046875,0.0012387752532958985,0.34011627906976744
175,57.45785069465637,1.1339081823825836,0.0038770198822021484,0.0016287803649902345,0.0012227296829223633,0.34011627906976744
180,59.12660193443298,1.0773224771022796,0.004276847839355469,0.0014843940734863281,0.0012200117111206056,0.34011627906976744
185,60.79413390159607,1.1131737411022187,0.004051089286804199,0.0013879776000976563,0.0012097835540771484,0.44476744186046513
190,62.46338891983032,1.0536835551261903,0.0036641836166381838,0.001616668701171875,0.001209092140197754,0.34011627906976744
195,64.12962675094604,0.991121357679367,0.003851175308227539,0.0014601707458496093,0.0012079238891601562,0.3386627906976744
200,65.79642868041992,1.1062331676483155,0.004263925552368164,0.0014000892639160155,0.0012246370315551758,0.37209302325581395
205,67.46387195587158,0.932479465007782,0.004064011573791504,0.0014722824096679687,0.0012152910232543946,0.6438953488372093
210,69.13968992233276,0.9071334600448608,0.004476761817932129,0.001412200927734375,0.0012498617172241211,0.5058139534883721
215,70.80816984176636,0.9381779909133912,0.004051089286804199,0.0013879776000976563,0.0012144088745117188,0.563953488372093
220,72.47532391548157,1.0386363685131073,0.003677105903625488,0.0017009735107421874,0.0012018918991088868,0.6453488372093024
225,74.1510877609253,0.803562518954277,0.004476761817932129,0.001412200927734375,0.0012279748916625977,0.626453488372093
230,75.8186707496643,0.9533918857574463,0.0039157867431640625,0.0018816947937011718,0.0011765003204345704,0.7369186046511628
235,77.53829503059387,0.7056950896978378,0.004302692413330078,0.001653003692626953,0.0012264728546142578,0.5261627906976745
240,79.21261692047119,0.8130399607121944,0.004263925552368164,0.0014000892639160155,0.0012593507766723634,0.5930232558139535
245,80.87737488746643,0.4002449160441756,0.004263925552368164,0.0014000892639160155,0.0012292146682739257,0.7950581395348837
250,82.55213594436646,0.6803579880855978,0.004276847839355469,0.0014843940734863281,0.00122525691986084,0.7936046511627907
255,84.2305736541748,0.49443527990952135,0.004076933860778809,0.0015565872192382813,0.0012193441390991211,0.7398255813953488
260,85.89847874641418,0.48864269014447925,0.004263925552368164,0.0014000892639160155,0.0012229681015014648,0.752906976744186
265,87.57107305526733,0.5971089482307435,0.004089856147766113,0.0016408920288085937,0.0012115240097045898,0.8415697674418605
270,89.24086666107178,0.5821024257689714,0.004263925552368164,0.0014000892639160155,0.0012595653533935547,0.7994186046511628
275,90.91325998306274,0.28856422901153567,0.004289770126342773,0.0015686988830566407,0.0012178897857666015,0.7936046511627907
280,92.58679389953613,0.40830318070948124,0.004251003265380859,0.0013157844543457032,0.001233220100402832,0.8517441860465116
285,94.25738978385925,0.3125896199606359,0.003851175308227539,0.0014601707458496093,0.0012049913406372071,0.8444767441860465
290,95.92463374137878,0.3995851540239528,0.003651261329650879,0.0015323638916015625,0.0012304067611694336,0.8183139534883721
295,97.60225486755371,0.3643342656490859,0.004476761817932129,0.001412200927734375,0.0012121915817260743,0.8444767441860465
300,99.26751470565796,1.0140357865951954,0.004251003265380859,0.0013157844543457032,0.0012664794921875,0.873546511627907
305,100.95431089401245,0.15311450902372598,0.003838253021240234,0.001375865936279297,0.0012273073196411132,0.8546511627906976
310,102.6211838722229,0.3789894919726066,0.004064011573791504,0.0014722824096679687,0.0012218952178955078,0.8677325581395349
315,104.32488679885864,0.2626778870471753,0.004076933860778809,0.0015565872192382813,0.0012236595153808593,0.8706395348837209
320,105.9874038696289,0.3717445353948278,0.0038770198822021484,0.0016287803649902345,0.0012145042419433594,0.8575581395348837
325,107.62957882881165,0.3265521939665632,0.004064011573791504,0.0014722824096679687,0.001176142692565918,0.8909883720930233
330,109.2653067111969,0.16916030083957595,0.004251003265380859,0.0013157844543457032,0.001219964027404785,0.8997093023255814
335,110.90639686584473,0.4656386877577461,0.003677105903625488,0.0017009735107421874,0.0011896371841430664,0.875
340,112.5334939956665,0.17927231515914172,0.004476761817932129,0.001412200927734375,0.0011717796325683594,0.8590116279069767
345,114.16082191467285,0.4228865493379999,0.004276847839355469,0.0014843940734863281,0.001223921775817871,0.8706395348837209
350,115.86207103729248,0.33205749627086334,0.004489684104919433,0.0014965057373046875,0.0012593984603881836,0.8866279069767442
355,117.50142288208008,0.35852412731619554,0.003864097595214844,0.0015444755554199219,0.0011790275573730468,0.8924418604651163
360,119.12952971458435,0.2984307852166239,0.004076933860778809,0.0015565872192382813,0.0012300729751586914,0.8968023255813954
365,120.76116394996643,0.656581698716036,0.004289770126342773,0.0015686988830566407,0.0012345314025878906,0.9171511627906976
370,122.41570472717285,0.13548590255813905,0.003838253021240234,0.001375865936279297,0.0012239694595336914,0.9069767441860465
375,124.07412791252136,0.4737087213434279,0.003864097595214844,0.0015444755554199219,0.0012528657913208007,0.9156976744186046
380,125.73389482498169,0.27282744154072136,0.0034513473510742188,0.0016045570373535156,0.001190185546875,0.9098837209302325
385,127.37672972679138,0.3982710776235763,0.004276847839355469,0.0014843940734863281,0.0011810779571533204,0.9113372093023255
390,129.0473096370697,0.1255000166449463,0.004676675796508789,0.0013400077819824218,0.0012081146240234375,0.9011627906976745
395,130.69249892234802,0.14711271464329911,0.0048765897750854496,0.0012678146362304688,0.0012281417846679687,0.872093023255814
400,132.3396258354187,0.27864742431847844,0.004089856147766113,0.0016408920288085937,0.0012238979339599609,0.8851744186046512
405,134.0027027130127,0.5734458732127677,0.004502606391906738,0.001580810546875,0.001222991943359375,0.8938953488372093
410,135.65885066986084,0.5220436674018856,0.004302692413330078,0.001653003692626953,0.0012468814849853516,0.9142441860465116
415,137.31613993644714,0.2801310813491,0.004064011573791504,0.0014722824096679687,0.00124814510345459,0.9229651162790697
420,138.96604585647583,0.01268829547916539,0.004051089286804199,0.0013879776000976563,0.0012323617935180663,0.9258720930232558
425,140.61085677146912,0.3686640270345379,0.004064011573791504,0.0014722824096679687,0.0012146234512329102,0.9273255813953488
430,142.25947880744934,0.1575895854504779,0.004289770126342773,0.0015686988830566407,0.0012000799179077148,0.9273255813953488
435,143.9042239189148,0.39163056190591305,0.004502606391906738,0.001580810546875,0.001221776008605957,0.9287790697674418
440,145.52883672714233,0.23141345963740606,0.004476761817932129,0.001412200927734375,0.0012372970581054688,0.9375
445,147.1522319316864,0.2323933149298682,0.004489684104919433,0.0014965057373046875,0.001192617416381836,0.9433139534883721
450,148.7638487815857,0.2863808318046722,0.004064011573791504,0.0014722824096679687,0.0012084007263183593,0.9447674418604651
455,150.35961866378784,0.0713444278388943,0.003851175308227539,0.0014601707458496093,0.001154923439025879,0.9491279069767442
460,151.9837110042572,0.22063616173363698,0.004064011573791504,0.0014722824096679687,0.0011897325515747071,0.9534883720930233
465,153.555184841156,0.21853366499162802,0.004476761817932129,0.001412200927734375,0.0011754035949707031,0.940406976744186
470,155.1000247001648,0.03258953473655328,0.0034642696380615236,0.0016888618469238282,0.0010132312774658204,0.9127906976744186
475,156.63216590881348,0.12196838341677001,0.0036641836166381838,0.001616668701171875,0.0010474920272827148,0.9186046511627907
480,158.152498960495,0.3033344775221304,0.004276847839355469,0.0014843940734863281,0.0011353492736816406,0.9200581395348837
485,159.68728590011597,0.05847296683684515,0.004289770126342773,0.0015686988830566407,0.001056075096130371,0.9244186046511628
490,161.23541283607483,0.3491626948609337,0.003851175308227539,0.0014601707458496093,0.0011755466461181641,0.9418604651162791
495,162.7989649772644,0.23781955293820828,0.004276847839355469,0.0014843940734863281,0.0011719703674316407,0.9171511627906976
500,164.38467383384705,0.2910738146289896,0.004489684104919433,0.0014965057373046875,0.0011992454528808594,0.9287790697674418
505,165.98956966400146,0.23268909393791545,0.004263925552368164,0.0014000892639160155,0.0011944293975830079,0.9258720930232558
510,167.60210466384888,0.15767210348576555,0.0048895120620727536,0.0013521194458007812,0.0011572837829589844,0.9273255813953488
515,169.2229287624359,0.26592259056346845,0.004089856147766113,0.0016408920288085937,0.0011484146118164063,0.9375
520,170.84912085533142,0.3322798969265932,0.003851175308227539,0.0014601707458496093,0.001219034194946289,0.9433139534883721
525,172.4552619457245,0.18511810840085677,0.004489684104919433,0.0014965057373046875,0.0011634588241577148,0.940406976744186
530,174.04160380363464,0.04900475557888058,0.003838253021240234,0.001375865936279297,0.0011533975601196289,0.9418604651162791
535,175.62257981300354,0.19230725818769318,0.0036641836166381838,0.001616668701171875,0.0011949539184570312,0.9331395348837209
540,177.2322187423706,0.02163517706681777,0.003864097595214844,0.0015444755554199219,0.0010892868041992188,0.9316860465116279
545,178.78029680252075,0.08820325913534824,0.004263925552368164,0.0014000892639160155,0.001145792007446289,0.9287790697674418
550,180.3272409439087,0.21235856075076304,0.004276847839355469,0.0014843940734863281,0.0011431217193603516,0.9302325581395349
555,181.8718798160553,0.13746374285246024,0.004463839530944824,0.0013278961181640626,0.0011959552764892578,0.9375
560,183.41847777366638,0.5213856780038351,0.003864097595214844,0.0015444755554199219,0.0011304855346679688,0.9476744186046512
565,184.98987889289856,0.16168288513416887,0.003864097595214844,0.0015444755554199219,0.001084613800048828,0.9331395348837209
570,186.58495593070984,0.1966759517090793,0.004289770126342773,0.0015686988830566407,0.0011621713638305664,0.9171511627906976
575,188.19067287445068,0.18247187821398256,0.004315614700317383,0.0017373085021972657,0.0011392593383789062,0.9098837209302325
580,189.79823899269104,0.7034570276409795,0.003889942169189453,0.0017130851745605468,0.0011272668838500977,0.9229651162790697
585,191.40892791748047,0.19913302962231683,0.004476761817932129,0.001412200927734375,0.0011667966842651366,0.9200581395348837
590,193.0243787765503,0.06862357847717249,0.004463839530944824,0.0013278961181640626,0.0012114763259887696,0.9156976744186046
595,194.65123677253723,0.7344842026737751,0.004076933860778809,0.0015565872192382813,0.0012046098709106445,0.9433139534883721
600,196.2871618270874,0.13342830664807934,0.004064011573791504,0.0014722824096679687,0.0011581182479858398,0.9593023255813954
605,197.9109787940979,0.07742663285998788,0.004476761817932129,0.001412200927734375,0.0012038946151733398,0.9622093023255814
610,199.5228307247162,0.008683022238437843,0.003677105903625488,0.0017009735107421874,0.0010878086090087891,0.9593023255813954
615,201.14501094818115,0.10911017798907778,0.004476761817932129,0.001412200927734375,0.0011757135391235352,0.9578488372093024
620,202.79499983787537,0.15158552447646798,0.004276847839355469,0.0014843940734863281,0.0011676788330078126,0.9563953488372093
625,204.40021562576294,0.11267579641969405,0.004051089286804199,0.0013879776000976563,0.0011282682418823243,0.9520348837209303
630,206.00039672851562,0.1458976475122654,0.003851175308227539,0.0014601707458496093,0.0011908769607543944,0.9578488372093024
635,207.59349298477173,0.20037639444080924,0.003864097595214844,0.0015444755554199219,0.001170778274536133,0.9578488372093024
640,209.18653988838196,0.04117340781272105,0.004463839530944824,0.0013278961181640626,0.001184701919555664,0.9578488372093024
645,210.7566409111023,0.23755346712787287,0.004038166999816894,0.0013036727905273438,0.0011898040771484374,0.9636627906976745
650,212.34262681007385,0.1082304125128303,0.004051089286804199,0.0013879776000976563,0.0011501312255859375,0.9593023255813954
655,213.92810702323914,0.17395942977002504,0.004076933860778809,0.0015565872192382813,0.0011545181274414062,0.9622093023255814
660,215.5057578086853,0.06469741285832242,0.0038770198822021484,0.0016287803649902345,0.0011548042297363282,0.9607558139534884
665,217.07232570648193,0.12061726261521813,0.003851175308227539,0.0014601707458496093,0.0011819362640380859,0.9593023255813954
670,218.6409568786621,0.23018870179699036,0.004064011573791504,0.0014722824096679687,0.0011198282241821288,0.9578488372093024
675,220.21203470230103,0.07019185582797718,0.004463839530944824,0.0013278961181640626,0.0012215375900268555,0.9549418604651163
680,221.78997778892517,0.07013796003000224,0.003677105903625488,0.0017009735107421874,0.0011342525482177734,0.9549418604651163
685,223.35395789146423,0.06673019892916159,0.004276847839355469,0.0014843940734863281,0.0011427164077758788,0.9578488372093024
690,224.91716194152832,0.061226697134247846,0.004489684104919433,0.0014965057373046875,0.0011201143264770509,0.9549418604651163
695,226.5160677433014,0.24068151803676302,0.004489684104919433,0.0014965057373046875,0.0011174917221069337,0.9578488372093024
700,228.0601909160614,0.3595225197840136,0.003851175308227539,0.0014601707458496093,0.001164865493774414,0.9622093023255814
705,229.59199476242065,0.18570848071553883,0.004289770126342773,0.0015686988830566407,0.001128983497619629,0.9622093023255814
710,231.10990476608276,0.18861797396598662,0.004076933860778809,0.0015565872192382813,0.0010869979858398437,0.9607558139534884
715,232.68417692184448,0.07165467052309396,0.004051089286804199,0.0013879776000976563,0.0011678457260131836,0.9534883720930233
720,234.2721118927002,0.12270403015281772,0.003438425064086914,0.001520252227783203,0.0011905670166015626,0.9534883720930233
725,235.85250687599182,0.10567806457274856,0.003677105903625488,0.0017009735107421874,0.0011371374130249023,0.9593023255813954
730,237.42337489128113,0.009462422997330577,0.004276847839355469,0.0014843940734863281,0.0011018753051757813,0.9622093023255814
735,238.98217177391052,0.021326321660308168,0.0046637535095214845,0.0012557029724121094,0.0011558294296264648,0.9651162790697675
740,240.5263488292694,0.33878595246824406,0.005089426040649414,0.001279926300048828,0.0010540246963500976,0.9636627906976745
745,242.07067799568176,0.08785490310369823,0.003889942169189453,0.0017130851745605468,0.001141810417175293,0.9534883720930233
750,243.6234359741211,0.25893848695544647,0.004502606391906738,0.001580810546875,0.0011349201202392578,0.9665697674418605
755,245.15507102012634,0.38170712193998496,0.004302692413330078,0.001653003692626953,0.001149892807006836,0.9709302325581395
760,246.66561889648438,0.08660964099357216,0.003838253021240234,0.001375865936279297,0.0010654687881469726,0.9694767441860465
765,248.2184407711029,0.0022261136341739985,0.004051089286804199,0.0013879776000976563,0.0010144233703613282,0.9622093023255814
770,249.70145201683044,0.49704687004475545,0.004289770126342773,0.0015686988830566407,0.001059556007385254,0.9709302325581395
775,251.25772786140442,0.12458415995073438,0.004489684104919433,0.0014965057373046875,0.0011134147644042969,0.9607558139534884
780,252.84272575378418,0.41128225044367356,0.004289770126342773,0.0015686988830566407,0.0011689901351928712,0.9709302325581395
785,254.4260938167572,0.14149027853677582,0.004476761817932129,0.001412200927734375,0.0011871337890625,0.9723837209302325
790,256.01927399635315,0.08607619635927222,0.004289770126342773,0.0015686988830566407,0.0011942386627197266,0.9709302325581395
795,257.609769821167,0.08573977383566103,0.004076933860778809,0.0015565872192382813,0.0011652231216430664,0.9709302325581395
800,259.1929018497467,0.09250688691897721,0.003851175308227539,0.0014601707458496093,0.0011377334594726562,0.9709302325581395
805,260.76742672920227,0.1358112858280947,0.004463839530944824,0.0013278961181640626,0.0012311697006225585,0.9709302325581395
810,262.34100675582886,0.23828195571848027,0.004076933860778809,0.0015565872192382813,0.0011496543884277344,0.9723837209302325
815,263.901309967041,0.00974135135858436,0.0034642696380615236,0.0016888618469238282,0.001029658317565918,0.9738372093023255
820,265.4614589214325,0.057445507086248425,0.003851175308227539,0.0014601707458496093,0.0011150836944580078,0.9680232558139535
825,267.00719690322876,0.205453716915855,0.004289770126342773,0.0015686988830566407,0.001089024543762207,0.9694767441860465
830,268.54872488975525,0.046728836666966346,0.004064011573791504,0.0014722824096679687,0.0010482072830200195,0.9680232558139535
835,270.0978078842163,0.11107955658235369,0.004064011573791504,0.0014722824096679687,0.0012510299682617187,0.9665697674418605
840,271.6453046798706,0.022337707878153347,0.004289770126342773,0.0015686988830566407,0.0010676622390747071,0.9665697674418605
845,273.2398238182068,0.1958116805409645,0.004689598083496093,0.0014243125915527344,0.001173090934753418,0.9680232558139535
850,274.7721667289734,0.17712308944874167,0.004263925552368164,0.0014000892639160155,0.0011454582214355468,0.9665697674418605
855,276.33173394203186,0.17054627524603916,0.004676675796508789,0.0013400077819824218,0.0010809183120727539,0.9680232558139535
860,277.8780038356781,0.014722841036564915,0.004089856147766113,0.0016408920288085937,0.001115107536315918,0.9694767441860465
865,279.4259629249573,0.08794807187607603,0.004064011573791504,0.0014722824096679687,0.0012109041213989257,0.9709302325581395
870,280.9614939689636,0.03997986308432022,0.004064011573791504,0.0014722824096679687,0.0011167526245117188,0.9723837209302325
875,282.47473978996277,0.0028177806213216527,0.003864097595214844,0.0015444755554199219,0.001062917709350586,0.9709302325581395
880,283.97417974472046,0.15763298752485894,0.003864097595214844,0.0015444755554199219,0.0011016368865966798,0.9723837209302325
885,285.45828771591187,0.0011882704225081753,0.003638339042663574,0.00144805908203125,0.000993061065673828,0.9723837209302325
890,286.93362379074097,0.030867571279742732,0.004276847839355469,0.0014843940734863281,0.0010717391967773437,0.9723837209302325
895,288.39615988731384,0.18065911732805037,0.004689598083496093,0.0014243125915527344,0.0011158466339111328,0.9738372093023255
900,289.8455288410187,0.03705881644663354,0.004051089286804199,0.0013879776000976563,0.0010220527648925782,0.9738372093023255
905,291.302063703537,0.7099158742382385,0.0038770198822021484,0.0016287803649902345,0.0010212898254394532,0.9811046511627907
910,292.7774977684021,0.007286183117605561,0.003838253021240234,0.001375865936279297,0.0009693622589111329,0.9752906976744186
915,294.26135873794556,0.04603493457017578,0.004315614700317383,0.0017373085021972657,0.0010858535766601562,0.9752906976744186
920,295.76216292381287,0.12314443910715625,0.004515528678894043,0.0016651153564453125,0.001067209243774414,0.9709302325581395
925,297.3044066429138,0.09965226169679794,0.0038770198822021484,0.0016287803649902345,0.0010787487030029298,0.9665697674418605
930,298.79166173934937,0.1184692854104867,0.004489684104919433,0.0014965057373046875,0.001099872589111328,0.9723837209302325
935,300.26544165611267,0.09827537758796154,0.004263925552368164,0.0014000892639160155,0.0010706186294555664,0.9680232558139535
940,301.7359838485718,0.005060397089152957,0.004076933860778809,0.0015565872192382813,0.0010724544525146484,0.9534883720930233
945,303.19701886177063,0.22763654626968305,0.004051089286804199,0.0013879776000976563,0.0009549617767333985,0.9665697674418605
950,304.67415595054626,0.026290331095948714,0.004489684104919433,0.0014965057373046875,0.0010251760482788085,0.9738372093023255
955,306.1717758178711,0.017797065589573436,0.0036641836166381838,0.001616668701171875,0.00102386474609375,0.9752906976744186
960,307.6844747066498,0.014245491257651111,0.004676675796508789,0.0013400077819824218,0.001085805892944336,0.9738372093023255
965,309.21242594718933,0.10735680297043473,0.004276847839355469,0.0014843940734863281,0.001123523712158203,0.9738372093023255
970,310.72590684890747,0.034645838329151954,0.004051089286804199,0.0013879776000976563,0.0010614395141601562,0.9723837209302325
975,312.24437189102173,0.014324333623153506,0.0036641836166381838,0.001616668701171875,0.0010736942291259765,0.9709302325581395
980,313.750834941864,0.06221335385323527,0.004051089286804199,0.0013879776000976563,0.0010648727416992187,0.9723837209302325
985,315.2474617958069,0.005056336617145973,0.004263925552368164,0.0014000892639160155,0.0011010169982910156,0.9723837209302325
990,316.7369258403778,0.05429645786564521,0.004251003265380859,0.0013157844543457032,0.0010944604873657227,0.9752906976744186
995,318.2498679161072,0.12887655398226486,0.003838253021240234,0.001375865936279297,0.001108837127685547,0.9767441860465116
1000,319.7930738925934,0.01386303871186385,0.004076933860778809,0.0015565872192382813,0.0010813474655151367,0.9738372093023255
1005,321.2619457244873,0.005902149220256803,0.004089856147766113,0.0016408920288085937,0.001048731803894043,0.9636627906976745
1010,322.72328662872314,0.030065998158306684,0.003838253021240234,0.001375865936279297,0.0009789466857910156,0.9636627906976745
1015,324.1840748786926,0.3614168284411875,0.004276847839355469,0.0014843940734863281,0.0011188745498657226,0.9651162790697675
1020,325.65240597724915,0.013386858129410938,0.004064011573791504,0.0014722824096679687,0.0010178565979003906,0.9651162790697675
1025,327.1234219074249,0.0860569583565848,0.003677105903625488,0.0017009735107421874,0.0010941267013549806,0.9651162790697675
1030,328.60607171058655,0.02741395689652677,0.004476761817932129,0.001412200927734375,0.0010733842849731446,0.9665697674418605
1035,330.09718775749207,0.13907396700201388,0.004489684104919433,0.0014965057373046875,0.001060318946838379,0.9651162790697675
1040,331.5870237350464,0.018103119993839557,0.004276847839355469,0.0014843940734863281,0.0010941743850708008,0.9651162790697675
1045,333.0728487968445,0.11163046213869166,0.003838253021240234,0.001375865936279297,0.0011170148849487306,0.9665697674418605
1050,334.5459089279175,0.04842975116760044,0.004315614700317383,0.0017373085021972657,0.0011301517486572265,0.9709302325581395
1055,336.0152168273926,0.01361349690644147,0.004064011573791504,0.0014722824096679687,0.0010017871856689454,0.9723837209302325
1060,337.48976588249207,0.033870889809031725,0.004064011573791504,0.0014722824096679687,0.0011114120483398438,0.9709302325581395
1065,338.961669921875,0.10485960064734172,0.0034255027770996095,0.0014359474182128907,0.001070094108581543,0.9767441860465116
1070,340.48107171058655,0.021326839362154716,0.003889942169189453,0.0017130851745605468,0.0010611534118652344,0.9738372093023255
1075,341.96198987960815,0.17305437328579246,0.004263925552368164,0.0014000892639160155,0.0010456800460815429,0.9738372093023255
1080,343.44594979286194,2.8607464101071402e-05,0.0046637535095214845,0.0012557029724121094,0.0009800195693969727,0.9738372093023255
1085,344.91961693763733,0.2343522847820317,0.0048895120620727536,0.0013521194458007812,0.0010004758834838868,0.9636627906976745
1090,346.40593576431274,0.08735256288291567,0.004089856147766113,0.0016408920288085937,0.0011217594146728516,0.9549418604651163
1095,347.8958637714386,0.28440797069360996,0.004515528678894043,0.0016651153564453125,0.0010868310928344727,0.9563953488372093
1100,349.37078881263733,0.3836892520381866,0.004089856147766113,0.0016408920288085937,0.001107192039489746,0.9534883720930233
1105,350.8408167362213,0.016083064325699326,0.004038166999816894,0.0013036727905273438,0.0010102510452270508,0.9534883720930233
1110,352.3108148574829,0.030988261308436904,0.004064011573791504,0.0014722824096679687,0.0010562181472778321,0.9520348837209303
1115,353.77351665496826,0.02518878388137722,0.004089856147766113,0.0016408920288085937,0.0010291576385498048,0.9520348837209303
1120,355.24347496032715,0.04110379809404492,0.004676675796508789,0.0013400077819824218,0.0011125564575195312,0.9534883720930233
1125,356.71860671043396,0.3734107666910077,0.004089856147766113,0.0016408920288085937,0.0011452436447143555,0.9520348837209303
1130,358.2437267303467,0.2003165118397618,0.004676675796508789,0.0013400077819824218,0.0010680198669433595,0.9520348837209303
1135,359.7162928581238,0.14850212992462844,0.004076933860778809,0.0015565872192382813,0.0011452913284301757,0.9796511627906976
1140,361.23811984062195,0.04663778271648482,0.004289770126342773,0.0015686988830566407,0.0011035442352294923,0.9738372093023255
1145,362.77809882164,0.09367071325068536,0.004064011573791504,0.0014722824096679687,0.0011774778366088867,0.9694767441860465
1150,364.3678448200226,0.24224712495179118,0.004263925552368164,0.0014000892639160155,0.001176929473876953,0.9563953488372093
1155,365.9047517776489,0.011628958892617901,0.003851175308227539,0.0014601707458496093,0.0011508464813232422,0.9578488372093024
1160,367.4503266811371,0.10217412078255421,0.0034642696380615236,0.0016888618469238282,0.0009979963302612304,0.9622093023255814
1165,368.9627377986908,0.029091667824151558,0.004276847839355469,0.0014843940734863281,0.0010881423950195312,0.9549418604651163
1170,370.42044377326965,0.22255255997573045,0.004076933860778809,0.0015565872192382813,0.0010705947875976562,0.9520348837209303
1175,371.86861181259155,0.0021084397226559305,0.0038770198822021484,0.0016287803649902345,0.0009629249572753907,0.9534883720930233
1180,373.3131277561188,0.11167589708638843,0.004251003265380859,0.0013157844543457032,0.0011965274810791016,0.9534883720930233
1185,374.7547688484192,0.03176790253667931,0.004302692413330078,0.001653003692626953,0.0009756326675415039,0.9549418604651163
1190,376.193550825119,0.1434477006680936,0.004676675796508789,0.0013400077819824218,0.0011121034622192383,0.9534883720930233
1195,377.62800788879395,1.047461172564283,0.004051089286804199,0.0013879776000976563,0.0010343074798583984,0.9811046511627907
1200,379.1010386943817,0.004628417524639872,0.004902434349060058,0.0014364242553710938,0.0010807514190673828,0.9563953488372093
1205,380.60629296302795,0.3166148214764689,0.0038770198822021484,0.0016287803649902345,0.0010871410369873047,0.9694767441860465
1210,382.2039358615875,0.13277068404422607,0.004276847839355469,0.0014843940734863281,0.0012146949768066407,0.9709302325581395
1215,383.8177180290222,0.056582310266151126,0.004064011573791504,0.0014722824096679687,0.0012027978897094726,0.9709302325581395
1220,385.431245803833,0.06401867299573497,0.003851175308227539,0.0014601707458496093,0.0012160539627075195,0.9680232558139535
1225,387.0278787612915,0.11265652742149683,0.0038770198822021484,0.0016287803649902345,0.0011437177658081056,0.9781976744186046
1230,388.6677887439728,0.01796008587534743,0.003638339042663574,0.00144805908203125,0.001114034652709961,0.9796511627906976
1235,390.2433080673218,0.013230338253924856,0.004263925552368164,0.0014000892639160155,0.0011118173599243164,0.9796511627906976
1240,391.8085980415344,0.2688715082862473,0.004689598083496093,0.0014243125915527344,0.0011198759078979493,0.9811046511627907
1245,393.35877084732056,0.19847726099660576,0.004064011573791504,0.0014722824096679687,0.0011312723159790038,0.9811046511627907
1250,394.89798974990845,0.06107949967499735,0.0036641836166381838,0.001616668701171875,0.001128244400024414,0.9840116279069767
1255,396.431519985199,0.0027838244153372215,0.004251003265380859,0.0013157844543457032,0.0010139226913452148,0.9854651162790697
1260,397.9707567691803,0.11154816394628356,0.004315614700317383,0.0017373085021972657,0.0011410474777221679,0.9840116279069767
1265,399.5019006729126,0.07825477126392003,0.004315614700317383,0.0017373085021972657,0.0011175870895385742,0.9840116279069767
1270,401.03768968582153,0.08208227439931762,0.004076933860778809,0.0015565872192382813,0.0011451959609985352,0.9840116279069767
1275,402.5620517730713,0.015438971161825066,0.004064011573791504,0.0014722824096679687,0.0011348485946655273,0.9840116279069767
1280,404.0823118686676,0.051930929731568654,0.004263925552368164,0.0014000892639160155,0.00104978084564209,0.9840116279069767
1285,405.5987899303436,0.011454162041547988,0.004289770126342773,0.0015686988830566407,0.0010982513427734374,0.9840116279069767
1290,407.10075783729553,0.09939896369472478,0.004051089286804199,0.0013879776000976563,0.001008296012878418,0.9825581395348837
1295,408.5933518409729,0.01867614140485898,0.004289770126342773,0.0015686988830566407,0.0010222673416137695,0.9825581395348837
1300,410.07994079589844,0.0002945478818396907,0.004076933860778809,0.0015565872192382813,0.001054239273071289,0.9825581395348837
1305,411.6058747768402,0.037730169997551855,0.004476761817932129,0.001412200927734375,0.0010848760604858399,0.9825581395348837
1310,413.0856137275696,0.051089684652333746,0.004064011573791504,0.0014722824096679687,0.0010336637496948242,0.9825581395348837
1315,414.5605959892273,0.013704977841895527,0.004051089286804199,0.0013879776000976563,0.0010482311248779298,0.9825581395348837
1320,416.04141187667847,0.0016173850065314354,0.003651261329650879,0.0015323638916015625,0.0010303974151611329,0.9840116279069767
1325,417.51489090919495,0.01957439256475766,0.004476761817932129,0.001412200927734375,0.0010728120803833007,0.9840116279069767
1330,418.99247574806213,0.009516957628535749,0.004263925552368164,0.0014000892639160155,0.0010636329650878906,0.9825581395348837
1335,420.45426082611084,0.0023074497229913504,0.003838253021240234,0.001375865936279297,0.0010071277618408203,0.9825581395348837
1340,421.92579674720764,0.0312968238394248,0.004038166999816894,0.0013036727905273438,0.0010736227035522462,0.9811046511627907
1345,423.3802559375763,0.009114224348627431,0.004289770126342773,0.0015686988830566407,0.0010569095611572266,0.9796511627906976
1350,424.8219487667084,0.006987766478198409,0.0038770198822021484,0.0016287803649902345,0.0010086536407470704,0.9781976744186046
1355,426.2658009529114,0.009227929540431034,0.003838253021240234,0.001375865936279297,0.0009424924850463867,0.9767441860465116
1360,427.7103748321533,0.3818938173160859,0.004489684104919433,0.0014965057373046875,0.0011504411697387696,0.9811046511627907
1365,429.15877890586853,0.04127657371635181,0.0036641836166381838,0.001616668701171875,0.0009569168090820312,0.9811046511627907
1370,430.60190987586975,0.030340610294643966,0.003864097595214844,0.0015444755554199219,0.0010409593582153321,0.9811046511627907
1375,432.09601879119873,0.0002107049657624316,0.004276847839355469,0.0014843940734863281,0.0009952068328857421,0.9796511627906976
1380,433.5370888710022,0.11325705741874259,0.004689598083496093,0.0014243125915527344,0.0010720252990722655,0.9840116279069767
1385,435.0321538448334,0.00035905764621588785,0.004064011573791504,0.0014722824096679687,0.0010533809661865234,0.9840116279069767
1390,436.5328297615051,0.02916425372352478,0.003864097595214844,0.0015444755554199219,0.0011193275451660157,0.9840116279069767
1395,438.0425877571106,0.0659000449998075,0.004502606391906738,0.001580810546875,0.0011374473571777344,0.9811046511627907
1400,439.5420627593994,0.0006554767922139603,0.003851175308227539,0.0014601707458496093,0.0010070323944091797,0.9796511627906976
1405,441.05340480804443,0.025943074796055753,0.004076933860778809,0.0015565872192382813,0.0011581659317016601,0.9811046511627907
1410,442.5768976211548,0.021978701156452018,0.0034255027770996095,0.0014359474182128907,0.0011063098907470703,0.9796511627906976
1415,444.11216163635254,0.01703726307036959,0.004302692413330078,0.001653003692626953,0.0011953353881835938,0.9811046511627907
1420,445.6226146221161,0.00171691353578467,0.003838253021240234,0.001375865936279297,0.001004195213317871,0.9811046511627907
1425,447.1217999458313,1.685151853791922e-05,0.0048765897750854496,0.0012678146362304688,0.0010092020034790038,0.9811046511627907
1430,448.5943167209625,0.2711820662422184,0.004689598083496093,0.0014243125915527344,0.0010096311569213867,0.9781976744186046
1435,450.0794439315796,0.016505112608592755,0.004502606391906738,0.001580810546875,0.0011824607849121095,0.9723837209302325
1440,451.57151103019714,0.5415027096758536,0.004102778434753418,0.0017251968383789062,0.0010794639587402345,0.9811046511627907
1445,453.05846977233887,0.07373080351187582,0.004302692413330078,0.001653003692626953,0.0011600255966186523,0.9854651162790697
1450,454.5342619419098,5.331779141641846e-05,0.0042380809783935545,0.0012314796447753906,0.0009522199630737305,0.9840116279069767
1455,456.0536358356476,0.019580316458615243,0.003851175308227539,0.0014601707458496093,0.0010142564773559571,0.9825581395348837
1460,457.5256886482239,0.017607438369884675,0.004302692413330078,0.001653003692626953,0.0010922670364379883,0.9840116279069767
1465,458.9994568824768,0.1005335211683672,0.004476761817932129,0.001412200927734375,0.0011086702346801759,0.9840116279069767
1470,460.4749069213867,0.2743322199068473,0.004089856147766113,0.0016408920288085937,0.0011630296707153321,0.9811046511627907
1475,461.9439287185669,0.2109590134794516,0.004676675796508789,0.0013400077819824218,0.001071023941040039,0.9796511627906976
1480,463.4206578731537,0.03236006121603339,0.004076933860778809,0.0015565872192382813,0.0011621475219726562,0.9811046511627907
1485,464.91096091270447,0.0016281772805626816,0.004064011573791504,0.0014722824096679687,0.0010612010955810547,0.9796511627906976
1490,466.39977073669434,0.0945535499389905,0.004076933860778809,0.0015565872192382813,0.0011312007904052735,0.9796511627906976
1495,467.8898618221283,0.21951689978783406,0.004463839530944824,0.0013278961181640626,0.001102781295776367,0.9811046511627907
1500,469.3784718513489,0.015052913350768905,0.003651261329650879,0.0015323638916015625,0.0009578704833984375,0.9840116279069767
1505,470.8628628253937,0.0007990990528938368,0.0034642696380615236,0.0016888618469238282,0.0009489774703979493,0.9840116279069767
1510,472.3458046913147,0.03309276340378773,0.004276847839355469,0.0014843940734863281,0.0010710954666137695,0.9840116279069767
1515,473.82588171958923,0.2250245758136785,0.004289770126342773,0.0015686988830566407,0.0011123180389404296,0.9840116279069767
1520,475.3009190559387,0.01483512385884751,0.003864097595214844,0.0015444755554199219,0.0010606765747070313,0.9840116279069767
1525,476.7740967273712,0.04058588154339304,0.004051089286804199,0.0013879776000976563,0.0011469364166259766,0.9840116279069767
1530,478.24527883529663,0.08982254718346923,0.004515528678894043,0.0016651153564453125,0.0011038064956665039,0.9854651162790697
1535,479.75675868988037,0.12152721703862426,0.0046637535095214845,0.0012557029724121094,0.0010794878005981445,0.9869186046511628
1540,481.2199728488922,0.036383403751116816,0.004064011573791504,0.0014722824096679687,0.000978398323059082,0.9854651162790697
1545,482.6856026649475,0.0020977449292814755,0.004689598083496093,0.0014243125915527344,0.0010775089263916015,0.9869186046511628
1550,484.14457178115845,0.005212740541787752,0.003889942169189453,0.0017130851745605468,0.0010435342788696288,0.9854651162790697
1555,485.59907364845276,0.036553092341205226,0.004263925552368164,0.0014000892639160155,0.0010807275772094726,0.9811046511627907
1560,487.0499987602234,0.006803458309146038,0.004051089286804199,0.0013879776000976563,0.0009836673736572266,0.9767441860465116
1565,488.5110127925873,0.12693275435191964,0.003864097595214844,0.0015444755554199219,0.001034092903137207,0.9781976744186046
1570,489.9599769115448,0.00021717066874913372,0.003864097595214844,0.0015444755554199219,0.000979781150817871,0.9869186046511628
1575,491.40696597099304,0.019489799823237775,0.003851175308227539,0.0014601707458496093,0.0009645700454711914,0.9869186046511628
1580,492.85365295410156,0.028287294602078815,0.004263925552368164,0.0014000892639160155,0.0009674310684204101,0.9854651162790697
1585,494.3174788951874,0.14678388461471742,0.004689598083496093,0.0014243125915527344,0.0011367321014404297,0.9869186046511628
1590,495.7671217918396,0.0389986025350737,0.004064011573791504,0.0014722824096679687,0.0010428428649902344,0.9869186046511628
1595,497.2146167755127,0.005546181650800008,0.0034513473510742188,0.0016045570373535156,0.0009270429611206055,0.9869186046511628
1600,498.65510082244873,0.1274407252962689,0.004676675796508789,0.0013400077819824218,0.0010463953018188476,0.9854651162790697
1605,500.0829908847809,0.0030351968314676014,0.0039157867431640625,0.0018816947937011718,0.0009780406951904296,0.9883720930232558
1610,501.5690770149231,0.055783551346151226,0.004302692413330078,0.001653003692626953,0.0009985685348510743,0.9869186046511628
1615,503.0064208507538,0.023133217077884183,0.004276847839355469,0.0014843940734863281,0.0011087417602539062,0.9869186046511628
1620,504.44148087501526,0.011686462711224976,0.004064011573791504,0.0014722824096679687,0.0009611606597900391,0.9883720930232558
1625,505.8723967075348,0.01692843063211171,0.004263925552368164,0.0014000892639160155,0.0010887622833251954,0.9883720930232558
1630,507.30765080451965,0.10369802680688948,0.004089856147766113,0.0016408920288085937,0.0010365724563598632,0.9883720930232558
1635,508.73779582977295,1.1379029228919534e-05,0.004263925552368164,0.0014000892639160155,0.0009329319000244141,0.9840116279069767
1640,510.15689277648926,0.005970871432208469,0.004076933860778809,0.0015565872192382813,0.0009795665740966798,0.9781976744186046
1645,511.5704348087311,5.447891711582997e-05,0.004064011573791504,0.0014722824096679687,0.0009387016296386718,0.9767441860465116
1650,512.9893028736115,0.03987131634494503,0.004702520370483398,0.001508617401123047,0.0011027097702026368,0.9752906976744186
1655,514.3962550163269,0.04150053811318486,0.003838253021240234,0.001375865936279297,0.0009734630584716797,0.9796511627906976
1660,515.8094279766083,0.013335008412599336,0.004276847839355469,0.0014843940734863281,0.0009814739227294923,0.9825581395348837
1665,517.2203319072723,1.8281395854558012e-05,0.003651261329650879,0.0015323638916015625,0.0009340524673461914,0.9825581395348837
1670,518.6340816020966,0.006066783561533384,0.004463839530944824,0.0013278961181640626,0.0010019540786743164,0.9796511627906976
1675,520.0388607978821,0.0021245991287628385,0.004263925552368164,0.0014000892639160155,0.0010447025299072266,0.9796511627906976
1680,521.5018138885498,4.9890202490132655e-06,0.0036254167556762696,0.0013637542724609375,0.0009191274642944336,0.9825581395348837
1685,522.9166808128357,0.019838552206056192,0.004251003265380859,0.0013157844543457032,0.0010784149169921875,0.9752906976744186
1690,524.3285267353058,0.004026867240419563,0.004089856147766113,0.0016408920288085937,0.0009819746017456054,0.9723837209302325
1695,525.734956741333,0.0012743273917521947,0.0038770198822021484,0.0016287803649902345,0.0009450912475585938,0.9738372093023255
1700,527.1421477794647,0.03583138565565207,0.004051089286804199,0.0013879776000976563,0.0009541749954223633,0.9781976744186046
1705,528.5419547557831,0.4204365434262002,0.004276847839355469,0.0014843940734863281,0.0010642766952514648,0.9840116279069767
1710,529.9468908309937,0.020614665909724293,0.0036641836166381838,0.001616668701171875,0.0009565353393554688,0.9840116279069767
1715,531.3630998134613,0.04274971291800256,0.004276847839355469,0.0014843940734863281,0.0010051250457763672,0.9825581395348837
1720,532.7757649421692,0.044016097097492234,0.004064011573791504,0.0014722824096679687,0.0009902238845825196,0.9869186046511628
1725,534.1996018886566,0.014064923768459182,0.004689598083496093,0.0014243125915527344,0.001111459732055664,0.9869186046511628
1730,535.6179628372192,0.0034498473241100667,0.004076933860778809,0.0015565872192382813,0.0009913444519042969,0.9883720930232558
1735,537.0373136997223,0.014561263767347298,0.0036641836166381838,0.001616668701171875,0.001048445701599121,0.9883720930232558
1740,538.4536497592926,0.023595297890518906,0.004489684104919433,0.0014965057373046875,0.0010869741439819337,0.9869186046511628
1745,539.8699629306793,0.0002993699602107824,0.003851175308227539,0.0014601707458496093,0.001006770133972168,0.9869186046511628
1750,541.2916827201843,0.016428940481003452,0.004064011573791504,0.0014722824096679687,0.0010378360748291016,0.9869186046511628
1755,542.7103009223938,0.0005062355325662793,0.003438425064086914,0.001520252227783203,0.0009761810302734375,0.9869186046511628
1760,544.1751029491425,0.015488163291291813,0.004289770126342773,0.0015686988830566407,0.0009932518005371094,0.9854651162790697
1765,545.5966458320618,0.0002942645382702835,0.004263925552368164,0.0014000892639160155,0.000966644287109375,0.9854651162790697
1770,547.018453836441,9.89441743115549e-07,0.0048765897750854496,0.0012678146362304688,0.000997447967529297,0.9854651162790697
1775,548.4449079036713,0.3359494383738607,0.004489684104919433,0.0014965057373046875,0.0009987831115722656,0.9840116279069767
1780,549.8810906410217,0.1580358297199723,0.004502606391906738,0.001580810546875,0.0011234760284423828,0.9781976744186046
1785,551.3165528774261,0.42454408035067387,0.004102778434753418,0.0017251968383789062,0.0010228395462036134,0.9840116279069767
1790,552.7713768482208,0.03398005221971516,0.004076933860778809,0.0015565872192382813,0.0010631799697875977,0.9854651162790697
1795,554.2217948436737,4.255041134442195e-05,0.004263925552368164,0.0014000892639160155,0.0009741783142089844,0.9854651162790697
1800,555.6671397686005,0.01691650530929394,0.004051089286804199,0.0013879776000976563,0.001023077964782715,0.9854651162790697
1805,557.11234998703,0.012819149738433566,0.004089856147766113,0.0016408920288085937,0.0010322809219360351,0.9840116279069767
1810,558.5549619197845,0.2961760923244185,0.004489684104919433,0.0014965057373046875,0.0011100292205810547,0.9825581395348837
1815,559.9854288101196,0.047675902249574166,0.004489684104919433,0.0014965057373046875,0.0010820388793945312,0.9825581395348837
1820,561.4296708106995,0.26944347338398417,0.004476761817932129,0.001412200927734375,0.0010606765747070313,0.9825581395348837
1825,562.8804926872253,0.02815596699535945,0.004076933860778809,0.0015565872192382813,0.0011067390441894531,0.9811046511627907
1830,564.3519899845123,0.0007910239250577434,0.003851175308227539,0.0014601707458496093,0.0010206222534179688,0.9796511627906976
1835,565.832291841507,0.08002446082491872,0.004276847839355469,0.0014843940734863281,0.0010650873184204102,0.9796511627906976
1840,567.3644196987152,0.2222265691777011,0.004263925552368164,0.0014000892639160155,0.0010584115982055664,0.9796511627906976
1845,568.8436617851257,0.017532503349190164,0.003651261329650879,0.0015323638916015625,0.0009919404983520508,0.9796511627906976
1850,570.3263828754425,0.010970599984641182,0.0036641836166381838,0.001616668701171875,0.0009534120559692383,0.9796511627906976
1855,571.811265707016,0.1949580265503073,0.004289770126342773,0.0015686988830566407,0.0010919570922851562,0.9811046511627907
1860,573.2938549518585,0.03416030751437234,0.004076933860778809,0.0015565872192382813,0.0010068178176879882,0.9825581395348837
1865,574.7691628932953,0.048072453680862284,0.004064011573791504,0.0014722824096679687,0.0010982036590576171,0.9825581395348837
1870,576.2359008789062,0.02564223216395476,0.004064011573791504,0.0014722824096679687,0.001038837432861328,0.9811046511627907
1875,577.6980369091034,0.11900924222785533,0.004502606391906738,0.001580810546875,0.0010417699813842773,0.9825581395348837
1880,579.1651048660278,0.0900587498602647,0.0044509172439575195,0.00124359130859375,0.0010643720626831055,0.9811046511627907
1885,580.6323199272156,0.030345657683023573,0.004489684104919433,0.0014965057373046875,0.0010485887527465821,0.9840116279069767
1890,582.0874166488647,0.0018245067049988961,0.004489684104919433,0.0014965057373046875,0.0010307550430297852,0.9840116279069767
1895,583.5441720485687,0.020110680757056798,0.0038770198822021484,0.0016287803649902345,0.0010365009307861327,0.9854651162790697
1900,585.0009858608246,0.05333576580362376,0.004276847839355469,0.0014843940734863281,0.0010712862014770508,0.9854651162790697
1905,586.454824924469,8.422720493115322e-05,0.004051089286804199,0.0013879776000976563,0.000944209098815918,0.9854651162790697
1910,587.9122219085693,0.030439666851702896,0.0036641836166381838,0.001616668701171875,0.0010291814804077148,0.9869186046511628
1915,589.4008777141571,0.0006179684939354501,0.003851175308227539,0.0014601707458496093,0.0009542703628540039,0.9869186046511628
1920,590.8425328731537,0.019233717452210898,0.004263925552368164,0.0014000892639160155,0.0010100364685058593,0.9869186046511628
1925,592.286994934082,0.2105412513525387,0.004064011573791504,0.0014722824096679687,0.0010191679000854492,0.9869186046511628
1930,593.7326898574829,0.018121409136978173,0.004476761817932129,0.001412200927734375,0.0010305166244506836,0.9854651162790697
1935,595.1747868061066,0.06392141153742728,0.004051089286804199,0.0013879776000976563,0.0010290145874023438,0.9869186046511628
1940,596.6222758293152,0.006614721710516846,0.003677105903625488,0.0017009735107421874,0.0009499788284301758,0.9869186046511628
1945,598.06383061409,0.04520819957522519,0.004476761817932129,0.001412200927734375,0.0010014057159423828,0.9869186046511628
1950,599.5045959949493,0.04355747653601298,0.0039157867431640625,0.0018816947937011718,0.0009933948516845704,0.9869186046511628
1955,600.941743850708,0.013066259535771962,0.004302692413330078,0.001653003692626953,0.0010344743728637694,0.9869186046511628
1960,602.3798699378967,0.003180306071033101,0.004263925552368164,0.0014000892639160155,0.0010788917541503906,0.9883720930232558
1965,603.813554763794,0.009337705746297331,0.004263925552368164,0.0014000892639160155,0.000966954231262207,0.9869186046511628
1970,605.2377188205719,0.010520793072647906,0.004276847839355469,0.0014843940734863281,0.0010669708251953125,0.9869186046511628
1975,606.6651458740234,0.0494564365551021,0.004076933860778809,0.0015565872192382813,0.000986337661743164,0.9854651162790697
1980,608.0919659137726,2.706398759073636e-05,0.004263925552368164,0.0014000892639160155,0.0009447336196899414,0.9840116279069767
1985,609.5504319667816,0.007608016443218446,0.004089856147766113,0.0016408920288085937,0.0009608268737792969,0.9811046511627907
1990,610.9698438644409,0.00017279051071454886,0.004263925552368164,0.0014000892639160155,0.0009543895721435547,0.9811046511627907
1995,612.3949518203735,0.05472263545189264,0.004289770126342773,0.0015686988830566407,0.0010379791259765626,0.9811046511627907
2000,613.8719959259033,0.031052370765503667,0.004251003265380859,0.0013157844543457032,0.0009775876998901368,0.9840116279069767
2005,615.289491891861,0.005409011570613131,0.003851175308227539,0.0014601707458496093,0.0009842395782470703,0.9854651162790697
2010,616.7085356712341,2.835127059483966e-05,0.003651261329650879,0.0015323638916015625,0.0009143829345703125,0.9854651162790697
2015,618.1283829212189,0.012315834538074454,0.004476761817932129,0.001412200927734375,0.0010396480560302735,0.9854651162790697
2020,619.5361058712006,0.0015674528932663634,0.004251003265380859,0.0013157844543457032,0.000992584228515625,0.9854651162790697
2025,620.9441657066345,4.914295714684158e-05,0.003838253021240234,0.001375865936279297,0.0009146690368652344,0.9854651162790697
2030,622.3507499694824,0.07702953129001386,0.004064011573791504,0.0014722824096679687,0.001032114028930664,0.9694767441860465
2035,623.7572920322418,0.6796053178899925,0.004076933860778809,0.0015565872192382813,0.0009562015533447265,0.9840116279069767
2040,625.1692097187042,0.009539037416971041,0.0038770198822021484,0.0016287803649902345,0.0009877681732177734,0.9636627906976745
2045,626.6231369972229,0.18025675459734886,0.004064011573791504,0.0014722824096679687,0.0009873867034912109,0.9607558139534884
2050,628.1248309612274,1.5592017629263863,0.004251003265380859,0.0013157844543457032,0.0011825323104858398,0.9462209302325582
2055,629.7414548397064,0.17182194806073312,0.003677105903625488,0.0017009735107421874,0.0011801719665527344,0.8546511627906976
2060,631.4022078514099,0.22977128985367018,0.004476761817932129,0.001412200927734375,0.0012156009674072266,0.9520348837209303
2065,633.0924296379089,0.10435793944052421,0.004276847839355469,0.0014843940734863281,0.0012121200561523438,0.9563953488372093
2070,634.7004208564758,0.09312053361900326,0.004489684104919433,0.0014965057373046875,0.0011590003967285156,0.9534883720930233
2075,636.2515907287598,0.02963370191992141,0.003864097595214844,0.0015444755554199219,0.0011620044708251954,0.9563953488372093
2080,637.7600927352905,0.30847779838945827,0.004076933860778809,0.0015565872192382813,0.0010673284530639648,0.9593023255813954
2085,639.2687199115753,0.05603083011204717,0.004289770126342773,0.0015686988830566407,0.0011215686798095703,0.9273255813953488
2090,640.7983889579773,0.2280461935383272,0.003838253021240234,0.001375865936279297,0.0010718345642089845,0.9593023255813954
2095,642.2784037590027,0.15384264130266417,0.003864097595214844,0.0015444755554199219,0.001071619987487793,0.9738372093023255
2100,643.7183139324188,0.0019370346092273394,0.0034513473510742188,0.0016045570373535156,0.0009624719619750977,0.9825581395348837
2105,645.143013715744,0.10598387917927994,0.004276847839355469,0.0014843940734863281,0.000982213020324707,0.9840116279069767
2110,646.5675048828125,0.00012451348634527902,0.004676675796508789,0.0013400077819824218,0.0010008573532104491,0.9854651162790697
2115,648.0021488666534,0.4853203044285749,0.0048765897750854496,0.0012678146362304688,0.0010180234909057616,0.9854651162790697
2120,649.4332799911499,0.000599639668354257,0.004089856147766113,0.0016408920288085937,0.0009876251220703124,0.9825581395348837
2125,650.8938598632812,0.030222743381273176,0.004502606391906738,0.001580810546875,0.0010959625244140625,0.9825581395348837
2130,652.3607308864594,0.3421801534644118,0.004302692413330078,0.001653003692626953,0.0010762214660644531,0.9840116279069767
2135,653.8268496990204,0.049005602749424074,0.004064011573791504,0.0014722824096679687,0.0010498285293579102,0.9840116279069767
2140,655.2925136089325,0.021284106280663195,0.004051089286804199,0.0013879776000976563,0.0009975671768188477,0.9825581395348837
2145,656.8006227016449,0.0415676741991831,0.004064011573791504,0.0014722824096679687,0.0010363101959228516,0.9825581395348837
2150,658.2685539722443,0.005921027630409981,0.004289770126342773,0.0015686988830566407,0.0010890483856201172,0.9840116279069767
2155,659.7276558876038,0.37563528189312195,0.004502606391906738,0.001580810546875,0.0010958194732666015,0.9854651162790697
2160,661.1901009082794,0.05002160120639019,0.004476761817932129,0.001412200927734375,0.001055741310119629,0.9869186046511628
2165,662.6484138965607,0.13435181454697726,0.004489684104919433,0.0014965057373046875,0.0010984182357788087,0.9869186046511628
2170,664.1267876625061,0.01852894642836418,0.004064011573791504,0.0014722824096679687,0.001121664047241211,0.9854651162790697
2175,665.6157529354095,0.006727662362661135,0.003851175308227539,0.0014601707458496093,0.0009747505187988281,0.9854651162790697
2180,667.1082286834717,0.029843570560154832,0.004064011573791504,0.0014722824096679687,0.0010764122009277344,0.9854651162790697
2185,668.5909519195557,0.30531926013104566,0.004476761817932129,0.001412200927734375,0.0010559797286987306,0.9869186046511628
2190,670.0871286392212,0.009492242947226259,0.0034642696380615236,0.0016888618469238282,0.0009859085083007812,0.9869186046511628
2195,671.586434841156,0.036843796361040404,0.0036641836166381838,0.001616668701171875,0.0009960889816284179,0.9869186046511628
2200,673.0884308815002,0.18292264961406204,0.004276847839355469,0.0014843940734863281,0.0010401487350463867,0.9869186046511628
2205,674.5870809555054,0.031470726806540485,0.004289770126342773,0.0015686988830566407,0.0010310173034667968,0.9854651162790697
2210,676.0919759273529,0.06631879796523207,0.003851175308227539,0.0014601707458496093,0.0011126995086669922,0.9854651162790697
2215,677.5978448390961,0.02939466944702076,0.004276847839355469,0.0014843940734863281,0.0011101007461547852,0.9854651162790697
2220,679.1276319026947,0.1001772560335354,0.004489684104919433,0.0014965057373046875,0.001033473014831543,0.9869186046511628
2225,680.607373714447,0.06690662043996554,0.004263925552368164,0.0014000892639160155,0.0010877132415771484,0.9869186046511628
2230,682.0812668800354,0.051245163499862655,0.0048895120620727536,0.0013521194458007812,0.0010270357131958007,0.9854651162790697
2235,683.5502469539642,0.005720723251610593,0.004089856147766113,0.0016408920288085937,0.0010663270950317383,0.9869186046511628
2240,685.0203216075897,0.01674449214916649,0.003851175308227539,0.0014601707458496093,0.0010499954223632812,0.9869186046511628
2245,686.4858176708221,0.03636606155151867,0.004489684104919433,0.0014965057373046875,0.0010810613632202149,0.9869186046511628
2250,687.9475729465485,3.750601286895971e-05,0.003838253021240234,0.001375865936279297,0.0009200334548950196,0.9869186046511628
2255,689.4144027233124,0.02080206199847936,0.0036641836166381838,0.001616668701171875,0.00097963809967041,0.9854651162790697
2260,690.8616008758545,0.0007007307603146273,0.003864097595214844,0.0015444755554199219,0.0009786367416381836,0.9854651162790697
2265,692.3053288459778,0.008268680565362275,0.004263925552368164,0.0014000892639160155,0.0009903192520141601,0.9854651162790697
2270,693.7517788410187,0.27046501819441315,0.004276847839355469,0.0014843940734863281,0.0010179042816162109,0.9869186046511628
2275,695.1876528263092,0.019000108634250522,0.004463839530944824,0.0013278961181640626,0.0010352611541748046,0.9869186046511628
2280,696.620760679245,0.013551876040158107,0.003864097595214844,0.0015444755554199219,0.000989246368408203,0.9883720930232558
2285,698.0525517463684,0.002177281157093347,0.003864097595214844,0.0015444755554199219,0.0009418010711669921,0.9883720930232558
2290,699.5270369052887,0.10832962328653366,0.004289770126342773,0.0015686988830566407,0.0010195255279541015,0.9883720930232558
2295,700.960765838623,0.012676346034398022,0.004315614700317383,0.0017373085021972657,0.001007390022277832,0.9883720930232558
2300,702.3932127952576,0.008554725108942307,0.003889942169189453,0.0017130851745605468,0.001020956039428711,0.9883720930232558
2305,703.824375629425,0.016525435531457335,0.004476761817932129,0.001412200927734375,0.0010423898696899415,0.9883720930232558
2310,705.2628288269043,0.010850882902906278,0.004463839530944824,0.0013278961181640626,0.0009751081466674805,0.9854651162790697
2315,706.6997768878937,0.006994711448726321,0.004076933860778809,0.0015565872192382813,0.001073765754699707,0.9854651162790697
2320,708.1334416866302,0.0689700424793088,0.004064011573791504,0.0014722824096679687,0.0009533405303955078,0.9869186046511628
2325,709.5562360286713,0.00808271709274493,0.004476761817932129,0.001412200927734375,0.0010024547576904298,0.9840116279069767
2330,710.9768078327179,2.5661855177361302e-05,0.003677105903625488,0.0017009735107421874,0.0009507894515991211,0.9840116279069767
2335,712.39590883255,0.000332030242363146,0.004476761817932129,0.001412200927734375,0.000997018814086914,0.9840116279069767
2340,713.8137159347534,0.03780003190052099,0.004276847839355469,0.0014843940734863281,0.0010043144226074218,0.9825581395348837
2345,715.2320477962494,0.01821134812234959,0.004051089286804199,0.0013879776000976563,0.0009626150131225586,0.9854651162790697
2350,716.6482517719269,0.013550586560208444,0.003851175308227539,0.0014601707458496093,0.0009964466094970702,0.9840116279069767
2355,718.0653667449951,0.004837351126093381,0.003864097595214844,0.0015444755554199219,0.0009894132614135741,0.9840116279069767
2360,719.4814946651459,0.0011420273451832942,0.004463839530944824,0.0013278961181640626,0.0010010480880737304,0.9840116279069767
2365,720.896048784256,0.026726298319229614,0.004038166999816894,0.0013036727905273438,0.0009632349014282226,0.9854651162790697
2370,722.358809709549,0.15785071490622613,0.004051089286804199,0.0013879776000976563,0.0009650468826293945,0.9883720930232558
2375,723.7882549762726,0.005485037926770531,0.004076933860778809,0.0015565872192382813,0.0010189294815063476,0.9840116279069767
2380,725.2249889373779,0.0012351579804146696,0.0038770198822021484,0.0016287803649902345,0.0010469675064086914,0.9723837209302325
2385,726.6543250083923,0.011986945542209072,0.003851175308227539,0.0014601707458496093,0.000973653793334961,0.9680232558139535
2390,728.09015583992,0.3253843286605161,0.004064011573791504,0.0014722824096679687,0.0009701013565063477,0.9593023255813954
2395,729.5263800621033,0.06549667294610942,0.004463839530944824,0.0013278961181640626,0.0010616540908813476,0.9665697674418605
2400,730.9765639305115,0.2728954992647402,0.003677105903625488,0.0017009735107421874,0.001015639305114746,0.9651162790697675
2405,732.4346466064453,0.16127008555559713,0.004276847839355469,0.0014843940734863281,0.001008296012878418,0.9607558139534884
2410,733.9340920448303,0.09644113666359715,0.004489684104919433,0.0014965057373046875,0.0010731935501098633,0.9375
2415,735.4783596992493,0.3556816139343937,0.004489684104919433,0.0014965057373046875,0.00113067626953125,0.940406976744186
2420,737.0759139060974,0.3056705491922912,0.003851175308227539,0.0014601707458496093,0.0012136459350585937,0.9665697674418605
2425,738.6286940574646,0.055681589712185085,0.004289770126342773,0.0015686988830566407,0.0011582374572753906,0.9709302325581395
2430,740.1522617340088,0.028229916184818647,0.004076933860778809,0.0015565872192382813,0.0010463714599609375,0.9709302325581395
2435,741.6743159294128,0.02355302149083798,0.004051089286804199,0.0013879776000976563,0.0011304140090942383,0.9680232558139535
2440,743.1847259998322,0.06285812522191918,0.003438425064086914,0.001520252227783203,0.0011057615280151366,0.9723837209302325
2445,744.6835467815399,0.09599854354457875,0.003677105903625488,0.0017009735107421874,0.0011127471923828125,0.9738372093023255
2450,746.2093586921692,0.05359136572206467,0.004276847839355469,0.0014843940734863281,0.0010344266891479492,0.9723837209302325
2455,747.6802470684052,0.001496886164568423,0.0046637535095214845,0.0012557029724121094,0.0010277271270751954,0.9781976744186046
2460,749.1442577838898,0.15207230448900616,0.005089426040649414,0.001279926300048828,0.001008462905883789,0.9781976744186046
2465,750.6055858135223,0.009963907962452367,0.003889942169189453,0.0017130851745605468,0.0011046171188354493,0.9796511627906976
2470,752.080130815506,0.0919215292817455,0.004502606391906738,0.001580810546875,0.0011058330535888671,0.9781976744186046
2475,753.5387578010559,0.27630543932536966,0.004302692413330078,0.001653003692626953,0.0011148929595947265,0.9825581395348837
2480,754.9913947582245,0.033704289359593534,0.003838253021240234,0.001375865936279297,0.000996708869934082,0.9825581395348837
2485,756.4410827159882,5.974977809799498e-05,0.004051089286804199,0.0013879776000976563,0.0009980201721191406,0.9825581395348837
2490,757.8767197132111,0.19470622884411098,0.004289770126342773,0.0015686988830566407,0.0010698318481445312,0.9854651162790697
2495,759.3270556926727,0.021607010047046772,0.004489684104919433,0.0014965057373046875,0.0010663270950317383,0.9840116279069767
2500,760.7859647274017,0.27637862298506805,0.004289770126342773,0.0015686988830566407,0.0011496305465698241,0.9796511627906976
2505,762.2488088607788,0.06091124340313314,0.004476761817932129,0.001412200927734375,0.0010581254959106446,0.9781976744186046
2510,763.7154786586761,0.024020006366517067,0.004289770126342773,0.0015686988830566407,0.001138758659362793,0.9738372093023255
2515,765.1892600059509,0.013775216487118769,0.004076933860778809,0.0015565872192382813,0.001066446304321289,0.9709302325581395
2520,766.6691117286682,0.022046631284507612,0.003851175308227539,0.0014601707458496093,0.0009964942932128907,0.9694767441860465
2525,768.1870999336243,0.024788535129204092,0.004463839530944824,0.0013278961181640626,0.0010922908782958984,0.9651162790697675
2530,769.6581118106842,0.26309597515746785,0.004076933860778809,0.0015565872192382813,0.0010077238082885742,0.9738372093023255
2535,771.1272077560425,0.4529081008126582,0.0034642696380615236,0.0016888618469238282,0.0009504556655883789,0.9825581395348837
2540,772.5757908821106,0.03279315111006298,0.003851175308227539,0.0014601707458496093,0.0009738922119140625,0.9840116279069767
2545,774.0161578655243,0.13532352726404043,0.004289770126342773,0.0015686988830566407,0.0010433197021484375,0.9840116279069767
2550,775.4638977050781,0.04888833165324798,0.004064011573791504,0.0014722824096679687,0.0009386301040649414,0.9811046511627907
2555,776.8946349620819,0.10638102032408056,0.004064011573791504,0.0014722824096679687,0.0010875701904296876,0.9811046511627907
2560,778.3255066871643,0.014474688140336412,0.004289770126342773,0.0015686988830566407,0.001056528091430664,0.9796511627906976
2565,779.7440059185028,0.10890546466144783,0.004689598083496093,0.0014243125915527344,0.001066303253173828,0.9811046511627907
2570,781.1576089859009,0.11661582820752585,0.004263925552368164,0.0014000892639160155,0.0010062694549560548,0.9811046511627907
2575,782.5673348903656,0.0010316686146175868,0.004676675796508789,0.0013400077819824218,0.0010083675384521484,0.9840116279069767
2580,783.9886498451233,0.01513911942030859,0.004089856147766113,0.0016408920288085937,0.0010689496994018555,0.9854651162790697
2585,785.4208238124847,0.03270802930274215,0.004064011573791504,0.0014722824096679687,0.001059889793395996,0.9854651162790697
2590,786.8425407409668,0.017509997853801453,0.004064011573791504,0.0014722824096679687,0.001004481315612793,0.9854651162790697
2595,788.3045048713684,5.5076403920395475e-05,0.003864097595214844,0.0015444755554199219,0.0009411334991455078,0.9869186046511628
2600,789.7219758033752,0.01282359676915803,0.003864097595214844,0.0015444755554199219,0.0009775638580322265,0.9883720930232558
2605,791.1332898139954,0.00014682894870929886,0.003638339042663574,0.00144805908203125,0.0009192466735839844,0.9883720930232558
2610,792.5483899116516,0.020392461193292633,0.004276847839355469,0.0014843940734863281,0.0009751319885253906,0.9883720930232558
2615,793.9622600078583,0.20312668658333594,0.004689598083496093,0.0014243125915527344,0.0010535478591918944,0.9869186046511628
2620,795.3728108406067,0.010804855637259437,0.004051089286804199,0.0013879776000976563,0.0009688615798950195,0.9840116279069767
2625,796.7815017700195,0.040790238269994464,0.0038770198822021484,0.0016287803649902345,0.0009849786758422852,0.9840116279069767
2630,798.1771399974823,2.6503734989091755e-05,0.003838253021240234,0.001375865936279297,0.0009492874145507812,0.9825581395348837
2635,799.5729398727417,0.10432153755308562,0.004315614700317383,0.0017373085021972657,0.0010037422180175781,0.9854651162790697
2640,800.9839978218079,0.016326535588204648,0.004515528678894043,0.0016651153564453125,0.0010091543197631836,0.9854651162790697
2645,802.382043838501,0.0756606371936904,0.0038770198822021484,0.0016287803649902345,0.0009635210037231446,0.9854651162790697
2650,803.7876427173615,0.02287041388741855,0.004489684104919433,0.0014965057373046875,0.0010604619979858398,0.9781976744186046
2655,805.2034468650818,0.02451050654991036,0.004263925552368164,0.0014000892639160155,0.0010263681411743163,0.9723837209302325
2660,806.6284878253937,0.007237553824429454,0.004076933860778809,0.0015565872192382813,0.001046133041381836,0.9549418604651163
2665,808.0513937473297,0.141548460722089,0.004051089286804199,0.0013879776000976563,0.0009433507919311523,0.9549418604651163
2670,809.468799829483,0.011011055955102479,0.004489684104919433,0.0014965057373046875,0.000977492332458496,0.9549418604651163
2675,810.923095703125,1.0949634797441376e-05,0.0036641836166381838,0.001616668701171875,0.0008965253829956055,0.9549418604651163
2680,812.3301887512207,0.0008504644889640644,0.004676675796508789,0.0013400077819824218,0.0009745121002197266,0.9549418604651163
2685,813.7399868965149,0.07245759889483594,0.004276847839355469,0.0014843940734863281,0.001066279411315918,0.9549418604651163
2690,815.1440098285675,0.018165219620381378,0.004051089286804199,0.0013879776000976563,0.0009492635726928711,0.9534883720930233
2695,816.5446767807007,0.3190365362933562,0.0036641836166381838,0.001616668701171875,0.0009548187255859375,0.9869186046511628
2700,817.9465308189392,0.006740132355305661,0.004051089286804199,0.0013879776000976563,0.0009687423706054687,0.9840116279069767
2705,819.3549947738647,0.0014943379582746275,0.004263925552368164,0.0014000892639160155,0.0009947776794433593,0.9796511627906976
2710,820.7772176265717,0.006876178854174952,0.004251003265380859,0.0013157844543457032,0.0010075569152832031,0.9665697674418605
2715,822.1985080242157,0.027071011870430796,0.003838253021240234,0.001375865936279297,0.0009951114654541016,0.9680232558139535
2720,823.6323289871216,0.00502207673198427,0.004076933860778809,0.0015565872192382813,0.0010213136672973632,0.9680232558139535
2725,825.0688428878784,0.5032902548222026,0.004089856147766113,0.0016408920288085937,0.0010077238082885742,0.9781976744186046
2730,826.4931757450104,0.010998449300065261,0.003838253021240234,0.001375865936279297,0.0009542226791381836,0.9767441860465116
2735,827.9278168678284,0.3479582810782006,0.004276847839355469,0.0014843940734863281,0.001043558120727539,0.9796511627906976
2740,829.3577899932861,0.012654806483276104,0.004064011573791504,0.0014722824096679687,0.00104978084564209,0.9752906976744186
2745,830.8011448383331,0.07159277518714476,0.003677105903625488,0.0017009735107421874,0.0010332107543945313,0.9781976744186046
2750,832.2413198947906,0.016942832652500784,0.004476761817932129,0.001412200927734375,0.001041078567504883,0.9752906976744186
2755,833.7298219203949,0.0734463818140199,0.004489684104919433,0.0014965057373046875,0.001052260398864746,0.9738372093023255
2760,835.1729919910431,0.015189636489981239,0.004276847839355469,0.0014843940734863281,0.0010631322860717774,0.9738372093023255
2765,836.6256289482117,0.48908311240177227,0.003838253021240234,0.001375865936279297,0.0011133909225463866,0.9723837209302325
2770,838.0696468353271,0.028963605449418138,0.004315614700317383,0.0017373085021972657,0.0010798454284667968,0.9825581395348837
2775,839.5266199111938,0.0013601337480821484,0.004064011573791504,0.0014722824096679687,0.001044464111328125,0.9767441860465116
2780,840.9963986873627,0.025678190847430928,0.004064011573791504,0.0014722824096679687,0.0011383533477783204,0.9767441860465116
2785,842.4700798988342,0.010438522943064753,0.0034255027770996095,0.0014359474182128907,0.0010453462600708008,0.9767441860465116
2790,843.9463639259338,0.012385107245302151,0.003889942169189453,0.0017130851745605468,0.0010886907577514649,0.9767441860465116
2795,845.4151349067688,0.00022736070665345663,0.004263925552368164,0.0014000892639160155,0.0010080814361572265,0.9767441860465116
2800,846.8843200206757,0.00013606051912802287,0.0046637535095214845,0.0012557029724121094,0.0009835481643676758,0.9767441860465116
2805,848.3570518493652,0.30835534335589754,0.0048895120620727536,0.0013521194458007812,0.0010156631469726562,0.9796511627906976
2810,849.839118719101,0.04529997802719663,0.004089856147766113,0.0016408920288085937,0.001150655746459961,0.9781976744186046
2815,851.3299038410187,0.07423743476481377,0.004515528678894043,0.0016651153564453125,0.0011034011840820312,0.9796511627906976
2820,852.818327665329,0.40187762216946793,0.004089856147766113,0.0016408920288085937,0.0011399269104003906,0.9811046511627907
2825,854.2989687919617,0.007892989133188167,0.004038166999816894,0.0013036727905273438,0.0009697914123535156,0.9825581395348837
2830,855.8138687610626,0.013721871462126955,0.004064011573791504,0.0014722824096679687,0.0010744571685791016,0.9825581395348837
2835,857.2796709537506,0.007953247860792345,0.004089856147766113,0.0016408920288085937,0.0010555505752563477,0.9854651162790697
2840,858.7446608543396,0.02416735438230262,0.004676675796508789,0.0013400077819824218,0.00110321044921875,0.9854651162790697
2845,860.2052569389343,0.3092701888992636,0.004089856147766113,0.0016408920288085937,0.0011515617370605469,0.9869186046511628
2850,861.6669356822968,0.08661133819260983,0.004676675796508789,0.0013400077819824218,0.0010600328445434571,0.9869186046511628
2855,863.1243577003479,0.01173420842418409,0.004076933860778809,0.0015565872192382813,0.0011566638946533202,0.9883720930232558
2860,864.5790548324585,0.020962278135078803,0.004289770126342773,0.0015686988830566407,0.0010521650314331056,0.9883720930232558
2865,866.0341167449951,0.04366582806810868,0.004064011573791504,0.0014722824096679687,0.001041078567504883,0.9883720930232558
2870,867.4949219226837,0.20040064893958914,0.004263925552368164,0.0014000892639160155,0.0010313987731933594,0.9883720930232558
2875,868.9550879001617,0.004841742583100483,0.003851175308227539,0.0014601707458496093,0.0009632349014282226,0.9883720930232558
2880,870.412880897522,0.00030142011236478083,0.0034642696380615236,0.0016888618469238282,0.0009495019912719727,0.9883720930232558
2885,871.8652827739716,0.01383563935259815,0.004276847839355469,0.0014843940734863281,0.0009993314743041992,0.9883720930232558
2890,873.3182368278503,0.12995780160409112,0.004076933860778809,0.0015565872192382813,0.0010750770568847656,0.9898255813953488
2895,874.7603368759155,0.010802413559281377,0.0038770198822021484,0.0016287803649902345,0.000934767723083496,0.9869186046511628
2900,876.2508826255798,0.04713076728858141,0.004251003265380859,0.0013157844543457032,0.0011424779891967773,0.9869186046511628
2905,877.6795897483826,0.0012171254292788092,0.004302692413330078,0.001653003692626953,0.0010181188583374024,0.9869186046511628
2910,879.1203110218048,0.048376596191580745,0.004676675796508789,0.0013400077819824218,0.0011237382888793946,0.9883720930232558
2915,880.558840751648,0.05530640384130407,0.004051089286804199,0.0013879776000976563,0.0010580301284790039,0.9883720930232558
2920,881.9959669113159,0.006248933365884568,0.004902434349060058,0.0014364242553710938,0.0010355234146118164,0.9883720930232558
2925,883.4289736747742,0.00752668494928983,0.0038770198822021484,0.0016287803649902345,0.0009875059127807616,0.9854651162790697
2930,884.8604817390442,0.027052424198410564,0.004276847839355469,0.0014843940734863281,0.0011009693145751954,0.9854651162790697
2935,886.2940528392792,0.0060725465348753,0.004064011573791504,0.0014722824096679687,0.000975799560546875,0.9854651162790697
2940,887.7166728973389,0.008119439935401828,0.003851175308227539,0.0014601707458496093,0.0009272575378417968,0.9854651162790697
2945,889.1418359279633,0.005965687600838976,0.0038770198822021484,0.0016287803649902345,0.001017284393310547,0.9854651162790697
2950,890.5667059421539,0.00398869759010978,0.003638339042663574,0.00144805908203125,0.0008893728256225586,0.9854651162790697
2955,891.9960808753967,0.00465912090146503,0.004263925552368164,0.0014000892639160155,0.0009478092193603516,0.9854651162790697
2960,893.4243047237396,0.35353972080784074,0.004689598083496093,0.0014243125915527344,0.0010785579681396485,0.9883720930232558
2965,894.8505659103394,0.007093570871452926,0.004064011573791504,0.0014722824096679687,0.0010245323181152343,0.9898255813953488
2970,896.279403924942,0.007165404851731694,0.0036641836166381838,0.001616668701171875,0.0010077238082885742,0.9883720930232558
2975,897.7098686695099,0.0001790638552236601,0.004251003265380859,0.0013157844543457032,0.0009629964828491211,0.9883720930232558
2980,899.1973886489868,0.09828328338851407,0.004315614700317383,0.0017373085021972657,0.0010559797286987306,0.9912790697674418
2985,900.6355288028717,0.015213494319291244,0.004315614700317383,0.0017373085021972657,0.0010424613952636718,0.9898255813953488
2990,902.1733560562134,0.009361719113086054,0.004076933860778809,0.0015565872192382813,0.0010767459869384765,0.9883720930232558
2995,903.648720741272,0.009216060153119088,0.004064011573791504,0.0014722824096679687,0.0009915828704833984,0.9883720930232558
3000,905.1190049648285,0.016303746076485482,0.004263925552368164,0.0014000892639160155,0.0010383844375610352,0.9869186046511628
3005,906.5821528434753,0.005841956758244038,0.004289770126342773,0.0015686988830566407,0.0010564804077148437,0.9869186046511628
3010,908.054497718811,0.09735414003280951,0.004051089286804199,0.0013879776000976563,0.0009700775146484375,0.9883720930232558
3015,909.5076637268066,0.005445558392284511,0.004289770126342773,0.0015686988830566407,0.0010228157043457031,0.9883720930232558
3020,910.9642267227173,0.00028834415420533335,0.004076933860778809,0.0015565872192382813,0.0010257959365844727,0.9883720930232558
3025,912.4655258655548,0.054861732141581854,0.004476761817932129,0.001412200927734375,0.0011196374893188477,0.9898255813953488
3030,913.9251928329468,0.03413152167164526,0.004064011573791504,0.0014722824096679687,0.0010333776473999024,0.9869186046511628
3035,915.373724937439,0.017006254279921508,0.004051089286804199,0.0013879776000976563,0.0009221792221069336,0.9883720930232558
3040,916.8304266929626,0.0007307925134611537,0.003651261329650879,0.0015323638916015625,0.000982189178466797,0.9869186046511628
3045,918.3056046962738,0.0066177788778446715,0.004476761817932129,0.001412200927734375,0.001038837432861328,0.9869186046511628
3050,919.7552208900452,0.008829026484706048,0.004263925552368164,0.0014000892639160155,0.0010257959365844727,0.9869186046511628
3055,921.2075209617615,0.0018070150032457378,0.003838253021240234,0.001375865936279297,0.0009107828140258789,0.9869186046511628
3060,922.7053318023682,0.1624641107424452,0.004038166999816894,0.0013036727905273438,0.001062297821044922,0.9883720930232558
3065,924.1394138336182,0.012685173320009823,0.004289770126342773,0.0015686988830566407,0.0010356426239013672,0.9898255813953488
3070,925.5616867542267,0.0012229764412069245,0.0038770198822021484,0.0016287803649902345,0.0009572029113769532,0.9869186046511628
3075,926.9663498401642,0.006395916743669261,0.003838253021240234,0.001375865936279297,0.0009275674819946289,0.9840116279069767
3080,928.3798398971558,0.2787543820721581,0.004489684104919433,0.0014965057373046875,0.0011146783828735352,0.9840116279069767
3085,929.8061308860779,0.020412719744490458,0.0036641836166381838,0.001616668701171875,0.000984525680541992,0.9840116279069767
3090,931.234855890274,0.030384360448385904,0.003864097595214844,0.0015444755554199219,0.0009528875350952148,0.9840116279069767
3095,932.6534988880157,1.0967505301096025e-05,0.004276847839355469,0.0014843940734863281,0.0009446144104003906,0.9840116279069767
3100,934.0646059513092,0.016504506734986536,0.004689598083496093,0.0014243125915527344,0.0011075973510742188,0.9854651162790697
3105,935.4748678207397,5.2218212488952534e-05,0.004064011573791504,0.0014722824096679687,0.0009844541549682618,0.9869186046511628
3110,936.8865909576416,0.010783244520118274,0.003864097595214844,0.0015444755554199219,0.0010176897048950195,0.9869186046511628
3115,938.3049228191376,0.009703810457838812,0.004502606391906738,0.001580810546875,0.0010876655578613281,0.9869186046511628
3120,939.7156920433044,7.951399608430165e-06,0.003851175308227539,0.0014601707458496093,0.0009155988693237305,0.9869186046511628
3125,941.132563829422,0.01809020660595593,0.004076933860778809,0.0015565872192382813,0.001081991195678711,0.9840116279069767
3130,942.5425610542297,0.02286496698652769,0.0034255027770996095,0.0014359474182128907,0.0009559869766235351,0.9825581395348837
3135,944.0000557899475,0.011380777865637981,0.004302692413330078,0.001653003692626953,0.0010240793228149414,0.9825581395348837
3140,945.41104388237,9.834930541785524e-06,0.003838253021240234,0.001375865936279297,0.0008934497833251953,0.9825581395348837
3145,946.8197219371796,3.2459982325860895e-05,0.0048765897750854496,0.0012678146362304688,0.0010038852691650391,0.9840116279069767
3150,948.239471912384,0.13504023552004724,0.004689598083496093,0.0014243125915527344,0.0009701251983642578,0.9796511627906976
3155,949.6671297550201,0.0016096575790257362,0.004502606391906738,0.001580810546875,0.0010858297348022461,0.9636627906976745
3160,951.1113836765289,0.8657407829531379,0.004102778434753418,0.0017251968383789062,0.0010708093643188477,0.9840116279069767
3165,952.5757348537445,0.03218422565079067,0.004302692413330078,0.001653003692626953,0.0011368989944458008,0.9854651162790697
3170,954.0135498046875,1.0604219302479122e-05,0.0042380809783935545,0.0012314796447753906,0.0009463787078857422,0.9854651162790697
3175,955.4469678401947,0.019536345521564157,0.003851175308227539,0.0014601707458496093,0.001010751724243164,0.9825581395348837
3180,956.8810257911682,0.01676141992504796,0.004302692413330078,0.001653003692626953,0.0011010408401489259,0.9811046511627907
3185,958.3252737522125,0.0769294349360358,0.004476761817932129,0.001412200927734375,0.0010653972625732423,0.9811046511627907
3190,959.7636086940765,0.19391126990363575,0.004089856147766113,0.0016408920288085937,0.0011095046997070313,0.9811046511627907
3195,961.1942918300629,0.11982429491037579,0.004676675796508789,0.0013400077819824218,0.0010703325271606446,0.9854651162790697
3200,962.6317398548126,0.03172634337775122,0.004076933860778809,0.0015565872192382813,0.0011145591735839844,0.9854651162790697
3205,964.1142599582672,0.00021820182137446408,0.004064011573791504,0.0014722824096679687,0.0009735584259033203,0.9840116279069767
3210,965.5507116317749,0.07081999379846309,0.004076933860778809,0.0015565872192382813,0.0010302305221557618,0.9840116279069767
3215,966.9899199008942,0.21526449578840073,0.004463839530944824,0.0013278961181640626,0.001056814193725586,0.9840116279069767
3220,968.428181886673,0.0040243683982822635,0.003651261329650879,0.0015323638916015625,0.0009459972381591797,0.9854651162790697
3225,969.8657898902893,0.0012510762376862772,0.0034642696380615236,0.0016888618469238282,0.0009394407272338868,0.9854651162790697
3230,971.3066890239716,0.023892007437835615,0.004276847839355469,0.0014843940734863281,0.0010468006134033204,0.9854651162790697
3235,972.749698638916,0.1328412045217334,0.004289770126342773,0.0015686988830566407,0.0010478973388671875,0.9898255813953488
3240,974.2283236980438,0.03062506950777504,0.003864097595214844,0.0015444755554199219,0.0009949207305908203,0.9854651162790697
3245,975.6925189495087,0.049543829091958,0.004051089286804199,0.0013879776000976563,0.0011078357696533204,0.9898255813953488
3250,977.2179646492004,0.0304715552090812,0.004515528678894043,0.0016651153564453125,0.001062464714050293,0.9898255813953488
3255,978.6778256893158,0.08411818957633414,0.0046637535095214845,0.0012557029724121094,0.0010949134826660155,0.9898255813953488
3260,980.1091959476471,0.01714192874691207,0.004064011573791504,0.0014722824096679687,0.0009937047958374023,0.9898255813953488
3265,981.5494809150696,0.0016718838296682747,0.004689598083496093,0.0014243125915527344,0.0010703325271606446,0.9898255813953488
3270,982.9863848686218,0.005393253637789997,0.003889942169189453,0.0017130851745605468,0.0009996414184570313,0.9883720930232558
3275,984.4270558357239,0.03138789222249301,0.004263925552368164,0.0014000892639160155,0.0010919809341430665,0.9883720930232558
3280,985.8617007732391,0.004950230669190603,0.004051089286804199,0.0013879776000976563,0.0009076118469238282,0.9883720930232558
3285,987.3428087234497,0.012031817334458595,0.003864097595214844,0.0015444755554199219,0.0009854793548583984,0.9883720930232558
3290,988.7784578800201,0.0007657572709611315,0.003864097595214844,0.0015444755554199219,0.000976395606994629,0.9883720930232558
3295,990.2158689498901,0.00496772166618058,0.003851175308227539,0.0014601707458496093,0.0009275197982788086,0.9883720930232558
3300,991.6460127830505,0.009094564635222468,0.004263925552368164,0.0014000892639160155,0.0009818553924560546,0.9883720930232558
3305,993.0842916965485,0.19084570370619147,0.004689598083496093,0.0014243125915527344,0.00110931396484375,0.9898255813953488
3310,994.5405156612396,0.01171867974453562,0.004064011573791504,0.0014722824096679687,0.0010409593582153321,0.9898255813953488
3315,996.002995967865,0.0009592233898771951,0.0034513473510742188,0.0016045570373535156,0.0009335756301879882,0.9898255813953488
3320,997.4684836864471,0.030145756785545076,0.004676675796508789,0.0013400077819824218,0.001033949851989746,0.9898255813953488
3325,998.9187006950378,0.002301973977284888,0.0039157867431640625,0.0018816947937011718,0.0009799480438232421,0.9898255813953488
3330,1000.3735978603363,0.017414355344254773,0.004302692413330078,0.001653003692626953,0.0010213136672973632,0.9898255813953488
3335,1001.8200099468231,0.0031450247541229713,0.004276847839355469,0.0014843940734863281,0.0010689973831176757,0.9898255813953488
3340,1003.2649488449097,0.005570852445093521,0.004064011573791504,0.0014722824096679687,0.001002049446105957,0.9854651162790697
3345,1004.7253487110138,0.0035111713950819025,0.004263925552368164,0.0014000892639160155,0.0010790824890136719,0.9854651162790697
3350,1006.1752707958221,0.08847365677374626,0.004089856147766113,0.0016408920288085937,0.0010207653045654296,0.9883720930232558
3355,1007.6250517368317,6.073852402721513e-06,0.004263925552368164,0.0014000892639160155,0.0009330272674560547,0.9927325581395349
3360,1009.053380727768,0.003222690663483263,0.004076933860778809,0.0015565872192382813,0.0009925365447998047,0.9912790697674418
3365,1010.5234088897705,9.119700075643778e-06,0.004064011573791504,0.0014722824096679687,0.0009217262268066406,0.9912790697674418
3370,1011.9557518959045,0.060862425796222655,0.004702520370483398,0.001508617401123047,0.0010416030883789063,0.9912790697674418
3375,1013.3826007843018,0.026683149664314953,0.003838253021240234,0.001375865936279297,0.0009267330169677734,0.9883720930232558
3380,1014.8125576972961,0.009403870395909309,0.004276847839355469,0.0014843940734863281,0.0009598731994628906,0.9883720930232558
3385,1016.2364039421082,0.00012895815686562174,0.003651261329650879,0.0015323638916015625,0.000962209701538086,0.9883720930232558
3390,1017.6629996299744,0.005537011515220058,0.004463839530944824,0.0013278961181640626,0.0010333776473999024,0.9883720930232558
3395,1019.0885980129242,0.0009740908518011792,0.004263925552368164,0.0014000892639160155,0.0010189294815063476,0.9869186046511628
3400,1020.5103800296783,4.4703527493084037e-07,0.0036254167556762696,0.0013637542724609375,0.0008612632751464844,0.9869186046511628
3405,1021.9534847736359,0.06330168598760792,0.004251003265380859,0.0013157844543457032,0.0010482311248779298,0.9869186046511628
3410,1023.3947398662567,0.0024352350404456048,0.004089856147766113,0.0016408920288085937,0.0009888172149658202,0.9811046511627907
3415,1024.834790945053,0.0017034029776368698,0.0038770198822021484,0.0016287803649902345,0.0009392976760864257,0.9796511627906976
3420,1026.266492843628,0.0045737778841285605,0.004051089286804199,0.0013879776000976563,0.000958561897277832,0.9767441860465116
3425,1027.7030458450317,0.33538846713293535,0.004276847839355469,0.0014843940734863281,0.0010706186294555664,0.9738372093023255
3430,1029.128660917282,0.052464113854080806,0.0036641836166381838,0.001616668701171875,0.0009399175643920899,0.9811046511627907
3435,1030.5596086978912,0.059199309350746174,0.004276847839355469,0.0014843940734863281,0.0009729862213134766,0.9883720930232558
3440,1032.0235238075256,0.011253048493304618,0.004064011573791504,0.0014722824096679687,0.0009649991989135742,0.9854651162790697