#{"solver": {"engine": {"type": "ExactEngine"}, "semiring": "GraphSemiring"}, "networks": [{"name": "perc_net_version_0_NeSy_1", "module": "AD_V0_NeSy_1_net(\n  (conv1): Conv2d(3, 6, kernel_size=(5, 5), stride=(1, 1))\n  (pool): MaxPool2d(kernel_size=2, stride=2, padding=0, dilation=1, ceil_mode=False)\n  (conv2): Conv2d(6, 16, kernel_size=(5, 5), stride=(1, 1))\n  (fc1): Linear(in_features=400, out_features=120, bias=True)\n  (fc2): Linear(in_features=120, out_features=84, bias=True)\n  (fc3): Linear(in_features=84, out_features=4, bias=True)\n  (softmax): Softmax(dim=-1)\n)", "optimizer": "Adam (\nParameter Group 0\n    amsgrad: False\n    betas: (0.9, 0.999)\n    capturable: False\n    differentiable: False\n    eps: 1e-08\n    foreach: None\n    fused: None\n    lr: 0.001\n    maximize: False\n    weight_decay: 0\n)", "k": null}], "program": "nn(perc_net_version_0_NeSy_1,[Img],X,[0, 1, 2, 3])::cell(Img,X).\nattention_boundary(X) :- X==1.\nenlarged_boundary(X) :- X==2.\nout_of_view(X) :- X==0; X==3.\naction(Img,1) :- cell(Img,X1), attention_boundary(X1).\naction(Img,2) :- cell(Img,X2), enlarged_boundary(X2), \\+action(Img,1).\naction(Img,0) :- cell(Img,X3), out_of_view(X3), \\+action(Img,2), \\+action(Img,1).\n"}
#Accuracy 0.9937388193202147
i,time,loss,ground_time,compile_time,eval_time,accuracy
5,0.03730201721191406,0.8868341326713562,0.0015199899673461914,0.0004131793975830078,0.0004489421844482422,0.33094812164579607
10,1.3781852722167969,1.0549172043800354,0.0017518281936645507,0.0004504680633544922,0.00047998428344726564,0.33094812164579607
15,2.665607213973999,1.3267457067966462,0.0013586044311523437,0.000417327880859375,0.00045857429504394533,0.33094812164579607
20,3.9453060626983643,1.213159829378128,0.0016989707946777344,0.0005043983459472656,0.00047175884246826173,0.33094812164579607
25,5.218261957168579,1.0633778989315033,0.0019043922424316407,0.0005119800567626953,0.0004702329635620117,0.33094812164579607
30,6.491429090499878,1.1353010356426239,0.0017165899276733398,0.0004864215850830078,0.0004696846008300781,0.33094812164579607
35,7.752798080444336,1.081183636188507,0.0017342090606689454,0.00046844482421875,0.0004786014556884766,0.33094812164579607
40,9.013487100601196,1.033615779876709,0.0018016815185546875,0.0005081892013549805,0.00046825408935546875,0.3291592128801431
45,10.280591011047363,0.9983089029788971,0.001854538917541504,0.000454258918762207,0.00046634674072265625,0.3291592128801431
50,11.590959072113037,1.1326962172985078,0.0016314983367919922,0.0004646539688110352,0.0004670143127441406,0.3488372093023256
55,12.847966194152832,1.2453094005584717,0.0014436960220336914,0.00043909549713134767,0.00043735504150390627,0.33094812164579607
60,14.110611200332642,1.114015233516693,0.0016314983367919922,0.0004646539688110352,0.00045855045318603515,0.3291592128801431
65,15.378398180007935,1.1794478058815003,0.0014260768890380859,0.00045707225799560545,0.0004654407501220703,0.3291592128801431
70,16.643614292144775,1.0723221242427825,0.0017518281936645507,0.0004504680633544922,0.00047554969787597654,0.4016100178890877
75,17.91055202484131,1.0675307214260101,0.0016314983367919922,0.0004646539688110352,0.00046138763427734376,0.3291592128801431
80,19.18536400794983,1.1153824746608734,0.0014436960220336914,0.00043909549713134767,0.00046727657318115237,0.3291592128801431
85,20.446712017059326,1.114202070236206,0.0014789342880249024,0.00040314197540283205,0.0004878520965576172,0.5867620751341681
90,21.766704082489014,1.0383444905281067,0.0014965534210205078,0.0003851652145385742,0.00048673152923583984,0.47048300536672627
95,23.03776717185974,1.0951509535312653,0.001784062385559082,0.0005261659622192383,0.00047633647918701174,0.6708407871198568
100,24.309998035430908,1.02833092212677,0.0016491174697875976,0.00044667720794677734,0.0004625797271728516,0.6413237924865832
105,25.5730459690094,1.0194777250289917,0.001528787612915039,0.0004608631134033203,0.0004590749740600586,0.6967799642218246
110,26.841875076293945,0.8065729081630707,0.0017165899276733398,0.0004864215850830078,0.0004767894744873047,0.6744186046511628
115,28.102466106414795,0.9576430499553681,0.0013938426971435546,0.00038137435913085935,0.00048215389251708983,0.8094812164579607
120,29.363611221313477,0.6207589030265808,0.001784062385559082,0.0005261659622192383,0.0004656791687011719,0.8747763864042933
125,30.63269019126892,0.43189217448234557,0.0017694473266601563,0.0004324913024902344,0.00046989917755126955,0.7576028622540251
130,31.9003849029541,0.2879325286485255,0.0017518281936645507,0.0004504680633544922,0.0004916191101074219,0.7119856887298748
135,33.22296118736267,0.730959330778569,0.00156402587890625,0.0004249095916748047,0.0004887580871582031,0.8604651162790697
140,34.48322415351868,0.5967972870916128,0.0016491174697875976,0.00044667720794677734,0.000489044189453125,0.8917710196779964
145,35.73858094215393,0.27731056045740843,0.0014260768890380859,0.00045707225799560545,0.0004537820816040039,0.813953488372093
150,36.986608028411865,0.19115724652074279,0.0015962600708007812,0.0005006074905395507,0.00045545101165771483,0.7307692307692307
155,38.205044984817505,0.75290820132941,0.001599264144897461,0.0003889560699462891,0.0004920721054077149,0.8783542039355993
160,39.44724202156067,1.0844660355709492,0.001273512840270996,0.0003955602645874023,0.0004797697067260742,0.8193202146690519
165,40.71686816215515,0.310073229810223,0.0016491174697875976,0.00044667720794677734,0.00047807693481445314,0.8094812164579607
170,41.977237939834595,0.3202704727649689,0.00156402587890625,0.0004249095916748047,0.00047132968902587893,0.8586762075134168
175,43.29561996459961,0.09155199192464351,0.001528787612915039,0.0004608631134033203,0.00046181678771972656,0.8595706618962433
180,44.557356119155884,0.19067547102458776,0.0016491174697875976,0.00044667720794677734,0.0004933595657348633,0.8524150268336315
185,45.816162109375,0.4122259184427094,0.0015464067459106446,0.0004428863525390625,0.00046482086181640623,0.8595706618962433
190,47.07841992378235,0.13338315817236435,0.0017342090606689454,0.00046844482421875,0.0004511833190917969,0.8595706618962433
195,48.33115792274475,0.06473019628901966,0.00156402587890625,0.0004249095916748047,0.00046179294586181643,0.8658318425760286
200,49.58720827102661,0.23302343045761517,0.0016314983367919922,0.0004646539688110352,0.0004812479019165039,0.8872987477638641
205,50.8415789604187,0.37454285453422925,0.0016989707946777344,0.0005043983459472656,0.00046548843383789065,0.8792486583184258
210,52.09385704994202,0.42887181708356364,0.0015111684799194336,0.00047883987426757815,0.0004717111587524414,0.8908765652951699
215,53.3913631439209,0.3694046662581968,0.0016138792037963868,0.00048263072967529296,0.0004728794097900391,0.8211091234347049
220,54.628353118896484,0.16567129398681574,0.0014613151550292968,0.00042111873626708983,0.0004445314407348633,0.8864042933810375
225,55.86603808403015,0.2780411841448768,0.0015464067459106446,0.0004428863525390625,0.0004325151443481445,0.8855098389982111
230,57.10663604736328,0.26885819988510773,0.0015464067459106446,0.0004428863525390625,0.00045311450958251953,0.8908765652951699
235,58.483718156814575,0.11414863149402663,0.00156402587890625,0.0004249095916748047,0.00047278404235839844,0.889087656529517
240,59.717347145080566,0.26385510351233277,0.0013586044311523437,0.000417327880859375,0.0004423856735229492,0.90608228980322
245,60.95870518684387,0.29890836004597077,0.00156402587890625,0.0004249095916748047,0.00045757293701171876,0.9168157423971377
250,62.19534420967102,0.18117942128683354,0.00156402587890625,0.0004249095916748047,0.00047311782836914065,0.9230769230769231
255,63.46545600891113,0.46552192720607766,0.0017342090606689454,0.00046844482421875,0.0004639625549316406,0.9257602862254025
260,64.69768404960632,0.3944581477597694,0.0014613151550292968,0.00042111873626708983,0.00045163631439208983,0.9391771019677997
265,65.9449052810669,0.3401784271002214,0.0016314983367919922,0.0004646539688110352,0.0004786968231201172,0.9275491949910555
270,67.19512915611267,0.06941885345972879,0.0016314983367919922,0.0004646539688110352,0.00043933391571044923,0.9123434704830053
275,68.44720506668091,0.15253146158142955,0.0017165899276733398,0.0004864215850830078,0.00047280788421630857,0.9123434704830053
280,69.71896314620972,0.07950721725380845,0.0017518281936645507,0.0004504680633544922,0.0004604339599609375,0.9123434704830053
285,70.97503614425659,0.49876731103431665,0.00156402587890625,0.0004249095916748047,0.0004720449447631836,0.9418604651162791
290,72.21955513954163,0.09051619925103296,0.0016138792037963868,0.00048263072967529296,0.00046076774597167967,0.945438282647585
295,73.46520018577576,0.2711263433043996,0.0013586044311523437,0.000417327880859375,0.0004640340805053711,0.9347048300536672
300,74.7398271560669,0.33044026269096777,0.0014436960220336914,0.00043909549713134767,0.00043363571166992186,0.9508050089445438
305,75.96815824508667,0.3307545521734937,0.0015464067459106446,0.0004428863525390625,0.0004545450210571289,0.962432915921288
310,77.20858812332153,0.1114381091989344,0.0015816450119018554,0.00040693283081054686,0.0004543304443359375,0.9427549194991055
315,78.45509910583496,0.21881610791133427,0.0017342090606689454,0.00046844482421875,0.00046722888946533204,0.9338103756708408
320,79.68828701972961,0.048561808216618374,0.0018369197845458985,0.00047223567962646485,0.00046155452728271487,0.9123434704830053
325,80.92304706573486,0.2965430270531243,0.0016314983367919922,0.0004646539688110352,0.00046482086181640623,0.9042933810375671
330,82.1462230682373,0.07394944578411469,0.0017342090606689454,0.00046844482421875,0.0004432201385498047,0.8917710196779964
335,83.35468912124634,0.2672985085754135,0.001528787612915039,0.0004608631134033203,0.0004483699798583984,0.9123434704830053
340,84.62243294715881,0.47420845035813386,0.0014613151550292968,0.00042111873626708983,0.0004454612731933594,0.9508050089445438
345,85.83737707138062,0.11118595480312479,0.001493549346923828,0.000496816635131836,0.00041556358337402344,0.8443649373881932
350,87.02947807312012,0.13972274333645202,0.0014436960220336914,0.00043909549713134767,0.00041470527648925783,0.8667262969588551
355,88.21869730949402,0.7412369457596242,0.0016138792037963868,0.00048263072967529296,0.00040886402130126955,0.9194991055456172
360,89.42305707931519,0.2596076240253751,0.0017694473266601563,0.0004324913024902344,0.00046482086181640623,0.9391771019677997
365,90.64183211326599,0.09259400864459906,0.0014613151550292968,0.00042111873626708983,0.0004268646240234375,0.9409660107334525
370,91.88042688369751,0.23205465940809517,0.0016138792037963868,0.00048263072967529296,0.0004699468612670898,0.945438282647585
375,93.1059398651123,0.24905881047488948,0.0017342090606689454,0.00046844482421875,0.0004558086395263672,0.9516994633273703
380,94.37711906433105,0.043730433770861055,0.0015464067459106446,0.0004428863525390625,0.0004561662673950195,0.9516994633273703
385,95.60975098609924,0.08972382695387751,0.00156402587890625,0.0004249095916748047,0.0004360198974609375,0.9525939177101967
390,96.83562326431274,0.16291714663493623,0.0016667366027832032,0.0004287004470825195,0.00046341419219970704,0.9543828264758497
395,98.0645911693573,0.3891099424247386,0.0016491174697875976,0.00044667720794677734,0.0004917144775390625,0.9445438282647585
400,99.29876184463501,0.1955083303804713,0.0015464067459106446,0.0004428863525390625,0.0004689455032348633,0.9284436493738819
405,100.52558994293213,0.1163444198905168,0.0013586044311523437,0.000417327880859375,0.00040545463562011717,0.9355992844364938
410,101.75530910491943,0.04560292152331158,0.0016989707946777344,0.0005043983459472656,0.0004336833953857422,0.9355992844364938
415,102.98741126060486,0.19787711338003647,0.0014436960220336914,0.00043909549713134767,0.0004506111145019531,0.9418604651162791
420,104.26154112815857,0.08367345787085582,0.0014613151550292968,0.00042111873626708983,0.00042643547058105467,0.9525939177101967
425,105.47607111930847,0.12347543396913352,0.001528787612915039,0.0004608631134033203,0.0004514455795288086,0.964221824686941
430,106.68492197990417,0.07578855999013286,0.0016138792037963868,0.00048263072967529296,0.0004177093505859375,0.9669051878354203
435,107.88807916641235,0.06717122485795386,0.0016491174697875976,0.00044667720794677734,0.0004290103912353516,0.9570661896243292
440,109.08406591415405,0.23276603254238495,0.0017694473266601563,0.0004324913024902344,0.00042409896850585936,0.9123434704830053
445,110.29088997840881,0.012714534593398951,0.0016491174697875976,0.00044667720794677734,0.0004404783248901367,0.832737030411449
450,111.50120997428894,0.5216819386725604,0.001819300651550293,0.0004902124404907226,0.00044314861297607423,0.9123434704830053
455,112.72248315811157,0.20558580569633733,0.0016138792037963868,0.00048263072967529296,0.0004262447357177734,0.960644007155635
460,113.98136329650879,0.26341792232365435,0.0014613151550292968,0.00042111873626708983,0.000423741340637207,0.9615384615384616
465,115.1923041343689,0.3636709618383648,0.001804685592651367,0.00039653778076171876,0.0004627704620361328,0.9516994633273703
470,116.41194319725037,0.09846407445565433,0.0013409852981567383,0.0004353046417236328,0.00042781829833984377,0.9525939177101967
475,117.63118410110474,0.0390301612682407,0.0016491174697875976,0.00044667720794677734,0.00043489933013916013,0.9543828264758497
480,118.8489761352539,0.11484518412108428,0.0016314983367919922,0.0004646539688110352,0.00043489933013916013,0.945438282647585
485,120.06430411338806,0.00158774074086665,0.0014436960220336914,0.00043909549713134767,0.00039913654327392576,0.9409660107334525
490,121.27719902992249,0.18476647004004007,0.0014260768890380859,0.00045707225799560545,0.0004262447357177734,0.9651162790697675
495,122.4944360256195,0.023522758495181505,0.0017518281936645507,0.0004504680633544922,0.0004401683807373047,0.9731663685152058
500,123.74313998222351,0.036693638334881484,0.0019073963165283203,0.00040032863616943357,0.00044991970062255857,0.9686940966010733
505,124.94897603988647,0.22597014543335944,0.0017165899276733398,0.0004864215850830078,0.00042645931243896485,0.9749552772808586
510,126.15903615951538,0.25186947526699444,0.0015816450119018554,0.00040693283081054686,0.00043544769287109377,0.9677996422182469
515,127.3622179031372,0.16471470665728702,0.00156402587890625,0.0004249095916748047,0.0004326343536376953,0.9525939177101967
520,128.56116914749146,0.07967848045445862,0.0015464067459106446,0.0004428863525390625,0.00042202472686767576,0.9508050089445438
525,129.76924991607666,0.06884470662571544,0.001819300651550293,0.0004902124404907226,0.0004530906677246094,0.945438282647585
530,130.98343205451965,0.031909893307602036,0.0017518281936645507,0.0004504680633544922,0.0004605770111083984,0.9463327370304114
535,132.18733310699463,0.03835168250662093,0.00156402587890625,0.0004249095916748047,0.00041828155517578127,0.9579606440071556
540,133.39104008674622,0.25207395423208256,0.0014613151550292968,0.00042111873626708983,0.0004229545593261719,0.9651162790697675
545,134.62426018714905,0.06210306212524301,0.0014436960220336914,0.00043909549713134767,0.00042781829833984377,0.9695885509838998
550,135.80928993225098,0.07361308287964619,0.0015464067459106446,0.0004428863525390625,0.0004236936569213867,0.9686940966010733
555,136.99775099754333,0.24483721420147048,0.0015464067459106446,0.0004428863525390625,0.0004276275634765625,0.9686940966010733
560,138.16934609413147,0.005323622494802294,0.001528787612915039,0.0004608631134033203,0.00041835308074951173,0.9704830053667263
565,139.3468861579895,0.627371807450119,0.0018867731094360351,0.0005299568176269532,0.00043904781341552734,0.9722719141323792
570,140.5352430343628,0.1339423772362352,0.0017870664596557617,0.00041451454162597654,0.0004509925842285156,0.945438282647585
575,141.71407198905945,0.04788784180169614,0.001323366165161133,0.00045328140258789064,0.0004067182540893555,0.945438282647585
580,142.89536499977112,0.11715505243155917,0.0016989707946777344,0.0005043983459472656,0.00039420127868652346,0.943649373881932
585,144.11998891830444,0.02111646739358548,0.001922011375427246,0.0004940032958984375,0.00043098926544189454,0.9427549194991055
590,145.3044571876526,0.04530815130152632,0.0016989707946777344,0.0005043983459472656,0.000423121452331543,0.9409660107334525
595,146.4807369709015,0.5322788525408214,0.0017342090606689454,0.00046844482421875,0.00043609142303466795,0.9749552772808586
600,147.6714310646057,0.09673751119953522,0.0017342090606689454,0.00046844482421875,0.00042641162872314453,0.9651162790697675
605,148.867418050766,0.15838413444898833,0.001854538917541504,0.000454258918762207,0.0004515647888183594,0.9695885509838998
610,150.0643651485443,0.23955921703964123,0.001528787612915039,0.0004608631134033203,0.0004298686981201172,0.9722719141323792
615,151.25438618659973,0.061176828626413736,0.001528787612915039,0.0004608631134033203,0.0003921985626220703,0.9615384615384616
620,152.43736815452576,0.19973132774225633,0.0016491174697875976,0.00044667720794677734,0.00043997764587402346,0.9597495527728086
625,153.6529791355133,0.2039409536593439,0.0014260768890380859,0.00045707225799560545,0.00040636062622070315,0.9534883720930233
630,154.82557725906372,0.06891081996379853,0.0018369197845458985,0.00047223567962646485,0.0004336833953857422,0.9525939177101967
635,155.9945330619812,0.2749329712271262,0.0014436960220336914,0.00043909549713134767,0.00039756298065185547,0.9570661896243292
640,157.1601619720459,0.30264511835084706,0.0014436960220336914,0.00043909549713134767,0.00040504932403564455,0.9311270125223614
645,158.3316671848297,0.09707191793714429,0.0016843557357788086,0.00041072368621826173,0.0004252910614013672,0.9338103756708408
650,159.5207269191742,1.3537430369644425,0.0014613151550292968,0.00042111873626708983,0.00040972232818603516,0.9615384615384616
655,160.7197561264038,0.05726479394507322,0.001819300651550293,0.0004902124404907226,0.0004491567611694336,0.9695885509838998
660,161.9265329837799,0.36946872813859954,0.001528787612915039,0.0004608631134033203,0.00045714378356933596,0.9740608228980322
665,163.1688802242279,0.008720755831859606,0.001528787612915039,0.0004608631134033203,0.00044684410095214845,0.9320214669051878
670,164.3551390171051,0.09208757700911008,0.0017342090606689454,0.00046844482421875,0.0004417657852172852,0.9686940966010733
675,165.5402820110321,0.10785026832517275,0.0014613151550292968,0.00042111873626708983,0.0003968954086303711,0.9677996422182469
680,166.7272732257843,0.0007018324075033888,0.0018016815185546875,0.0005081892013549805,0.00041120052337646485,0.9686940966010733
685,167.9163932800293,0.1081079875887923,0.0016667366027832032,0.0004287004470825195,0.0004394054412841797,0.9686940966010733
690,169.10534405708313,0.05749602612522864,0.0017694473266601563,0.0004324913024902344,0.0004272937774658203,0.9704830053667263
695,170.2882010936737,0.17268209012900115,0.0016491174697875976,0.00044667720794677734,0.0004312276840209961,0.9677996422182469
700,171.4822690486908,0.31951854572398586,0.0015464067459106446,0.0004428863525390625,0.00047261714935302733,0.9633273703041145
705,172.8322470188141,0.03370096493708985,0.0014260768890380859,0.00045707225799560545,0.0004121065139770508,0.9570661896243292
710,174.01353693008423,0.01255820738772968,0.0016138792037963868,0.00048263072967529296,0.0004317998886108398,0.9516994633273703
715,175.20995903015137,0.027892395987873898,0.0014965534210205078,0.0003851652145385742,0.0004262208938598633,0.9400715563506261
720,176.4084131717682,0.20554548154495933,0.0014789342880249024,0.00040314197540283205,0.00042202472686767576,0.9588550983899821
725,177.60989999771118,0.02283467752281467,0.0016491174697875976,0.00044667720794677734,0.0004222869873046875,0.9695885509838998
730,178.81296610832214,0.03664214288593257,0.0013586044311523437,0.000417327880859375,0.0004203557968139648,0.9758497316636852
735,180.01442003250122,0.01363644826592605,0.0016138792037963868,0.00048263072967529296,0.0004225730895996094,0.9758497316636852
740,181.21762919425964,0.010104083514308115,0.0017518281936645507,0.0004504680633544922,0.00043127536773681643,0.9722719141323792
745,182.41868686676025,0.016673681571415955,0.0014613151550292968,0.00042111873626708983,0.0004111289978027344,0.9677996422182469
750,183.6591420173645,0.0017931271485394974,0.0018369197845458985,0.00047223567962646485,0.00042321681976318357,0.964221824686941
755,184.84743809700012,0.0030461161643870584,0.0014436960220336914,0.00043909549713134767,0.00040357112884521485,0.962432915921288
760,186.03771901130676,0.004276837617067031,0.0016314983367919922,0.0004646539688110352,0.000419163703918457,0.9615384615384616
765,187.22947597503662,0.45185369171595086,0.0018016815185546875,0.0005081892013549805,0.00044507980346679686,0.9838998211091234
770,188.4207742214203,0.00401891463808397,0.001493549346923828,0.000496816635131836,0.0003856658935546875,0.8872987477638641
775,189.595046043396,0.19040156862556615,0.0016138792037963868,0.00048263072967529296,0.0004282712936401367,0.8747763864042933
780,190.77139616012573,0.18935354244520256,0.0013938426971435546,0.00038137435913085935,0.00040624141693115237,0.9749552772808586
785,191.9583442211151,0.041004562739182404,0.0014436960220336914,0.00043909549713134767,0.0004190683364868164,0.9749552772808586
790,193.19354796409607,0.08317106922186213,0.0016314983367919922,0.0004646539688110352,0.0004458904266357422,0.9758497316636852
795,194.3877182006836,0.03722140615682292,0.0015816450119018554,0.00040693283081054686,0.0004367351531982422,0.9749552772808586
800,195.57385206222534,0.11057335240998327,0.0014436960220336914,0.00043909549713134767,0.00041129589080810545,0.9758497316636852
805,196.75890517234802,0.04731520979803676,0.0014789342880249024,0.00040314197540283205,0.0004477739334106445,0.9749552772808586
810,197.9369101524353,0.061884400253461536,0.0016314983367919922,0.0004646539688110352,0.0004019975662231445,0.9767441860465116
815,199.11402106285095,0.08114853117464235,0.0016667366027832032,0.0004287004470825195,0.00041730403900146483,0.981216457960644
820,200.29879117012024,0.0382939062461503,0.0015464067459106446,0.0004428863525390625,0.00041348934173583983,0.9776386404293381
825,201.47678899765015,0.042338928041164084,0.0015464067459106446,0.0004428863525390625,0.00042831897735595703,0.9713774597495528
830,202.7067530155182,0.018011156565944476,0.0017165899276733398,0.0004864215850830078,0.00042655467987060545,0.9704830053667263
835,203.88870811462402,0.02953660070834303,0.0016989707946777344,0.0005043983459472656,0.0004369020462036133,0.9731663685152058
840,205.0737431049347,0.16594048931856947,0.0016843557357788086,0.00041072368621826173,0.000453639030456543,0.9731663685152058
845,206.25474095344543,0.06292712026984333,0.0015464067459106446,0.0004428863525390625,0.00041134357452392577,0.9731663685152058
850,207.43615412712097,0.011961919807981758,0.0016138792037963868,0.00048263072967529296,0.0003981590270996094,0.9731663685152058
855,208.61427092552185,0.10998690360302987,0.0013586044311523437,0.000417327880859375,0.0004062175750732422,0.9740608228980322
860,209.79810500144958,0.22156636507506988,0.001528787612915039,0.0004608631134033203,0.00040585994720458983,0.9803220035778175
865,210.96981024742126,0.11564868368968888,0.0014789342880249024,0.00040314197540283205,0.0003916025161743164,0.9794275491949911
870,212.1882541179657,0.006798381769476692,0.00156402587890625,0.0004249095916748047,0.0004266500473022461,0.9776386404293381
875,213.3542881011963,0.04057400507392117,0.001854538917541504,0.000454258918762207,0.00045452117919921877,0.9776386404293381
880,214.52201318740845,0.011564137915684114,0.0018016815185546875,0.0005081892013549805,0.0004027366638183594,0.9704830053667263
885,215.69424510002136,0.031050845353229307,0.0016314983367919922,0.0004646539688110352,0.0004053354263305664,0.9669051878354203
890,216.85955810546875,0.009885445177678776,0.0017342090606689454,0.00046844482421875,0.0004229545593261719,0.960644007155635
895,218.0208580493927,0.1386136369008028,0.0014613151550292968,0.00042111873626708983,0.000411677360534668,0.9677996422182469
900,219.18156790733337,0.2518289720548751,0.0014436960220336914,0.00043909549713134767,0.0004058122634887695,0.9785330948121646
905,220.33695197105408,0.09029034216158607,0.0015111684799194336,0.00047883987426757815,0.00038084983825683596,0.962432915921288
910,221.54263710975647,0.03078408649892026,0.0015111684799194336,0.00047883987426757815,0.00037755966186523435,0.9382826475849732
915,222.6987271308899,0.3011269709806356,0.001528787612915039,0.0004608631134033203,0.0003944873809814453,0.9391771019677997
920,223.85838508605957,0.1407682620720152,0.0017694473266601563,0.0004324913024902344,0.0004386425018310547,0.9704830053667263
925,225.01934099197388,0.01519986183175348,0.00156402587890625,0.0004249095916748047,0.0003949880599975586,0.9713774597495528
930,226.19236397743225,0.14551886369617933,0.0016314983367919922,0.0004646539688110352,0.00041134357452392577,0.9758497316636852
935,227.35671401023865,0.0446120691320175,0.0016138792037963868,0.00048263072967529296,0.00040285587310791017,0.9767441860465116
940,228.51678729057312,0.0002671788357929472,0.0014613151550292968,0.00042111873626708983,0.00039374828338623047,0.9767441860465116
945,229.67262625694275,0.024110159464658665,0.0017518281936645507,0.0004504680633544922,0.0004201650619506836,0.9767441860465116
950,230.82303714752197,0.0852721027102831,0.0016843557357788086,0.00041072368621826173,0.00042777061462402345,0.9731663685152058
955,232.02217411994934,0.922053234894247,0.0015464067459106446,0.0004428863525390625,0.0004099369049072266,0.9794275491949911
960,233.18440222740173,0.07974681051914559,0.0015464067459106446,0.0004428863525390625,0.00042214393615722654,0.9785330948121646
965,234.34989094734192,0.013365261397713369,0.0013409852981567383,0.0004353046417236328,0.000372314453125,0.9785330948121646
970,235.51912999153137,0.02727737133974557,0.0017165899276733398,0.0004864215850830078,0.0004169702529907227,0.9785330948121646
975,236.6949269771576,0.05520075416689565,0.001528787612915039,0.0004608631134033203,0.00041656494140625,0.9794275491949911
980,237.8640902042389,0.0522209516275268,0.0013586044311523437,0.000417327880859375,0.00038988590240478515,0.981216457960644
985,239.03232717514038,0.9442457838264318,0.001528787612915039,0.0004608631134033203,0.000412297248840332,0.983005366726297
990,240.20155596733093,0.03336748739118889,0.0017165899276733398,0.0004864215850830078,0.0004049062728881836,0.981216457960644
995,241.43339204788208,0.005034372900905737,0.00156402587890625,0.0004249095916748047,0.0004136323928833008,0.9785330948121646
1000,242.62332320213318,0.07951160365619359,0.0017694473266601563,0.0004324913024902344,0.0004191875457763672,0.9731663685152058
1005,243.82922410964966,0.0066912520083974416,0.0017342090606689454,0.00046844482421875,0.00044100284576416017,0.9669051878354203
1010,245.03895115852356,0.02285125602921596,0.0018016815185546875,0.0005081892013549805,0.0004305124282836914,0.962432915921288
1015,246.25493597984314,0.37581669102559656,0.0016314983367919922,0.0004646539688110352,0.00040972232818603516,0.9740608228980322
1020,247.4664261341095,0.008767751943378244,0.0014789342880249024,0.00040314197540283205,0.0004316568374633789,0.9803220035778175
1025,248.6770579814911,0.08313217191589502,0.0017019748687744141,0.0003927469253540039,0.00046358108520507815,0.981216457960644
1030,249.8874831199646,0.022944253866489815,0.0014260768890380859,0.00045707225799560545,0.0004077911376953125,0.981216457960644
1035,251.13882207870483,0.002129087764541282,0.0016314983367919922,0.0004646539688110352,0.00041704177856445314,0.9821109123434705
1040,252.33431005477905,0.06559778268311192,0.00156402587890625,0.0004249095916748047,0.00042476654052734373,0.9821109123434705
1045,253.5229549407959,0.0006048192265353692,0.0014260768890380859,0.00045707225799560545,0.0003764867782592773,0.981216457960644
1050,254.71888399124146,0.10804549678664443,0.0014260768890380859,0.00045707225799560545,0.0003935098648071289,0.9821109123434705
1055,255.91133403778076,0.030450156358568847,0.0018721580505371093,0.00043628215789794924,0.00045313835144042967,0.9821109123434705
1060,257.1003940105438,0.0018554855953937023,0.0018897771835327149,0.0004183053970336914,0.0004338264465332031,0.9821109123434705
1065,258.2858831882477,0.05911539851206271,0.0016314983367919922,0.0004646539688110352,0.0004250526428222656,0.9821109123434705
1070,259.4783079624176,0.2173166186985341,0.0015816450119018554,0.00040693283081054686,0.0004538297653198242,0.9838998211091234
1075,260.7024130821228,0.039705036973738575,0.0016314983367919922,0.0004646539688110352,0.0004253387451171875,0.9821109123434705
1080,261.89026618003845,0.0293986770775291,0.00156402587890625,0.0004249095916748047,0.00042095184326171873,0.9821109123434705
1085,263.0786759853363,0.027130242645139902,0.0017342090606689454,0.00046844482421875,0.0004155158996582031,0.9821109123434705
1090,264.26073694229126,0.00887949601356013,0.0017518281936645507,0.0004504680633544922,0.0004369020462036133,0.9803220035778175
1095,265.444039106369,0.014145030880038689,0.0014613151550292968,0.00042111873626708983,0.0004023075103759766,0.9803220035778175
1100,266.62785601615906,0.1234223513558618,0.0015464067459106446,0.0004428863525390625,0.00042893886566162107,0.9821109123434705
1105,267.8124809265137,0.03329415347134272,0.0014613151550292968,0.00042111873626708983,0.000440216064453125,0.9838998211091234
1110,268.9909300804138,0.23082006688929368,0.0014436960220336914,0.00043909549713134767,0.00042510032653808594,0.9865831842576028
1115,270.2118740081787,0.7304583739315618,0.0015464067459106446,0.0004428863525390625,0.000421905517578125,0.9901610017889088
1120,271.36747312545776,0.059436394463864416,0.0017165899276733398,0.0004864215850830078,0.00042891502380371094,0.9910554561717353
1125,272.5406639575958,0.19910659431639033,0.0018867731094360351,0.0005299568176269532,0.00042259693145751953,0.9856887298747764
1130,273.7084221839905,0.07356190251516778,0.001599264144897461,0.0003889560699462891,0.0004398822784423828,0.9838998211091234
1135,274.88771295547485,0.001713615614404773,0.0015111684799194336,0.00047883987426757815,0.0004155397415161133,0.981216457960644
1140,276.061487197876,0.09271064551148811,0.0016989707946777344,0.0005043983459472656,0.00039331912994384767,0.9803220035778175
1145,277.2345242500305,0.03900898495403737,0.0018369197845458985,0.00047223567962646485,0.0004360198974609375,0.9785330948121646
1150,278.4097890853882,0.025344148159797443,0.001784062385559082,0.0005261659622192383,0.0004153251647949219,0.9767441860465116
1155,279.58319997787476,0.07946586475372897,0.0017518281936645507,0.0004504680633544922,0.00044126510620117186,0.9794275491949911
1160,280.79090905189514,0.0381592360909508,0.0017342090606689454,0.00046844482421875,0.00040132999420166015,0.9794275491949911
1165,281.9602448940277,0.02363382609983091,0.0018369197845458985,0.00047223567962646485,0.0004257678985595703,0.9794275491949911
1170,283.13361406326294,0.05251891072878152,0.0013409852981567383,0.0004353046417236328,0.000389552116394043,0.9794275491949911
1175,284.3023269176483,0.033935506426225004,0.0016989707946777344,0.0005043983459472656,0.00039441585540771483,0.9794275491949911
1180,285.47436809539795,0.37510085105969326,0.0014789342880249024,0.00040314197540283205,0.00040061473846435546,0.9821109123434705
1185,286.6613600254059,0.041591934507899,0.0016138792037963868,0.00048263072967529296,0.0003927469253540039,0.9821109123434705
1190,287.91253113746643,0.03158363531270254,0.0017342090606689454,0.00046844482421875,0.0004449605941772461,0.9821109123434705
1195,289.0617151260376,0.19131431874705668,0.0014613151550292968,0.00042111873626708983,0.00040776729583740233,0.9856887298747764
1200,290.26434803009033,0.05248144115004436,0.0014260768890380859,0.00045707225799560545,0.00037980079650878906,0.9883720930232558
1205,291.42317724227905,0.11901275068439646,0.0017019748687744141,0.0003927469253540039,0.0004442930221557617,0.9856887298747764
1210,292.5751750469208,0.007601851822188621,0.001528787612915039,0.0004608631134033203,0.00037071704864501955,0.9883720930232558
1215,293.71574807167053,0.16412885729233864,0.0018369197845458985,0.00047223567962646485,0.00043997764587402346,0.9883720930232558
1220,294.84504413604736,0.23097690391164746,0.0014260768890380859,0.00045707225799560545,0.00041835308074951173,0.9838998211091234
1225,295.99181509017944,0.013115747990862302,0.0016491174697875976,0.00044667720794677734,0.0004109621047973633,0.9838998211091234
1230,297.14016604423523,0.021648082531846313,0.0016314983367919922,0.0004646539688110352,0.0004125356674194336,0.9838998211091234
1235,298.28712487220764,0.02796212954573605,0.001528787612915039,0.0004608631134033203,0.0003678560256958008,0.9821109123434705
1240,299.48344016075134,2.187127118631338e-05,0.0017342090606689454,0.00046844482421875,0.00038285255432128905,0.981216457960644
1245,300.63332200050354,0.05004236660951165,0.0016491174697875976,0.00044667720794677734,0.00040569305419921873,0.9776386404293381
1250,301.78421807289124,0.1900966813089667,0.0017870664596557617,0.00041451454162597654,0.0004435300827026367,0.9767441860465116
1255,302.9371271133423,0.004046305357059054,0.0017165899276733398,0.0004864215850830078,0.0003976583480834961,0.9704830053667263
1260,304.0824010372162,0.19493360859669337,0.0013762235641479493,0.0003993511199951172,0.00044462680816650393,0.9633273703041145
1265,305.2481210231781,0.009385700593794155,0.0015962600708007812,0.0005006074905395507,0.00038127899169921876,0.9749552772808586
1270,306.4030110836029,0.02245774578248074,0.0016491174697875976,0.00044667720794677734,0.00039534568786621095,0.9740608228980322
1275,307.5653600692749,0.015493385550189486,0.0013938426971435546,0.00038137435913085935,0.00040752887725830077,0.9669051878354203
1280,308.7868640422821,0.042647383401984484,0.0014789342880249024,0.00040314197540283205,0.0004004955291748047,0.9651162790697675
1285,309.94218707084656,0.0036962399790240854,0.0015464067459106446,0.0004428863525390625,0.0003951311111450195,0.9660107334525939
1290,311.1027090549469,0.009768546350146323,0.0015464067459106446,0.0004428863525390625,0.00039725303649902345,0.9660107334525939
1295,312.2645390033722,0.0026236038429303223,0.0016314983367919922,0.0004646539688110352,0.0003797292709350586,0.9660107334525939
1300,313.4145300388336,0.005177697002920922,0.0016314983367919922,0.0004646539688110352,0.00039150714874267576,0.9651162790697675
1305,314.56804609298706,0.056650119050121364,0.00156402587890625,0.0004249095916748047,0.0003937721252441406,0.9758497316636852
1310,315.72249698638916,9.125808326189144e-05,0.0016491174697875976,0.00044667720794677734,0.0003911256790161133,0.9776386404293381
1315,316.875785112381,0.00133357745783087,0.0015464067459106446,0.0004428863525390625,0.0003889799118041992,0.9767441860465116
1320,318.06996297836304,0.01486635923668871,0.0017165899276733398,0.0004864215850830078,0.00039372444152832033,0.9767441860465116
1325,319.2265510559082,0.2573269665434751,0.0016989707946777344,0.0005043983459472656,0.0003981590270996094,0.9794275491949911
1330,320.37481808662415,0.007951292713917724,0.001493549346923828,0.000496816635131836,0.0003755807876586914,0.9821109123434705
1335,321.520222902298,0.04850051767066503,0.001528787612915039,0.0004608631134033203,0.00037729740142822266,0.9821109123434705
1340,322.6695101261139,0.10369390962296166,0.0014789342880249024,0.00040314197540283205,0.0004074573516845703,0.9821109123434705
1345,323.81270003318787,0.041958939354870495,0.0015464067459106446,0.0004428863525390625,0.0004059553146362305,0.9821109123434705
1350,324.96171522140503,0.070211955683952,0.0016491174697875976,0.00044667720794677734,0.0003981828689575195,0.9821109123434705
1355,326.1021909713745,6.817596223811506e-05,0.0014613151550292968,0.00042111873626708983,0.00042030811309814455,0.9821109123434705
1360,327.25143122673035,0.03625310488168907,0.0014436960220336914,0.00043909549713134767,0.000388646125793457,0.9821109123434705
1365,328.4320511817932,0.007709189855923171,0.0014789342880249024,0.00040314197540283205,0.00039691925048828124,0.9821109123434705
1370,329.5625720024109,0.11403084113244688,0.0016491174697875976,0.00044667720794677734,0.0004102230072021484,0.9856887298747764
1375,330.7024040222168,0.003884141147733544,0.0016667366027832032,0.0004287004470825195,0.00040090084075927734,0.9847942754919499
1380,331.8476541042328,0.002219248437711485,0.001528787612915039,0.0004608631134033203,0.00039019584655761717,0.9677996422182469
1385,332.99580001831055,0.01851653048496473,0.0016314983367919922,0.0004646539688110352,0.0003977060317993164,0.962432915921288
1390,334.13590812683105,0.01057698483916738,0.0016314983367919922,0.0004646539688110352,0.00041255950927734377,0.960644007155635
1395,335.29876923561096,0.012227483794004002,0.001819300651550293,0.0004902124404907226,0.00040750503540039064,0.960644007155635
1400,336.4577760696411,0.27361661333434384,0.00156402587890625,0.0004249095916748047,0.00041201114654541013,0.962432915921288
1405,337.66252422332764,0.015583093543881432,0.00156402587890625,0.0004249095916748047,0.00042133331298828126,0.962432915921288
1410,338.82039499282837,0.013230877737760239,0.0016138792037963868,0.00048263072967529296,0.00038149356842041013,0.962432915921288
1415,339.969603061676,0.14686322604500363,0.0014436960220336914,0.00043909549713134767,0.00041675567626953125,0.964221824686941
1420,341.1214370727539,1.1549257479609083,0.0013409852981567383,0.0004353046417236328,0.00037260055541992186,0.9803220035778175
1425,342.2703311443329,0.04340637622663053,0.0016667366027832032,0.0004287004470825195,0.0004358768463134766,0.9919499105545617
1430,343.4149990081787,0.0059639571396473915,0.0015816450119018554,0.00040693283081054686,0.000405120849609375,0.9883720930232558
1435,344.5607678890228,0.010137682592318242,0.0018369197845458985,0.00047223567962646485,0.0004234790802001953,0.983005366726297
1440,345.70242404937744,0.4597034291007134,0.0016138792037963868,0.00048263072967529296,0.00038080215454101564,0.9865831842576028
1445,346.89961218833923,0.009658702804961195,0.001819300651550293,0.0004902124404907226,0.00041515827178955077,0.9865831842576028
1450,348.05618715286255,0.003081348802243156,0.0016314983367919922,0.0004646539688110352,0.0004131317138671875,0.9838998211091234
1455,349.2358350753784,0.015499753342010082,0.0014789342880249024,0.00040314197540283205,0.00043866634368896487,0.9767441860465116
1460,350.42030906677246,0.2618626348492697,0.0015111684799194336,0.00047883987426757815,0.00040736198425292967,0.9803220035778175
1465,351.6045591831207,0.07055522702137296,0.0014436960220336914,0.00043909549713134767,0.0004241466522216797,0.9892665474060823
1470,352.79887890815735,0.028169919486572326,0.0015111684799194336,0.00047883987426757815,0.00042715072631835935,0.9892665474060823
1475,353.98048210144043,0.1392007649067665,0.001528787612915039,0.0004608631134033203,0.0004027128219604492,0.9865831842576028
1480,355.16476798057556,0.07059934695034827,0.0016667366027832032,0.0004287004470825195,0.00043451786041259766,0.9883720930232558
1485,356.3859062194824,0.0030209171401111234,0.0016491174697875976,0.00044667720794677734,0.00040678977966308595,0.9883720930232558
1490,357.5572941303253,0.1785186602538033,0.0016491174697875976,0.00044667720794677734,0.00043787956237792967,0.9919499105545617
1495,358.72217416763306,0.0011371128296161714,0.0016138792037963868,0.00048263072967529296,0.0003862619400024414,0.9874776386404294
1500,359.89045906066895,0.00044440816532187455,0.0014613151550292968,0.00042111873626708983,0.00038917064666748046,0.9892665474060823
1505,361.05904603004456,0.057052857504987745,0.0017518281936645507,0.0004504680633544922,0.000411534309387207,0.9892665474060823
1510,362.218868970871,0.15793764151399045,0.0016843557357788086,0.00041072368621826173,0.0004358530044555664,0.9883720930232558
1515,363.38965702056885,0.025208406680485497,0.0016314983367919922,0.0004646539688110352,0.00042455196380615235,0.9856887298747764
1520,364.5505268573761,0.06740381236470512,0.0013586044311523437,0.000417327880859375,0.0003989696502685547,0.9847942754919499
1525,365.7659969329834,0.00010408225070932531,0.001528787612915039,0.0004608631134033203,0.0003760099411010742,0.9847942754919499
1530,366.92659401893616,0.056982437087438595,0.0016138792037963868,0.00048263072967529296,0.00041010379791259763,0.9847942754919499
1535,368.0935709476471,0.0033097903180077993,0.0016314983367919922,0.0004646539688110352,0.0004023313522338867,0.9847942754919499
1540,369.2509160041809,0.039077863656044085,0.001170802116394043,0.0003917694091796875,0.0003880977630615234,0.9847942754919499
1545,370.4100670814514,0.4357043176345485,0.0016989707946777344,0.0005043983459472656,0.00038959980010986326,0.9847942754919499
1550,371.56796312332153,0.038708509508916224,0.0017342090606689454,0.00046844482421875,0.00039107799530029296,0.9821109123434705
1555,372.7292981147766,0.009342358672445528,0.00156402587890625,0.0004249095916748047,0.00039272308349609376,0.9803220035778175
1560,373.8879852294922,0.07384722493612798,0.0017694473266601563,0.0004324913024902344,0.00041196346282958987,0.9794275491949911
1565,375.0623881816864,0.0021912147488308163,0.0016491174697875976,0.00044667720794677734,0.00040736198425292967,0.9785330948121646
1570,376.27016019821167,0.021548616656970408,0.0019043922424316407,0.0005119800567626953,0.0004046916961669922,0.9785330948121646
1575,377.44881105422974,0.25946579537223186,0.0014260768890380859,0.00045707225799560545,0.00038313865661621094,0.9785330948121646
1580,378.61553406715393,0.028140574224050852,0.0016843557357788086,0.00041072368621826173,0.00043845176696777344,0.9785330948121646
1585,379.7843019962311,0.015979391662460783,0.0014965534210205078,0.0003851652145385742,0.0004306793212890625,0.9785330948121646
1590,380.9483439922333,0.011119918260187944,0.0015111684799194336,0.00047883987426757815,0.0003791093826293945,0.9785330948121646
1595,382.1190781593323,0.013861094091045346,0.0017342090606689454,0.00046844482421875,0.00038909912109375,0.9785330948121646
1600,383.28395795822144,0.0703204349137195,0.00156402587890625,0.0004249095916748047,0.00041558742523193357,0.9803220035778175
1605,384.4460210800171,0.04322054495879115,0.0013409852981567383,0.0004353046417236328,0.00036041736602783204,0.9803220035778175
1610,385.6539740562439,0.07125938603655868,0.0015111684799194336,0.00047883987426757815,0.00037846565246582033,0.9838998211091234
1615,386.80945920944214,0.010478046676490748,0.0018897771835327149,0.0004183053970336914,0.00043158531188964845,0.9856887298747764
1620,387.9702000617981,0.0015103262173752797,0.0018721580505371093,0.00043628215789794924,0.0003996372222900391,0.9865831842576028
1625,389.1255679130554,0.1256050761167103,0.0015464067459106446,0.0004428863525390625,0.00042514801025390626,0.9883720930232558
1630,390.2837769985199,0.04262357052377865,0.0016667366027832032,0.0004287004470825195,0.0004231452941894531,0.9874776386404294
1635,391.4340350627899,0.004114714332399671,0.0016314983367919922,0.0004646539688110352,0.0003988027572631836,0.983005366726297
1640,392.5896849632263,0.004521148554181309,0.00156402587890625,0.0004249095916748047,0.0004191875457763672,0.983005366726297
1645,393.7361309528351,0.0013561133031402051,0.0016491174697875976,0.00044667720794677734,0.0003943920135498047,0.9794275491949911
1650,394.9300310611725,0.0006714588362683571,0.0017518281936645507,0.0004504680633544922,0.0003993988037109375,0.9794275491949911
1655,396.07719111442566,0.001141012642312944,0.0015464067459106446,0.0004428863525390625,0.00040967464447021483,0.9794275491949911
1660,397.2190508842468,0.09061233244179903,0.0014436960220336914,0.00043909549713134767,0.00040557384490966795,0.9865831842576028
1665,398.3629219532013,0.003943174728922827,0.0013762235641479493,0.0003993511199951172,0.0004109859466552734,0.9901610017889088
1670,399.49183201789856,0.2935599338255557,0.001528787612915039,0.0004608631134033203,0.00040280818939208984,0.9919499105545617
1675,400.6337311267853,0.21173209903859203,0.0016314983367919922,0.0004646539688110352,0.0004082918167114258,0.9525939177101967
1680,401.7937180995941,0.15446497240246798,0.0017342090606689454,0.00046844482421875,0.00042526721954345704,0.9883720930232558
1685,403.03565216064453,0.14003308247156382,0.0018016815185546875,0.0005081892013549805,0.0004322290420532227,0.9892665474060823
1690,404.2287120819092,0.038030657699709994,0.0015816450119018554,0.00040693283081054686,0.00042583942413330076,0.9856887298747764
1695,405.37381505966187,0.01898769737813808,0.0015111684799194336,0.00047883987426757815,0.0003877878189086914,0.9695885509838998
1700,406.5245339870453,0.014527321976505903,0.001819300651550293,0.0004902124404907226,0.000400996208190918,0.9597495527728086
1705,407.6659450531006,0.017847486015581636,0.0018016815185546875,0.0005081892013549805,0.00041961669921875,0.9597495527728086
1710,408.8183641433716,0.2457103027799718,0.0017165899276733398,0.0004864215850830078,0.00038492679595947266,0.983005366726297
1715,409.9668478965759,0.0174440670036347,0.001819300651550293,0.0004902124404907226,0.00041029453277587893,0.9892665474060823
1720,411.13075017929077,0.48832106729796576,0.0017518281936645507,0.0004504680633544922,0.00042583942413330076,0.9713774597495528
1725,412.30724811553955,0.002565761255880261,0.0016491174697875976,0.00044667720794677734,0.00042302608489990233,0.9874776386404294
1730,413.5255661010742,0.0492101513389116,0.001528787612915039,0.0004608631134033203,0.0003926515579223633,0.9865831842576028
1735,414.7009561061859,0.008663979431662482,0.0016989707946777344,0.0005043983459472656,0.00039997100830078123,0.983005366726297
1740,415.874498128891,0.11371671673525725,0.0014613151550292968,0.00042111873626708983,0.00039927959442138673,0.9794275491949911
1745,417.04131507873535,0.03732902513373944,0.0015464067459106446,0.0004428863525390625,0.000399017333984375,0.9749552772808586
1750,418.19722509384155,0.045409012034338045,0.0017165899276733398,0.0004864215850830078,0.0004338502883911133,0.9740608228980322
1755,419.34616899490356,0.05606062191116053,0.0014789342880249024,0.00040314197540283205,0.0004037618637084961,0.9767441860465116
1760,420.5061070919037,0.013805321257692071,0.001528787612915039,0.0004608631134033203,0.00038597583770751955,0.9740608228980322
1765,421.66020703315735,0.2988536595414189,0.0017019748687744141,0.0003927469253540039,0.0004388570785522461,0.9883720930232558
1770,422.80523109436035,0.0038814044127832405,0.001493549346923828,0.000496816635131836,0.00037899017333984373,0.9409660107334525
1775,423.99394607543945,0.26857737124373954,0.0018369197845458985,0.00047223567962646485,0.0004502534866333008,0.9740608228980322
1780,425.15389609336853,0.16268965232211485,0.0013586044311523437,0.000417327880859375,0.00042002201080322267,0.9767441860465116
1785,426.3185091018677,0.00796741782337449,0.0017342090606689454,0.00046844482421875,0.00042467117309570314,0.9767441860465116
1790,427.48379707336426,0.012144659867044539,0.0015464067459106446,0.0004428863525390625,0.0004044055938720703,0.9767441860465116
1795,428.66064405441284,0.5441223480923796,0.0016138792037963868,0.00048263072967529296,0.0003767251968383789,0.9847942754919499
1800,429.82421112060547,0.025984248704058643,0.0016491174697875976,0.00044667720794677734,0.0003945350646972656,0.983005366726297
1805,431.00321102142334,0.048530794020474846,0.0017342090606689454,0.00046844482421875,0.00041089057922363283,0.9704830053667263
1810,432.1746311187744,0.22431885311432395,0.0017870664596557617,0.00041451454162597654,0.00044231414794921876,0.9660107334525939
1815,433.38768315315247,0.026674988322520223,0.0016314983367919922,0.0004646539688110352,0.00042557716369628906,0.9669051878354203
1820,434.56423711776733,0.07856350376002297,0.0013586044311523437,0.000417327880859375,0.0004345417022705078,0.9669051878354203
1825,435.7395119667053,0.0008866947571291916,0.001681351661682129,0.0005223751068115234,0.00039150714874267576,0.9677996422182469
1830,436.92751812934875,0.018015381919394714,0.0016843557357788086,0.00041072368621826173,0.00045578479766845704,0.9669051878354203
1835,438.107173204422,0.050193299468145366,0.0012911319732666015,0.00037758350372314454,0.00040946006774902346,0.9669051878354203
1840,439.2945771217346,0.20530979658074316,0.0014613151550292968,0.00042111873626708983,0.00037653446197509765,0.9794275491949911
1845,440.4770951271057,0.0035434934406112007,0.0014613151550292968,0.00042111873626708983,0.00040645599365234374,0.9785330948121646
1850,441.663761138916,0.01596043262818512,0.0016491174697875976,0.00044667720794677734,0.0004263401031494141,0.9785330948121646
1855,442.8902311325073,0.0005701449512358181,0.0016138792037963868,0.00048263072967529296,0.0004001617431640625,0.9776386404293381
1860,444.0756959915161,0.02053197309614916,0.0015464067459106446,0.0004428863525390625,0.00043952465057373047,0.9740608228980322
1865,445.25144505500793,0.003644056863937095,0.0017518281936645507,0.0004504680633544922,0.00040929317474365235,0.9704830053667263
1870,446.4350481033325,0.05607704536963638,0.00156402587890625,0.0004249095916748047,0.00042493343353271483,0.9785330948121646
1875,447.61428117752075,0.003440091472293716,0.0016314983367919922,0.0004646539688110352,0.0004256725311279297,0.9821109123434705
1880,448.7929871082306,0.006236426541045148,0.0017165899276733398,0.0004864215850830078,0.00042130947113037107,0.9821109123434705
1885,449.9664330482483,0.3192598188332795,0.0015962600708007812,0.0005006074905395507,0.00041425228118896484,0.9838998211091234
1890,451.137845993042,0.012061869177887274,0.001493549346923828,0.000496816635131836,0.0004097461700439453,0.9856887298747764
1895,452.3493390083313,0.0076661694758513475,0.0016491174697875976,0.00044667720794677734,0.00041952133178710935,0.9856887298747764
1900,453.5135028362274,0.2017657305562423,0.0013586044311523437,0.000417327880859375,0.00038917064666748046,0.9883720930232558
1905,454.67600989341736,0.018856557420623688,0.0014613151550292968,0.00042111873626708983,0.0004091024398803711,0.9901610017889088
1910,455.8267078399658,0.012483627692517985,0.0017342090606689454,0.00046844482421875,0.00039801597595214846,0.9838998211091234
1915,456.9846119880676,0.08703769326609745,0.0013762235641479493,0.0003993511199951172,0.0003808736801147461,0.9838998211091234
1920,458.1275932788849,0.004103690835530216,0.0016491174697875976,0.00044667720794677734,0.000414276123046875,0.9892665474060823
1925,459.27923703193665,0.013981271931993434,0.0013762235641479493,0.0003993511199951172,0.00040740966796875,0.9892665474060823
1930,460.4292719364166,0.0003655045098781784,0.0016491174697875976,0.00044667720794677734,0.0003767490386962891,0.9892665474060823
1935,461.6178481578827,0.3381219151955122,0.0016667366027832032,0.0004287004470825195,0.0003979206085205078,0.9892665474060823
1940,462.77227687835693,0.0021104067614146514,0.0016138792037963868,0.00048263072967529296,0.00037789344787597656,0.9883720930232558
1945,463.93311500549316,0.010091902416729682,0.0016138792037963868,0.00048263072967529296,0.00041074752807617186,0.9892665474060823
1950,465.10169506073,0.010838721210825497,0.00156402587890625,0.0004249095916748047,0.00042662620544433596,0.9865831842576028
1955,466.2736840248108,0.0008273723665588762,0.0018016815185546875,0.0005081892013549805,0.0003905773162841797,0.9865831842576028
1960,467.44099617004395,0.2282232371673672,0.0015816450119018554,0.00040693283081054686,0.0004300832748413086,0.9865831842576028
1965,468.61399006843567,0.013332269528304153,0.0016314983367919922,0.0004646539688110352,0.0004071235656738281,0.9883720930232558
1970,469.7735221385956,0.009791114848724192,0.0014436960220336914,0.00043909549713134767,0.00039479732513427737,0.9883720930232558
1975,470.93645215034485,0.04025910817829299,0.001528787612915039,0.0004608631134033203,0.0003970623016357422,0.9883720930232558
1980,472.14573311805725,0.23650027439836663,0.0013586044311523437,0.000417327880859375,0.00039825439453125,0.9883720930232558
1985,473.30796790122986,0.016401325235710827,0.0017694473266601563,0.0004324913024902344,0.00042233467102050783,0.9865831842576028
1990,474.4701941013336,0.021958175234556166,0.0014613151550292968,0.00042111873626708983,0.0004141807556152344,0.9856887298747764
1995,475.6238980293274,0.04273389473649445,0.001922011375427246,0.0004940032958984375,0.0003928661346435547,0.9838998211091234
2000,476.7896029949188,0.04580172739947841,0.0015464067459106446,0.0004428863525390625,0.0003991842269897461,0.9838998211091234
2005,477.93550419807434,0.04049168409661661,0.0019043922424316407,0.0005119800567626953,0.00042176246643066406,0.983005366726297
2010,479.10208916664124,0.03686507954307387,0.0015464067459106446,0.0004428863525390625,0.000404047966003418,0.983005366726297
2015,480.26974511146545,0.3071898827969676,0.0014789342880249024,0.00040314197540283205,0.0004347324371337891,0.9874776386404294
2020,481.47123193740845,0.013351494670811804,0.001493549346923828,0.000496816635131836,0.00039331912994384767,0.9883720930232558
2025,482.621386051178,0.03638348022945905,0.0014436960220336914,0.00043909549713134767,0.00042688846588134766,0.9901610017889088
2030,483.77596402168274,0.0052149830924577145,0.0016138792037963868,0.00048263072967529296,0.00037534236907958983,0.9910554561717353
2035,484.9287691116333,0.15834682300337874,0.0015464067459106446,0.0004428863525390625,0.0004225492477416992,0.9919499105545617
2040,486.0699691772461,0.0010047719215322104,0.00156402587890625,0.0004249095916748047,0.0003873586654663086,0.9919499105545617
2045,487.22096705436707,0.000996132175306741,0.0016314983367919922,0.0004646539688110352,0.0003800392150878906,0.9901610017889088
2050,488.373162984848,0.09579233859488027,0.0017342090606689454,0.00046844482421875,0.0004140615463256836,0.9892665474060823
2055,489.5247881412506,7.819934285180352e-05,0.001528787612915039,0.0004608631134033203,0.0003805398941040039,0.9856887298747764
2060,490.7120780944824,0.00042186467333067413,0.0014789342880249024,0.00040314197540283205,0.0004207611083984375,0.9847942754919499
2065,491.86091899871826,0.02937048729510181,0.0018369197845458985,0.00047223567962646485,0.0004004955291748047,0.9856887298747764
2070,493.007196187973,0.08069002823905862,0.0016843557357788086,0.00041072368621826173,0.0004319667816162109,0.9856887298747764
2075,494.1342272758484,0.02053596341929733,0.0015464067459106446,0.0004428863525390625,0.0003968954086303711,0.9847942754919499
2080,495.28030824661255,0.0038056994601134873,0.0014436960220336914,0.00043909549713134767,0.0003931760787963867,0.9847942754919499
2085,496.42496824264526,0.0018783502697544917,0.001528787612915039,0.0004608631134033203,0.0003565549850463867,0.9847942754919499
2090,497.5587260723114,0.013898646411018945,0.0016138792037963868,0.00048263072967529296,0.0004027843475341797,0.9847942754919499
2095,498.70252799987793,0.0010671251603525888,0.0014436960220336914,0.00043909549713134767,0.0003795623779296875,0.9847942754919499
2100,499.88367199897766,0.004909276647994431,0.001273512840270996,0.0003955602645874023,0.00039479732513427737,0.9847942754919499
2105,501.0304219722748,0.20572706152454573,0.001784062385559082,0.0005261659622192383,0.0003830671310424805,0.9821109123434705
2110,502.1677129268646,0.0006844965973868966,0.0016314983367919922,0.0004646539688110352,0.0003755807876586914,0.9767441860465116
2115,503.30307602882385,0.0014243697399379585,0.0016843557357788086,0.00041072368621826173,0.00042657852172851564,0.9660107334525939
2120,504.43689703941345,0.00032720106537595937,0.0016491174697875976,0.00044667720794677734,0.0003856182098388672,0.9615384615384616
2125,505.57306003570557,1.6964269369168507e-05,0.0017518281936645507,0.0004504680633544922,0.0003904104232788086,0.9597495527728086
2130,506.69755506515503,0.01456847134984116,0.0018867731094360351,0.0005299568176269532,0.0003842592239379883,0.9660107334525939
2135,507.8404269218445,0.5998509236338136,0.0013586044311523437,0.000417327880859375,0.0003709316253662109,0.981216457960644
2140,509.0292341709137,0.07279467870266672,0.0016843557357788086,0.00041072368621826173,0.00042111873626708983,0.9865831842576028
2145,510.1567211151123,0.00787521242746152,0.00156402587890625,0.0004249095916748047,0.00042042732238769533,0.9865831842576028
2150,511.3094630241394,0.01523039184982622,0.0015464067459106446,0.0004428863525390625,0.000392460823059082,0.9865831842576028
2155,512.463711977005,0.021613264485537798,0.0016138792037963868,0.00048263072967529296,0.0003783941268920898,0.9865831842576028
2160,513.6021361351013,0.02968730654870342,0.0014789342880249024,0.00040314197540283205,0.0004089117050170898,0.9865831842576028
2165,514.7481410503387,0.011265792146724607,0.0014260768890380859,0.00045707225799560545,0.00035336017608642576,0.9865831842576028
2170,515.8929600715637,0.042378602926868326,0.0016314983367919922,0.0004646539688110352,0.0003886222839355469,0.9883720930232558
2175,517.0469009876251,0.016512599280406447,0.0018897771835327149,0.0004183053970336914,0.0004511833190917969,0.9892665474060823
2180,518.2861731052399,0.009267854412044585,0.0017694473266601563,0.0004324913024902344,0.0004156827926635742,0.9892665474060823
2185,519.4754259586334,0.09654142861146653,0.0015464067459106446,0.0004428863525390625,0.00040297508239746095,0.9910554561717353
2190,520.6422100067139,0.03890360380465836,0.0017518281936645507,0.0004504680633544922,0.0004500150680541992,0.9910554561717353
2195,521.805321931839,0.017224223470361722,0.0015464067459106446,0.0004428863525390625,0.00039794445037841795,0.9910554561717353
2200,522.9398560523987,0.01638191720866189,0.0015464067459106446,0.0004428863525390625,0.0003977537155151367,0.9910554561717353
2205,524.075236082077,0.005181630249187208,0.0017342090606689454,0.00046844482421875,0.0003983497619628906,0.9910554561717353
2210,525.2139530181885,0.003647773389640463,0.0016843557357788086,0.00041072368621826173,0.0004214763641357422,0.9910554561717353
2215,526.3530380725861,0.005743976359599401,0.0015464067459106446,0.0004428863525390625,0.00040075778961181643,0.9910554561717353
2220,527.5068991184235,0.019797500671595004,0.001528787612915039,0.0004608631134033203,0.0003965616226196289,0.9910554561717353
2225,528.719752073288,0.0010015810071308806,0.0013762235641479493,0.0003993511199951172,0.00041942596435546876,0.9910554561717353
2230,529.892795085907,0.35598837106526987,0.0014260768890380859,0.00045707225799560545,0.00041882991790771485,0.9919499105545617
2235,531.0605640411377,0.010861278804306096,0.0016314983367919922,0.0004646539688110352,0.00043687820434570315,0.9937388193202147
2240,532.2189891338348,0.018571518021057897,0.0018369197845458985,0.00047223567962646485,0.00041892528533935545,0.9937388193202147
2245,533.3826758861542,0.016699452035221184,0.0017165899276733398,0.0004864215850830078,0.00041539669036865233,0.9946332737030411
2250,534.5601472854614,0.04019274302368174,0.0014789342880249024,0.00040314197540283205,0.0003961324691772461,0.9937388193202147
2255,535.7396900653839,0.045057182955410724,0.0016989707946777344,0.0005043983459472656,0.000377202033996582,0.9937388193202147
2260,536.9040260314941,0.0011974015566011075,0.001819300651550293,0.0004902124404907226,0.0004048347473144531,0.9937388193202147
2265,538.1157219409943,0.011685885617703206,0.0018016815185546875,0.0005081892013549805,0.0004049539566040039,0.9937388193202147
2270,539.279375076294,0.018541875961093978,0.0016314983367919922,0.0004646539688110352,0.0003849983215332031,0.9928443649373881
2275,540.4607150554657,0.008087521238488193,0.0019043922424316407,0.0005119800567626953,0.0004290342330932617,0.9919499105545617
2280,541.6305570602417,0.0031977442384345522,0.0017518281936645507,0.0004504680633544922,0.00041399002075195315,0.9919499105545617
2285,542.8004021644592,0.0005664344035508862,0.0016314983367919922,0.0004646539688110352,0.00039517879486083984,0.9919499105545617
2290,543.9578411579132,0.0019275239086709917,0.0014436960220336914,0.00043909549713134767,0.0003902435302734375,0.9919499105545617
2295,545.1089720726013,0.057272037141959234,0.0017165899276733398,0.0004864215850830078,0.0003917455673217773,0.9919499105545617
2300,546.227019071579,0.005342383292736485,0.0013586044311523437,0.000417327880859375,0.0003680706024169922,0.9928443649373881
2305,547.4227771759033,0.00809414410943532,0.0017518281936645507,0.0004504680633544922,0.00042858123779296873,0.9937388193202147
2310,548.5846581459045,0.0065635711224445005,0.0016989707946777344,0.0005043983459472656,0.00041017532348632815,0.9946332737030411
2315,549.7308990955353,0.011983902003703407,0.0014613151550292968,0.00042111873626708983,0.0004014730453491211,0.9946332737030411
2320,550.869136095047,0.006447443698314714,0.0014613151550292968,0.00042111873626708983,0.00036611557006835935,0.9937388193202147
2325,552.005095243454,0.07333048011562368,0.001599264144897461,0.0003889560699462891,0.00043816566467285155,0.9919499105545617
2330,553.136253118515,0.003938859046047583,0.0016989707946777344,0.0005043983459472656,0.0003822088241577148,0.9874776386404294
2335,554.2574441432953,0.284404609392368,0.0017342090606689454,0.00046844482421875,0.0004268646240234375,0.9883720930232558
2340,555.3851540088654,0.1250915763092962,0.0014436960220336914,0.00043909549713134767,0.0003701925277709961,0.9910554561717353
2345,556.568037033081,0.0015358477849815699,0.0016314983367919922,0.0004646539688110352,0.00038504600524902344,0.9910554561717353
2350,557.7018752098083,0.0007200725842722022,0.0014613151550292968,0.00042111873626708983,0.00038781166076660154,0.9910554561717353
2355,558.8256859779358,0.010066347410065646,0.0016989707946777344,0.0005043983459472656,0.0003701448440551758,0.9910554561717353
2360,559.9559788703918,0.008614154905129113,0.0017518281936645507,0.0004504680633544922,0.000392460823059082,0.9901610017889088
2365,561.0880310535431,0.010231590829789639,0.0017518281936645507,0.0004504680633544922,0.0004146575927734375,0.9901610017889088
2370,562.2154459953308,0.029966689342563767,0.0016843557357788086,0.00041072368621826173,0.00041880607604980467,0.9901610017889088
2375,563.3520650863647,0.3633253051003763,0.0017342090606689454,0.00046844482421875,0.0003940820693969727,0.9901610017889088
2380,564.4802379608154,0.0007639995630768226,0.0012558937072753907,0.00041353702545166016,0.0003810882568359375,0.9892665474060823
2385,565.6194081306458,0.00024412057610589954,0.0017664432525634766,0.0005441427230834961,0.00038137435913085935,0.9758497316636852
2390,566.8006389141083,0.0004040298095816297,0.0014965534210205078,0.0003851652145385742,0.00040061473846435546,0.964221824686941
2395,567.9387099742889,0.0014995318860272278,0.0013762235641479493,0.0003993511199951172,0.000397491455078125,0.964221824686941
2400,569.073135137558,3.615943715544745e-05,0.00156402587890625,0.0004249095916748047,0.00038518905639648435,0.964221824686941
2405,570.2457709312439,0.020253209729254706,0.0014613151550292968,0.00042111873626708983,0.0003947734832763672,0.964221824686941
2410,571.3757979869843,0.005173766377663469,0.0015464067459106446,0.0004428863525390625,0.0003863334655761719,0.9686940966010733
2415,572.5126371383667,3.039871052123999e-06,0.0016138792037963868,0.00048263072967529296,0.00036406517028808594,0.9731663685152058
2420,573.6469302177429,0.040689127918510336,0.00156402587890625,0.0004249095916748047,0.00038781166076660154,0.9821109123434705
2425,574.7740089893341,0.000442031637761886,0.0017518281936645507,0.0004504680633544922,0.00038814544677734375,0.9901610017889088
2430,575.9567210674286,0.00016258706903329311,0.00156402587890625,0.0004249095916748047,0.00037758350372314454,0.9910554561717353
2435,577.0960590839386,0.0012379767848486266,0.0016138792037963868,0.00048263072967529296,0.00036218166351318357,0.9910554561717353
2440,578.2269480228424,0.20229540004915664,0.0017165899276733398,0.0004864215850830078,0.00039682388305664065,0.9910554561717353
2445,579.348708152771,0.0008085947911325775,0.0015962600708007812,0.0005006074905395507,0.000368499755859375,0.9946332737030411
2450,580.4863080978394,0.0002244522221360512,0.001493549346923828,0.000496816635131836,0.00036818981170654296,0.9955277280858676
2455,581.6205780506134,0.031487348263762274,0.0016667366027832032,0.0004287004470825195,0.000429534912109375,0.9955277280858676
2460,582.7625131607056,0.04647665303975827,0.0014436960220336914,0.00043909549713134767,0.00038356781005859374,0.9955277280858676
2465,583.8976051807404,0.01752574621353915,0.0014789342880249024,0.00040314197540283205,0.00041768550872802737,0.9955277280858676
2470,585.0691990852356,0.0072283938546362945,0.0016314983367919922,0.0004646539688110352,0.0003584384918212891,0.9928443649373881
2475,586.190544128418,0.003632240408853704,0.0013586044311523437,0.000417327880859375,0.00037627220153808595,0.9919499105545617
2480,587.3278670310974,0.0011934076377670521,0.0016667366027832032,0.0004287004470825195,0.0004192352294921875,0.9910554561717353
2485,588.4629092216492,0.009544232338794246,0.0013586044311523437,0.000417327880859375,0.00037190914154052737,0.9910554561717353
2490,589.5887711048126,1.2356690997705756e-05,0.0017342090606689454,0.00046844482421875,0.00036864280700683595,0.9910554561717353
2495,590.7292370796204,0.0004635273377068927,0.0014965534210205078,0.0003851652145385742,0.0003924369812011719,0.9910554561717353
2500,591.8697519302368,6.489805682576843e-05,0.0018016815185546875,0.0005081892013549805,0.00037510395050048827,0.9910554561717353
2505,592.98699426651,0.0015040475363562677,0.001528787612915039,0.0004608631134033203,0.00039794445037841795,0.9910554561717353
2510,594.1652941703796,0.007557549217224846,0.0016491174697875976,0.00044667720794677734,0.0003921747207641602,0.9910554561717353
2515,595.3030769824982,2.7998309271026756e-05,0.0017165899276733398,0.0004864215850830078,0.00037212371826171874,0.9910554561717353
2520,596.5324411392212,0.18004906948453936,0.0016667366027832032,0.0004287004470825195,0.000442051887512207,0.9937388193202147
2525,597.6891629695892,0.010596453062966305,0.001528787612915039,0.0004608631134033203,0.00038712024688720704,0.9964221824686941
2530,598.826103925705,0.01425688023555267,0.0015464067459106446,0.0004428863525390625,0.0003812074661254883,0.9964221824686941
2535,599.9697709083557,0.1712492477269066,0.0013409852981567383,0.0004353046417236328,0.0003762960433959961,0.9964221824686941
2540,601.1144659519196,0.044747136135265465,0.0015464067459106446,0.0004428863525390625,0.00040018558502197266,0.9964221824686941
2545,602.2483508586884,0.0037264794036673266,0.0016843557357788086,0.00041072368621826173,0.00041043758392333984,0.9937388193202147
2550,603.4276661872864,0.023002835342776962,0.00156402587890625,0.0004249095916748047,0.0004306316375732422,0.9946332737030411
2555,604.5596461296082,0.0006246033301692932,0.0019043922424316407,0.0005119800567626953,0.00039312839508056643,0.9964221824686941
2560,605.6966829299927,0.00023958700217434624,0.001528787612915039,0.0004608631134033203,0.0003822088241577148,0.9964221824686941
2565,606.8347940444946,0.014600593930225614,0.0017342090606689454,0.00046844482421875,0.00039713382720947267,0.9964221824686941
2570,607.9706530570984,0.022875040290819014,0.0015464067459106446,0.0004428863525390625,0.0004046201705932617,0.9955277280858676
2575,609.1022851467133,0.02081311070114964,0.00156402587890625,0.0004249095916748047,0.0004042148590087891,0.9964221824686941
2580,610.2373239994049,0.0024152767632131143,0.0015786409378051758,0.0005185842514038086,0.0003626585006713867,0.9955277280858676
2585,611.3731729984283,0.04460214384016581,0.0013586044311523437,0.000417327880859375,0.0003714799880981445,0.9937388193202147
2590,612.491119146347,0.12519579658583097,0.0016138792037963868,0.00048263072967529296,0.0003834247589111328,0.9937388193202147
2595,613.6608412265778,0.031297905068777256,0.0016491174697875976,0.00044667720794677734,0.00039222240447998045,0.9749552772808586
2600,614.7911880016327,0.3530196131557318,0.0014613151550292968,0.00042111873626708983,0.00036761760711669924,0.9964221824686941
2605,615.9255499839783,0.0016301885637489022,0.0016314983367919922,0.0004646539688110352,0.00037946701049804685,0.9749552772808586
2610,617.0593240261078,0.6306987983146882,0.001819300651550293,0.0004902124404907226,0.00040569305419921873,0.9615384615384616
2615,618.1846282482147,0.2610617972667114,0.0015464067459106446,0.0004428863525390625,0.00037949085235595704,0.9892665474060823
2620,619.329626083374,0.12049671197310659,0.0014789342880249024,0.00040314197540283205,0.00040175914764404295,0.9633273703041145
2625,620.4867360591888,0.029301139136427422,0.0017518281936645507,0.0004504680633544922,0.00041942596435546876,0.9543828264758497
2630,621.6496958732605,0.07875834121433342,0.0015816450119018554,0.00040693283081054686,0.00048806667327880857,0.9499105545617174
2635,622.8562819957733,0.02380226866953734,0.0016314983367919922,0.0004646539688110352,0.0003999948501586914,0.9445438282647585
2640,624.0163171291351,0.11860841983157115,0.0013586044311523437,0.000417327880859375,0.00039517879486083984,0.9543828264758497
2645,625.1765649318695,0.11047103669935154,0.0016989707946777344,0.0005043983459472656,0.000394439697265625,0.9499105545617174
2650,626.3388662338257,0.41067358518488106,0.0014436960220336914,0.00043909549713134767,0.00040545463562011717,0.9552772808586762
2655,627.4934639930725,0.014556988252860493,0.0015464067459106446,0.0004428863525390625,0.00037670135498046875,0.9785330948121646
2660,628.6524829864502,0.015429966991658262,0.0013409852981567383,0.0004353046417236328,0.0003812074661254883,0.9758497316636852
2665,629.8136420249939,0.01696472973781482,0.0016989707946777344,0.0005043983459472656,0.00038287639617919924,0.9749552772808586
2670,630.9791989326477,0.020699253678384367,0.0016491174697875976,0.00044667720794677734,0.00038084983825683596,0.9749552772808586
2675,632.1860251426697,0.3265047169817592,0.0017870664596557617,0.00041451454162597654,0.0004203319549560547,0.9749552772808586
2680,633.3476021289825,0.012697958264107,0.0016314983367919922,0.0004646539688110352,0.00038874149322509766,0.981216457960644
2685,634.532347202301,0.001448202255880915,0.0017518281936645507,0.0004504680633544922,0.00043735504150390627,0.981216457960644
2690,635.7182660102844,0.017185104741930957,0.0016989707946777344,0.0005043983459472656,0.00040650367736816406,0.981216457960644
2695,636.9181640148163,0.27182499152867334,0.0014613151550292968,0.00042111873626708983,0.00041511058807373045,0.981216457960644
2700,638.1144721508026,0.056946307157875256,0.0017870664596557617,0.00041451454162597654,0.00043933391571044923,0.981216457960644
2705,639.3087069988251,0.010650865854546509,0.0013586044311523437,0.000417327880859375,0.000420379638671875,0.9821109123434705
2710,640.5117139816284,0.010699702593694838,0.0016314983367919922,0.0004646539688110352,0.0004128694534301758,0.9821109123434705
2715,641.7536339759827,0.05585265327108715,0.001528787612915039,0.0004608631134033203,0.00042858123779296873,0.983005366726297
2720,642.9471731185913,0.0009471009682584964,0.0016491174697875976,0.00044667720794677734,0.000426793098449707,0.983005366726297
2725,644.1368412971497,0.010901002759464973,0.0013409852981567383,0.0004353046417236328,0.0003937959671020508,0.983005366726297
2730,645.3260819911957,0.04045892597148963,0.0016491174697875976,0.00044667720794677734,0.0004472255706787109,0.9838998211091234
2735,646.5182981491089,0.011368256033171065,0.001992487907409668,0.00042209625244140627,0.00043745040893554686,0.9838998211091234
2740,647.7091290950775,0.011172306225678597,0.0017342090606689454,0.00046844482421875,0.0004180192947387695,0.9838998211091234
2745,648.895555973053,0.16842019316800644,0.00156402587890625,0.0004249095916748047,0.00044443607330322263,0.9874776386404294
2750,650.0711460113525,0.03236522344095647,0.0016667366027832032,0.0004287004470825195,0.00041689872741699217,0.9901610017889088
2755,651.2949669361115,0.013258293854141812,0.0015464067459106446,0.0004428863525390625,0.0004012584686279297,0.9919499105545617
2760,652.4686119556427,0.01199662861339732,0.0016314983367919922,0.0004646539688110352,0.00038154125213623046,0.9919499105545617
2765,653.6280202865601,0.004553704656815682,0.0017518281936645507,0.0004504680633544922,0.00041348934173583983,0.9919499105545617
2770,654.8009400367737,3.626663019673515e-05,0.00156402587890625,0.0004249095916748047,0.00039825439453125,0.9919499105545617
2775,655.9759950637817,0.0042191953551096615,0.0016491174697875976,0.00044667720794677734,0.00042273998260498045,0.9928443649373881
2780,657.1396379470825,0.007805870302763651,0.0014436960220336914,0.00043909549713134767,0.00040884017944335936,0.9928443649373881
2785,658.3051161766052,0.022074404440354557,0.0014613151550292968,0.00042111873626708983,0.0004215717315673828,0.9928443649373881
2790,659.4770641326904,0.38624568223476674,0.0014260768890380859,0.00045707225799560545,0.0004031896591186523,0.9937388193202147
2795,660.6399381160736,0.008754650799096453,0.0016314983367919922,0.0004646539688110352,0.0004332780838012695,0.9937388193202147