#{"solver": {"engine": {"type": "ExactEngine"}, "semiring": "GraphSemiring"}, "networks": [{"name": "perc_net_version_0_NeSy_1", "module": "AD_V0_NeSy_1_net(\n  (conv1): Conv2d(3, 6, kernel_size=(5, 5), stride=(1, 1))\n  (pool): MaxPool2d(kernel_size=2, stride=2, padding=0, dilation=1, ceil_mode=False)\n  (conv2): Conv2d(6, 16, kernel_size=(5, 5), stride=(1, 1))\n  (fc1): Linear(in_features=400, out_features=120, bias=True)\n  (fc2): Linear(in_features=120, out_features=84, bias=True)\n  (fc3): Linear(in_features=84, out_features=4, bias=True)\n  (softmax): Softmax(dim=-1)\n)", "optimizer": "Adam (\nParameter Group 0\n    amsgrad: False\n    betas: (0.9, 0.999)\n    capturable: False\n    differentiable: False\n    eps: 1e-08\n    foreach: None\n    fused: None\n    lr: 0.001\n    maximize: False\n    weight_decay: 0\n)", "k": null}], "program": "nn(perc_net_version_0_NeSy_1,[Img],X,[0, 1, 2, 3])::cell(Img,X).\nattention_boundary(X) :- X==1.\nenlarged_boundary(X) :- X==2.\nout_of_view(X) :- X==0; X==3.\naction(Img,1) :- cell(Img,X1), attention_boundary(X1).\naction(Img,2) :- cell(Img,X2), enlarged_boundary(X2), \\+action(Img,1).\naction(Img,0) :- cell(Img,X3), out_of_view(X3), \\+action(Img,2), \\+action(Img,1).\n"}
#Accuracy 0.9761904761904762
i,time,loss,ground_time,compile_time,eval_time,accuracy
5,0.03504300117492676,0.9991418659687042,0.0011484861373901368,0.000301051139831543,0.0004065513610839844,0.32142857142857145
10,0.1403648853302002,1.0969472706317902,0.0018097400665283204,0.0004590749740600586,0.0004261016845703125,0.32142857142857145
15,0.2429981231689453,1.175357449054718,0.001530599594116211,0.0004210472106933594,0.00041587352752685546,0.32142857142857145
20,0.3447740077972412,1.0741471827030182,0.0019446611404418945,0.000492715835571289,0.00042412281036376955,0.32142857142857145
25,0.44820499420166016,1.1278301656246186,0.0016686201095581054,0.00044493675231933595,0.0004181861877441406,0.32142857142857145
30,0.5498960018157959,1.0239305198192596,0.0020857810974121093,0.0005068540573120117,0.00042209625244140627,0.32142857142857145
35,0.6508078575134277,1.2215942859649658,0.0013956785202026366,0.00038740634918212893,0.0004219532012939453,0.32142857142857145
40,0.7521848678588867,1.0826055347919463,0.0018004417419433595,0.0004883289337158203,0.0004225015640258789,0.32142857142857145
45,0.8542969226837158,1.1662806928157807,0.0015336990356445313,0.00041129589080810545,0.00040819644927978513,0.32142857142857145
50,0.9533729553222656,1.147789204120636,0.0015336990356445313,0.00041129589080810545,0.00040957927703857424,0.32142857142857145
55,1.0544979572296143,1.0978702425956726,0.001530599594116211,0.0004210472106933594,0.0004358768463134766,0.36904761904761907
60,1.1551899909973145,1.136971378326416,0.0019477605819702148,0.00048296451568603517,0.00043158531188964845,0.36904761904761907
65,1.255134105682373,1.087739312648773,0.001806640625,0.0004688262939453125,0.0004224061965942383,0.32142857142857145
70,1.3556859493255615,1.0309666752815247,0.0020857810974121093,0.0005068540573120117,0.00043256282806396483,0.32142857142857145
75,1.456747055053711,1.1771769523620605,0.0013956785202026366,0.00038740634918212893,0.0004023313522338867,0.32142857142857145
80,1.5590789318084717,1.0417470693588258,0.0019446611404418945,0.000492715835571289,0.0004452705383300781,0.39285714285714285
85,1.6605331897735596,1.0734043955802917,0.0013832807540893554,0.00042641162872314453,0.00041615962982177734,0.36904761904761907
90,1.7608070373535156,1.2050982236862182,0.001539897918701172,0.00039179325103759765,0.0004010200500488281,0.36904761904761907
95,1.8608121871948242,1.0818236947059632,0.0016655206680297851,0.0004546880722045898,0.00041046142578125,0.30952380952380953
100,1.96244215965271,1.059806126356125,0.0016717195510864257,0.000435185432434082,0.00041074752807617186,0.30952380952380953
105,2.063455104827881,1.0654712259769439,0.0018097400665283204,0.0004590749740600586,0.00041539669036865233,0.4642857142857143
110,2.1634681224823,1.0100169837474824,0.0019446611404418945,0.000492715835571289,0.0004178762435913086,0.42857142857142855
115,2.264167070388794,1.0226392865180969,0.0018097400665283204,0.0004590749740600586,0.00040898323059082033,0.47619047619047616
120,2.364259958267212,1.0731462597846986,0.0016717195510864257,0.000435185432434082,0.00040750503540039064,0.6904761904761905
125,2.465696096420288,0.9478883445262909,0.00152130126953125,0.0004503011703491211,0.00040755271911621096,0.5
130,2.567319869995117,1.0865867912769318,0.0015336990356445313,0.00041129589080810545,0.0004032135009765625,0.4523809523809524
135,2.668421983718872,0.9881688237190247,0.0015336990356445313,0.00041129589080810545,0.0004167795181274414,0.7142857142857143
140,2.7703371047973633,0.848340654373169,0.0016686201095581054,0.00044493675231933595,0.0004254579544067383,0.8214285714285714
145,2.8716418743133545,0.8307987689971924,0.0019477605819702148,0.00048296451568603517,0.0004226922988891602,0.8095238095238095
150,2.9736430644989014,0.7543484538793563,0.0016686201095581054,0.00044493675231933595,0.0004222393035888672,0.7976190476190477
155,3.076429843902588,0.4700588725507259,0.0022238016128540037,0.0005307435989379883,0.00042266845703125,0.6428571428571429
160,3.177917003631592,1.0834497794508935,0.0013956785202026366,0.00038740634918212893,0.00040874481201171877,0.7023809523809523
165,3.2795119285583496,0.5398080531507731,0.0018035411834716798,0.0004785776138305664,0.00042045116424560547,0.75
170,3.382101058959961,0.7330473944544792,0.0015275001525878907,0.0004307985305786133,0.00043377876281738283,0.6904761904761905
175,3.4838738441467285,0.6259336113929749,0.0015367984771728516,0.0004015445709228516,0.0004253387451171875,0.6904761904761905
180,3.5849509239196777,0.59587019123137,0.0015275001525878907,0.0004307985305786133,0.0004059791564941406,0.7976190476190477
185,3.6870181560516357,0.5848479025065899,0.0018097400665283204,0.0004590749740600586,0.00041410923004150393,0.8690476190476191
190,3.7880918979644775,0.5130612656474114,0.0018097400665283204,0.0004590749740600586,0.0004250764846801758,0.8809523809523809
195,3.8891239166259766,0.36222580913454294,0.0019446611404418945,0.000492715835571289,0.0004220008850097656,0.8095238095238095
200,3.9899449348449707,0.33870853427797554,0.001674818992614746,0.00042543411254882815,0.00042450428009033203,0.7857142857142857
205,4.0907979011535645,0.8781605204363586,0.001806640625,0.0004688262939453125,0.0004008293151855469,0.7023809523809523
210,4.18991494178772,0.6051710862666368,0.00152130126953125,0.0004503011703491211,0.000399017333984375,0.8690476190476191
215,4.290197134017944,0.6591586507856846,0.001398777961730957,0.000377655029296875,0.00040760040283203123,0.7738095238095238
220,4.390860080718994,0.3182263093069196,0.0018097400665283204,0.0004590749740600586,0.0004296302795410156,0.7261904761904762
225,4.492053031921387,0.56644697857555,0.001530599594116211,0.0004210472106933594,0.00040268898010253906,0.9166666666666666
230,4.592215061187744,0.35628088712692263,0.0019446611404418945,0.000492715835571289,0.000423121452331543,0.8095238095238095
235,4.692806005477905,0.33076560555491596,0.0016686201095581054,0.00044493675231933595,0.000404047966003418,0.8928571428571429
240,4.7914719581604,0.1868541708216071,0.0020857810974121093,0.0005068540573120117,0.0004294395446777344,0.8095238095238095
245,4.89083194732666,0.5796303063689265,0.0013956785202026366,0.00038740634918212893,0.00039942264556884765,0.8095238095238095
250,4.990931034088135,0.37410567709011955,0.0018004417419433595,0.0004883289337158203,0.0004213571548461914,0.9047619047619048
255,5.091361045837402,0.3639168808236718,0.0015336990356445313,0.00041129589080810545,0.0004052639007568359,0.9285714285714286
260,5.190533876419067,0.3515875070355833,0.0015336990356445313,0.00041129589080810545,0.00041921138763427733,0.9285714285714286
265,5.290709018707275,0.3589842866989784,0.001530599594116211,0.0004210472106933594,0.0003987789154052734,0.9047619047619048
270,5.3911261558532715,0.3298202742764261,0.0019477605819702148,0.00048296451568603517,0.0004225254058837891,0.9047619047619048
275,5.503380060195923,0.2515692473076342,0.001806640625,0.0004688262939453125,0.00040328502655029297,0.9642857142857143
280,5.60447096824646,0.1425502856291132,0.0020857810974121093,0.0005068540573120117,0.0004129886627197266,0.8214285714285714
285,5.702595949172974,0.6514061585929085,0.0013956785202026366,0.00038740634918212893,0.0003927946090698242,0.8214285714285714
290,5.801054954528809,0.06132634496734681,0.0019446611404418945,0.000492715835571289,0.0004083395004272461,0.8690476190476191
295,5.899073839187622,0.41058170803589744,0.0013832807540893554,0.00042641162872314453,0.00037932395935058594,0.7857142857142857
300,5.995950937271118,0.2835118662216701,0.001539897918701172,0.00039179325103759765,0.00041353702545166016,0.9047619047619048
305,6.093074083328247,0.1286357186229452,0.0016655206680297851,0.0004546880722045898,0.0003913402557373047,0.9047619047619048
310,6.191157102584839,0.3865504920391231,0.0016717195510864257,0.000435185432434082,0.0003766298294067383,0.9166666666666666
315,6.2895801067352295,0.11807370032111067,0.0018097400665283204,0.0004590749740600586,0.0004056692123413086,0.9642857142857143
320,6.387830018997192,0.32115233684562555,0.0019446611404418945,0.000492715835571289,0.000403594970703125,0.9523809523809523
325,6.485605955123901,0.07381750190579624,0.0018097400665283204,0.0004590749740600586,0.0003937959671020508,0.8452380952380952
330,6.585058927536011,0.3120525033769354,0.0016717195510864257,0.000435185432434082,0.00039432048797607424,0.8928571428571429
335,6.68253493309021,0.3039019252511025,0.00152130126953125,0.0004503011703491211,0.0003713369369506836,0.9523809523809523
340,6.778676986694336,0.1522234897245653,0.0015336990356445313,0.00041129589080810545,0.0003949403762817383,0.8571428571428571
345,6.875279903411865,0.21483320607221684,0.0015336990356445313,0.00041129589080810545,0.00038604736328125,0.8928571428571429
350,6.972105979919434,0.1815742405626281,0.0016686201095581054,0.00044493675231933595,0.0003797054290771484,0.9047619047619048
355,7.069714069366455,0.2841052884858982,0.0019477605819702148,0.00048296451568603517,0.00042145252227783204,0.9642857142857143
360,7.167943000793457,0.1863973487882049,0.0016686201095581054,0.00044493675231933595,0.0003955602645874023,0.9642857142857143
365,7.266993999481201,0.08206993019239235,0.0022238016128540037,0.0005307435989379883,0.00040194988250732424,0.9166666666666666
370,7.364645004272461,0.11775006707612193,0.0013956785202026366,0.00038740634918212893,0.00039267539978027344,0.9404761904761905
375,7.460759878158569,0.3325644921627145,0.0018035411834716798,0.0004785776138305664,0.0003769159317016602,0.9761904761904762
380,7.557199954986572,0.18064094926594407,0.0015275001525878907,0.0004307985305786133,0.00039904117584228517,0.8214285714285714
385,7.6533122062683105,0.16710447999194003,0.0015367984771728516,0.0004015445709228516,0.00038578510284423826,0.9642857142857143
390,7.749156951904297,0.09558665897784949,0.0015275001525878907,0.0004307985305786133,0.0003851413726806641,0.9404761904761905
395,7.847489833831787,0.27247378246761683,0.0018097400665283204,0.0004590749740600586,0.0003996610641479492,0.9642857142857143
400,7.944504976272583,0.02502329285199494,0.0018097400665283204,0.0004590749740600586,0.0003830909729003906,0.9642857142857143
405,8.040343046188354,0.24049705285397635,0.0019446611404418945,0.000492715835571289,0.00038900375366210935,0.9761904761904762
410,8.136674880981445,0.03756593961920771,0.001674818992614746,0.00042543411254882815,0.0003911495208740234,0.9047619047619048
415,8.233679056167603,0.1537139420995345,0.001806640625,0.0004688262939453125,0.0003880500793457031,0.9166666666666666
420,8.331197023391724,0.24705447922970053,0.00152130126953125,0.0004503011703491211,0.0004086494445800781,0.9285714285714286
425,8.427223205566406,0.2836510637018364,0.001398777961730957,0.000377655029296875,0.0003937959671020508,0.9642857142857143
430,8.524012804031372,0.0713310400959017,0.0018097400665283204,0.0004590749740600586,0.0003949880599975586,0.9404761904761905
435,8.621031045913696,0.0557828335659238,0.001530599594116211,0.0004210472106933594,0.00036761760711669924,0.9047619047619048
440,8.716899871826172,0.1610648198811134,0.0019446611404418945,0.000492715835571289,0.0004059314727783203,0.9285714285714286
445,8.813697814941406,0.24626319102153787,0.0016686201095581054,0.00044493675231933595,0.00038344860076904296,0.9404761904761905
450,8.910505056381226,0.28203255865531673,0.0020857810974121093,0.0005068540573120117,0.00039782524108886717,0.9761904761904762
455,9.00775694847107,0.067456483189045,0.0013956785202026366,0.00038740634918212893,0.00040018558502197266,0.9285714285714286
460,9.105087995529175,0.30695358043140003,0.0018004417419433595,0.0004883289337158203,0.00038156509399414065,0.9285714285714286
465,9.200780868530273,0.24296841412142384,0.0015336990356445313,0.00041129589080810545,0.00040471553802490234,0.9285714285714286
470,9.298691987991333,0.1610481011367483,0.0015336990356445313,0.00041129589080810545,0.0004010200500488281,0.9761904761904762
475,9.394227027893066,0.09166387762306841,0.001530599594116211,0.0004210472106933594,0.0003739595413208008,0.9642857142857143
480,9.490678787231445,0.17636498609572443,0.0019477605819702148,0.00048296451568603517,0.00040924549102783203,0.9404761904761905
485,9.588040113449097,0.14490742479392793,0.001806640625,0.0004688262939453125,0.00039401054382324217,0.9523809523809523
490,9.683703899383545,0.29553663520820805,0.0020857810974121093,0.0005068540573120117,0.00041577816009521487,0.9523809523809523
495,9.779887914657593,0.0625092758440644,0.0013956785202026366,0.00038740634918212893,0.0003669500350952148,0.9761904761904762
500,9.875351905822754,0.20347740770739903,0.0019446611404418945,0.000492715835571289,0.00037021636962890624,0.9642857142857143
505,9.970931053161621,0.2488425699075151,0.0013832807540893554,0.00042641162872314453,0.0003799915313720703,0.9404761904761905
510,10.067831993103027,0.06260556178718843,0.001539897918701172,0.00039179325103759765,0.0003846883773803711,0.9761904761904762
515,10.164759159088135,0.0903368700148576,0.0016655206680297851,0.0004546880722045898,0.0003709316253662109,0.9642857142857143
520,10.25885796546936,0.20816155014476861,0.0016717195510864257,0.000435185432434082,0.0003955602645874023,0.9523809523809523
525,10.354341983795166,0.02793963305230136,0.0018097400665283204,0.0004590749740600586,0.00036644935607910156,0.8928571428571429
530,10.449697971343994,0.44656198517796214,0.0019446611404418945,0.000492715835571289,0.000381779670715332,0.9523809523809523
535,10.545216083526611,0.03003548731467447,0.0018097400665283204,0.0004590749740600586,0.00039272308349609376,0.9523809523809523
540,10.6407790184021,0.04588058104564681,0.0016717195510864257,0.000435185432434082,0.0003918647766113281,0.9404761904761905
545,10.736968040466309,0.22935035601589107,0.00152130126953125,0.0004503011703491211,0.00037577152252197263,0.9523809523809523
550,10.833136081695557,0.10964180199443944,0.0015336990356445313,0.00041129589080810545,0.00040748119354248045,0.9523809523809523
555,10.928410053253174,0.0763452808517286,0.0015336990356445313,0.00041129589080810545,0.0003799915313720703,0.8571428571428571
560,11.02500319480896,0.0911848203435511,0.0016686201095581054,0.00044493675231933595,0.0003731012344360352,0.9404761904761905
565,11.120256185531616,0.22031521855296887,0.0019477605819702148,0.00048296451568603517,0.00039882659912109374,0.9642857142857143
570,11.215553045272827,0.08203848103985364,0.0016686201095581054,0.00044493675231933595,0.0003921747207641602,0.9761904761904762
575,11.311729907989502,0.07374128178486501,0.0022238016128540037,0.0005307435989379883,0.0003943443298339844,0.9285714285714286
580,11.408268928527832,0.038849435646170605,0.0013956785202026366,0.00038740634918212893,0.0003917694091796875,0.9285714285714286
585,11.550700187683105,0.268814628870345,0.0018035411834716798,0.0004785776138305664,0.0003726720809936523,0.9404761904761905
590,11.647010803222656,0.054453781872874175,0.0015275001525878907,0.0004307985305786133,0.00039424896240234373,0.9761904761904762
595,11.7430419921875,0.029918122528493997,0.0015367984771728516,0.0004015445709228516,0.0003754854202270508,0.9642857142857143
600,11.838892221450806,0.020921141106737196,0.0015275001525878907,0.0004307985305786133,0.00037083625793457033,0.9642857142857143
605,11.93467402458191,0.1383885599705536,0.0018097400665283204,0.0004590749740600586,0.00040545463562011717,0.9642857142857143
610,12.03183102607727,0.013128698368382175,0.0018097400665283204,0.0004590749740600586,0.0003902435302734375,0.9642857142857143
615,12.128169059753418,0.35336613202048284,0.0019446611404418945,0.000492715835571289,0.0003801107406616211,0.9761904761904762
620,12.223112106323242,0.04005927332755164,0.001674818992614746,0.00042543411254882815,0.0003806114196777344,0.9761904761904762
625,12.32067322731018,0.12290061711170494,0.001806640625,0.0004688262939453125,0.00037009716033935546,0.9404761904761905
630,12.418278932571411,0.12185494977348413,0.00152130126953125,0.0004503011703491211,0.00039417743682861327,0.9285714285714286
635,12.516362190246582,0.25585159295669657,0.001398777961730957,0.000377655029296875,0.0003952980041503906,0.9761904761904762
640,12.613359928131104,0.02877702707884282,0.0018097400665283204,0.0004590749740600586,0.00039780139923095703,0.9642857142857143
645,12.709465980529785,0.026411803516066357,0.001530599594116211,0.0004210472106933594,0.00036420822143554685,0.9642857142857143
650,12.804357051849365,0.16330525752000682,0.0019446611404418945,0.000492715835571289,0.00039446353912353516,0.9642857142857143
655,12.8992018699646,0.15684946834790026,0.0016686201095581054,0.00044493675231933595,0.00037043094635009767,0.9642857142857143
660,12.99525785446167,0.32389230904122995,0.0020857810974121093,0.0005068540573120117,0.0004062175750732422,0.9642857142857143
665,13.092304944992065,0.042552791037724094,0.0013956785202026366,0.00038740634918212893,0.0003813266754150391,0.9642857142857143
670,13.188512086868286,0.23272898409425408,0.0018004417419433595,0.0004883289337158203,0.0004083395004272461,0.9761904761904762
675,13.285324096679688,0.04886395701078072,0.0015336990356445313,0.00041129589080810545,0.00038111209869384766,0.9880952380952381
680,13.38129210472107,0.026774069507023057,0.0015336990356445313,0.00041129589080810545,0.0003823757171630859,0.9880952380952381
685,13.477418184280396,0.06153230192317238,0.001530599594116211,0.0004210472106933594,0.00035893917083740234,0.9642857142857143
690,13.573452234268188,0.2508555299141122,0.0019477605819702148,0.00048296451568603517,0.0003988981246948242,0.9642857142857143
695,13.669391870498657,0.17590689786547956,0.001806640625,0.0004688262939453125,0.00037715435028076174,0.9523809523809523
700,13.764348983764648,0.2000147052164209,0.0020857810974121093,0.0005068540573120117,0.0003710269927978516,0.9761904761904762
705,13.859845876693726,0.04137816754287087,0.0013956785202026366,0.00038740634918212893,0.0003968954086303711,0.9642857142857143
710,13.957427978515625,0.14454641222558565,0.0019446611404418945,0.000492715835571289,0.00038259029388427735,0.9761904761904762
715,14.057343006134033,0.1927523240054171,0.0013832807540893554,0.00042641162872314453,0.0004093647003173828,0.9761904761904762
720,14.15520691871643,0.1016677899999479,0.001539897918701172,0.00039179325103759765,0.00039484500885009763,0.9761904761904762
725,14.252947092056274,0.08731484205932531,0.0016655206680297851,0.0004546880722045898,0.0003867387771606445,0.9642857142857143
730,14.350892782211304,0.15411951263962465,0.0016717195510864257,0.000435185432434082,0.0003928661346435547,0.9642857142857143
735,14.448720932006836,0.03259292264376654,0.0018097400665283204,0.0004590749740600586,0.0003981590270996094,0.9642857142857143
740,14.546031951904297,0.1510909478646809,0.0019446611404418945,0.000492715835571289,0.000381922721862793,0.9880952380952381
745,14.642422914505005,0.016559368482565163,0.0018097400665283204,0.0004590749740600586,0.0003889799118041992,0.9404761904761905
750,14.739948987960815,0.02304446293323963,0.0016717195510864257,0.000435185432434082,0.0003829479217529297,0.9166666666666666
755,14.835361003875732,0.19215271327157096,0.00152130126953125,0.0004503011703491211,0.0003818511962890625,0.9761904761904762
760,14.931142091751099,0.07047413459524421,0.0015336990356445313,0.00041129589080810545,0.0003914833068847656,0.9642857142857143
765,15.027508974075317,0.007661615706710733,0.0015336990356445313,0.00041129589080810545,0.00035543441772460936,0.9166666666666666
770,15.121654987335205,0.00993058849126811,0.0016686201095581054,0.00044493675231933595,0.0003759145736694336,0.9047619047619048
775,15.219270944595337,0.2612628496847492,0.0019477605819702148,0.00048296451568603517,0.0003969907760620117,0.9761904761904762
780,15.312895059585571,0.11071709413199785,0.0016686201095581054,0.00044493675231933595,0.00038847923278808596,0.9761904761904762
785,15.405928134918213,0.06267328728796998,0.0022238016128540037,0.0005307435989379883,0.0003908395767211914,0.9761904761904762
790,15.499871015548706,0.013676640233921945,0.0013956785202026366,0.00038740634918212893,0.00037403106689453124,0.9761904761904762
795,15.596247911453247,0.1649343932402431,0.0018035411834716798,0.0004785776138305664,0.0003742218017578125,0.9523809523809523
800,15.694001913070679,0.21301932942037638,0.0015275001525878907,0.0004307985305786133,0.00040514469146728515,0.9761904761904762
805,15.79099988937378,0.019968487856881722,0.0015367984771728516,0.0004015445709228516,0.0003793001174926758,0.9642857142857143
810,15.886847019195557,0.021367882006376248,0.0015275001525878907,0.0004307985305786133,0.00036869049072265627,0.9642857142857143
815,15.98372483253479,0.13283116729148786,0.0018097400665283204,0.0004590749740600586,0.0003976106643676758,0.9761904761904762
820,16.080698013305664,0.011523350712560897,0.0018097400665283204,0.0004590749740600586,0.00039267539978027344,0.9761904761904762
825,16.176149129867554,0.2366526708017787,0.0019446611404418945,0.000492715835571289,0.00038123130798339844,0.9761904761904762
830,16.269760131835938,0.013110499972995626,0.001674818992614746,0.00042543411254882815,0.0003527164459228516,0.9761904761904762
835,16.3640239238739,0.1718036807218141,0.001806640625,0.0004688262939453125,0.000377964973449707,0.9880952380952381
840,16.459537029266357,0.11968575933388052,0.00152130126953125,0.0004503011703491211,0.00038845539093017577,0.9761904761904762