#{"solver": {"engine": {"type": "ExactEngine"}, "semiring": "GraphSemiring"}, "networks": [{"name": "perc_net_version_0_NeSy_0", "module": "AD_V0_NeSy_0_net(\n  (image_features): Sequential(\n    (0): Conv2d(3, 6, kernel_size=(5, 5), stride=(1, 1))\n    (1): ReLU()\n    (2): MaxPool2d(kernel_size=2, stride=2, padding=0, dilation=1, ceil_mode=False)\n    (3): Conv2d(6, 16, kernel_size=(5, 5), stride=(1, 1))\n    (4): ReLU()\n    (5): MaxPool2d(kernel_size=2, stride=2, padding=0, dilation=1, ceil_mode=False)\n    (6): Flatten(start_dim=0, end_dim=2)\n    (7): Linear(in_features=400, out_features=120, bias=True)\n    (8): ReLU()\n    (9): Linear(in_features=120, out_features=84, bias=True)\n    (10): ReLU()\n    (11): Linear(in_features=84, out_features=16, bias=True)\n    (12): ReLU()\n  )\n  (numeric_features): Sequential(\n    (0): Linear(in_features=1, out_features=4, bias=True)\n    (1): ReLU()\n    (2): Linear(in_features=4, out_features=4, bias=True)\n    (3): ReLU()\n  )\n  (combined_features): Sequential(\n    (0): Linear(in_features=20, out_features=16, bias=True)\n    (1): ReLU()\n    (2): Linear(in_features=16, out_features=2, bias=True)\n    (3): Softmax(dim=-1)\n  )\n)", "optimizer": "Adam (\nParameter Group 0\n    amsgrad: False\n    betas: (0.9, 0.999)\n    capturable: False\n    differentiable: False\n    eps: 1e-08\n    foreach: None\n    fused: None\n    lr: 0.001\n    maximize: False\n    weight_decay: 0\n)", "k": null}], "program": "coord(X) :- X=0.0; X=1.0; X=2.0; X=3.0.\nadmissible_cells(X) :- coord(X).\nnn(perc_net_version_0_NeSy_0,[Img, X],Z,[human, nothing])::cell(Img,X,Z).\nattention_boundary(X) :- X==1.0.\nenlarged_boundary(X) :- X==2.0.\nout_of_view(X) :- X==0.0; X==3.0.\naction(Img,1) :- admissible_cells(X), attention_boundary(X), cell(Img,X,human).\naction(Img,2) :- admissible_cells(X), enlarged_boundary(X), cell(Img,X,human), \\+action(Img,1).\naction(Img,0) :- admissible_cells(X), out_of_view(X), \\+action(Img,2), \\+action(Img,1).\n"}
#Accuracy 0.9869186046511628
i,time,loss,ground_time,compile_time,eval_time,accuracy
5,0.049596309661865234,1.0137251257896422,0.0015961885452270507,0.0005531787872314453,0.00019297599792480468,0.32703488372093026
10,0.8697872161865234,1.2021312654018401,0.001960611343383789,0.0005919456481933594,0.00016467571258544923,0.32703488372093026
15,1.7213711738586426,1.104481714963913,0.0017884254455566406,0.0004241943359375,0.00015604496002197266,0.32703488372093026
20,2.530811309814453,1.2046538293361664,0.002106595039367676,0.0006025791168212891,0.00017242431640625,0.32703488372093026
25,3.3266191482543945,1.0128112077713012,0.001762223243713379,0.0002670764923095703,0.00013580322265625,0.32703488372093026
30,4.1272711753845215,1.3373713731765746,0.002072906494140625,0.0008329391479492187,0.00017850399017333985,0.32703488372093026
35,4.937274217605591,1.0230385899543761,0.0020541906356811523,0.0002883434295654297,0.00018482208251953126,0.32703488372093026
40,5.747494220733643,1.291900449991226,0.0021327972412109376,0.0007596969604492188,0.00017876625061035155,0.32703488372093026
45,6.564434289932251,1.0626579403877259,0.00199429988861084,0.00036158561706542967,0.00016493797302246093,0.32703488372093026
50,7.389332294464111,1.102751326560974,0.0016424417495727538,0.0004135608673095703,0.00014581680297851563,0.32703488372093026
55,8.21123719215393,1.2436816215515136,0.0020467042922973633,0.000675821304321289,0.0001678466796875,0.32703488372093026
60,9.02672004699707,1.1093369960784911,0.002080392837524414,0.0004454612731933594,0.00017611980438232423,0.32703488372093026
65,9.87543511390686,1.0130043029785156,0.0019082069396972657,0.0002777099609375,0.0001604318618774414,0.32703488372093026
70,10.762516260147095,1.180264687538147,0.0018146276473999024,0.0005813121795654296,0.00016667842864990235,0.32703488372093026
75,11.573009252548218,1.1363298535346984,0.002166485786437988,0.000529336929321289,0.00016057491302490234,0.5261627906976745
80,12.36900019645691,1.0275737404823304,0.0021402835845947266,0.0003722190856933594,0.0001591920852661133,0.5406976744186046
85,13.159383058547974,0.9886517286300659,0.001762223243713379,0.0002670764923095703,0.00013859272003173827,0.5043604651162791
90,13.996012210845947,1.094715964794159,0.0018745183944702149,0.0005080699920654297,0.00015158653259277343,0.561046511627907
95,14.79434323310852,1.090349304676056,0.001848316192626953,0.0003509521484375,0.00013952255249023439,0.39680232558139533
100,15.599659204483032,1.0642005920410156,0.002080392837524414,0.0004454612731933594,0.00017426013946533203,0.5581395348837209
105,16.400663137435913,1.154182767868042,0.0016686439514160157,0.0005706787109375,0.00012946128845214844,0.559593023255814
110,17.21402335166931,0.9409382402896881,0.00199429988861084,0.00036158561706542967,0.00014741420745849608,0.565406976744186
115,18.05314826965332,1.1518125057220459,0.0017285346984863281,0.0004974365234375,0.00019159317016601563,0.5668604651162791
120,19.02063012123108,0.9487898647785187,0.002080392837524414,0.0004454612731933594,0.0002290487289428711,0.5668604651162791
125,19.89248013496399,0.8302453070878982,0.0019344091415405273,0.0004348278045654297,0.00015673637390136718,0.565406976744186
130,20.759841203689575,0.6158302798867226,0.00199429988861084,0.00036158561706542967,0.00019752979278564453,0.563953488372093
135,21.62060809135437,0.7671551525592804,0.0017884254455566406,0.0004241943359375,0.00017910003662109376,0.5581395348837209
140,22.473791360855103,0.8997997174039483,0.0015825510025024414,0.0004868030548095703,0.00016398429870605468,0.559593023255814
145,23.311683177947998,1.047430156171322,0.001522660255432129,0.0005600452423095703,0.0001339435577392578,0.5683139534883721
150,24.1267192363739,0.6419282801361987,0.0017884254455566406,0.0004241943359375,0.00015468597412109374,0.5334302325581395
155,24.94620418548584,0.6088029494741931,0.0019344091415405273,0.0004348278045654297,0.0001530170440673828,0.5218023255813954
160,25.765507221221924,0.639149410778191,0.001848316192626953,0.0003509521484375,0.00015664100646972656,0.5363372093023255
165,26.563512086868286,0.8403754393977578,0.001960611343383789,0.0005919456481933594,0.0001611471176147461,0.5319767441860465
170,27.363625288009644,0.5802189801179338,0.0019344091415405273,0.0004348278045654297,0.00016348361968994142,0.5276162790697675
175,28.179755210876465,0.6705556184053421,0.001410365104675293,0.00031905174255371095,0.00013511180877685548,0.5232558139534884
180,29.03263831138611,0.5361532295588404,0.00199429988861084,0.00036158561706542967,0.00017528533935546876,0.5334302325581395
185,29.86575412750244,0.7505284391343594,0.0014964580535888673,0.0004029273986816406,0.00013608932495117186,0.5348837209302325
190,30.692251205444336,0.720774909836473,0.0019344091415405273,0.0004348278045654297,0.00016663074493408203,0.5436046511627907
195,31.512827157974243,0.8832299198078545,0.0022525787353515625,0.0006132125854492188,0.00017676353454589843,0.5901162790697675
200,32.332927227020264,0.7359821725990287,0.0019344091415405273,0.0004348278045654297,0.00016863346099853515,0.5930232558139535
205,33.13303828239441,0.904625792655861,0.002106595039367676,0.0006025791168212891,0.00016803741455078124,0.5915697674418605
210,33.93608331680298,0.9741661809384823,0.0017547369003295898,0.0006545543670654297,0.00018775463104248047,0.5930232558139535
215,34.83199715614319,0.4700535804766332,0.0016162395477294922,0.0002564430236816406,0.0001536846160888672,0.5915697674418605
220,35.6712121963501,0.8522132233033062,0.0018146276473999024,0.0005813121795654296,0.00016469955444335936,0.5915697674418605
225,36.47407007217407,0.7184431894442241,0.0018745183944702149,0.0005080699920654297,0.0001504659652709961,0.5915697674418605
230,37.26252818107605,0.6010569844394922,0.0015563488006591797,0.0003296852111816406,0.0001415729522705078,0.5959302325581395
235,38.07157301902771,0.8244999386370295,0.002106595039367676,0.0006025791168212891,0.00016911029815673827,0.5944767441860465
240,38.886961221694946,0.654229272576049,0.001968097686767578,0.0002044677734375,0.00015103816986083984,0.5973837209302325
245,39.6845440864563,0.754904343187809,0.0017884254455566406,0.0004241943359375,0.0001444578170776367,0.6017441860465116
250,40.50932025909424,0.7837602014653384,0.0017285346984863281,0.0004974365234375,0.0001536846160888672,0.6002906976744186
255,41.33204507827759,1.2906620740890502,0.002072906494140625,0.0008329391479492187,0.00018317699432373046,0.6046511627906976
260,42.13320517539978,0.5311332706362009,0.0015563488006591797,0.0003296852111816406,0.00012438297271728517,0.6061046511627907
265,42.92334318161011,0.2603645299561322,0.002114081382751465,0.0002151012420654297,0.00014700889587402344,0.6075581395348837
270,43.7621591091156,0.5146354127704399,0.00199429988861084,0.00036158561706542967,0.00015006065368652343,0.6061046511627907
275,44.55013132095337,0.5927107729949057,0.0017285346984863281,0.0004974365234375,0.00014088153839111328,0.6031976744186046
280,45.341065406799316,0.598335459921509,0.0019344091415405273,0.0004348278045654297,0.00015549659729003907,0.6061046511627907
285,46.132402181625366,0.8602046766667627,0.0015825510025024414,0.0004868030548095703,0.00013132095336914061,0.6075581395348837
290,46.92372512817383,0.5595619220461231,0.0017884254455566406,0.0004241943359375,0.00014190673828125,0.6090116279069767
295,47.71653127670288,0.7395725856535137,0.0017285346984863281,0.0004974365234375,0.00014109611511230468,0.6090116279069767
300,48.51381516456604,0.8682944207452238,0.002080392837524414,0.0004454612731933594,0.00015447139739990234,0.6119186046511628
305,49.29505205154419,0.5784510034602135,0.0019344091415405273,0.0004348278045654297,0.00015516281127929686,0.6177325581395349
310,50.082327127456665,0.7403915721923113,0.0018745183944702149,0.0005080699920654297,0.00014133453369140624,0.6046511627906976
315,50.86804509162903,0.6102869812864811,0.0017023324966430665,0.00034031867980957033,0.0001331329345703125,0.6017441860465116
320,51.65229105949402,0.6777717981487512,0.0017285346984863281,0.0004974365234375,0.00014712810516357422,0.6046511627906976
325,52.442445039749146,0.6091350060887635,0.0016424417495727538,0.0004135608673095703,0.0001499176025390625,0.6119186046511628
330,53.22797727584839,0.8992331268209682,0.0019007205963134765,0.0006651878356933594,0.00014197826385498047,0.6090116279069767
335,54.013742208480835,0.4585825965740497,0.002080392837524414,0.0004454612731933594,0.0001535177230834961,0.6075581395348837
340,54.81917905807495,0.2344812166411458,0.0013841629028320313,0.00016193389892578126,0.00013227462768554686,0.6046511627906976
345,55.66062307357788,0.9597431659698487,0.0019007205963134765,0.0006651878356933594,0.00016355514526367188,0.6031976744186046
350,56.511317014694214,0.8256711871829282,0.0020467042922973633,0.000675821304321289,0.0001861095428466797,0.6061046511627907
355,57.36227321624756,0.5490399147199241,0.0018745183944702149,0.0005080699920654297,0.00017490386962890626,0.6075581395348837
360,58.235026359558105,0.728386595397842,0.0018146276473999024,0.0005813121795654296,0.00017220973968505858,0.6177325581395349
365,59.033162117004395,0.8005712469632271,0.0019344091415405273,0.0004348278045654297,0.0001712799072265625,0.6177325581395349
370,59.83882808685303,0.4957622687332332,0.0019344091415405273,0.0004348278045654297,0.00015101432800292968,0.625
375,60.66516304016113,1.0880796618759632,0.0019868135452270506,0.0007490634918212891,0.00017325878143310548,0.625
380,61.47895431518555,1.1961296856403352,0.0022001743316650392,0.0002989768981933594,0.00016851425170898436,0.623546511627907
385,62.29828715324402,1.0179393887519836,0.0021327972412109376,0.0007596969604492188,0.0001841306686401367,0.6133720930232558
390,63.10854125022888,0.37437376379966736,0.0019082069396972657,0.0002777099609375,0.00014653205871582032,0.5988372093023255
395,63.909128189086914,1.1079284638166427,0.0016686439514160157,0.0005706787109375,0.00014815330505371093,0.5944767441860465
400,64.72234010696411,1.502969168126583,0.001960611343383789,0.0005919456481933594,0.00017180442810058594,0.6031976744186046
405,65.53790998458862,0.47938216685148516,0.002226376533508301,0.00045609474182128906,0.00017795562744140624,0.6133720930232558
410,66.35509514808655,0.2601745351450518,0.001762223243713379,0.0002670764923095703,0.00013964176177978517,0.6119186046511628
415,67.1738350391388,0.7178005290566958,0.001960611343383789,0.0005919456481933594,0.00016758441925048828,0.6177325581395349
420,67.99019527435303,0.5824484847487383,0.0020205020904541016,0.0005187034606933594,0.00017728805541992188,0.6206395348837209
425,68.79929423332214,0.22970880555333223,0.0020541906356811523,0.0002883434295654297,0.0001458883285522461,0.6191860465116279
430,69.59678721427917,0.416430708768894,0.00199429988861084,0.00036158561706542967,0.00016357898712158204,0.623546511627907
435,70.39562916755676,0.6148923312313854,0.0017884254455566406,0.0004241943359375,0.000140380859375,0.623546511627907
440,71.18939518928528,0.7577950208447873,0.00199429988861084,0.00036158561706542967,0.0001519918441772461,0.6177325581395349
445,71.97611212730408,0.8432589497882873,0.0019344091415405273,0.0004348278045654297,0.0001498699188232422,0.623546511627907
450,72.81236124038696,0.7233503956289496,0.0016686439514160157,0.0005706787109375,0.00014493465423583984,0.6148255813953488
455,73.59776425361633,0.7174733641695639,0.0019344091415405273,0.0004348278045654297,0.00015201568603515626,0.6104651162790697
460,74.38900136947632,0.7737533543258905,0.0017884254455566406,0.0004241943359375,0.00015285015106201172,0.6061046511627907
465,75.18293237686157,0.5536998619908218,0.002166485786437988,0.000529336929321289,0.00015816688537597656,0.6046511627906976
470,75.97487306594849,0.4980197078552237,0.0019344091415405273,0.0004348278045654297,0.0001472949981689453,0.6046511627906976
475,76.756108045578,0.2885280856876335,0.0019082069396972657,0.0002777099609375,0.0001428365707397461,0.6119186046511628
480,77.5482702255249,0.5207381366577465,0.0016424417495727538,0.0004135608673095703,0.00013306140899658204,0.6061046511627907
485,78.34013843536377,0.8386707714758828,0.0017547369003295898,0.0006545543670654297,0.00014574527740478515,0.6090116279069767
490,79.12902116775513,0.46896174624562265,0.0014964580535888673,0.0004029273986816406,0.00012962818145751954,0.6104651162790697
495,79.91383028030396,0.6163249653531266,0.0017884254455566406,0.0004241943359375,0.00013914108276367188,0.6191860465116279
500,80.70450830459595,0.4530060817882259,0.0019344091415405273,0.0004348278045654297,0.0001453399658203125,0.6177325581395349
505,81.49694633483887,0.5944451298913975,0.0017884254455566406,0.0004241943359375,0.00013127326965332032,0.6177325581395349
510,82.2866313457489,0.6421997338533402,0.0020205020904541016,0.0005187034606933594,0.00015523433685302735,0.6177325581395349
515,83.07763314247131,0.6117902796482667,0.0020205020904541016,0.0005187034606933594,0.00016014575958251954,0.6191860465116279
520,83.87255430221558,0.2611398291657679,0.0014702558517456054,0.00024580955505371094,0.0001329183578491211,0.6162790697674418
525,84.66387820243835,0.38097672662697735,0.0017884254455566406,0.0004241943359375,0.00014374256134033203,0.6148255813953488
530,85.44502520561218,0.4301265927730128,0.0015563488006591797,0.0003296852111816406,0.0001361370086669922,0.6162790697674418
535,86.23776006698608,0.5821526661515251,0.0020205020904541016,0.0005187034606933594,0.00015969276428222655,0.6148255813953488
540,87.07123303413391,0.6826362920721294,0.002312469482421875,0.0005399703979492188,0.00017518997192382811,0.6162790697674418
545,87.85776734352112,0.6776995111838915,0.0017285346984863281,0.0004974365234375,0.00014531612396240234,0.6148255813953488
550,88.65046405792236,0.7476294010411948,0.002106595039367676,0.0006025791168212891,0.00017745494842529296,0.6119186046511628
555,89.44438338279724,0.6622319541871547,0.0016686439514160157,0.0005706787109375,0.00014691352844238282,0.6133720930232558
560,90.23446726799011,0.36424661135533826,0.001762223243713379,0.0002670764923095703,0.00013327598571777344,0.6133720930232558
565,91.02577614784241,0.6707372292541549,0.0018146276473999024,0.0005813121795654296,0.0001482725143432617,0.6133720930232558
570,91.81503629684448,0.6602179987501586,0.0018745183944702149,0.0005080699920654297,0.0001529693603515625,0.6119186046511628
575,92.6102602481842,0.5571519344681292,0.0016424417495727538,0.0004135608673095703,0.00014162063598632812,0.6191860465116279
580,93.39987421035767,1.3247250739950687,0.0020205020904541016,0.0005187034606933594,0.00016751289367675782,0.6191860465116279
585,94.17942810058594,0.2211434921813634,0.001968097686767578,0.0002044677734375,0.00014591217041015625,0.625
590,94.97559332847595,0.6464646145701408,0.0016424417495727538,0.0004135608673095703,0.00014050006866455077,0.6322674418604651
595,95.76794815063477,0.750927145514288,0.0019007205963134765,0.0006651878356933594,0.00015604496002197266,0.6293604651162791
600,96.55746030807495,1.0188872566446663,0.0019007205963134765,0.0006651878356933594,0.0001572847366333008,0.627906976744186
605,97.34204626083374,0.3319678557105362,0.0017023324966430665,0.00034031867980957033,0.00013508796691894532,0.627906976744186
610,98.131174325943,0.22330710880924015,0.0020541906356811523,0.0002883434295654297,0.0001403331756591797,0.625
615,98.9263072013855,0.3253342732015881,0.00199429988861084,0.00036158561706542967,0.00016603469848632812,0.623546511627907
620,99.73442220687866,0.39765112693421545,0.0017884254455566406,0.0004241943359375,0.00014674663543701172,0.622093023255814
625,100.59919619560242,0.7177539252908914,0.0018745183944702149,0.0005080699920654297,0.00015327930450439453,0.625
630,101.44328713417053,0.6355074601247906,0.0016424417495727538,0.0004135608673095703,0.00014433860778808593,0.627906976744186
635,102.22966408729553,0.44646867865958484,0.0016424417495727538,0.0004135608673095703,0.00013892650604248048,0.6293604651162791
640,103.02620434761047,0.7429708745563403,0.0020205020904541016,0.0005187034606933594,0.00015265941619873046,0.626453488372093
645,103.81506037712097,0.653760326479096,0.002080392837524414,0.0004454612731933594,0.00015468597412109374,0.6308139534883721
650,104.60089540481567,0.5187104156444547,0.0017884254455566406,0.0004241943359375,0.0001387357711791992,0.6337209302325582
655,105.39364814758301,0.6249768375884741,0.001960611343383789,0.0005919456481933594,0.0001461505889892578,0.6322674418604651
660,106.18513202667236,0.34675700960215183,0.001762223243713379,0.0002670764923095703,0.00013387203216552734,0.6337209302325582
665,106.98084926605225,0.6150232890853659,0.0016686439514160157,0.0005706787109375,0.00014433860778808593,0.6351744186046512
670,107.76024127006531,0.5030841870146106,0.0015825510025024414,0.0004868030548095703,0.00014126300811767578,0.6351744186046512
675,108.55390906333923,0.4533583467666176,0.0018745183944702149,0.0005080699920654297,0.00015227794647216798,0.6351744186046512
680,109.34188222885132,0.3944637125765439,0.002080392837524414,0.0004454612731933594,0.00015506744384765624,0.6351744186046512
685,110.12699699401855,0.21668493789984494,0.0013242721557617187,0.00023517608642578124,0.00011746883392333984,0.6351744186046512
690,110.92223119735718,0.7758700340986252,0.0019868135452270506,0.0007490634918212891,0.00016596317291259766,0.6351744186046512
695,111.7265191078186,0.5218707181599711,0.001960611343383789,0.0005919456481933594,0.00016062259674072267,0.6351744186046512
700,112.51892304420471,0.319027805302062,0.0019344091415405273,0.0004348278045654297,0.0001502513885498047,0.6656976744186046
705,113.31352806091309,0.6036820946756052,0.0019007205963134765,0.0006651878356933594,0.00015439987182617188,0.8270348837209303
710,114.10833024978638,0.4775584444405411,0.0017884254455566406,0.0004241943359375,0.00014314651489257812,0.8880813953488372
715,114.89470410346985,0.3183790066459551,0.002080392837524414,0.0004454612731933594,0.00015354156494140625,0.8546511627906976
720,115.73816132545471,0.6754515789070865,0.0020467042922973633,0.000675821304321289,0.0001565694808959961,0.8648255813953488
725,116.52703213691711,0.9102327525615692,0.002080392837524414,0.0004454612731933594,0.000168609619140625,0.7165697674418605
730,117.31567311286926,0.4648973819799721,0.0022525787353515625,0.0006132125854492188,0.00016105175018310547,0.6729651162790697
735,118.10077738761902,0.5919700476806611,0.0016162395477294922,0.0002564430236816406,0.00012204647064208984,0.6715116279069767
740,118.88427639007568,0.8077611407556106,0.001840829849243164,0.0007384300231933593,0.00015625953674316406,0.7616279069767442
745,119.66836309432983,0.38201981633901594,0.0019344091415405273,0.0004348278045654297,0.0001518726348876953,0.8793604651162791
750,120.44927835464478,0.31440827263286336,0.002080392837524414,0.0004454612731933594,0.0001502513885498047,0.9098837209302325
755,121.23296427726746,0.33072785804979643,0.001848316192626953,0.0003509521484375,0.00014286041259765626,0.9156976744186046
760,122.02162718772888,0.5310559798032045,0.0020467042922973633,0.000675821304321289,0.0001712322235107422,0.872093023255814
765,122.80745220184326,0.19339669961482428,0.0021402835845947266,0.0003722190856933594,0.00015163421630859375,0.813953488372093
770,123.60009527206421,0.1416005208651768,0.0020541906356811523,0.0002883434295654297,0.00014541149139404296,0.8270348837209303
775,124.37723231315613,0.3120251835534873,0.001848316192626953,0.0003509521484375,0.00013935565948486328,0.8328488372093024
780,125.16178321838379,0.3692733509131358,0.0016424417495727538,0.0004135608673095703,0.00014147758483886718,0.8590116279069767
785,125.95051527023315,0.7432827613321933,0.0021402835845947266,0.0003722190856933594,0.00016582012176513672,0.8953488372093024
790,126.73380613327026,0.8689347436651588,0.0017884254455566406,0.0004241943359375,0.0001401662826538086,0.9215116279069767
795,127.51606130599976,0.6304725199937821,0.0019007205963134765,0.0006651878356933594,0.0001727581024169922,0.9273255813953488
800,128.30091333389282,0.679757435619831,0.0017884254455566406,0.0004241943359375,0.00014121532440185546,0.9171511627906976
805,129.07646322250366,0.6601103138178587,0.0017884254455566406,0.0004241943359375,0.00014905929565429689,0.9084302325581395
810,129.9063332080841,0.27858209908349635,0.002226376533508301,0.00045609474182128906,0.0001626253128051758,0.8968023255813954
815,130.68540906906128,0.3699578274041414,0.0017884254455566406,0.0004241943359375,0.0001374959945678711,0.8488372093023255
820,131.4648952484131,0.185460453608664,0.0020541906356811523,0.0002883434295654297,0.0001585245132446289,0.813953488372093
825,132.25247931480408,0.42911621566454416,0.0017285346984863281,0.0004974365234375,0.00014066696166992188,0.8066860465116279
830,133.04164123535156,0.47570250331191344,0.0016087532043457032,0.0006439208984375,0.00015003681182861327,0.8473837209302325
835,133.82502722740173,0.9357046619654283,0.0014964580535888673,0.0004029273986816406,0.0001307249069213867,0.8546511627906976
840,134.61603927612305,0.36760707315115726,0.0018745183944702149,0.0005080699920654297,0.00015230178833007811,0.8938953488372093
845,135.39105939865112,0.10570877168938893,0.0019082069396972657,0.0002777099609375,0.00013954639434814452,0.9186046511627907
850,136.1765329837799,0.6150080170249567,0.0017285346984863281,0.0004974365234375,0.00013065338134765625,0.9258720930232558
855,136.96546411514282,0.3217596381902695,0.002226376533508301,0.00045609474182128906,0.00016417503356933594,0.9229651162790697
860,137.75308322906494,0.565976049436722,0.0017285346984863281,0.0004974365234375,0.00014300346374511718,0.8895348837209303
865,138.53515911102295,0.208000229359277,0.0015563488006591797,0.0003296852111816406,0.0001253843307495117,0.8677325581395349
870,139.3224742412567,0.24773026249204122,0.0017884254455566406,0.0004241943359375,0.00014772415161132813,0.8691860465116279
875,140.10813903808594,0.4230695179951908,0.0016424417495727538,0.0004135608673095703,0.00014693737030029296,0.8880813953488372
880,140.8944971561432,0.4022926739271554,0.002080392837524414,0.0004454612731933594,0.00015289783477783202,0.9011627906976745
885,141.68602013587952,0.4895206166722346,0.002226376533508301,0.00045609474182128906,0.00016202926635742188,0.9171511627906976
890,142.47460222244263,0.37633502234020855,0.0018146276473999024,0.0005813121795654296,0.00013594627380371095,0.9375
895,143.26284003257751,0.3623662031837739,0.0020205020904541016,0.0005187034606933594,0.00015444755554199218,0.9418604651162791
900,144.08871507644653,0.39215015182853674,0.0016686439514160157,0.0005706787109375,0.00014197826385498047,0.9229651162790697
905,144.87203121185303,0.3230976583989104,0.001762223243713379,0.0002670764923095703,0.0001311063766479492,0.9200581395348837
910,145.6666123867035,0.4869180858439009,0.001840829849243164,0.0007384300231933593,0.0001597166061401367,0.9331395348837209
915,146.4547200202942,0.3128348815022036,0.0018745183944702149,0.0005080699920654297,0.00016155242919921876,0.9534883720930233
920,147.24122524261475,0.4174596818875216,0.0017023324966430665,0.00034031867980957033,0.00012366771697998048,0.9549418604651163
925,148.0261492729187,0.8593146017359686,0.0019344091415405273,0.0004348278045654297,0.0001520872116088867,0.9534883720930233
930,148.81752514839172,0.2570716946795983,0.0019082069396972657,0.0002777099609375,0.00014352798461914062,0.9549418604651163
935,149.59915804862976,0.4434595796463327,0.0016424417495727538,0.0004135608673095703,0.00013992786407470703,0.9578488372093024
940,150.3849902153015,0.4096112623894442,0.0020467042922973633,0.000675821304321289,0.0001734018325805664,0.9680232558139535
945,151.17115426063538,0.6312139614215994,0.0017547369003295898,0.0006545543670654297,0.00014846324920654298,0.9578488372093024
950,151.95148634910583,0.2874492484761504,0.001762223243713379,0.0002670764923095703,0.0001302003860473633,0.940406976744186
955,152.742742061615,0.08220151601562975,0.0020541906356811523,0.0002883434295654297,0.00014400482177734375,0.934593023255814
960,153.5242350101471,0.20852189027318674,0.0019344091415405273,0.0004348278045654297,0.00014443397521972655,0.934593023255814
965,154.3148741722107,0.11478855533350725,0.001848316192626953,0.0003509521484375,0.00013980865478515624,0.9578488372093024
970,155.09818720817566,0.41778731085546494,0.0018146276473999024,0.0005813121795654296,0.0001632213592529297,0.9578488372093024
975,155.8854901790619,0.4465318378031952,0.0017285346984863281,0.0004974365234375,0.0001463651657104492,0.9622093023255814
980,156.6649022102356,0.1581660062985975,0.0015563488006591797,0.0003296852111816406,0.0001343965530395508,0.9593023255813954
985,157.44743824005127,0.35251627713441847,0.002166485786437988,0.000529336929321289,0.00016222000122070312,0.9563953488372093
990,158.27059030532837,0.3301802873637598,0.001848316192626953,0.0003509521484375,0.00013341903686523438,0.9651162790697675
995,159.0549602508545,0.17940125721870573,0.0018745183944702149,0.0005080699920654297,0.00014388561248779297,0.9607558139534884
1000,159.84014225006104,0.22962673124857247,0.0020205020904541016,0.0005187034606933594,0.00016145706176757814,0.9593023255813954
1005,160.62667322158813,0.1858169904715396,0.0017884254455566406,0.0004241943359375,0.0001505136489868164,0.9549418604651163
1010,161.41637420654297,0.2158314582449293,0.0015825510025024414,0.0004868030548095703,0.00013751983642578124,0.9520348837209303
1015,162.20353937149048,0.17997910883304086,0.0015825510025024414,0.0004868030548095703,0.0001385211944580078,0.9534883720930233
1020,162.981516122818,0.2735653579279642,0.0020205020904541016,0.0005187034606933594,0.00015306472778320312,0.9593023255813954
1025,163.7681441307068,0.11168078513483123,0.00199429988861084,0.00036158561706542967,0.00015287399291992189,0.9418604651162791
1030,164.54832100868225,0.06574326839654532,0.001410365104675293,0.00031905174255371095,0.0001186370849609375,0.9215116279069767
1035,165.34292817115784,0.18771136701107025,0.0019868135452270506,0.0007490634918212891,0.00015709400177001953,0.9011627906976745
1040,166.13390636444092,0.254910326004034,0.001960611343383789,0.0005919456481933594,0.0001566171646118164,0.9229651162790697
1045,166.91790103912354,0.09675801968210748,0.0019344091415405273,0.0004348278045654297,0.00014514923095703124,0.9520348837209303
1050,167.7030062675476,0.15301141300838025,0.0019007205963134765,0.0006651878356933594,0.00016198158264160156,0.9607558139534884
1055,168.48313808441162,0.1631763305515051,0.0017023324966430665,0.00034031867980957033,0.00013427734375,0.9418604651162791
1060,169.27046608924866,0.24532033205759946,0.002106595039367676,0.0006025791168212891,0.0001588106155395508,0.9418604651162791
1065,170.05624222755432,0.11017292775270562,0.0020205020904541016,0.0005187034606933594,0.00015544891357421875,0.9331395348837209
1070,170.84530520439148,0.3856508835218847,0.002106595039367676,0.0006025791168212891,0.00015707015991210936,0.8604651162790697
1075,171.6308331489563,0.7694130398020207,0.002166485786437988,0.000529336929321289,0.0001638650894165039,0.9258720930232558
1080,172.45520210266113,0.5260932867357042,0.0017023324966430665,0.00034031867980957033,0.00012693405151367187,0.9418604651162791
1085,173.24104499816895,0.1712462391980921,0.0019007205963134765,0.0006651878356933594,0.00016705989837646485,0.9534883720930233
1090,174.02144622802734,0.07051755562906833,0.00199429988861084,0.00036158561706542967,0.0001472949981689453,0.9069767441860465
1095,174.8138780593872,0.16290813090046186,0.0019344091415405273,0.0004348278045654297,0.00014462471008300782,0.9578488372093024
1100,175.5914523601532,0.17147640469484174,0.0018745183944702149,0.0005080699920654297,0.00014433860778808593,0.9476744186046512
1105,176.37921833992004,0.0799580167374188,0.0020205020904541016,0.0005187034606933594,0.00015811920166015626,0.9244186046511628
1110,177.16022610664368,0.038314604491472434,0.0021402835845947266,0.0003722190856933594,0.0001456737518310547,0.9229651162790697
1115,177.94323301315308,0.33099542819099953,0.00199429988861084,0.00036158561706542967,0.0001470804214477539,0.9505813953488372
1120,178.73408722877502,0.08435544078259909,0.001848316192626953,0.0003509521484375,0.00015292167663574218,0.9534883720930233
1125,179.52279329299927,0.12306861994038627,0.0016424417495727538,0.0004135608673095703,0.0001436471939086914,0.9563953488372093
1130,180.31015515327454,0.5882654960966761,0.0022001743316650392,0.0002989768981933594,0.00015232563018798828,0.9520348837209303
1135,181.09028506278992,0.39422737169707034,0.0017285346984863281,0.0004974365234375,0.00014934539794921874,0.9476744186046512
1140,181.87766218185425,0.24088306177291088,0.0018146276473999024,0.0005813121795654296,0.00015184879302978515,0.9476744186046512
1145,182.65786719322205,0.1549124735640362,0.0019344091415405273,0.0004348278045654297,0.000141143798828125,0.9520348837209303
1150,183.44788813591003,0.34443373734538907,0.0018745183944702149,0.0005080699920654297,0.00014333724975585939,0.9593023255813954
1155,184.23497605323792,0.3242668958382978,0.002080392837524414,0.0004454612731933594,0.00016207695007324218,0.9607558139534884
1160,185.02577424049377,0.08973123243249574,0.0019344091415405273,0.0004348278045654297,0.00015234947204589844,0.9534883720930233
1165,185.81387424468994,0.1990085274909461,0.0019082069396972657,0.0002777099609375,0.00016143321990966797,0.9607558139534884
1170,186.63680624961853,0.269765317763995,0.0017285346984863281,0.0004974365234375,0.0001352071762084961,0.9578488372093024
1175,187.43137407302856,0.12516373576299883,0.0016087532043457032,0.0006439208984375,0.0001434326171875,0.8880813953488372
1180,188.20930099487305,0.11012761054566908,0.0014964580535888673,0.0004029273986816406,0.0001346111297607422,0.8633720930232558
1185,188.98957800865173,0.09487214387773975,0.0017884254455566406,0.0004241943359375,0.00014429092407226564,0.875
1190,189.7723503112793,0.5271465484053011,0.0022001743316650392,0.0002989768981933594,0.00015606880187988282,0.8808139534883721
1195,190.55708813667297,0.10664966070226001,0.0016686439514160157,0.0005706787109375,0.00014603137969970703,0.9578488372093024
1200,191.34149312973022,0.12994073797017336,0.002166485786437988,0.000529336929321289,0.00016224384307861328,0.9607558139534884
1205,192.1279993057251,0.7174044377758492,0.0015563488006591797,0.0003296852111816406,0.00012633800506591796,0.9665697674418605
1210,192.91177129745483,0.036903356841014555,0.001848316192626953,0.0003509521484375,0.00013463497161865235,0.9651162790697675
1215,193.68931126594543,0.11352938528198138,0.0014964580535888673,0.0004029273986816406,0.00012965202331542968,0.9680232558139535
1220,194.47489309310913,0.1881933320357348,0.0017285346984863281,0.0004974365234375,0.00014221668243408203,0.9636627906976745
1225,195.2673761844635,0.1392703277990222,0.002166485786437988,0.000529336929321289,0.00016076564788818358,0.9563953488372093
1230,196.0513401031494,0.08071897969566635,0.0020541906356811523,0.0002883434295654297,0.00015132427215576173,0.9578488372093024
1235,196.84892916679382,0.1105590051971376,0.0019868135452270506,0.0007490634918212891,0.0001701831817626953,0.9578488372093024
1240,197.63235712051392,0.0983122876546986,0.0019344091415405273,0.0004348278045654297,0.00014791488647460937,0.9593023255813954
1245,198.4148771762848,0.22457319936511339,0.0016686439514160157,0.0005706787109375,0.0001419544219970703,0.9636627906976745
1250,199.19471311569214,0.3193306753304569,0.001762223243713379,0.0002670764923095703,0.0001333475112915039,0.9651162790697675
1255,199.98349118232727,0.10596606377557691,0.001840829849243164,0.0007384300231933593,0.00015845298767089844,0.9680232558139535
1260,200.81329202651978,0.09560740459937733,0.0017884254455566406,0.0004241943359375,0.00014181137084960936,0.9709302325581395
1265,201.59878826141357,0.12538546025870687,0.0018745183944702149,0.0005080699920654297,0.00013895034790039061,0.9738372093023255
1270,202.39723706245422,0.6967379201105587,0.0019082069396972657,0.0002777099609375,0.0001480579376220703,0.9709302325581395
1275,203.1910102367401,0.09966371768957742,0.0019344091415405273,0.0004348278045654297,0.00016837120056152345,0.9680232558139535
1280,203.9827902317047,0.19704836967068218,0.0015563488006591797,0.0003296852111816406,0.00012941360473632811,0.9767441860465116
1285,204.7665832042694,0.1104257479313219,0.0021327972412109376,0.0007596969604492188,0.0001667022705078125,0.9738372093023255
1290,205.5543532371521,0.2598555840992276,0.0015825510025024414,0.0004868030548095703,0.00013666152954101564,0.9069767441860465
1295,206.33803534507751,0.3653893305148358,0.0019082069396972657,0.0002777099609375,0.00014691352844238282,0.9723837209302325
1300,207.13587713241577,0.04843065242021112,0.0020541906356811523,0.0002883434295654297,0.00015516281127929686,0.9287790697674418
1305,207.95343732833862,0.0592758350184809,0.0020205020904541016,0.0005187034606933594,0.0001864910125732422,0.8793604651162791
1310,208.7920572757721,0.024509585686791978,0.001848316192626953,0.0003509521484375,0.00016274452209472657,0.8953488372093024
1315,209.67415022850037,0.8158963960013693,0.0015825510025024414,0.0004868030548095703,0.00017111301422119142,0.9607558139534884
1320,210.50071239471436,0.11027599166955042,0.0017285346984863281,0.0004974365234375,0.00014569759368896485,0.9622093023255814
1325,211.3142421245575,0.28562068371177957,0.0017285346984863281,0.0004974365234375,0.00016319751739501953,0.9665697674418605
1330,212.12951707839966,0.21388763040304185,0.002166485786437988,0.000529336929321289,0.00017983913421630858,0.9680232558139535
1335,212.93354535102844,0.3090422938078632,0.001762223243713379,0.0002670764923095703,0.00013506412506103516,0.9709302325581395
1340,213.73873043060303,0.08078314091853826,0.0018745183944702149,0.0005080699920654297,0.0001534700393676758,0.9694767441860465
1345,214.54826712608337,0.23693369515659413,0.002080392837524414,0.0004454612731933594,0.00016295909881591797,0.9709302325581395
1350,215.4099371433258,0.07520107366609068,0.0017285346984863281,0.0004974365234375,0.0001496553421020508,0.9767441860465116
1355,216.21646308898926,0.180562879363427,0.0017285346984863281,0.0004974365234375,0.0001383543014526367,0.9738372093023255
1360,217.02332735061646,0.05581533835049442,0.0014365673065185546,0.00047616958618164064,0.00012314319610595703,0.9738372093023255
1365,217.82846522331238,0.059724458307692886,0.002166485786437988,0.000529336929321289,0.0001670360565185547,0.9767441860465116
1370,218.6315221786499,0.10691809720374294,0.001762223243713379,0.0002670764923095703,0.00014483928680419922,0.9767441860465116
1375,219.43122029304504,0.06240094157692653,0.0014964580535888673,0.0004029273986816406,0.0001499176025390625,0.9767441860465116
1380,220.2413671016693,0.05147027262735264,0.0021327972412109376,0.0007596969604492188,0.00017874240875244142,0.9781976744186046
1385,221.05617213249207,0.03014766946490255,0.0018745183944702149,0.0005080699920654297,0.00015394687652587892,0.9796511627906976
1390,221.87811136245728,0.036697634108509194,0.001960611343383789,0.0005919456481933594,0.00018105506896972656,0.9781976744186046
1395,222.70315217971802,0.03825895290672179,0.0020205020904541016,0.0005187034606933594,0.00016605854034423828,0.9781976744186046
1400,223.5308322906494,0.0579712644219569,0.0015563488006591797,0.0003296852111816406,0.00013010501861572267,0.9796511627906976
1405,224.34800624847412,0.09145009741187096,0.0021327972412109376,0.0007596969604492188,0.00019621849060058594,0.9796511627906976
1410,225.1750431060791,0.16823799833658198,0.0021402835845947266,0.0003722190856933594,0.00018723011016845702,0.9767441860465116
1415,226.01307010650635,0.05648239100992214,0.0020467042922973633,0.000675821304321289,0.0001928567886352539,0.9723837209302325
1420,226.83518624305725,0.12884795179561478,0.002080392837524414,0.0004454612731933594,0.00017762184143066406,0.9651162790697675
1425,227.6613621711731,0.3304396962641533,0.0016424417495727538,0.0004135608673095703,0.0001554727554321289,0.9680232558139535
1430,228.4909062385559,0.043095880469627444,0.0020467042922973633,0.000675821304321289,0.0001768827438354492,0.9665697674418605
1435,229.31618309020996,0.07199647873958667,0.00199429988861084,0.00036158561706542967,0.00014812946319580077,0.9651162790697675
1440,230.18381905555725,0.021607195977566107,0.001848316192626953,0.0003509521484375,0.00015571117401123047,0.9651162790697675
1445,231.05040216445923,0.3098410862265169,0.0020205020904541016,0.0005187034606933594,0.00018246173858642577,0.9767441860465116
1450,231.86659407615662,0.0363824876987735,0.0020205020904541016,0.0005187034606933594,0.00015702247619628907,0.9505813953488372
1455,232.67705535888672,0.40286176131539975,0.002080392837524414,0.0004454612731933594,0.0001788616180419922,0.9505813953488372
1460,233.4816071987152,0.09676350035120151,0.0019082069396972657,0.0002777099609375,0.0001538991928100586,0.9694767441860465
1465,234.3141782283783,0.029402238479845265,0.0019344091415405273,0.0004348278045654297,0.0001538991928100586,0.9752906976744186
1470,235.15198516845703,0.06903297791932346,0.0016424417495727538,0.0004135608673095703,0.00015230178833007811,0.9709302325581395
1475,236.01533317565918,0.09837810778431048,0.0022001743316650392,0.0002989768981933594,0.00016336441040039064,0.9680232558139535
1480,236.9211311340332,0.3825593175389713,0.0016686439514160157,0.0005706787109375,0.00018112659454345704,0.9651162790697675
1485,237.76754713058472,0.20232633297564462,0.0018745183944702149,0.0005080699920654297,0.00016574859619140626,0.9636627906976745
1490,238.59747219085693,0.047639590580502045,0.0019344091415405273,0.0004348278045654297,0.000162506103515625,0.9665697674418605
1495,239.41979026794434,0.3310938643510042,0.0019344091415405273,0.0004348278045654297,0.00016851425170898436,0.9709302325581395
1500,240.25028133392334,0.0443193368680113,0.0020205020904541016,0.0005187034606933594,0.0001710653305053711,0.9709302325581395
1505,241.06914114952087,0.02084004241442301,0.00199429988861084,0.00036158561706542967,0.00017962455749511718,0.9694767441860465
1510,241.88872504234314,0.141308750120686,0.001762223243713379,0.0002670764923095703,0.0001418590545654297,0.9709302325581395
1515,242.6737940311432,0.10436377381541888,0.0016686439514160157,0.0005706787109375,0.00014333724975585939,0.9767441860465116
1520,243.4630401134491,0.04320328851226805,0.001522660255432129,0.0005600452423095703,0.00013725757598876954,0.9781976744186046
1525,244.2491011619568,0.33231056224859684,0.0016424417495727538,0.0004135608673095703,0.0001329183578491211,0.9723837209302325
1530,245.08704733848572,0.022451755884743817,0.0018745183944702149,0.0005080699920654297,0.0001438140869140625,0.9709302325581395
1535,245.87168622016907,0.3136422940915537,0.0020541906356811523,0.0002883434295654297,0.00014240741729736327,0.9767441860465116
1540,246.65206122398376,0.04691613079062336,0.0018146276473999024,0.0005813121795654296,0.00014908313751220702,0.9825581395348837
1545,247.44143533706665,0.04451583018526435,0.0020205020904541016,0.0005187034606933594,0.00015869140625,0.9811046511627907
1550,248.2251913547516,0.20769360870699813,0.0015563488006591797,0.0003296852111816406,0.00012352466583251954,0.9825581395348837
1555,249.0128881931305,0.0358992306943108,0.00199429988861084,0.00036158561706542967,0.0001337289810180664,0.9811046511627907
1560,249.78823399543762,0.03230582964188926,0.0013504743576049805,0.00039229393005371096,0.0001238107681274414,0.9781976744186046
1565,250.57444405555725,0.20952718170417484,0.0017884254455566406,0.0004241943359375,0.00015254020690917968,0.9781976744186046
1570,251.36039805412292,0.10007305582330446,0.002312469482421875,0.0005399703979492188,0.00018296241760253906,0.9767441860465116
1575,252.15356016159058,0.045570716482689025,0.0019344091415405273,0.0004348278045654297,0.00014712810516357422,0.9752906976744186
1580,252.93664717674255,0.04842457994454889,0.002106595039367676,0.0006025791168212891,0.00017137527465820311,0.9752906976744186
1585,253.7201693058014,0.04934837578368843,0.0018146276473999024,0.0005813121795654296,0.00014944076538085936,0.9738372093023255
1590,254.49882006645203,0.03400781964881503,0.0016424417495727538,0.0004135608673095703,0.00013282299041748047,0.9738372093023255
1595,255.27545428276062,0.3105900164373452,0.0017884254455566406,0.0004241943359375,0.00014984607696533203,0.9752906976744186
1600,256.058678150177,0.03632624908351545,0.001960611343383789,0.0005919456481933594,0.000154876708984375,0.9738372093023255
1605,256.8344712257385,0.0834524043678357,0.0016424417495727538,0.0004135608673095703,0.00012748241424560548,0.9723837209302325
1610,257.6217830181122,0.01802515441250563,0.0020205020904541016,0.0005187034606933594,0.00014858245849609376,0.9709302325581395
1615,258.40496611595154,0.777777759131385,0.0019082069396972657,0.0002777099609375,0.00015461444854736328,0.9738372093023255
1620,259.25991916656494,0.19284416064429025,0.0017884254455566406,0.0004241943359375,0.00015459060668945312,0.9752906976744186
1625,260.0583791732788,0.055286489176853595,0.0016424417495727538,0.0004135608673095703,0.00013759136199951172,0.9781976744186046
1630,260.84479117393494,0.08570844084024429,0.002072906494140625,0.0008329391479492187,0.0001701831817626953,0.9825581395348837
1635,261.6417143344879,0.20919902400619322,0.0016424417495727538,0.0004135608673095703,0.00014603137969970703,0.9767441860465116
1640,262.4923141002655,0.10736234398045781,0.001968097686767578,0.0002044677734375,0.00016324520111083985,0.9316860465116279
1645,263.2971603870392,0.13409291271275378,0.00199429988861084,0.00036158561706542967,0.00014462471008300782,0.9825581395348837
1650,264.08023500442505,0.02333613598038937,0.0018745183944702149,0.0005080699920654297,0.00014812946319580077,0.9767441860465116
1655,264.8613362312317,0.18859976717617427,0.0019082069396972657,0.0002777099609375,0.00013854503631591797,0.9680232558139535
1660,265.6531322002411,0.31097085866354063,0.0016686439514160157,0.0005706787109375,0.0001496553421020508,0.9709302325581395
1665,266.4337673187256,0.15960562529794514,0.0017285346984863281,0.0004974365234375,0.00015316009521484374,0.9811046511627907
1670,267.21966314315796,0.04231853735598747,0.0017285346984863281,0.0004974365234375,0.00014698505401611328,0.9825581395348837
1675,268.0045781135559,0.09341931268573944,0.002080392837524414,0.0004454612731933594,0.00016448497772216796,0.9854651162790697
1680,268.78682017326355,0.1470929752547832,0.0017884254455566406,0.0004241943359375,0.00014336109161376952,0.9840116279069767
1685,269.5699682235718,0.05988154069063967,0.0019344091415405273,0.0004348278045654297,0.00014989376068115235,0.9781976744186046
1690,270.35302233695984,0.0800086967649463,0.0019344091415405273,0.0004348278045654297,0.0001508474349975586,0.9811046511627907
1695,271.14314436912537,0.030670858843950554,0.0017285346984863281,0.0004974365234375,0.0001497983932495117,0.9854651162790697
1700,271.91836810112,0.05063529842154964,0.0016424417495727538,0.0004135608673095703,0.0001379251480102539,0.9854651162790697
1705,272.70162200927734,0.02400084557121005,0.0016087532043457032,0.0006439208984375,0.00013375282287597656,0.9811046511627907
1710,273.53053522109985,0.021725869365037908,0.002226376533508301,0.00045609474182128906,0.00016813278198242189,0.9796511627906976
1715,274.30740308761597,0.06406038039408486,0.0015301465988159179,0.00017256736755371093,0.00012209415435791016,0.9796511627906976
1720,275.0922501087189,0.030190462642349303,0.0016686439514160157,0.0005706787109375,0.00014600753784179687,0.9796511627906976
1725,275.87279319763184,0.01731293872038293,0.0020467042922973633,0.000675821304321289,0.000159454345703125,0.9811046511627907
1730,276.66018319129944,0.018499536441913732,0.001960611343383789,0.0005919456481933594,0.00015125274658203124,0.9811046511627907
1735,277.43298506736755,0.008639960343407438,0.0017884254455566406,0.0004241943359375,0.0001375436782836914,0.9811046511627907
1740,278.21776723861694,0.020365024718921633,0.002106595039367676,0.0006025791168212891,0.00016875267028808593,0.9811046511627907
1745,278.9995722770691,0.05693036541344441,0.001762223243713379,0.0002670764923095703,0.0001403331756591797,0.9796511627906976
1750,279.7912173271179,0.054598630592226985,0.002072906494140625,0.0008329391479492187,0.0001819133758544922,0.9811046511627907
1755,280.57621717453003,0.023959499550988993,0.0020541906356811523,0.0002883434295654297,0.00015649795532226562,0.9796511627906976
1760,281.3608582019806,0.019564419610105688,0.0021327972412109376,0.0007596969604492188,0.00017135143280029298,0.9811046511627907
1765,282.15098333358765,0.11932320709547639,0.00199429988861084,0.00036158561706542967,0.00015354156494140625,0.9781976744186046
1770,282.9290511608124,0.31599051952234875,0.0016424417495727538,0.0004135608673095703,0.000138092041015625,0.9811046511627907
1775,283.7201452255249,0.08357727462425828,0.0020467042922973633,0.000675821304321289,0.0001571178436279297,0.9796511627906976
1780,284.5018901824951,0.03605582341619993,0.002080392837524414,0.0004454612731933594,0.00015935897827148437,0.9811046511627907
1785,285.2901921272278,0.020024065535855583,0.0019082069396972657,0.0002777099609375,0.00013697147369384766,0.9781976744186046
1790,286.0914251804352,0.06011720318588232,0.0018146276473999024,0.0005813121795654296,0.0001669168472290039,0.9811046511627907
1795,286.8933951854706,0.01739032946061627,0.002166485786437988,0.000529336929321289,0.0001806020736694336,0.9781976744186046
1800,287.73125410079956,0.012031045374419591,0.0021402835845947266,0.0003722190856933594,0.00014865398406982422,0.9694767441860465
1805,288.5074350833893,0.049335606539898436,0.001762223243713379,0.0002670764923095703,0.00013430118560791015,0.9694767441860465
1810,289.2873022556305,0.022364344229572453,0.0018745183944702149,0.0005080699920654297,0.00015444755554199218,0.9709302325581395
1815,290.07005524635315,0.02627357770106755,0.001848316192626953,0.0003509521484375,0.00015549659729003907,0.9723837209302325
1820,290.8525433540344,0.4734308560845875,0.002080392837524414,0.0004454612731933594,0.0001573801040649414,0.9723837209302325
1825,291.6314129829407,0.4978575315382841,0.0016686439514160157,0.0005706787109375,0.00014770030975341797,0.9781976744186046
1830,292.40945625305176,0.054683815707539905,0.00199429988861084,0.00036158561706542967,0.0001409769058227539,0.9665697674418605
1835,293.19332933425903,0.295599904487608,0.0017285346984863281,0.0004974365234375,0.00014765262603759765,0.9680232558139535
1840,293.97071528434753,0.02840256909271375,0.002080392837524414,0.0004454612731933594,0.0001569986343383789,0.9651162790697675
1845,294.7571132183075,0.26577389516075983,0.0019344091415405273,0.0004348278045654297,0.0001481771469116211,0.9694767441860465
1850,295.5340631008148,0.07203965841910645,0.00199429988861084,0.00036158561706542967,0.00014371871948242186,0.9738372093023255
1855,296.3242151737213,0.2463326539898219,0.0017884254455566406,0.0004241943359375,0.0001413583755493164,0.9738372093023255
1860,297.10851216316223,0.1492777113047225,0.0015825510025024414,0.0004868030548095703,0.00014691352844238282,0.9767441860465116
1865,297.88577222824097,0.07470151673260261,0.001522660255432129,0.0005600452423095703,0.00013744831085205078,0.9825581395348837
1870,298.6741771697998,0.03769570777478748,0.0017884254455566406,0.0004241943359375,0.0001438140869140625,0.9825581395348837
1875,299.46088218688965,0.010043268479307699,0.0019344091415405273,0.0004348278045654297,0.00014548301696777345,0.9811046511627907
1880,300.2384042739868,0.23123027523515702,0.001848316192626953,0.0003509521484375,0.00014200210571289063,0.9781976744186046
1885,301.0222442150116,0.0340725606540218,0.001960611343383789,0.0005919456481933594,0.00015070438385009766,0.9825581395348837
1890,301.85037422180176,0.011206211196260085,0.0019344091415405273,0.0004348278045654297,0.00014884471893310546,0.9840116279069767
1895,302.6396863460541,0.08418418455244847,0.001410365104675293,0.00031905174255371095,0.00012373924255371094,0.9825581395348837
1900,303.41596007347107,0.010941774726913423,0.00199429988861084,0.00036158561706542967,0.0001432657241821289,0.9825581395348837
1905,304.19984316825867,0.1429853076275805,0.0014964580535888673,0.0004029273986816406,0.00013387203216552734,0.9825581395348837
1910,304.9814941883087,0.022237309707617215,0.0019344091415405273,0.0004348278045654297,0.0001403331756591797,0.9840116279069767
1915,305.7703971862793,0.02994165942086511,0.0022525787353515625,0.0006132125854492188,0.00015294551849365234,0.9825581395348837
1920,306.54729318618774,0.028135303645103703,0.0019344091415405273,0.0004348278045654297,0.0001511096954345703,0.9825581395348837
1925,307.3394281864166,0.041082307085616776,0.002106595039367676,0.0006025791168212891,0.00015676021575927734,0.9825581395348837
1930,308.1373372077942,0.0225165856682338,0.0017547369003295898,0.0006545543670654297,0.00017633438110351563,0.9825581395348837
1935,308.9313499927521,0.2465023664887255,0.0016162395477294922,0.0002564430236816406,0.00014324188232421874,0.9825581395348837
1940,309.7213912010193,0.04274300325923832,0.0018146276473999024,0.0005813121795654296,0.00014977455139160157,0.9840116279069767
1945,310.52441120147705,0.023425308280548052,0.0018745183944702149,0.0005080699920654297,0.000177001953125,0.9811046511627907
1950,311.32586431503296,0.05093935653624726,0.0015563488006591797,0.0003296852111816406,0.0001277923583984375,0.9781976744186046
1955,312.1120111942291,0.24803574793277222,0.002106595039367676,0.0006025791168212891,0.00016770362854003906,0.9781976744186046
1960,312.9394052028656,0.6469478470025962,0.001968097686767578,0.0002044677734375,0.0001625537872314453,0.9738372093023255
1965,313.7507381439209,0.18089808534241456,0.0017884254455566406,0.0004241943359375,0.00015587806701660155,0.9781976744186046
1970,314.551016330719,0.04721477881545581,0.0017285346984863281,0.0004974365234375,0.00014405250549316407,0.9752906976744186
1975,315.34171414375305,0.05044100228697061,0.002072906494140625,0.0008329391479492187,0.00016562938690185548,0.9723837209302325
1980,316.16624116897583,0.09097379551710674,0.0015563488006591797,0.0003296852111816406,0.00013256072998046875,0.9752906976744186
1985,316.94313526153564,0.07238341235686221,0.002114081382751465,0.0002151012420654297,0.0001366138458251953,0.9811046511627907
1990,317.73106932640076,0.017658269349340117,0.00199429988861084,0.00036158561706542967,0.00014755725860595703,0.9825581395348837
1995,318.5295171737671,0.01770410797586237,0.0017285346984863281,0.0004974365234375,0.00013706684112548828,0.9825581395348837
2000,319.3180491924286,0.16550782100459854,0.0019344091415405273,0.0004348278045654297,0.00015063285827636718,0.9796511627906976
2005,320.0954842567444,0.22483343738568068,0.0015825510025024414,0.0004868030548095703,0.0001382589340209961,0.9825581395348837
2010,320.88391399383545,0.048485577248609954,0.0017884254455566406,0.0004241943359375,0.0001477956771850586,0.9811046511627907
2015,321.6732611656189,0.07934402841901829,0.0017285346984863281,0.0004974365234375,0.00015823841094970704,0.9796511627906976
2020,322.45399713516235,0.10613493081183378,0.002080392837524414,0.0004454612731933594,0.00015232563018798828,0.9767441860465116
2025,323.23407101631165,0.07564186036397728,0.0019344091415405273,0.0004348278045654297,0.0001500844955444336,0.9723837209302325
2030,324.01237297058105,0.410349629192433,0.0018745183944702149,0.0005080699920654297,0.0001464366912841797,0.9694767441860465
2035,324.798730134964,0.07772686302051283,0.0017023324966430665,0.00034031867980957033,0.00013473033905029297,0.9767441860465116
2040,325.58029413223267,0.05151453990656592,0.0017285346984863281,0.0004974365234375,0.00014252662658691405,0.9767441860465116
2045,326.36234426498413,0.04150766292586923,0.0016424417495727538,0.0004135608673095703,0.00013303756713867188,0.9752906976744186
2050,327.1398022174835,0.01162715237638281,0.0019007205963134765,0.0006651878356933594,0.00015249252319335938,0.9738372093023255
2055,327.916570186615,0.02804600056333726,0.002080392837524414,0.0004454612731933594,0.00015730857849121093,0.9723837209302325
2060,328.6994831562042,0.08620119790512035,0.0013841629028320313,0.00016193389892578126,0.0001289844512939453,0.9709302325581395
2065,329.4767873287201,0.7622982731089166,0.0019007205963134765,0.0006651878356933594,0.00015459060668945312,0.9796511627906976
2070,330.3071343898773,0.01976782493495648,0.0020467042922973633,0.000675821304321289,0.00015606880187988282,0.9723837209302325
2075,331.10225200653076,0.027779720740736025,0.0018745183944702149,0.0005080699920654297,0.00015473365783691406,0.9491279069767442
2080,331.88970923423767,0.049975576328870376,0.0018146276473999024,0.0005813121795654296,0.00015497207641601562,0.9462209302325582
2085,332.67455410957336,0.03601742460460855,0.0019344091415405273,0.0004348278045654297,0.00014739036560058595,0.940406976744186
2090,333.45059418678284,0.07671143304470433,0.0019344091415405273,0.0004348278045654297,0.00015125274658203124,0.9549418604651163
2095,334.235258102417,0.06303849742926104,0.0019868135452270506,0.0007490634918212891,0.0001728534698486328,0.9549418604651163
2100,335.01759123802185,0.035413880940359375,0.0022001743316650392,0.0002989768981933594,0.00015256404876708984,0.9549418604651163
2105,335.8050911426544,0.031084281299263238,0.0021327972412109376,0.0007596969604492188,0.00016684532165527343,0.9549418604651163
2110,336.5837812423706,0.19038566419477548,0.0019082069396972657,0.0002777099609375,0.0001407146453857422,0.9593023255813954
2115,337.36787033081055,0.36560403083499293,0.0016686439514160157,0.0005706787109375,0.0001364469528198242,0.9665697674418605
2120,338.15142822265625,0.014523470671156247,0.001960611343383789,0.0005919456481933594,0.00015394687652587892,0.9651162790697675
2125,338.93535113334656,0.0268814736977248,0.002226376533508301,0.00045609474182128906,0.00015516281127929686,0.9665697674418605
2130,339.7134871482849,0.013575886219861388,0.001762223243713379,0.0002670764923095703,0.00014510154724121094,0.9680232558139535
2135,340.5024383068085,0.0646810403708514,0.001960611343383789,0.0005919456481933594,0.00014464855194091798,0.9738372093023255
2140,341.2813472747803,0.011799166298078489,0.0020205020904541016,0.0005187034606933594,0.00015172958374023437,0.9752906976744186
2145,342.05866026878357,0.019877935922706057,0.0020541906356811523,0.0002883434295654297,0.00014281272888183594,0.9752906976744186
2150,342.8390452861786,0.08084398269947997,0.00199429988861084,0.00036158561706542967,0.00015108585357666017,0.9738372093023255
2155,343.61594820022583,0.013719376248627669,0.0017884254455566406,0.0004241943359375,0.00014586448669433593,0.9752906976744186
2160,344.4455852508545,0.04090757751842489,0.00199429988861084,0.00036158561706542967,0.00014197826385498047,0.9781976744186046
2165,345.22839617729187,0.3887084386744391,0.0019344091415405273,0.0004348278045654297,0.0001596212387084961,0.9723837209302325
2170,346.019522190094,0.22306206038049653,0.0016686439514160157,0.0005706787109375,0.00013077259063720703,0.9796511627906976
2175,346.80149126052856,0.05112822482406045,0.0019344091415405273,0.0004348278045654297,0.00014078617095947266,0.9767441860465116
2180,347.5797860622406,0.31362141606441585,0.0017884254455566406,0.0004241943359375,0.000140380859375,0.9767441860465116
2185,348.37575817108154,0.014614067773800343,0.002166485786437988,0.000529336929321289,0.0001608133316040039,0.9781976744186046
2190,349.16855216026306,0.01113298482105165,0.0019344091415405273,0.0004348278045654297,0.0001502513885498047,0.9767441860465116
2195,350.00152707099915,0.0740287215814078,0.0019082069396972657,0.0002777099609375,0.00016205310821533204,0.9767441860465116
2200,350.84852409362793,0.039621034267509,0.0016424417495727538,0.0004135608673095703,0.00014812946319580077,0.9767441860465116
2205,351.6571283340454,0.020947735549270874,0.0017547369003295898,0.0006545543670654297,0.00014934539794921874,0.9709302325581395
2210,352.4637351036072,0.021590929148032956,0.0014964580535888673,0.0004029273986816406,0.0001276254653930664,0.9723837209302325
2215,353.244341135025,0.0914970662484393,0.0017884254455566406,0.0004241943359375,0.00014462471008300782,0.9723837209302325
2220,354.02664613723755,0.010187914315650914,0.0019344091415405273,0.0004348278045654297,0.0001482725143432617,0.9622093023255814
2225,354.8166913986206,0.24711404660955055,0.0017884254455566406,0.0004241943359375,0.00013790130615234374,0.9694767441860465
2230,355.60090231895447,0.011947466526180506,0.0020205020904541016,0.0005187034606933594,0.00014824867248535155,0.9694767441860465
2235,356.3837020397186,0.02843133939895779,0.0020205020904541016,0.0005187034606933594,0.00015778541564941405,0.9723837209302325
2240,357.1565341949463,0.019495559628990123,0.0014702558517456054,0.00024580955505371094,0.00012624263763427734,0.9723837209302325
2245,357.93324518203735,0.008418689377784006,0.0017884254455566406,0.0004241943359375,0.0001409769058227539,0.9723837209302325
2250,358.7523241043091,0.13531257384752848,0.0015563488006591797,0.0003296852111816406,0.0001257181167602539,0.9723837209302325
2255,359.53481435775757,0.018627084137915518,0.0020205020904541016,0.0005187034606933594,0.0001559019088745117,0.9738372093023255
2260,360.32092809677124,0.01790865701623261,0.002312469482421875,0.0005399703979492188,0.00017337799072265626,0.9738372093023255
2265,361.0995273590088,0.020206796280717754,0.0017285346984863281,0.0004974365234375,0.00014116764068603516,0.9723837209302325
2270,361.8824372291565,0.03932845015135626,0.002106595039367676,0.0006025791168212891,0.00016398429870605468,0.9752906976744186
2275,362.6646831035614,0.008560142039107177,0.0016686439514160157,0.0005706787109375,0.0001418590545654297,0.9752906976744186
2280,363.4433362483978,0.2819090504324791,0.001762223243713379,0.0002670764923095703,0.00013802051544189453,0.9752906976744186
2285,364.2255423069,0.012660036880697589,0.0018146276473999024,0.0005813121795654296,0.00014896392822265624,0.9752906976744186
2290,365.005437374115,0.03650679190014898,0.0018745183944702149,0.0005080699920654297,0.0001495838165283203,0.9752906976744186
2295,365.7816722393036,0.056572144945046435,0.0016424417495727538,0.0004135608673095703,0.00013766288757324218,0.9723837209302325
2300,366.59444522857666,1.2750550578353113,0.0020205020904541016,0.0005187034606933594,0.00019156932830810547,0.9738372093023255
2305,367.3893482685089,0.046367382390600655,0.001968097686767578,0.0002044677734375,0.00014622211456298827,0.9723837209302325
2310,368.22850728034973,0.14284959910291944,0.0016424417495727538,0.0004135608673095703,0.00014340877532958984,0.9636627906976745
2315,369.03786420822144,0.027066384819772794,0.0019007205963134765,0.0006651878356933594,0.00016181468963623048,0.9636627906976745
2320,369.92655515670776,0.23439260472368914,0.0019007205963134765,0.0006651878356933594,0.00015947818756103515,0.9651162790697675
2325,370.72162318229675,0.06631600002219784,0.0017023324966430665,0.00034031867980957033,0.00013415813446044923,0.9680232558139535
2330,371.50754833221436,0.01966061967104906,0.0020541906356811523,0.0002883434295654297,0.00014781951904296875,0.9811046511627907
2335,372.34457540512085,0.023820970737369863,0.00199429988861084,0.00036158561706542967,0.00015261173248291016,0.9825581395348837
2340,373.1715292930603,0.07654131976305507,0.0017884254455566406,0.0004241943359375,0.0001349925994873047,0.9825581395348837
2345,373.96852922439575,0.08249619344134658,0.0018745183944702149,0.0005080699920654297,0.00016036033630371094,0.9825581395348837
2350,374.8152210712433,0.23355975492268044,0.0016424417495727538,0.0004135608673095703,0.00013666152954101564,0.9811046511627907
2355,375.6160099506378,0.007986475033573016,0.0016424417495727538,0.0004135608673095703,0.0001614093780517578,0.9825581395348837
2360,376.4142472743988,0.07303077337373906,0.0020205020904541016,0.0005187034606933594,0.00016498565673828125,0.9825581395348837
2365,377.1906943321228,0.10803259797471583,0.002080392837524414,0.0004454612731933594,0.0001556873321533203,0.9781976744186046
2370,377.99539613723755,0.08541154986014873,0.0017884254455566406,0.0004241943359375,0.00016252994537353517,0.9622093023255814
2375,378.77986097335815,0.0463117665442951,0.001960611343383789,0.0005919456481933594,0.0001597166061401367,0.9578488372093024
2380,379.56073117256165,0.1053583036639452,0.001762223243713379,0.0002670764923095703,0.00014493465423583984,0.9767441860465116
2385,380.4388270378113,0.02444656869051869,0.0016686439514160157,0.0005706787109375,0.00015311241149902345,0.9781976744186046
2390,381.2235519886017,0.019820430235134266,0.0015825510025024414,0.0004868030548095703,0.0001438617706298828,0.9738372093023255
2395,382.0106461048126,0.015206232487254567,0.0018745183944702149,0.0005080699920654297,0.00014591217041015625,0.9723837209302325
2400,382.79421210289,0.02086966801621202,0.002080392837524414,0.0004454612731933594,0.00016055107116699218,0.9709302325581395
2405,383.7187063694,0.029518700535118115,0.0013242721557617187,0.00023517608642578124,0.00013778209686279296,0.9767441860465116
2410,384.60447216033936,0.015883481223136188,0.0019868135452270506,0.0007490634918212891,0.00017707347869873048,0.9781976744186046
2415,385.82866525650024,0.008220824227379353,0.001960611343383789,0.0005919456481933594,0.00021424293518066407,0.9781976744186046
2420,386.8446991443634,0.00331273132893557,0.0019344091415405273,0.0004348278045654297,0.00017337799072265626,0.9781976744186046
2425,387.7460422515869,0.007884572970760928,0.0019007205963134765,0.0006651878356933594,0.00017440319061279297,0.9781976744186046
2430,388.7216613292694,0.019143417463055812,0.0017884254455566406,0.0004241943359375,0.00017206668853759767,0.9796511627906976
2435,389.653697013855,0.005923937975609306,0.002080392837524414,0.0004454612731933594,0.00016417503356933594,0.9796511627906976
2440,390.5636212825775,0.019738738558228875,0.0020467042922973633,0.000675821304321289,0.00019109249114990234,0.9767441860465116
2445,391.4194769859314,0.006087516572735296,0.002080392837524414,0.0004454612731933594,0.00017595291137695312,0.9709302325581395
2450,392.2688171863556,0.006361825527346809,0.0022525787353515625,0.0006132125854492188,0.00016973018646240234,0.9680232558139535
2455,393.0651650428772,0.8019310388334361,0.0016162395477294922,0.0002564430236816406,0.00012884140014648437,0.9781976744186046
2460,393.8988699913025,0.007476577816169084,0.001840829849243164,0.0007384300231933593,0.00014889240264892578,0.9752906976744186
2465,394.69542026519775,0.025649862200981487,0.0019344091415405273,0.0004348278045654297,0.00015168190002441407,0.9767441860465116
2470,395.4858601093292,0.17812800221150268,0.002080392837524414,0.0004454612731933594,0.00015206336975097655,0.9796511627906976
2475,396.2679982185364,0.04580592062560669,0.001848316192626953,0.0003509521484375,0.00015072822570800782,0.9781976744186046
2480,397.0485141277313,0.008517513181686809,0.0020467042922973633,0.000675821304321289,0.0001669168472290039,0.9767441860465116
2485,397.8347022533417,0.01758105105093364,0.0021402835845947266,0.0003722190856933594,0.00015211105346679688,0.9781976744186046
2490,398.6076412200928,0.010225082342334702,0.0020541906356811523,0.0002883434295654297,0.0001439332962036133,0.9781976744186046
2495,399.39335918426514,0.02402973660641692,0.001848316192626953,0.0003509521484375,0.00014438629150390626,0.9781976744186046
2500,400.1632890701294,0.0194926210912854,0.0016424417495727538,0.0004135608673095703,0.00012438297271728517,0.9781976744186046
2505,400.9429130554199,0.33958860347048586,0.0021402835845947266,0.0003722190856933594,0.00015475749969482422,0.9796511627906976
2510,401.7224471569061,0.3930046418629047,0.0017884254455566406,0.0004241943359375,0.00013675689697265626,0.9796511627906976
2515,402.5017201900482,0.06761463271395769,0.0019007205963134765,0.0006651878356933594,0.00015876293182373046,0.9767441860465116
2520,403.3235833644867,0.02357222411519615,0.0017884254455566406,0.0004241943359375,0.00014760494232177735,0.9752906976744186
2525,404.10264325141907,0.2681066147471938,0.0017884254455566406,0.0004241943359375,0.00014595985412597657,0.9752906976744186
2530,404.8782961368561,0.014627004598224858,0.002226376533508301,0.00045609474182128906,0.00015482902526855468,0.9752906976744186
2535,405.68030309677124,0.011754514812673733,0.0017884254455566406,0.0004241943359375,0.00013289451599121093,0.9752906976744186
2540,406.47555136680603,0.07888408889995162,0.0020541906356811523,0.0002883434295654297,0.0001555919647216797,0.9767441860465116
2545,407.2711343765259,0.08046152094179035,0.0017285346984863281,0.0004974365234375,0.00015349388122558593,0.9752906976744186
2550,408.0499761104584,0.00740239049993221,0.0016087532043457032,0.0006439208984375,0.00014607906341552735,0.9738372093023255
2555,408.82375025749207,0.247425157831168,0.0014964580535888673,0.0004029273986816406,0.00012359619140625,0.9665697674418605
2560,409.608350276947,0.014773052092654382,0.0018745183944702149,0.0005080699920654297,0.00015463829040527344,0.9651162790697675
2565,410.3865840435028,0.003389257861500994,0.0019082069396972657,0.0002777099609375,0.00014057159423828126,0.9636627906976745
2570,411.16587114334106,0.106498517201004,0.0017285346984863281,0.0004974365234375,0.00014557838439941407,0.9665697674418605
2575,411.9480171203613,0.05559950716851745,0.002226376533508301,0.00045609474182128906,0.00015630722045898438,0.9752906976744186
2580,412.72867727279663,0.21759402426450833,0.0017285346984863281,0.0004974365234375,0.0001462697982788086,0.9738372093023255
2585,413.5092122554779,0.013098142511182687,0.0015563488006591797,0.0003296852111816406,0.00012557506561279298,0.9781976744186046
2590,414.2866129875183,0.027154035366748985,0.0017884254455566406,0.0004241943359375,0.0001494884490966797,0.9781976744186046
2595,415.07230615615845,0.11076737353884028,0.0016424417495727538,0.0004135608673095703,0.00012841224670410157,0.9752906976744186
2600,415.85454630851746,0.03862013813941303,0.002080392837524414,0.0004454612731933594,0.00015082359313964844,0.9781976744186046
2605,416.6399302482605,0.024182984083563498,0.002226376533508301,0.00045609474182128906,0.00016541481018066405,0.9767441860465116
2610,417.47956919670105,0.007217253773922039,0.0018146276473999024,0.0005813121795654296,0.00017080307006835937,0.9752906976744186
2615,418.29465436935425,0.03645888070682304,0.0020205020904541016,0.0005187034606933594,0.00019130706787109374,0.9752906976744186
2620,419.11619210243225,0.01798848419569481,0.0016686439514160157,0.0005706787109375,0.00017271041870117187,0.9738372093023255
2625,419.92045736312866,0.21125303085470365,0.001762223243713379,0.0002670764923095703,0.0001404285430908203,0.9767441860465116
2630,420.71831011772156,0.01143091470003128,0.001840829849243164,0.0007384300231933593,0.0001577138900756836,0.9723837209302325
2635,421.54041600227356,0.04274204542709299,0.0018745183944702149,0.0005080699920654297,0.0002004384994506836,0.9738372093023255
2640,422.36350321769714,0.04596873135756141,0.0017023324966430665,0.00034031867980957033,0.00012993812561035156,0.9767441860465116
2645,423.16501927375793,0.36554177343273864,0.0019344091415405273,0.0004348278045654297,0.0001560211181640625,0.9811046511627907
2650,423.9724352359772,0.03834829687678507,0.0019082069396972657,0.0002777099609375,0.00014140605926513672,0.9825581395348837
2655,424.76807022094727,0.14452107211125167,0.0016424417495727538,0.0004135608673095703,0.0001387357711791992,0.9854651162790697
2660,425.6246211528778,0.03519600816072739,0.0020467042922973633,0.000675821304321289,0.00020439624786376952,0.9825581395348837
2665,426.4337601661682,0.07303736698815015,0.0017547369003295898,0.0006545543670654297,0.00017271041870117187,0.9825581395348837
2670,427.2222111225128,0.026784479798550365,0.001762223243713379,0.0002670764923095703,0.00013473033905029297,0.9796511627906976
2675,428.00155115127563,0.021842104310741205,0.0020541906356811523,0.0002883434295654297,0.00014801025390625,0.9796511627906976
2680,428.79846930503845,0.0253370764770807,0.0019344091415405273,0.0004348278045654297,0.00015037059783935548,0.9796511627906976
2685,429.5799672603607,0.07839396126660461,0.001848316192626953,0.0003509521484375,0.00015726089477539063,0.9840116279069767
2690,430.4127953052521,0.07387674085766775,0.0018146276473999024,0.0005813121795654296,0.00015516281127929686,0.9811046511627907
2695,431.22650718688965,0.19520075193160552,0.0017285346984863281,0.0004974365234375,0.00014629364013671876,0.9840116279069767
2700,432.06397914886475,0.010031593332683997,0.0015563488006591797,0.0003296852111816406,0.00013668537139892577,0.9781976744186046
2705,432.8697121143341,0.067739272210747,0.002166485786437988,0.000529336929321289,0.00018706321716308594,0.9781976744186046
2710,433.6795451641083,0.11094181127846241,0.001848316192626953,0.0003509521484375,0.00014219284057617187,0.9709302325581395
2715,434.4640271663666,0.2842498916849877,0.0018745183944702149,0.0005080699920654297,0.00015087127685546874,0.8968023255813954
2720,435.23920011520386,0.10853948866060818,0.0020205020904541016,0.0005187034606933594,0.00015218257904052733,0.9331395348837209
2725,436.0193021297455,0.10299633436652585,0.0017884254455566406,0.0004241943359375,0.0001527547836303711,0.9447674418604651
2730,436.8083062171936,0.03738220229906801,0.0015825510025024414,0.0004868030548095703,0.000146484375,0.9433139534883721
2735,437.6316730976105,0.1886374395916505,0.0015825510025024414,0.0004868030548095703,0.0001418590545654297,0.9622093023255814
2740,438.43730306625366,0.6004181466466463,0.0020205020904541016,0.0005187034606933594,0.0001611948013305664,0.9636627906976745
2745,439.24450302124023,0.049703299725752006,0.00199429988861084,0.00036158561706542967,0.00016710758209228515,0.9607558139534884
2750,440.0226182937622,0.07623739015544687,0.001410365104675293,0.00031905174255371095,0.00011873245239257812,0.9593023255813954
2755,440.84923696517944,0.09691055817579582,0.0019868135452270506,0.0007490634918212891,0.0001775503158569336,0.9563953488372093
2760,441.68255519866943,0.027017538285760166,0.001960611343383789,0.0005919456481933594,0.00015511512756347657,0.9578488372093024
2765,442.4728093147278,0.010539024503668771,0.0019344091415405273,0.0004348278045654297,0.000147247314453125,0.9563953488372093
2770,443.2919542789459,0.561153184394027,0.0019007205963134765,0.0006651878356933594,0.00016055107116699218,0.9578488372093024
2775,444.1023271083832,0.04603368486277759,0.0017023324966430665,0.00034031867980957033,0.00015532970428466797,0.9607558139534884
2780,444.9215741157532,0.04647750077156161,0.002106595039367676,0.0006025791168212891,0.00016775131225585938,0.9607558139534884
2785,445.72477531433105,0.07993584126259065,0.0020205020904541016,0.0005187034606933594,0.00016405582427978516,0.9593023255813954
2790,446.5922381877899,0.040744682285003365,0.002106595039367676,0.0006025791168212891,0.00016655921936035157,0.9607558139534884
2795,447.6200623512268,0.06721421713809832,0.002166485786437988,0.000529336929321289,0.00018062591552734376,0.9607558139534884
2800,448.406081199646,0.4434994001429004,0.0017023324966430665,0.00034031867980957033,0.0001444578170776367,0.9694767441860465
2805,449.1936593055725,0.011792932625058938,0.0019007205963134765,0.0006651878356933594,0.0001492023468017578,0.9694767441860465
2810,449.9829213619232,0.07145458199766494,0.00199429988861084,0.00036158561706542967,0.00014650821685791016,0.9694767441860465
2815,450.7561321258545,0.01756145356321497,0.0019344091415405273,0.0004348278045654297,0.00016095638275146485,0.9694767441860465
2820,451.5671832561493,0.3148550277795977,0.0018745183944702149,0.0005080699920654297,0.00019159317016601563,0.9709302325581395
2825,452.43048429489136,0.015776311378340326,0.0020205020904541016,0.0005187034606933594,0.00015254020690917968,0.9752906976744186
2830,453.2141902446747,0.003035143463058887,0.0021402835845947266,0.0003722190856933594,0.00015325546264648436,0.9723837209302325
2835,454.00805830955505,0.05626646112667828,0.00199429988861084,0.00036158561706542967,0.0001574277877807617,0.9665697674418605
2840,454.83747029304504,0.01628014920888745,0.001848316192626953,0.0003509521484375,0.00016400814056396484,0.9651162790697675
2845,455.6327922344208,0.03074924001703323,0.0016424417495727538,0.0004135608673095703,0.00014109611511230468,0.9636627906976745
2850,456.4079511165619,0.09892998924806307,0.0022001743316650392,0.0002989768981933594,0.00014433860778808593,0.9622093023255814
2855,457.1922061443329,0.32450081668275743,0.0017285346984863281,0.0004974365234375,0.00014688968658447266,0.9680232558139535
2860,457.99062514305115,0.15034614075811986,0.0018146276473999024,0.0005813121795654296,0.00015311241149902345,0.9781976744186046
2865,458.79518008232117,0.03729090593114961,0.0019344091415405273,0.0004348278045654297,0.00016040802001953124,0.9781976744186046
2870,459.5837471485138,0.25151519689425184,0.0018745183944702149,0.0005080699920654297,0.0001504659652709961,0.9796511627906976
2875,460.3679873943329,0.01961261895196458,0.002080392837524414,0.0004454612731933594,0.00015516281127929686,0.9752906976744186
2880,461.19694328308105,0.012480882748104705,0.0019344091415405273,0.0004348278045654297,0.00014219284057617187,0.9752906976744186
2885,461.97814416885376,0.07719097500677492,0.0019082069396972657,0.0002777099609375,0.00014154911041259767,0.9738372093023255
2890,462.7608292102814,0.11193539865496405,0.0017285346984863281,0.0004974365234375,0.00014491081237792968,0.9796511627906976
2895,463.5430500507355,0.006346037420401273,0.0016087532043457032,0.0006439208984375,0.00014672279357910156,0.9680232558139535
2900,464.3189842700958,0.044346999832129086,0.0014964580535888673,0.0004029273986816406,0.00012426376342773439,0.9651162790697675
2905,465.0960021018982,0.007413774635642767,0.0017884254455566406,0.0004241943359375,0.00014522075653076172,0.9607558139534884
2910,465.8754942417145,0.10344780078224289,0.0022001743316650392,0.0002989768981933594,0.00015261173248291016,0.9607558139534884
2915,466.65406918525696,0.020962851838523023,0.0016686439514160157,0.0005706787109375,0.00015010833740234376,0.9593023255813954
2920,467.43486309051514,0.013463110526117816,0.002166485786437988,0.000529336929321289,0.00016448497772216796,0.9593023255813954
2925,468.2090890407562,0.092863564124724,0.0015563488006591797,0.0003296852111816406,0.00012531280517578126,0.9651162790697675
2930,468.98646807670593,0.0036018583002686453,0.001848316192626953,0.0003509521484375,0.0001418590545654297,0.9680232558139535
2935,469.76407122612,0.0037784327259743123,0.0014964580535888673,0.0004029273986816406,0.0001224994659423828,0.9680232558139535
2940,470.53588128089905,0.059869111489535956,0.0017285346984863281,0.0004974365234375,0.00015075206756591796,0.9651162790697675
2945,471.3413391113281,0.02425601046270458,0.002166485786437988,0.000529336929321289,0.00016145706176757814,0.9651162790697675
2950,472.1395962238312,0.005148210420067301,0.0020541906356811523,0.0002883434295654297,0.00014433860778808593,0.9622093023255814
2955,472.9261083602905,0.011479637725381053,0.0019868135452270506,0.0007490634918212891,0.00015695095062255858,0.9593023255813954
2960,473.7149832248688,0.05298063723614917,0.0019344091415405273,0.0004348278045654297,0.00013988018035888673,0.9563953488372093
2965,474.4963903427124,0.016403576228732675,0.0016686439514160157,0.0005706787109375,0.00015931129455566407,0.9462209302325582
2970,475.3170371055603,0.7845293661507199,0.001762223243713379,0.0002670764923095703,0.00014410018920898437,0.9723837209302325
2975,476.0980191230774,0.011581980006303639,0.001840829849243164,0.0007384300231933593,0.00016412734985351562,0.9709302325581395
2980,476.8718011379242,0.0789895159132584,0.0017884254455566406,0.0004241943359375,0.00014417171478271485,0.9694767441860465
2985,477.659597158432,0.023421713877182525,0.0018745183944702149,0.0005080699920654297,0.00014753341674804686,0.9709302325581395
2990,478.4998412132263,0.5278867831039407,0.0019082069396972657,0.0002777099609375,0.0001806974411010742,0.9723837209302325
2995,479.3014540672302,0.03793843753778674,0.0019344091415405273,0.0004348278045654297,0.00014691352844238282,0.9752906976744186
3000,480.07792019844055,0.23297955072995363,0.0015563488006591797,0.0003296852111816406,0.00012433528900146484,0.9709302325581395
3005,480.8613450527191,0.03430245043982723,0.0021327972412109376,0.0007596969604492188,0.00017135143280029298,0.9680232558139535
3010,481.6337490081787,0.21137724581894873,0.0015825510025024414,0.0004868030548095703,0.0001390695571899414,0.9680232558139535
3015,482.41748809814453,0.050373150327345684,0.0019082069396972657,0.0002777099609375,0.0001520872116088867,0.9680232558139535
3020,483.240127325058,0.04514746102322533,0.0020541906356811523,0.0002883434295654297,0.0001749753952026367,0.9709302325581395
3025,484.0590662956238,0.024478327483905105,0.0020205020904541016,0.0005187034606933594,0.00017070770263671875,0.9738372093023255
3030,484.8833692073822,0.023056540167613094,0.001848316192626953,0.0003509521484375,0.00016531944274902343,0.9723837209302325
3035,485.7378890514374,0.1926544407208013,0.0015825510025024414,0.0004868030548095703,0.00015299320220947267,0.9767441860465116
3040,486.7081940174103,0.0679512097603947,0.0017285346984863281,0.0004974365234375,0.00016944408416748048,0.9752906976744186
3045,487.5724012851715,0.2919095169609605,0.0017285346984863281,0.0004974365234375,0.00015325546264648436,0.9781976744186046
3050,488.42355132102966,0.09671717244200409,0.002166485786437988,0.000529336929321289,0.00017683506011962892,0.9796511627906976
3055,489.268501996994,0.14970465706778668,0.001762223243713379,0.0002670764923095703,0.00017976760864257812,0.9723837209302325
3060,490.14717626571655,0.03897826987559938,0.0018745183944702149,0.0005080699920654297,0.00015842914581298828,0.9694767441860465
3065,490.9646141529083,0.07442696440266446,0.002080392837524414,0.0004454612731933594,0.00018367767333984374,0.9680232558139535
3070,491.7838761806488,0.01649476454717842,0.0017285346984863281,0.0004974365234375,0.00016012191772460938,0.9680232558139535
3075,492.6456871032715,0.08362586835874027,0.0017285346984863281,0.0004974365234375,0.0002115011215209961,0.9680232558139535
3080,493.50803422927856,0.012776861814541008,0.0014365673065185546,0.00047616958618164064,0.0001481771469116211,0.9680232558139535
3085,494.3615653514862,0.44483272954822867,0.002166485786437988,0.000529336929321289,0.0001743316650390625,0.9767441860465116
3090,495.1958100795746,0.202594816588703,0.001762223243713379,0.0002670764923095703,0.00016200542449951172,0.9811046511627907
3095,496.0744571685791,0.04792581512520115,0.0014964580535888673,0.0004029273986816406,0.0001516580581665039,0.9781976744186046
3100,496.9800183773041,0.06164445504574587,0.0021327972412109376,0.0007596969604492188,0.0002032756805419922,0.9738372093023255
3105,497.8495931625366,0.017817208543426943,0.0018745183944702149,0.0005080699920654297,0.00017409324645996095,0.9767441860465116
3110,498.69932532310486,0.0060341034276234495,0.001960611343383789,0.0005919456481933594,0.00017578601837158202,0.9767441860465116
3115,499.52761721611023,0.012588355876586377,0.0020205020904541016,0.0005187034606933594,0.00017304420471191405,0.9767441860465116
3120,500.342059135437,0.01404956843471723,0.0015563488006591797,0.0003296852111816406,0.0001440763473510742,0.9767441860465116
3125,501.162926197052,0.026967531954869627,0.0021327972412109376,0.0007596969604492188,0.00017132759094238282,0.9752906976744186
3130,501.973984003067,0.023439945094287394,0.0021402835845947266,0.0003722190856933594,0.0001529693603515625,0.9752906976744186
3135,502.80345702171326,0.0513962068100227,0.0020467042922973633,0.000675821304321289,0.00017321109771728516,0.9738372093023255
3140,503.7035582065582,0.17336655557382982,0.002080392837524414,0.0004454612731933594,0.00018019676208496093,0.9680232558139535
3145,504.5915153026581,0.14499901319936725,0.0016424417495727538,0.0004135608673095703,0.00016329288482666015,0.9694767441860465
3150,505.48226404190063,0.008567835484836906,0.0020467042922973633,0.000675821304321289,0.00019054412841796876,0.9723837209302325
3155,506.306027173996,0.05250686192888452,0.00199429988861084,0.00036158561706542967,0.00015506744384765624,0.9752906976744186
3160,507.13035821914673,0.005985062383443563,0.001848316192626953,0.0003509521484375,0.0001574277877807617,0.9752906976744186
3165,507.95197224617004,0.06590414872625842,0.0020205020904541016,0.0005187034606933594,0.00016794204711914062,0.9781976744186046
3170,508.7616403102875,0.015333769913127071,0.0020205020904541016,0.0005187034606933594,0.00017158985137939454,0.9796511627906976
3175,509.57476139068604,0.007776917103183223,0.002080392837524414,0.0004454612731933594,0.00017552375793457032,0.9796511627906976
3180,510.4058701992035,0.013271712279561143,0.0019082069396972657,0.0002777099609375,0.0001695394515991211,0.9811046511627907
3185,511.2390332221985,0.008140808032749192,0.0019344091415405273,0.0004348278045654297,0.00015614032745361328,0.9811046511627907
3190,512.0725193023682,0.02053307907190316,0.0016424417495727538,0.0004135608673095703,0.0001527547836303711,0.9811046511627907
3195,512.920134305954,0.21648222101016473,0.0022001743316650392,0.0002989768981933594,0.00019972324371337892,0.9811046511627907
3200,513.7316632270813,0.30790989747965797,0.0016686439514160157,0.0005706787109375,0.0001569032669067383,0.9796511627906976
3205,514.5513341426849,0.01419752700639947,0.0018745183944702149,0.0005080699920654297,0.0001628875732421875,0.9811046511627907
3210,515.4518001079559,0.026889215738992788,0.0019344091415405273,0.0004348278045654297,0.0001728057861328125,0.9811046511627907
3215,516.3109171390533,0.2646429161845504,0.0019344091415405273,0.0004348278045654297,0.00016472339630126953,0.9811046511627907
3220,517.1547281742096,0.010330143780841183,0.0020205020904541016,0.0005187034606933594,0.00016472339630126953,0.9811046511627907
3225,517.9672801494598,0.0013027664012057016,0.00199429988861084,0.00036158561706542967,0.0001578807830810547,0.9811046511627907
3230,518.7690241336823,0.1716870465781554,0.001762223243713379,0.0002670764923095703,0.00015304088592529296,0.9811046511627907
3235,519.5816760063171,0.010827050429546148,0.0016686439514160157,0.0005706787109375,0.0001706838607788086,0.9840116279069767
3240,520.44921708107,0.010245469896518955,0.001522660255432129,0.0005600452423095703,0.00014939308166503907,0.9854651162790697
3245,521.2568440437317,0.02498082369567527,0.0016424417495727538,0.0004135608673095703,0.0001368284225463867,0.9854651162790697
3250,522.0675361156464,0.0033881890589256614,0.0018745183944702149,0.0005080699920654297,0.0001689434051513672,0.9854651162790697
3255,522.8826081752777,0.08768579272491621,0.0020541906356811523,0.0002883434295654297,0.00016589164733886718,0.9854651162790697
3260,523.6945841312408,0.008088661458170065,0.0018146276473999024,0.0005813121795654296,0.00016582012176513672,0.9869186046511628
3265,524.5074412822723,0.0040139714241377075,0.0020205020904541016,0.0005187034606933594,0.00017888545989990233,0.9869186046511628
3270,525.3201594352722,0.16347042445718216,0.0015563488006591797,0.0003296852111816406,0.00012874603271484375,0.9869186046511628
3275,526.1340181827545,0.007686839440154358,0.00199429988861084,0.00036158561706542967,0.00017099380493164064,0.9854651162790697
3280,527.0031971931458,0.002493179855764538,0.0013504743576049805,0.00039229393005371096,0.0001537799835205078,0.9854651162790697
3285,527.8380501270294,0.1321026704172638,0.0017884254455566406,0.0004241943359375,0.00015332698822021485,0.9840116279069767
3290,528.6407244205475,0.019489446794784725,0.002312469482421875,0.0005399703979492188,0.00017931461334228516,0.9854651162790697
3295,529.4486284255981,0.01252573647677906,0.0019344091415405273,0.0004348278045654297,0.0001648426055908203,0.9854651162790697
3300,530.2627391815186,0.01124827891520681,0.002106595039367676,0.0006025791168212891,0.00018341541290283202,0.9840116279069767
3305,531.0852200984955,0.020493076737693627,0.0018146276473999024,0.0005813121795654296,0.00016465187072753907,0.9840116279069767
3310,531.9121291637421,0.006646138243621635,0.0016424417495727538,0.0004135608673095703,0.00014400482177734375,0.9840116279069767
3315,532.7512392997742,0.07623429443750637,0.0017884254455566406,0.0004241943359375,0.0001573324203491211,0.9811046511627907
3320,533.599335193634,0.0032944244056125173,0.001960611343383789,0.0005919456481933594,0.00016803741455078124,0.9796511627906976
3325,534.4130201339722,0.021371579822158537,0.0016424417495727538,0.0004135608673095703,0.00015122890472412108,0.9796511627906976
3330,535.3080761432648,0.002405219292303684,0.0020205020904541016,0.0005187034606933594,0.00018367767333984374,0.9811046511627907
3335,536.1432211399078,0.656936899126731,0.0019082069396972657,0.0002777099609375,0.00015730857849121093,0.9811046511627907
3340,536.9508962631226,0.09034289609352583,0.0017884254455566406,0.0004241943359375,0.00015234947204589844,0.9825581395348837
3345,537.7570292949677,0.02393226897142995,0.0016424417495727538,0.0004135608673095703,0.00013680458068847655,0.9854651162790697
3350,538.5488221645355,0.028718301421031357,0.002072906494140625,0.0008329391479492187,0.00016603469848632812,0.9840116279069767
3355,539.3354592323303,0.06152588871846092,0.0016424417495727538,0.0004135608673095703,0.0001371622085571289,0.9869186046511628
3360,540.1220500469208,0.026169434424022597,0.001968097686767578,0.0002044677734375,0.00014193058013916015,0.9869186046511628
3365,540.9317922592163,0.01607016037860376,0.00199429988861084,0.00036158561706542967,0.0001442432403564453,0.9869186046511628
3370,541.7614371776581,0.009212836977077643,0.0018745183944702149,0.0005080699920654297,0.00015716552734375,0.9869186046511628
3375,542.5483620166779,0.08974452865573994,0.0019082069396972657,0.0002777099609375,0.00014464855194091798,0.9869186046511628
3380,543.3290932178497,0.14761071384582464,0.0016686439514160157,0.0005706787109375,0.00014495849609375,0.9854651162790697
3385,544.1152319908142,0.008835971751261695,0.0017285346984863281,0.0004974365234375,0.00013859272003173827,0.9883720930232558
3390,544.8985850811005,0.007571578592950346,0.0017285346984863281,0.0004974365234375,0.00014257431030273438,0.9869186046511628
3395,545.6869120597839,0.054262167820709806,0.002080392837524414,0.0004454612731933594,0.00016107559204101563,0.9854651162790697
3400,546.4622902870178,0.15956877948065085,0.0017884254455566406,0.0004241943359375,0.00013735294342041016,0.9883720930232558
3405,547.2864232063293,0.01524114962376757,0.0019344091415405273,0.0004348278045654297,0.00016789436340332032,0.9869186046511628
3410,548.1110351085663,0.01661889388934128,0.0019344091415405273,0.0004348278045654297,0.00014982223510742187,0.9869186046511628
3415,548.9226381778717,0.006971665052697062,0.0017285346984863281,0.0004974365234375,0.00018138885498046874,0.9869186046511628
3420,549.7904732227325,0.03893727303438936,0.0016424417495727538,0.0004135608673095703,0.00013802051544189453,0.9883720930232558
3425,550.6163082122803,0.006040202034705544,0.0016087532043457032,0.0006439208984375,0.00014083385467529298,0.9883720930232558
3430,551.4709219932556,0.008780130976811051,0.002226376533508301,0.00045609474182128906,0.0001816272735595703,0.9883720930232558
3435,552.3047091960907,0.04685271614520161,0.0015301465988159179,0.00017256736755371093,0.00012805461883544922,0.9869186046511628
3440,553.1500012874603,0.029593544232193382,0.0016686439514160157,0.0005706787109375,0.00016317367553710937,0.9869186046511628