#{"solver": {"engine": {"type": "ExactEngine"}, "semiring": "GraphSemiring"}, "networks": [{"name": "perc_net_version_2_baseline_0", "module": "AD_V2_baseline_net_0(\n  (conv1): Conv2d(3, 6, kernel_size=(5, 5), stride=(1, 1))\n  (pool): MaxPool2d(kernel_size=2, stride=2, padding=0, dilation=1, ceil_mode=False)\n  (conv2): Conv2d(6, 16, kernel_size=(5, 5), stride=(1, 1))\n  (fc1): Linear(in_features=400, out_features=120, bias=True)\n  (fc2): Linear(in_features=120, out_features=84, bias=True)\n  (fc3): Linear(in_features=84, out_features=4, bias=True)\n  (softmax): Softmax(dim=-1)\n)", "optimizer": "Adam (\nParameter Group 0\n    amsgrad: False\n    betas: (0.9, 0.999)\n    capturable: False\n    differentiable: False\n    eps: 1e-08\n    foreach: None\n    fused: None\n    lr: 0.001\n    maximize: False\n    weight_decay: 0\n)", "k": null}], "program": "nn(perc_net_version_2_baseline_0,[Img],X,[0, 1, 2, 3])::action(Img,X).\nautonomous_driving_baseline(Img,X) :- action(Img,X).\n"}
#Accuracy 0.8766025641025641
i,time,loss,ground_time,compile_time,eval_time,accuracy
5,0.03068685531616211,1.1200062036514282,0.0004199981689453125,0.00016083717346191407,0.00011644363403320312,0.25
10,0.7988269329071045,1.4107106685638429,0.00048613548278808594,0.00016164779663085938,0.0001177072525024414,0.25
15,1.5622050762176514,1.388182318210602,0.0005005836486816406,0.00017294883728027343,0.00011355876922607422,0.3173076923076923
20,2.3942949771881104,1.4062724113464355,0.0004673480987548828,0.00015087127685546874,0.00011317729949951172,0.23557692307692307
25,3.1782681941986084,1.3811245560646057,0.0004919528961181641,0.00018277168273925782,0.00011515617370605469,0.28685897435897434
30,3.949390172958374,1.3574591279029846,0.0005013465881347657,0.00018815994262695314,0.00010488033294677734,0.2644230769230769
35,4.723047256469727,1.3244423627853394,0.0005035400390625,0.0002002716064453125,0.00011999607086181641,0.23557692307692307
40,5.4952309131622314,1.279003232717514,0.0005085468292236328,0.00018143653869628906,0.00012433528900146484,0.23557692307692307
45,6.273660182952881,1.5612853229045869,0.0004868030548095703,0.00014333724975585939,0.00012238025665283202,0.23557692307692307
50,7.044689178466797,1.3241160333156585,0.0004897594451904296,0.00017066001892089843,0.0001146554946899414,0.28525641025641024
55,7.815186977386475,1.3829389572143556,0.00048618316650390626,0.00018639564514160155,0.00012359619140625,0.40224358974358976
60,8.588593244552612,1.3985259294509889,0.0005216121673583985,0.00022058486938476564,0.0001146554946899414,0.46153846153846156
65,9.361436128616333,1.360874307155609,0.0004883766174316406,0.00019850730895996094,0.00011396408081054688,0.5625
70,10.131740093231201,1.3396297335624694,0.0004839897155761719,0.0001742839813232422,0.00010819435119628907,0.5737179487179487
75,10.902667045593262,1.32957603931427,0.00046515464782714844,0.00013875961303710938,0.00010223388671875,0.5913461538461539
80,11.673516035079956,1.3305272698402404,0.00050201416015625,0.00016984939575195312,0.00010409355163574219,0.5641025641025641
85,12.440232992172241,1.245600837469101,0.0005157947540283203,0.0001994609832763672,9.899139404296875e-05,0.5625
90,13.208293199539185,1.1467362761497497,0.000502777099609375,0.00018506050109863282,0.00010914802551269532,0.4583333333333333
95,13.977949142456055,1.1275615751743318,0.0004955768585205078,0.00019178390502929687,0.0001074075698852539,0.5705128205128205
100,14.744807243347168,1.092562335729599,0.0004933834075927735,0.0001796722412109375,9.913444519042969e-05,0.5753205128205128
105,15.517295122146606,0.8350240126252174,0.00047454833984375,0.0001441478729248047,0.00011005401611328126,0.5256410256410257
110,16.290897130966187,0.9039023011922837,0.0004796028137207031,0.00015006065368652343,0.00010774135589599609,0.46153846153846156
115,17.07709312438965,1.5640491710975766,0.0004933834075927735,0.0001796722412109375,0.00012438297271728517,0.5416666666666666
120,17.90470600128174,0.7363849190995098,0.00050201416015625,0.00016984939575195312,0.0001102447509765625,0.5544871794871795
125,18.673099994659424,1.0098524663597346,0.0004919528961181641,0.00018277168273925782,0.00011565685272216797,0.5705128205128205
130,19.448957920074463,0.7987098168581724,0.0004947662353515625,0.000151824951171875,0.00011413097381591797,0.5913461538461539
135,20.217097997665405,0.9353748686611653,0.0004969596862792969,0.00016393661499023438,0.00011048316955566406,0.5689102564102564
140,20.986958980560303,0.8377686604857445,0.00050201416015625,0.00016984939575195312,0.00011508464813232422,0.5080128205128205
145,21.76299214363098,0.9513770833611488,0.0005034446716308594,0.0001667499542236328,9.67264175415039e-05,0.5528846153846154
150,22.53221607208252,0.8508076399564743,0.0005128383636474609,0.00017213821411132812,0.00010542869567871093,0.5785256410256411
155,23.306183099746704,0.9501071859151125,0.0004926204681396484,0.0001644611358642578,0.0001169443130493164,0.6025641025641025
160,24.08004093170166,0.7934900004416704,0.00048613548278808594,0.00016164779663085938,0.00010230541229248047,0.625
165,24.849924087524414,0.6174636195413769,0.0004983901977539063,0.00016083717346191407,9.989738464355469e-05,0.6169871794871795
170,25.614503860473633,1.0825542524456977,0.0005078315734863281,0.00019097328186035156,0.00011372566223144531,0.655448717948718
175,26.388496160507202,1.0161188604310154,0.0004839897155761719,0.0001742839813232422,0.00011975765228271485,0.7243589743589743
180,27.155911207199097,0.903777827322483,0.0005142688751220703,0.0001690387725830078,0.00010957717895507813,0.6875
185,27.937516927719116,0.6136365536600351,0.0004875659942626953,0.00015854835510253906,0.00010104179382324219,0.6618589743589743
190,28.70803999900818,1.054772311076522,0.0004817962646484375,0.00016217231750488282,0.00010976791381835937,0.6987179487179487
195,29.4759202003479,0.4378945019096136,0.0005042076110839844,0.0001819610595703125,8.955001831054688e-05,0.7467948717948718
200,30.250977993011475,0.6433636479079723,0.0005085945129394531,0.00020618438720703124,0.00011742115020751953,0.7451923076923077
205,31.06817102432251,0.5857221186161041,0.0005266189575195313,0.0002017498016357422,0.00010507106781005859,0.6891025641025641
210,31.845405101776123,0.5545923678204417,0.0004897594451904296,0.00017066001892089843,0.0001161336898803711,0.6746794871794872
215,32.618398904800415,1.5087221431545914,0.00047817230224609373,0.00015316009521484374,0.00011153221130371094,0.7083333333333334
220,33.390634059906006,0.9734858874231577,0.0005172252655029297,0.00019636154174804688,0.00010557174682617188,0.717948717948718
225,34.15542697906494,0.6049185909330845,0.0004889965057373047,0.00015544891357421875,0.00010678768157958984,0.7163461538461539
230,34.928159952163696,0.6412539310753346,0.0004955768585205078,0.00019178390502929687,0.00010728836059570312,0.7403846153846154
235,35.697810888290405,0.738119987398386,0.0005252361297607422,0.0002295970916748047,0.00011229515075683594,0.7676282051282052
240,36.47362518310547,0.6101176291704178,0.000491189956665039,0.00016756057739257811,0.00011317729949951172,0.7532051282051282
245,37.24604797363281,0.6937734961509705,0.0005121707916259765,0.00019044876098632811,0.00010721683502197265,0.7564102564102564
250,38.01486611366272,0.8601996563374996,0.00046811103820800783,0.00016608238220214844,0.00011608600616455078,0.7275641025641025
255,38.78656315803528,0.5521597078070044,0.0005077838897705079,0.00016622543334960939,0.00010597705841064453,0.6907051282051282
260,39.5566041469574,1.066688171774149,0.0004825592041015625,0.0001773834228515625,0.00010786056518554687,0.717948717948718
265,40.32340407371521,1.1022828912362457,0.0004601478576660156,0.0001575946807861328,0.00012161731719970704,0.7612179487179487
270,41.10553503036499,0.4667498582042754,0.0005071163177490234,0.00018453598022460938,0.0001093149185180664,0.7259615384615384
275,41.884531021118164,0.854243777692318,0.0005114555358886718,0.00019998550415039061,0.00010287761688232422,0.7243589743589743
280,42.651283979415894,0.9091991994529962,0.000491189956665039,0.00016756057739257811,9.982585906982422e-05,0.7291666666666666
285,43.41381096839905,1.140976319462061,0.000501251220703125,0.00015463829040527344,0.0001064300537109375,0.7419871794871795
290,44.18248224258423,0.6395058870315552,0.000519418716430664,0.00020847320556640624,0.00011205673217773438,0.7339743589743589
295,45.00597906112671,0.6047012612223626,0.0004897594451904296,0.00017066001892089843,0.00010766983032226563,0.7307692307692307
300,45.78053307533264,0.4151975180953741,0.0004991531372070312,0.00017604827880859374,0.0001100778579711914,0.7339743589743589
305,46.55228519439697,0.8913855478167534,0.0004926204681396484,0.0001644611358642578,0.00010571479797363281,0.7339743589743589
310,47.32394504547119,0.47623489908874034,0.0005064010620117188,0.00019407272338867188,9.381771087646484e-05,0.7419871794871795
315,48.09800386428833,1.1329610377550126,0.0004803657531738281,0.00016527175903320314,0.00010538101196289062,0.7467948717948718
320,48.86708402633667,0.5940402591601014,0.0004983901977539063,0.00016083717346191407,9.739398956298828e-05,0.7532051282051282
325,49.640263080596924,0.8354208067059516,0.000502777099609375,0.00018506050109863282,0.00011394023895263671,0.7564102564102564
330,50.415282249450684,0.6126434645149856,0.00047311782836914065,0.000147247314453125,0.00011131763458251953,0.75
335,51.196240186691284,0.5877203490585089,0.0004673480987548828,0.00015087127685546874,0.00010602474212646484,0.75
340,51.97596216201782,0.4566255694255233,0.0005179882049560547,0.00021157264709472656,0.00010170936584472657,0.7355769230769231
345,52.75146007537842,0.6521627291105687,0.0004999160766601563,0.00019125938415527345,0.00011560916900634765,0.7644230769230769
350,53.5280020236969,0.38479546578601004,0.0005049705505371094,0.0001971721649169922,0.00010483264923095703,0.7580128205128205
355,54.315853118896484,0.7855354729108512,0.000504159927368164,0.0001572132110595703,9.827613830566406e-05,0.7580128205128205
360,55.08923697471619,0.8078906286507845,0.00047817230224609373,0.00015316009521484374,0.00010898113250732422,0.7692307692307693
365,55.861528158187866,0.7833572025410831,0.0004933834075927735,0.0001796722412109375,0.00010497570037841797,0.7451923076923077
370,56.64780902862549,0.7256922041065991,0.0005085945129394531,0.00020618438720703124,0.00011048316955566406,0.7628205128205128
375,57.417622089385986,0.9184602327644825,0.0005013942718505859,0.0002129077911376953,0.0001062154769897461,0.7756410256410257
380,58.53747820854187,0.5081279665231705,0.00048618316650390626,0.00018639564514160155,0.00013604164123535157,0.7660256410256411
385,59.37998700141907,0.8310560643672943,0.0004702091217041016,0.00014467239379882811,0.0001131296157836914,0.7467948717948718
390,60.16986393928528,0.3907412980683148,0.00048613548278808594,0.00016164779663085938,0.00010447502136230468,0.7644230769230769
395,60.98637795448303,0.5795407524332404,0.0005172252655029297,0.00019636154174804688,0.00010733604431152343,0.7708333333333334
400,61.78431415557861,0.282157441903837,0.0004991531372070312,0.00017604827880859374,0.00011420249938964844,0.7692307692307693
405,62.57909297943115,1.146506652608514,0.0004970073699951172,0.00018868446350097656,0.00010700225830078125,0.7660256410256411
410,63.365715980529785,0.4961423881351948,0.0004933834075927735,0.0001796722412109375,0.00011110305786132812,0.7564102564102564
415,64.16522598266602,0.4835138641297817,0.000491189956665039,0.00016756057739257811,0.0001129150390625,0.7532051282051282
420,64.95533418655396,0.5652006220072507,0.0004673480987548828,0.00015087127685546874,0.0001142263412475586,0.7403846153846154
425,65.74267601966858,0.5761803194880486,0.000491189956665039,0.00016756057739257811,0.00010421276092529297,0.7467948717948718
430,66.53489303588867,0.8292516462504864,0.0004904270172119141,0.00015234947204589844,0.00011372566223144531,0.75
435,67.32255005836487,0.5320096660405398,0.0005273818969726562,0.00021696090698242188,0.00010395050048828125,0.7307692307692307
440,68.14530825614929,0.579761162365321,0.00046372413635253906,0.0001418590545654297,0.00011570453643798828,0.719551282051282
445,68.97851204872131,0.3804368468001485,0.0005171775817871093,0.00017161369323730468,0.0001024007797241211,0.7371794871794872
450,69.7879900932312,0.9266246344472165,0.0004926204681396484,0.0001644611358642578,0.00013310909271240233,0.7692307692307693
455,70.68265390396118,0.39411290555726736,0.0005092144012451172,0.00016312599182128907,0.00011150836944580078,0.782051282051282
460,71.54870510101318,0.5805404687300324,0.0005034446716308594,0.0001667499542236328,0.0001102447509765625,0.782051282051282
465,72.3922770023346,0.6609369617654011,0.0005150318145751953,0.0001842498779296875,0.0001008749008178711,0.7740384615384616
470,73.18394017219543,1.024555286206305,0.0004673480987548828,0.00015087127685546874,0.00010974407196044922,0.7788461538461539
475,73.96308493614197,0.33953097922494635,0.00048394203186035155,0.0001495361328125,0.00012335777282714843,0.7788461538461539
480,74.74566698074341,0.46415941626764834,0.0005150318145751953,0.0001842498779296875,0.00011293888092041015,0.7852564102564102
485,75.54081988334656,0.724437077739276,0.00048542022705078125,0.00017118453979492188,0.00011310577392578124,0.7884615384615384
490,76.32149004936218,0.8895913304528221,0.0005142688751220703,0.0001690387725830078,0.00010445117950439454,0.7916666666666666
495,77.09053802490234,0.3998671713285148,0.0004933834075927735,0.0001796722412109375,0.00011103153228759765,0.7868589743589743
500,77.86368107795715,0.5090359563881066,0.00047674179077148435,0.00015625953674316406,0.00010750293731689453,0.7852564102564102
505,78.62891006469727,0.25506789546925573,0.0005070686340332032,0.00017576217651367189,0.00010464191436767578,0.7932692307692307
510,79.40294599533081,0.545045995246619,0.0004941463470458984,0.00019488334655761718,9.887218475341797e-05,0.7948717948717948
515,80.17290592193604,0.3218213628046215,0.0005324363708496093,0.00022287368774414061,0.00010869503021240234,0.7772435897435898
520,80.93815183639526,0.21194656648440285,0.0005063533782958985,0.0001693248748779297,0.00011162757873535156,0.7692307692307693
525,81.73158192634583,0.8698806995700579,0.0004702091217041016,0.00014467239379882811,0.00010759830474853516,0.7836538461538461
530,82.51619815826416,0.32339056171476843,0.0005071640014648437,0.00020928382873535155,0.00011701583862304688,0.782051282051282
535,83.29192113876343,0.5366218730574474,0.0004998207092285156,0.00015773773193359376,0.00010554790496826172,0.7676282051282052
540,84.0697751045227,0.7484166050038766,0.0005042076110839844,0.0001819610595703125,0.00011382102966308593,0.7788461538461539
545,84.84720706939697,0.5431622091680766,0.0005013942718505859,0.0002129077911376953,0.00010013580322265625,0.7852564102564102
550,85.63038802146912,0.3322334736585617,0.000502777099609375,0.00018506050109863282,0.00011146068572998047,0.7916666666666666
555,86.44617223739624,0.5071030618622899,0.0005078315734863281,0.00019097328186035156,0.00011756420135498047,0.7836538461538461
560,87.21779990196228,0.7028278224170208,0.00047168731689453127,0.00015034675598144532,0.00010774135589599609,0.7884615384615384
565,87.98513293266296,0.36626909198093927,0.0005099773406982422,0.00017833709716796875,9.856224060058593e-05,0.782051282051282
570,88.7495470046997,0.6390316655160859,0.0004839897155761719,0.0001742839813232422,0.00011317729949951172,0.7676282051282052
575,89.51338005065918,0.7452132478356361,0.0004811286926269531,0.0001804828643798828,0.0001119852066040039,0.7900641025641025
580,90.27611994743347,0.5716768877726282,0.00047168731689453127,0.00015034675598144532,0.00010285377502441406,0.7852564102564102
585,91.04433417320251,0.607392415869981,0.0005208492279052734,0.00020537376403808593,0.00010731220245361329,0.7580128205128205
590,91.81255388259888,0.6121902090497315,0.0004970073699951172,0.00018868446350097656,0.0001108407974243164,0.7532051282051282
595,92.57323098182678,1.1100859412923456,0.0004976272583007812,0.00014562606811523436,0.00010650157928466797,0.7612179487179487
600,93.33972716331482,0.6378566846717149,0.0005092620849609375,0.00018787384033203125,0.00011050701141357422,0.75
605,94.10386514663696,0.39836327321827414,0.0004883289337158203,0.00017375946044921874,0.00010590553283691406,0.7451923076923077
610,94.87293004989624,0.49442180152982473,0.0005042076110839844,0.0001819610595703125,0.00010216236114501953,0.7532051282051282
615,95.63440895080566,0.5999764794483781,0.0005136013031005859,0.0001873493194580078,0.00010883808135986328,0.7692307692307693
620,96.4027488231659,0.5357613112777472,0.0004817962646484375,0.00016217231750488282,0.000116729736328125,0.7676282051282052
625,97.17697405815125,0.6423728867433965,0.0004803657531738281,0.00016527175903320314,0.00011327266693115235,0.7692307692307693
630,97.94879698753357,0.7772004178725183,0.0005244255065917969,0.0001896381378173828,0.00010280609130859375,0.7676282051282052
635,98.71953511238098,0.5766314405016602,0.00048689842224121095,0.00017685890197753905,0.00011668205261230468,0.782051282051282
640,99.5515661239624,0.29333070816937834,0.0004983901977539063,0.00016083717346191407,0.00011970996856689454,0.7724358974358975
645,100.33286905288696,0.6408146335277707,0.00046591758728027345,0.00015397071838378905,0.00012533664703369142,0.7612179487179487
650,101.14880800247192,0.14697598094353453,0.0004955768585205078,0.00019178390502929687,0.00011351108551025391,0.7483974358974359
655,101.94817996025085,0.3813214536756277,0.0004919528961181641,0.00018277168273925782,0.0001184701919555664,0.7516025641025641
660,102.75467205047607,0.7357106898445636,0.0005093097686767578,0.00019664764404296874,0.00010886192321777344,0.7740384615384616
665,103.54225206375122,0.7441724931471981,0.0005085468292236328,0.00018143653869628906,0.00013501644134521483,0.7836538461538461
670,104.36392021179199,0.6920515891630202,0.0004882335662841797,0.00014023780822753907,0.00011897087097167969,0.7900641025641025
675,105.14799404144287,0.8712576299440116,0.0004803657531738281,0.00016527175903320314,0.00011153221130371094,0.7740384615384616
680,105.92254686355591,0.5433761364780366,0.0004977703094482422,0.00020389556884765626,0.00010898113250732422,0.7788461538461539
685,106.70281600952148,0.2924856709316373,0.0005252361297607422,0.0002295970916748047,0.00011322498321533203,0.7836538461538461
690,107.4952700138092,0.7831274913623929,0.00047173500061035154,0.0001750946044921875,0.00011267662048339844,0.7740384615384616
695,108.27009892463684,0.6099584943265655,0.0004962444305419922,0.00017347335815429688,0.00010192394256591797,0.7708333333333334
700,109.04496622085571,0.42396617056801916,0.0004543304443359375,0.00013647079467773437,0.000109100341796875,0.7708333333333334
705,109.823557138443,0.6216628225462045,0.0005136013031005859,0.0001873493194580078,0.0001230478286743164,0.7756410256410257
710,110.5970070362091,0.21066178035689517,0.000502777099609375,0.00018506050109863282,0.00010840892791748047,0.7788461538461539
715,111.36545300483704,0.7099314962542849,0.0005064010620117188,0.00019407272338867188,0.00011258125305175781,0.7740384615384616
720,112.1422770023346,0.3681905224919319,0.0004919528961181641,0.00018277168273925782,0.00012204647064208984,0.7692307692307693
725,112.95561695098877,0.4883669842965901,0.0005056381225585938,0.0001788616180419922,0.0001062154769897461,0.7644230769230769
730,113.72280597686768,0.39921227586455643,0.00046372413635253906,0.0001418590545654297,0.0001071929931640625,0.7660256410256411
735,114.48939895629883,0.4746192873455584,0.0004796028137207031,0.00015006065368652343,0.00010473728179931641,0.7900641025641025
740,115.2553939819336,0.5396667720284313,0.0005042076110839844,0.0001819610595703125,0.0001085042953491211,0.7996794871794872
745,116.01542592048645,0.4277942440472543,0.0005064010620117188,0.00019407272338867188,9.942054748535156e-05,0.7948717948717948
750,116.77383589744568,0.513248511110578,0.00048613548278808594,0.00016164779663085938,0.0001149892807006836,0.7772435897435898
755,117.53749513626099,0.3047801485750824,0.0004933357238769531,0.0001549243927001953,0.0001010894775390625,0.7788461538461539
760,118.29940509796143,0.4534064439198119,0.00050201416015625,0.00016984939575195312,0.0001146554946899414,0.7932692307692307
765,119.05861496925354,0.7621036680902762,0.0004998207092285156,0.00015773773193359376,0.00011060237884521484,0.7980769230769231
770,119.82264399528503,0.7446077189219068,0.00050201416015625,0.00016984939575195312,0.00010688304901123047,0.8141025641025641
775,120.58401608467102,0.3269653610885143,0.0005150318145751953,0.0001842498779296875,0.00010864734649658203,0.8269230769230769
780,121.36167001724243,0.7174074429669417,0.0004796028137207031,0.00015006065368652343,0.00010845661163330078,0.8060897435897436
785,122.12810707092285,0.8456443437840789,0.0004875659942626953,0.00015854835510253906,0.00010285377502441406,0.8044871794871795
790,122.8867130279541,0.29317404797766355,0.0005114078521728516,0.00017523765563964844,0.00010056495666503907,0.8044871794871795
795,123.65973806381226,0.472713792588911,0.0004948139190673828,0.0001765727996826172,0.00010640621185302735,0.8076923076923077
800,124.42715001106262,0.35762671591946854,0.0004948139190673828,0.0001765727996826172,0.00010473728179931641,0.7964743589743589
805,125.19482898712158,0.6329585488885641,0.0004926204681396484,0.0001644611358642578,0.00011281967163085937,0.7980769230769231
810,125.95859098434448,0.31961353098013207,0.0004983901977539063,0.00016083717346191407,0.00010790824890136719,0.8028846153846154
815,126.77307605743408,0.35608194522501435,0.0004948139190673828,0.0001765727996826172,9.86337661743164e-05,0.7980769230769231
820,127.547856092453,0.2485386395121168,0.0004803657531738281,0.00016527175903320314,9.55820083618164e-05,0.7932692307692307
825,128.30675983428955,0.5356275797937997,0.0005346298217773438,0.0002349853515625,0.00010685920715332031,0.8044871794871795
830,129.07159185409546,0.25055059107471606,0.0005208015441894531,0.00018062591552734376,0.00011043548583984375,0.8076923076923077
835,129.8577790260315,0.29468170208274386,0.0004695415496826172,0.00016298294067382813,0.00011577606201171876,0.7948717948717948
840,130.63642811775208,0.4778865723637864,0.0005042076110839844,0.0001819610595703125,0.00011615753173828125,0.7932692307692307
845,131.42606616020203,0.46956598733668214,0.00050201416015625,0.00016984939575195312,0.00011453628540039062,0.782051282051282
850,132.2058401107788,1.0112415572046303,0.0004983901977539063,0.00016083717346191407,0.00010218620300292969,0.7740384615384616
855,132.97676491737366,0.21675428193993868,0.0005013942718505859,0.0002129077911376953,0.00011475086212158203,0.7868589743589743
860,133.75218415260315,0.47838943600654604,0.0005216121673583985,0.00022058486938476564,0.00010099411010742188,0.7996794871794872
865,134.51960706710815,0.26665380829945207,0.0004948139190673828,0.0001765727996826172,0.00010890960693359375,0.7980769230769231
870,135.28689312934875,0.6061652926728129,0.00048613548278808594,0.00016164779663085938,0.00010256767272949218,0.7948717948717948
875,136.04416704177856,0.6067242590710521,0.0004883289337158203,0.00017375946044921874,0.00010280609130859375,0.7964743589743589
880,136.80681586265564,0.1953097827543388,0.0005005836486816406,0.00017294883728027343,9.615421295166016e-05,0.7964743589743589
885,137.5652210712433,0.8012764122802765,0.0004695415496826172,0.00016298294067382813,0.00010182857513427735,0.8092948717948718
890,138.3235080242157,0.6316919505305123,0.00047893524169921874,0.00016837120056152345,0.00010592937469482422,0.8044871794871795
895,139.08050990104675,0.4147578006668482,0.0005121707916259765,0.00019044876098632811,0.00010557174682617188,0.7964743589743589
900,139.89140820503235,0.7031699229264632,0.00048761367797851564,0.00018329620361328124,0.00011076927185058594,0.8060897435897436
905,140.6694839000702,0.530766864377074,0.0005114078521728516,0.00017523765563964844,0.00011146068572998047,0.7948717948717948
910,141.43256402015686,0.8003274597576819,0.0004940509796142578,0.0001613616943359375,0.00010709762573242187,0.7756410256410257
915,142.1990041732788,0.2764720099046826,0.0005157947540283203,0.0001994609832763672,0.00011076927185058594,0.7676282051282052
920,142.9612250328064,0.3316827652743086,0.0004933834075927735,0.0001796722412109375,0.000112152099609375,0.7724358974358975
925,143.72537899017334,0.5866695538163185,0.0004991531372070312,0.00017604827880859374,0.00010821819305419921,0.780448717948718
930,144.48880004882812,0.4999328337609768,0.000501251220703125,0.00015463829040527344,0.00010855197906494141,0.7884615384615384
935,145.2478551864624,0.40530969386454674,0.0004955768585205078,0.00019178390502929687,0.00011010169982910157,0.7900641025641025
940,146.00061511993408,0.7276499425293877,0.0004933834075927735,0.0001796722412109375,0.00010285377502441406,0.7996794871794872
945,146.75461292266846,0.4779670160729438,0.0004933357238769531,0.0001549243927001953,0.00010459423065185547,0.8044871794871795
950,147.5029821395874,0.4207294357707724,0.000502777099609375,0.00018506050109863282,9.951591491699218e-05,0.8012820512820513
955,148.2613880634308,0.5047314101131632,0.0004673480987548828,0.00015087127685546874,9.932518005371094e-05,0.7836538461538461
960,149.02285408973694,0.2234058314767026,0.00047674179077148435,0.00015625953674316406,0.00010588169097900391,0.7692307692307693
965,149.77614521980286,0.3296741899685003,0.0005049705505371094,0.0001971721649169922,0.0001064300537109375,0.7644230769230769
970,150.52690887451172,0.7601660647080279,0.0005035400390625,0.0002002716064453125,0.00010402202606201172,0.7676282051282052
975,151.27968621253967,0.44584741084227064,0.0005107402801513671,0.00019354820251464843,0.00011510848999023438,0.7884615384615384
980,152.02930307388306,0.6912707127630711,0.0004961967468261718,0.00014872550964355468,9.927749633789062e-05,0.8125
985,152.83017897605896,0.7715867298888043,0.00047817230224609373,0.00015316009521484374,0.00010290145874023438,0.7964743589743589
990,153.5856990814209,0.3133725997584406,0.0004955768585205078,0.00019178390502929687,0.00010826587677001954,0.7772435897435898
995,154.3423149585724,0.45379082979634405,0.0005085945129394531,0.00020618438720703124,9.887218475341797e-05,0.7852564102564102
1000,155.1008539199829,0.6767969320062548,0.0004883766174316406,0.00019850730895996094,0.00010218620300292969,0.7852564102564102
1005,155.85551714897156,0.360920656810049,0.0004992008209228516,0.00020079612731933595,0.00010666847229003906,0.8012820512820513
1010,156.6138310432434,0.6559438790944114,0.0004665851593017578,0.00013566017150878906,9.436607360839844e-05,0.8028846153846154
1015,157.378732919693,0.26454087188467384,0.0005005836486816406,0.00017294883728027343,0.00011360645294189453,0.7980769230769231
1020,158.13840007781982,0.382439900902682,0.000502777099609375,0.00018506050109863282,0.00010855197906494141,0.8076923076923077
1025,158.90618801116943,0.15999002577864302,0.0005136013031005859,0.0001873493194580078,9.9945068359375e-05,0.8060897435897436
1030,159.66958689689636,0.7931167761096731,0.0004825592041015625,0.0001773834228515625,0.00010633468627929688,0.8012820512820513
1035,160.43402695655823,0.24688787292689085,0.0005064010620117188,0.00019407272338867188,9.891986846923828e-05,0.7916666666666666
1040,161.19408416748047,0.37491695208009335,0.0004875659942626953,0.00015854835510253906,0.00010709762573242187,0.7884615384615384
1045,161.9582531452179,0.45510449782013895,0.00045795440673828124,0.00014548301696777345,0.00010664463043212891,0.7980769230769231
1050,162.72858905792236,0.45515250456519424,0.00050201416015625,0.00016984939575195312,0.00010859966278076172,0.8076923076923077
1055,163.48767518997192,0.5784010612405837,0.0004926204681396484,0.0001644611358642578,0.00011522769927978516,0.8189102564102564
1060,164.25171494483948,0.29637303622439504,0.000514364242553711,0.0002025604248046875,0.00011134147644042969,0.8125
1065,165.01050806045532,0.38558441803115784,0.0004759788513183594,0.00014104843139648438,0.00010313987731933594,0.8012820512820513
1070,165.76796197891235,0.1144780807199595,0.0005157470703125,0.000174713134765625,0.000115966796875,0.7932692307692307
1075,166.56696391105652,0.9322933195292649,0.0004817962646484375,0.00016217231750488282,9.894371032714844e-05,0.8205128205128205
1080,167.31612586975098,0.3101904601240676,0.0005128383636474609,0.00017213821411132812,0.00010881423950195312,0.8301282051282052
1085,168.0650200843811,0.47728448089183073,0.0004998207092285156,0.00015773773193359376,0.00011134147644042969,0.8349358974358975
1090,168.8127601146698,0.5220869961631251,0.0005056381225585938,0.0001788616180419922,0.00010509490966796875,0.8141025641025641
1095,169.57006692886353,1.0006758965668268,0.00048613548278808594,0.00016164779663085938,0.00010616779327392578,0.8125
1100,170.3200330734253,0.49103616846259684,0.0004875659942626953,0.00015854835510253906,0.00010886192321777344,0.8125
1105,171.0836570262909,0.5776622199123267,0.0005164623260498046,0.00018115043640136718,0.00010561943054199219,0.8205128205128205
1110,171.83034896850586,0.506658338662237,0.0004745960235595703,0.00016889572143554687,0.00010297298431396484,0.8221153846153846
1115,172.58299493789673,0.2920903569996881,0.0005236625671386719,0.00017442703247070313,0.00010712146759033203,0.8189102564102564
1120,173.33314299583435,0.3156411856312843,0.0004817962646484375,0.00016217231750488282,0.0001087188720703125,0.8125
1125,174.08643102645874,0.3658391572535038,0.00047674179077148435,0.00015625953674316406,0.00010600090026855469,0.8237179487179487
1130,174.83745884895325,0.14791324302605063,0.0005150318145751953,0.0001842498779296875,0.00011036396026611328,0.8141025641025641
1135,175.5871868133545,0.4175392035278492,0.0004992008209228516,0.00020079612731933595,0.00010964870452880859,0.8157051282051282
1140,176.33683395385742,0.24334738488396396,0.0005288124084472656,0.00021386146545410156,9.684562683105468e-05,0.8189102564102564
1145,177.08354711532593,0.20444286488163926,0.0004969596862792969,0.00016393661499023438,0.0001033782958984375,0.8092948717948718
1150,177.8309690952301,0.9355286583398993,0.0004817962646484375,0.00016217231750488282,0.00011031627655029297,0.8205128205128205
1155,178.58394503593445,0.3039477469792473,0.0005064010620117188,0.00019407272338867188,0.00010662078857421875,0.8060897435897436
1160,179.38424110412598,0.8429079063520476,0.0004983901977539063,0.00016083717346191407,0.0001073598861694336,0.7980769230769231
1165,180.13291597366333,0.22261067703584558,0.0004970073699951172,0.00018868446350097656,9.424686431884766e-05,0.8044871794871795
1170,180.88632225990295,0.46990349879488347,0.0005085945129394531,0.00020618438720703124,0.00010862350463867188,0.8108974358974359
1175,181.64405918121338,0.33265139611903577,0.0004933834075927735,0.0001796722412109375,9.903907775878906e-05,0.8076923076923077
1180,182.40086698532104,0.46662632655352354,0.0005172252655029297,0.00019636154174804688,9.982585906982422e-05,0.8028846153846154
1185,183.15153408050537,0.5411232085898519,0.00047750473022460936,0.00017147064208984376,0.00011379718780517578,0.8092948717948718
1190,183.90936708450317,0.3332073156052502,0.0004969596862792969,0.00016393661499023438,0.00010190010070800781,0.8173076923076923
1195,184.6766641139984,0.49660838264971974,0.0004803657531738281,0.00016527175903320314,0.00011794567108154297,0.8349358974358975
1200,185.4419870376587,0.42377101577803844,0.0004825592041015625,0.0001773834228515625,0.00010251998901367188,0.8301282051282052
1205,186.1974971294403,0.4880853735026903,0.0004832744598388672,0.0001678466796875,9.489059448242188e-05,0.8237179487179487
1210,186.9652280807495,0.4187894508751924,0.0005114555358886718,0.00019998550415039061,0.00010232925415039062,0.8285256410256411
1215,187.7201590538025,0.5961975294034346,0.0004948139190673828,0.0001765727996826172,0.0001064300537109375,0.8349358974358975
1220,188.4744839668274,0.7416291168192402,0.0005106449127197266,0.00016002655029296876,9.961128234863282e-05,0.8125
1225,189.22780203819275,0.433134366471495,0.0005042076110839844,0.0001819610595703125,0.00010783672332763672,0.7836538461538461
1230,189.99654293060303,0.48603792637586596,0.0004933834075927735,0.0001796722412109375,0.00010960102081298828,0.782051282051282
1235,190.74969005584717,0.3900604728783946,0.0004991531372070312,0.00017604827880859374,9.74893569946289e-05,0.7916666666666666
1240,191.5006880760193,0.7097994254902005,0.0005042076110839844,0.0001819610595703125,0.00010588169097900391,0.8028846153846154
1245,192.30299592018127,0.42521297284401954,0.0004948139190673828,0.0001765727996826172,0.00011572837829589843,0.8349358974358975
1250,193.05151200294495,0.4639448027359322,0.0004839897155761719,0.0001742839813232422,0.0001016378402709961,0.8333333333333334
1255,193.80227708816528,0.4714997758739628,0.0005077838897705079,0.00016622543334960939,9.644031524658203e-05,0.8317307692307693
1260,194.55619096755981,0.4986765641719103,0.0004905223846435547,0.00018587112426757813,0.00010781288146972656,0.8253205128205128
1265,195.30338311195374,0.30457101088541094,0.0004947662353515625,0.000151824951171875,0.00010092258453369141,0.8237179487179487
1270,196.04932403564453,0.5191708066733554,0.00045652389526367186,0.00014858245849609376,0.00010883808135986328,0.8108974358974359
1275,196.79765510559082,0.14350728124627493,0.0005049705505371094,0.0001971721649169922,0.00010807514190673828,0.7916666666666666
1280,197.54974794387817,0.23726698660175316,0.0005013465881347657,0.00018815994262695314,0.00010139942169189453,0.7932692307692307
1285,198.29873299598694,0.6740283781720791,0.0005165576934814453,0.00021467208862304687,0.00010211467742919922,0.7932692307692307
1290,199.04198098182678,0.4784117802633773,0.0004933357238769531,0.0001549243927001953,0.00011031627655029297,0.8044871794871795
1295,199.79399609565735,0.7677018414484337,0.0004904270172119141,0.00015234947204589844,0.00010914802551269532,0.8237179487179487
1300,200.54872703552246,0.5234115014754934,0.0004897594451904296,0.00017066001892089843,0.00010271072387695313,0.8125
1305,201.32488298416138,0.5252430243708659,0.0004992008209228516,0.00020079612731933595,0.00011315345764160157,0.8108974358974359
1310,202.15211486816406,0.42391252748202535,0.0005144119262695312,0.00022730827331542968,0.00011665821075439453,0.8076923076923077
1315,202.9240870475769,0.5318327703920659,0.0004825592041015625,0.0001773834228515625,0.00010600090026855469,0.8125
1320,203.67554092407227,0.44524612996428914,0.00048322677612304686,0.0001590728759765625,0.00010397434234619141,0.8381410256410257
1325,204.42889213562012,0.3321057981658669,0.00046591758728027345,0.00015397071838378905,0.00011539459228515625,0.8461538461538461
1330,205.1785168647766,0.4275673991804069,0.0005172252655029297,0.00019636154174804688,0.00011107921600341796,0.844551282051282
1335,205.97364616394043,0.12104725885396875,0.0004969596862792969,0.00016393661499023438,0.00010476112365722656,0.8349358974358975
1340,206.7291419506073,0.6243018226581626,0.0004970073699951172,0.00018868446350097656,0.00011045932769775391,0.8397435897435898
1345,207.47682809829712,0.2739168413390871,0.0004941463470458984,0.00019488334655761718,0.00010330677032470703,0.8173076923076923
1350,208.22550106048584,0.4098954879504163,0.0004926204681396484,0.0001644611358642578,0.0001081705093383789,0.8092948717948718
1355,208.9866750240326,0.3945823565678438,0.00046372413635253906,0.0001418590545654297,0.00011594295501708985,0.8076923076923077
1360,209.73914098739624,0.29093302201945337,0.0005056381225585938,0.0001788616180419922,0.00010056495666503907,0.8173076923076923
1365,210.4887399673462,0.6805081987404265,0.0004889965057373047,0.00015544891357421875,0.00010526180267333984,0.8397435897435898
1370,211.23885321617126,0.19351762064325156,0.0005179882049560547,0.00021157264709472656,0.00010583400726318359,0.8605769230769231
1375,211.99224495887756,0.4217518744840163,0.00046372413635253906,0.0001418590545654297,0.00010335445404052734,0.842948717948718
1380,212.74297404289246,0.14845129238674418,0.0005135536193847656,0.00016260147094726562,0.000104522705078125,0.8301282051282052
1385,213.4838240146637,0.24477647606800587,0.0005034446716308594,0.0001667499542236328,0.00011792182922363282,0.8221153846153846
1390,214.22440600395203,0.7556328449180001,0.0004983901977539063,0.00016083717346191407,0.00010912418365478515,0.8301282051282052
1395,214.9681248664856,0.5854643920305534,0.0005056381225585938,0.0001788616180419922,0.00010731220245361329,0.8397435897435898
1400,215.71380805969238,0.33329624425896326,0.0005128383636474609,0.00017213821411132812,0.00011196136474609376,0.8333333333333334
1405,216.4620599746704,0.5913318459643051,0.0004803657531738281,0.00016527175903320314,0.00010123252868652344,0.8365384615384616
1410,217.21106815338135,0.7022657622757833,0.0004853725433349609,0.0001464366912841797,0.00010879039764404297,0.8333333333333334
1415,217.96193194389343,0.6492315926298033,0.0005005836486816406,0.00017294883728027343,0.00011548995971679687,0.842948717948718
1420,218.76556587219238,0.11162537365416939,0.0004962444305419922,0.00017347335815429688,0.00010237693786621093,0.844551282051282
1425,219.51694107055664,0.4639892407714797,0.0005056381225585938,0.0001788616180419922,9.975433349609374e-05,0.8525641025641025
1430,220.27181100845337,0.2639184305793606,0.000491189956665039,0.00016756057739257811,0.00010397434234619141,0.8477564102564102
1435,221.03044390678406,0.24960577283100066,0.0004875659942626953,0.00015854835510253906,0.00010001659393310547,0.8413461538461539
1440,221.78417825698853,0.258674589864313,0.0004962444305419922,0.00017347335815429688,0.00010418891906738281,0.8381410256410257
1445,222.5327479839325,0.31279300800306375,0.0004955768585205078,0.00019178390502929687,0.0001051187515258789,0.8349358974358975
1450,223.28611993789673,0.07103356394072761,0.0005288124084472656,0.00021386146545410156,0.00010170936584472657,0.8413461538461539
1455,224.0592770576477,0.11961640802182956,0.0005193710327148438,0.00018372535705566407,0.00011086463928222656,0.8237179487179487
1460,224.8117208480835,0.48707462912780103,0.00047240257263183596,0.0001567840576171875,0.00010838508605957032,0.8173076923076923
1465,225.55832815170288,0.4081401522293163,0.0005085945129394531,0.00020618438720703124,0.00010442733764648438,0.8141025641025641
1470,226.30194091796875,0.5742302614904474,0.0004853725433349609,0.0001464366912841797,0.00011103153228759765,0.8189102564102564
1475,227.05030298233032,0.6289394615216224,0.00050201416015625,0.00016984939575195312,0.00010819435119628907,0.8397435897435898
1480,227.80710005760193,0.40442028957186266,0.0005144119262695312,0.00022730827331542968,0.0001005411148071289,0.8301282051282052
1485,228.5602900981903,0.2723173638805747,0.0005049705505371094,0.0001971721649169922,0.00010733604431152343,0.8333333333333334
1490,229.3161861896515,0.33275355865480377,0.0005078315734863281,0.00019097328186035156,0.00010917186737060546,0.8333333333333334
1495,230.06564092636108,0.7739928905852139,0.00047311782836914065,0.000147247314453125,0.00010302066802978516,0.8381410256410257
1500,230.81880903244019,0.32893725579997407,0.0004991531372070312,0.00017604827880859374,9.810924530029297e-05,0.8381410256410257
1505,231.61853313446045,0.39432540053967385,0.000491189956665039,0.00016756057739257811,0.00010657310485839844,0.842948717948718
1510,232.36892795562744,0.5319941352005116,0.00047173500061035154,0.0001750946044921875,9.21010971069336e-05,0.8493589743589743
1515,233.1282410621643,0.42948833356495014,0.00048470497131347656,0.0001647472381591797,0.00010180473327636719,0.8333333333333334
1520,233.87784385681152,0.38551842883607607,0.0005042076110839844,0.0001819610595703125,0.00010831356048583985,0.8285256410256411
1525,234.6290271282196,0.7488662556745111,0.0004992008209228516,0.00020079612731933595,0.00010178089141845703,0.844551282051282
1530,235.38183498382568,0.7352541378932074,0.0005106449127197266,0.00016002655029296876,0.00010774135589599609,0.8461538461538461
1535,236.14045214653015,0.5028290092317548,0.0004940509796142578,0.0001613616943359375,0.00010118484497070312,0.8397435897435898
1540,236.89504313468933,0.19652643259614705,0.0005049705505371094,0.0001971721649169922,0.00010569095611572266,0.8125
1545,237.64817714691162,0.36173968170478477,0.0004919528961181641,0.00018277168273925782,0.00011000633239746093,0.7948717948717948
1550,238.40190625190735,0.5033921492286026,0.0005114078521728516,0.00017523765563964844,0.00010576248168945313,0.7900641025641025
1555,239.15635704994202,0.5867079241201282,0.0004926204681396484,0.0001644611358642578,0.00010526180267333984,0.8012820512820513
1560,239.90599703788757,0.29593543598311955,0.0004825592041015625,0.0001773834228515625,0.00010015964508056641,0.8157051282051282
1565,240.6629979610443,0.5227482698155654,0.0005136013031005859,0.0001873493194580078,9.436607360839844e-05,0.8541666666666666
1570,241.41604495048523,0.4111758803832345,0.00048613548278808594,0.00016164779663085938,0.00010654926300048828,0.8605769230769231
1575,242.17326307296753,0.30879337108344773,0.0005005836486816406,0.00017294883728027343,0.00010287761688232422,0.8509615384615384
1580,242.92154693603516,0.726359703799244,0.0004673480987548828,0.00015087127685546874,0.00010216236114501953,0.8509615384615384
1585,243.6768720149994,0.1866570695048722,0.0004919528961181641,0.00018277168273925782,9.5367431640625e-05,0.8461538461538461
1590,244.43862295150757,0.17892755139619113,0.0005013465881347657,0.00018815994262695314,9.853839874267578e-05,0.8333333333333334
1595,245.2490589618683,0.6513671433203854,0.0005035400390625,0.0002002716064453125,0.00010917186737060546,0.8269230769230769
1600,246.00941109657288,0.35781631675108655,0.0005085468292236328,0.00018143653869628906,0.00010759830474853516,0.8317307692307693
1605,246.76617312431335,0.5801096710143611,0.0004868030548095703,0.00014333724975585939,0.00010793209075927734,0.8509615384615384
1610,247.5174961090088,0.3991616027575219,0.0004897594451904296,0.00017066001892089843,9.112358093261718e-05,0.8493589743589743
1615,248.264662027359,0.23081311265123078,0.00048618316650390626,0.00018639564514160155,9.80377197265625e-05,0.8557692307692307
1620,249.01559400558472,0.42406606089498383,0.0005216121673583985,0.00022058486938476564,0.0001081228256225586,0.8461538461538461
1625,249.77628898620605,0.6351885416544973,0.0004883766174316406,0.00019850730895996094,0.00010008811950683594,0.8477564102564102
1630,250.51953983306885,0.2933371888306283,0.0004839897155761719,0.0001742839813232422,0.00010883808135986328,0.8605769230769231
1635,251.26446795463562,0.428854804680077,0.00046515464782714844,0.00013875961303710938,0.00010018348693847656,0.8557692307692307
1640,252.02038598060608,0.45553711309839856,0.00050201416015625,0.00016984939575195312,0.00010724067687988282,0.8509615384615384
1645,252.77118515968323,0.09203451960092934,0.0005157947540283203,0.0001994609832763672,9.722709655761719e-05,0.8477564102564102
1650,253.51243805885315,0.2304179265957032,0.000502777099609375,0.00018506050109863282,0.0001062154769897461,0.8493589743589743
1655,254.25998210906982,0.45075063667250104,0.0004955768585205078,0.00019178390502929687,9.791851043701172e-05,0.842948717948718
1660,255.00723719596863,0.36641144404493386,0.0004933834075927735,0.0001796722412109375,9.889602661132813e-05,0.8397435897435898
1665,255.75032019615173,0.2600790154916467,0.00047454833984375,0.0001441478729248047,0.00010313987731933594,0.8349358974358975
1670,256.4935050010681,0.32372867000231054,0.0004796028137207031,0.00015006065368652343,9.739398956298828e-05,0.842948717948718
1675,257.2392270565033,0.40351748281464095,0.0004933834075927735,0.0001796722412109375,9.989738464355469e-05,0.8541666666666666
1680,258.0294849872589,0.6141141185129527,0.00050201416015625,0.00016984939575195312,0.00010790824890136719,0.8717948717948718
1685,258.7712051868439,0.3936348243685643,0.0004919528961181641,0.00018277168273925782,0.0001004934310913086,0.8589743589743589
1690,259.52004504203796,0.2224762698113409,0.0004947662353515625,0.000151824951171875,0.00010633468627929688,0.8397435897435898
1695,260.2635130882263,0.2433306631864994,0.0004969596862792969,0.00016393661499023438,0.0001065969467163086,0.8317307692307693
1700,260.99945998191833,0.7416765371721354,0.00050201416015625,0.00016984939575195312,0.00010685920715332031,0.842948717948718
1705,261.73825001716614,0.11745353209435053,0.0005034446716308594,0.0001667499542236328,9.810924530029297e-05,0.8525641025641025
1710,262.4834690093994,0.6249843552632228,0.0005128383636474609,0.00017213821411132812,0.00010194778442382813,0.8621794871794872
1715,263.2371690273285,0.6044660283776466,0.0004926204681396484,0.0001644611358642578,0.00010609626770019531,0.844551282051282
1720,263.98658990859985,0.770446598273702,0.00048613548278808594,0.00016164779663085938,9.777545928955079e-05,0.844551282051282
1725,264.7327690124512,0.28175009425613096,0.0004983901977539063,0.00016083717346191407,0.00010521411895751953,0.8381410256410257
1730,265.49608302116394,0.43314035429630166,0.0005078315734863281,0.00019097328186035156,0.00010406970977783203,0.8493589743589743
1735,266.24757409095764,0.33576443921774624,0.0004839897155761719,0.0001742839813232422,0.00010015964508056641,0.8525641025641025
1740,266.9986491203308,0.24178618848054612,0.0005142688751220703,0.0001690387725830078,9.665489196777343e-05,0.8605769230769231
1745,267.75676012039185,0.17988849960302106,0.0004875659942626953,0.00015854835510253906,0.00011188983917236328,0.8605769230769231
1750,268.5120460987091,0.3718048019451089,0.0004817962646484375,0.00016217231750488282,0.00010955333709716797,0.8605769230769231
1755,269.2620668411255,0.10487755832109542,0.0005042076110839844,0.0001819610595703125,0.00010981559753417969,0.8509615384615384
1760,270.01622915267944,0.24885850924183614,0.0005085945129394531,0.00020618438720703124,0.00010786056518554687,0.8589743589743589
1765,270.81282806396484,0.12075041308853543,0.0005266189575195313,0.0002017498016357422,9.36746597290039e-05,0.842948717948718
1770,271.5578680038452,0.13067963567693824,0.0004897594451904296,0.00017066001892089843,0.0001111745834350586,0.8269230769230769
1775,272.30501103401184,0.36786366465021275,0.00047817230224609373,0.00015316009521484374,9.8419189453125e-05,0.8269230769230769
1780,273.04690313339233,0.1727032966860861,0.0005172252655029297,0.00019636154174804688,0.00010704994201660156,0.8157051282051282
1785,273.7842538356781,0.7733750354227595,0.0004889965057373047,0.00015544891357421875,0.00011076927185058594,0.844551282051282
1790,274.5270240306854,0.15073099426072076,0.0004955768585205078,0.00019178390502929687,9.653568267822265e-05,0.8317307692307693
1795,275.2683720588684,0.32413026046342563,0.0005252361297607422,0.0002295970916748047,9.984970092773438e-05,0.8189102564102564
1800,276.0143599510193,0.4738610991713358,0.000491189956665039,0.00016756057739257811,9.694099426269532e-05,0.8381410256410257
1805,276.7618110179901,0.508803680089477,0.0005121707916259765,0.00019044876098632811,0.00010519027709960937,0.8525641025641025
1810,277.50865721702576,0.40289237230317665,0.00046811103820800783,0.00016608238220214844,0.00010640621185302735,0.8509615384615384
1815,278.25627303123474,0.2502239467432446,0.0005077838897705079,0.00016622543334960939,0.00010781288146972656,0.8413461538461539
1820,279.00891304016113,0.38508562250863176,0.0004825592041015625,0.0001773834228515625,9.584426879882812e-05,0.8461538461538461
1825,279.760381937027,0.727592327430466,0.0004601478576660156,0.0001575946807861328,0.00010206699371337891,0.8349358974358975
1830,280.50647592544556,0.2533856187670608,0.0005071163177490234,0.00018453598022460938,0.00010459423065185547,0.8108974358974359
1835,281.2550368309021,0.8478093911107862,0.0005114555358886718,0.00019998550415039061,0.00010013580322265625,0.8157051282051282
1840,282.00330996513367,0.5962848810768264,0.000491189956665039,0.00016756057739257811,0.00010173320770263672,0.842948717948718
1845,282.75407004356384,0.7937125121694407,0.000501251220703125,0.00015463829040527344,0.00010852813720703125,0.8605769230769231
1850,283.5028359889984,0.26494714483851567,0.000519418716430664,0.00020847320556640624,9.882450103759766e-05,0.8573717948717948
1855,284.30688095092773,0.43016463574022057,0.0004897594451904296,0.00017066001892089843,9.872913360595704e-05,0.8493589743589743
1860,285.0632538795471,0.30765049181718496,0.0004991531372070312,0.00017604827880859374,0.0001104116439819336,0.842948717948718
1865,285.82099509239197,0.6534758899360895,0.0004926204681396484,0.0001644611358642578,0.00010287761688232422,0.8397435897435898
1870,286.5767469406128,0.3481766198121477,0.0005064010620117188,0.00019407272338867188,0.00010230541229248047,0.8621794871794872
1875,287.33768916130066,0.42540591014549134,0.0004803657531738281,0.00016527175903320314,0.00010952949523925781,0.8525641025641025
1880,288.08804202079773,0.3959255832387498,0.0004983901977539063,0.00016083717346191407,0.00010306835174560547,0.8461538461538461
1885,288.8357849121094,0.4079976320266724,0.000502777099609375,0.00018506050109863282,0.00011022090911865235,0.842948717948718
1890,289.58549904823303,0.4354108978644945,0.00047311782836914065,0.000147247314453125,0.0001119852066040039,0.8413461538461539
1895,290.3398530483246,0.477347085260044,0.0004673480987548828,0.00015087127685546874,0.00010883808135986328,0.8461538461538461
1900,291.0996720790863,0.1080565604934236,0.0005179882049560547,0.00021157264709472656,0.00010306835174560547,0.8525641025641025
1905,291.85498213768005,0.5868157274730038,0.0004999160766601563,0.00019125938415527345,0.00011477470397949218,0.8573717948717948
1910,292.60612297058105,0.10970990389105281,0.0005049705505371094,0.0001971721649169922,0.00010874271392822266,0.8557692307692307
1915,293.3510551452637,0.5509277369244956,0.000504159927368164,0.0001572132110595703,0.00010774135589599609,0.8621794871794872
1920,294.10100197792053,0.4324719560449012,0.00047817230224609373,0.00015316009521484374,0.00010695457458496094,0.8621794871794872
1925,294.8463809490204,0.2625536381368875,0.0004933834075927735,0.0001796722412109375,0.00010223388671875,0.844551282051282
1930,295.592707157135,0.4964608386228065,0.0005085945129394531,0.00020618438720703124,0.0001043081283569336,0.8573717948717948
1935,296.33922004699707,0.3390121969237043,0.0005013942718505859,0.0002129077911376953,9.829998016357422e-05,0.8573717948717948
1940,297.1413199901581,0.45710196544332576,0.00048618316650390626,0.00018639564514160155,0.00010371208190917969,0.8733974358974359
1945,297.88839387893677,0.44475330291402315,0.0004702091217041016,0.00014467239379882811,0.00011284351348876953,0.8766025641025641
1950,298.63727617263794,0.26630699885399733,0.00048613548278808594,0.00016164779663085938,0.00010924339294433593,0.8605769230769231
1955,299.39077711105347,0.29607128023781115,0.0005172252655029297,0.00019636154174804688,0.00011124610900878907,0.8605769230769231
1960,300.14012002944946,0.07944584534926094,0.0004991531372070312,0.00017604827880859374,0.00010614395141601562,0.8589743589743589
1965,300.8884289264679,0.42609228986548403,0.0004970073699951172,0.00018868446350097656,0.00010199546813964844,0.8541666666666666
1970,301.6288480758667,0.25164422061716324,0.0004933834075927735,0.0001796722412109375,0.00010466575622558594,0.8541666666666666
1975,302.3712592124939,0.36863117585889993,0.000491189956665039,0.00016756057739257811,9.322166442871094e-05,0.8493589743589743
1980,303.1201388835907,0.32048515127971766,0.0004673480987548828,0.00015087127685546874,9.560585021972656e-05,0.8589743589743589
1985,303.8562340736389,0.2672631432533308,0.000491189956665039,0.00016756057739257811,0.00010676383972167969,0.8557692307692307
1990,304.6095139980316,0.5536158549162792,0.0004904270172119141,0.00015234947204589844,0.00010652542114257813,0.8814102564102564
1995,305.3616850376129,0.24031358311933673,0.0005273818969726562,0.00021696090698242188,0.0001046895980834961,0.875
2000,306.11049008369446,0.3429312659001539,0.00046372413635253906,0.0001418590545654297,0.0001035451889038086,0.8717948717948718
2005,306.8596661090851,0.039914782109553924,0.0005171775817871093,0.00017161369323730468,0.0001089334487915039,0.8541666666666666
2010,307.597895860672,0.7382223571093618,0.0004926204681396484,0.0001644611358642578,0.00011029243469238282,0.8509615384615384
2015,308.33175110816956,0.1559923175706615,0.0005092144012451172,0.00016312599182128907,0.00010824203491210938,0.8525641025641025
2020,309.06810998916626,0.5631690879068969,0.0005034446716308594,0.0001667499542236328,0.00010573863983154297,0.8605769230769231
2025,309.8614618778229,0.522791501518077,0.0005150318145751953,0.0001842498779296875,0.00010778903961181641,0.8669871794871795
2030,310.60717511177063,0.8911039638682269,0.0004673480987548828,0.00015087127685546874,0.0001051187515258789,0.8653846153846154
2035,311.3609972000122,0.3278211676442879,0.00048394203186035155,0.0001495361328125,0.0001108407974243164,0.8557692307692307
2040,312.11259603500366,0.420882588211839,0.0005150318145751953,0.0001842498779296875,0.00013344287872314454,0.8605769230769231
2045,312.85849809646606,0.20503529686593538,0.00048542022705078125,0.00017118453979492188,0.00010421276092529297,0.8621794871794872
2050,313.60149097442627,0.3328495826641301,0.0005142688751220703,0.0001690387725830078,0.00010533332824707032,0.8685897435897436
2055,314.3525061607361,0.1352571770083159,0.0004933834075927735,0.0001796722412109375,0.00010664463043212891,0.8637820512820513
2060,315.09998297691345,0.20600993476191434,0.00047674179077148435,0.00015625953674316406,9.763240814208984e-05,0.8637820512820513
2065,315.84330892562866,0.19639590916756333,0.0005070686340332032,0.00017576217651367189,0.00011432170867919922,0.8589743589743589
2070,316.59015917778015,0.19921340166183654,0.0004941463470458984,0.00019488334655761718,0.00010387897491455078,0.8589743589743589
2075,317.34082412719727,0.07899950707515017,0.0005324363708496093,0.00022287368774414061,0.0001169443130493164,0.8685897435897436
2080,318.0803620815277,0.14778709699641582,0.0005063533782958985,0.0001693248748779297,0.00010769367218017578,0.8637820512820513
2085,318.8256199359894,0.4032196248179389,0.0004702091217041016,0.00014467239379882811,0.0001043081283569336,0.8525641025641025
2090,319.5750799179077,0.08996462527029507,0.0005071640014648437,0.00020928382873535155,0.00011243820190429688,0.8477564102564102
2095,320.3169889450073,0.30906803282850887,0.0004998207092285156,0.00015773773193359376,9.89675521850586e-05,0.8541666666666666
2100,321.07395911216736,0.5119946557175353,0.0005042076110839844,0.0001819610595703125,0.0001322031021118164,0.8461538461538461
2105,321.82107424736023,0.17930965378873226,0.0005013942718505859,0.0002129077911376953,0.000107574462890625,0.8381410256410257
2110,322.5681869983673,0.08476160645368509,0.000502777099609375,0.00018506050109863282,0.0001092672348022461,0.8301282051282052
2115,323.3593850135803,0.2959783012103799,0.0005078315734863281,0.00019097328186035156,9.6893310546875e-05,0.8253205128205128
2120,324.10737204551697,0.4672799041320104,0.00047168731689453127,0.00015034675598144532,0.00011034011840820313,0.8189102564102564
2125,324.85145902633667,0.34768933328015805,0.0005099773406982422,0.00017833709716796875,0.0001033782958984375,0.8381410256410257
2130,325.59322214126587,0.3882017785043672,0.0004839897155761719,0.0001742839813232422,0.00010366439819335938,0.8557692307692307
2135,326.33006405830383,0.5766110200725961,0.0004811286926269531,0.0001804828643798828,0.00010559558868408203,0.8477564102564102
2140,327.0727701187134,0.40609585627689737,0.00047168731689453127,0.00015034675598144532,0.00011708736419677735,0.8381410256410257
2145,327.81624388694763,0.6804465137334773,0.0005208492279052734,0.00020537376403808593,0.00010499954223632812,0.8333333333333334
2150,328.560861825943,0.24009785325324629,0.0004970073699951172,0.00018868446350097656,0.00010492801666259766,0.8461538461538461
2155,329.3014681339264,0.6617168688266247,0.0004976272583007812,0.00014562606811523436,9.93967056274414e-05,0.8461538461538461
2160,330.0558409690857,0.39997579679716183,0.0005092620849609375,0.00018787384033203125,9.903907775878906e-05,0.8541666666666666
2165,330.82315492630005,0.13778203107285664,0.0004883289337158203,0.00017375946044921874,0.00012364387512207032,0.8525641025641025
2170,331.5827009677887,0.41064432103914894,0.0005042076110839844,0.0001819610595703125,0.00011310577392578124,0.8461538461538461
2175,332.34028005599976,0.35543689941987394,0.0005136013031005859,0.0001873493194580078,0.00012159347534179688,0.842948717948718
2180,333.10084104537964,0.4116341990418732,0.0004817962646484375,0.00016217231750488282,0.00010857582092285156,0.8557692307692307
2185,333.8638799190521,0.24495455502328695,0.0004803657531738281,0.00016527175903320314,0.00010271072387695313,0.8589743589743589
2190,334.61728405952454,0.5664166529682007,0.0005244255065917969,0.0001896381378173828,0.00010554790496826172,0.8573717948717948
2195,335.3675100803375,0.42714705775870243,0.00048689842224121095,0.00017685890197753905,0.000106048583984375,0.8621794871794872
2200,336.16679406166077,0.1853598303598119,0.0004983901977539063,0.00016083717346191407,0.00010056495666503907,0.8509615384615384
2205,336.91362500190735,0.5884568829156706,0.00046591758728027345,0.00015397071838378905,0.00010111331939697266,0.8477564102564102
2210,337.66778802871704,0.12914347670189272,0.0004955768585205078,0.00019178390502929687,0.00010406970977783203,0.8477564102564102
2215,338.41566610336304,0.12857473062031205,0.0004919528961181641,0.00018277168273925782,0.00010874271392822266,0.8477564102564102
2220,339.15862917900085,0.5010790148016895,0.0005093097686767578,0.00019664764404296874,0.00011286735534667968,0.8477564102564102
2225,339.90305399894714,0.26323390581237904,0.0005085468292236328,0.00018143653869628906,9.872913360595704e-05,0.8589743589743589
2230,340.6685092449188,0.6523639209975954,0.0004882335662841797,0.00014023780822753907,0.00012259483337402345,0.8685897435897436
2235,341.41614413261414,0.24265012994274002,0.0004803657531738281,0.00016527175903320314,0.00010666847229003906,0.8621794871794872
2240,342.1499559879303,0.39570736999494327,0.0004977703094482422,0.00020389556884765626,0.00010397434234619141,0.8669871794871795
2245,342.88058495521545,0.271141298471008,0.0005252361297607422,0.0002295970916748047,0.00010445117950439454,0.8653846153846154
2250,343.61917996406555,0.7058862546138698,0.00047173500061035154,0.0001750946044921875,0.00010378360748291016,0.8766025641025641
2255,344.3588469028473,0.27484953530076267,0.0004962444305419922,0.00017347335815429688,0.00010457038879394532,0.8733974358974359
2260,345.097697019577,0.43418098092112134,0.0004543304443359375,0.00013647079467773437,9.8419189453125e-05,0.875
2265,345.836895942688,0.41715002195127227,0.0005136013031005859,0.0001873493194580078,0.00010819435119628907,0.8717948717948718
2270,346.5734078884125,0.08131313066078291,0.000502777099609375,0.00018506050109863282,0.00011045932769775391,0.8669871794871795
2275,347.30877804756165,0.3036258366060821,0.0005064010620117188,0.00019407272338867188,0.00010013580322265625,0.8605769230769231
2280,348.0557789802551,0.16546940834305132,0.0004919528961181641,0.00018277168273925782,0.0001046895980834961,0.8637820512820513
2285,348.8371751308441,0.4690776109428043,0.0005056381225585938,0.0001788616180419922,0.00010254383087158204,0.8637820512820513
2290,349.57272815704346,0.18185583902286453,0.00046372413635253906,0.0001418590545654297,0.00010313987731933594,0.8637820512820513
2295,350.30924010276794,0.26917847649783655,0.0004796028137207031,0.00015006065368652343,0.00010669231414794922,0.8653846153846154
2300,351.04461908340454,0.32701810971980194,0.0005042076110839844,0.0001819610595703125,0.00011105537414550782,0.8637820512820513
2305,351.7809500694275,0.4974594497143812,0.0005064010620117188,0.00019407272338867188,0.00010335445404052734,0.8830128205128205
2310,352.5260899066925,0.34290243834270767,0.00048613548278808594,0.00016164779663085938,0.00011055469512939453,0.8766025641025641
2315,353.2731649875641,0.21051092398120091,0.0004933357238769531,0.0001549243927001953,0.00010402202606201172,0.8653846153846154
2320,354.02141094207764,0.22121704011769908,0.00050201416015625,0.00016984939575195312,0.00011019706726074218,0.8477564102564102
2325,354.75546503067017,0.6715381413527666,0.0004998207092285156,0.00015773773193359376,9.760856628417968e-05,0.8397435897435898
2330,355.4852349758148,0.7093904703873491,0.00050201416015625,0.00016984939575195312,0.00010027885437011719,0.842948717948718
2335,356.21285915374756,0.20322420960861223,0.0005150318145751953,0.0001842498779296875,9.746551513671875e-05,0.8461538461538461
2340,356.9529058933258,0.6468050347405552,0.0004796028137207031,0.00015006065368652343,0.00010242462158203126,0.8782051282051282
2345,357.697998046875,0.6840096891770372,0.0004875659942626953,0.00015854835510253906,0.00010201930999755859,0.8685897435897436
2350,358.44330310821533,0.15973884958475537,0.0005114078521728516,0.00017523765563964844,0.00010967254638671875,0.8733974358974359
2355,359.1979298591614,0.2915481332401555,0.0004948139190673828,0.0001765727996826172,0.00010209083557128906,0.8766025641025641
2360,359.95594120025635,0.2779213068113677,0.0004948139190673828,0.0001765727996826172,0.00010204315185546875,0.8798076923076923
2365,360.7138340473175,0.24741073948098347,0.0004926204681396484,0.0001644611358642578,0.00010919570922851562,0.8814102564102564
2370,361.4588580131531,0.10959364140584285,0.0004983901977539063,0.00016083717346191407,0.00010755062103271485,0.8814102564102564
2375,362.2569651603699,0.25149779223938823,0.0004948139190673828,0.0001765727996826172,0.00011432170867919922,0.8798076923076923
2380,363.01603507995605,0.09050942373152111,0.0004803657531738281,0.00016527175903320314,0.00011782646179199218,0.8717948717948718
2385,363.7629020214081,0.10844660972725251,0.0005346298217773438,0.0002349853515625,0.00011382102966308593,0.875
2390,364.50829696655273,0.10674026156220862,0.0005208015441894531,0.00018062591552734376,0.00010175704956054688,0.8782051282051282
2395,365.2523350715637,0.0979584006594962,0.0004695415496826172,0.00016298294067382813,0.00010063648223876954,0.8653846153846154
2400,366.00008487701416,0.1971952534783668,0.0005042076110839844,0.0001819610595703125,0.0001068115234375,0.8637820512820513
2405,366.73772406578064,0.27060477643863123,0.00050201416015625,0.00016984939575195312,0.00010750293731689453,0.8605769230769231
2410,367.4736931324005,0.20340386221880635,0.0004983901977539063,0.00016083717346191407,9.937286376953125e-05,0.8637820512820513
2415,368.2116651535034,0.1324249488233363,0.0005013942718505859,0.0002129077911376953,9.653568267822265e-05,0.8573717948717948
2420,368.9471559524536,0.06566370407745126,0.0005216121673583985,0.00022058486938476564,9.40084457397461e-05,0.8493589743589743
2425,369.69247794151306,0.2634779339643501,0.0004948139190673828,0.0001765727996826172,0.00010669231414794922,0.8541666666666666
2430,370.42754197120667,0.447810835449593,0.00048613548278808594,0.00016164779663085938,0.00010282993316650391,0.8493589743589743
2435,371.1703360080719,0.3837705126313267,0.0004883289337158203,0.00017375946044921874,0.0001032114028930664,0.8333333333333334
2440,371.90490221977234,0.1484393372105842,0.0005005836486816406,0.00017294883728027343,0.00010077953338623047,0.8317307692307693
2445,372.6392149925232,0.3688310925066617,0.0004695415496826172,0.00016298294067382813,0.00010290145874023438,0.8397435897435898
2450,373.37104892730713,0.49388535691541763,0.00047893524169921874,0.00016837120056152345,9.951591491699218e-05,0.8477564102564102
2455,374.1054241657257,0.5125487755487483,0.0005121707916259765,0.00019044876098632811,0.00010120868682861328,0.8477564102564102
2460,374.89389419555664,0.28209494119223566,0.00048761367797851564,0.00018329620361328124,0.00011255741119384766,0.8461538461538461
2465,375.63079595565796,0.5455797338508205,0.0005114078521728516,0.00017523765563964844,0.00010843276977539063,0.844551282051282
2470,376.368173122406,0.4434780109790267,0.0004940509796142578,0.0001613616943359375,0.00010609626770019531,0.8397435897435898
2475,377.11389684677124,0.13893684237104936,0.0005157947540283203,0.0001994609832763672,0.00011398792266845704,0.844551282051282
2480,377.861172914505,0.4053835991654296,0.0004933834075927735,0.0001796722412109375,0.00011243820190429688,0.8493589743589743
2485,378.61615109443665,0.5642165289784316,0.0004991531372070312,0.00017604827880859374,0.00011315345764160157,0.8573717948717948
2490,379.40033507347107,0.34358557465020567,0.000501251220703125,0.00015463829040527344,0.00010898113250732422,0.8493589743589743
2495,380.21660590171814,0.2731474309170153,0.0004955768585205078,0.00019178390502929687,0.0001222372055053711,0.8605769230769231
2500,380.97843194007874,0.2797066955186892,0.0004933834075927735,0.0001796722412109375,0.00010695457458496094,0.8637820512820513
2505,381.72792506217957,0.47311190589971375,0.0004933357238769531,0.0001549243927001953,0.00010857582092285156,0.8637820512820513
2510,382.47525906562805,0.43300482206686863,0.000502777099609375,0.00018506050109863282,0.00010421276092529297,0.8733974358974359
2515,383.22605419158936,0.5367530357199939,0.0004673480987548828,0.00015087127685546874,0.00011048316955566406,0.8637820512820513
2520,383.96930718421936,0.21565516534046764,0.00047674179077148435,0.00015625953674316406,9.822845458984375e-05,0.8605769230769231
2525,384.7133848667145,0.11256704934785375,0.0005049705505371094,0.0001971721649169922,0.00010697841644287109,0.8621794871794872
2530,385.45050382614136,0.4588223103317432,0.0005035400390625,0.0002002716064453125,0.00010612010955810547,0.8621794871794872
2535,386.1909911632538,0.07493729239286182,0.0005107402801513671,0.00019354820251464843,0.00010786056518554687,0.8541666666666666
2540,386.934387922287,0.6301295799552463,0.0004961967468261718,0.00014872550964355468,0.00010666847229003906,0.8637820512820513
2545,387.7207338809967,0.34721402000868695,0.00047817230224609373,0.00015316009521484374,0.00011036396026611328,0.8589743589743589
2550,388.46403193473816,0.15333473998107366,0.0004955768585205078,0.00019178390502929687,0.00010051727294921876,0.8509615384615384
2555,389.2026631832123,0.6650674997621536,0.0005085945129394531,0.00020618438720703124,0.00010826587677001954,0.8621794871794872
2560,389.9469361305237,0.5550143620017479,0.0004883766174316406,0.00019850730895996094,0.00011413097381591797,0.8814102564102564
2565,390.69161105155945,0.2761230239930228,0.0004992008209228516,0.00020079612731933595,0.00010802745819091797,0.8846153846153846
2570,391.4343111515045,0.43433099628891936,0.0004665851593017578,0.00013566017150878906,0.000107574462890625,0.8910256410256411
2575,392.1761360168457,0.19191402643482433,0.0005005836486816406,0.00017294883728027343,9.624958038330078e-05,0.8942307692307693
2580,392.91565704345703,0.2769271065632438,0.000502777099609375,0.00018506050109863282,0.00010962486267089844,0.8974358974358975
2585,393.6512460708618,0.06549937309519009,0.0005136013031005859,0.0001873493194580078,0.00010809898376464843,0.8942307692307693
2590,394.3890600204468,0.3931697966643469,0.0004825592041015625,0.0001773834228515625,0.00010406970977783203,0.8974358974358975
2595,395.13596510887146,0.18301047412342086,0.0005064010620117188,0.00019407272338867188,0.00010218620300292969,0.8862179487179487
2600,395.8847670555115,0.3471095577397591,0.0004875659942626953,0.00015854835510253906,9.763240814208984e-05,0.8830128205128205
2605,396.62270617485046,0.2015985829595593,0.00045795440673828124,0.00014548301696777345,0.00010638236999511718,0.8766025641025641
2610,397.3601529598236,0.31554025114255635,0.00050201416015625,0.00016984939575195312,9.608268737792969e-05,0.8701923076923077
2615,398.096941947937,0.6151260951897711,0.0004926204681396484,0.0001644611358642578,0.00010480880737304688,0.8878205128205128
2620,398.8270649909973,0.32391139924310436,0.000514364242553711,0.0002025604248046875,0.00010852813720703125,0.8814102564102564
2625,399.5592272281647,0.1915624096349376,0.0004759788513183594,0.00014104843139648438,0.00010645389556884766,0.8814102564102564
2630,400.2809269428253,0.029983284714398907,0.0005157470703125,0.000174713134765625,0.00010874271392822266,0.8717948717948718
2635,401.05952310562134,0.6631185284223022,0.0004817962646484375,0.00016217231750488282,0.00011441707611083984,0.8701923076923077
2640,401.78505206108093,0.15619110867431232,0.0005128383636474609,0.00017213821411132812,0.00010025501251220703,0.8798076923076923
2645,402.5151860713959,0.4875637467911943,0.0004998207092285156,0.00015773773193359376,0.00010151863098144532,0.8782051282051282
2650,403.25050806999207,0.5526404463361587,0.0005056381225585938,0.0001788616180419922,9.953975677490234e-05,0.8910256410256411
2655,403.98482298851013,0.737027792932713,0.00048613548278808594,0.00016164779663085938,0.0001008749008178711,0.8766025641025641
2660,404.71669912338257,0.17434416455782867,0.0004875659942626953,0.00015854835510253906,0.00010099411010742188,0.8798076923076923
2665,405.4567840099335,0.16392917587350125,0.0005164623260498046,0.00018115043640136718,0.00010614395141601562,0.8798076923076923
2670,406.2011241912842,0.36486258260847537,0.0004745960235595703,0.00016889572143554687,0.0001215219497680664,0.8814102564102564
2675,406.951287984848,0.10329602380993493,0.0005236625671386719,0.00017442703247070313,0.00011627674102783203,0.8830128205128205
2680,407.6921479701996,0.15117358776842593,0.0004817962646484375,0.00016217231750488282,0.00010976791381835937,0.8862179487179487
2685,408.42427802085876,0.16882645300647708,0.00047674179077148435,0.00015625953674316406,0.00010476112365722656,0.8846153846153846
2690,409.1568691730499,0.14493104526250136,0.0005150318145751953,0.0001842498779296875,0.00010678768157958984,0.8862179487179487
2695,409.8905379772186,0.11431373262348785,0.0004992008209228516,0.00020079612731933595,0.00010557174682617188,0.8846153846153846
2700,410.6241400241852,0.06959099779210191,0.0005288124084472656,0.00021386146545410156,0.0001104116439819336,0.8846153846153846
2705,411.3562591075897,0.11092384980552197,0.0004969596862792969,0.00016393661499023438,0.00010066032409667968,0.8830128205128205
2710,412.09042406082153,0.4409019819079731,0.0004817962646484375,0.00016217231750488282,0.00010447502136230468,0.8942307692307693
2715,412.822457075119,0.0678269325037661,0.0005064010620117188,0.00019407272338867188,0.0001094818115234375,0.875
2720,413.60241508483887,0.3363660817547043,0.0004983901977539063,0.00016083717346191407,0.00010755062103271485,0.8782051282051282
2725,414.34556794166565,0.10301550303436216,0.0004970073699951172,0.00018868446350097656,0.00010309219360351562,0.8541666666666666
2730,415.09075713157654,0.12207654487051514,0.0005085945129394531,0.00020618438720703124,0.00010614395141601562,0.8365384615384616
2735,415.83903884887695,0.17038163823526703,0.0004933834075927735,0.0001796722412109375,0.00011105537414550782,0.8397435897435898
2740,416.5782980918884,0.35871714934314697,0.0005172252655029297,0.00019636154174804688,0.00010333061218261718,0.842948717948718
2745,417.3352789878845,0.28372482333361404,0.00047750473022460936,0.00017147064208984376,0.00011322498321533203,0.8205128205128205
2750,418.0770490169525,0.19892817173313232,0.0004969596862792969,0.00016393661499023438,0.00010662078857421875,0.8092948717948718
2755,418.81485414505005,0.3175464996813389,0.0004803657531738281,0.00016527175903320314,0.0001100778579711914,0.8189102564102564
2760,419.5536901950836,0.5062357273127702,0.0004825592041015625,0.0001773834228515625,0.0001079559326171875,0.8397435897435898
2765,420.29288506507874,0.6692051124329736,0.0004832744598388672,0.0001678466796875,0.00010814666748046876,0.8653846153846154
2770,421.0301020145416,0.15023135721571634,0.0005114555358886718,0.00019998550415039061,0.000101470947265625,0.8589743589743589
2775,421.7725450992584,0.4071519849339893,0.0004948139190673828,0.0001765727996826172,9.9945068359375e-05,0.8541666666666666
2780,422.5069770812988,0.4680140697204024,0.0005106449127197266,0.00016002655029296876,0.00010428428649902343,0.842948717948718
2785,423.24816513061523,0.3184756666609701,0.0005042076110839844,0.0001819610595703125,9.887218475341797e-05,0.8461538461538461
2790,423.99563908576965,0.15200833935668925,0.0004933834075927735,0.0001796722412109375,0.0001267671585083008,0.8509615384615384
2795,424.75066018104553,0.33155273515917544,0.0004991531372070312,0.00017604827880859374,0.00011799335479736328,0.8493589743589743
2800,425.4996039867401,0.29706183094531297,0.0005042076110839844,0.0001819610595703125,0.00010612010955810547,0.8509615384615384
2805,426.293585062027,0.2566564750382895,0.0004948139190673828,0.0001765727996826172,0.00010397434234619141,0.8589743589743589
2810,427.0319769382477,0.2043460877812322,0.0004839897155761719,0.0001742839813232422,0.00010128021240234375,0.8653846153846154
2815,427.7622289657593,0.422098631598476,0.0005077838897705079,0.00016622543334960939,0.00010688304901123047,0.8717948717948718
2820,428.49871611595154,0.2890374254086055,0.0004905223846435547,0.00018587112426757813,9.934902191162109e-05,0.8766025641025641
2825,429.22515296936035,0.5922267584617202,0.0004947662353515625,0.000151824951171875,0.00010709762573242187,0.8685897435897436
2830,429.95105814933777,0.48886520015144014,0.00045652389526367186,0.00014858245849609376,0.00010652542114257813,0.8637820512820513
2835,430.68821811676025,0.16059528007194784,0.0005049705505371094,0.0001971721649169922,9.889602661132813e-05,0.8589743589743589
2840,431.41326212882996,0.11606062303108047,0.0005013465881347657,0.00018815994262695314,0.00010344982147216796,0.8605769230769231
2845,432.1319890022278,0.4090623158583213,0.0005165576934814453,0.00021467208862304687,0.00010745525360107422,0.8637820512820513
2850,432.85850501060486,0.24814128861180507,0.0004933357238769531,0.0001549243927001953,0.00010507106781005859,0.8701923076923077
2855,433.5845220088959,0.5642476631852332,0.0004904270172119141,0.00015234947204589844,0.00010573863983154297,0.8573717948717948
2860,434.3158519268036,0.22785384209073528,0.0004897594451904296,0.00017066001892089843,0.00011343955993652344,0.8381410256410257
2865,435.04659509658813,0.6427099332236594,0.0004992008209228516,0.00020079612731933595,9.808540344238281e-05,0.8605769230769231
2870,435.7762060165405,0.21420925501771534,0.0005144119262695312,0.00022730827331542968,0.00010347366333007812,0.8717948717948718
2875,436.50979924201965,0.5215989981566992,0.0004825592041015625,0.0001773834228515625,0.0001024007797241211,0.8782051282051282
2880,437.24964904785156,0.2586048040570887,0.00048322677612304686,0.0001590728759765625,0.00010957717895507813,0.8798076923076923
2885,437.9872748851776,0.2577682002027359,0.00046591758728027345,0.00015397071838378905,0.00011677742004394532,0.8814102564102564
2890,438.7224750518799,0.4064951857319102,0.0005172252655029297,0.00019636154174804688,9.694099426269532e-05,0.8878205128205128
2895,439.50690722465515,0.07047715264361756,0.0004969596862792969,0.00016393661499023438,0.00010998249053955078,0.8878205128205128
2900,440.24417996406555,0.329748838694195,0.0004970073699951172,0.00018868446350097656,0.00010633468627929688,0.8878205128205128
2905,440.98011589050293,0.23693614860349044,0.0004941463470458984,0.00019488334655761718,0.000107574462890625,0.8878205128205128
2910,441.71069598197937,0.3446360055794685,0.0004926204681396484,0.0001644611358642578,0.0001065969467163086,0.8926282051282052
2915,442.449609041214,0.21702677755397418,0.00046372413635253906,0.0001418590545654297,0.00010311603546142578,0.8942307692307693
2920,443.1884570121765,0.15744164699954127,0.0005056381225585938,0.0001788616180419922,9.980201721191407e-05,0.8846153846153846
2925,443.9291582107544,0.5237253343346311,0.0004889965057373047,0.00015544891357421875,0.00010573863983154297,0.8814102564102564
2930,444.66616225242615,0.2715195173198481,0.0005179882049560547,0.00021157264709472656,0.00010533332824707032,0.8942307692307693
2935,445.3993790149689,0.27394108138988144,0.00046372413635253906,0.0001418590545654297,0.0001027822494506836,0.8878205128205128
2940,446.131059885025,0.12472704389947467,0.0005135536193847656,0.00016260147094726562,0.00011270046234130859,0.8685897435897436
2945,446.8572299480438,0.19291171527867731,0.0005034446716308594,0.0001667499542236328,0.00011820793151855469,0.8477564102564102
2950,447.58399987220764,0.6677904833537468,0.0004983901977539063,0.00016083717346191407,0.00010683536529541016,0.8589743589743589
2955,448.31196999549866,0.32740423386580914,0.0005056381225585938,0.0001788616180419922,0.00010206699371337891,0.8573717948717948
2960,449.0494420528412,0.25923755901909545,0.0005128383636474609,0.00017213821411132812,9.772777557373046e-05,0.8701923076923077
2965,449.77816700935364,0.36408159988141053,0.0004803657531738281,0.00016527175903320314,0.00011091232299804687,0.875
2970,450.50916290283203,0.4918970461953762,0.0004853725433349609,0.0001464366912841797,0.0001035928726196289,0.8766025641025641
2975,451.2384078502655,0.16102943915157084,0.0005005836486816406,0.00017294883728027343,0.00010333061218261718,0.8814102564102564
2980,452.01758217811584,0.08695689201249764,0.0004962444305419922,0.00017347335815429688,9.837150573730469e-05,0.8878205128205128
2985,452.7483298778534,0.32158905596116083,0.0005056381225585938,0.0001788616180419922,0.00010306835174560547,0.8894230769230769
2990,453.48078298568726,0.07954913991093235,0.000491189956665039,0.00016756057739257811,0.00010554790496826172,0.8958333333333334
2995,454.2078151702881,0.16363993968971044,0.0004875659942626953,0.00015854835510253906,9.567737579345703e-05,0.8910256410256411
3000,454.94698119163513,0.17293472663610174,0.0004962444305419922,0.00017347335815429688,0.000102996826171875,0.8878205128205128
3005,455.701180934906,0.04919935259859045,0.0004955768585205078,0.00019178390502929687,0.00011188983917236328,0.8878205128205128
3010,456.4325261116028,0.024217837131891427,0.0005288124084472656,0.00021386146545410156,0.00011241436004638672,0.8862179487179487
3015,457.1674621105194,0.09522327440948856,0.0005193710327148438,0.00018372535705566407,0.00010499954223632812,0.8878205128205128
3020,457.8926510810852,0.20509487935534026,0.00047240257263183596,0.0001567840576171875,0.00011072158813476562,0.8910256410256411
3025,458.61663007736206,0.09664460815873213,0.0005085945129394531,0.00020618438720703124,0.00010256767272949218,0.8926282051282052
3030,459.3533811569214,0.1892209723600672,0.0004853725433349609,0.0001464366912841797,0.00010941028594970703,0.8862179487179487
3035,460.07555508613586,0.08222205341054974,0.00050201416015625,0.00016984939575195312,0.0001007080078125,0.8782051282051282
3040,460.8039960861206,0.08615235222319484,0.0005144119262695312,0.00022730827331542968,9.961128234863282e-05,0.8782051282051282
3045,461.53155303001404,0.06929433019031421,0.0005049705505371094,0.0001971721649169922,0.00012025833129882812,0.8717948717948718
3050,462.26076006889343,0.34862585956852854,0.0005078315734863281,0.00019097328186035156,0.0001092672348022461,0.8653846153846154
3055,462.9966950416565,0.5393070560035994,0.00047311782836914065,0.000147247314453125,0.00010428428649902343,0.8557692307692307
3060,463.74049401283264,0.15859374334172854,0.0004991531372070312,0.00017604827880859374,0.00011034011840820313,0.8381410256410257
3065,464.54138016700745,0.1872912844893449,0.000491189956665039,0.00016756057739257811,0.0001142263412475586,0.8349358974358975
3070,465.2792959213257,0.28113133336264584,0.00047173500061035154,0.0001750946044921875,0.00010330677032470703,0.8269230769230769
3075,466.01629304885864,0.38081566685923607,0.00048470497131347656,0.0001647472381591797,0.0001132965087890625,0.8653846153846154
3080,466.7546260356903,0.46453001016198103,0.0005042076110839844,0.0001819610595703125,9.984970092773438e-05,0.8798076923076923
3085,467.49461817741394,0.3151218681130558,0.0004992008209228516,0.00020079612731933595,0.00011646747589111328,0.8766025641025641
3090,468.23454093933105,0.6010602164776173,0.0005106449127197266,0.00016002655029296876,0.0001079559326171875,0.8541666666666666
3095,468.9880769252777,0.21911899888762038,0.0004940509796142578,0.0001613616943359375,0.00011963844299316407,0.8477564102564102
3100,469.73823523521423,0.07144781700048952,0.0005049705505371094,0.0001971721649169922,0.00010569095611572266,0.8349358974358975
3105,470.4854221343994,0.17946401637748863,0.0004919528961181641,0.00018277168273925782,0.00011086463928222656,0.8349358974358975
3110,471.22751688957214,0.4159931169786432,0.0005114078521728516,0.00017523765563964844,0.00011594295501708985,0.842948717948718
3115,471.98322105407715,0.27289134324678344,0.0004926204681396484,0.0001644611358642578,0.00010046958923339843,0.8509615384615384
3120,472.72572898864746,0.2984528817284172,0.0004825592041015625,0.0001773834228515625,0.00011043548583984375,0.8717948717948718