#{"solver": {"engine": {"type": "ExactEngine"}, "semiring": "GraphSemiring"}, "networks": [{"name": "perc_net_version_2_baseline_0", "module": "AD_V2_baseline_net_0(\n  (conv1): Conv2d(3, 6, kernel_size=(5, 5), stride=(1, 1))\n  (pool): MaxPool2d(kernel_size=2, stride=2, padding=0, dilation=1, ceil_mode=False)\n  (conv2): Conv2d(6, 16, kernel_size=(5, 5), stride=(1, 1))\n  (fc1): Linear(in_features=400, out_features=120, bias=True)\n  (fc2): Linear(in_features=120, out_features=84, bias=True)\n  (fc3): Linear(in_features=84, out_features=4, bias=True)\n  (softmax): Softmax(dim=-1)\n)", "optimizer": "Adam (\nParameter Group 0\n    amsgrad: False\n    betas: (0.9, 0.999)\n    capturable: False\n    differentiable: False\n    eps: 1e-08\n    foreach: None\n    fused: None\n    lr: 0.001\n    maximize: False\n    weight_decay: 0\n)", "k": null}], "program": "nn(perc_net_version_2_baseline_0,[Img],X,[0, 1, 2, 3])::action(Img,X).\nautonomous_driving_baseline(Img,X) :- action(Img,X).\n"}
#Accuracy 0.9322033898305084
i,time,loss,ground_time,compile_time,eval_time,accuracy
5,0.03509116172790527,1.1004239916801453,0.0003892660140991211,0.0003671407699584961,0.0001600503921508789,0.2584745762711864
10,0.3657839298248291,1.41142578125,0.00046727657318115237,0.00039741992950439455,0.00010409355163574219,0.2584745762711864
15,0.6867611408233643,1.3931175947189331,0.00044548511505126953,0.0003027915954589844,0.00010426044464111328,0.3771186440677966
20,1.0167739391326904,1.3728898644447327,0.0004980564117431641,0.0004895925521850586,0.000131988525390625,0.3644067796610169
25,1.355262041091919,1.3593771934509278,0.00043478012084960935,0.00012459754943847657,0.00011715888977050781,0.4491525423728814
30,1.6845252513885498,1.4053450226783752,0.0004500865936279297,0.0003088235855102539,0.00012464523315429686,0.3728813559322034
35,2.0151660442352295,1.3097243785858155,0.0004211902618408203,0.00012102127075195313,9.119510650634766e-05,0.3050847457627119
40,2.3449549674987793,1.280008280277252,0.00043828487396240233,0.00013275146484375,0.00010819435119628907,0.2584745762711864
45,2.6695990562438965,1.1796807587146758,0.0004465818405151367,0.00030066967010498045,0.00010161399841308593,0.2584745762711864
50,2.9884800910949707,1.4678816318511962,0.00046727657318115237,0.00039741992950439455,0.00010895729064941406,0.5720338983050848
55,3.310023069381714,1.314411461353302,0.00045797824859619143,0.00030848979949951174,0.00011174678802490234,0.7584745762711864
60,3.6233601570129395,1.1392198085784913,0.000461578369140625,0.0003935098648071289,0.00011699199676513672,0.6483050847457628
65,3.990018129348755,1.0996408402919768,0.00048656463623046874,0.0004049062728881836,0.0001263141632080078,0.6610169491525424
70,4.314223051071167,0.9473973497748375,0.0004969596862792969,0.0004917144775390625,0.0001131296157836914,0.652542372881356
75,4.647634983062744,1.1453843653202056,0.0004705667495727539,0.0003910541534423828,0.00011703968048095703,0.7372881355932204
80,5.00812292098999,1.0131655469536782,0.00046367645263671874,0.00031239986419677733,0.00011467933654785156,0.6779661016949152
85,5.350872039794922,0.7501344904303551,0.00045697689056396485,0.0003874778747558594,0.00011873245239257812,0.8220338983050848
90,5.666002035140991,0.5582493606954813,0.00047986507415771485,0.00047998428344726564,0.00010144710540771484,0.7627118644067796
95,5.981922149658203,0.8757843852974474,0.00046477317810058596,0.00031027793884277346,0.00010521411895751953,0.75
100,6.2933268547058105,0.8743210263550282,0.00043718814849853517,0.00013487339019775392,0.00011205673217773438,0.8305084745762712
105,6.603940963745117,0.3796586356125772,0.0004543781280517578,0.00022346973419189452,0.00010881423950195312,0.75
110,6.918596029281616,0.32843465972691777,0.0004487752914428711,0.00029642581939697265,0.00011141300201416016,0.7415254237288136
115,7.233122110366821,0.5321828745305538,0.0004991531372070312,0.00048747062683105467,0.00010540485382080079,0.7415254237288136
120,7.547616004943848,1.0673016908345745,0.00044548511505126953,0.0003027915954589844,0.00010197162628173828,0.8177966101694916
125,7.857496976852417,0.3877986280247569,0.0004590749740600586,0.0003063678741455078,0.00011396408081054688,0.8135593220338984
130,8.170275926589966,0.6880868010222911,0.00047767162322998047,0.00048422813415527344,0.00010662078857421875,0.8389830508474576
135,8.478281021118164,0.45334699088707564,0.00048556327819824217,0.00048389434814453123,0.0001054525375366211,0.8516949152542372
140,8.792030096054077,0.7562593573704361,0.00044977664947509766,0.000217437744140625,0.00010666847229003906,0.8516949152542372
145,9.104592084884644,0.26774905566126106,0.000432586669921875,0.00012884140014648437,9.958744049072265e-05,0.8135593220338984
150,9.418799877166748,0.3611890135332942,0.0004511833190917969,0.00030670166015625,0.00011153221130371094,0.826271186440678
155,9.735564947128296,0.9541013784706592,0.00042688846588134766,0.00012493133544921875,9.629726409912109e-05,0.8305084745762712
160,10.056911945343018,0.24082010355778039,0.00044977664947509766,0.000217437744140625,0.0001085042953491211,0.826271186440678
165,10.369549989700317,0.4959223604178987,0.00045478343963623047,0.0003917217254638672,0.00010442733764648438,0.8389830508474576
170,10.683447122573853,0.6188159621320665,0.0004740715026855469,0.00039920806884765627,0.00011000633239746093,0.8516949152542372
175,10.998651027679443,0.7746794724371284,0.00045228004455566406,0.0003045797348022461,0.00010800361633300781,0.864406779661017
180,11.312835931777954,0.668653600430116,0.00046367645263671874,0.00031239986419677733,0.00010440349578857421,0.8601694915254238
185,11.623263120651245,0.34680151259890407,0.0004969596862792969,0.0004917144775390625,0.0001068115234375,0.8601694915254238
190,11.938232898712158,0.2722080721636303,0.00047516822814941406,0.00039708614349365234,0.00010809898376464843,0.8432203389830508
195,12.248652219772339,0.30032390495034633,0.0004819631576538086,0.00039887428283691406,0.000102996826171875,0.8432203389830508
200,12.560431957244873,0.7345110515132547,0.00044438838958740237,0.0003049135208129883,0.0001074075698852539,0.8516949152542372
205,12.87221097946167,0.06775932696473319,0.00046486854553222655,0.0003871440887451172,0.00011081695556640625,0.864406779661017
210,13.183746099472046,0.41398884149675724,0.00048556327819824217,0.00048389434814453123,0.00010564327239990235,0.8516949152542372
215,13.493364095687866,0.26321245669387283,0.00044758319854736327,0.0002216815948486328,0.0001062631607055664,0.8728813559322034
220,13.808059930801392,0.6927041388466023,0.00043718814849853517,0.00013487339019775392,0.00010933876037597657,0.885593220338983
225,14.118475198745728,0.25947808655514565,0.00046017169952392576,0.0003042459487915039,0.00011138916015625,0.864406779661017
230,14.428845167160034,0.0739559281086258,0.00047626495361328123,0.0003949642181396484,0.00010683536529541016,0.864406779661017
235,14.737965106964111,0.5194486245015468,0.00047626495361328123,0.0003949642181396484,0.00010654926300048828,0.8559322033898306
240,15.049297094345093,0.37989293577570604,0.00045697689056396485,0.0003874778747558594,9.851455688476562e-05,0.8559322033898306
245,15.35578203201294,0.2543256666977868,0.0004464864730834961,0.00022380352020263673,0.0001081705093383789,0.885593220338983
250,15.664798974990845,0.32274418232315155,0.00047986507415771485,0.00047998428344726564,9.853839874267578e-05,0.9067796610169492
255,15.973089218139648,0.13883389589918807,0.0004912614822387695,0.0004878044128417969,0.00010898113250732422,0.9110169491525424
260,16.28056001663208,0.3675612709252164,0.0004336833953857422,0.00012671947479248047,0.00010573863983154297,0.885593220338983
265,16.58812189102173,0.17127909283153714,0.0004339933395385742,0.00021810531616210936,0.0001079559326171875,0.8728813559322034
270,16.898231983184814,0.20061593072896358,0.0004440784454345703,0.00021352767944335938,0.00010235309600830078,0.8686440677966102
275,17.21010398864746,0.6125175456982106,0.0004314899444580078,0.00013096332550048827,0.00011718273162841797,0.8813559322033898
280,17.516338109970093,0.3543881367528229,0.00043728351593017576,0.00021173954010009766,0.00010492801666259766,0.8813559322033898
285,17.820614099502563,0.370388226607929,0.00046727657318115237,0.00039741992950439455,0.00010540485382080079,0.885593220338983
290,18.1288800239563,0.2842871478322195,0.0004740715026855469,0.00039920806884765627,0.00010688304901123047,0.8728813559322034
295,18.43326187133789,0.4529148755245842,0.00045588016510009763,0.00038959980010986326,0.00010576248168945313,0.8686440677966102
300,18.74187207221985,0.41378115327141246,0.00048656463623046874,0.0004049062728881836,0.00010962486267089844,0.8813559322033898
305,19.05168390274048,0.37134749591351124,0.0004797697067260742,0.00040311813354492186,0.00012094974517822266,0.864406779661017
310,19.36159610748291,0.17218494755217648,0.00047626495361328123,0.0003949642181396484,0.00010790824890136719,0.8601694915254238
315,19.671092987060547,0.6041853773438561,0.0004819631576538086,0.00039887428283691406,0.00010967254638671875,0.8559322033898306
320,19.980141162872314,0.32458981499494255,0.00045588016510009763,0.00038959980010986326,9.639263153076172e-05,0.8813559322033898
325,20.285802125930786,0.40270517322392296,0.000480961799621582,0.0004778623580932617,0.0001007080078125,0.8898305084745762
330,20.590676069259644,0.2641950699022345,0.0004511833190917969,0.00030670166015625,0.00010638236999511718,0.8940677966101694
335,20.898770093917847,0.6618354927748442,0.0004439830780029297,0.00013666152954101564,0.00010755062103271485,0.8983050847457628
340,21.206422090530396,0.2846395495464094,0.0004543781280517578,0.00022346973419189452,0.0001081705093383789,0.9067796610169492
345,21.509221076965332,0.04470724931309746,0.0004476785659790039,0.0002985477447509766,0.00010943412780761719,0.9110169491525424
350,21.81773805618286,0.059490407072350135,0.0004991531372070312,0.00048747062683105467,0.0001049041748046875,0.902542372881356
355,22.125307083129883,0.5811399161815644,0.00043509006500244143,0.00021598339080810546,0.00011243820190429688,0.8983050847457628
360,22.433892965316772,0.07432311463781502,0.0004705667495727539,0.0003910541534423828,0.00010578632354736328,0.8940677966101694
365,22.736947059631348,0.17112089018337429,0.00046727657318115237,0.00039741992950439455,0.00010886192321777344,0.8983050847457628
370,23.042591094970703,0.2496723739909271,0.00047876834869384763,0.0004821062088012695,0.00011169910430908203,0.9110169491525424
375,23.347985982894897,0.25152168865315616,0.0004715681076049805,0.0003120660781860352,0.00010235309600830078,0.9194915254237288
380,23.656829118728638,0.1630346869063942,0.0004336833953857422,0.00012671947479248047,0.00010862350463867188,0.9067796610169492
385,23.96687602996826,0.09160773400726611,0.00044438838958740237,0.0003049135208129883,0.00010247230529785157,0.902542372881356
390,24.27788805961609,0.4877587072027382,0.0004279851913452148,0.00012280941009521485,0.00010221004486083984,0.902542372881356
395,24.589602947235107,0.11532504001515917,0.00043828487396240233,0.00013275146484375,0.0001119375228881836,0.885593220338983
400,24.901357173919678,0.42086028184203317,0.000438690185546875,0.00030100345611572266,0.00010199546813964844,0.885593220338983
405,25.208574056625366,0.3545947916287332,0.000484466552734375,0.00048601627349853516,0.00010836124420166016,0.8898305084745762
410,25.516998052597046,0.43439874076866547,0.00044188499450683596,0.00021777153015136718,9.508132934570313e-05,0.8771186440677966
415,25.824043035507202,0.22219725400791504,0.000484466552734375,0.00048601627349853516,0.00010392665863037109,0.8813559322033898
420,26.129565000534058,0.34209360200576383,0.0004969596862792969,0.0004917144775390625,0.00010695457458496094,0.8983050847457628
425,26.43858313560486,0.1202580333221718,0.00047047138214111327,0.00031418800354003905,0.00011837482452392578,0.8983050847457628
430,26.743324041366577,0.023266950657125564,0.0004866600036621094,0.00048177242279052735,0.00010864734649658203,0.8771186440677966
435,27.050284147262573,0.7097687917133954,0.0004568815231323242,0.0003106117248535156,0.00010764598846435547,0.8686440677966102
440,27.35911798477173,0.12202783912139381,0.0004637718200683594,0.0003892660140991211,0.00010778903961181641,0.8771186440677966
445,27.669633150100708,0.5215236690273798,0.0004637718200683594,0.0003892660140991211,0.00011050701141357422,0.8898305084745762
450,27.991952896118164,0.3891612019389868,0.00046367645263671874,0.00031239986419677733,0.00010690689086914062,0.8983050847457628
455,28.31016206741333,0.5249063282855786,0.0004314899444580078,0.00013096332550048827,9.951591491699218e-05,0.923728813559322
460,28.62282705307007,0.17637239384930722,0.000455474853515625,0.00022134780883789062,0.00013017654418945312,0.923728813559322
465,28.93524408340454,0.08340218404841834,0.000480961799621582,0.0004778623580932617,0.00011510848999023438,0.923728813559322
470,29.244510173797607,0.27911247686288476,0.0004715681076049805,0.0003120660781860352,0.00010526180267333984,0.9279661016949152
475,29.547356128692627,0.3194481140002665,0.00045697689056396485,0.0003874778747558594,0.00010182857513427735,0.9067796610169492
480,29.854599952697754,0.08675367070245557,0.00045797824859619143,0.00030848979949951174,0.00010936260223388672,0.9194915254237288
485,30.16892409324646,0.0627947077693591,0.00047876834869384763,0.0004821062088012695,9.47713851928711e-05,0.923728813559322
490,30.473850965499878,0.2563060975751796,0.00047516822814941406,0.00039708614349365234,0.00011234283447265625,0.923728813559322
495,30.779139041900635,0.24969481748385078,0.00044977664947509766,0.000217437744140625,0.00011034011840820313,0.9152542372881356
500,31.080899953842163,0.003022335874402415,0.00044188499450683596,0.00021777153015136718,0.00011229515075683594,0.9194915254237288
505,31.42630887031555,0.052303578302780804,0.0004361867904663086,0.00021386146545410156,0.00010445117950439454,0.9194915254237288
510,31.73205590248108,0.5339438175959004,0.0004314899444580078,0.00013096332550048827,0.00011098384857177734,0.9110169491525424
515,32.035703897476196,0.14926032053890595,0.0004440784454345703,0.00021352767944335938,0.00010116100311279297,0.9067796610169492
520,32.339479207992554,0.44819572327905915,0.00046727657318115237,0.00039741992950439455,0.00010235309600830078,0.9152542372881356
525,32.65670990943909,0.17998871537934064,0.0004740715026855469,0.00039920806884765627,0.00010020732879638672,0.9067796610169492
530,32.96395397186279,0.35569586977180734,0.00043978691101074217,0.00029888153076171873,9.837150573730469e-05,0.885593220338983
535,33.26705312728882,0.11043595441589674,0.0004797697067260742,0.00040311813354492186,0.00010709762573242187,0.8813559322033898
540,33.57112503051758,0.41008001993759535,0.0004969596862792969,0.0004917144775390625,0.00010287761688232422,0.9110169491525424
545,33.88022518157959,0.012298705108696595,0.00047516822814941406,0.00039708614349365234,0.00010478496551513672,0.9067796610169492
550,34.18379616737366,0.20692067461495753,0.0004819631576538086,0.00039887428283691406,0.00011475086212158203,0.8771186440677966
555,34.490070104599,0.42336716428526416,0.00044548511505126953,0.0003027915954589844,0.00010666847229003906,0.8771186440677966
560,34.791370153427124,0.5857339905560366,0.00046486854553222655,0.0003871440887451172,0.0001010894775390625,0.885593220338983
565,35.09831786155701,0.33605960580171657,0.00048556327819824217,0.00048389434814453123,0.000106048583984375,0.902542372881356
570,35.406888008117676,0.316400154074654,0.0004428863525390625,0.00013878345489501954,0.00010955333709716797,0.923728813559322
575,35.713804960250854,0.26610010739823337,0.00044188499450683596,0.00021777153015136718,0.0001150369644165039,0.9194915254237288
580,36.017383098602295,0.1208657301380299,0.00046017169952392576,0.0003042459487915039,0.00010068416595458985,0.9322033898305084
585,36.327277183532715,0.10857763601816259,0.0004658699035644531,0.00030815601348876953,9.918212890625e-05,0.9194915254237288
590,36.63398218154907,0.5657878054306025,0.0004694700241088867,0.0003931760787963867,9.732246398925781e-05,0.923728813559322
595,36.94088006019592,0.03862811719300226,0.0004694700241088867,0.0003931760787963867,0.00010149478912353515,0.9110169491525424
600,37.25288200378418,0.05605008386846748,0.00046727657318115237,0.00039741992950439455,0.00010843276977539063,0.9067796610169492
605,37.55791902542114,0.3925626327632926,0.00044548511505126953,0.0003027915954589844,0.00010993480682373047,0.9194915254237288
610,37.87727189064026,0.06735540229142316,0.0004980564117431641,0.0004895925521850586,0.00012612342834472656,0.923728813559322
615,38.19702506065369,0.16632834521128642,0.00043478012084960935,0.00012459754943847657,0.00011522769927978516,0.9194915254237288
620,38.5183539390564,0.05936000969668385,0.0004500865936279297,0.0003088235855102539,0.00012178421020507813,0.9194915254237288
625,38.84539604187012,0.2788557430605579,0.0004211902618408203,0.00012102127075195313,0.00010480880737304688,0.9194915254237288
630,39.15083408355713,0.20370803270984653,0.00043828487396240233,0.00013275146484375,0.00011115074157714843,0.902542372881356
635,39.45605421066284,0.3418543335082177,0.0004465818405151367,0.00030066967010498045,0.00011184215545654297,0.9110169491525424
640,39.76183605194092,0.2052665300157969,0.00046727657318115237,0.00039741992950439455,0.00010743141174316407,0.9152542372881356
645,40.0607590675354,0.3978929203905864,0.00045797824859619143,0.00030848979949951174,0.00010201930999755859,0.9194915254237288
650,40.36355686187744,0.07388449117581217,0.000461578369140625,0.0003935098648071289,0.00011553764343261719,0.9152542372881356
655,40.66746497154236,0.2630259413697786,0.00048656463623046874,0.0004049062728881836,0.00011289119720458984,0.9067796610169492
660,40.97405409812927,0.10580611007171684,0.0004969596862792969,0.0004917144775390625,0.00011360645294189453,0.9067796610169492
665,41.2853479385376,0.01701011650147848,0.0004705667495727539,0.0003910541534423828,0.00011794567108154297,0.902542372881356
670,41.60834002494812,0.5394028690298001,0.00046367645263671874,0.00031239986419677733,0.00012936592102050782,0.8813559322033898
675,41.92290496826172,0.11874477402102457,0.00045697689056396485,0.0003874778747558594,9.677410125732421e-05,0.8771186440677966
680,42.22569298744202,0.5614429615070549,0.00047986507415771485,0.00047998428344726564,0.00010399818420410156,0.885593220338983
685,42.539469957351685,0.3152935442660237,0.00046477317810058596,0.00031027793884277346,0.0001252889633178711,0.9152542372881356
690,42.85775113105774,0.3913679602090269,0.00043718814849853517,0.00013487339019775392,0.00011808872222900391,0.9194915254237288
695,43.17831993103027,0.08630523364190594,0.0004543781280517578,0.00022346973419189452,0.00010499954223632812,0.923728813559322
700,43.490878105163574,0.04939571951399557,0.0004487752914428711,0.00029642581939697265,0.00011439323425292969,0.9194915254237288
705,43.808648109436035,0.22999079208821058,0.0004991531372070312,0.00048747062683105467,0.00011053085327148438,0.9152542372881356
710,44.123332023620605,0.33495972040400374,0.00044548511505126953,0.0003027915954589844,0.00011093616485595703,0.923728813559322
715,44.428611040115356,0.06959708895010408,0.0004590749740600586,0.0003063678741455078,0.00010685920715332031,0.9110169491525424
720,44.7283411026001,0.06938992091527325,0.00047767162322998047,0.00048422813415527344,0.00010404586791992187,0.9194915254237288
725,45.030253171920776,0.2983381653685228,0.00048556327819824217,0.00048389434814453123,0.00011134147644042969,0.9194915254237288
730,45.328593015670776,0.6084754874775626,0.00044977664947509766,0.000217437744140625,0.00010554790496826172,0.923728813559322
735,45.65471601486206,0.013487325150617836,0.000432586669921875,0.00012884140014648437,0.00011165142059326172,0.9067796610169492
740,45.98204708099365,0.07403406013302742,0.0004511833190917969,0.00030670166015625,0.00011410713195800782,0.8983050847457628
745,46.339725971221924,0.4298028344212071,0.00042688846588134766,0.00012493133544921875,0.00012059211730957032,0.8940677966101694
750,46.67473316192627,0.1206100885606702,0.00044977664947509766,0.000217437744140625,0.0001157999038696289,0.902542372881356
755,46.98100209236145,0.45992204299800504,0.00045478343963623047,0.0003917217254638672,0.00010454654693603516,0.902542372881356
760,47.28351402282715,0.35110453911220246,0.0004740715026855469,0.00039920806884765627,0.00010242462158203126,0.902542372881356
765,47.58612322807312,0.36379856735984506,0.00045228004455566406,0.0003045797348022461,0.00010309219360351562,0.902542372881356
770,47.887181997299194,0.16986363804589927,0.00046367645263671874,0.00031239986419677733,0.00010609626770019531,0.8940677966101694
775,48.18886113166809,0.2829002181668173,0.0004969596862792969,0.0004917144775390625,0.00010225772857666015,0.902542372881356
780,48.48942708969116,0.020950521975102276,0.00047516822814941406,0.00039708614349365234,0.00010631084442138671,0.9110169491525424
785,48.789236068725586,0.252436121518258,0.0004819631576538086,0.00039887428283691406,0.00010557174682617188,0.9110169491525424
790,49.09280204772949,0.506531310952596,0.00044438838958740237,0.0003049135208129883,9.989738464355469e-05,0.9067796610169492
795,49.39568495750427,0.03951130815476063,0.00046486854553222655,0.0003871440887451172,0.00010333061218261718,0.9110169491525424
800,49.705081939697266,0.29856702995530215,0.00048556327819824217,0.00048389434814453123,0.00010175704956054688,0.9067796610169492
805,50.180217027664185,0.2145576149021508,0.00044758319854736327,0.0002216815948486328,0.00012009143829345703,0.9110169491525424
810,50.53234601020813,0.389946670039717,0.00043718814849853517,0.00013487339019775392,0.00012700557708740235,0.902542372881356
815,50.89841604232788,0.08865436145943022,0.00046017169952392576,0.0003042459487915039,0.00011534690856933594,0.8983050847457628
820,51.24024724960327,0.03261657743337452,0.00047626495361328123,0.0003949642181396484,0.0001270294189453125,0.8940677966101694
825,51.55775189399719,0.4413847352380699,0.00047626495361328123,0.0003949642181396484,0.00011358261108398437,0.8898305084745762
830,51.8724160194397,0.22111862214251232,0.00045697689056396485,0.0003874778747558594,0.00011725425720214844,0.9152542372881356
835,52.454834938049316,0.07124415381695144,0.0004464864730834961,0.00022380352020263673,0.00012974739074707032,0.9194915254237288
840,52.811119079589844,0.18757470747223123,0.00047986507415771485,0.00047998428344726564,0.00011265277862548828,0.8983050847457628
845,53.16443610191345,0.2553206273066735,0.0004912614822387695,0.0004878044128417969,0.00011050701141357422,0.8983050847457628
850,53.508278131484985,0.37661222627284585,0.0004336833953857422,0.00012671947479248047,0.00011785030364990235,0.902542372881356
855,53.83978819847107,0.04178455256333109,0.0004339933395385742,0.00021810531616210936,0.00011496543884277343,0.902542372881356
860,54.16858410835266,0.052711178025856495,0.0004440784454345703,0.00021352767944335938,0.00011069774627685547,0.8940677966101694
865,54.49649906158447,0.3486444561929602,0.0004314899444580078,0.00013096332550048827,0.00010666847229003906,0.8898305084745762
870,54.8234498500824,0.28311134303085056,0.00043728351593017576,0.00021173954010009766,0.00011525154113769531,0.902542372881356
875,55.14948511123657,0.21074892609403834,0.00046727657318115237,0.00039741992950439455,0.00010595321655273437,0.902542372881356
880,55.477949142456055,0.1324893639482255,0.0004740715026855469,0.00039920806884765627,0.00010750293731689453,0.9067796610169492
885,55.80532908439636,0.23577674271871416,0.00045588016510009763,0.00038959980010986326,0.0001112222671508789,0.902542372881356
890,56.133854150772095,0.05282888644146624,0.00048656463623046874,0.0004049062728881836,0.00011751651763916015,0.885593220338983
895,56.484050035476685,0.323948674406347,0.0004797697067260742,0.00040311813354492186,0.00011930465698242187,0.8983050847457628
900,56.83046197891235,0.4024450093449559,0.00047626495361328123,0.0003949642181396484,0.00010745525360107422,0.9194915254237288
905,57.18755221366882,0.7779863426157135,0.0004819631576538086,0.00039887428283691406,0.00012657642364501953,0.8898305084745762
910,57.53876996040344,1.114036567909352,0.00045588016510009763,0.00038959980010986326,0.00011265277862548828,0.8813559322033898
915,57.878374099731445,0.25488913797603485,0.000480961799621582,0.0004778623580932617,0.00011973381042480468,0.8813559322033898
920,58.20973610877991,0.2355012942571193,0.0004511833190917969,0.00030670166015625,0.00011618137359619141,0.8898305084745762
925,58.536442041397095,0.3192143416032195,0.0004439830780029297,0.00013666152954101564,0.00011181831359863281,0.8940677966101694
930,58.85987114906311,0.11235845427727469,0.0004543781280517578,0.00022346973419189452,0.00012066364288330079,0.8940677966101694
935,59.18815803527832,0.025384491489984385,0.0004476785659790039,0.0002985477447509766,0.00011534690856933594,0.8940677966101694
940,59.51665115356445,0.08156831078304094,0.0004991531372070312,0.00048747062683105467,0.00011758804321289062,0.9067796610169492
945,59.887449979782104,0.527302467208574,0.00043509006500244143,0.00021598339080810546,0.0001207590103149414,0.9067796610169492
950,60.21140003204346,0.07971905378308293,0.0004705667495727539,0.0003910541534423828,0.00011725425720214844,0.9110169491525424
955,60.531708002090454,0.45010173969206446,0.00046727657318115237,0.00039741992950439455,0.00011153221130371094,0.9110169491525424
960,60.85736298561096,0.2865858604986272,0.00047876834869384763,0.0004821062088012695,0.00010447502136230468,0.923728813559322
965,61.182454109191895,0.11904743373161182,0.0004715681076049805,0.0003120660781860352,0.00010282993316650391,0.923728813559322
970,61.50594115257263,0.14063699039397762,0.0004336833953857422,0.00012671947479248047,0.0001138448715209961,0.9194915254237288
975,61.83648610115051,0.07678805724717677,0.00044438838958740237,0.0003049135208129883,0.0001190185546875,0.9279661016949152
980,62.16830396652222,0.37950739722000437,0.0004279851913452148,0.00012280941009521485,0.00010845661163330078,0.9279661016949152
985,62.501118183135986,0.10056700014974922,0.00043828487396240233,0.00013275146484375,0.00011477470397949218,0.9322033898305084
990,62.839138984680176,0.3039109949211721,0.000438690185546875,0.00030100345611572266,0.00011601448059082032,0.940677966101695
995,63.17130208015442,0.25004915589211124,0.000484466552734375,0.00048601627349853516,0.00011651515960693359,0.9449152542372882
1000,63.49794316291809,0.3072301884669287,0.00044188499450683596,0.00021777153015136718,0.00011205673217773438,0.940677966101695
1005,63.82872295379639,0.05036555947737611,0.000484466552734375,0.00048601627349853516,0.00011012554168701171,0.9322033898305084
1010,64.15566086769104,0.28424744246585903,0.0004969596862792969,0.0004917144775390625,0.00012781620025634766,0.9364406779661016
1015,64.48168301582336,0.043928464793862074,0.00047047138214111327,0.00031418800354003905,0.00010318756103515625,0.940677966101695
1020,64.81790113449097,0.0382211996242404,0.0004866600036621094,0.00048177242279052735,0.00011138916015625,0.9322033898305084
1025,65.1518030166626,0.5447046281136864,0.0004568815231323242,0.0003106117248535156,0.000115203857421875,0.9152542372881356
1030,65.48530912399292,0.032380491867661475,0.0004637718200683594,0.0003892660140991211,0.00012731552124023438,0.9110169491525424
1035,65.81284308433533,0.3767565565765835,0.0004637718200683594,0.0003892660140991211,0.0001186370849609375,0.9152542372881356
1040,66.13451814651489,0.18863003189662778,0.00046367645263671874,0.00031239986419677733,0.0001194000244140625,0.9364406779661016
1045,66.46332597732544,0.3048105109352036,0.0004314899444580078,0.00013096332550048827,0.00012452602386474608,0.940677966101695
1050,66.78877806663513,0.062160230951849374,0.000455474853515625,0.00022134780883789062,0.00012202262878417969,0.9364406779661016
1055,67.11653804779053,0.052972614741929644,0.000480961799621582,0.0004778623580932617,0.00012216567993164062,0.9322033898305084
1060,67.44386696815491,0.2356880972047975,0.0004715681076049805,0.0003120660781860352,0.00011301040649414062,0.9279661016949152
1065,67.76600003242493,0.31448338385672514,0.00045697689056396485,0.0003874778747558594,0.00011937618255615234,0.9322033898305084
1070,68.09151196479797,0.02085233538527973,0.00045797824859619143,0.00030848979949951174,0.00012068748474121093,0.9364406779661016
1075,68.42048501968384,0.077086076096748,0.00047876834869384763,0.0004821062088012695,0.0001247882843017578,0.9364406779661016
1080,68.73943519592285,0.3312659956981179,0.00047516822814941406,0.00039708614349365234,0.00010972023010253906,0.9322033898305084
1085,69.06091713905334,0.14237891446537104,0.00044977664947509766,0.000217437744140625,0.00011436939239501953,0.9322033898305084
1090,69.37523698806763,0.002721550618298352,0.00044188499450683596,0.00021777153015136718,0.00011229515075683594,0.9322033898305084
1095,69.69051098823547,0.07386025223931938,0.0004361867904663086,0.00021386146545410156,0.0001081705093383789,0.9364406779661016
1100,70.00532007217407,0.3608591658354271,0.0004314899444580078,0.00013096332550048827,0.00010573863983154297,0.9364406779661016
1105,70.32704210281372,0.12935217326139536,0.0004440784454345703,0.00021352767944335938,0.0001180410385131836,0.940677966101695
1110,70.64366102218628,0.2637258663322086,0.00046727657318115237,0.00039741992950439455,0.00011570453643798828,0.940677966101695
1115,70.96042823791504,0.11241118695907062,0.0004740715026855469,0.00039920806884765627,0.00010516643524169922,0.9449152542372882
1120,71.27543902397156,0.23919066682910853,0.00043978691101074217,0.00029888153076171873,0.00011866092681884765,0.9322033898305084
1125,71.59081101417542,0.045807543784030715,0.0004797697067260742,0.00040311813354492186,0.00012154579162597657,0.9322033898305084
1130,71.90698313713074,0.21692452121806127,0.0004969596862792969,0.0004917144775390625,0.00012118816375732422,0.9364406779661016
1135,72.22214698791504,0.006207727607397828,0.00047516822814941406,0.00039708614349365234,0.00011587142944335938,0.9449152542372882
1140,72.53999495506287,0.25771487699239515,0.0004819631576538086,0.00039887428283691406,0.00011637210845947266,0.9364406779661016
1145,72.86049389839172,0.28519580652609877,0.00044548511505126953,0.0003027915954589844,0.00012018680572509766,0.9194915254237288
1150,73.17882108688354,0.35158922994123715,0.00046486854553222655,0.0003871440887451172,0.00011060237884521484,0.9110169491525424
1155,73.4953088760376,0.12878043132587322,0.00048556327819824217,0.00048389434814453123,0.0001055002212524414,0.9279661016949152
1160,73.81442999839783,0.1552844383288175,0.0004428863525390625,0.00013878345489501954,0.00011949539184570312,0.940677966101695
1165,74.13425898551941,0.18916446281800744,0.00044188499450683596,0.00021777153015136718,0.00011126995086669922,0.940677966101695
1170,74.45687890052795,0.06702020776865539,0.00046017169952392576,0.0003042459487915039,0.00011343955993652344,0.9364406779661016
1175,74.77754712104797,0.023366249304672237,0.0004658699035644531,0.00030815601348876953,0.00011324882507324219,0.9364406779661016
1180,75.09590005874634,0.5171816499321722,0.0004694700241088867,0.0003931760787963867,0.00011715888977050781,0.9322033898305084