#{"solver": {"engine": {"type": "ExactEngine"}, "semiring": "GraphSemiring"}, "networks": [{"name": "perc_net_version_2_baseline_1", "module": "AD_V2_baseline_net_1(\n  (image_features): Sequential(\n    (0): Conv2d(3, 6, kernel_size=(5, 5), stride=(1, 1))\n    (1): ReLU()\n    (2): MaxPool2d(kernel_size=2, stride=2, padding=0, dilation=1, ceil_mode=False)\n    (3): Conv2d(6, 16, kernel_size=(5, 5), stride=(1, 1))\n    (4): ReLU()\n    (5): MaxPool2d(kernel_size=2, stride=2, padding=0, dilation=1, ceil_mode=False)\n    (6): Flatten(start_dim=0, end_dim=2)\n    (7): Linear(in_features=400, out_features=120, bias=True)\n    (8): Linear(in_features=120, out_features=84, bias=True)\n    (9): Linear(in_features=84, out_features=4, bias=True)\n  )\n  (numeric_features): Sequential(\n    (0): Linear(in_features=1, out_features=4, bias=True)\n    (1): ReLU()\n    (2): Dropout(p=0.5, inplace=False)\n    (3): Linear(in_features=4, out_features=4, bias=True)\n    (4): ReLU()\n  )\n  (combined_features): Sequential(\n    (0): Linear(in_features=8, out_features=8, bias=True)\n    (1): ReLU()\n    (2): Dropout(p=0.5, inplace=False)\n    (3): Linear(in_features=8, out_features=8, bias=True)\n    (4): ReLU()\n    (5): Linear(in_features=8, out_features=4, bias=True)\n    (6): Softmax(dim=-1)\n  )\n)", "optimizer": "Adam (\nParameter Group 0\n    amsgrad: False\n    betas: (0.9, 0.999)\n    capturable: False\n    differentiable: False\n    eps: 1e-08\n    foreach: None\n    fused: None\n    lr: 0.001\n    maximize: False\n    weight_decay: 0\n)", "k": null}], "program": "nn(perc_net_version_2_baseline_1,[Img, Speed],X,[0, 1, 2, 3])::action(Img,Speed,X).\nautonomous_driving_baseline(Img,Speed,X) :- action(Img,Speed,X).\n"}
#Accuracy 0.8679927667269439
i,time,loss,ground_time,compile_time,eval_time,accuracy
5,0.059449195861816406,0.9964976847171784,0.0003738880157470703,0.00012054443359375,0.00014085769653320311,0.2513562386980108
10,3.029860258102417,1.3375019550323486,0.00044155120849609375,0.00013778209686279296,0.00014119148254394532,0.2513562386980108
15,5.775397300720215,1.3365538358688354,0.0004294157028198242,0.00012197494506835938,0.0001260519027709961,0.2513562386980108
20,8.491100311279297,1.5860107302665711,0.00042364597320556643,0.00012533664703369142,0.00014050006866455077,0.2513562386980108
25,11.308938026428223,1.5394123017787933,0.0004470586776733398,0.00012965202331542968,0.000139617919921875,0.2513562386980108
30,14.2676522731781,1.519010639190674,0.00043497085571289065,0.0001382112503051758,0.0001568317413330078,0.2513562386980108
35,17.142861127853394,1.5395094335079194,0.00043628215789794924,0.0001286745071411133,0.00013513565063476561,0.2513562386980108
40,19.97843098640442,1.5823744893074037,0.0004305839538574219,0.00013647079467773437,0.00014586448669433593,0.2513562386980108
45,22.78105926513672,1.3758277237415313,0.0004803895950317383,0.00014910697937011718,0.00014307498931884766,0.2513562386980108
50,25.733111143112183,1.3936830043792725,0.00048618316650390626,0.0001456737518310547,0.00016355514526367188,0.2513562386980108
55,28.60005831718445,1.470597606897354,0.00041646957397460936,0.00014147758483886718,0.00015947818756103515,0.2513562386980108
60,31.49612331390381,1.4947240710258485,0.0004579305648803711,0.0001479625701904297,0.00014371871948242186,0.2513562386980108
65,34.35219717025757,1.402948695421219,0.0004601478576660156,0.00012962818145751954,0.00011758804321289062,0.2513562386980108
70,37.11436223983765,1.3919461846351624,0.0004606723785400391,0.0001432657241821289,0.00015404224395751954,0.2513562386980108
75,39.837769985198975,1.3325827419757843,0.0004377126693725586,0.00014324188232421874,0.0001283884048461914,0.2513562386980108
80,42.51498818397522,1.5038587868213653,0.0004180431365966797,0.00012788772583007812,0.0001400470733642578,0.2513562386980108
85,45.19777727127075,1.6010481476783753,0.0004206418991088867,0.00011708736419677735,0.00013124942779541016,0.2513562386980108
90,47.83572506904602,1.3303562164306642,0.0004748821258544922,0.00015256404876708984,0.00013506412506103516,0.2513562386980108
95,50.486722230911255,1.4314022302627563,0.0004434347152709961,0.00013706684112548828,0.00013031959533691407,0.2513562386980108
100,53.216432332992554,1.41228067278862,0.00044641494750976565,0.00015354156494140625,0.0001438140869140625,0.2513562386980108
105,55.998839139938354,1.4892764329910277,0.00041439533233642576,0.00013744831085205078,0.0001466989517211914,0.2513562386980108
110,58.78475213050842,1.4192632973194121,0.00048389434814453123,0.00013666152954101564,0.00013179779052734374,0.2513562386980108
115,61.401225090026855,1.2534931659698487,0.0004715442657470703,0.00014955997467041015,0.00013265609741210937,0.2513562386980108
120,64.03049325942993,1.2013315618038178,0.0004790782928466797,0.00015213489532470704,0.0001421689987182617,0.2513562386980108
125,66.63658499717712,1.45679669380188,0.00045974254608154296,0.00012767314910888672,0.0001250743865966797,0.2513562386980108
130,69.24928116798401,1.5416609704494477,0.00044929981231689453,0.00014569759368896485,0.00014138221740722656,0.2513562386980108
135,71.75189304351807,1.3633281528949737,0.0004477739334106445,0.00013883113861083983,0.0001224517822265625,0.2513562386980108
140,74.20029425621033,1.5868749141693115,0.0004444599151611328,0.00011415481567382813,0.00011646747589111328,0.2513562386980108
145,76.67357897758484,1.4665406703948975,0.00045354366302490233,0.00012557506561279298,0.00012032985687255859,0.2513562386980108
150,79.13630318641663,1.3381133437156678,0.00045909881591796873,0.00013098716735839843,0.0001241922378540039,0.2513562386980108
155,81.59626507759094,1.3795101463794708,0.0004918575286865234,0.00015416145324707032,0.00012688636779785157,0.2513562386980108
160,84.03613805770874,1.4180178225040436,0.00043039321899414064,0.00013346672058105468,0.00011458396911621094,0.2513562386980108
165,86.51051807403564,1.365259402990341,0.00048134326934814455,0.0001447916030883789,0.00011818408966064453,0.2513562386980108
170,88.95754814147949,1.4367765307426452,0.0004392862319946289,0.0001288890838623047,0.00012180805206298828,0.2513562386980108
175,91.41937732696533,1.4810232877731324,0.00044109821319580076,0.00013582706451416017,0.0001260995864868164,0.2513562386980108
180,93.93704724311829,1.4340192317962646,0.00044419765472412107,0.00012018680572509766,0.00012555122375488282,0.2513562386980108
185,97.00341129302979,1.4304433405399322,0.00044214725494384766,0.0001288890838623047,0.00013947486877441406,0.2513562386980108
190,99.76350736618042,1.3640034675598145,0.00045266151428222654,0.00012385845184326172,0.00012738704681396483,0.2513562386980108
195,102.49321603775024,1.4173867583274842,0.00048143863677978515,0.0001476287841796875,0.00019671916961669922,0.2513562386980108
200,105.20037508010864,1.3901618361473083,0.00047118663787841796,0.00013575553894042968,0.0001271963119506836,0.2513562386980108
205,107.9694881439209,1.3940837144851685,0.0004470348358154297,0.00014371871948242186,0.00018188953399658203,0.2513562386980108
210,110.83136510848999,1.3529764890670777,0.00046970844268798826,0.00014162063598632812,0.00011627674102783203,0.2513562386980108
215,113.64703226089478,1.3763174295425415,0.000480961799621582,0.00014226436614990235,0.00012302398681640625,0.2513562386980108
220,116.28954029083252,1.3600039720535277,0.0004580259323120117,0.00014035701751708985,0.00012395381927490234,0.2513562386980108
225,118.918386220932,1.4918031096458435,0.00042333602905273435,0.0001326322555541992,0.00011382102966308593,0.2513562386980108
230,121.3830451965332,1.35652037858963,0.0004218101501464844,0.00012052059173583984,0.00011281967163085937,0.24773960216998192
235,123.93338704109192,1.262592190504074,0.00045375823974609376,0.0001438617706298828,0.0001413583755493164,0.244122965641953
240,126.43748021125793,1.6235001772642135,0.00045328140258789064,0.00013091564178466797,0.00012259483337402345,0.2694394213381555
245,128.95548915863037,1.4821459650993347,0.0003993511199951172,0.00012342929840087892,0.00011000633239746093,0.25316455696202533
250,131.63266611099243,1.2245095491409301,0.0005068540573120117,0.00016758441925048828,0.00012650489807128907,0.2513562386980108
255,134.34186720848083,1.3617135107517242,0.0004372358322143555,0.00013217926025390624,0.00016922950744628905,0.2513562386980108
260,136.96627616882324,1.437882125377655,0.0004096269607543945,0.00012547969818115233,0.00015854835510253906,0.2513562386980108
265,139.68094730377197,1.5088185310363769,0.00043537616729736326,0.00012426376342773439,0.0001428365707397461,0.2513562386980108
270,142.33392715454102,1.364133083820343,0.00046339035034179685,0.00012433528900146484,0.00011591911315917968,0.2513562386980108
275,145.03319811820984,1.4069523096084595,0.0004539012908935547,0.00013964176177978517,0.00012733936309814454,0.2513562386980108
280,147.61689114570618,1.2818798422813416,0.00046606063842773436,0.00013713836669921876,0.00016758441925048828,0.26582278481012656
285,149.97405529022217,1.2849923133850099,0.00045723915100097655,0.00013895034790039061,0.00012247562408447267,0.2694394213381555
290,152.36838722229004,1.4518047153949738,0.0003920316696166992,0.00013055801391601563,0.0001305103302001953,0.25678119349005424
295,155.02371215820312,1.2853106915950776,0.00043556690216064455,0.00012328624725341797,0.00013728141784667968,0.2513562386980108
300,157.4686782360077,1.4549211263656616,0.0004353523254394531,0.00012221336364746094,0.00011563301086425781,0.25316455696202533
305,160.15931606292725,1.489770197868347,0.00043392181396484375,0.00013866424560546876,0.00013580322265625,0.2549728752260398
310,162.73232221603394,1.3812842130661012,0.0004411935806274414,0.0001323223114013672,0.00017156600952148438,0.2694394213381555
315,165.25475525856018,1.3171595871448516,0.0004489898681640625,0.00013797283172607423,0.00011453628540039062,0.2820976491862568
320,167.9290680885315,1.205654889345169,0.00045206546783447263,0.00013759136199951172,0.00013077259063720703,0.3291139240506329
325,170.4510133266449,1.2636481642723083,0.0005080699920654297,0.0001603841781616211,0.0001949310302734375,0.3399638336347197
330,173.0727071762085,1.0809482395648957,0.00042209625244140627,0.00012600421905517578,0.00012259483337402345,0.30198915009041594
335,175.66693210601807,1.3657784461975098,0.0004373788833618164,0.0001422405242919922,0.00012164115905761718,0.32730560578661844
340,178.13898921012878,1.3570246636867522,0.0004744768142700195,0.0001517057418823242,0.00011048316955566406,0.33815551537070526
345,180.40956115722656,0.9859006360173226,0.0004313945770263672,0.0001283884048461914,0.00010826587677001954,0.3453887884267631
350,182.73336029052734,0.9875899091362953,0.00046541690826416013,0.00014705657958984374,0.00011169910430908203,0.3453887884267631
355,185.0103302001953,1.4508466303348542,0.0004426717758178711,0.00013260841369628907,0.00010969638824462891,0.3471971066907776
360,187.35003232955933,1.0262039880268277,0.00040395259857177733,0.0001252889633178711,0.00011155605316162109,0.3345388788426763
365,189.64215397834778,1.279563546180725,0.00044128894805908205,0.0001421213150024414,0.00010929107666015624,0.3399638336347197
370,192.00585508346558,1.3411235153675078,0.00046498775482177733,0.00014209747314453125,0.000109100341796875,0.33634719710669075
375,194.56122016906738,1.1212947946041822,0.0004172325134277344,0.00014109611511230468,0.00011837482452392578,0.38698010849909587
380,196.91699504852295,1.040800067782402,0.0004684925079345703,0.0001432657241821289,0.00011432170867919922,0.4014466546112116
385,199.27592134475708,1.4020784497261047,0.000450587272644043,0.00014095306396484376,0.00011076927185058594,0.39783001808318263
390,201.5755650997162,1.3395615637302398,0.0004734992980957031,0.00014853477478027344,0.000113677978515625,0.379746835443038
395,203.9239480495453,1.0244196091312916,0.00047898292541503906,0.00015327930450439453,0.00011296272277832032,0.3508137432188065
400,206.2684211730957,1.0003617480397224,0.0004757881164550781,0.00013515949249267578,0.00011599063873291016,0.3833634719710669
405,208.63380932807922,1.0136602200567721,0.00044972896575927733,0.00013442039489746093,0.00011267662048339844,0.4412296564195298
410,210.95435333251953,1.2800257444381713,0.00044667720794677734,0.00014612674713134765,0.0001150369644165039,0.45569620253164556
415,213.2915620803833,1.3354670763015748,0.00045416355133056643,0.00012695789337158203,0.00011029243469238282,0.45750452079566006
420,215.67315196990967,1.034230177849531,0.0004276275634765625,0.00011386871337890626,0.0001149892807006836,0.4593128390596745
425,218.00647115707397,1.3081092298030854,0.00045478343963623047,0.00012407302856445312,0.00011360645294189453,0.38517179023508136
430,220.32492804527283,1.6108634531497956,0.0004940271377563476,0.00014655590057373048,0.0001087188720703125,0.37251356238698013
435,222.64313220977783,1.127264827489853,0.00044100284576416017,0.0001459836959838867,0.00011470317840576172,0.4231464737793852
440,224.9860200881958,1.1932925671339034,0.00046813488006591797,0.00014154911041259767,0.00011408329010009766,0.5117540687160941
445,227.32364225387573,1.2724126517772674,0.0004489898681640625,0.00012984275817871094,0.00011661052703857422,0.546112115732369
450,229.64702105522156,1.153686198592186,0.000462031364440918,0.0001382112503051758,0.00010912418365478515,0.546112115732369
455,231.95414519309998,1.0064181357622146,0.0004358530044555664,0.00012886524200439453,0.00010919570922851562,0.5135623869801085
460,234.55545115470886,0.9686849966645241,0.00045490264892578125,0.00012156963348388671,0.0001222372055053711,0.49909584086799275
465,236.9303560256958,1.1634522408246994,0.0004275321960449219,0.000121307373046875,0.00011155605316162109,0.49547920433996384
470,239.389710187912,1.1125770967453719,0.00048513412475585936,0.00013921260833740234,0.00012097358703613281,0.4972875226039783
475,241.89937829971313,1.227768874168396,0.0004663705825805664,0.00013556480407714844,0.00012540817260742188,0.5117540687160941
480,244.2128551006317,1.1324392437934876,0.00047032833099365235,0.00015394687652587892,0.00011179447174072265,0.5117540687160941
485,246.5070059299469,1.205720891058445,0.00044035911560058594,0.00013599395751953124,0.00011436939239501953,0.5063291139240507
490,248.89945220947266,1.4996699392795563,0.0004916906356811524,0.00014536380767822267,0.00013077259063720703,0.4810126582278481
495,251.29651713371277,1.004739659279585,0.0004521608352661133,0.00014035701751708985,0.00012891292572021485,0.4538878842676311
500,253.64498209953308,1.0636159837245942,0.0004553794860839844,0.00012915134429931642,0.00011394023895263671,0.5750452079566004
505,256.03656029701233,1.1250081531703473,0.00040519237518310547,0.0001359224319458008,0.000124359130859375,0.4810126582278481
510,258.4271442890167,1.1248129442334176,0.0004481077194213867,0.0001249551773071289,0.00011947154998779297,0.4936708860759494
515,260.8134391307831,0.9541428476572037,0.0004479169845581055,0.0001363515853881836,0.00012140274047851562,0.5081374321880651
520,263.15215015411377,1.5639340192079545,0.0004277944564819336,0.00012760162353515626,0.0001190185546875,0.5171790235081374
525,265.69912600517273,1.0921293795108795,0.0004684925079345703,0.00015175342559814453,0.00016632080078125,0.5117540687160941
530,268.7354271411896,1.1500337839126586,0.0004676103591918945,0.0001567840576171875,0.00014674663543701172,0.4918625678119349
535,271.27763628959656,1.0263204330578446,0.00041604042053222656,0.00010900497436523437,0.00013175010681152344,0.5009041591320073
540,273.67898416519165,1.2665781855583191,0.0004103899002075195,0.00012612342834472656,0.00011548995971679687,0.5045207956600362
545,275.99985098838806,0.8407272870652378,0.0004519224166870117,0.0001300811767578125,0.00011057853698730469,0.5045207956600362
550,278.3247311115265,0.9531682133674622,0.0004530668258666992,0.0001361370086669922,0.00010983943939208984,0.5045207956600362
555,280.6958191394806,1.4734176263213157,0.0004510641098022461,0.0001282930374145508,0.00010874271392822266,0.5009041591320073
560,283.01500415802,1.0914887882769109,0.00047292709350585935,0.0001508474349975586,0.00010874271392822266,0.47739602169981915
565,285.3207302093506,1.2730017364025117,0.00041632652282714845,0.0001352548599243164,0.00011668205261230468,0.4629294755877034
570,287.66971015930176,1.1346967339515686,0.0004451274871826172,0.00011987686157226563,0.00010826587677001954,0.4629294755877034
575,289.9986140727997,1.146020531654358,0.00042085647583007814,0.00013124942779541016,0.00011653900146484375,0.47920433996383366
580,292.30452513694763,1.0398668467998504,0.000444793701171875,0.00012125968933105469,0.00011649131774902344,0.4936708860759494
585,294.634850025177,1.3080477178096772,0.00043611526489257814,0.00013768672943115234,0.00010793209075927734,0.5117540687160941
590,296.9519941806793,0.9700679533183575,0.0004150629043579102,0.00012998580932617189,0.00011510848999023438,0.5623869801084991
595,299.5246262550354,1.2751348227262498,0.000461888313293457,0.00013918876647949218,0.0001288890838623047,0.5822784810126582
600,301.883798122406,1.09593326151371,0.0004981279373168946,0.0001605987548828125,0.00012569427490234376,0.5732368896925859
605,304.2525460720062,0.8871777921915054,0.0004505634307861328,0.0001358509063720703,0.00012714862823486327,0.5605786618444847
610,306.63445925712585,0.7773098376113922,0.0004206180572509766,0.0001346111297607422,0.00011527538299560547,0.5479204339963833
615,308.9906003475189,0.972237765043974,0.00045988559722900393,0.0001492738723754883,0.00011427402496337891,0.5406871609403255
620,311.3664629459381,0.771179921226576,0.0004608154296875,0.00013010501861572267,0.00011646747589111328,0.5316455696202531
625,313.75103425979614,1.2434276905027217,0.0004482746124267578,0.0001382589340209961,0.00012209415435791016,0.5045207956600362
630,316.11587023735046,1.2465210258960724,0.0004586458206176758,0.00015094280242919922,0.0001195669174194336,0.5045207956600362
635,318.48280906677246,0.8200366385746747,0.0004062175750732422,0.0001232147216796875,0.00011992454528808594,0.49909584086799275
640,320.8464071750641,1.0217361826915294,0.0004212617874145508,0.0001253843307495117,0.00011134147644042969,0.49547920433996384
645,323.167108297348,1.3093356311321258,0.00048007965087890623,0.00014696121215820312,0.00011310577392578124,0.5280289330922242
650,325.5303301811218,0.9951713643968105,0.0004300594329833984,0.00014061927795410155,0.00010976791381835937,0.5497287522603979
655,327.8634922504425,0.9577798515558242,0.00044009685516357424,0.00015935897827148437,0.00012156963348388671,0.5840867992766727
660,330.19028210639954,1.6031169980764388,0.0004517078399658203,0.00013587474822998046,0.00011756420135498047,0.6817359855334539
665,332.5158052444458,1.0523754715919496,0.0004700660705566406,0.00013153553009033204,0.00011429786682128906,0.6907775768535263
670,334.83424615859985,1.3538426637649537,0.0004710674285888672,0.00015866756439208984,0.00011227130889892578,0.64376130198915
675,337.15448331832886,1.2376369178295135,0.000480341911315918,0.0001422405242919922,0.00011179447174072265,0.5786618444846293
680,339.45987033843994,1.104456090927124,0.00045256614685058595,0.00012576580047607422,0.00011441707611083984,0.5822784810126582
685,341.81883811950684,1.203062218427658,0.00047452449798583983,0.00015571117401123047,0.00011794567108154297,0.6166365280289331
690,344.1301293373108,1.1926103591918946,0.0004228353500366211,0.00012834072113037108,0.00011622905731201172,0.6311030741410488
695,346.4895260334015,1.331936776638031,0.0004454612731933594,0.00011429786682128906,0.00012578964233398438,0.6636528028933092
700,348.7873582839966,1.0710373312234878,0.0004523515701293945,0.0001249551773071289,0.000110626220703125,0.6075949367088608
705,351.1091420650482,1.0966713085770607,0.0004738807678222656,0.00013885498046875,0.00011551380157470703,0.6130198915009042
710,353.4729573726654,0.9123502984642983,0.00047664642333984376,0.00014095306396484376,0.00011155605316162109,0.5985533453887885
715,355.80100202560425,1.1385519802570343,0.0004346132278442383,0.00014104843139648438,0.00011167526245117187,0.6075949367088608
720,358.11674427986145,1.015697994828224,0.0004797458648681641,0.00014433860778808593,0.00012190341949462891,0.596745027124774
725,360.6516661643982,1.5550557315349578,0.00043540000915527345,0.00012760162353515626,0.00013158321380615234,0.6075949367088608
730,363.09228706359863,0.6380508009344339,0.00044519901275634765,0.00013608932495117186,0.00011050701141357422,0.6003616636528029
735,365.3437592983246,0.9674884289503097,0.00045430660247802734,0.00012297630310058593,0.00011534690856933594,0.5949367088607594
740,367.64179611206055,0.9618272214196623,0.0004409313201904297,0.0001311063766479492,0.00010724067687988282,0.596745027124774
745,370.00276827812195,0.9899723514914512,0.00045757293701171876,0.00012583732604980468,0.00010838508605957032,0.5913200723327305
750,372.3272261619568,1.0603635132312774,0.00047533512115478517,0.00014371871948242186,0.00011539459228515625,0.5985533453887885
755,374.76974534988403,0.9334251433610916,0.00046646595001220703,0.00013406276702880858,0.00011239051818847656,0.5768535262206148
760,377.03841733932495,0.8350110789760947,0.0004529476165771484,0.00014734268188476562,0.00010936260223388672,0.5623869801084991
765,379.4412820339203,0.8294157326221466,0.00047352313995361326,0.0001442432403564453,0.00012133121490478515,0.5587703435804702
770,381.81355810165405,0.9973777636885643,0.0004563331604003906,0.00013964176177978517,0.0001100778579711914,0.5226039783001808
775,384.1529972553253,0.5874730861745775,0.000470733642578125,0.00013494491577148438,0.00012319087982177735,0.48282097649186256
780,386.540411233902,0.6924285870976746,0.0004325389862060547,0.00013976097106933595,0.00011727809906005859,0.4719710669077758
785,388.949636220932,0.721072631329298,0.0004259347915649414,0.00012199878692626953,0.00015041828155517578,0.4864376130198915
790,391.4070792198181,1.0075204119086265,0.00044183731079101564,0.00013647079467773437,0.0001237630844116211,0.5334538878842676
795,393.88263726234436,1.234582956135273,0.0004502773284912109,0.0001286029815673828,0.00016946792602539061,0.5750452079566004
800,396.42611813545227,0.9373986959457398,0.0004178762435913086,0.00013294219970703126,0.00013437271118164063,0.5768535262206148
805,399.00139594078064,0.9429839700460434,0.00047850608825683594,0.00016427040100097656,0.00013787746429443358,0.5135623869801085
810,401.837598323822,1.3266564834862948,0.00044844150543212893,0.00012764930725097656,0.00014302730560302734,0.6130198915009042
815,404.4871139526367,1.023714530467987,0.000408935546875,0.00012519359588623047,0.00014734268188476562,0.6184448462929476
820,407.16689825057983,1.1882736744824798,0.0004500865936279297,0.00012767314910888672,0.00013895034790039061,0.6075949367088608
825,409.78140211105347,0.9831245923414826,0.0004600048065185547,0.00012733936309814454,0.0001270294189453125,0.6057866184448463
830,412.3878650665283,0.5458463765215129,0.00043876171112060546,0.00013134479522705078,0.00013387203216552734,0.6021699819168174
835,414.991886138916,1.7656629711389542,0.000461888313293457,0.00014672279357910156,0.0001438140869140625,0.5678119349005425
840,417.6698172092438,1.2559266194701195,0.0004548311233520508,0.00013625621795654297,0.00013141632080078126,0.5244122965641953
845,420.2773451805115,1.0938168585300445,0.0004014492034912109,0.00012378692626953126,0.00012748241424560548,0.6256781193490054
850,422.88815426826477,1.0758048295974731,0.0004392385482788086,0.00012614727020263672,0.00012328624725341797,0.6672694394213382
855,425.4653341770172,0.9397061765193939,0.0004465818405151367,0.0001282215118408203,0.00012502670288085937,0.6618444846292948
860,428.17273712158203,0.981814543902874,0.0004252195358276367,0.0001343250274658203,0.0001245737075805664,0.6781193490054249
865,431.12063431739807,1.2548956617712974,0.00045180320739746094,0.00013699531555175782,0.0001358509063720703,0.6907775768535263
870,433.8649699687958,0.9549349904060364,0.00042188167572021484,0.0001276254653930664,0.00013225078582763673,0.7070524412296564
875,436.6273732185364,0.6416256278753281,0.00047326087951660156,0.00014700889587402344,0.0001369476318359375,0.7179023508137432
880,439.33959913253784,1.3630736827850343,0.0005016326904296875,0.0001556873321533203,0.00012955665588378906,0.7269439421338155
885,441.96116304397583,0.7955053351819515,0.00042214393615722654,0.0001363039016723633,0.00012843608856201173,0.7305605786618445
890,444.58299016952515,0.7913717687129974,0.0004294395446777344,0.00014023780822753907,0.00014002323150634765,0.7396021699819169
895,447.24232816696167,1.1033432907424867,0.00048336982727050783,0.00014421939849853515,0.00012764930725097656,0.7396021699819169
900,449.8732101917267,0.9756755013018846,0.00044083595275878906,0.00013287067413330077,0.00013034343719482423,0.7377938517179023
905,452.49751114845276,0.8863716440275311,0.00046541690826416013,0.00014705657958984374,0.00012674331665039063,0.7341772151898734
910,455.36275720596313,0.9525840505957603,0.00042026042938232423,0.00012958049774169922,0.0001272916793823242,0.6980108499095841
915,457.97841215133667,0.8159408695995808,0.0004084348678588867,0.00012094974517822266,0.0001330137252807617,0.6618444846292948
920,460.5367259979248,1.2562477231025695,0.00046813488006591797,0.00015270709991455078,0.00011744499206542969,0.7305605786618445
925,463.0788149833679,0.9201619356870652,0.000434565544128418,0.0001286745071411133,0.00012371540069580078,0.7432188065099458
930,465.6310873031616,0.9511464945971966,0.00044252872467041013,0.00015342235565185547,0.00012001991271972656,0.7432188065099458
935,468.18215227127075,0.8077851131558418,0.0004415035247802734,0.00014057159423828126,0.00011930465698242187,0.7414104882459313
940,470.7730312347412,1.2266157895326615,0.00045757293701171876,0.00013363361358642578,0.00013091564178466797,0.7377938517179023
945,473.457239151001,1.0070129036903381,0.00047686100006103513,0.00014934539794921874,0.00012965202331542968,0.7233273056057866
950,476.085116147995,0.9389025747776032,0.00048701763153076173,0.00015838146209716796,0.0001285076141357422,0.701627486437613
955,478.7204511165619,1.1895452588796616,0.000469517707824707,0.00013043880462646485,0.00011661052703857422,0.7088607594936709
960,481.28150820732117,1.326333436369896,0.0004378080368041992,0.00013871192932128905,0.0001214742660522461,0.7432188065099458
965,483.83076310157776,0.9913734138011933,0.0004530668258666992,0.00014052391052246093,0.0001285076141357422,0.7432188065099458
970,486.3824362754822,0.9775299727916718,0.00044753551483154295,0.00012350082397460938,0.00012640953063964845,0.7197106690777577
975,488.93756914138794,1.0405278384685517,0.0004508733749389648,0.00012533664703369142,0.0001227855682373047,0.7124773960216998
980,491.496862411499,1.2716515094041825,0.00044417381286621094,0.00011768341064453126,0.0001343965530395508,0.7034358047016275
985,494.0545451641083,1.0248809337615967,0.000506734848022461,0.0001540660858154297,0.0001235485076904297,0.7106690777576854
990,496.60296607017517,0.8033714860677719,0.0004348278045654297,0.00014405250549316407,0.00012879371643066407,0.7215189873417721
995,499.2838201522827,0.8321701414883137,0.00046942234039306643,0.00014085769653320311,0.00015916824340820313,0.7269439421338155
1000,502.00228810310364,0.8940907998010517,0.00043675899505615237,0.00012385845184326172,0.0001249074935913086,0.72875226039783
1005,504.65358209609985,1.720681181550026,0.00045163631439208983,0.00014269351959228516,0.00012345314025878905,0.7160940325497287
1010,507.26699709892273,0.7651464834809303,0.00044462680816650393,0.00011878013610839843,0.00014698505401611328,0.6799276672694394
1015,509.9777500629425,0.997919449955225,0.0004549264907836914,0.00012700557708740235,0.0001425504684448242,0.6763110307414105
1020,512.6459913253784,0.8256722077727318,0.00042724609375,0.00012006759643554688,0.0001307249069213867,0.6817359855334539
1025,515.266214132309,0.9026267922483384,0.0004894256591796875,0.0001420259475708008,0.0001286745071411133,0.6980108499095841
1030,517.9145481586456,1.082516410946846,0.00047118663787841796,0.00013575553894042968,0.00012733936309814454,0.6943942133815552
1035,520.5296483039856,0.5946513716131449,0.0004551172256469727,0.0001574277877807617,0.00014183521270751953,0.6889692585895117
1040,523.3398332595825,1.3823905728757382,0.0004617452621459961,0.00013921260833740234,0.00012533664703369142,0.7070524412296564
1045,525.9215412139893,1.3052623867988586,0.000479888916015625,0.0001401662826538086,0.00012400150299072266,0.6925858951175407
1050,528.4795331954956,0.7805475652217865,0.00045037269592285156,0.00013663768768310547,0.00011959075927734376,0.6672694394213382
1055,530.9874601364136,0.7343400996178389,0.00043718814849853517,0.00013985633850097657,0.00011661052703857422,0.6618444846292948
1060,533.4881682395935,0.7363218962214887,0.0004247903823852539,0.00012552738189697266,0.00012166500091552735,0.6690777576853526
1065,536.0309901237488,0.617861737543717,0.00045783519744873046,0.00013234615325927735,0.0001382589340209961,0.6781193490054249
1070,538.6675851345062,1.1869798198342323,0.00045011043548583987,0.00013918876647949218,0.00013222694396972657,0.6726943942133815
1075,541.2574751377106,1.1455067157745362,0.0004014492034912109,0.00011496543884277343,0.00014722347259521484,0.6853526220614828
1080,543.9147043228149,0.993758998811245,0.0004863262176513672,0.0001669645309448242,0.0001782655715942383,0.6980108499095841
1085,546.4363782405853,1.3448778357356788,0.00045707225799560545,0.00014178752899169923,0.00011894702911376953,0.7450271247739603
1090,548.9348900318146,1.0383137196302414,0.00041577816009521487,0.00011830329895019531,0.00011780261993408204,0.7649186256781193
1095,551.4988360404968,0.6343573808670044,0.00043098926544189454,0.00012264251708984374,0.00012557506561279298,0.7613019891500904
1100,554.0239601135254,0.6771208599209786,0.0004525184631347656,0.00013425350189208985,0.00011627674102783203,0.7613019891500904
1105,556.5717692375183,0.5835559323430062,0.0004530668258666992,0.0001361370086669922,0.0001224517822265625,0.7540687160940326
1110,559.06991314888,1.0046887388452888,0.0004461526870727539,0.0001263141632080078,0.0001251697540283203,0.759493670886076
1115,561.5710401535034,1.0958977907896041,0.0004778146743774414,0.0001534700393676758,0.00012307167053222657,0.7703435804701627
1120,564.075138092041,0.6346656447276473,0.00038549900054931643,0.00012083053588867188,0.00012028217315673828,0.759493670886076
1125,566.5749261379242,0.8230894841253757,0.00045826435089111326,0.0001260995864868164,0.00013530254364013672,0.7486437613019892
1130,569.065348148346,0.390359385125339,0.00042192935943603517,0.0001257181167602539,0.00011699199676513672,0.7341772151898734
1135,571.5629832744598,0.7056155735626817,0.0004473447799682617,0.00013515949249267578,0.0001176595687866211,0.7323688969258589
1140,574.065788269043,0.6868068128824234,0.0004363059997558594,0.00013091564178466797,0.00011754035949707031,0.7576853526220615
1145,576.6090471744537,0.9217586616054178,0.0004344463348388672,0.00014126300811767578,0.00011632442474365234,0.7613019891500904
1150,579.0873131752014,0.6175589039921761,0.00043997764587402346,0.00012497901916503907,0.00011997222900390625,0.7703435804701627
1155,581.5783522129059,0.5772595020011068,0.0005142688751220703,0.0001671314239501953,0.00011932849884033203,0.7432188065099458
1160,584.0627641677856,1.2719664374832065,0.0004383087158203125,0.00013251304626464843,0.00011916160583496094,0.7540687160940326
1165,586.5900161266327,0.9558011969085782,0.00043315887451171874,0.00014030933380126953,0.00013318061828613282,0.7613019891500904
1170,589.1709172725677,0.7172229055082425,0.0004510641098022461,0.00014350414276123046,0.0001307249069213867,0.7649186256781193
1175,591.6717262268066,0.7033654049038887,0.00046722888946533204,0.00013599395751953124,0.0001247406005859375,0.7811934900542495
1180,594.1699891090393,0.40412549015018157,0.0004402875900268555,0.00014314651489257812,0.00011935234069824219,0.7884267631103075
1185,596.7914590835571,0.581744740717113,0.0004539012908935547,0.00013952255249023439,0.00012209415435791016,0.7414104882459313
1190,599.2941181659698,0.757804973423481,0.0004042387008666992,0.00012145042419433593,0.00012044906616210937,0.6672694394213382
1195,601.8308522701263,0.9234571389853954,0.0004279851913452148,0.00013856887817382814,0.00012238025665283202,0.6618444846292948
1200,604.3464503288269,1.0099800324067474,0.00046517848968505857,0.0001402616500854492,0.00011701583862304688,0.7359855334538878
1205,606.9778461456299,0.4562461322173476,0.0004219532012939453,0.00014491081237792968,0.00015189647674560547,0.7323688969258589
1210,610.0308830738068,0.6992028092965483,0.0004662752151489258,0.0001518726348876953,0.00014493465423583984,0.7305605786618445
1215,612.7079591751099,0.9462027434259653,0.0004589319229125977,0.0001407623291015625,0.00012781620025634766,0.7414104882459313
1220,615.2822279930115,0.8481845384463668,0.0004728555679321289,0.0001331329345703125,0.00012180805206298828,0.7468354430379747
1225,617.8157541751862,1.0905301190912724,0.00048089027404785156,0.00016448497772216796,0.00012238025665283202,0.674502712477396
1230,620.3505699634552,1.5364612109493465,0.0004759311676025391,0.000136566162109375,0.00012261867523193358,0.6980108499095841
1235,622.8879973888397,0.8764743655920029,0.00044248104095458987,0.00012645721435546874,0.00012843608856201173,0.7540687160940326
1240,625.4222180843353,0.9452005088329315,0.00046429634094238283,0.00014698505401611328,0.00012230873107910156,0.7884267631103075
1245,627.9658761024475,0.7176441639661789,0.0004401683807373047,0.00013365745544433594,0.00012760162353515626,0.7938517179023508
1250,630.4738540649414,0.8457503974437713,0.00043621063232421873,0.0001138925552368164,0.00012161731719970704,0.7884267631103075
1255,633.007128238678,0.9029445372521877,0.0004542827606201172,0.00012514591217041015,0.0001344919204711914,0.7739602169981917
1260,635.5353081226349,0.8665368050336838,0.0004812002182006836,0.0001390695571899414,0.00013136863708496094,0.779385171790235
1265,638.0639321804047,0.7899612307548523,0.0004610300064086914,0.00014693737030029296,0.00012462139129638673,0.7848101265822784
1270,640.5862762928009,0.8097977072000504,0.00044591426849365233,0.00013735294342041016,0.00012409687042236328,0.7974683544303798
1275,643.1151442527771,0.777565972507,0.0004595279693603516,0.00013606548309326173,0.00012753009796142578,0.8083182640144665
1280,645.6964910030365,0.9762322932481766,0.00046732425689697263,0.00014197826385498047,0.00013105869293212892,0.8083182640144665
1285,648.234973192215,0.5612666320055724,0.0004178285598754883,0.00011959075927734376,0.00012464523315429686,0.7992766726943942
1290,650.7598280906677,0.6003292687237263,0.00046753883361816406,0.00013296604156494142,0.00012798309326171874,0.7920433996383364
1295,653.3562180995941,0.5709780640900135,0.0004306316375732422,0.00011909008026123047,0.0001368284225463867,0.786618444846293
1300,655.9812431335449,0.6947806680575013,0.00046370029449462893,0.0001301288604736328,0.0001352071762084961,0.7884267631103075
1305,658.6156532764435,0.8446871608495712,0.000479888916015625,0.0001416444778442383,0.0001453876495361328,0.8047016274864376
1310,661.1972591876984,0.6309122979640961,0.00047321319580078124,0.00014448165893554688,0.00013065338134765625,0.810126582278481
1315,663.844229221344,0.5978740060701966,0.000431060791015625,0.00014035701751708985,0.00012433528900146484,0.8137432188065099
1320,666.4796471595764,0.5774568928405642,0.00048980712890625,0.0001497030258178711,0.0001537799835205078,0.8119349005424955
1325,669.4516232013702,0.4525489754974842,0.0004652500152587891,0.00014286041259765626,0.00013930797576904296,0.8010849909584087
1330,672.184079170227,0.7653411606326699,0.0004481077194213867,0.00012392997741699218,0.00014529228210449218,0.810126582278481
1335,674.7734181880951,0.6697194944135845,0.0004203557968139648,0.00014476776123046876,0.00013561248779296874,0.8155515370705244
1340,677.3996369838715,0.6654017586726695,0.0004394054412841797,0.00012099742889404297,0.0001241445541381836,0.7920433996383364
1345,680.1218230724335,0.5378784313797951,0.00045535564422607424,0.00013997554779052735,0.0001282930374145508,0.786618444846293
1350,682.6317801475525,0.8807565191760659,0.0004224061965942383,0.00012559890747070311,0.00012159347534179688,0.7721518987341772
1355,685.2002439498901,0.5656505655497313,0.00045726299285888674,0.0001436471939086914,0.00013866424560546876,0.7576853526220615
1360,687.8159692287445,1.0143349833786488,0.00047850608825683594,0.00016427040100097656,0.00011878013610839843,0.7956600361663653
1365,690.3512451648712,0.5875493963249028,0.0004156351089477539,0.0001104116439819336,0.00012679100036621093,0.7974683544303798
1370,692.8429062366486,1.2830799043178558,0.0004154205322265625,0.00012722015380859376,0.00012996196746826172,0.810126582278481
1375,695.4148352146149,0.6461953993886709,0.00044889450073242186,0.00012857913970947265,0.00014441013336181642,0.8173598553345389
1380,698.171718120575,0.7370781700126827,0.00046176910400390624,0.00012865066528320313,0.00012040138244628906,0.7992766726943942
1385,700.669046163559,1.2416256114840507,0.0004385471343994141,0.00013294219970703126,0.00012176036834716797,0.8010849909584087
1390,703.1632981300354,1.3525525604054565,0.00046372413635253906,0.00014629364013671876,0.00012078285217285157,0.7359855334538878
1395,705.713977098465,0.7320787005126477,0.00044155120849609375,0.00013778209686279296,0.00012125968933105469,0.6853526220614828
1400,708.2011063098907,0.838153634686023,0.0004294157028198242,0.00012197494506835938,0.00011999607086181641,0.6726943942133815
1405,710.7286930084229,0.6229418862611056,0.00042364597320556643,0.00012533664703369142,0.0001251220703125,0.6763110307414105
1410,713.2373011112213,0.8664759658277035,0.0004470586776733398,0.00012965202331542968,0.00011827945709228516,0.6799276672694394
1415,715.7337832450867,0.8728310907259583,0.00043497085571289065,0.0001382112503051758,0.00012767314910888672,0.7070524412296564
1420,718.2672922611237,0.6442537508904934,0.00043628215789794924,0.0001286745071411133,0.0001241445541381836,0.7414104882459313
1425,720.7671182155609,0.9701502680778503,0.0004305839538574219,0.00013647079467773437,0.00012297630310058593,0.7703435804701627
1430,723.2927680015564,0.6476997137069702,0.0004803895950317383,0.00014910697937011718,0.00011882781982421874,0.7902350813743219
1435,725.7896242141724,1.323133597150445,0.00048618316650390626,0.0001456737518310547,0.00013303756713867188,0.7703435804701627
1440,728.2872130870819,0.5465666625648737,0.00041646957397460936,0.00014147758483886718,0.00012946128845214844,0.7613019891500904
1445,730.8267903327942,0.6053340271115303,0.0004579305648803711,0.0001479625701904297,0.00012116432189941406,0.7540687160940326
1450,733.398255109787,0.9427654266357421,0.0004601478576660156,0.00012962818145751954,0.0001612424850463867,0.759493670886076
1455,736.166228055954,0.8807322174310684,0.0004606723785400391,0.0001432657241821289,0.00013027191162109374,0.779385171790235
1460,738.953535079956,0.7384789445437491,0.0004377126693725586,0.00014324188232421874,0.00012981891632080078,0.7920433996383364
1465,741.76389503479,0.8953715227544308,0.0004180431365966797,0.00012788772583007812,0.0001501798629760742,0.7956600361663653
1470,744.3996622562408,0.5142528675496578,0.0004206418991088867,0.00011708736419677735,0.00012569427490234376,0.7902350813743219
1475,746.9689302444458,1.0659122082404793,0.0004748821258544922,0.00015256404876708984,0.00012724399566650392,0.8010849909584087
1480,749.5161461830139,0.6561543387360871,0.0004434347152709961,0.00013706684112548828,0.0001268148422241211,0.8227848101265823
1485,752.0920310020447,0.7672199204564094,0.00044641494750976565,0.00015354156494140625,0.00014319419860839844,0.8119349005424955
1490,754.8667321205139,0.7325138211250305,0.00041439533233642576,0.00013744831085205078,0.00014066696166992188,0.7685352622061483
1495,757.5886473655701,0.4704246790963225,0.00048389434814453123,0.00013666152954101564,0.00012454986572265624,0.7450271247739603
1500,760.1996569633484,0.8773675099015236,0.0004715442657470703,0.00014955997467041015,0.00013349056243896484,0.7396021699819169
1505,762.7771263122559,0.7792292613536119,0.0004790782928466797,0.00015213489532470704,0.00013597011566162108,0.7088607594936709
1510,765.3730380535126,1.1752634227275849,0.00045974254608154296,0.00012767314910888672,0.0001318216323852539,0.7106690777576854
1515,767.9879612922668,0.6102632418274879,0.00044929981231689453,0.00014569759368896485,0.00014514923095703124,0.7396021699819169
1520,770.6342992782593,0.7114149257540703,0.0004477739334106445,0.00013883113861083983,0.0001497983932495117,0.8010849909584087
1525,773.251394033432,0.8442469462752342,0.0004444599151611328,0.00011415481567382813,0.00012333393096923827,0.8191681735985533
1530,775.9349150657654,0.8447458546608686,0.00045354366302490233,0.00012557506561279298,0.0001363992691040039,0.8354430379746836
1535,778.529972076416,1.1142166372388602,0.00045909881591796873,0.00013098716735839843,0.0001252889633178711,0.8173598553345389
1540,781.0951581001282,0.8577318862080574,0.0004918575286865234,0.00015416145324707032,0.00012650489807128907,0.8300180831826401
1545,783.6583082675934,0.5571626603603363,0.00043039321899414064,0.00013346672058105468,0.00013742446899414062,0.8444846292947559
1550,786.214494228363,1.0246591717004776,0.00048134326934814455,0.0001447916030883789,0.00013515949249267578,0.8426763110307414
1555,788.8273422718048,0.7376421269029378,0.0004392862319946289,0.0001288890838623047,0.00014760494232177735,0.8372513562386981
1560,791.4418570995331,0.994412361830473,0.00044109821319580076,0.00013582706451416017,0.00013918876647949218,0.8426763110307414
1565,793.8453521728516,0.7692986549809575,0.00044419765472412107,0.00012018680572509766,0.00011401176452636718,0.8444846292947559
1570,796.3499121665955,0.4212526954710484,0.00044214725494384766,0.0001288890838623047,0.00012025833129882812,0.8354430379746836
1575,798.6781032085419,0.612068822234869,0.00045266151428222654,0.00012385845184326172,0.00011792182922363282,0.8264014466546112
1580,800.9985432624817,0.4674390472471714,0.00048143863677978515,0.0001476287841796875,0.00012145042419433593,0.8300180831826401
1585,803.4456672668457,1.0250429570674897,0.00047118663787841796,0.00013575553894042968,0.0001254558563232422,0.8354430379746836
1590,805.9281442165375,0.2998048594687134,0.0004470348358154297,0.00014371871948242186,0.00012161731719970704,0.8354430379746836
1595,808.3852272033691,1.0043750010430812,0.00046970844268798826,0.00014162063598632812,0.0001461029052734375,0.8354430379746836
1600,810.862948179245,0.45904516857117417,0.000480961799621582,0.00014226436614990235,0.00011355876922607422,0.8282097649186256
1605,813.3196861743927,0.7270561397075653,0.0004580259323120117,0.00014035701751708985,0.00011682510375976562,0.8083182640144665
1610,815.7625961303711,0.37350454106926917,0.00042333602905273435,0.0001326322555541992,0.00012209415435791016,0.8119349005424955
1615,818.2162942886353,0.769628343731165,0.0004218101501464844,0.00012052059173583984,0.000135040283203125,0.8227848101265823
1620,820.6056151390076,0.8675283780321479,0.00045375823974609376,0.0001438617706298828,0.00011849403381347656,0.8209764918625678
1625,823.039605140686,0.677846172079444,0.00045328140258789064,0.00013091564178466797,0.00011477470397949218,0.8191681735985533
1630,825.5326473712921,0.9989559799432755,0.0003993511199951172,0.00012342929840087892,0.0001225709915161133,0.8245931283905967
1635,828.08811211586,0.5363469734787941,0.0005068540573120117,0.00016758441925048828,0.00013451576232910157,0.8282097649186256
1640,830.5031101703644,0.5085418982896954,0.0004372358322143555,0.00013217926025390624,0.00012803077697753906,0.8155515370705244
1645,832.9393191337585,0.9288559828186408,0.0004096269607543945,0.00012547969818115233,0.00013537406921386718,0.810126582278481
1650,835.309100151062,0.5566920345183461,0.00043537616729736326,0.00012426376342773439,0.00011615753173828125,0.8282097649186256
1655,837.7269530296326,1.0832588981254958,0.00046339035034179685,0.00012433528900146484,0.00012824535369873046,0.8173598553345389
1660,840.1043090820312,0.3994634912116453,0.0004539012908935547,0.00013964176177978517,0.00011479854583740234,0.7956600361663653
1665,842.4452810287476,1.1669527918100357,0.00046606063842773436,0.00013713836669921876,0.0001346111297607422,0.7685352622061483
1670,844.7777152061462,1.0479246437550955,0.00045723915100097655,0.00013895034790039061,0.00011343955993652344,0.7649186256781193
1675,847.0814831256866,0.4157649051398039,0.0003920316696166992,0.00013055801391601563,0.00011110305786132812,0.7450271247739603
1680,849.4194512367249,0.47443556289654226,0.00043556690216064455,0.00012328624725341797,0.0001146554946899414,0.7576853526220615
1685,851.77481508255,0.718141553294845,0.0004353523254394531,0.00012221336364746094,0.0001232147216796875,0.7721518987341772
1690,854.1633312702179,0.6097099837847054,0.00043392181396484375,0.00013866424560546876,0.00011577606201171876,0.783001808318264
1695,856.5476250648499,1.15666026994586,0.0004411935806274414,0.0001323223114013672,0.00013933181762695312,0.7920433996383364
1700,858.9299509525299,0.5101211719214916,0.0004489898681640625,0.00013797283172607423,0.00012235641479492189,0.8047016274864376
1705,861.3149361610413,0.44876916939392686,0.00045206546783447263,0.00013759136199951172,0.00012390613555908204,0.8047016274864376
1710,863.6578769683838,0.8979860790073871,0.0005080699920654297,0.0001603841781616211,0.00011172294616699219,0.8119349005424955
1715,865.9475309848785,1.0427583972923458,0.00042209625244140627,0.00012600421905517578,0.00011417865753173828,0.8300180831826401
1720,868.3216083049774,0.326945060165599,0.0004373788833618164,0.0001422405242919922,0.00011534690856933594,0.8390596745027125
1725,870.6450731754303,0.6953258947469294,0.0004744768142700195,0.0001517057418823242,0.000113677978515625,0.840867992766727
1730,872.927047252655,0.6549043608829379,0.0004313945770263672,0.0001283884048461914,0.00010766983032226563,0.8444846292947559
1735,875.2208182811737,0.488054158911109,0.00046541690826416013,0.00014705657958984374,0.00011374950408935547,0.8300180831826401
1740,877.5429401397705,0.4452257864177227,0.0004426717758178711,0.00013260841369628907,0.000115203857421875,0.8245931283905967
1745,879.8260521888733,0.685395622253418,0.00040395259857177733,0.0001252889633178711,0.00011799335479736328,0.8155515370705244
1750,882.2301352024078,0.7083246143534779,0.00044128894805908205,0.0001421213150024414,0.00011537075042724609,0.8282097649186256
1755,884.5309193134308,0.7040831946535036,0.00046498775482177733,0.00014209747314453125,0.00011360645294189453,0.8155515370705244
1760,886.8800342082977,1.1261324800550938,0.0004172325134277344,0.00014109611511230468,0.00011620521545410156,0.840867992766727
1765,889.2625930309296,0.4831055915215984,0.0004684925079345703,0.0001432657241821289,0.00011982917785644532,0.8462929475587704
1770,891.5692491531372,1.0717504205182196,0.000450587272644043,0.00014095306396484376,0.00011074542999267578,0.8354430379746836
1775,893.8991451263428,1.1106847048271447,0.0004734992980957031,0.00014853477478027344,0.00011205673217773438,0.7703435804701627
1780,896.3073532581329,1.292919679544866,0.00047898292541503906,0.00015327930450439453,0.00012221336364746094,0.7179023508137432
1785,898.6258790493011,0.9154215466231108,0.0004757881164550781,0.00013515949249267578,0.00011196136474609376,0.7197106690777577
1790,900.891398191452,1.1000844448804856,0.00044972896575927733,0.00013442039489746093,0.00011739730834960937,0.7486437613019892
1795,903.1833200454712,0.7554121032357216,0.00044667720794677734,0.00014612674713134765,0.00010924339294433593,0.7739602169981917
1800,905.452296257019,0.7199663672596216,0.00045416355133056643,0.00012695789337158203,0.00010716915130615234,0.786618444846293
1805,907.756991147995,0.7190744517021812,0.0004276275634765625,0.00011386871337890626,0.00011494159698486329,0.7902350813743219
1810,909.9995591640472,0.8284141838550567,0.00045478343963623047,0.00012407302856445312,0.00010843276977539063,0.8028933092224232
1815,912.2502222061157,0.7132482975721359,0.0004940271377563476,0.00014655590057373048,0.00011639595031738281,0.810126582278481
1820,914.4760091304779,0.5096741855144501,0.00044100284576416017,0.0001459836959838867,0.00010590553283691406,0.8137432188065099
1825,916.7547183036804,0.6999051496386528,0.00046813488006591797,0.00014154911041259767,0.00011327266693115235,0.8282097649186256
1830,919.0691730976105,0.8289364844560623,0.0004489898681640625,0.00012984275817871094,0.00011539459228515625,0.8191681735985533
1835,921.3699400424957,1.1631636723876,0.000462031364440918,0.0001382112503051758,0.00013475418090820314,0.8173598553345389
1840,923.7276873588562,0.5790260463953019,0.0004358530044555664,0.00012886524200439453,0.00012302398681640625,0.8227848101265823
1845,925.9706151485443,0.8099284127354622,0.00045490264892578125,0.00012156963348388671,0.000115203857421875,0.8300180831826401
1850,928.3195052146912,0.2579857480712235,0.0004275321960449219,0.000121307373046875,0.00011749267578125,0.8227848101265823
1855,930.643431186676,0.651412608101964,0.00048513412475585936,0.00013921260833740234,0.00011782646179199218,0.8318264014466547
1860,933.0147383213043,0.8391429375158623,0.0004663705825805664,0.00013556480407714844,0.00013282299041748047,0.833634719710669
1865,935.3107509613037,0.8372151181363734,0.00047032833099365235,0.00015394687652587892,0.0001112222671508789,0.8264014466546112
1870,937.7112791538239,0.5539102260023355,0.00044035911560058594,0.00013599395751953124,0.0001125335693359375,0.8209764918625678
1875,940.0847501754761,0.8400900982320308,0.0004916906356811524,0.00014536380767822267,0.00011663436889648437,0.833634719710669
1880,942.4211151599884,0.2567186772823334,0.0004521608352661133,0.00014035701751708985,0.00011072158813476562,0.8173598553345389
1885,944.7987682819366,0.49318639235571027,0.0004553794860839844,0.00012915134429931642,0.00012080669403076172,0.7974683544303798
1890,947.1242592334747,0.6420901846140623,0.00040519237518310547,0.0001359224319458008,0.00011501312255859374,0.786618444846293
1895,949.582857131958,0.6834719119593501,0.0004481077194213867,0.0001249551773071289,0.000135040283203125,0.8083182640144665
1900,951.9416420459747,0.5458198583684861,0.0004479169845581055,0.0001363515853881836,0.00011034011840820313,0.8245931283905967
1905,954.3085021972656,1.2284685537219047,0.0004277944564819336,0.00012760162353515626,0.00013074874877929687,0.8372513562386981
1910,956.7159180641174,1.0926453885622323,0.0004684925079345703,0.00015175342559814453,0.00013897418975830078,0.8300180831826401
1915,958.9979062080383,0.8692178912460804,0.0004676103591918945,0.0001567840576171875,0.00011386871337890626,0.8390596745027125
1920,961.2510280609131,0.8877564367838204,0.00041604042053222656,0.00010900497436523437,0.00010783672332763672,0.8282097649186256
1925,963.5568192005157,0.3624081425368786,0.0004103899002075195,0.00012612342834472656,0.00010788440704345703,0.8191681735985533
1930,965.9679160118103,0.5148174988105894,0.0004519224166870117,0.0001300811767578125,0.00011010169982910157,0.8300180831826401
1935,968.2453262805939,0.33706018328666687,0.0004530668258666992,0.0001361370086669922,0.00010912418365478515,0.8264014466546112
1940,970.4957091808319,1.883441717887763,0.0004510641098022461,0.0001282930374145508,0.0001089334487915039,0.8155515370705244
1945,972.7324123382568,0.9885704189539126,0.00047292709350585935,0.0001508474349975586,0.00010571479797363281,0.8155515370705244
1950,974.9777381420135,0.7986488442867994,0.00041632652282714845,0.0001352548599243164,0.00010888576507568359,0.8227848101265823
1955,977.3020882606506,0.49406506549566986,0.0004451274871826172,0.00011987686157226563,0.0001104116439819336,0.833634719710669
1960,979.600013256073,0.33209892734885216,0.00042085647583007814,0.00013124942779541016,0.00011260509490966797,0.8245931283905967
1965,981.9530513286591,0.3979730824008584,0.000444793701171875,0.00012125968933105469,0.0001332998275756836,0.8137432188065099
1970,984.3067212104797,0.7713920913636685,0.00043611526489257814,0.00013768672943115234,0.00010783672332763672,0.8083182640144665
1975,986.577800989151,0.8681373089551926,0.0004150629043579102,0.00012998580932617189,0.00010733604431152343,0.7721518987341772
1980,988.8093073368073,0.6701712109148502,0.000461888313293457,0.00013918876647949218,0.0001093149185180664,0.7540687160940326
1985,991.046205997467,0.8074490442872048,0.0004981279373168946,0.0001605987548828125,0.00010282993316650391,0.7667269439421338
1990,993.297256231308,0.6974428325891495,0.0004505634307861328,0.0001358509063720703,0.00011246204376220703,0.7703435804701627
1995,995.646537065506,0.8036213958635926,0.0004206180572509766,0.0001346111297607422,0.00011131763458251953,0.8300180831826401
2000,997.906191110611,0.7157888226211071,0.00045988559722900393,0.0001492738723754883,0.00010833740234375,0.8227848101265823
2005,1000.1269640922546,0.5748197715729475,0.0004608154296875,0.00013010501861572267,0.00011086463928222656,0.8119349005424955
2010,1002.409942150116,0.5753744009882211,0.0004482746124267578,0.0001382589340209961,0.00011866092681884765,0.8047016274864376
2015,1004.7990491390228,0.8688152078539133,0.0004586458206176758,0.00015094280242919922,0.00014123916625976562,0.7992766726943942
2020,1007.1903471946716,0.5128937477187719,0.0004062175750732422,0.0001232147216796875,0.00012831687927246095,0.7902350813743219
2025,1009.5892260074615,0.40633747102692724,0.0004212617874145508,0.0001253843307495117,0.00011386871337890626,0.8119349005424955
2030,1011.9374332427979,1.2767349978908897,0.00048007965087890623,0.00014696121215820312,0.00011756420135498047,0.8481012658227848
2035,1014.3367841243744,0.4671534411609173,0.0004300594329833984,0.00014061927795410155,0.00011332035064697266,0.8553345388788427
2040,1016.6719889640808,0.45707875192165376,0.00044009685516357424,0.00015935897827148437,0.00011277198791503906,0.8535262206148282
2045,1019.0222542285919,0.42282732427120207,0.0004517078399658203,0.00013587474822998046,0.00012383460998535156,0.8354430379746836
2050,1021.4627289772034,1.6906726615969092,0.0004700660705566406,0.00013153553009033204,0.00012331008911132814,0.8354430379746836
2055,1023.8910341262817,1.1157924979925156,0.0004710674285888672,0.00015866756439208984,0.00011677742004394532,0.8137432188065099
2060,1026.3000812530518,0.5152423921972513,0.000480341911315918,0.0001422405242919922,0.0001225709915161133,0.8047016274864376
2065,1028.6226723194122,0.9917165488004684,0.00045256614685058595,0.00012576580047607422,0.00010654926300048828,0.7992766726943942
2070,1030.9779052734375,0.8850071728229523,0.00047452449798583983,0.00015571117401123047,0.00011799335479736328,0.8173598553345389
2075,1033.4203000068665,0.8015735886991024,0.0004228353500366211,0.00012834072113037108,0.00014550685882568358,0.8209764918625678
2080,1035.7953972816467,0.6121088765561581,0.0004454612731933594,0.00011429786682128906,0.0001318216323852539,0.8245931283905967
2085,1038.3314549922943,0.8256589360535145,0.0004523515701293945,0.0001249551773071289,0.00013537406921386718,0.8227848101265823
2090,1040.7905220985413,1.1130153477191924,0.0004738807678222656,0.00013885498046875,0.00011875629425048829,0.8209764918625678
2095,1043.1563923358917,0.5818198204040528,0.00047664642333984376,0.00014095306396484376,0.00011739730834960937,0.8227848101265823
2100,1045.5274612903595,0.8826756715774536,0.0004346132278442383,0.00014104843139648438,0.00013952255249023439,0.8083182640144665
2105,1047.8789792060852,0.7685196816921234,0.0004797458648681641,0.00014433860778808593,0.00011751651763916015,0.783001808318264
2110,1050.2187371253967,1.6852593094110488,0.00043540000915527345,0.00012760162353515626,0.0001306772232055664,0.786618444846293
2115,1052.5054273605347,0.6003470480442047,0.00044519901275634765,0.00013608932495117186,0.00010917186737060546,0.8264014466546112
2120,1054.7664723396301,0.4238620698451996,0.00045430660247802734,0.00012297630310058593,0.00011115074157714843,0.8444846292947559
2125,1057.0653131008148,0.635853024572134,0.0004409313201904297,0.0001311063766479492,0.00011184215545654297,0.8462929475587704
2130,1059.3461220264435,0.7141118556261062,0.00045757293701171876,0.00012583732604980468,0.00010786056518554687,0.8462929475587704
2135,1061.6406881809235,0.6507119033485651,0.00047533512115478517,0.00014371871948242186,0.000106048583984375,0.8481012658227848
2140,1063.9394812583923,0.8855513535439968,0.00046646595001220703,0.00013406276702880858,0.000131988525390625,0.8354430379746836
2145,1066.3624441623688,0.6278336829505861,0.0004529476165771484,0.00014734268188476562,0.00011889934539794922,0.8390596745027125
2150,1068.7207343578339,1.0278800822794438,0.00047352313995361326,0.0001442432403564453,0.00012109279632568359,0.8462929475587704
2155,1071.0607900619507,0.6258812146261334,0.0004563331604003906,0.00013964176177978517,0.00011281967163085937,0.8390596745027125
2160,1073.3749732971191,0.3302838396281004,0.000470733642578125,0.00013494491577148438,0.00011370182037353515,0.8137432188065099
2165,1075.6247222423553,0.6050463608466089,0.0004325389862060547,0.00013976097106933595,0.00010857582092285156,0.7902350813743219
2170,1077.8750610351562,0.563394714333117,0.0004259347915649414,0.00012199878692626953,0.00010814666748046876,0.7811934900542495
2175,1080.1367621421814,0.6272062240110244,0.00044183731079101564,0.00013647079467773437,0.00010778903961181641,0.7811934900542495
2180,1082.491737127304,1.1393042066833003,0.0004502773284912109,0.0001286029815673828,0.0001235485076904297,0.810126582278481
2185,1084.8727700710297,1.0571388065814973,0.0004178762435913086,0.00013294219970703126,0.00011696815490722657,0.8499095840867993
2190,1087.1607241630554,0.9107433915138244,0.00047850608825683594,0.00016427040100097656,0.0001079559326171875,0.8426763110307414
2195,1089.389796257019,0.4850773594342172,0.00044844150543212893,0.00012764930725097656,0.00010595321655273437,0.8010849909584087
2200,1091.6374390125275,0.7782693527638912,0.000408935546875,0.00012519359588623047,0.00011677742004394532,0.7920433996383364
2205,1093.896552324295,0.5041358037851751,0.0004500865936279297,0.00012767314910888672,0.00010585784912109375,0.7992766726943942
2210,1096.1459772586823,0.9378480856306851,0.0004600048065185547,0.00012733936309814454,0.00011210441589355468,0.8083182640144665
2215,1098.3744912147522,0.9175854998640716,0.00043876171112060546,0.00013134479522705078,0.00011351108551025391,0.8209764918625678
2220,1100.654193162918,0.9391165629029274,0.000461888313293457,0.00014672279357910156,0.00011026859283447266,0.8462929475587704
2225,1102.8949933052063,0.5049389570951461,0.0004548311233520508,0.00013625621795654297,0.00011270046234130859,0.8444846292947559
2230,1105.2206892967224,0.5462618842720985,0.0004014492034912109,0.00012378692626953126,0.00011777877807617188,0.833634719710669
2235,1107.5119051933289,0.6224224116653204,0.0004392385482788086,0.00012614727020263672,0.00010879039764404297,0.8191681735985533
2240,1109.8229219913483,0.31458694657776504,0.0004465818405151367,0.0001282215118408203,0.00010783672332763672,0.8155515370705244
2245,1112.1378083229065,0.43569199803750963,0.0004252195358276367,0.0001343250274658203,0.00011415481567382813,0.8155515370705244
2250,1114.467877149582,0.7093168199062347,0.00045180320739746094,0.00013699531555175782,0.00011458396911621094,0.8209764918625678
2255,1116.7916312217712,0.5097643107175827,0.00042188167572021484,0.0001276254653930664,0.00010883808135986328,0.8354430379746836
2260,1119.0707731246948,0.6504770740866661,0.00047326087951660156,0.00014700889587402344,0.00011208057403564454,0.8372513562386981
2265,1121.3008162975311,0.7835090734995902,0.0005016326904296875,0.0001556873321533203,0.00011358261108398437,0.833634719710669
2270,1123.5904450416565,0.44783483298961074,0.00042214393615722654,0.0001363039016723633,0.00011086463928222656,0.8372513562386981
2275,1125.9920451641083,0.4327502722735517,0.0004294395446777344,0.00014023780822753907,0.00011162757873535156,0.8318264014466547
2280,1128.3079233169556,0.5817330215824768,0.00048336982727050783,0.00014421939849853515,0.00011224746704101563,0.8517179023508138
2285,1130.6002502441406,0.7261686382582411,0.00044083595275878906,0.00013287067413330077,0.00011026859283447266,0.8589511754068716
2290,1132.8199019432068,0.4965915504610166,0.00046541690826416013,0.00014705657958984374,0.0001074075698852539,0.8625678119349005
2295,1135.0584001541138,0.5462603718053287,0.00042026042938232423,0.00012958049774169922,0.00010771751403808594,0.8155515370705244
2300,1137.2930722236633,0.5784911930561065,0.0004084348678588867,0.00012094974517822266,0.00010688304901123047,0.7540687160940326
2305,1139.5496971607208,0.4506837117718533,0.00046813488006591797,0.00015270709991455078,0.00010700225830078125,0.7359855334538878
2310,1141.7919690608978,0.7215183618362062,0.000434565544128418,0.0001286745071411133,0.00010862350463867188,0.7377938517179023
2315,1144.0316002368927,0.7015163455158472,0.00044252872467041013,0.00015342235565185547,0.00010766983032226563,0.7522603978300181
2320,1146.2650322914124,0.5274744292721152,0.0004415035247802734,0.00014057159423828126,0.00011401176452636718,0.833634719710669
2325,1148.5139503479004,0.9834476675838232,0.00045757293701171876,0.00013363361358642578,0.00011417865753173828,0.8589511754068716
2330,1150.7562413215637,0.7808705262839795,0.00047686100006103513,0.00014934539794921874,0.00011370182037353515,0.8517179023508138
2335,1153.0779283046722,0.9068430706858635,0.00048701763153076173,0.00015838146209716796,0.0001256704330444336,0.8300180831826401
2340,1155.4009652137756,0.6304179683327675,0.000469517707824707,0.00013043880462646485,0.00011057853698730469,0.8119349005424955
2345,1157.6487081050873,0.7320178702473641,0.0004378080368041992,0.00013871192932128905,0.00010766983032226563,0.7974683544303798
2350,1159.9045572280884,0.8612250352278352,0.0004530668258666992,0.00014052391052246093,0.00010957717895507813,0.7884267631103075
2355,1162.2149193286896,0.8627188853919506,0.00044753551483154295,0.00012350082397460938,0.0001146554946899414,0.7938517179023508
2360,1164.5848071575165,0.7729691118001938,0.0004508733749389648,0.00012533664703369142,0.00012345314025878905,0.8010849909584087
2365,1166.9638321399689,0.8068030297756195,0.00044417381286621094,0.00011768341064453126,0.0001264810562133789,0.7956600361663653
2370,1169.505648136139,0.9920955538749695,0.000506734848022461,0.0001540660858154297,0.0001138925552368164,0.7956600361663653
2375,1171.9380531311035,0.4873806044459343,0.0004348278045654297,0.00014405250549316407,0.00011181831359863281,0.7848101265822784
2380,1174.3681852817535,0.7178697321563959,0.00046942234039306643,0.00014085769653320311,0.0001188039779663086,0.786618444846293
2385,1176.7969851493835,0.8026604596525431,0.00043675899505615237,0.00012385845184326172,0.00011591911315917968,0.8318264014466547
2390,1179.2933740615845,0.8007791928946972,0.00045163631439208983,0.00014269351959228516,0.0001652240753173828,0.840867992766727
2395,1181.7525219917297,0.39719290733337403,0.00044462680816650393,0.00011878013610839843,0.00013589859008789062,0.8535262206148282
2400,1184.235106229782,0.5440595208667218,0.0004549264907836914,0.00012700557708740235,0.0001186370849609375,0.8462929475587704
2405,1186.628650188446,0.43167924434192173,0.00042724609375,0.00012006759643554688,0.0001235485076904297,0.8462929475587704
2410,1189.080342054367,0.9159741411771393,0.0004894256591796875,0.0001420259475708008,0.0001244783401489258,0.8444846292947559
2415,1191.4650871753693,0.9662694891914725,0.00047118663787841796,0.00013575553894042968,0.00011849403381347656,0.8462929475587704
2420,1193.8660261631012,0.7009548576548695,0.0004551172256469727,0.0001574277877807617,0.00011703968048095703,0.8028933092224232
2425,1196.3931760787964,0.47074325950816276,0.0004617452621459961,0.00013921260833740234,0.00011663436889648437,0.7414104882459313
2430,1198.8258211612701,0.6441657355055213,0.000479888916015625,0.0001401662826538086,0.00011789798736572266,0.7377938517179023
2435,1201.1575560569763,0.7218599152285605,0.00045037269592285156,0.00013663768768310547,0.00012066364288330079,0.7540687160940326
2440,1203.5581691265106,0.4612264365889132,0.00043718814849853517,0.00013985633850097657,0.00011832714080810547,0.8354430379746836
2445,1205.930102109909,0.627554286364466,0.0004247903823852539,0.00012552738189697266,0.00013024806976318358,0.8444846292947559
2450,1208.2430353164673,0.5460210323974024,0.00045783519744873046,0.00013234615325927735,0.00011537075042724609,0.8462929475587704
2455,1210.5296750068665,0.4661816991865635,0.00045011043548583987,0.00013918876647949218,0.00011789798736572266,0.8390596745027125
2460,1212.855387210846,0.7616913124918938,0.0004014492034912109,0.00011496543884277343,0.0001111745834350586,0.833634719710669
2465,1215.2261672019958,0.8334934050217271,0.0004863262176513672,0.0001669645309448242,0.00012166500091552735,0.8426763110307414
2470,1217.6294031143188,0.4387190517038107,0.00045707225799560545,0.00014178752899169923,0.00015120506286621095,0.8462929475587704
2475,1219.9676432609558,0.828574507497251,0.00041577816009521487,0.00011830329895019531,0.0001178741455078125,0.8499095840867993
2480,1222.2587311267853,0.7255744807422161,0.00043098926544189454,0.00012264251708984374,0.00011472702026367187,0.8499095840867993
2485,1224.6271841526031,0.5797209228388965,0.0004525184631347656,0.00013425350189208985,0.00011005401611328126,0.8481012658227848
2490,1226.954746246338,0.4924098235089332,0.0004530668258666992,0.0001361370086669922,0.0001100301742553711,0.8607594936708861
2495,1229.5314180850983,0.8899076107889414,0.0004461526870727539,0.0001263141632080078,0.0001283884048461914,0.8535262206148282
2500,1232.0004999637604,0.30264481119916126,0.0004778146743774414,0.0001534700393676758,0.00012962818145751954,0.8462929475587704
2505,1234.3833363056183,0.510773191601038,0.00038549900054931643,0.00012083053588867188,0.00012941360473632811,0.8047016274864376
2510,1236.7969381809235,0.4933463019318879,0.00045826435089111326,0.0001260995864868164,0.00012176036834716797,0.7775768535262206
2515,1239.1450052261353,0.53722230035346,0.00042192935943603517,0.0001257181167602539,0.0001092672348022461,0.7631103074141049
2520,1241.5285460948944,0.35032564140856265,0.0004473447799682617,0.00013515949249267578,0.0001497507095336914,0.759493670886076
2525,1243.9206373691559,0.7889490138739348,0.0004363059997558594,0.00013091564178466797,0.00012128353118896484,0.783001808318264
2530,1246.2871811389923,0.7503655583132058,0.0004344463348388672,0.00014126300811767578,0.00011780261993408204,0.8119349005424955
2535,1248.6530029773712,0.5403484743030276,0.00043997764587402346,0.00012497901916503907,0.00013566017150878906,0.8155515370705244
2540,1250.9669182300568,0.6579928511753679,0.0005142688751220703,0.0001671314239501953,0.00011403560638427735,0.8264014466546112
2545,1253.3320801258087,1.45915914978832,0.0004383087158203125,0.00013251304626464843,0.00011391639709472657,0.8390596745027125
2550,1255.6811871528625,0.36434839740395547,0.00043315887451171874,0.00014030933380126953,0.00012476444244384765,0.8444846292947559
2555,1258.0128231048584,0.355517790466547,0.0004510641098022461,0.00014350414276123046,0.00011582374572753907,0.8517179023508138
2560,1260.402104139328,0.5308952242136001,0.00046722888946533204,0.00013599395751953124,0.00011582374572753907,0.8535262206148282
2565,1262.7377722263336,0.7941244102315977,0.0004402875900268555,0.00014314651489257812,0.00013427734375,0.8734177215189873
2570,1265.0250082015991,0.4622461056991597,0.0004539012908935547,0.00013952255249023439,0.00010685920715332031,0.8589511754068716
2575,1267.2848482131958,0.27841508281417193,0.0004042387008666992,0.00012145042419433593,0.00011267662048339844,0.8426763110307414
2580,1269.5774190425873,0.463644428178668,0.0004279851913452148,0.00013856887817382814,0.00010831356048583985,0.8300180831826401
2585,1271.881608247757,0.7254651841940358,0.00046517848968505857,0.0001402616500854492,0.00010752677917480469,0.8625678119349005
2590,1274.134062051773,0.7043965335935354,0.0004219532012939453,0.00014491081237792968,0.00010571479797363281,0.8517179023508138
2595,1276.4082009792328,0.37049268558621407,0.0004662752151489258,0.0001518726348876953,0.00010764598846435547,0.8173598553345389
2600,1278.6356282234192,0.3500589469447732,0.0004589319229125977,0.0001407623291015625,0.00010967254638671875,0.7884267631103075
2605,1280.9339232444763,0.4913382623810321,0.0004728555679321289,0.0001331329345703125,0.00011587142944335938,0.7956600361663653
2610,1283.2032091617584,0.820374483242631,0.00048089027404785156,0.00016448497772216796,0.00011930465698242187,0.7974683544303798
2615,1285.5066871643066,0.3301302682608366,0.0004759311676025391,0.000136566162109375,0.00013086795806884765,0.8047016274864376
2620,1287.8310871124268,0.5950033469125628,0.00044248104095458987,0.00012645721435546874,0.00011420249938964844,0.8119349005424955
2625,1290.0847313404083,0.5393005512654782,0.00046429634094238283,0.00014698505401611328,0.00013320446014404298,0.840867992766727
2630,1292.4374792575836,0.5366129297763109,0.0004401683807373047,0.00013365745544433594,0.00011005401611328126,0.8499095840867993
2635,1294.8203830718994,0.3741044874419458,0.00043621063232421873,0.0001138925552368164,0.0001386404037475586,0.8517179023508138
2640,1297.1338992118835,0.9194331884384155,0.0004542827606201172,0.00012514591217041015,0.00012216567993164062,0.8589511754068716
2645,1299.4989960193634,0.7934774942696095,0.0004812002182006836,0.0001390695571899414,0.00010881423950195312,0.864376130198915
2650,1301.8454473018646,0.4662053070962429,0.0004610300064086914,0.00014693737030029296,0.00012712478637695314,0.8679927667269439
2655,1304.18332695961,0.6664533760398627,0.00044591426849365233,0.00013735294342041016,0.0001195669174194336,0.8734177215189873
2660,1306.5081663131714,0.8445355333387852,0.0004595279693603516,0.00013606548309326173,0.00010919570922851562,0.8679927667269439
2665,1308.861848115921,1.3415497556357878,0.00046732425689697263,0.00014197826385498047,0.00012536048889160155,0.8679927667269439
2670,1311.193076133728,0.680230235401541,0.0004178285598754883,0.00011959075927734376,0.0001100778579711914,0.8752260397830018
2675,1313.4764392375946,0.5242300510406495,0.00046753883361816406,0.00013296604156494142,0.00011267662048339844,0.8752260397830018
2680,1315.79399228096,0.6988232685020194,0.0004306316375732422,0.00011909008026123047,0.00012717247009277343,0.8716094032549728
2685,1318.2083132266998,0.5571586027741432,0.00046370029449462893,0.0001301288604736328,0.00011343955993652344,0.8698010849909584
2690,1320.7602622509003,0.523597083427012,0.000479888916015625,0.0001416444778442383,0.00011327266693115235,0.8661844484629295
2695,1323.1598761081696,0.6654802996665239,0.00047321319580078124,0.00014448165893554688,0.00011851787567138672,0.8607594936708861
2700,1325.5222351551056,0.5653153140563518,0.000431060791015625,0.00014035701751708985,0.00011949539184570312,0.8625678119349005
2705,1327.8439600467682,0.7567070048302412,0.00048980712890625,0.0001497030258178711,0.00011587142944335938,0.8625678119349005
2710,1330.193989276886,0.38730803816579285,0.0004652500152587891,0.00014286041259765626,0.00013937950134277344,0.8607594936708861
2715,1332.5400750637054,0.5787066512857564,0.0004481077194213867,0.00012392997741699218,0.00011861324310302734,0.8517179023508138
2720,1334.8803153038025,0.45629551706224447,0.0004203557968139648,0.00014476776123046876,0.00014357566833496095,0.8517179023508138
2725,1337.181523323059,0.5064529136638157,0.0004394054412841797,0.00012099742889404297,0.0001108407974243164,0.8444846292947559
2730,1339.6308591365814,0.40740116346860306,0.00045535564422607424,0.00013997554779052735,0.00012197494506835938,0.8372513562386981
2735,1341.9329662322998,0.6776152119040489,0.0004224061965942383,0.00012559890747070311,0.0001111745834350586,0.8372513562386981
2740,1344.336405992508,1.0267450840910897,0.00045726299285888674,0.0001436471939086914,0.00011868476867675782,0.8499095840867993
2745,1346.9546203613281,0.7288627959787846,0.00047850608825683594,0.00016427040100097656,0.00012323856353759765,0.8589511754068716
2750,1349.284383058548,0.9277366595342755,0.0004156351089477539,0.0001104116439819336,0.0001407623291015625,0.8227848101265823
2755,1351.6758892536163,0.9583800449967385,0.0004154205322265625,0.00012722015380859376,0.00011556148529052734,0.8318264014466547
2760,1353.9981923103333,0.32837300579994916,0.00044889450073242186,0.00012857913970947265,0.00013625621795654297,0.8390596745027125
2765,1356.3482413291931,0.29597228690981864,0.00046176910400390624,0.00012865066528320313,0.00013370513916015624,0.8607594936708861
2770,1358.7494592666626,0.6199706760235131,0.0004385471343994141,0.00013294219970703126,0.0001302003860473633,0.8698010849909584