#{"solver": {"engine": {"type": "ExactEngine"}, "semiring": "GraphSemiring"}, "networks": [{"name": "perc_net_version_2_baseline_1", "module": "AD_V2_baseline_net_1(\n  (image_features): Sequential(\n    (0): Conv2d(3, 6, kernel_size=(5, 5), stride=(1, 1))\n    (1): ReLU()\n    (2): MaxPool2d(kernel_size=2, stride=2, padding=0, dilation=1, ceil_mode=False)\n    (3): Conv2d(6, 16, kernel_size=(5, 5), stride=(1, 1))\n    (4): ReLU()\n    (5): MaxPool2d(kernel_size=2, stride=2, padding=0, dilation=1, ceil_mode=False)\n    (6): Flatten(start_dim=0, end_dim=2)\n    (7): Linear(in_features=400, out_features=120, bias=True)\n    (8): Linear(in_features=120, out_features=84, bias=True)\n    (9): Linear(in_features=84, out_features=16, bias=True)\n  )\n  (numeric_features): Sequential(\n    (0): Linear(in_features=1, out_features=9, bias=True)\n    (1): ReLU()\n    (2): Dropout(p=0.5, inplace=False)\n    (3): Linear(in_features=9, out_features=9, bias=True)\n    (4): ReLU()\n  )\n  (combined_features): Sequential(\n    (0): Linear(in_features=25, out_features=16, bias=True)\n    (1): ReLU()\n    (2): Dropout(p=0.5, inplace=False)\n    (3): Linear(in_features=16, out_features=16, bias=True)\n    (4): ReLU()\n    (5): Linear(in_features=16, out_features=4, bias=True)\n    (6): Softmax(dim=-1)\n  )\n)", "optimizer": "Adam (\nParameter Group 0\n    amsgrad: False\n    betas: (0.9, 0.999)\n    capturable: False\n    differentiable: False\n    eps: 1e-08\n    foreach: None\n    fused: None\n    lr: 0.001\n    maximize: False\n    weight_decay: 0\n)", "k": null}], "program": "nn(perc_net_version_2_baseline_1,[Img, Speed],X,[0, 1, 2, 3])::action(Img,Speed,X).\nautonomous_driving_baseline(Img,Speed,X) :- action(Img,Speed,X).\n"}
#Accuracy 0.8685897435897436
i,time,loss,ground_time,compile_time,eval_time,accuracy
5,0.03931593894958496,1.1435532331466676,0.0003549337387084961,0.00010521411895751953,0.0001340150833129883,0.23076923076923078
10,1.4853928089141846,1.3841444730758667,0.0003871917724609375,0.000103759765625,0.0001306772232055664,0.23076923076923078
15,2.694546937942505,1.3993603110313415,0.0003964424133300781,0.00011143684387207031,0.0001314401626586914,0.23076923076923078
20,3.906864881515503,1.4108095288276672,0.000435638427734375,0.00013234615325927735,0.00011904239654541016,0.23076923076923078
25,5.117669105529785,1.4167761325836181,0.00040957927703857424,0.00012459754943847657,0.00012488365173339843,0.23076923076923078
30,6.3264219760894775,1.3605666995048522,0.000442194938659668,0.00013949871063232422,0.0001235485076904297,0.23076923076923078
35,7.523673057556152,1.4519534230232238,0.00039632320404052733,0.00011644363403320312,0.00012230873107910156,0.1875
40,8.721215009689331,1.3767232298851013,0.00041379928588867185,0.00012345314025878905,0.00012598037719726562,0.2403846153846154
45,9.92260193824768,1.3698495626449585,0.0003955602645874023,0.00012423992156982422,0.00012068748474121093,0.21474358974358973
50,11.121863842010498,1.3945963978767395,0.00043621063232421873,0.00012640953063964845,0.00011551380157470703,0.22756410256410256
55,12.32252311706543,1.4076388716697692,0.00043053627014160155,0.00013175010681152344,0.0001140594482421875,0.23076923076923078
60,13.523120880126953,1.436196756362915,0.0004206418991088867,0.00013158321380615234,0.00011990070343017578,0.23076923076923078
65,14.734598875045776,1.4272748827934265,0.0004480838775634766,0.00012564659118652344,0.00014994144439697265,0.23076923076923078
70,15.936090230941772,1.35178085565567,0.0003938198089599609,0.00011391639709472657,0.00012240409851074218,0.2916666666666667
75,17.134439945220947,1.3698543667793275,0.0004287242889404297,0.00012402534484863282,0.00012733936309814454,0.32371794871794873
80,18.38735008239746,1.3821814894676208,0.000431060791015625,0.00013909339904785156,0.00012125968933105469,0.3317307692307692
85,19.589348077774048,1.3768572568893434,0.0004293203353881836,0.00013000965118408202,0.00012617111206054689,0.23076923076923078
90,20.78800892829895,1.364871859550476,0.00042018890380859377,0.00012471675872802735,0.00012753009796142578,0.23076923076923078
95,21.989203929901123,1.3877730011940002,0.00039501190185546874,0.00011370182037353515,0.0001312255859375,0.2644230769230769
100,23.184903860092163,1.3524681806564331,0.0004080057144165039,0.00012216567993164062,0.00012602806091308594,0.3317307692307692
105,24.39578604698181,1.3855790972709656,0.00040519237518310547,0.00011582374572753907,0.00012590885162353516,0.3173076923076923
110,25.607149124145508,1.4224619626998902,0.0004216670989990234,0.00012805461883544922,0.0001251220703125,0.32051282051282054
115,26.81105399131775,1.4154167294502258,0.0004438638687133789,0.0001379251480102539,0.0001227855682373047,0.28205128205128205
120,28.017794132232666,1.3837872385978698,0.00048573017120361327,0.00013701915740966798,0.00011894702911376953,0.23076923076923078
125,29.224759101867676,1.3828588485717774,0.00042574405670166017,0.00012583732604980468,0.00012974739074707032,0.23076923076923078
130,30.426453113555908,1.3362902998924255,0.00042874813079833983,0.00012767314910888672,0.00012943744659423828,0.23076923076923078
135,31.62709403038025,1.3299403309822082,0.00040569305419921873,0.0001207113265991211,0.0001237630844116211,0.23076923076923078
140,32.833264112472534,1.3956869959831237,0.0004201650619506836,0.00013091564178466797,0.00013668537139892577,0.25801282051282054
145,34.036076068878174,1.3242003083229066,0.00043675899505615237,0.00013215541839599608,0.00012776851654052734,0.2548076923076923
150,35.25363302230835,1.3120246291160584,0.00041413307189941406,0.00012011528015136719,0.00014140605926513672,0.4166666666666667
155,36.45613217353821,1.4588485598564147,0.00040602684020996094,0.00011894702911376953,0.00012216567993164062,0.4823717948717949
160,37.65855407714844,1.43048837184906,0.00040967464447021483,0.00014162063598632812,0.00013480186462402343,0.5464743589743589
165,38.8672399520874,1.3544275045394898,0.0004248857498168945,0.00014142990112304689,0.00012466907501220703,0.4150641025641026
170,40.07753610610962,1.3647220849990844,0.0004215717315673828,0.00012960433959960938,0.00012242794036865234,0.38621794871794873
175,41.27356505393982,1.2722648859024048,0.00042531490325927737,0.000139617919921875,0.0001368999481201172,0.4407051282051282
180,42.47098708152771,1.1786247551441194,0.00045473575592041015,0.00014529228210449218,0.0001318216323852539,0.49038461538461536
185,43.723795890808105,0.907485924474895,0.0004239797592163086,0.0001266956329345703,0.0001392364501953125,0.4150641025641026
190,44.92615103721619,0.8515572563308524,0.00042834281921386717,0.0001188516616821289,0.00013988018035888673,0.4775641025641026
195,46.12964701652527,1.1938707092777918,0.0003870487213134766,0.0001130819320678711,0.00013194084167480468,0.4855769230769231
200,47.331053018569946,0.778064752672799,0.0004256486892700195,0.00013458728790283203,0.0001311779022216797,0.4567307692307692
205,48.53478503227234,1.215368863940239,0.00036628246307373046,0.00011010169982910157,0.00013227462768554686,0.453525641025641
210,49.74714803695679,1.346149405837059,0.00038874149322509766,0.00011990070343017578,0.00011970996856689454,0.5448717948717948
215,50.959038972854614,1.072144240140915,0.000502324104309082,0.00014102458953857422,0.00014290809631347656,0.5400641025641025
220,52.18427014350891,1.149265922047198,0.0004045248031616211,0.00012340545654296876,0.0001249074935913086,0.6073717948717948
225,53.39531207084656,0.6691058616313967,0.00042030811309814455,0.00011789798736572266,0.00013751983642578124,0.5288461538461539
230,54.59632682800293,1.03740501254797,0.00042307376861572266,0.00013701915740966798,0.00012784004211425782,0.4823717948717949
235,55.87462091445923,1.0286402732133866,0.00043714046478271484,0.00012574195861816406,0.00023090839385986328,0.49198717948717946
240,57.37154722213745,0.9931914366781711,0.00040881633758544923,0.00011746883392333984,0.00012466907501220703,0.5048076923076923
245,58.61880087852478,1.0884581058984621,0.00040750503540039064,0.00011947154998779297,0.00012738704681396483,0.5080128205128205
250,59.84808087348938,0.9514731138944625,0.00038869380950927733,0.00011460781097412109,0.00012483596801757813,0.5288461538461539
255,61.07605504989624,1.0461854584573302,0.0004287242889404297,0.00013015270233154296,0.00012235641479492189,0.5400641025641025
260,62.29440784454346,1.2217618440277875,0.00040516853332519533,0.00011401176452636718,0.00012543201446533204,0.5705128205128205
265,63.519325971603394,0.8985343914479017,0.0004122495651245117,0.00013408660888671874,0.0001295328140258789,0.5689102564102564
270,64.7579882144928,1.0842437893152237,0.0004149436950683594,0.00012595653533935546,0.00013048648834228515,0.5641025641025641
275,66.00525307655334,1.4426698684692383,0.00039925575256347654,0.00011756420135498047,0.00013370513916015624,0.5657051282051282
280,67.29319715499878,0.9405095240101218,0.0004389762878417969,0.0001307249069213867,0.00013589859008789062,0.6217948717948718
285,68.64335894584656,0.7085434600710869,0.00041663646697998047,0.0001262664794921875,0.00012764930725097656,0.6602564102564102
290,69.95533108711243,0.642935492284596,0.0004398584365844727,0.0001396656036376953,0.00012786388397216796,0.6746794871794872
295,71.19010710716248,0.612747071398735,0.00042407512664794923,0.00012352466583251954,0.0001356363296508789,0.6634615384615384
300,72.46902084350586,1.6113669604063035,0.000385737419128418,0.0001256704330444336,0.00012426376342773439,0.6666666666666666
305,73.70399689674377,1.2492158472537995,0.0004006862640380859,0.00011208057403564454,0.00011343955993652344,0.6586538461538461
310,74.91452121734619,0.8767110171727837,0.00041353702545166016,0.0001201629638671875,0.00011773109436035157,0.6538461538461539
315,76.11749720573425,1.069820224121213,0.0004420280456542969,0.0001382112503051758,0.00011739730834960937,0.6362179487179487
320,77.31756210327148,1.0183599270880221,0.0004124641418457031,0.00010843276977539063,0.00012438297271728517,0.6185897435897436
325,78.52041697502136,0.8905748353339732,0.00037946701049804685,0.00010592937469482422,0.00012576580047607422,0.6121794871794872
330,79.74842405319214,1.0207011684775353,0.00042192935943603517,0.00012798309326171874,0.0001270771026611328,0.5961538461538461
335,80.98481678962708,0.8557476222515106,0.0004270792007446289,0.0001263856887817383,0.00012443065643310546,0.6330128205128205
340,82.20547890663147,1.121056655049324,0.0004189014434814453,0.00013360977172851562,0.0001277923583984375,0.6842948717948718
345,83.41582012176514,0.9992803946137429,0.0004241466522216797,0.0001251697540283203,0.0001275777816772461,0.717948717948718
350,84.62857604026794,0.9225061982870102,0.0003905296325683594,0.00011599063873291016,0.00012934207916259766,0.6842948717948718
355,85.82267808914185,0.6627780192531645,0.0004162788391113281,0.00013132095336914061,0.00011386871337890626,0.6362179487179487
360,87.04289102554321,0.8053067155182362,0.0004011392593383789,0.00011782646179199218,0.00012600421905517578,0.6266025641025641
365,88.23596692085266,0.8953559259651229,0.00045785903930664065,0.0001382589340209961,0.00012607574462890624,0.6169871794871795
370,89.43484902381897,0.7072301082429533,0.0004204988479614258,0.00013353824615478516,0.00012969970703125,0.6698717948717948
375,90.63231682777405,0.8393692155415919,0.00043964385986328125,0.00012555122375488282,0.00012156963348388671,0.7259615384615384
380,91.82261300086975,0.640032129001338,0.0003926277160644531,0.0001064300537109375,0.00012331008911132814,0.7371794871794872
385,93.0169448852539,0.6599934177778778,0.0004197835922241211,0.0001249551773071289,0.00012967586517333984,0.7083333333333334
390,94.20799589157104,1.5143710073083638,0.0004385471343994141,0.0001355886459350586,0.00012657642364501953,0.6714743589743589
395,95.41883111000061,0.8108411123510451,0.0004391193389892578,0.00013773441314697267,0.0001241445541381836,0.6346153846153846
400,96.62612295150757,0.6620662417470158,0.00040869712829589845,0.00011763572692871093,0.00012068748474121093,0.6426282051282052
405,97.85470700263977,1.0651505321264267,0.0004032135009765625,0.00011954307556152343,0.00013093948364257814,0.6730769230769231
410,99.11536693572998,0.7455810320097953,0.0004033327102661133,0.00011463165283203125,0.00011968612670898438,0.7019230769230769
415,100.38066720962524,0.6517067823559046,0.0004017353057861328,0.00011942386627197265,0.00012989044189453124,0.7035256410256411
420,101.64105105400085,1.1039189431467094,0.00043549537658691404,0.0001308441162109375,0.00014190673828125,0.7211538461538461
425,102.94736313819885,0.7737181901931762,0.0004218578338623047,0.0001343965530395508,0.00011553764343261719,0.7307692307692307
430,104.15993285179138,0.6942670786054805,0.0004743337631225586,0.00013463497161865235,0.0001249551773071289,0.7451923076923077
435,105.42725610733032,0.8054428570729215,0.00045070648193359377,0.00013625621795654297,0.00013420581817626953,0.7403846153846154
440,106.64556312561035,1.0183200115337967,0.000427699089050293,0.00012292861938476563,0.00012776851654052734,0.7035256410256411
445,107.85657119750977,0.8522327502258122,0.0004172563552856445,0.00012271404266357423,0.0001266956329345703,0.7419871794871795
450,109.05417108535767,0.8038579744956224,0.0004107952117919922,0.00012390613555908204,0.00011618137359619141,0.7211538461538461
455,110.2624580860138,1.2425441205501557,0.0004424571990966797,0.00014359951019287108,0.00013554096221923828,0.6971153846153846
460,111.45107984542847,1.2921398930251597,0.0004180192947387695,0.00011761188507080078,0.0001251220703125,0.7051282051282052
465,112.6511960029602,1.025733631849289,0.00040416717529296876,0.0001176595687866211,0.00012619495391845702,0.7051282051282052
470,113.84943199157715,0.8296914104372263,0.0004082918167114258,0.00013477802276611327,0.00012760162353515626,0.7131410256410257
475,115.04486608505249,0.9946037188172341,0.00042273998260498045,0.00013611316680908203,0.00012142658233642578,0.7451923076923077
480,116.23353600502014,1.0448469012975692,0.0004254579544067383,0.00013418197631835936,0.0001458406448364258,0.7371794871794872
485,117.43580222129822,0.5517701419070363,0.00042536258697509763,0.0001483440399169922,0.00012328624725341797,0.7211538461538461
490,118.6270489692688,0.24603829492116347,0.00044143199920654297,0.0001268148422241211,0.00011913776397705078,0.6794871794871795
495,119.82735419273376,0.9697722893324681,0.0004358053207397461,0.00014641284942626954,0.00012471675872802735,0.6650641025641025
500,121.01738595962524,0.7193147955404129,0.0004073143005371094,0.00011343955993652344,0.0001294851303100586,0.6778846153846154
505,122.23407697677612,0.6874189123424174,0.00042591094970703127,0.0001264810562133789,0.00012025833129882812,0.6971153846153846
510,123.4353449344635,1.2288357811281458,0.0003923654556274414,0.00011718273162841797,0.00012125968933105469,0.75
515,124.63735389709473,0.6918079392722575,0.00037746429443359376,0.00010833740234375,0.00012454986572265624,0.7644230769230769
520,125.8454909324646,0.8419841085997177,0.00040755271911621096,0.00013191699981689452,0.0001237630844116211,0.7676282051282052
525,127.04432892799377,0.6918293863534928,0.0004167795181274414,0.00012753009796142578,0.00011892318725585938,0.7564102564102564
530,128.27360892295837,0.7696301871910691,0.0004602193832397461,0.00012040138244628906,0.00012633800506591796,0.7676282051282052
535,129.5150351524353,0.8146915134508163,0.00043747425079345705,0.00013256072998046875,0.0001292705535888672,0.7580128205128205
540,130.723482131958,0.9477709423401393,0.0004148006439208984,0.0001292705535888672,0.0001295328140258789,0.7419871794871795
545,131.9383590221405,0.9584660890793202,0.00042409896850585936,0.00012662410736083985,0.00012791156768798828,0.7516025641025641
550,133.1870789527893,0.7642239681852516,0.0004479646682739258,0.00013086795806884765,0.00012302398681640625,0.75
555,134.37478494644165,1.1332582696340978,0.00039606094360351564,0.00011651515960693359,0.0001306295394897461,0.7147435897435898
560,135.56247806549072,0.5764564926328604,0.00040004253387451174,0.00011925697326660156,0.0001343250274658203,0.6875
565,136.75592803955078,0.5626299234120381,0.000384974479675293,0.00011160373687744141,0.00011970996856689454,0.657051282051282
570,137.946448802948,0.86854900274393,0.00043408870697021485,0.00012333393096923827,0.0001194000244140625,0.6650641025641025
575,139.1541769504547,1.2518308475613593,0.00040030479431152344,0.00012235641479492189,0.0001346111297607422,0.6666666666666666
580,140.3445110321045,0.758400010690093,0.00039913654327392576,0.00012857913970947265,0.00012085437774658203,0.6826923076923077
585,141.535138130188,1.0199704178608955,0.00042774677276611326,0.00012969970703125,0.00013043880462646485,0.7612179487179487
590,142.7254250049591,0.5955614901147783,0.00041806697845458984,0.0001201629638671875,0.00012078285217285157,0.7836538461538461
595,143.9018611907959,0.41104585580251296,0.0004272937774658203,0.00012774467468261718,0.0001224517822265625,0.7788461538461539
600,145.07562112808228,0.6302705628579133,0.00044128894805908205,0.00013680458068847655,0.0001230955123901367,0.780448717948718
605,146.25187611579895,0.44154153929803214,0.000419926643371582,0.00013074874877929687,0.0001239776611328125,0.7724358974358975
610,147.43103218078613,1.3379273747879779,0.00038831233978271485,0.0001161336898803711,0.00012555122375488282,0.7708333333333334
615,148.6059970855713,0.8512659132480621,0.000408482551574707,0.0001244068145751953,0.00013303756713867188,0.7596153846153846
620,149.7855191230774,0.7386653194203973,0.00039238929748535155,0.00011732578277587891,0.00012481212615966797,0.75
625,150.96191096305847,2.1135167164313318,0.00043890476226806643,0.00012657642364501953,0.00012085437774658203,0.7596153846153846
630,152.13333988189697,0.6543056797410827,0.0004307746887207031,0.00012600421905517578,0.0001155853271484375,0.7948717948717948
635,153.3143539428711,0.7252779672853649,0.0003971576690673828,0.00010697841644287109,0.00012392997741699218,0.7852564102564102
640,154.48185896873474,0.9342933654785156,0.0003904581069946289,0.00010778903961181641,0.00011999607086181641,0.7612179487179487
645,155.66632604599,0.9501408956944942,0.0004310131072998047,0.00013589859008789062,0.00012981891632080078,0.782051282051282
650,156.86652207374573,0.9528019271790982,0.0004123687744140625,0.00012412071228027344,0.0001293182373046875,0.75
655,158.05870008468628,0.9404434019234031,0.0004359245300292969,0.00013506412506103516,0.0001249551773071289,0.7419871794871795
660,159.2528429031372,1.161126482486725,0.00039713382720947267,0.00011751651763916015,0.00012428760528564452,0.7596153846153846
665,160.45436120033264,0.861930710542947,0.0004263162612915039,0.00013787746429443358,0.0001149892807006836,0.7740384615384616
670,161.6622200012207,0.3101383483968675,0.0003951311111450195,0.00011250972747802734,0.0001286029815673828,0.7612179487179487
675,162.90709614753723,0.7029855281114579,0.00045092105865478515,0.0001432180404663086,0.0001275777816772461,0.7660256410256411
680,164.10503816604614,0.44572227001190184,0.00041780471801757815,0.00011928081512451172,0.0001237630844116211,0.7676282051282052
685,165.2811450958252,0.5636786222923547,0.0004084587097167969,0.00013380050659179689,0.00011897087097167969,0.7756410256410257
690,166.45436906814575,0.6319574190303683,0.0004453897476196289,0.00011532306671142578,0.0001313924789428711,0.7580128205128205
695,167.6271209716797,0.7955753437447128,0.0003991127014160156,0.00012056827545166015,0.00011386871337890626,0.7596153846153846
700,168.80349898338318,1.0449794159270822,0.0004419088363647461,0.00012989044189453124,0.0001248598098754883,0.7516025641025641
705,169.9707808494568,0.9562641173601151,0.0004192829132080078,0.00013024806976318358,0.00011861324310302734,0.7676282051282052
710,171.14805912971497,0.2736411369405687,0.00043811798095703123,0.00013091564178466797,0.0001247882843017578,0.7900641025641025
715,172.31969785690308,0.7017799884080886,0.00041556358337402344,0.00012640953063964845,0.0001188039779663086,0.7980769230769231
720,173.48955297470093,0.6658239103853703,0.00040781497955322266,0.00011682510375976562,0.00012011528015136719,0.7916666666666666
725,174.656023979187,0.7531517854258709,0.00038962364196777345,0.00011718273162841797,0.00011398792266845704,0.8044871794871795
730,175.81866121292114,0.8698923336341977,0.00040776729583740233,0.00011560916900634765,0.00012385845184326172,0.7980769230769231
735,176.98782801628113,0.6738567322492599,0.00044007301330566405,0.00013487339019775392,0.00012946128845214844,0.7964743589743589
740,178.15645503997803,0.5879919253289699,0.0004326820373535156,0.00013523101806640626,0.0001228809356689453,0.7948717948717948
745,179.31882905960083,0.5903311782600212,0.0004740238189697266,0.0001283884048461914,0.0001241922378540039,0.7996794871794872
750,180.48576593399048,0.4393229737412184,0.000423741340637207,0.00012652873992919923,0.00011448860168457031,0.7660256410256411
755,181.651752948761,0.7679524819366634,0.00044596195220947266,0.00013794898986816407,0.00011801719665527344,0.7403846153846154
760,182.8392961025238,0.99677771460847,0.0003875255584716797,0.000112152099609375,0.00012173652648925782,0.719551282051282
765,184.02732706069946,0.969465772388503,0.0004466056823730469,0.0001403331756591797,0.00013024806976318358,0.6987179487179487
770,185.21199798583984,1.086390820890665,0.0004231691360473633,0.00012843608856201173,0.00011515617370605469,0.6746794871794872
775,186.37499904632568,1.1707057788968087,0.00040605068206787107,0.00011458396911621094,0.0001207113265991211,0.7019230769230769
780,187.5513038635254,0.7802494241856038,0.00039272308349609376,0.00011532306671142578,0.00013413429260253907,0.75
785,188.7246949672699,0.9311952627729625,0.00043306350708007815,0.00015380382537841797,0.00012471675872802735,0.7948717948717948
790,189.90536904335022,1.227248891768977,0.00042688846588134766,0.00013971328735351562,0.0001263856887817383,0.7996794871794872
795,191.06750321388245,0.9128095120191574,0.00043637752532958983,0.0001313924789428711,0.00011556148529052734,0.7916666666666666
800,192.28852105140686,0.6179942354559899,0.00039622783660888674,0.0001286745071411133,0.00012328624725341797,0.7980769230769231
805,193.45776891708374,0.74059685356915,0.00046591758728027345,0.00014851093292236328,0.00012216567993164062,0.7948717948717948
810,194.62774395942688,0.9282216002116911,0.00043070316314697266,0.0001287221908569336,0.00011377334594726562,0.8028846153846154
815,195.79863500595093,0.5420562502520625,0.00041823387145996095,0.00011963844299316407,0.00012209415435791016,0.8060897435897436
820,196.96577095985413,0.8876491729170084,0.0003898382186889648,0.00011439323425292969,0.00012786388397216796,0.8141025641025641
825,198.13666796684265,0.3797411379404366,0.00040395259857177733,0.00012593269348144532,0.00012388229370117188,0.7932692307692307
830,199.32555603981018,1.088088633528423,0.0003736734390258789,0.00011222362518310547,0.0001307249069213867,0.7900641025641025
835,200.59223198890686,0.6412864505313337,0.0003891468048095703,0.0001235485076904297,0.00012812614440917968,0.7692307692307693
840,201.76461791992188,0.6072419393918608,0.0005022525787353515,0.00013577938079833984,0.00013768672943115234,0.7628205128205128
845,202.93489623069763,0.6672307256609201,0.0004130125045776367,0.00012559890747070311,0.00011479854583740234,0.7596153846153846
850,204.10213923454285,0.7760292520513759,0.0004279851913452148,0.00012505054473876953,0.0001270771026611328,0.7516025641025641
855,205.26133823394775,0.8293397221714258,0.00041348934173583983,0.00013244152069091797,0.00011794567108154297,0.7772435897435898
860,206.4332320690155,0.7582767577841878,0.0004435300827026367,0.00012767314910888672,0.000125885009765625,0.7692307692307693
865,207.60517406463623,0.8168154230341316,0.00040881633758544923,0.00011746883392333984,0.00011866092681884765,0.7772435897435898
870,208.7664749622345,0.7180447607897804,0.00041942596435546876,0.00012614727020263672,0.00011582374572753907,0.7900641025641025
875,209.93708109855652,0.5442082646302879,0.00037305355072021485,0.0001111745834350586,0.00012350082397460938,0.7852564102564102
880,211.10152387619019,0.7448782320483588,0.00044226646423339844,0.00012662410736083985,0.00011782646179199218,0.7900641025641025
885,212.27374482154846,0.7521262302005198,0.0003963470458984375,0.00012023448944091797,0.00012159347534179688,0.7964743589743589
890,213.4369020462036,0.6875350404530763,0.0004046440124511719,0.00012593269348144532,0.00011746883392333984,0.780448717948718
895,214.60311198234558,0.6215541139245033,0.000423431396484375,0.00013158321380615234,0.00011785030364990235,0.7772435897435898
900,215.7709629535675,0.41574867146555333,0.00039925575256347654,0.00011467933654785156,0.00011820793151855469,0.7852564102564102
905,216.93915796279907,0.4186543164054456,0.00043418407440185545,0.00012998580932617189,0.00011186599731445312,0.7916666666666666
910,218.10174798965454,0.4544825322644101,0.00043668746948242185,0.00013589859008789062,0.00011827945709228516,0.8060897435897436
915,219.2860028743744,0.3813445813652379,0.00041823387145996095,0.00012574195861816406,0.00011854171752929687,0.7980769230769231
920,220.4539020061493,0.4929956827068963,0.00040748119354248045,0.00011997222900390625,0.00012450218200683595,0.8012820512820513
925,221.6685380935669,1.2571938151115318,0.0003986358642578125,0.00012943744659423828,0.00013561248779296874,0.7772435897435898
930,222.86114501953125,0.5923158359874833,0.00040438175201416013,0.00011186599731445312,0.00012352466583251954,0.7660256410256411
935,224.0250391960144,0.7361404417082781,0.0004093170166015625,0.00012383460998535156,0.00011487007141113282,0.7932692307692307
940,225.19416904449463,1.0030319004901684,0.00046002864837646484,0.00013713836669921876,0.00011487007141113282,0.782051282051282
945,226.37435388565063,0.565612648264505,0.00039827823638916016,0.00010888576507568359,0.00013408660888671874,0.7788461538461539
950,227.54119205474854,0.9758470767643302,0.00038154125213623046,0.00010323524475097656,0.00012481212615966797,0.7724358974358975
955,228.7080261707306,0.9843287981580943,0.0004218339920043945,0.00013225078582763673,0.00012140274047851562,0.7868589743589743
960,229.87524509429932,0.6325326496735215,0.000427556037902832,0.00012369155883789061,0.0001216888427734375,0.7884615384615384
965,231.04757618904114,0.6277566978707909,0.00042572021484375,0.00014078617095947266,0.00012505054473876953,0.7932692307692307
970,232.21319103240967,1.0654448335058988,0.0004068613052368164,0.00011911392211914063,0.00012693405151367187,0.7900641025641025
975,233.38671112060547,0.7865676313638688,0.00040662288665771484,0.00012009143829345703,0.0001266956329345703,0.7900641025641025
980,234.55382204055786,0.475558664847631,0.0004090309143066406,0.0001262664794921875,0.00012784004211425782,0.7916666666666666
985,235.72112011909485,0.5535065069794655,0.00039970874786376953,0.00011894702911376953,0.00012428760528564452,0.7868589743589743
990,236.8834810256958,0.4585696627764264,0.0004633426666259766,0.00013954639434814452,0.00011365413665771484,0.7964743589743589
995,238.0412459373474,0.5749735543862698,0.00042030811309814455,0.00013375282287597656,0.00012784004211425782,0.8060897435897436
1000,239.20462799072266,0.5479689498186417,0.0004555225372314453,0.0001244068145751953,0.00011396408081054688,0.8157051282051282
1005,240.3611159324646,0.2419853840023279,0.0003735065460205078,0.00010540485382080079,0.00011239051818847656,0.7996794871794872
1010,241.52308821678162,0.7303128184052184,0.00043129920959472656,0.00012834072113037108,0.00012884140014648437,0.8012820512820513
1015,242.69813203811646,1.568282572904718,0.0004308938980102539,0.00013599395751953124,0.00012331008911132814,0.8141025641025641
1020,243.88286900520325,0.6458364846650511,0.0004382133483886719,0.00013425350189208985,0.0001253843307495117,0.7868589743589743
1025,245.0636420249939,0.3226109036153503,0.0004096031188964844,0.00011928081512451172,0.00012600421905517578,0.7644230769230769
1030,246.23113107681274,0.8470992791000753,0.0004071712493896484,0.00012342929840087892,0.00012781620025634766,0.7516025641025641
1035,247.40029215812683,1.1652672594151228,0.000412440299987793,0.00012042522430419922,0.00012385845184326172,0.8108974358974359
1040,248.56870102882385,0.5802280122368757,0.0003888368606567383,0.00011420249938964844,0.00012807846069335939,0.8028846153846154
1045,249.73438215255737,0.4326914442324778,0.00043239593505859373,0.0001302003860473633,0.0001203775405883789,0.7932692307692307
1050,250.95264101028442,0.6998465649841819,0.00043418407440185545,0.0001302957534790039,0.00013048648834228515,0.780448717948718
1055,252.12281799316406,0.3877099657431245,0.0004770994186401367,0.00013773441314697267,0.00011348724365234375,0.7660256410256411
1060,253.29367017745972,0.7250110390828922,0.000450444221496582,0.00013554096221923828,0.00012695789337158203,0.7740384615384616
1065,254.4580750465393,0.7638628031127155,0.00042717456817626954,0.0001226663589477539,0.00011889934539794922,0.7868589743589743
1070,255.62847208976746,0.6836227308960815,0.0004040718078613281,0.00012030601501464844,0.00012619495391845702,0.7868589743589743
1075,256.79653000831604,0.5727004304528236,0.0004053831100463867,0.00012533664703369142,0.0001255035400390625,0.7708333333333334
1080,257.9732768535614,1.1710642754100262,0.00043773651123046875,0.00013816356658935547,0.00011515617370605469,0.7724358974358975
1085,259.1389229297638,0.4749529564520344,0.0004297494888305664,0.0001201629638671875,0.0001241922378540039,0.7740384615384616
1090,260.311527967453,0.9864033414749429,0.0003912687301635742,0.00011365413665771484,0.00012748241424560548,0.8076923076923077
1095,261.4958121776581,0.5875964727252722,0.00042765140533447267,0.0001499176025390625,0.00012102127075195313,0.8060897435897436
1100,262.65638494491577,0.7737374063581228,0.00041387081146240237,0.00012583732604980468,0.00011918544769287109,0.8044871794871795
1105,263.82201385498047,1.0116398754063993,0.0004288673400878906,0.00013487339019775392,0.0001169443130493164,0.7740384615384616
1110,264.9859700202942,0.7437472896650433,0.0004099369049072266,0.00014204978942871093,0.00011854171752929687,0.7948717948717948
1115,266.162034034729,0.4569658133899793,0.0004563331604003906,0.00014052391052246093,0.00013031959533691407,0.7996794871794872
1120,267.3335769176483,1.0319134119679803,0.0004344463348388672,0.00013971328735351562,0.00012693405151367187,0.8028846153846154
1125,268.5021779537201,0.4717002142337151,0.0004046916961669922,0.00010991096496582031,0.00012156963348388671,0.8141025641025641
1130,269.66792917251587,0.521143533977147,0.00041880607604980467,0.0001233816146850586,0.00011730194091796875,0.8157051282051282
1135,270.8383820056915,0.680072722280056,0.0004021644592285156,0.00012409687042236328,0.00012521743774414064,0.8092948717948718
1140,272.0062930583954,0.410479535011234,0.0003758668899536133,0.00011000633239746093,0.00011701583862304688,0.8157051282051282
1145,273.1673741340637,1.889534508419456,0.0003983497619628906,0.00012576580047607422,0.00011351108551025391,0.8157051282051282
1150,274.33478713035583,0.5164836971729528,0.00045626163482666017,0.00013663768768310547,0.0001165628433227539,0.8221153846153846
1155,275.5052511692047,0.9278366088867187,0.0004256486892700195,0.00011515617370605469,0.00011837482452392578,0.8189102564102564
1160,276.6776509284973,0.39374376005725936,0.0004441499710083008,0.00013318061828613282,0.00012006759643554688,0.8092948717948718
1165,277.84947299957275,0.7703683368861676,0.0004187583923339844,0.00013382434844970702,0.0001298666000366211,0.7996794871794872
1170,279.01246213912964,0.5959563287906349,0.0004284381866455078,0.00012452602386474608,0.00011811256408691406,0.7948717948717948
1175,280.23067903518677,0.4361322700511664,0.00042731761932373046,0.00012412071228027344,0.00011990070343017578,0.7996794871794872
1180,281.398873090744,0.5332920855958946,0.00039563179016113283,0.00011441707611083984,0.00011868476867675782,0.8044871794871795
1185,282.5627179145813,0.38861393249826504,0.0003996610641479492,0.00011842250823974609,0.00012314319610595703,0.7996794871794872
1190,283.7320261001587,0.3691751445643604,0.00040094852447509767,0.00012261867523193358,0.00011746883392333984,0.7964743589743589
1195,284.895024061203,0.8232130650896579,0.0004232645034790039,0.00011744499206542969,0.00011763572692871093,0.7836538461538461
1200,286.05360317230225,0.6188619211316109,0.000411534309387207,0.0001298666000366211,0.00012302398681640625,0.7932692307692307
1205,287.21322226524353,0.5928090158384294,0.00041234493255615234,0.00012946128845214844,0.00011997222900390625,0.8044871794871795
1210,288.3994970321655,0.5526973439380527,0.00041086673736572265,0.0001239776611328125,0.0001308441162109375,0.8157051282051282
1215,289.5944950580597,0.40406233034736944,0.00042278766632080077,0.00012164115905761718,0.00012743473052978516,0.8076923076923077
1220,290.78567695617676,0.5094227713658711,0.0004180431365966797,0.0001250743865966797,0.00011591911315917968,0.8108974358974359
1225,291.9622960090637,0.33640076641459016,0.00043866634368896487,0.00013701915740966798,0.00011844635009765625,0.8092948717948718
1230,293.1323790550232,0.3535572384662373,0.0004263639450073242,0.00013103485107421876,0.00012276172637939453,0.8044871794871795
1235,294.3083550930023,1.0466237115002515,0.0003996133804321289,0.00012996196746826172,0.0001233816146850586,0.8076923076923077
1240,295.48783683776855,0.7230622306466102,0.000408172607421875,0.00011491775512695312,0.0001268148422241211,0.8076923076923077
1245,296.6720690727234,0.5335549759503919,0.0003716707229614258,0.00011162757873535156,0.0001239776611328125,0.8108974358974359
1250,297.8566861152649,0.9942599261168652,0.0004614353179931641,0.00013403892517089845,0.00011775493621826171,0.8189102564102564
1255,299.0382740497589,0.2505015443117372,0.00040826797485351565,0.00011730194091796875,0.00012421607971191406,0.8125
1260,300.21011900901794,0.9789749193936587,0.0003998279571533203,0.00010714530944824218,0.00011911392211914063,0.8157051282051282
1265,301.3959901332855,0.6444294769200496,0.0004075765609741211,0.00011923313140869141,0.00012116432189941406,0.8108974358974359
1270,302.57863187789917,0.660786865465343,0.0004279851913452148,0.00012879371643066407,0.00011837482452392578,0.8012820512820513
1275,303.76124382019043,0.4157471124526637,0.00041239261627197267,0.00012636184692382812,0.00011820793151855469,0.8125
1280,304.93596482276917,0.8775324904883746,0.0004325151443481445,0.00013306140899658204,0.00011980533599853516,0.8157051282051282
1285,306.1032030582428,1.0419036228209735,0.00039823055267333983,0.0001184701919555664,0.00011794567108154297,0.8237179487179487
1290,307.280314207077,0.33186391928466036,0.0004218101501464844,0.00013132095336914061,0.00012340545654296876,0.8333333333333334
1295,308.46708607673645,0.19435117732282378,0.0003881216049194336,0.00011341571807861328,0.00011720657348632813,0.8253205128205128
1300,309.68564105033875,0.5484994296915829,0.00046193599700927734,0.00014491081237792968,0.0001225709915161133,0.8269230769230769
1305,310.86117720603943,0.22531764511950314,0.0004148244857788086,0.00012726783752441405,0.00012936592102050782,0.8221153846153846
1310,312.01542615890503,0.3197428586328897,0.000435328483581543,0.00012929439544677733,0.00011947154998779297,0.8189102564102564
1315,313.178982257843,0.41823130245321066,0.00041921138763427733,0.00011250972747802734,0.00012903213500976564,0.8189102564102564
1320,314.3372800350189,0.8833025656291283,0.0004007101058959961,0.00012159347534179688,0.00012977123260498046,0.8173076923076923
1325,315.49818897247314,0.6643297879491001,0.00043792724609375,0.00013217926025390624,0.00011980533599853516,0.8205128205128205
1330,316.65379309654236,0.8184669785783626,0.0004250764846801758,0.00013225078582763673,0.00011768341064453126,0.8092948717948718
1335,317.82402300834656,0.19109179775696247,0.00042541027069091796,0.00012423992156982422,0.00012149810791015626,0.7916666666666666
1340,318.99553418159485,1.0324021996419106,0.0004176616668701172,0.00012488365173339843,0.0001352071762084961,0.7708333333333334
1345,320.14990496635437,0.29826871886347134,0.0004014253616333008,0.00011363029479980469,0.00012595653533935546,0.7708333333333334
1350,321.31274914741516,0.5737363527578964,0.0003977298736572266,0.00011854171752929687,0.00012276172637939453,0.780448717948718
1355,322.4661691188812,1.0995285357896591,0.00041325092315673827,0.0001209259033203125,0.00012402534484863282,0.8253205128205128
1360,323.6300711631775,0.7577481726417318,0.00042655467987060545,0.00013175010681152344,0.00011551380157470703,0.8301282051282052
1365,324.79008507728577,0.42075213270727546,0.00046048164367675783,0.00013570785522460939,0.00011813640594482422,0.8269230769230769
1370,325.9568929672241,0.5424947919556871,0.00045735836029052733,0.00013375282287597656,0.00011799335479736328,0.8317307692307693
1375,327.1248610019684,0.7161081745289266,0.00045135021209716795,0.0001338958740234375,0.00011832714080810547,0.8333333333333334
1380,328.306499004364,0.41044693810399624,0.0004187345504760742,0.00012657642364501953,0.0001331329345703125,0.8333333333333334
1385,329.5147409439087,0.6877435517613776,0.00040442943572998046,0.00011942386627197265,0.00012767314910888672,0.8269230769230769
1390,330.6913959980011,0.9857829020358622,0.00042493343353271483,0.00013296604156494142,0.00012199878692626953,0.7980769230769231
1395,331.87901997566223,0.667270178507897,0.0004256486892700195,0.00012640953063964845,0.0001321077346801758,0.7708333333333334
1400,333.0539288520813,1.3846765457186847,0.00040485858917236326,0.00011267662048339844,0.00011875629425048829,0.7964743589743589
1405,334.2285089492798,0.6769506394863128,0.0003998041152954102,0.00013406276702880858,0.0001229524612426758,0.8253205128205128
1410,335.4206440448761,0.5879373324249173,0.00043463706970214844,0.00013759136199951172,0.00011789798736572266,0.8317307692307693
1415,336.60072016716003,1.0815352310208255,0.00042293071746826174,0.0001396656036376953,0.00012466907501220703,0.8349358974358975
1420,337.7784161567688,0.6131032103672623,0.0004359006881713867,0.00015056133270263672,0.00013005733489990234,0.8413461538461539
1425,339.0209138393402,0.43355318903923035,0.00042068958282470703,0.00011627674102783203,0.00012400150299072266,0.8333333333333334
1430,340.1848599910736,1.095826656522695,0.00044553279876708985,0.00014486312866210938,0.00011985301971435547,0.8413461538461539
1435,341.3558871746063,0.5009867272761767,0.00041399002075195315,0.00012617111206054689,0.00012438297271728517,0.844551282051282
1440,342.5265898704529,0.36202914044988577,0.00041713714599609373,0.00011754035949707031,0.00011606216430664063,0.844551282051282
1445,343.6981601715088,0.7233095373958349,0.00040442943572998046,0.0001201629638671875,0.00011608600616455078,0.8541666666666666
1450,344.8761558532715,0.19287372769906597,0.00039076805114746094,0.00011785030364990235,0.00012269020080566407,0.8349358974358975
1455,346.0522780418396,1.3730352622340434,0.0003881692886352539,0.00012180805206298828,0.0001186370849609375,0.842948717948718
1460,347.2193570137024,0.6790437320712954,0.0004008054733276367,0.0001260519027709961,0.00012142658233642578,0.842948717948718
1465,348.386253118515,0.28995629656710664,0.0004760980606079102,0.00012369155883789061,0.0001195669174194336,0.8285256410256411
1470,349.55608797073364,0.8289731022785418,0.0004244804382324219,0.00013189315795898439,0.0001233816146850586,0.8189102564102564
1475,350.74659609794617,0.40953452556859704,0.00042102336883544924,0.00012137889862060547,0.0001227855682373047,0.8205128205128205
1480,351.93645691871643,0.8257676694185647,0.0004361867904663086,0.00013780593872070312,0.00011966228485107421,0.8333333333333334
1485,353.106840133667,0.7266315191984176,0.00044629573822021487,0.00013010501861572267,0.00012049674987792968,0.8173076923076923
1490,354.27622389793396,0.664452443672053,0.00038909912109375,0.00011653900146484375,0.0001163482666015625,0.8125
1495,355.44942903518677,0.47815984692533675,0.0004133462905883789,0.0001201629638671875,0.00013396739959716796,0.8092948717948718
1500,356.6378118991852,0.4433748615905643,0.00037786960601806643,0.00011355876922607422,0.00012388229370117188,0.8141025641025641
1505,357.8262269496918,0.7877658362849616,0.00043408870697021485,0.00012333393096923827,0.00012369155883789061,0.8253205128205128
1510,359.0039391517639,0.40089584772940723,0.0004033327102661133,0.00012161731719970704,0.00012311935424804687,0.8253205128205128
1515,360.1834192276001,0.49788218550384045,0.00039093494415283204,0.00012006759643554688,0.00012373924255371094,0.8173076923076923
1520,361.3696918487549,0.466716340277344,0.00042862892150878905,0.0001342296600341797,0.00012340545654296876,0.8125
1525,362.5459141731262,0.47809265011455865,0.00042116641998291016,0.00012297630310058593,0.00012488365173339843,0.8173076923076923
1530,363.7246940135956,0.0910945763226664,0.0004256010055541992,0.0001249074935913086,0.00011851787567138672,0.8157051282051282
1535,364.8961021900177,0.20278214367208705,0.00044128894805908205,0.00013680458068847655,0.00012328624725341797,0.8125
1540,366.06046319007874,0.29700448914491206,0.00041544437408447266,0.00012624263763427734,0.00012640953063964845,0.8221153846153846
1545,367.22438406944275,0.26990367502439766,0.0004033088684082031,0.00012407302856445312,0.00011641979217529297,0.8301282051282052
1550,368.43403220176697,0.8159948080778122,0.00040118694305419923,0.0001235485076904297,0.00011820793151855469,0.8189102564102564
1555,369.585755109787,0.5818053085356965,0.00038275718688964846,0.00010766983032226563,0.00011699199676513672,0.8044871794871795
1560,370.74054288864136,0.49297746035736056,0.0004421234130859375,0.00013120174407958983,0.0001199483871459961,0.8205128205128205
1565,371.8966248035431,0.8321888132952153,0.00044083595275878906,0.00013277530670166015,0.00011892318725585938,0.8044871794871795
1570,373.0785479545593,0.2269653808849398,0.0003871917724609375,0.000103759765625,0.00012617111206054689,0.8012820512820513
1575,374.24014115333557,0.912675672210753,0.0003964424133300781,0.00011143684387207031,0.00012636184692382812,0.7916666666666666
1580,375.40319895744324,0.6033277834649369,0.000435638427734375,0.00013234615325927735,0.00011975765228271485,0.7964743589743589
1585,376.56740403175354,0.6392509785830043,0.00040957927703857424,0.00012459754943847657,0.00012276172637939453,0.8108974358974359
1590,377.83738803863525,0.3808919504284859,0.000442194938659668,0.00013949871063232422,0.00015423297882080078,0.8125
1595,379.03536319732666,0.9127381622791291,0.00039632320404052733,0.00011644363403320312,0.00012989044189453124,0.8173076923076923
1600,380.1981921195984,0.5138705399353057,0.00041379928588867185,0.00012345314025878905,0.00011856555938720703,0.8365384615384616
1605,381.3702800273895,0.3401222322368994,0.0003955602645874023,0.00012423992156982422,0.00013217926025390624,0.8413461538461539
1610,382.5350799560547,0.5680705972306896,0.00043621063232421873,0.00012640953063964845,0.00012633800506591796,0.8461538461538461
1615,383.69889211654663,0.3799622113117948,0.00043053627014160155,0.00013175010681152344,0.0001308441162109375,0.8397435897435898
1620,384.8555362224579,0.23576710290973324,0.0004206418991088867,0.00013158321380615234,0.00011782646179199218,0.8349358974358975
1625,386.0093472003937,0.7479109328662161,0.0004480838775634766,0.00012564659118652344,0.00012335777282714843,0.8381410256410257
1630,387.16492795944214,0.42765416188922245,0.0003938198089599609,0.00011391639709472657,0.00012142658233642578,0.8349358974358975
1635,388.32267117500305,0.42896343767642975,0.0004287242889404297,0.00012402534484863282,0.00011980533599853516,0.8349358974358975
1640,389.481409072876,1.1072931188624353,0.000431060791015625,0.00013909339904785156,0.00012054443359375,0.842948717948718
1645,390.641224861145,0.47525915875303326,0.0004293203353881836,0.00013000965118408202,0.00012137889862060547,0.7355769230769231
1650,391.7933461666107,0.4733747704005623,0.00042018890380859377,0.00012471675872802735,0.00012156963348388671,0.7483974358974359
1655,392.95132207870483,0.5963806093164749,0.00039501190185546874,0.00011370182037353515,0.0001150369644165039,0.7612179487179487
1660,394.1209599971771,0.7267156752624487,0.0004080057144165039,0.00012216567993164062,0.00012311935424804687,0.7612179487179487
1665,395.2785789966583,0.5662676303269109,0.00040519237518310547,0.00011582374572753907,0.0001176595687866211,0.7243589743589743
1670,396.43663907051086,0.6277849640780004,0.0004216670989990234,0.00012805461883544922,0.00011785030364990235,0.7612179487179487
1675,397.6493740081787,0.44119191450590733,0.0004438638687133789,0.0001379251480102539,0.00012464523315429686,0.7996794871794872
1680,398.81695890426636,0.3377988266758621,0.00048573017120361327,0.00013701915740966798,0.00011453628540039062,0.8237179487179487
1685,399.97859501838684,0.4076936261029914,0.00042574405670166017,0.00012583732604980468,0.00012106895446777344,0.8397435897435898
1690,401.14017701148987,0.7986749347299338,0.00042874813079833983,0.00012767314910888672,0.00012171268463134766,0.8397435897435898
1695,402.3070640563965,0.5324975072820962,0.00040569305419921873,0.0001207113265991211,0.00012450218200683595,0.8397435897435898
1700,403.48186588287354,0.7476842433214188,0.0004201650619506836,0.00013091564178466797,0.00011532306671142578,0.8381410256410257
1705,404.6727759838104,0.8806022871285677,0.00043675899505615237,0.00013215541839599608,0.00013573169708251952,0.8269230769230769
1710,405.84644293785095,1.2247621789574623,0.00041413307189941406,0.00012011528015136719,0.00011718273162841797,0.8157051282051282
1715,407.00980615615845,0.5553634852112737,0.00040602684020996094,0.00011894702911376953,0.0001254558563232422,0.8141025641025641
1720,408.1745390892029,0.7413050331175327,0.00040967464447021483,0.00014162063598632812,0.0001207590103149414,0.8173076923076923
1725,409.347225189209,0.8487418717355467,0.0004248857498168945,0.00014142990112304689,0.00012373924255371094,0.8237179487179487
1730,410.5153751373291,0.6276659911964089,0.0004215717315673828,0.00012960433959960938,0.00012996196746826172,0.8028846153846154
1735,411.6908931732178,0.5177997034043074,0.00042531490325927737,0.000139617919921875,0.00012633800506591796,0.8173076923076923
1740,412.87721610069275,0.906559973689582,0.00045473575592041015,0.00014529228210449218,0.00013265609741210937,0.8092948717948718
1745,414.05926990509033,0.6225168526143534,0.0004239797592163086,0.0001266956329345703,0.00011792182922363282,0.7916666666666666
1750,415.25713992118835,0.6275628272735048,0.00042834281921386717,0.0001188516616821289,0.0001333475112915039,0.7980769230769231
1755,416.4304859638214,0.5947809137243893,0.0003870487213134766,0.0001130819320678711,0.00013358592987060546,0.8141025641025641
1760,417.5987341403961,0.4831302841206707,0.0004256486892700195,0.00013458728790283203,0.00011851787567138672,0.8301282051282052
1765,418.7792570590973,1.2863821558709787,0.00036628246307373046,0.00011010169982910157,0.0001249074935913086,0.8413461538461539
1770,419.9501922130585,1.2035238870717877,0.00038874149322509766,0.00011990070343017578,0.00012824535369873046,0.842948717948718
1775,421.1233899593353,0.46039758529514074,0.000502324104309082,0.00014102458953857422,0.00011851787567138672,0.8493589743589743
1780,422.30442690849304,0.5095757184782996,0.0004045248031616211,0.00012340545654296876,0.00011808872222900391,0.8525641025641025
1785,423.47697401046753,0.5449890524958392,0.00042030811309814455,0.00011789798736572266,0.00013170242309570312,0.8461538461538461
1790,424.64613103866577,0.6201417974196375,0.00042307376861572266,0.00013701915740966798,0.00011684894561767579,0.8365384615384616
1795,425.8208718299866,0.8495248779654503,0.00043714046478271484,0.00012574195861816406,0.0001251220703125,0.8333333333333334
1800,427.04922699928284,0.5855985289788805,0.00040881633758544923,0.00011746883392333984,0.00011851787567138672,0.8333333333333334
1805,428.2346911430359,0.5574118547650869,0.00040750503540039064,0.00011947154998779297,0.00012438297271728517,0.8333333333333334
1810,429.4056661128998,0.4340138761559501,0.00038869380950927733,0.00011460781097412109,0.00011935234069824219,0.8349358974358975
1815,430.57432198524475,0.45271162603603443,0.0004287242889404297,0.00013015270233154296,0.00013017654418945312,0.844551282051282
1820,431.7423632144928,0.49378299043746665,0.00040516853332519533,0.00011401176452636718,0.00012362003326416016,0.8493589743589743
1825,432.91349601745605,0.3961827256716788,0.0004122495651245117,0.00013408660888671874,0.00012617111206054689,0.844551282051282
1830,434.0770890712738,0.7660369439981878,0.0004149436950683594,0.00012595653533935546,0.00011758804321289062,0.8397435897435898
1835,435.24433994293213,0.5343195500900038,0.00039925575256347654,0.00011756420135498047,0.00011222362518310547,0.8413461538461539
1840,436.40613293647766,0.2051315679797426,0.0004389762878417969,0.0001307249069213867,0.0001161336898803711,0.8365384615384616
1845,437.57343196868896,0.269724069066001,0.00041663646697998047,0.0001262664794921875,0.00011990070343017578,0.8253205128205128
1850,438.7385139465332,0.3136606121938712,0.0004398584365844727,0.0001396656036376953,0.00011429786682128906,0.8237179487179487
1855,439.90590596199036,0.13519506510283463,0.00042407512664794923,0.00012352466583251954,0.00012106895446777344,0.8205128205128205
1860,441.0878689289093,0.39997679642401635,0.000385737419128418,0.0001256704330444336,0.00012526512145996093,0.8189102564102564
1865,442.2602729797363,0.8698699226908502,0.0004006862640380859,0.00011208057403564454,0.00011935234069824219,0.8205128205128205
1870,443.42537021636963,0.3412169240884054,0.00041353702545166016,0.0001201629638671875,0.00011725425720214844,0.8317307692307693
1875,444.58781599998474,0.6684311169500802,0.0004420280456542969,0.0001382112503051758,0.00012106895446777344,0.8413461538461539
1880,445.75084018707275,0.45595019217580557,0.0004124641418457031,0.00010843276977539063,0.00011842250823974609,0.8301282051282052
1885,446.9184489250183,0.7164603166853339,0.00037946701049804685,0.00010592937469482422,0.00013556480407714844,0.8221153846153846
1890,448.0932631492615,0.562686061943532,0.00042192935943603517,0.00012798309326171874,0.00012488365173339843,0.8189102564102564
1895,449.2567639350891,0.404682860407047,0.0004270792007446289,0.0001263856887817383,0.00012617111206054689,0.8108974358974359
1900,450.4166650772095,0.6541845812171232,0.0004189014434814453,0.00013360977172851562,0.00011997222900390625,0.8141025641025641
1905,451.5806760787964,0.7744471221107233,0.0004241466522216797,0.0001251697540283203,0.00012373924255371094,0.8125
1910,452.7573628425598,0.5995561105199159,0.0003905296325683594,0.00011599063873291016,0.00011730194091796875,0.8060897435897436
1915,453.95990920066833,0.24208291367122,0.0004162788391113281,0.00013132095336914061,0.00012643337249755858,0.8044871794871795
1920,455.14283204078674,0.22557077976011897,0.0004011392593383789,0.00011782646179199218,0.00012831687927246095,0.8076923076923077
1925,456.3713929653168,0.5417244160547853,0.00045785903930664065,0.0001382589340209961,0.00012431144714355468,0.8173076923076923
1930,457.5607941150665,0.2222808526705194,0.0004204988479614258,0.00013353824615478516,0.00012176036834716797,0.8221153846153846
1935,458.72280502319336,0.7850123778625872,0.00043964385986328125,0.00012555122375488282,0.00012180805206298828,0.8333333333333334
1940,459.8892750740051,0.39905170339757207,0.0003926277160644531,0.0001064300537109375,0.00012738704681396483,0.8509615384615384
1945,461.05969619750977,0.5233486894518137,0.0004197835922241211,0.0001249551773071289,0.00013229846954345703,0.8237179487179487
1950,462.2487428188324,0.5658639599787421,0.0004385471343994141,0.0001355886459350586,0.00011460781097412109,0.8141025641025641
1955,463.41659116744995,0.8430008811776133,0.0004391193389892578,0.00013773441314697267,0.00011715888977050781,0.8365384615384616
1960,464.57917404174805,0.241214749077335,0.00040869712829589845,0.00011763572692871093,0.00012247562408447267,0.8141025641025641
1965,465.7450830936432,0.9307581913599335,0.0004032135009765625,0.00011954307556152343,0.00013740062713623046,0.8205128205128205
1970,466.92158007621765,0.31334454647408166,0.0004033327102661133,0.00011463165283203125,0.00012655258178710936,0.8365384615384616
1975,468.0937030315399,0.7220205625773815,0.0004017353057861328,0.00011942386627197265,0.0001262664794921875,0.8205128205128205
1980,469.26626992225647,0.5164393748680596,0.00043549537658691404,0.0001308441162109375,0.0001282930374145508,0.8205128205128205
1985,470.45918321609497,0.6146459737792611,0.0004218578338623047,0.0001343965530395508,0.00012781620025634766,0.8221153846153846
1990,471.6492030620575,0.4024590554647148,0.0004743337631225586,0.00013463497161865235,0.00012950897216796876,0.8301282051282052
1995,472.8198490142822,0.6048777745569168,0.00045070648193359377,0.00013625621795654297,0.00012645721435546874,0.8317307692307693
2000,474.1411190032959,0.60568496978849,0.000427699089050293,0.00012292861938476563,0.0001318216323852539,0.8333333333333334
2005,475.27064299583435,0.3528296306263655,0.0004172563552856445,0.00012271404266357423,0.00011909008026123047,0.8237179487179487
2010,476.3938341140747,0.5950007254257799,0.0004107952117919922,0.00012390613555908204,0.00012831687927246095,0.8365384615384616
2015,477.51920890808105,1.1234503225503432,0.0004424571990966797,0.00014359951019287108,0.00011138916015625,0.844551282051282
2020,478.6374011039734,0.891182292997837,0.0004180192947387695,0.00011761188507080078,0.00011661052703857422,0.8125
2025,479.7592489719391,0.6653966469690203,0.00040416717529296876,0.0001176595687866211,0.00011992454528808594,0.8189102564102564
2030,480.87986397743225,0.40044037213010597,0.0004082918167114258,0.00013477802276611327,0.00012087821960449219,0.8493589743589743
2035,482.00530791282654,1.0296117452904583,0.00042273998260498045,0.00013611316680908203,0.00011878013610839843,0.8413461538461539
2040,483.1315839290619,1.052060524141416,0.0004254579544067383,0.00013418197631835936,0.00011699199676513672,0.8269230769230769
2045,484.25270199775696,0.5643424486275762,0.00042536258697509763,0.0001483440399169922,0.00011479854583740234,0.8317307692307693
2050,485.4194219112396,0.3510100858286023,0.00044143199920654297,0.0001268148422241211,0.00012273788452148436,0.8413461538461539
2055,486.54427003860474,0.6178045581275455,0.0004358053207397461,0.00014641284942626954,0.00012187957763671875,0.8285256410256411
2060,487.6653950214386,0.5535607996545877,0.0004073143005371094,0.00011343955993652344,0.00011496543884277343,0.8461538461538461
2065,488.78714299201965,0.5350231547730857,0.00042591094970703127,0.0001264810562133789,0.00011944770812988281,0.8509615384615384
2070,489.9148437976837,0.5078844109550118,0.0003923654556274414,0.00011718273162841797,0.00012629032135009767,0.8557692307692307
2075,491.0345530509949,0.353872810846201,0.00037746429443359376,0.00010833740234375,0.00012102127075195313,0.8525641025641025
2080,492.15270614624023,1.162416240297354,0.00040755271911621096,0.00013191699981689452,0.00011816024780273438,0.8573717948717948
2085,493.27083587646484,0.36937013438437133,0.0004167795181274414,0.00012753009796142578,0.00011754035949707031,0.8557692307692307
2090,494.3880240917206,0.4161598736027372,0.0004602193832397461,0.00012040138244628906,0.00012285709381103515,0.8541666666666666
2095,495.5061299800873,0.7188046406306967,0.00043747425079345705,0.00013256072998046875,0.0001163482666015625,0.8557692307692307
2100,496.6311950683594,0.4397617635266215,0.0004148006439208984,0.0001292705535888672,0.00012269020080566407,0.8589743589743589
2105,497.7646851539612,0.7962624139152468,0.00042409896850585936,0.00012662410736083985,0.00011172294616699219,0.8525641025641025
2110,498.89962697029114,0.22159517184154537,0.0004479646682739258,0.00013086795806884765,0.00011529922485351563,0.8493589743589743
2115,500.02654218673706,0.6516448435839266,0.00039606094360351564,0.00011651515960693359,0.00011360645294189453,0.8477564102564102
2120,501.1560010910034,0.4700206563342363,0.00040004253387451174,0.00011925697326660156,0.00012431144714355468,0.8477564102564102
2125,502.2785370349884,0.4372870685096132,0.000384974479675293,0.00011160373687744141,0.00011491775512695312,0.8557692307692307
2130,503.39207696914673,1.0122174948453904,0.00043408870697021485,0.00012333393096923827,0.00010945796966552735,0.8637820512820513
2135,504.5257341861725,0.37333323573693633,0.00040030479431152344,0.00012235641479492189,0.00011789798736572266,0.8525641025641025
2140,505.6477282047272,0.2837261871434748,0.00039913654327392576,0.00012857913970947265,0.00012171268463134766,0.8541666666666666
2145,506.7641689777374,0.336273309601529,0.00042774677276611326,0.00012969970703125,0.00011544227600097656,0.8461538461538461
2150,507.87300300598145,0.5890599835964622,0.00041806697845458984,0.0001201629638671875,0.00011172294616699219,0.8557692307692307
2155,508.98804998397827,0.08707080972963013,0.0004272937774658203,0.00012774467468261718,0.00012352466583251954,0.8637820512820513
2160,510.100378036499,0.42724446635409097,0.00044128894805908205,0.00013680458068847655,0.00011610984802246094,0.8557692307692307
2165,511.21917486190796,0.3563901204161084,0.000419926643371582,0.00013074874877929687,0.00013597011566162108,0.8493589743589743
2170,512.338919878006,0.41162024941977504,0.00038831233978271485,0.0001161336898803711,0.00012438297271728517,0.8461538461538461
2175,513.5224599838257,0.7081484077225468,0.000408482551574707,0.0001244068145751953,0.0001356363296508789,0.8477564102564102
2180,514.6548118591309,0.34065353088080885,0.00039238929748535155,0.00011732578277587891,0.00011951923370361328,0.8477564102564102
2185,515.7712559700012,1.0165052995160635,0.00043890476226806643,0.00012657642364501953,0.00012884140014648437,0.8477564102564102
2190,516.8954141139984,0.38717707088108,0.0004307746887207031,0.00012600421905517578,0.00011599063873291016,0.8477564102564102
2195,518.0259470939636,0.7117224984802306,0.0003971576690673828,0.00010697841644287109,0.0001263856887817383,0.8349358974358975
2200,519.1652522087097,0.7712928302164073,0.0003904581069946289,0.00010778903961181641,0.00013201236724853517,0.8237179487179487
2205,520.3071701526642,0.6402767282408603,0.0004310131072998047,0.00013589859008789062,0.00012688636779785157,0.8269230769230769
2210,521.4348111152649,0.5581325172446668,0.0004123687744140625,0.00012412071228027344,0.00012142658233642578,0.8365384615384616
2215,522.5657730102539,0.5977738979165224,0.0004359245300292969,0.00013506412506103516,0.00011918544769287109,0.8349358974358975
2220,523.6893649101257,1.2587908041663467,0.00039713382720947267,0.00011751651763916015,0.00012845993041992186,0.8381410256410257
2225,524.8169701099396,0.5511087427106759,0.0004263162612915039,0.00013787746429443358,0.00012023448944091797,0.8413461538461539
2230,525.9448239803314,0.5327880338882096,0.0003951311111450195,0.00011250972747802734,0.00012733936309814454,0.844551282051282
2235,527.0792801380157,0.3778361107222736,0.00045092105865478515,0.0001432180404663086,0.00011811256408691406,0.8381410256410257
2240,528.2131729125977,0.17975864668842406,0.00041780471801757815,0.00011928081512451172,0.00010924339294433593,0.8349358974358975
2245,529.3414311408997,0.4490998312307056,0.0004084587097167969,0.00013380050659179689,0.0001176595687866211,0.8317307692307693
2250,530.4694800376892,0.7022151412980747,0.0004453897476196289,0.00011532306671142578,0.00012121200561523437,0.8413461538461539
2255,531.6005110740662,0.40684800354065376,0.0003991127014160156,0.00012056827545166015,0.00012054443359375,0.8461538461538461
2260,532.7265689373016,0.2917100435628527,0.0004419088363647461,0.00012989044189453124,0.00011453628540039062,0.8477564102564102
2265,533.8566699028015,0.7806126973358914,0.0004192829132080078,0.00013024806976318358,0.0001184701919555664,0.8589743589743589
2270,534.9858810901642,0.12179270406450086,0.00043811798095703123,0.00013091564178466797,0.00010728836059570312,0.8541666666666666
2275,536.1052842140198,0.4519415071910771,0.00041556358337402344,0.00012640953063964845,0.000121307373046875,0.8589743589743589
2280,537.2342140674591,0.4244913909823026,0.00040781497955322266,0.00011682510375976562,0.00011298656463623046,0.844551282051282
2285,538.3576860427856,0.4795990990152859,0.00038962364196777345,0.00011718273162841797,0.00012209415435791016,0.844551282051282
2290,539.471941947937,0.7328568256052677,0.00040776729583740233,0.00011560916900634765,0.00011947154998779297,0.8461538461538461
2295,540.5944709777832,0.36943072610301897,0.00044007301330566405,0.00013487339019775392,0.00012619495391845702,0.8541666666666666
2300,541.7696859836578,0.30254338424620075,0.0004326820373535156,0.00013523101806640626,0.00011806488037109375,0.8589743589743589
2305,542.892991065979,0.40785093861829863,0.0004740238189697266,0.0001283884048461914,0.00011801719665527344,0.8653846153846154
2310,544.0155220031738,0.4850486161070876,0.000423741340637207,0.00012652873992919923,0.0001199483871459961,0.8685897435897436
2315,545.130853176117,0.7879808112047613,0.00044596195220947266,0.00013794898986816407,0.00012922286987304688,0.8573717948717948
2320,546.2498869895935,0.19645763228327268,0.0003875255584716797,0.000112152099609375,0.00012090206146240235,0.8253205128205128
2325,547.3724150657654,0.6170232463628054,0.0004466056823730469,0.0001403331756591797,0.0001249074935913086,0.7996794871794872
2330,548.4894561767578,0.8110550900688395,0.0004231691360473633,0.00012843608856201173,0.00012476444244384765,0.7964743589743589
2335,549.6096260547638,0.6398193519562483,0.00040605068206787107,0.00011458396911621094,0.0001163482666015625,0.8189102564102564
2340,550.7456891536713,0.6128477489517536,0.00039272308349609376,0.00011532306671142578,0.00011630058288574219,0.8573717948717948
2345,551.8714120388031,0.8052768472582101,0.00043306350708007815,0.00015380382537841797,0.00011601448059082032,0.8701923076923077
2350,552.9960949420929,1.3688349008210934,0.00042688846588134766,0.00013971328735351562,0.00011696815490722657,0.8685897435897436
2355,554.1219489574432,0.3698602532036602,0.00043637752532958983,0.0001313924789428711,0.0001138448715209961,0.8685897435897436
2360,555.2566421031952,0.5937358260438487,0.00039622783660888674,0.0001286745071411133,0.00012509822845458985,0.8605769230769231
2365,556.4096519947052,0.5846197131206281,0.00046591758728027345,0.00014851093292236328,0.0001268625259399414,0.8541666666666666
2370,557.5511989593506,0.9601888691890054,0.00043070316314697266,0.0001287221908569336,0.00012464523315429686,0.8589743589743589
2375,558.7084548473358,0.4974437397906513,0.00041823387145996095,0.00011963844299316407,0.000128173828125,0.8653846153846154
2380,559.8672871589661,0.6481791484169662,0.0003898382186889648,0.00011439323425292969,0.00012087821960449219,0.8766025641025641
2385,561.0078451633453,0.35152554325050006,0.00040395259857177733,0.00012593269348144532,0.0001222372055053711,0.8830128205128205
2390,562.1728949546814,0.427173762852911,0.0003736734390258789,0.00011222362518310547,0.00011982917785644532,0.8814102564102564
2395,563.3292469978333,0.5148907188209705,0.0003891468048095703,0.0001235485076904297,0.00012812614440917968,0.8814102564102564
2400,564.4701471328735,0.3148280193679966,0.0005022525787353515,0.00013577938079833984,0.00012035369873046875,0.8733974358974359
2405,565.6066429615021,0.5430421119672246,0.0004130125045776367,0.00012559890747070311,0.00013265609741210937,0.8637820512820513
2410,566.7381310462952,0.5552319191330752,0.0004279851913452148,0.00012505054473876953,0.00011627674102783203,0.8589743589743589
2415,567.872545003891,0.6398242355324328,0.00041348934173583983,0.00013244152069091797,0.00012047290802001953,0.8637820512820513
2420,569.0127220153809,0.5551788955926895,0.0004435300827026367,0.00012767314910888672,0.00012559890747070311,0.8557692307692307
2425,570.194885969162,0.4268511862554078,0.00040881633758544923,0.00011746883392333984,0.00012209415435791016,0.8541666666666666
2430,571.3243110179901,0.35305592368822547,0.00041942596435546876,0.00012614727020263672,0.00012600421905517578,0.8493589743589743
2435,572.4766058921814,0.49647260662168263,0.00037305355072021485,0.0001111745834350586,0.0001201629638671875,0.844551282051282
2440,573.6802291870117,0.7495983246080868,0.00044226646423339844,0.00012662410736083985,0.00011768341064453126,0.8509615384615384
2445,574.8159868717194,0.5025798063725233,0.0003963470458984375,0.00012023448944091797,0.00012722015380859376,0.8573717948717948
2450,575.9428548812866,0.31529682504333323,0.0004046440124511719,0.00012593269348144532,0.00012183189392089844,0.8541666666666666
2455,577.0732228755951,0.3474624047987163,0.000423431396484375,0.00013158321380615234,0.00012235641479492189,0.8573717948717948
2460,578.2013959884644,0.30307481830844835,0.00039925575256347654,0.00011467933654785156,0.00012178421020507813,0.875
2465,579.3328969478607,0.12149906834147259,0.00043418407440185545,0.00012998580932617189,0.00012128353118896484,0.8846153846153846
2470,580.458801984787,0.9413462173746666,0.00043668746948242185,0.00013589859008789062,0.00011768341064453126,0.875
2475,581.5841448307037,0.4466734685942356,0.00041823387145996095,0.00012574195861816406,0.00012471675872802735,0.8717948717948718
2480,582.7150058746338,0.17416504431748764,0.00040748119354248045,0.00011997222900390625,0.00012247562408447267,0.8573717948717948
2485,583.8421239852905,0.41066729128360746,0.0003986358642578125,0.00012943744659423828,0.00012164115905761718,0.8509615384615384
2490,584.9689898490906,0.4829319863776618,0.00040438175201416013,0.00011186599731445312,0.0001111745834350586,0.8541666666666666
2495,586.09690284729,0.31053635464195395,0.0004093170166015625,0.00012383460998535156,0.00011539459228515625,0.8557692307692307
2500,587.2177631855011,0.6660675746155903,0.00046002864837646484,0.00013713836669921876,0.00011420249938964844,0.8573717948717948
2505,588.3383100032806,0.38272805021479145,0.00039827823638916016,0.00010888576507568359,0.00011057853698730469,0.8621794871794872
2510,589.4673111438751,0.5338689888827503,0.00038154125213623046,0.00010323524475097656,0.00012011528015136719,0.8685897435897436
2515,590.593828201294,0.18730641768743225,0.0004218339920043945,0.00013225078582763673,0.0001257181167602539,0.8701923076923077
2520,591.7203531265259,0.4708892567548901,0.000427556037902832,0.00012369155883789061,0.00012118816375732422,0.8701923076923077
2525,592.8544418811798,0.3075019189942395,0.00042572021484375,0.00014078617095947266,0.00011930465698242187,0.8782051282051282
2530,593.9883470535278,0.8526350339176133,0.0004068613052368164,0.00011911392211914063,0.00012385845184326172,0.8798076923076923
2535,595.1251630783081,0.3015211957041174,0.00040662288665771484,0.00012009143829345703,0.000115966796875,0.8942307692307693
2540,596.2484359741211,0.28084964346962804,0.0004090309143066406,0.0001262664794921875,0.0001235485076904297,0.8926282051282052
2545,597.3704309463501,0.19616088001057505,0.00039970874786376953,0.00011894702911376953,0.0001264810562133789,0.8942307692307693
2550,598.5472221374512,0.46851614775368944,0.0004633426666259766,0.00013954639434814452,0.00011999607086181641,0.8878205128205128
2555,599.6836862564087,0.3507046760074445,0.00042030811309814455,0.00013375282287597656,0.00012090206146240235,0.8717948717948718
2560,600.8140211105347,0.636452362455384,0.0004555225372314453,0.0001244068145751953,0.00011680126190185546,0.8798076923076923
2565,601.9294080734253,0.09647174066994921,0.0003735065460205078,0.00010540485382080079,0.00011565685272216797,0.8894230769230769
2570,603.0462710857391,0.5216622729145456,0.00043129920959472656,0.00012834072113037108,0.00012080669403076172,0.8894230769230769
2575,604.1506729125977,0.5929901107447222,0.0004308938980102539,0.00013599395751953124,0.00012032985687255859,0.8974358974358975
2580,605.2475440502167,0.27940424242989936,0.0004382133483886719,0.00013425350189208985,0.00012187957763671875,0.8942307692307693
2585,606.3556821346283,0.13356955162005307,0.0004096031188964844,0.00011928081512451172,0.0001157522201538086,0.8814102564102564
2590,607.480504989624,0.5284990079474028,0.0004071712493896484,0.00012342929840087892,0.00012218952178955078,0.8525641025641025
2595,608.597109079361,0.43966887138776656,0.000412440299987793,0.00012042522430419922,0.00011427402496337891,0.8782051282051282
2600,609.7135119438171,0.43032455097418276,0.0003888368606567383,0.00011420249938964844,0.00012311935424804687,0.8605769230769231
2605,610.8214242458344,0.20370732708834396,0.00043239593505859373,0.0001302003860473633,0.00012218952178955078,0.8589743589743589
2610,611.9424760341644,0.2624410760147839,0.00043418407440185545,0.0001302957534790039,0.000118255615234375,0.8605769230769231
2615,613.0590031147003,0.4043413757963208,0.0004770994186401367,0.00013773441314697267,0.0001190185546875,0.8910256410256411
2620,614.1726410388947,0.25295905473667657,0.000450444221496582,0.00013554096221923828,0.00012452602386474608,0.8846153846153846
2625,615.2835688591003,0.9571818473549001,0.00042717456817626954,0.0001226663589477539,0.00012280941009521485,0.8862179487179487
2630,616.4016630649567,0.46463117018038247,0.0004040718078613281,0.00012030601501464844,0.00012607574462890624,0.8733974358974359
2635,617.5216388702393,0.8782011157803936,0.0004053831100463867,0.00012533664703369142,0.00012042522430419922,0.8878205128205128
2640,618.6315689086914,0.9447341442108155,0.00043773651123046875,0.00013816356658935547,0.00011768341064453126,0.8894230769230769
2645,619.7467231750488,0.8694852648404776,0.0004297494888305664,0.0001201629638671875,0.00011932849884033203,0.8605769230769231
2650,620.8590168952942,0.7003645287826658,0.0003912687301635742,0.00011365413665771484,0.0001230001449584961,0.8862179487179487
2655,621.9746029376984,0.5394177105277776,0.00042765140533447267,0.0001499176025390625,0.00012001991271972656,0.8701923076923077
2660,623.0793809890747,0.5563021198904607,0.00041387081146240237,0.00012583732604980468,0.00012254714965820312,0.8557692307692307
2665,624.1994948387146,0.7891826793589644,0.0004288673400878906,0.00013487339019775392,0.00011377334594726562,0.8653846153846154
2670,625.2981259822845,0.48949362186049256,0.0004099369049072266,0.00014204978942871093,0.00011014938354492188,0.8701923076923077
2675,626.4593050479889,0.8456949012662562,0.0004563331604003906,0.00014052391052246093,0.00011928081512451172,0.8814102564102564
2680,627.5773189067841,0.583222568064258,0.0004344463348388672,0.00013971328735351562,0.00012595653533935546,0.8814102564102564
2685,628.6903450489044,0.39432454979705656,0.0004046916961669922,0.00010991096496582031,0.00012280941009521485,0.8846153846153846
2690,629.8012111186981,0.5870999393519043,0.00041880607604980467,0.0001233816146850586,0.00011184215545654297,0.8910256410256411
2695,630.9271500110626,0.1290796868503122,0.0004021644592285156,0.00012409687042236328,0.00012395381927490234,0.8926282051282052
2700,632.037516117096,0.47579893544319274,0.0003758668899536133,0.00011000633239746093,0.00012786388397216796,0.8846153846153846
2705,633.1420469284058,1.0058971433667465,0.0003983497619628906,0.00012576580047607422,0.00011868476867675782,0.8846153846153846
2710,634.2600560188293,0.6864179563708603,0.00045626163482666017,0.00013663768768310547,0.00011861324310302734,0.8782051282051282
2715,635.3612110614777,0.3081159840658074,0.0004256486892700195,0.00011515617370605469,0.00011572837829589843,0.8589743589743589
2720,636.47589802742,0.39127850145050613,0.0004441499710083008,0.00013318061828613282,0.00011303424835205079,0.8493589743589743
2725,637.5997700691223,1.6824970414862208,0.0004187583923339844,0.00013382434844970702,0.00011136531829833985,0.8141025641025641
2730,638.719749212265,0.4146451339125633,0.0004284381866455078,0.00012452602386474608,0.00012307167053222657,0.8541666666666666
2735,639.8336608409882,0.8339069011230095,0.00042731761932373046,0.00012412071228027344,0.00011808872222900391,0.8685897435897436
2740,640.9597098827362,0.458794879168272,0.00039563179016113283,0.00011441707611083984,0.0001392364501953125,0.8589743589743589
2745,642.1347498893738,0.5401840444814298,0.0003996610641479492,0.00011842250823974609,0.00014750957489013673,0.8621794871794872
2750,643.2654030323029,0.3669780528289266,0.00040094852447509767,0.00012261867523193358,0.0001356363296508789,0.8605769230769231
2755,644.3991549015045,0.8373422933742404,0.0004232645034790039,0.00011744499206542969,0.0001232624053955078,0.8573717948717948
2760,645.547868013382,0.6919984876643867,0.000411534309387207,0.0001298666000366211,0.00011737346649169922,0.8605769230769231
2765,646.6911799907684,0.47164473752491176,0.00041234493255615234,0.00012946128845214844,0.00012378692626953126,0.8621794871794872
2770,647.8228089809418,0.4975139901624061,0.00041086673736572265,0.0001239776611328125,0.00012533664703369142,0.8621794871794872
2775,648.9590630531311,0.2807826125004794,0.00042278766632080077,0.00012164115905761718,0.00012094974517822266,0.8605769230769231
2780,650.0902562141418,0.17070759111120423,0.0004180431365966797,0.0001250743865966797,0.0001234769821166992,0.8605769230769231
2785,651.2224290370941,0.31181443583918733,0.00043866634368896487,0.00013701915740966798,0.00011768341064453126,0.8589743589743589
2790,652.358412027359,0.3213812861707993,0.0004263639450073242,0.00013103485107421876,0.00012254714965820312,0.8621794871794872
2795,653.4844369888306,0.26492414200329223,0.0003996133804321289,0.00012996196746826172,0.00011918544769287109,0.8685897435897436
2800,654.6587660312653,0.6117195367813111,0.000408172607421875,0.00011491775512695312,0.0001229524612426758,0.8653846153846154
2805,655.7751491069794,0.6885366514329917,0.0003716707229614258,0.00011162757873535156,0.00012640953063964845,0.8701923076923077
2810,656.9236431121826,0.6249120684282389,0.0004614353179931641,0.00013403892517089845,0.00011985301971435547,0.8685897435897436
2815,658.0317208766937,0.21802240167107811,0.00040826797485351565,0.00011730194091796875,0.00011284351348876953,0.8669871794871795
2820,659.14781498909,0.4169058107567253,0.0003998279571533203,0.00010714530944824218,0.00011494159698486329,0.8669871794871795
2825,660.2701461315155,0.3847980243424217,0.0004075765609741211,0.00011923313140869141,0.00012230873107910156,0.8701923076923077
2830,661.3880460262299,0.3052772951174404,0.0004279851913452148,0.00012879371643066407,0.00012164115905761718,0.8766025641025641
2835,662.5067901611328,0.29319721814244987,0.00041239261627197267,0.00012636184692382812,0.0001263141632080078,0.8701923076923077
2840,663.6248860359192,0.5047158096684143,0.0004325151443481445,0.00013306140899658204,0.00012578964233398438,0.875
2845,664.7485399246216,0.8166495568540995,0.00039823055267333983,0.0001184701919555664,0.0001238107681274414,0.8862179487179487
2850,665.8794190883636,0.24555260930374062,0.0004218101501464844,0.00013132095336914061,0.00011982917785644532,0.8974358974358975
2855,667.0121779441833,0.42746863402871893,0.0003881216049194336,0.00011341571807861328,0.00012123584747314453,0.8701923076923077
2860,668.1451761722565,0.4412469927221537,0.00046193599700927734,0.00014491081237792968,0.00012462139129638673,0.8621794871794872
2865,669.276985168457,0.17504011293349322,0.0004148244857788086,0.00012726783752441405,0.0001251697540283203,0.8669871794871795
2870,670.4138610363007,0.3929550990132157,0.000435328483581543,0.00012929439544677733,0.00012156963348388671,0.8846153846153846
2875,671.539703130722,0.143880643742159,0.00041921138763427733,0.00011250972747802734,0.00012462139129638673,0.8990384615384616
2880,672.638247013092,0.43941851370036744,0.0004007101058959961,0.00012159347534179688,0.0001176595687866211,0.8958333333333334
2885,673.7542951107025,0.20650593163090888,0.00043792724609375,0.00013217926025390624,0.00012156963348388671,0.8766025641025641
2890,674.8632681369781,0.4474696318851784,0.0004250764846801758,0.00013225078582763673,0.00012335777282714843,0.8477564102564102
2895,675.9725029468536,0.3582401293766452,0.00042541027069091796,0.00012423992156982422,0.00012097358703613281,0.8205128205128205
2900,677.0830929279327,0.7662419854867949,0.0004176616668701172,0.00012488365173339843,0.0001142263412475586,0.8157051282051282
2905,678.1810009479523,0.4107142094577284,0.0004014253616333008,0.00011363029479980469,0.00011370182037353515,0.8141025641025641
2910,679.2839720249176,0.25826424217812016,0.0003977298736572266,0.00011854171752929687,0.00012722015380859376,0.8782051282051282
2915,680.387414932251,0.7390237882035763,0.00041325092315673827,0.0001209259033203125,0.00011892318725585938,0.8974358974358975
2920,681.5094780921936,0.44331227235961707,0.00042655467987060545,0.00013175010681152344,0.0001288175582885742,0.8798076923076923
2925,682.6967339515686,0.09252256590554567,0.00046048164367675783,0.00013570785522460939,0.0001244783401489258,0.8733974358974359
2930,683.8175799846649,0.45991130960766213,0.00045735836029052733,0.00013375282287597656,0.0001178741455078125,0.8782051282051282
2935,684.9341380596161,0.5150458039224759,0.00045135021209716795,0.0001338958740234375,0.00012624263763427734,0.8798076923076923
2940,686.0555131435394,0.3257358300499618,0.0004187345504760742,0.00012657642364501953,0.00012161731719970704,0.8830128205128205
2945,687.1830101013184,0.3644456527199509,0.00040442943572998046,0.00011942386627197265,0.00012395381927490234,0.8862179487179487
2950,688.3056349754333,0.36793043404859416,0.00042493343353271483,0.00013296604156494142,0.00011012554168701171,0.8862179487179487
2955,689.4259750843048,0.5458785265647748,0.0004256486892700195,0.00012640953063964845,0.00011761188507080078,0.8958333333333334
2960,690.5516250133514,0.9139652432641014,0.00040485858917236326,0.00011267662048339844,0.00011873245239257812,0.8653846153846154
2965,691.6755928993225,1.7626091950718545,0.0003998041152954102,0.00013406276702880858,0.00011944770812988281,0.8573717948717948
2970,692.7889001369476,0.6781977692269748,0.00043463706970214844,0.00013759136199951172,0.0001250028610229492,0.8525641025641025
2975,693.8889768123627,0.650654461166414,0.00042293071746826174,0.0001396656036376953,0.00011310577392578124,0.8573717948717948
2980,694.9821600914001,0.46312463229223794,0.0004359006881713867,0.00015056133270263672,0.00011208057403564454,0.875
2985,696.0787808895111,0.4801460152841187,0.00042068958282470703,0.00011627674102783203,0.00011949539184570312,0.8830128205128205
2990,697.1744692325592,0.46825452338380413,0.00044553279876708985,0.00014486312866210938,0.00012102127075195313,0.8798076923076923
2995,698.2633929252625,0.4998250437137358,0.00041399002075195315,0.00012617111206054689,0.00011436939239501953,0.8685897435897436
3000,699.3510141372681,0.6531957511673682,0.00041713714599609373,0.00011754035949707031,0.00011570453643798828,0.842948717948718
3005,700.4369258880615,0.3986122800677549,0.00040442943572998046,0.0001201629638671875,0.00010907649993896484,0.8173076923076923
3010,701.5273048877716,0.4404139178132255,0.00039076805114746094,0.00011785030364990235,0.00011136531829833985,0.8092948717948718
3015,702.6274769306183,1.1688697580253802,0.0003881692886352539,0.00012180805206298828,0.00011887550354003907,0.8413461538461539
3020,703.720251083374,0.3313513459055685,0.0004008054733276367,0.0001260519027709961,0.00011320114135742188,0.8733974358974359
3025,704.8133840560913,0.20934664712913217,0.0004760980606079102,0.00012369155883789061,0.00011339187622070313,0.8653846153846154
3030,705.9070048332214,0.6574689697939903,0.0004244804382324219,0.00013189315795898439,0.00011515617370605469,0.8653846153846154
3035,707.0394859313965,0.5262474421964726,0.00042102336883544924,0.00012137889862060547,0.00012738704681396483,0.8717948717948718
3040,708.1763350963593,0.3077375733235385,0.0004361867904663086,0.00013780593872070312,0.00011851787567138672,0.8878205128205128
3045,709.3081760406494,1.0179577217902989,0.00044629573822021487,0.00013010501861572267,0.00012617111206054689,0.8830128205128205
3050,710.489196062088,0.4930459320625289,0.00038909912109375,0.00011653900146484375,0.00012030601501464844,0.8733974358974359
3055,711.6144969463348,0.42014686242400784,0.0004133462905883789,0.0001201629638671875,0.00011241436004638672,0.8589743589743589
3060,712.7405781745911,0.32670261079038027,0.00037786960601806643,0.00011355876922607422,0.00011799335479736328,0.8653846153846154
3065,713.8699290752411,0.5254044426634664,0.00043408870697021485,0.00012333393096923827,0.00011906623840332031,0.8685897435897436
3070,714.9923419952393,0.25909765223732395,0.0004033327102661133,0.00012161731719970704,0.00012247562408447267,0.8605769230769231
3075,716.079185962677,0.2722040646476671,0.00039093494415283204,0.00012006759643554688,0.00011446475982666016,0.844551282051282
3080,717.1706550121307,0.4885700751445256,0.00042862892150878905,0.0001342296600341797,0.00012197494506835938,0.8669871794871795
3085,718.2586860656738,0.27415492592517693,0.00042116641998291016,0.00012297630310058593,0.00011258125305175781,0.8782051282051282
3090,719.3503510951996,0.06825751800345188,0.0004256010055541992,0.0001249074935913086,0.00010790824890136719,0.8830128205128205
3095,720.4415180683136,0.29668057260278147,0.00044128894805908205,0.00013680458068847655,0.0001085042953491211,0.8846153846153846
3100,721.523964881897,0.10902920154023832,0.00041544437408447266,0.00012624263763427734,0.00011544227600097656,0.8701923076923077
3105,722.6089689731598,0.5939292183189536,0.0004033088684082031,0.00012407302856445312,0.00011663436889648437,0.875
3110,723.6962780952454,0.6428983866487215,0.00040118694305419923,0.0001235485076904297,0.00012619495391845702,0.8830128205128205
3115,724.7812869548798,0.38953058668412266,0.00038275718688964846,0.00010766983032226563,0.00010728836059570312,0.8782051282051282
3120,725.8616800308228,0.097991334616745,0.0004421234130859375,0.00013120174407958983,0.00010707378387451172,0.8685897435897436