#{"solver": {"engine": {"type": "ExactEngine"}, "semiring": "GraphSemiring"}, "networks": [{"name": "perc_net_version_2_baseline_0", "module": "AD_V2_baseline_net_0(\n  (conv1): Conv2d(3, 6, kernel_size=(5, 5), stride=(1, 1))\n  (pool): MaxPool2d(kernel_size=2, stride=2, padding=0, dilation=1, ceil_mode=False)\n  (conv2): Conv2d(6, 16, kernel_size=(5, 5), stride=(1, 1))\n  (fc1): Linear(in_features=400, out_features=120, bias=True)\n  (fc2): Linear(in_features=120, out_features=84, bias=True)\n  (fc3): Linear(in_features=84, out_features=4, bias=True)\n  (softmax): Softmax(dim=-1)\n)", "optimizer": "Adam (\nParameter Group 0\n    amsgrad: False\n    betas: (0.9, 0.999)\n    capturable: False\n    differentiable: False\n    eps: 1e-08\n    foreach: None\n    fused: None\n    lr: 0.001\n    maximize: False\n    weight_decay: 0\n)", "k": null}], "program": "nn(perc_net_version_2_baseline_0,[Img],X,[0, 1, 2, 3])::action(Img,X).\nautonomous_driving_baseline(Img,X) :- action(Img,X).\n"}
#Accuracy 0.9168173598553345
i,time,loss,ground_time,compile_time,eval_time,accuracy
5,0.03764605522155762,1.109565842151642,0.0003612279891967773,0.00012521743774414064,0.00013127326965332032,0.2549728752260398
10,0.7273881435394287,1.3869436383247375,0.00043740272521972654,0.00015277862548828124,0.00011167526245117187,0.2549728752260398
15,1.4219551086425781,1.378573763370514,0.0004364490509033203,0.0001572132110595703,9.9945068359375e-05,0.2549728752260398
20,2.1163840293884277,1.4200299382209778,0.00040750503540039064,0.00013546943664550782,0.00011332035064697266,0.2549728752260398
25,2.84096622467041,1.3835327863693236,0.00043740272521972654,0.00015277862548828124,0.00010592937469482422,0.2549728752260398
30,3.525292158126831,1.3837036728858947,0.0004087686538696289,0.000138092041015625,9.97781753540039e-05,0.2549728752260398
35,4.213147163391113,1.3922722458839416,0.0004541158676147461,0.00015761852264404297,0.00010075569152832032,0.2549728752260398
40,4.898626089096069,1.3566225051879883,0.00045766830444335935,0.00016715526580810547,0.00010471343994140625,0.2549728752260398
45,5.5843493938446045,1.3758195877075194,0.00045282840728759765,0.00015921592712402343,0.00010857582092285156,0.2549728752260398
50,6.26903510093689,1.3860499501228332,0.00044994354248046876,0.00015535354614257813,0.00010695457458496094,0.2603978300180832
55,6.953479290008545,1.3680836319923402,0.0004357814788818359,0.00015153884887695313,0.00010657310485839844,0.29294755877034356
60,7.639353275299072,1.3857407212257384,0.0004103899002075195,0.00013933181762695312,9.989738464355469e-05,0.35443037974683544
65,8.321739196777344,1.4010101556777954,0.000423884391784668,0.00013747215270996094,0.0001092672348022461,0.4159132007233273
70,9.027251243591309,1.3427182674407958,0.0004216432571411133,0.00014350414276123046,0.00012617111206054689,0.4593128390596745
75,9.752507209777832,1.2921161651611328,0.00040683746337890627,0.00012979507446289062,0.00010173320770263672,0.2585895117540687
80,10.450143337249756,1.4341000080108643,0.0004473686218261719,0.00015854835510253906,0.00010957717895507813,0.4376130198915009
85,11.141317129135132,1.2803318858146668,0.0004486560821533203,0.00015695095062255858,0.00011548995971679687,0.5189873417721519
90,11.842426300048828,1.1916448056697846,0.00043611526489257814,0.00015437602996826172,0.00010960102081298828,0.484629294755877
95,12.53392219543457,1.3610937297344208,0.00043418407440185545,0.00014607906341552735,0.00010521411895751953,0.538878842676311
100,13.215766191482544,1.0868715673685074,0.00043256282806396483,0.00014483928680419922,0.00010588169097900391,0.596745027124774
105,13.905852317810059,0.9433477908372879,0.00047984123229980467,0.00017266273498535157,0.00010173320770263672,0.5189873417721519
110,14.599029064178467,0.8963963478803635,0.00043611526489257814,0.00015437602996826172,0.00011043548583984375,0.5370705244122965
115,15.333071231842041,0.9923014119267464,0.0004419088363647461,0.0001578807830810547,0.00010340213775634765,0.5804701627486437
120,16.020228147506714,0.8287002302706241,0.0004319429397583008,0.00015211105346679688,0.00010046958923339843,0.6564195298372514
125,16.709092140197754,1.3071640133857727,0.00042130947113037107,0.00014066696166992188,0.00010457038879394532,0.6654611211573237
130,17.408101320266724,0.6912368349730968,0.0004203557968139648,0.00014510154724121094,0.00010502338409423828,0.5858951175406871
135,18.097551107406616,1.141332395374775,0.0004541158676147461,0.00015761852264404297,0.00010790824890136719,0.6528028933092225
140,18.788745403289795,0.9360324546694756,0.00043740272521972654,0.00015277862548828124,0.00011513233184814453,0.5985533453887885
145,19.519506216049194,0.5488417074084282,0.0004743814468383789,0.00017199516296386718,0.00011484622955322265,0.5786618444846293
150,20.230234146118164,0.40502050183713434,0.0004168033599853516,0.00013556480407714844,0.00011200904846191407,0.5895117540687161
155,21.06256937980652,0.7126316174864769,0.00040075778961181643,0.0001363992691040039,0.00013859272003173827,0.6238698010849909
160,21.887399196624756,1.1374977002851665,0.00044286251068115234,0.00015344619750976563,0.00014178752899169923,0.6708860759493671
165,22.631699323654175,0.8954736582934857,0.0004216432571411133,0.00014350414276123046,0.00010311603546142578,0.7269439421338155
170,23.34895920753479,1.036401155591011,0.0004232645034790039,0.0001447439193725586,0.00011739730834960937,0.759493670886076
175,24.115731239318848,0.5036085695028305,0.0004473686218261719,0.00015854835510253906,0.00012617111206054689,0.7450271247739603
180,24.828246116638184,1.363155497610569,0.0004155158996582031,0.0001371622085571289,0.00012328624725341797,0.7649186256781193
185,25.54326033592224,0.7260405417531729,0.0004058837890625,0.0001342296600341797,0.00011453628540039062,0.755877034358047
190,26.251562356948853,0.747917827218771,0.0004258155822753906,0.0001457691192626953,0.00010664463043212891,0.7341772151898734
195,26.9677312374115,0.5901359472423792,0.0004357814788818359,0.00015153884887695313,0.0001227855682373047,0.7070524412296564
200,27.69549012184143,0.6141448869369924,0.00039463043212890626,0.00013005733489990234,0.00011126995086669922,0.6636528028933092
205,28.417896270751953,0.6891531865112484,0.00038917064666748046,0.00012938976287841798,0.00010762214660644531,0.6726943942133815
210,29.118012189865112,0.6864448644220829,0.0004058837890625,0.0001342296600341797,0.00010061264038085938,0.7142857142857143
215,29.87899422645569,0.7781026465352625,0.0004486560821533203,0.00015695095062255858,0.00012066364288330079,0.7341772151898734
220,30.614140272140503,0.9391653180122376,0.0004319429397583008,0.00015211105346679688,0.00011086463928222656,0.759493670886076
225,31.312658309936523,0.36868905164301397,0.00037758350372314454,0.00012238025665283202,0.00010995864868164062,0.7450271247739603
230,32.00953221321106,0.8714637339115143,0.000438690185546875,0.0001511812210083008,0.00010838508605957032,0.7450271247739603
235,32.698814392089844,0.47065732516348363,0.00043256282806396483,0.00014483928680419922,0.00011045932769775391,0.783001808318264
240,33.39897012710571,0.9109236773103475,0.00044286251068115234,0.00015344619750976563,0.00010676383972167969,0.7685352622061483
245,34.094510078430176,0.8514468062669038,0.0004441499710083008,0.00015184879302978515,0.00011456012725830078,0.7703435804701627
250,34.7788941860199,1.0977432765066624,0.0004129648208618164,0.0001361370086669922,0.00010361671447753907,0.755877034358047
255,35.47603917121887,0.7894107864238322,0.0004470348358154297,0.00015571117401123047,0.00011699199676513672,0.7938517179023508
260,36.18331527709961,0.6819963529706001,0.00042934417724609374,0.0001381397247314453,0.00010921955108642579,0.7956600361663653
265,36.89043307304382,0.5028342381119728,0.00044286251068115234,0.00015344619750976563,0.00010974407196044922,0.7938517179023508
270,37.57812237739563,0.8870755106210708,0.00043773651123046875,0.00015561580657958985,0.00010583400726318359,0.7920433996383364
275,38.27311420440674,0.5175111019983888,0.0004316091537475586,0.0001492738723754883,0.00011188983917236328,0.779385171790235
280,38.96962213516235,0.3814864883199334,0.00047309398651123046,0.00017359256744384766,0.00011136531829833985,0.7721518987341772
285,39.66591930389404,0.5930942744016647,0.0004383563995361328,0.0001483440399169922,0.00011363029479980469,0.7667269439421338
290,40.351102352142334,0.9935290817171335,0.00044641494750976565,0.00016298294067382813,0.00011079311370849609,0.7522603978300181
295,41.04264807701111,1.1747769685462117,0.0004065513610839844,0.00013990402221679686,0.00010960102081298828,0.7956600361663653
300,41.74104332923889,0.7241719365119934,0.00042293071746826174,0.00014190673828125,0.00010385513305664063,0.701627486437613
305,42.43858623504639,1.0529594115912915,0.0004357814788818359,0.00015153884887695313,0.00010669231414794922,0.7106690777576854
310,43.16949915885925,1.1181661903858184,0.0004415750503540039,0.00015504360198974608,0.00010390281677246094,0.7160940325497287
315,43.86863327026367,0.7042134314775467,0.00043740272521972654,0.00015277862548828124,0.00010907649993896484,0.7269439421338155
320,44.56116509437561,0.7624710820615291,0.00045282840728759765,0.00015921592712402343,0.00010924339294433593,0.759493670886076
325,45.26819205284119,0.7995622925460338,0.00045990943908691406,0.00016112327575683593,0.00010232925415039062,0.7992766726943942
330,46.03529334068298,0.6028908312320709,0.0004271030426025391,0.00014417171478271485,0.00012497901916503907,0.8010849909584087
335,46.832128047943115,0.5091879349201918,0.0004402875900268555,0.00015664100646972656,0.00010938644409179688,0.8028933092224232
340,47.521788358688354,0.7467090062797069,0.0004129648208618164,0.0001361370086669922,0.00010988712310791015,0.7938517179023508
345,48.20606517791748,0.20989255029708148,0.00041713714599609373,0.00013840198516845703,0.00010979175567626953,0.7902350813743219
350,48.90243625640869,0.674331221356988,0.00041713714599609373,0.00013840198516845703,0.00011034011840820313,0.786618444846293
355,49.59656119346619,0.3229830105556175,0.00042130947113037107,0.00014066696166992188,0.0001027822494506836,0.7757685352622061
360,50.28933119773865,0.33060505879839186,0.0004486560821533203,0.00015695095062255858,0.00011532306671142578,0.7540687160940326
365,50.963521003723145,0.48418371283914896,0.0004473686218261719,0.00015854835510253906,9.839534759521484e-05,0.7631103074141049
370,51.645907402038574,0.957177857478382,0.00043740272521972654,0.00015277862548828124,0.0001003265380859375,0.810126582278481
375,52.33152532577515,0.8193821529042907,0.0004338502883911133,0.00014324188232421874,0.00010204315185546875,0.8155515370705244
380,53.02357339859009,0.1631741358200088,0.0004541158676147461,0.00015761852264404297,0.00010268688201904297,0.7920433996383364
385,53.6948561668396,0.25027381057152526,0.0004316091537475586,0.0001492738723754883,0.00010569095611572266,0.7685352622061483
390,54.38453412055969,0.6237509265542031,0.0004676342010498047,0.00017292499542236327,0.00010170936584472657,0.755877034358047
395,55.07674217224121,0.5045241067185998,0.00042068958282470703,0.00014793872833251953,0.00010683536529541016,0.7739602169981917
400,55.76130723953247,0.7462033132091165,0.00044286251068115234,0.00015344619750976563,0.00011246204376220703,0.8047016274864376
405,56.44394111633301,0.6920872777700424,0.0004316091537475586,0.0001492738723754883,0.00010788440704345703,0.8137432188065099
410,57.18965125083923,0.5298869568854571,0.0004271030426025391,0.00014417171478271485,9.789466857910157e-05,0.8065099457504521
415,57.879998207092285,0.28826850848272445,0.0004316091537475586,0.0001492738723754883,9.999275207519531e-05,0.8065099457504521
420,58.55246829986572,0.5388192363083363,0.0004743814468383789,0.00017199516296386718,9.720325469970703e-05,0.8191681735985533
425,59.2452232837677,0.1734919210895896,0.0004316091537475586,0.0001492738723754883,0.00010619163513183593,0.8191681735985533
430,59.937907218933105,0.11122912392020226,0.00041134357452392577,0.00013489723205566405,9.686946868896485e-05,0.8282097649186256
435,60.6248733997345,0.413183815125376,0.0004332304000854492,0.0001505136489868164,0.00010001659393310547,0.783001808318264
440,61.30253529548645,0.577248906956811,0.00042743682861328124,0.00014700889587402344,9.691715240478516e-05,0.7703435804701627
445,61.990461349487305,0.6055092729162425,0.00041713714599609373,0.00013840198516845703,0.00010154247283935546,0.8010849909584087
450,62.68479323387146,0.4380742862820625,0.00044770240783691405,0.00016138553619384765,0.00011916160583496094,0.7992766726943942
455,63.39611530303955,1.0762092455290257,0.0004370689392089844,0.00014994144439697265,0.00010726451873779296,0.7848101265822784
460,64.08349823951721,0.8528021606442053,0.0003955841064453125,0.00012562274932861328,0.0001056671142578125,0.8318264014466547
465,64.78772401809692,0.2802927485376131,0.0004203557968139648,0.00014510154724121094,0.00011091232299804687,0.8300180831826401
470,65.50868225097656,0.5435786026762799,0.00043127536773681643,0.0001464366912841797,0.00011661052703857422,0.8155515370705244
475,66.20575213432312,0.5002780028269627,0.00038754940032958984,0.00012814998626708984,0.00011031627655029297,0.8155515370705244
480,66.90817427635193,0.33801558524137365,0.0004004240036010742,0.00013356208801269532,0.00011370182037353515,0.8173598553345389
485,67.60482716560364,0.3870651833247393,0.0004216432571411133,0.00014350414276123046,0.00011107921600341796,0.8173598553345389
490,68.30043435096741,0.27920670896710365,0.0004216432571411133,0.00014350414276123046,0.0001094818115234375,0.8245931283905967
495,68.97548913955688,0.7856316447257996,0.00041201114654541013,0.00014057159423828126,0.00010743141174316407,0.8372513562386981
500,69.68210315704346,0.4532874235883355,0.0004203557968139648,0.00014510154724121094,0.00010616779327392578,0.8426763110307414
505,70.42564415931702,0.1967313734581694,0.0004216432571411133,0.00014350414276123046,0.00010993480682373047,0.8517179023508138
510,71.12191724777222,0.3431213053292595,0.00044286251068115234,0.00015344619750976563,0.0001043081283569336,0.8481012658227848
515,71.80248022079468,0.3940435810945928,0.00042130947113037107,0.00014066696166992188,0.000110626220703125,0.8390596745027125
520,72.49520611763,0.5921278891677503,0.0004486560821533203,0.00015695095062255858,0.00010030269622802734,0.8390596745027125
525,73.18351721763611,1.068591486569494,0.0004184246063232422,0.00013680458068847655,0.000104522705078125,0.8499095840867993
530,73.86376023292542,0.514295717747882,0.0004383563995361328,0.0001483440399169922,0.00010068416595458985,0.8517179023508138
535,74.54047513008118,0.19918601359240712,0.0004383563995361328,0.0001483440399169922,0.00011081695556640625,0.8553345388788427
540,75.23086738586426,0.4969576865667477,0.00045506954193115235,0.0001531839370727539,0.00011000633239746093,0.840867992766727
545,75.9240210056305,0.4911863036453724,0.00041072368621826173,0.0001421689987182617,0.00010581016540527344,0.8444846292947559
550,76.60217428207397,0.5050149851012975,0.0004518747329711914,0.0001636505126953125,8.804798126220703e-05,0.8462929475587704
555,77.28537440299988,0.31848060321062804,0.0004586219787597656,0.0001627206802368164,0.00010221004486083984,0.8517179023508138
560,77.97248101234436,0.3004262797301635,0.00044252872467041013,0.00015060901641845704,0.00010099411010742188,0.8444846292947559
565,78.66030621528625,0.5864166394807399,0.00045766830444335935,0.00016715526580810547,0.00011203289031982421,0.8481012658227848
570,79.32972431182861,0.5520478131598793,0.0004165172576904297,0.0001456737518310547,0.00010247230529785157,0.8553345388788427
575,80.01441931724548,1.2386108368635178,0.0004017114639282227,0.00013196468353271484,0.00010225772857666015,0.8535262206148282
580,80.70562028884888,0.6146699377335608,0.0004473686218261719,0.00015854835510253906,0.00010249614715576171,0.8318264014466547
585,81.3876302242279,0.644942489778623,0.00041005611419677737,0.00013649463653564453,9.794235229492188e-05,0.7956600361663653
590,82.06830310821533,0.9209771178662777,0.00046858787536621096,0.00016849040985107423,0.00010342597961425782,0.833634719710669
595,82.76986122131348,0.24668417125940323,0.0004419088363647461,0.0001578807830810547,0.00010585784912109375,0.8354430379746836
600,83.46188116073608,0.832426089886576,0.00045957565307617185,0.00015828609466552734,0.0001027822494506836,0.8354430379746836
605,84.18864011764526,0.35630608201026914,0.00042743682861328124,0.00014700889587402344,9.393692016601562e-05,0.8589511754068716
610,84.87105822563171,0.18577678273431958,0.00045154094696044924,0.0001608133316040039,0.00010175704956054688,0.8571428571428571
615,85.55959725379944,0.8302142582833767,0.00041713714599609373,0.00013840198516845703,9.763240814208984e-05,0.8553345388788427
620,86.24934411048889,0.15027100648730993,0.0004283905029296875,0.00014257431030273438,0.00010170936584472657,0.833634719710669
625,86.92535710334778,0.4993824631441385,0.0004058837890625,0.0001342296600341797,0.00010385513305664063,0.8083182640144665
630,87.60850214958191,0.13250531853409483,0.00041134357452392577,0.00013489723205566405,0.0001081705093383789,0.8047016274864376
635,88.29752016067505,0.4411615028271626,0.00045316219329833985,0.00016205310821533204,0.00010418891906738281,0.7938517179023508
640,88.98326420783997,0.14763455274351145,0.0004541158676147461,0.00015761852264404297,9.775161743164062e-05,0.7938517179023508
645,89.65349411964417,0.26529334849328734,0.0004148960113525391,0.00014443397521972655,9.59634780883789e-05,0.8173598553345389
650,90.35033226013184,1.1973017874232028,0.0004283905029296875,0.00014257431030273438,0.00011143684387207031,0.8426763110307414
655,91.06918239593506,0.5258683876134456,0.00045957565307617185,0.00015828609466552734,0.0001125335693359375,0.8426763110307414
660,91.80513310432434,0.13055040607432603,0.0004586219787597656,0.0001627206802368164,0.00010781288146972656,0.8155515370705244
665,92.48218417167664,0.28721363195218147,0.0004518747329711914,0.0001636505126953125,0.00010623931884765626,0.8083182640144665
670,93.20150136947632,0.3652976552024484,0.00042614936828613283,0.0001486063003540039,0.00011796951293945313,0.8065099457504521
675,93.92947816848755,0.3464962596539408,0.00044770240783691405,0.00016138553619384765,0.00010676383972167969,0.8227848101265823
680,94.6188223361969,0.9359208095818758,0.0004168033599853516,0.00013556480407714844,0.00010406970977783203,0.8553345388788427
685,95.32972812652588,0.33756339401006696,0.0004303216934204102,0.00015087127685546874,0.00010800361633300781,0.840867992766727
690,96.02508807182312,0.140228666953044,0.00043289661407470704,0.0001476764678955078,9.93967056274414e-05,0.8390596745027125
695,96.7179822921753,0.607753697008593,0.0004486560821533203,0.00015695095062255858,0.0001119375228881836,0.8589511754068716
700,97.44688510894775,0.10616438144352287,0.00046312808990478516,0.00016782283782958984,9.913444519042969e-05,0.8589511754068716
705,98.13432216644287,0.1815843937860336,0.00042259693145751953,0.0001390695571899414,0.00011568069458007812,0.8625678119349005
710,98.82144212722778,0.3602287474728655,0.0004161834716796875,0.0001428365707397461,0.00011236667633056641,0.8553345388788427
715,99.50951719284058,0.25106250087483206,0.00043289661407470704,0.0001476764678955078,0.00011332035064697266,0.8155515370705244
720,100.18403506278992,0.20752899935469032,0.0004103899002075195,0.00013933181762695312,0.00010867118835449219,0.8137432188065099
725,100.87524032592773,0.40130945343989877,0.00044448375701904296,0.00015468597412109374,0.0001071929931640625,0.8065099457504521
730,101.57506203651428,0.5699434003297938,0.0004473686218261719,0.00015854835510253906,0.00010960102081298828,0.8318264014466547
735,102.29742002487183,1.2434668312576833,0.00039975643157958985,0.00012788772583007812,0.0001286029815673828,0.8444846292947559
740,103.00256633758545,0.29882780425832606,0.0004103899002075195,0.00013933181762695312,0.00011048316955566406,0.8571428571428571
745,103.70533037185669,0.5710990418214351,0.00042130947113037107,0.00014066696166992188,0.00011358261108398437,0.8481012658227848
750,104.39429831504822,0.31220035853621086,0.00042452812194824217,0.0001473665237426758,0.00010392665863037109,0.8426763110307414
755,105.08550333976746,0.40559060352970844,0.0004004240036010742,0.00013356208801269532,0.00010156631469726562,0.8390596745027125
760,105.76398825645447,0.29182091763796053,0.0004103899002075195,0.00013933181762695312,0.00010507106781005859,0.8481012658227848
765,106.45721435546875,0.22679807112217532,0.0003901243209838867,0.0001249551773071289,0.00010848045349121094,0.8553345388788427
770,107.15585207939148,0.42905921577475964,0.0004489898681640625,0.0001597881317138672,0.00010471343994140625,0.8698010849909584
775,107.84226512908936,0.5654836450703442,0.0004203557968139648,0.00014510154724121094,0.00010027885437011719,0.8824593128390597
780,108.52976322174072,0.1769396373012569,0.00039913654327392576,0.00013515949249267578,0.00011491775512695312,0.8679927667269439
785,109.22484230995178,0.2463595869601704,0.0004441499710083008,0.00015184879302978515,0.00010993480682373047,0.8698010849909584
790,109.91613721847534,0.2760676680059987,0.00041134357452392577,0.00013489723205566405,0.00011260509490966797,0.8607594936708861
795,110.60262823104858,0.5177383935515536,0.00044832229614257815,0.00015411376953125,0.00010292530059814453,0.8517179023508138
800,111.32012224197388,0.6680639737518504,0.0004441499710083008,0.00015184879302978515,0.00010936260223388672,0.864376130198915
805,112.01572227478027,0.4875951738096774,0.00041747093200683594,0.00014123916625976562,0.00010857582092285156,0.8842676311030742
810,112.70443320274353,0.18999940792564302,0.00044252872467041013,0.00015060901641845704,0.00010232925415039062,0.8806509945750453
815,113.78230929374695,0.5468281090550591,0.0004351377487182617,0.0001416444778442383,0.00020568370819091798,0.8716094032549728
820,114.53472518920898,0.26530046868138013,0.0004473686218261719,0.00015854835510253906,0.00010836124420166016,0.8716094032549728
825,115.22299432754517,0.36470149271190166,0.00043773651123046875,0.00015561580657958985,0.00011014938354492188,0.8571428571428571
830,115.91017818450928,0.3130238924408332,0.0004316091537475586,0.0001492738723754883,0.00011310577392578124,0.8481012658227848
835,116.60052132606506,0.3127516845299397,0.0004740476608276367,0.0001691579818725586,0.00010669231414794922,0.8553345388788427
840,117.28730630874634,0.19685263630817645,0.0004316091537475586,0.0001492738723754883,0.00010285377502441406,0.8517179023508138
845,117.9694893360138,0.8539065824705176,0.0004422426223754883,0.0001607179641723633,0.0001071929931640625,0.8806509945750453
850,118.64590001106262,0.6165769449900835,0.00040075778961181643,0.0001363992691040039,0.0001013040542602539,0.8878842676311031
855,119.32876324653625,0.812893287697807,0.00043289661407470704,0.0001476764678955078,0.00010061264038085938,0.8716094032549728
860,120.0222373008728,0.3159972594701685,0.00042002201080322267,0.00014226436614990235,0.00010151863098144532,0.8119349005424955
865,120.71159601211548,0.9966082997620106,0.0004473686218261719,0.00015854835510253906,0.00010385513305664063,0.8065099457504521
870,121.39127135276794,0.4002094498835504,0.0004586219787597656,0.0001627206802368164,9.598731994628907e-05,0.8354430379746836
875,122.07915711402893,0.6503496167249978,0.00045282840728759765,0.00015921592712402343,0.00010552406311035157,0.8535262206148282
880,122.76774501800537,0.3203205167257693,0.00044994354248046876,0.00015535354614257813,9.453296661376953e-05,0.8698010849909584
885,123.45672821998596,0.25289090804290026,0.0004415750503540039,0.00015504360198974608,0.00011010169982910157,0.864376130198915
890,124.13495421409607,0.5559444017242641,0.00041456222534179686,0.00014159679412841796,0.00010221004486083984,0.864376130198915
895,124.87110328674316,0.3930643315630732,0.0004129648208618164,0.0001361370086669922,0.00010993480682373047,0.8589511754068716
900,125.56294512748718,0.19682295686216095,0.0004383563995361328,0.0001483440399169922,0.00010106563568115234,0.8499095840867993
905,126.24429321289062,0.346425831108354,0.00041263103485107423,0.0001332998275756836,9.608268737792969e-05,0.833634719710669
910,126.92554807662964,0.2518773042887915,0.0004203557968139648,0.00014510154724121094,0.0001010894775390625,0.8318264014466547
915,127.60941624641418,0.21290830300377478,0.0004486560821533203,0.00015695095062255858,0.00010402202606201172,0.833634719710669
920,128.31680631637573,0.21464636116870678,0.0004415750503540039,0.00015504360198974608,0.00010762214660644531,0.840867992766727
925,129.01104307174683,0.6365297411568462,0.000438690185546875,0.0001511812210083008,9.891986846923828e-05,0.8481012658227848
930,129.69296407699585,0.544951410315116,0.00042259693145751953,0.0001390695571899414,0.0001168966293334961,0.8625678119349005
935,130.39946818351746,0.15012015234442516,0.00047533512115478517,0.00016756057739257811,0.00010776519775390625,0.8571428571428571
940,131.09035420417786,0.1306108218501322,0.00043611526489257814,0.00015437602996826172,0.0001054525375366211,0.8390596745027125
945,131.769611120224,0.19598466698080302,0.0004676342010498047,0.00017292499542236327,0.00010991096496582031,0.8227848101265823
950,132.46270322799683,0.43049377840943637,0.00041072368621826173,0.0001421689987182617,0.00011086463928222656,0.8300180831826401
955,133.16106534004211,0.6616597915999591,0.00042130947113037107,0.00014066696166992188,0.00011076927185058594,0.8553345388788427
960,133.86637020111084,0.3545330561697483,0.0004473686218261719,0.00015854835510253906,0.00011255741119384766,0.8607594936708861
965,134.56750226020813,0.16730350675061345,0.0004383563995361328,0.0001483440399169922,0.00011112689971923829,0.8625678119349005
970,135.2636160850525,0.1682619727886049,0.00042614936828613283,0.0001486063003540039,0.00011129379272460938,0.8679927667269439
975,135.95536828041077,0.3229158139321953,0.00047984123229980467,0.00017266273498535157,0.00011069774627685547,0.8698010849909584
980,136.69728016853333,0.11520596301124897,0.0004271030426025391,0.00014417171478271485,0.00011262893676757812,0.8698010849909584
985,137.37441730499268,0.17857748473034007,0.0004004240036010742,0.00013356208801269532,0.00010178089141845703,0.8770343580470162
990,138.05937218666077,0.30701677807046507,0.00043289661407470704,0.0001476764678955078,0.00010657310485839844,0.8734177215189873
995,138.78820729255676,0.11353117111430037,0.0004161834716796875,0.0001428365707397461,9.839534759521484e-05,0.8607594936708861
1000,139.45812511444092,0.285008904786082,0.000438690185546875,0.0001511812210083008,0.00010113716125488281,0.8354430379746836
1005,140.1370301246643,0.1562243539141491,0.0004419088363647461,0.0001578807830810547,9.820461273193359e-05,0.8227848101265823
1010,140.81610226631165,1.1970788481015915,0.00043256282806396483,0.00014483928680419922,0.00010313987731933594,0.833634719710669
1015,141.49077916145325,0.3412974192688125,0.0004058837890625,0.0001342296600341797,0.00010116100311279297,0.8426763110307414
1020,142.16605520248413,0.2378709869200975,0.00041005611419677737,0.00013649463653564453,0.00010392665863037109,0.8571428571428571
1025,142.85893034934998,0.8207291063255979,0.00042002201080322267,0.00014226436614990235,0.00010464191436767578,0.8842676311030742
1030,143.55932211875916,0.20879606367379894,0.00039913654327392576,0.00013515949249267578,0.00012209415435791016,0.8878842676311031
1035,144.24950122833252,0.19583780953544191,0.00039463043212890626,0.00013005733489990234,0.00010638236999511718,0.8752260397830018
1040,144.93874216079712,0.2794177088886499,0.00042743682861328124,0.00014700889587402344,0.00010383129119873047,0.8770343580470162
1045,145.63290810585022,0.1699387628810655,0.0004316091537475586,0.0001492738723754883,0.00010325908660888672,0.8716094032549728
1050,146.3264241218567,0.7659489315003156,0.00041747093200683594,0.00014123916625976562,0.00010573863983154297,0.8878842676311031
1055,147.0083622932434,0.07854326425585896,0.0004091024398803711,0.0001409292221069336,9.772777557373046e-05,0.8933092224231465
1060,147.70999336242676,0.2618383065913804,0.00042293071746826174,0.00014190673828125,9.86337661743164e-05,0.8842676311030742
1065,148.40555214881897,0.12889560414041626,0.0004370689392089844,0.00014994144439697265,9.882450103759766e-05,0.8788426763110307
1070,149.09232211112976,0.2069046036558575,0.0004316091537475586,0.0001492738723754883,0.00010645389556884766,0.8698010849909584
1075,149.769198179245,0.6706316667930878,0.00044960975646972655,0.00015251636505126954,0.00010728836059570312,0.8752260397830018
1080,150.45638227462769,0.30185926021367776,0.0004129648208618164,0.0001361370086669922,0.00010464191436767578,0.8896925858951176
1085,151.14431619644165,0.4205680399973062,0.00044832229614257815,0.00015411376953125,0.00010597705841064453,0.8806509945750453
1090,151.85605716705322,0.26590735344416316,0.00042259693145751953,0.0001390695571899414,0.00010201930999755859,0.8788426763110307
1095,152.53565216064453,0.41877393643371763,0.00045957565307617185,0.00015828609466552734,0.00010044574737548828,0.8824593128390597
1100,153.22069811820984,0.3314086217433214,0.00041201114654541013,0.00014057159423828126,9.717941284179688e-05,0.8896925858951176
1105,153.90359711647034,0.2176916535565397,0.00044062137603759763,0.00015947818756103515,0.0001046895980834961,0.8661844484629295
1110,154.56944727897644,0.17356438449933193,0.00046858787536621096,0.00016849040985107423,0.00011687278747558593,0.8607594936708861
1115,155.2472860813141,0.264748822322872,0.0004383563995361328,0.0001483440399169922,0.00010459423065185547,0.8517179023508138
1120,155.92918515205383,0.4811421544713085,0.0004618406295776367,0.00016942024230957032,9.839534759521484e-05,0.8625678119349005
1125,156.60245323181152,0.49833969374012665,0.0004065513610839844,0.00013990402221679686,9.915828704833984e-05,0.8860759493670886
1130,157.27345323562622,0.8146349102258682,0.00040750503540039064,0.00013546943664550782,0.00010631084442138671,0.8896925858951176
1135,157.96256828308105,0.3632870720466599,0.00045154094696044924,0.0001608133316040039,9.465217590332031e-05,0.8842676311030742
1140,158.64831733703613,0.9684202102245763,0.0004258155822753906,0.0001457691192626953,9.682178497314454e-05,0.8752260397830018
1145,159.32630228996277,0.3502585843205452,0.00044286251068115234,0.00015344619750976563,0.0001065969467163086,0.8860759493670886
1150,160.0081422328949,0.2167570403777063,0.0004473686218261719,0.00015854835510253906,0.00010027885437011719,0.8734177215189873
1155,160.70248436927795,0.54060543466112,0.00047533512115478517,0.00016756057739257811,0.00010921955108642579,0.891500904159132
1160,161.39166736602783,0.19806400847737676,0.00042293071746826174,0.00014190673828125,0.00010449886322021485,0.8842676311030742
1165,162.07123517990112,0.3245563054108061,0.0004402875900268555,0.00015664100646972656,0.00010647773742675782,0.8788426763110307
1170,162.76335430145264,0.5135808862920385,0.000411677360534668,0.00013773441314697267,0.00010855197906494141,0.8734177215189873
1175,163.45727109909058,0.07244093799599796,0.0004283905029296875,0.00014257431030273438,0.00010232925415039062,0.8607594936708861
1180,164.14208936691284,0.42415425591170786,0.0004058837890625,0.0001342296600341797,0.00011048316955566406,0.8517179023508138
1185,164.81183004379272,0.15240717455599223,0.0004168033599853516,0.00013556480407714844,9.126663208007813e-05,0.8462929475587704
1190,165.5409541130066,0.2448733552510703,0.00045316219329833985,0.00016205310821533204,0.00010077953338623047,0.8481012658227848
1195,166.2287573814392,0.2525505418889281,0.0004486560821533203,0.00015695095062255858,0.00010836124420166016,0.8481012658227848
1200,166.89689707756042,0.22544911948789376,0.0004316091537475586,0.0001492738723754883,9.913444519042969e-05,0.8571428571428571
1205,167.57217121124268,0.8956881397494726,0.0004283905029296875,0.00014257431030273438,0.00010123252868652344,0.8770343580470162
1210,168.24962615966797,0.08528799914720367,0.0004541158676147461,0.00015761852264404297,9.868144989013671e-05,0.8770343580470162
1215,168.93471717834473,0.07051265773679916,0.0004586219787597656,0.0001627206802368164,0.00010173320770263672,0.8589511754068716
1220,169.60330629348755,0.18693981603719295,0.0004518747329711914,0.0001636505126953125,0.00010330677032470703,0.8426763110307414
1225,170.28069710731506,0.052392845155554826,0.0004248619079589844,0.00015020370483398438,0.00010025501251220703,0.8390596745027125
1230,170.9529321193695,0.4608360873069614,0.00044319629669189455,0.00015628337860107422,0.00010426044464111328,0.8444846292947559
1235,171.6299021244049,0.7265411257743836,0.00041134357452392577,0.00013489723205566405,0.00010426044464111328,0.8842676311030742
1240,172.30097103118896,0.09844538290053606,0.0004415750503540039,0.00015504360198974608,0.00010752677917480469,0.8716094032549728
1245,172.9824242591858,0.21804035161731009,0.0004216432571411133,0.00014350414276123046,9.713172912597656e-05,0.8806509945750453
1250,173.66768836975098,0.28128454605757724,0.00046987533569335936,0.00016689300537109375,0.00010516643524169922,0.8824593128390597
1255,174.34142208099365,0.09289147880481323,0.0004518747329711914,0.0001636505126953125,0.00010085105895996094,0.8878842676311031
1260,175.0157072544098,0.09180363136019878,0.00040683746337890627,0.00012979507446289062,0.00010230541229248047,0.8987341772151899
1265,175.6953489780426,0.20536697458883282,0.00044319629669189455,0.00015628337860107422,9.677410125732421e-05,0.8969258589511754
1270,176.37773633003235,0.16215209379915904,0.00042743682861328124,0.00014700889587402344,9.934902191162109e-05,0.8752260397830018
1275,177.04082107543945,0.05394323128493852,0.0004004240036010742,0.00013356208801269532,9.508132934570313e-05,0.8553345388788427
1280,177.71938824653625,0.30759563368628734,0.000438690185546875,0.0001511812210083008,9.396076202392579e-05,0.8553345388788427
1285,178.44584131240845,0.5771243820665404,0.00045282840728759765,0.00015921592712402343,0.00010554790496826172,0.8517179023508138
1290,179.13817620277405,0.8069655363151469,0.000400090217590332,0.0001307249069213867,0.00010786056518554687,0.8426763110307414
1295,179.81748223304749,0.32226856723063974,0.0004203557968139648,0.00014510154724121094,0.00010433197021484376,0.8426763110307414
1300,180.5088231563568,0.7150464488780017,0.0004267692565917969,0.00014133453369140624,0.00010695457458496094,0.8752260397830018
1305,181.18624424934387,0.34995100607538915,0.0004033088684082031,0.00013742446899414062,0.0001100778579711914,0.891500904159132
1310,181.86097526550293,0.2085891853868816,0.0004004240036010742,0.00013356208801269532,0.00010266304016113282,0.8842676311030742
1315,182.53268933296204,0.20607692190851595,0.0004103899002075195,0.00013933181762695312,9.610652923583985e-05,0.8878842676311031
1320,183.21754217147827,0.1587682129180621,0.0004158496856689453,0.0001399993896484375,0.00010027885437011719,0.8878842676311031
1325,183.89581322669983,0.4246765339958074,0.0004232645034790039,0.0001447439193725586,0.00010333061218261718,0.8878842676311031
1330,184.5663983821869,0.45017832604353314,0.00041456222534179686,0.00014159679412841796,0.00010144710540771484,0.9041591320072333
1335,185.24217438697815,0.11525131155431154,0.0004161834716796875,0.0001428365707397461,9.889602661132813e-05,0.9023508137432188
1340,185.9270842075348,0.20428548342861177,0.0004383563995361328,0.0001483440399169922,0.00011284351348876953,0.8896925858951176
1345,186.60780024528503,0.21676509584358428,0.0004316091537475586,0.0001492738723754883,0.00010101795196533203,0.8770343580470162
1350,187.36584615707397,0.3790549784429459,0.0004383563995361328,0.0001483440399169922,0.0001073598861694336,0.8752260397830018
1355,188.08252120018005,0.4698357070548809,0.0004283905029296875,0.00014257431030273438,0.00010368824005126953,0.8878842676311031
1360,188.7580931186676,0.5678234304854414,0.000438690185546875,0.0001511812210083008,9.679794311523438e-05,0.9041591320072333
1365,189.42738032341003,0.06490148568227597,0.00043802261352539064,0.00014550685882568358,0.00010199546813964844,0.8969258589511754
1370,190.1020700931549,0.5102879296056926,0.0004441499710083008,0.00015184879302978515,9.601116180419922e-05,0.891500904159132
1375,190.78190207481384,0.17908004004275427,0.0004216432571411133,0.00014350414276123046,9.80377197265625e-05,0.895117540687161
1380,191.4585862159729,0.3067281377501786,0.00044770240783691405,0.00016138553619384765,9.543895721435547e-05,0.8842676311030742
1385,192.169025182724,0.18654845560959074,0.00044286251068115234,0.00015344619750976563,0.00010654926300048828,0.8679927667269439
1390,192.83716225624084,0.3834806371902232,0.00046279430389404295,0.00016498565673828125,9.431838989257813e-05,0.8571428571428571
1395,193.50599908828735,0.10904013037215918,0.00043740272521972654,0.00015277862548828124,9.80377197265625e-05,0.8517179023508138
1400,194.18401408195496,0.5317882590548834,0.0004364490509033203,0.0001572132110595703,0.00010607242584228515,0.8734177215189873
1405,194.8483772277832,0.6398999103344977,0.00040750503540039064,0.00013546943664550782,0.00010192394256591797,0.8933092224231465
1410,195.53519320487976,0.3905653010122478,0.00043740272521972654,0.00015277862548828124,0.00010602474212646484,0.8933092224231465
1415,196.22301530838013,0.5943941959005314,0.0004087686538696289,0.000138092041015625,0.00010156631469726562,0.8969258589511754
1420,196.90714621543884,0.7685751883778721,0.0004541158676147461,0.00015761852264404297,0.00010476112365722656,0.8987341772151899
1425,197.58630919456482,0.12630271196831017,0.00045766830444335935,0.00016715526580810547,0.00011518001556396485,0.891500904159132
1430,198.28167128562927,0.5451650927774608,0.00045282840728759765,0.00015921592712402343,0.00010774135589599609,0.895117540687161
1435,199.00943422317505,0.10793327911633241,0.00044994354248046876,0.00015535354614257813,0.00010590553283691406,0.9041591320072333
1440,199.8067283630371,0.243488935843925,0.0004357814788818359,0.00015153884887695313,0.000159454345703125,0.9023508137432188
1445,200.72719717025757,0.3671921385772293,0.0004103899002075195,0.00013933181762695312,0.00029382705688476565,0.8933092224231465
1450,201.56366205215454,0.3788050813214795,0.000423884391784668,0.00013747215270996094,0.00010774135589599609,0.891500904159132
1455,202.24688005447388,0.31386720384452926,0.0004216432571411133,0.00014350414276123046,0.00012559890747070311,0.8860759493670886
1460,202.92119121551514,0.06634772557154064,0.00040683746337890627,0.00012979507446289062,0.00010664463043212891,0.8716094032549728
1465,203.58531141281128,0.2512878762729088,0.0004473686218261719,0.00015854835510253906,9.191036224365234e-05,0.8716094032549728
1470,204.25467228889465,0.08479330544470258,0.0004486560821533203,0.00015695095062255858,0.00010080337524414063,0.8625678119349005
1475,205.02520513534546,0.17709635458249978,0.00043611526489257814,0.00015437602996826172,0.000101470947265625,0.8553345388788427
1480,205.72861218452454,0.6785944138187915,0.00043418407440185545,0.00014607906341552735,0.00010628700256347657,0.864376130198915
1485,206.38824820518494,0.3025489041335959,0.00043256282806396483,0.00014483928680419922,0.00010199546813964844,0.8806509945750453
1490,207.05766820907593,0.11291905826265065,0.00047984123229980467,0.00017266273498535157,0.00010406970977783203,0.8824593128390597
1495,207.7233920097351,0.10743717194418423,0.00043611526489257814,0.00015437602996826172,9.984970092773438e-05,0.8824593128390597
1500,208.37751126289368,0.1347252033301629,0.0004419088363647461,0.0001578807830810547,0.00010192394256591797,0.8625678119349005
1505,209.04501914978027,0.3377770724324364,0.0004319429397583008,0.00015211105346679688,9.288787841796876e-05,0.864376130198915
1510,209.7070972919464,0.5265269261959474,0.00042130947113037107,0.00014066696166992188,0.00010089874267578125,0.8806509945750453
1515,210.3645942211151,0.15925342944683507,0.0004203557968139648,0.00014510154724121094,9.710788726806641e-05,0.8933092224231465
1520,211.0219850540161,0.030096425663214178,0.0004541158676147461,0.00015761852264404297,0.00010309219360351562,0.895117540687161
1525,211.68049716949463,0.30669833337396996,0.00043740272521972654,0.00015277862548828124,0.00010311603546142578,0.8933092224231465
1530,212.3428921699524,0.04759182354027871,0.0004743814468383789,0.00017199516296386718,0.00011088848114013672,0.8933092224231465
1535,213.00471711158752,0.10288946474533986,0.0004168033599853516,0.00013556480407714844,0.00010118484497070312,0.8969258589511754
1540,213.65604400634766,0.14431065446881347,0.00040075778961181643,0.0001363992691040039,9.877681732177735e-05,0.9023508137432188
1545,214.31223034858704,0.1530369470046935,0.00044286251068115234,0.00015344619750976563,0.00011038780212402344,0.9005424954792043
1550,214.96736931800842,0.12339634655331792,0.0004216432571411133,0.00014350414276123046,0.00010256767272949218,0.8734177215189873
1555,215.61604237556458,0.20248942026228178,0.0004232645034790039,0.0001447439193725586,9.810924530029297e-05,0.8607594936708861
1560,216.27405905723572,0.09032926159343332,0.0004473686218261719,0.00015854835510253906,0.00010397434234619141,0.8535262206148282
1565,216.92888712882996,1.226209235470742,0.0004155158996582031,0.0001371622085571289,0.00010690689086914062,0.8444846292947559
1570,217.58707308769226,0.30510794808160424,0.0004058837890625,0.0001342296600341797,0.00010461807250976563,0.8282097649186256
1575,218.2361662387848,0.5743840128126066,0.0004258155822753906,0.0001457691192626953,9.55820083618164e-05,0.8390596745027125
1580,218.94058322906494,0.43209345500633844,0.0004357814788818359,0.00015153884887695313,9.791851043701172e-05,0.8806509945750453
1585,219.61308026313782,0.23212020205464795,0.00039463043212890626,0.00013005733489990234,0.0001035928726196289,0.9005424954792043
1590,220.28397226333618,0.1610317635413594,0.00038917064666748046,0.00012938976287841798,0.00010116100311279297,0.9023508137432188
1595,220.93686413764954,0.20780195202678442,0.0004058837890625,0.0001342296600341797,0.00010383129119873047,0.9023508137432188
1600,221.5997030735016,0.38093926929393546,0.0004486560821533203,0.00015695095062255858,0.00010802745819091797,0.9005424954792043
1605,222.26057815551758,0.34693758506327865,0.0004319429397583008,0.00015211105346679688,0.00010967254638671875,0.9059674502712477
1610,222.92575216293335,0.10503946125172661,0.00037758350372314454,0.00012238025665283202,8.404254913330078e-05,0.9023508137432188
1615,223.57712411880493,0.1951462473763968,0.000438690185546875,0.0001511812210083008,0.00010027885437011719,0.8933092224231465
1620,224.24637126922607,0.08845368305246666,0.00043256282806396483,0.00014483928680419922,9.756088256835937e-05,0.895117540687161
1625,224.91344714164734,0.4596624521378544,0.00044286251068115234,0.00015344619750976563,0.00010485649108886719,0.895117540687161
1630,225.5810112953186,0.2019413354377889,0.0004441499710083008,0.00015184879302978515,0.00011410713195800782,0.9005424954792043
1635,226.22967505455017,0.3302601852978114,0.0004129648208618164,0.0001361370086669922,0.00011310577392578124,0.918625678119349
1640,226.886372089386,0.29830787182727364,0.0004470348358154297,0.00015571117401123047,0.0001100301742553711,0.9095840867992767
1645,227.5443572998047,0.4072011471533642,0.00042934417724609374,0.0001381397247314453,0.00010609626770019531,0.9041591320072333
1650,228.19786643981934,0.06382205594563857,0.00044286251068115234,0.00015344619750976563,0.00010764598846435547,0.9059674502712477
1655,228.8455662727356,0.4118612946942449,0.00043773651123046875,0.00015561580657958985,0.00010504722595214844,0.8969258589511754
1660,229.4997501373291,0.10141427363269032,0.0004316091537475586,0.0001492738723754883,0.00010159015655517579,0.8878842676311031
1665,230.1617772579193,0.14741477141869835,0.00047309398651123046,0.00017359256744384766,9.949207305908203e-05,0.8716094032549728
1670,230.8145112991333,0.37229759934125467,0.0004383563995361328,0.0001483440399169922,0.0001008749008178711,0.8625678119349005
1675,231.49864220619202,0.3935116684740933,0.00044641494750976565,0.00016298294067382813,0.00010149478912353515,0.8716094032549728
1680,232.15203404426575,0.17350627834675833,0.0004065513610839844,0.00013990402221679686,0.00010857582092285156,0.8679927667269439
1685,232.80723929405212,0.48448031767766225,0.00042293071746826174,0.00014190673828125,0.00010275840759277344,0.891500904159132
1690,233.4586250782013,0.5834257299953606,0.0004357814788818359,0.00015153884887695313,9.021759033203124e-05,0.9095840867992767
1695,234.11368536949158,0.6962676974420902,0.0004415750503540039,0.00015504360198974608,9.2315673828125e-05,0.9059674502712477
1700,234.77547526359558,0.36827668368059674,0.00043740272521972654,0.00015277862548828124,0.00011374950408935547,0.9113924050632911
1705,235.4376220703125,0.30243043330265207,0.00045282840728759765,0.00015921592712402343,0.00010037422180175781,0.8969258589511754
1710,236.09290027618408,0.278692081250847,0.00045990943908691406,0.00016112327575683593,0.00010676383972167969,0.9077757685352622
1715,236.75796031951904,0.25867105013712716,0.0004271030426025391,0.00014417171478271485,0.000109100341796875,0.9113924050632911
1720,237.43109512329102,0.33386157459244714,0.0004402875900268555,0.00015664100646972656,0.00010344982147216796,0.895117540687161
1725,238.09429717063904,0.45564742579190354,0.0004129648208618164,0.0001361370086669922,0.00010476112365722656,0.8933092224231465
1730,238.74853134155273,0.04610988100062059,0.00041713714599609373,0.00013840198516845703,0.00011074542999267578,0.8860759493670886
1735,239.40420126914978,0.3148996622650884,0.00041713714599609373,0.00013840198516845703,0.00010714530944824218,0.8860759493670886
1740,240.0620572566986,0.14673861725568713,0.00042130947113037107,0.00014066696166992188,0.00010404586791992187,0.8860759493670886
1745,240.7170433998108,0.06469248096469897,0.0004486560821533203,0.00015695095062255858,0.0001043081283569336,0.8878842676311031
1750,241.3608844280243,0.1882995209964065,0.0004473686218261719,0.00015854835510253906,0.0001081228256225586,0.8896925858951176
1755,242.01236128807068,0.26520310034998146,0.00043740272521972654,0.00015277862548828124,9.925365447998047e-05,0.8896925858951176
1760,242.66580605506897,0.47918949201703215,0.0004338502883911133,0.00014324188232421874,0.00010015964508056641,0.8878842676311031
1765,243.30923318862915,0.09704565229994841,0.0004541158676147461,0.00015761852264404297,0.0001026153564453125,0.8878842676311031
1770,243.94652724266052,0.06226972350564779,0.0004316091537475586,0.0001492738723754883,0.00010099411010742188,0.8878842676311031
1775,244.64412117004395,0.25591081064194443,0.0004676342010498047,0.00017292499542236327,0.00010881423950195312,0.9041591320072333
1780,245.3309543132782,0.34428113322387616,0.00042068958282470703,0.00014793872833251953,0.00010654926300048828,0.8824593128390597
1785,246.0176522731781,0.2653470127581386,0.00044286251068115234,0.00015344619750976563,0.00010836124420166016,0.8734177215189873
1790,246.67721915245056,0.27948967342090325,0.0004316091537475586,0.0001492738723754883,9.694099426269532e-05,0.8806509945750453
1795,247.36381006240845,0.041769974611815995,0.0004271030426025391,0.00014417171478271485,0.00012471675872802735,0.8933092224231465
1800,248.05614924430847,0.1812050933126102,0.0004316091537475586,0.0001492738723754883,0.0001043558120727539,0.8987341772151899
1805,248.72231602668762,0.2230409029732982,0.0004743814468383789,0.00017199516296386718,0.00010027885437011719,0.9041591320072333
1810,249.39357900619507,0.12390652579949801,0.0004316091537475586,0.0001492738723754883,0.00011792182922363282,0.9113924050632911
1815,250.06912112236023,0.011964635699709448,0.00041134357452392577,0.00013489723205566405,0.00010340213775634765,0.9095840867992767
1820,250.73707818984985,0.13860930672149152,0.0004332304000854492,0.0001505136489868164,0.00010485649108886719,0.9095840867992767
1825,251.40086340904236,0.20583671799859077,0.00042743682861328124,0.00014700889587402344,0.00010745525360107422,0.8987341772151899
1830,252.06892728805542,0.21622658353991256,0.00041713714599609373,0.00013840198516845703,0.00011315345764160157,0.8842676311030742
1835,252.72976732254028,0.04163649854599498,0.00044770240783691405,0.00016138553619384765,0.00011005401611328126,0.8752260397830018
1840,253.38921809196472,0.8171252169107902,0.0004370689392089844,0.00014994144439697265,0.00010828971862792968,0.8734177215189873
1845,254.04664826393127,0.26412293575116336,0.0003955841064453125,0.00012562274932861328,0.00011208057403564454,0.8698010849909584
1850,254.72076225280762,0.24577433306258173,0.0004203557968139648,0.00014510154724121094,0.00011434555053710938,0.8770343580470162
1855,255.39613318443298,0.5999026776677227,0.00043127536773681643,0.0001464366912841797,0.00011532306671142578,0.8987341772151899
1860,256.082848072052,0.20710664507960813,0.00038754940032958984,0.00012814998626708984,0.00011343955993652344,0.9113924050632911
1865,256.7429623603821,0.25513964886123974,0.0004004240036010742,0.00013356208801269532,0.00010664463043212891,0.9005424954792043
1870,257.45419907569885,0.14403282078001212,0.0004216432571411133,0.00014350414276123046,0.00010404586791992187,0.9059674502712477
1875,258.1200141906738,0.10836695568077773,0.0004216432571411133,0.00014350414276123046,9.615421295166016e-05,0.9113924050632911
1880,258.83677434921265,0.6408567700535059,0.00041201114654541013,0.00014057159423828126,0.00012514591217041015,0.9113924050632911
1885,259.54696822166443,0.09911674337345175,0.0004203557968139648,0.00014510154724121094,0.00010766983032226563,0.9132007233273056
1890,260.4151442050934,0.0839666482656412,0.0004216432571411133,0.00014350414276123046,0.00020079612731933595,0.9077757685352622
1895,261.14151430130005,0.182824450265673,0.00044286251068115234,0.00015344619750976563,0.00010538101196289062,0.895117540687161
1900,261.82462215423584,0.2725130535720382,0.00042130947113037107,0.00014066696166992188,0.00011069774627685547,0.8896925858951176
1905,262.4905593395233,0.33623905872810267,0.0004486560821533203,0.00015695095062255858,0.00011065006256103516,0.9005424954792043
1910,263.17700242996216,0.21757742724294077,0.0004184246063232422,0.00013680458068847655,0.00013358592987060546,0.9113924050632911
1915,263.87953424453735,0.4127260575784021,0.0004383563995361328,0.0001483440399169922,0.00013179779052734374,0.9132007233273056
1920,264.59955406188965,0.1332406456813544,0.0004383563995361328,0.0001483440399169922,0.00010166168212890624,0.9168173598553345
1925,265.2544722557068,0.2615235649813258,0.00045506954193115235,0.0001531839370727539,0.00010211467742919922,0.9150090415913201
1930,265.90820121765137,0.13125571492128074,0.00041072368621826173,0.0001421689987182617,0.00010235309600830078,0.891500904159132
1935,266.55986523628235,0.3248332134913653,0.0004518747329711914,0.0001636505126953125,9.791851043701172e-05,0.8734177215189873
1940,267.2331943511963,0.1879411517562403,0.0004586219787597656,0.0001627206802368164,0.00010433197021484376,0.8535262206148282
1945,267.87407636642456,0.43787522036509474,0.00044252872467041013,0.00015060901641845704,9.937286376953125e-05,0.864376130198915
1950,268.55675625801086,0.106096264871303,0.00045766830444335935,0.00016715526580810547,0.00012006759643554688,0.8716094032549728
1955,269.23499822616577,0.25098743685739466,0.0004165172576904297,0.0001456737518310547,0.00010514259338378906,0.8824593128390597
1960,269.9046940803528,0.4610011590877548,0.0004017114639282227,0.00013196468353271484,0.00011160373687744141,0.8860759493670886
1965,270.57609701156616,0.3387958081697434,0.0004473686218261719,0.00015854835510253906,0.00011668205261230468,0.8969258589511754
1970,271.3966462612152,0.6119016447861213,0.00041005611419677737,0.00013649463653564453,0.00010704994201660156,0.9059674502712477
1975,272.06613516807556,0.5609264721570071,0.00046858787536621096,0.00016849040985107423,0.00010519027709960937,0.9240506329113924
1980,272.7276060581207,0.04702983903844142,0.0004419088363647461,0.0001578807830810547,0.00010488033294677734,0.9059674502712477
1985,273.3732011318207,0.5268102564562696,0.00045957565307617185,0.00015828609466552734,0.00010635852813720704,0.9005424954792043
1990,274.03917622566223,0.24767808814067394,0.00042743682861328124,0.00014700889587402344,9.818077087402344e-05,0.9023508137432188
1995,274.70650911331177,0.17508857848597473,0.00045154094696044924,0.0001608133316040039,0.00010974407196044922,0.8896925858951176
2000,275.3602192401886,0.7127451962791383,0.00041713714599609373,0.00013840198516845703,9.951591491699218e-05,0.8698010849909584
2005,276.0083923339844,0.10905080049906246,0.0004283905029296875,0.00014257431030273438,0.00010848045349121094,0.8806509945750453
2010,276.69572019577026,0.3158787817603468,0.0004058837890625,0.0001342296600341797,0.00011074542999267578,0.8752260397830018
2015,277.3668541908264,0.03321849366775496,0.00041134357452392577,0.00013489723205566405,9.527206420898438e-05,0.8716094032549728
2020,278.013934135437,0.14993993620164475,0.00045316219329833985,0.00016205310821533204,0.00010445117950439454,0.8716094032549728
2025,278.70835518836975,0.029202243938954098,0.0004541158676147461,0.00015761852264404297,0.00011255741119384766,0.8788426763110307
2030,279.3752462863922,0.21620340688546094,0.0004148960113525391,0.00014443397521972655,0.00010263919830322266,0.8933092224231465
2035,280.0387201309204,0.5302289265207975,0.0004283905029296875,0.00014257431030273438,9.472370147705078e-05,0.9023508137432188
2040,280.7053711414337,0.22251637735462282,0.00045957565307617185,0.00015828609466552734,9.565353393554687e-05,0.9059674502712477
2045,281.37017011642456,0.06045521714443112,0.0004586219787597656,0.0001627206802368164,0.00010972023010253906,0.9132007233273056
2050,282.0329351425171,0.17553031378020592,0.0004518747329711914,0.0001636505126953125,0.00011067390441894531,0.9132007233273056
2055,282.6927652359009,0.06780782063724473,0.00042614936828613283,0.0001486063003540039,9.775161743164062e-05,0.9113924050632911
2060,283.3347592353821,0.275834331847733,0.00044770240783691405,0.00016138553619384765,9.250640869140625e-05,0.9150090415913201
2065,284.0349862575531,0.30575302721481423,0.0004168033599853516,0.00013556480407714844,8.931159973144532e-05,0.9240506329113924
2070,284.7017741203308,0.15566168727382318,0.0004303216934204102,0.00015087127685546874,9.698867797851563e-05,0.9294755877034359
2075,285.35807633399963,0.03404509088723558,0.00043289661407470704,0.0001476764678955078,0.00010001659393310547,0.9240506329113924
2080,286.0001742839813,0.23396468107239912,0.0004486560821533203,0.00015695095062255858,0.00010886192321777344,0.9222423146473779
2085,286.6683671474457,0.03250803480143531,0.00046312808990478516,0.00016782283782958984,0.00010819435119628907,0.9204339963833634
2090,287.3449013233185,0.05531141045535719,0.00042259693145751953,0.0001390695571899414,0.00010175704956054688,0.9204339963833634
2095,288.0097641944885,0.17708973314147441,0.0004161834716796875,0.0001428365707397461,0.00011134147644042969,0.9276672694394213
2100,288.74936723709106,0.17086524889348312,0.00043289661407470704,0.0001476764678955078,0.00012083053588867188,0.9132007233273056
2105,289.50260519981384,0.10877429994871476,0.0004103899002075195,0.00013933181762695312,0.00011146068572998047,0.8806509945750453
2110,290.1634042263031,0.2225252485499368,0.00044448375701904296,0.00015468597412109374,9.903907775878906e-05,0.864376130198915
2115,290.8195950984955,0.16819825132770347,0.0004473686218261719,0.00015854835510253906,9.884834289550782e-05,0.8589511754068716
2120,291.4592523574829,0.952147469346653,0.00039975643157958985,0.00012788772583007812,0.00010657310485839844,0.8607594936708861
2125,292.11751914024353,0.25034926827647724,0.0004103899002075195,0.00013933181762695312,0.00010256767272949218,0.8661844484629295
2130,292.7795362472534,0.6327585104192679,0.00042130947113037107,0.00014066696166992188,0.00010485649108886719,0.8824593128390597
2135,293.4332582950592,0.2596203535294421,0.00042452812194824217,0.0001473665237426758,9.491443634033204e-05,0.9059674502712477
2140,294.08931827545166,0.21038855459082698,0.0004004240036010742,0.00013356208801269532,0.00010292530059814453,0.9276672694394213
2145,294.7519361972809,0.07442409229471422,0.0004103899002075195,0.00013933181762695312,0.00010631084442138671,0.9240506329113924
2150,295.4113383293152,0.1370900002394592,0.0003901243209838867,0.0001249551773071289,9.720325469970703e-05,0.9240506329113924
2155,296.06552505493164,0.2573846521969244,0.0004489898681640625,0.0001597881317138672,0.00010039806365966797,0.9258589511754068
2160,296.7200171947479,0.3256674161006231,0.0004203557968139648,0.00014510154724121094,0.00010356903076171874,0.9204339963833634
2165,297.42527413368225,0.0752808486695585,0.00039913654327392576,0.00013515949249267578,0.00010874271392822266,0.918625678119349
2170,298.08611035346985,0.15357130935472013,0.0004441499710083008,0.00015184879302978515,9.779930114746093e-05,0.9041591320072333
2175,298.7293071746826,0.15675146291250996,0.00041134357452392577,0.00013489723205566405,0.00010733604431152343,0.8933092224231465
2180,299.38356614112854,0.31443782423339145,0.00044832229614257815,0.00015411376953125,0.00010206699371337891,0.9005424954792043
2185,300.03630924224854,0.13297616560835196,0.0004441499710083008,0.00015184879302978515,0.0001073598861694336,0.9077757685352622
2190,300.6831932067871,0.24939204817974314,0.00041747093200683594,0.00014123916625976562,9.953975677490234e-05,0.9204339963833634
2195,301.32711601257324,0.192162390613953,0.00044252872467041013,0.00015060901641845704,0.0001008749008178711,0.918625678119349
2200,301.99917006492615,0.3342162151820972,0.0004351377487182617,0.0001416444778442383,9.722709655761719e-05,0.9222423146473779
2205,302.65654611587524,0.07175536290415038,0.0004473686218261719,0.00015854835510253906,9.255409240722656e-05,0.9240506329113924
2210,303.31179213523865,0.40672068250132726,0.00043773651123046875,0.00015561580657958985,9.920597076416016e-05,0.8987341772151899
2215,303.959899187088,0.13879549300704638,0.0004316091537475586,0.0001492738723754883,9.980201721191407e-05,0.8896925858951176
2220,304.6112742424011,0.342169617515151,0.0004740476608276367,0.0001691579818725586,9.686946868896485e-05,0.8806509945750453
2225,305.2722632884979,0.15583410365761666,0.0004316091537475586,0.0001492738723754883,9.930133819580078e-05,0.8788426763110307
2230,305.9248251914978,0.5578706298256307,0.0004422426223754883,0.0001607179641723633,9.856224060058593e-05,0.8933092224231465
2235,306.57650113105774,0.10157137967181598,0.00040075778961181643,0.0001363992691040039,0.0001055002212524414,0.895117540687161
2240,307.2231984138489,0.3814762093039462,0.00043289661407470704,0.0001476764678955078,9.655952453613281e-05,0.9023508137432188
2245,307.8859100341797,0.2030534345856722,0.00042002201080322267,0.00014226436614990235,0.00010309219360351562,0.9095840867992767
2250,308.5378873348236,0.504545253328979,0.0004473686218261719,0.00015854835510253906,0.00011639595031738281,0.9113924050632911
2255,309.2055113315582,0.33361603503726656,0.0004586219787597656,0.0001627206802368164,9.751319885253906e-05,0.9113924050632911
2260,309.90758419036865,0.31727277118479835,0.00045282840728759765,0.00015921592712402343,0.00010097026824951172,0.9059674502712477
2265,310.5634822845459,0.1633676821933477,0.00044994354248046876,0.00015535354614257813,0.00010862350463867188,0.9150090415913201
2270,311.2097043991089,0.26393998692728926,0.0004415750503540039,0.00015504360198974608,9.715557098388672e-05,0.9132007233273056
2275,311.8667950630188,0.42646397304492895,0.00041456222534179686,0.00014159679412841796,9.970664978027343e-05,0.8788426763110307
2280,312.52771615982056,0.32345355317916075,0.0004129648208618164,0.0001361370086669922,9.961128234863282e-05,0.8661844484629295
2285,313.1839270591736,0.20785825471393765,0.0004383563995361328,0.0001483440399169922,0.00010619163513183593,0.8535262206148282
2290,313.8265402317047,0.2601499587230137,0.00041263103485107423,0.0001332998275756836,9.911060333251953e-05,0.8752260397830018
2295,314.4787230491638,0.11247382483352482,0.0004203557968139648,0.00014510154724121094,0.00010170936584472657,0.8860759493670886
2300,315.13265109062195,0.046271800199158976,0.0004486560821533203,0.00015695095062255858,9.915828704833984e-05,0.8824593128390597
2305,315.783465385437,0.09990593564492797,0.0004415750503540039,0.00015504360198974608,9.829998016357422e-05,0.8860759493670886
2310,316.42733907699585,0.6459915756713599,0.000438690185546875,0.0001511812210083008,0.00010271072387695313,0.9041591320072333
2315,317.0787432193756,0.32769151006360175,0.00042259693145751953,0.0001390695571899414,0.000103759765625,0.9113924050632911
2320,317.7331020832062,0.04629655117346374,0.00047533512115478517,0.00016756057739257811,0.00010864734649658203,0.9240506329113924
2325,318.38428807258606,0.1229871272537025,0.00043611526489257814,0.00015437602996826172,0.0001005411148071289,0.9222423146473779
2330,319.0274040699005,0.1265861589461565,0.0004676342010498047,0.00017292499542236327,9.46044921875e-05,0.9168173598553345
2335,319.68641209602356,0.23744644816615762,0.00041072368621826173,0.0001421689987182617,9.267330169677734e-05,0.9168173598553345
2340,320.34582233428955,0.17910885983656044,0.00042130947113037107,0.00014066696166992188,0.00010371208190917969,0.9240506329113924
2345,321.0144622325897,0.2574002760389703,0.0004473686218261719,0.00015854835510253906,0.00011043548583984375,0.9258589511754068
2350,321.66956329345703,0.018912702787201852,0.0004383563995361328,0.0001483440399169922,0.00010721683502197265,0.9204339963833634
2355,322.32442331314087,0.07678389568354901,0.00042614936828613283,0.0001486063003540039,0.00010523796081542968,0.9150090415913201
2360,323.02674627304077,0.16891517649310117,0.00047984123229980467,0.00017266273498535157,0.00010695457458496094,0.9168173598553345
2365,323.67589020729065,0.04757616455585776,0.0004271030426025391,0.00014417171478271485,0.0001003265380859375,0.9168173598553345
2370,324.32853412628174,0.05623013563586028,0.0004004240036010742,0.00013356208801269532,9.915828704833984e-05,0.9150090415913201
2375,324.9838991165161,0.4816476343319437,0.00043289661407470704,0.0001476764678955078,0.0001065969467163086,0.9095840867992767
2380,325.6515111923218,0.14318160668537985,0.0004161834716796875,0.0001428365707397461,0.00012753009796142578,0.8607594936708861
2385,326.4542212486267,0.2179527236869035,0.000438690185546875,0.0001511812210083008,0.00011670589447021484,0.8390596745027125
2390,327.1471543312073,1.0583391231572024,0.0004419088363647461,0.0001578807830810547,0.00012311935424804687,0.840867992766727
2395,327.8094742298126,0.9270777528956387,0.00043256282806396483,0.00014483928680419922,0.00011124610900878907,0.8553345388788427
2400,328.47857308387756,0.10559743573479637,0.0004058837890625,0.0001342296600341797,0.00011093616485595703,0.8444846292947559
2405,329.15351724624634,0.2632290588458318,0.00041005611419677737,0.00013649463653564453,0.00011942386627197265,0.8390596745027125
2410,329.9196653366089,0.892838735624764,0.00042002201080322267,0.00014226436614990235,0.00011749267578125,0.8824593128390597
2415,330.6085832118988,0.16135234725696818,0.00039913654327392576,0.00013515949249267578,0.00010619163513183593,0.9041591320072333
2420,331.2928943634033,0.10633583362270257,0.00039463043212890626,0.00013005733489990234,0.00010201930999755859,0.9204339963833634
2425,331.9563992023468,0.11154509223997593,0.00042743682861328124,0.00014700889587402344,0.00012137889862060547,0.9204339963833634
2430,332.73322224617004,0.06609457676677266,0.0004316091537475586,0.0001492738723754883,0.00011897087097167969,0.918625678119349
2435,333.4330232143402,0.8303144596982748,0.00041747093200683594,0.00014123916625976562,0.0001016378402709961,0.9240506329113924
2440,334.1455292701721,0.06097952956442896,0.0004091024398803711,0.0001409292221069336,0.00011205673217773438,0.9349005424954792
2445,334.8421561717987,0.1860611077525391,0.00042293071746826174,0.00014190673828125,0.00011479854583740234,0.9294755877034359
2450,335.5244390964508,0.10945223126341261,0.0004370689392089844,0.00014994144439697265,0.00010313987731933594,0.9258589511754068
2455,336.2506082057953,0.0884155752020888,0.0004316091537475586,0.0001492738723754883,0.00010480880737304688,0.9168173598553345
2460,336.91987133026123,0.3415907555667232,0.00044960975646972655,0.00015251636505126954,9.89675521850586e-05,0.9132007233273056
2465,337.57648730278015,0.15271482772177478,0.0004129648208618164,0.0001361370086669922,9.393692016601562e-05,0.9258589511754068
2470,338.2461214065552,0.3460502223183539,0.00044832229614257815,0.00015411376953125,0.00010590553283691406,0.9258589511754068
2475,338.9101634025574,0.18802666026813314,0.00042259693145751953,0.0001390695571899414,0.00010037422180175781,0.9312839059674503
2480,339.5647621154785,0.15869096892420204,0.00045957565307617185,0.00015828609466552734,0.00010142326354980468,0.9403254972875226
2485,340.2103202342987,0.24767766599543392,0.00041201114654541013,0.00014057159423828126,0.00010530948638916015,0.9312839059674503
2490,340.8662621974945,0.15654022062084322,0.00044062137603759763,0.00015947818756103515,0.00010714530944824218,0.9204339963833634
2495,341.5217809677124,0.10032516406513423,0.00046858787536621096,0.00016849040985107423,0.00010116100311279297,0.918625678119349
2500,342.16943526268005,0.4365920933975758,0.0004383563995361328,0.0001483440399169922,9.894371032714844e-05,0.9077757685352622
2505,342.81385111808777,0.11490961082745485,0.0004618406295776367,0.00016942024230957032,9.729862213134766e-05,0.9041591320072333
2510,343.46702122688293,0.2938535069231989,0.0004065513610839844,0.00013990402221679686,0.00010883808135986328,0.9204339963833634
2515,344.14785838127136,0.21175433974713087,0.00040750503540039064,0.00013546943664550782,9.665489196777343e-05,0.895117540687161
2520,344.83411931991577,0.2696560674081979,0.00045154094696044924,0.0001608133316040039,0.00014197826385498047,0.9005424954792043
2525,345.5528812408447,0.714745271144784,0.0004258155822753906,0.0001457691192626953,0.00010230541229248047,0.9132007233273056
2530,346.28440499305725,0.21697734987683362,0.00044286251068115234,0.00015344619750976563,0.0001131296157836914,0.9150090415913201
2535,346.9524042606354,0.08586296040275557,0.0004473686218261719,0.00015854835510253906,0.00011396408081054688,0.9059674502712477
2540,347.6425631046295,0.45382530025688084,0.00047533512115478517,0.00016756057739257811,9.877681732177735e-05,0.9204339963833634
2545,348.3191673755646,0.11827545790915792,0.00042293071746826174,0.00014190673828125,9.59634780883789e-05,0.9294755877034359
2550,348.98378109931946,0.32331177810883815,0.0004402875900268555,0.00015664100646972656,0.00010559558868408203,0.9240506329113924
2555,349.78899812698364,0.3578303054676553,0.000411677360534668,0.00013773441314697267,0.00011713504791259766,0.9059674502712477
2560,350.4470992088318,0.033408359934198016,0.0004283905029296875,0.00014257431030273438,0.00010662078857421875,0.8987341772151899
2565,351.09480333328247,0.30138140270792346,0.0004058837890625,0.0001342296600341797,0.00010361671447753907,0.895117540687161
2570,351.78072023391724,0.018553282687236106,0.0004168033599853516,0.00013556480407714844,0.00010445117950439454,0.9023508137432188
2575,352.455646276474,0.10225503067913451,0.00045316219329833985,0.00016205310821533204,0.00010612010955810547,0.9005424954792043
2580,353.11138820648193,0.06651128110679565,0.0004486560821533203,0.00015695095062255858,0.00011162757873535156,0.9005424954792043
2585,353.78366017341614,0.1991010921779221,0.0004316091537475586,0.0001492738723754883,0.00010960102081298828,0.9113924050632911
2590,354.4520001411438,0.6988187817391008,0.0004283905029296875,0.00014257431030273438,0.00011537075042724609,0.9204339963833634
2595,355.1206212043762,0.06885558022533474,0.0004541158676147461,0.00015761852264404297,0.000101470947265625,0.9240506329113924
2600,355.78768825531006,0.038682497062620766,0.0004586219787597656,0.0001627206802368164,0.00010998249053955078,0.9222423146473779
2605,356.4560751914978,0.12433206147981082,0.0004518747329711914,0.0001636505126953125,0.00011157989501953125,0.9168173598553345
2610,357.12029218673706,0.05493708816357525,0.0004248619079589844,0.00015020370483398438,0.00011360645294189453,0.9023508137432188
2615,357.79544711112976,0.22561211473002912,0.00044319629669189455,0.00015628337860107422,0.00010833740234375,0.9095840867992767
2620,358.46143531799316,0.3746860301565903,0.00041134357452392577,0.00013489723205566405,0.00011568069458007812,0.9258589511754068
2625,359.1321642398834,0.02777310940418829,0.0004415750503540039,0.00015504360198974608,0.00010833740234375,0.9240506329113924
2630,359.8079001903534,0.03970070113428079,0.0004216432571411133,0.00014350414276123046,0.00011143684387207031,0.9276672694394213
2635,360.4943721294403,0.1461937835325898,0.00046987533569335936,0.00016689300537109375,0.00013000965118408202,0.9294755877034359
2640,361.1702661514282,0.06273893999855318,0.0004518747329711914,0.0001636505126953125,0.00010867118835449219,0.9312839059674503
2645,361.8634581565857,0.01724016515258455,0.00040683746337890627,0.00012979507446289062,0.00011188983917236328,0.9312839059674503
2650,362.5835201740265,0.08511428993269873,0.00044319629669189455,0.00015628337860107422,0.00010044574737548828,0.9276672694394213
2655,363.24470829963684,0.25727484550220653,0.00042743682861328124,0.00014700889587402344,0.00010695457458496094,0.9276672694394213
2660,363.9058873653412,0.07112778233727113,0.0004004240036010742,0.00013356208801269532,0.00010101795196533203,0.9150090415913201
2665,364.5805082321167,0.1375828628326417,0.000438690185546875,0.0001511812210083008,0.00010759830474853516,0.9077757685352622
2670,365.2561902999878,0.36633981644845337,0.00045282840728759765,0.00015921592712402343,0.00010521411895751953,0.8987341772151899
2675,365.92279720306396,0.45092590296991375,0.000400090217590332,0.0001307249069213867,9.827613830566406e-05,0.8842676311030742
2680,366.597802400589,0.13790041719767032,0.0004203557968139648,0.00014510154724121094,0.00012502670288085937,0.8806509945750453
2685,367.28071117401123,0.5226723763330057,0.0004267692565917969,0.00014133453369140624,0.00011436939239501953,0.8933092224231465
2690,367.95396423339844,0.42190776626837306,0.0004033088684082031,0.00013742446899414062,0.00012328624725341797,0.9095840867992767
2695,368.63109135627747,0.06448640974213049,0.0004004240036010742,0.00013356208801269532,0.00012080669403076172,0.9240506329113924
2700,369.3065721988678,0.05046168160631055,0.0004103899002075195,0.00013933181762695312,0.000116729736328125,0.9330922242314648
2705,369.9812722206116,0.07468613819355738,0.0004158496856689453,0.0001399993896484375,0.0001035451889038086,0.9385171790235082
2710,370.65531635284424,0.198291629914047,0.0004232645034790039,0.0001447439193725586,0.00011181831359863281,0.9421338155515371
2715,371.3171730041504,0.32339824538357786,0.00041456222534179686,0.00014159679412841796,0.00011022090911865235,0.945750452079566
2720,371.97558403015137,0.05398521218675114,0.0004161834716796875,0.0001428365707397461,0.00011200904846191407,0.9385171790235082
2725,372.64442229270935,0.1358338574882069,0.0004383563995361328,0.0001483440399169922,0.00010964870452880859,0.9330922242314648
2730,373.308984041214,0.12639898936322425,0.0004316091537475586,0.0001492738723754883,0.00010657310485839844,0.9276672694394213
2735,373.9698622226715,0.19246943477483,0.0004383563995361328,0.0001483440399169922,0.00011875629425048829,0.9276672694394213
2740,374.64357829093933,0.21070816889448452,0.0004283905029296875,0.00014257431030273438,0.00010807514190673828,0.9276672694394213
2745,375.3047971725464,0.420957600256952,0.000438690185546875,0.0001511812210083008,0.00010607242584228515,0.9168173598553345
2750,376.02220010757446,0.06760274460612123,0.00043802261352539064,0.00014550685882568358,0.0001010894775390625,0.9113924050632911
2755,376.67506408691406,0.46436011066107313,0.0004441499710083008,0.00015184879302978515,0.00011131763458251953,0.9276672694394213
2760,377.33581829071045,0.1382381414712654,0.0004216432571411133,0.00014350414276123046,0.00010676383972167969,0.9312839059674503
2765,377.99206614494324,0.21730348282799242,0.00044770240783691405,0.00016138553619384765,0.00010828971862792968,0.9240506329113924
2770,378.65079617500305,0.16226570825310774,0.00044286251068115234,0.00015344619750976563,0.00010225772857666015,0.918625678119349