#{"solver": {"engine": {"type": "ExactEngine"}, "semiring": "GraphSemiring"}, "networks": [{"name": "perc_net_version_0_baseline", "module": "AD_V0_baseline_net(\n  (conv1): Conv2d(3, 6, kernel_size=(5, 5), stride=(1, 1))\n  (pool): MaxPool2d(kernel_size=2, stride=2, padding=0, dilation=1, ceil_mode=False)\n  (conv2): Conv2d(6, 16, kernel_size=(5, 5), stride=(1, 1))\n  (fc1): Linear(in_features=400, out_features=120, bias=True)\n  (fc2): Linear(in_features=120, out_features=84, bias=True)\n  (fc3): Linear(in_features=84, out_features=3, bias=True)\n  (softmax): Softmax(dim=-1)\n)", "optimizer": "Adam (\nParameter Group 0\n    amsgrad: False\n    betas: (0.9, 0.999)\n    capturable: False\n    differentiable: False\n    eps: 1e-08\n    foreach: None\n    fused: None\n    lr: 0.001\n    maximize: False\n    weight_decay: 0\n)", "k": null}], "program": "nn(perc_net_version_0_baseline,[Img],X,[0, 1, 2])::action(Img,X).\nautonomous_driving_baseline(Img,X) :- action(Img,X).\n"}
#Accuracy 0.9892665474060823
i,time,loss,ground_time,compile_time,eval_time,accuracy
5,0.03258395195007324,0.8793725490570068,0.00038738250732421874,0.00013427734375,0.0001081705093383789,0.3220035778175313
10,0.5803148746490479,1.1375442147254944,0.0005202770233154296,0.0001829385757446289,0.00010495185852050781,0.334525939177102
15,1.1205499172210693,1.0827344179153442,0.0005202770233154296,0.0001829385757446289,9.779930114746093e-05,0.3434704830053667
20,1.6644737720489502,0.9694771111011505,0.0005255699157714844,0.00017423629760742186,0.0001093149185180664,0.3434704830053667
25,2.2512099742889404,1.1070904016494751,0.0005202770233154296,0.0001829385757446289,9.853839874267578e-05,0.3434704830053667
30,2.789062738418579,1.4549980342388154,0.0005036830902099609,0.00015614032745361328,0.00010058879852294921,0.3434704830053667
35,3.330948829650879,1.152037352323532,0.0004878044128417969,0.00018224716186523437,0.00010738372802734374,0.3434704830053667
40,3.883525848388672,1.0918341040611268,0.0004900932312011719,0.0001514434814453125,0.00010218620300292969,0.6779964221824687
45,4.429973840713501,1.0871867418289185,0.0004848003387451172,0.00016014575958251954,9.8419189453125e-05,0.3220035778175313
50,4.975247859954834,1.0925090074539185,0.0004900932312011719,0.0001514434814453125,0.00010602474212646484,0.3220035778175313
55,5.517680883407593,1.0918501019477844,0.0004953861236572266,0.00014274120330810548,0.0001024484634399414,0.3220035778175313
60,6.062629699707031,1.1025538802146913,0.0004878044128417969,0.00018224716186523437,0.00010588169097900391,0.3220035778175313
65,6.61522364616394,1.0861293971538544,0.0004795074462890625,0.00016884803771972657,0.00010159015655517579,0.3220035778175313
70,7.158238887786865,1.1008988916873932,0.0005036830902099609,0.00015614032745361328,0.00010805130004882812,0.3220035778175313
75,7.702394723892212,1.085955375432968,0.0004930973052978515,0.00017354488372802734,0.00010182857513427735,0.3220035778175313
80,8.246063709259033,1.0580857276916504,0.0004765033721923828,0.00014674663543701172,0.00010249614715576171,0.4329159212880143
85,8.791804790496826,1.0503496706485749,0.0004765033721923828,0.00014674663543701172,0.00010745525360107422,0.43828264758497315
90,9.337132930755615,1.0460101187229156,0.0004953861236572266,0.00014274120330810548,9.970664978027343e-05,0.5259391771019678
95,9.877044916152954,1.0328425407409667,0.0004900932312011719,0.0001514434814453125,9.968280792236329e-05,0.4991055456171735
100,10.418414831161499,1.0325380206108092,0.0005119800567626953,0.0001695394515991211,0.00010673999786376953,0.7441860465116279
105,10.960387706756592,0.9287302970886231,0.00051727294921875,0.00016083717346191407,0.00010342597961425782,0.5313059033989267
110,11.507409811019897,0.6746981382369995,0.0005338668823242187,0.0001876354217529297,0.00010495185852050781,0.49731663685152055
115,12.093212842941284,1.0732474893331527,0.0004878044128417969,0.00018224716186523437,0.0001081228256225586,0.5402504472271914
120,12.636159896850586,0.9072543025016785,0.0004900932312011719,0.0001514434814453125,0.00010821819305419921,0.8694096601073346
125,13.199022769927979,0.8570989012718201,0.0004765033721923828,0.00014674663543701172,0.00011475086212158203,0.8604651162790697
130,13.747314929962158,0.7442761152982712,0.00046291351318359373,0.00014204978942871093,9.808540344238281e-05,0.8372093023255814
135,14.295222043991089,0.5890673592686653,0.00047121047973632815,0.00015544891357421875,0.00010209083557128906,0.7692307692307693
140,14.837702751159668,0.5563481636345387,0.0005036830902099609,0.00015614032745361328,9.427070617675781e-05,0.851520572450805
145,15.380196809768677,0.35003506690263747,0.0004930973052978515,0.00017354488372802734,9.89675521850586e-05,0.9141323792486583
150,15.919293880462646,0.3003151001408696,0.0004825115203857422,0.0001909494400024414,0.00011532306671142578,0.9051878354203936
155,16.49099373817444,0.1530452820879873,0.0005066871643066406,0.00017824172973632813,0.00011479854583740234,0.8676207513416816
160,17.03990602493286,0.3208318175471504,0.0004848003387451172,0.00016014575958251954,0.00010023117065429687,0.8604651162790697
165,17.607168912887573,0.2864258341054665,0.0004795074462890625,0.00016884803771972657,0.000122833251953125,0.8372093023255814
170,18.150007724761963,0.1753843460435746,0.0004930973052978515,0.00017354488372802734,0.00010228157043457031,0.8658318425760286
175,18.69915270805359,0.11519091438858595,0.00046591758728027345,0.00016415119171142578,0.00010669231414794922,0.9069767441860465
180,19.238414764404297,0.3623862059845123,0.0005066871643066406,0.00017824172973632813,0.00010094642639160156,0.9159212880143113
185,19.777079820632935,0.3510091708492837,0.0004961013793945313,0.0001956462860107422,0.0001110076904296875,0.8640429338103757
190,20.327327013015747,0.22092575094648054,0.0005036830902099609,0.00015614032745361328,0.00010724067687988282,0.9159212880143113
195,20.869521856307983,0.07670948310751555,0.0005119800567626953,0.0001695394515991211,0.00010230541229248047,0.9320214669051878
200,21.413232803344727,0.15080273669991584,0.0004878044128417969,0.00018224716186523437,0.00010728836059570312,0.9284436493738819
205,21.98165488243103,0.6201976076350547,0.0005036830902099609,0.00015614032745361328,0.000106048583984375,0.8998211091234347
210,22.52876901626587,0.0837275492594017,0.0004765033721923828,0.00014674663543701172,0.00011334419250488281,0.8962432915921288
215,23.12300682067871,0.920016092073638,0.0004930973052978515,0.00017354488372802734,9.946823120117187e-05,0.8604651162790697
220,23.65900993347168,0.1966629377391655,0.0005066871643066406,0.00017824172973632813,0.00010771751403808594,0.9016100178890877
225,24.19902777671814,0.5138765250419965,0.00046591758728027345,0.00016415119171142578,9.853839874267578e-05,0.8479427549194991
230,24.74238109588623,0.2060882995840984,0.0004742145538330078,0.0001775503158569336,0.00011200904846191407,0.8908765652951699
235,25.29291272163391,0.09116993802017533,0.0004825115203857422,0.0001909494400024414,0.000107574462890625,0.9069767441860465
240,25.8434419631958,0.14667639911640434,0.0004742145538330078,0.0001775503158569336,0.00010008811950683594,0.8801431127012522
245,26.406627655029297,0.19674743860814486,0.00051727294921875,0.00016083717346191407,0.00011088848114013672,0.8944543828264758
250,26.96214985847473,0.03780508508789353,0.0004908084869384765,0.00020434856414794922,0.00011272430419921875,0.8998211091234347
255,27.51421070098877,0.4643695688340813,0.0004848003387451172,0.00016014575958251954,0.00011658668518066406,0.9087656529516994
260,28.07626485824585,0.3219176826416515,0.0004930973052978515,0.00017354488372802734,0.00010750293731689453,0.9105545617173524
265,28.63420796394348,0.23375470649539237,0.0005119800567626953,0.0001695394515991211,0.00010991096496582031,0.9409660107334525
270,29.19784188270569,0.18140617276658305,0.0004983901977539063,0.0001648426055908203,0.00011491775512695312,0.7996422182468694
275,29.74716591835022,0.2966358613794,0.0004817962646484375,0.0001380443572998047,0.00010607242584228515,0.889087656529517
280,30.296067714691162,0.41567833493463696,0.0004848003387451172,0.00016014575958251954,0.00011703968048095703,0.8783542039355993
285,30.85114598274231,0.0706119854701683,0.0004983901977539063,0.0001648426055908203,0.00010921955108642579,0.9016100178890877
290,31.397722721099854,0.23627538225700845,0.0005202770233154296,0.0001829385757446289,0.00010008811950683594,0.9141323792486583
295,31.962536811828613,0.14172940840944648,0.0005202770233154296,0.0001829385757446289,0.00010201930999755859,0.9159212880143113
300,32.52482295036316,0.0689455330488272,0.0005255699157714844,0.00017423629760742186,0.0001010894775390625,0.9320214669051878
305,33.10709881782532,0.27853510514687513,0.0005202770233154296,0.0001829385757446289,9.844303131103515e-05,0.9320214669051878
310,33.71621775627136,0.17168022806581576,0.0005036830902099609,0.00015614032745361328,0.00010848045349121094,0.9230769230769231
315,34.26263689994812,0.19885030412988272,0.0004878044128417969,0.00018224716186523437,0.00010101795196533203,0.9212880143112702
320,34.80040884017944,0.5677588361118296,0.0004900932312011719,0.0001514434814453125,0.00010802745819091797,0.9302325581395349
325,35.339109897613525,0.5897604102268815,0.0004848003387451172,0.00016014575958251954,0.00010957717895507813,0.9463327370304114
330,35.88993573188782,0.3964280394699017,0.0004900932312011719,0.0001514434814453125,0.00010962486267089844,0.9534883720930233
335,36.45323395729065,0.20847334154254896,0.0004953861236572266,0.00014274120330810548,0.00010595321655273437,0.9355992844364938
340,37.01366972923279,0.27030069327247475,0.0004878044128417969,0.00018224716186523437,0.00010838508605957032,0.9427549194991055
345,37.57097864151001,0.22439860069764564,0.0004795074462890625,0.00016884803771972657,0.000102996826171875,0.9445438282647585
350,38.12254595756531,0.07353648005446303,0.0005036830902099609,0.00015614032745361328,0.00010788440704345703,0.9481216457960644
355,38.66657876968384,0.062183021928650814,0.0004930973052978515,0.00017354488372802734,0.00011515617370605469,0.9427549194991055
360,39.23425579071045,0.21303604593792896,0.0004765033721923828,0.00014674663543701172,0.00010950565338134766,0.9427549194991055
365,39.78511166572571,0.12683918839648242,0.0004765033721923828,0.00014674663543701172,0.00010881423950195312,0.9302325581395349
370,40.33582592010498,0.043262789917935154,0.0004953861236572266,0.00014274120330810548,0.00010282993316650391,0.889087656529517
375,40.86892580986023,0.648097206628887,0.0004900932312011719,0.0001514434814453125,0.00010366439819335938,0.9051878354203936
380,41.39704966545105,0.2766103420873634,0.0005119800567626953,0.0001695394515991211,9.379386901855468e-05,0.924865831842576
385,41.92918872833252,0.06551937799358853,0.00051727294921875,0.00016083717346191407,9.97304916381836e-05,0.9194991055456172
390,42.45225286483765,0.8106317044300454,0.0005338668823242187,0.0001876354217529297,0.00010194778442382813,0.9534883720930233
395,42.98086094856262,0.1872735118959099,0.0004878044128417969,0.00018224716186523437,0.000102996826171875,0.960644007155635
400,43.5167498588562,0.03540748065317416,0.0004900932312011719,0.0001514434814453125,9.834766387939453e-05,0.964221824686941
405,44.052594900131226,0.12250242107547962,0.0004765033721923828,0.00014674663543701172,0.00010633468627929688,0.962432915921288
410,44.6343297958374,0.13723203713102664,0.00046291351318359373,0.00014204978942871093,0.00010116100311279297,0.960644007155635
415,45.165040731430054,0.18441885584038714,0.00047121047973632815,0.00015544891357421875,0.00010540485382080079,0.964221824686941
420,45.695300817489624,0.03176192686735533,0.0005036830902099609,0.00015614032745361328,0.00010166168212890624,0.9588550983899821
425,46.222508907318115,0.061755745136248666,0.0004930973052978515,0.00017354488372802734,9.493827819824218e-05,0.962432915921288
430,46.75114393234253,0.061185683531277846,0.0004825115203857422,0.0001909494400024414,9.999275207519531e-05,0.9660107334525939
435,47.28037977218628,0.013186183306989108,0.0005066871643066406,0.00017824172973632813,0.00010509490966796875,0.964221824686941
440,47.80359673500061,0.2676935861001084,0.0004848003387451172,0.00016014575958251954,0.00010077953338623047,0.9660107334525939
445,48.33035492897034,0.11733359114732593,0.0004795074462890625,0.00016884803771972657,9.789466857910157e-05,0.9409660107334525
450,48.86118674278259,0.024443280309833428,0.0004930973052978515,0.00017354488372802734,0.00010895729064941406,0.9463327370304114
455,49.393056869506836,0.09878954564628657,0.00046591758728027345,0.00016415119171142578,0.00010306835174560547,0.9463327370304114
460,49.921244859695435,0.2681291640241398,0.0005066871643066406,0.00017824172973632813,0.00011162757873535156,0.9463327370304114
465,50.448317766189575,0.21014749282039702,0.0004961013793945313,0.0001956462860107422,9.946823120117187e-05,0.9355992844364938
470,50.981626749038696,0.0647594354391913,0.0005036830902099609,0.00015614032745361328,9.815692901611328e-05,0.9355992844364938
475,51.512709856033325,0.050857055185042556,0.0005119800567626953,0.0001695394515991211,9.996891021728516e-05,0.9409660107334525
480,52.03750491142273,0.14453346527321856,0.0004878044128417969,0.00018224716186523437,0.000101470947265625,0.9516994633273703
485,52.567054748535156,0.44149746422308456,0.0005036830902099609,0.00015614032745361328,0.00010137557983398437,0.9660107334525939
490,53.09006071090698,0.02137103966515639,0.0004765033721923828,0.00014674663543701172,0.00010285377502441406,0.964221824686941
495,53.619592905044556,0.2267205479020049,0.0004930973052978515,0.00017354488372802734,0.00010221004486083984,0.960644007155635
500,54.15429878234863,0.09848340084881783,0.0005066871643066406,0.00017824172973632813,0.000101470947265625,0.9731663685152058
505,54.72648882865906,0.06327060040203207,0.00046591758728027345,0.00016415119171142578,9.868144989013671e-05,0.9463327370304114
510,55.25056266784668,0.17248188075537882,0.0004742145538330078,0.0001775503158569336,9.715557098388672e-05,0.964221824686941
515,55.77340078353882,0.019732226266205542,0.0004825115203857422,0.0001909494400024414,0.000106048583984375,0.9570661896243292
520,56.29720592498779,0.12484022208373631,0.0004742145538330078,0.0001775503158569336,0.00010917186737060546,0.9588550983899821
525,56.82461595535278,0.04372210310942961,0.00051727294921875,0.00016083717346191407,9.908676147460938e-05,0.9516994633273703
530,57.34744882583618,0.010342678104279912,0.0004908084869384765,0.00020434856414794922,0.00010459423065185547,0.9391771019677997
535,57.87131977081299,0.5011092954438936,0.0004848003387451172,0.00016014575958251954,9.639263153076172e-05,0.924865831842576
540,58.39614796638489,0.3483878402166738,0.0004930973052978515,0.00017354488372802734,0.00010387897491455078,0.9677996422182469
545,58.920233964920044,0.06735969623938018,0.0005119800567626953,0.0001695394515991211,9.934902191162109e-05,0.8926654740608229
550,59.44317007064819,0.11563426349612485,0.0004983901977539063,0.0001648426055908203,9.641647338867187e-05,0.8819320214669052
555,59.9699387550354,0.21769917029969293,0.0004817962646484375,0.0001380443572998047,9.846687316894531e-05,0.9677996422182469
560,60.494953870773315,0.07497241752297441,0.0004848003387451172,0.00016014575958251954,9.882450103759766e-05,0.9660107334525939
565,61.01880979537964,0.09379224203935337,0.0004983901977539063,0.0001648426055908203,0.00011134147644042969,0.9660107334525939
570,61.54326295852661,0.02827017074698688,0.0005202770233154296,0.0001829385757446289,9.953975677490234e-05,0.9677996422182469
575,62.07060098648071,0.06415780984855246,0.0005202770233154296,0.0001829385757446289,0.00010428428649902343,0.9660107334525939
580,62.5943489074707,0.10636343884254984,0.0005255699157714844,0.00017423629760742186,0.00010306835174560547,0.962432915921288
585,63.126447916030884,0.013613505200783037,0.0005202770233154296,0.0001829385757446289,0.00010700225830078125,0.9588550983899821
590,63.657837867736816,0.1163762057061831,0.0005036830902099609,0.00015614032745361328,9.670257568359376e-05,0.960644007155635
595,64.18758296966553,0.07002090994644732,0.0004878044128417969,0.00018224716186523437,0.00010302066802978516,0.9588550983899821
600,64.7132978439331,0.322716915155776,0.0004900932312011719,0.0001514434814453125,0.000107574462890625,0.962432915921288
605,65.28780579566956,0.3241141491846065,0.0004848003387451172,0.00016014575958251954,0.0001033782958984375,0.9731663685152058
610,65.81944584846497,0.09324280624427957,0.0004900932312011719,0.0001514434814453125,0.00010416507720947265,0.9785330948121646
615,66.35929083824158,0.08427286977603358,0.0004953861236572266,0.00014274120330810548,0.00010037422180175781,0.9713774597495528
620,66.89575672149658,0.20300286780114335,0.0004878044128417969,0.00018224716186523437,9.665489196777343e-05,0.9677996422182469
625,67.41924285888672,0.07618514545075072,0.0004795074462890625,0.00016884803771972657,0.00010504722595214844,0.9660107334525939
630,67.94128203392029,0.006733203871428372,0.0005036830902099609,0.00015614032745361328,0.0001005411148071289,0.962432915921288
635,68.46751689910889,0.03278519570849312,0.0004930973052978515,0.00017354488372802734,9.655952453613281e-05,0.962432915921288
640,68.99092674255371,0.04234744198050748,0.0004765033721923828,0.00014674663543701172,9.243488311767578e-05,0.9695885509838998
645,69.51443576812744,0.014366275211847324,0.0004765033721923828,0.00014674663543701172,0.00010216236114501953,0.9731663685152058
650,70.03720593452454,0.02216328651702639,0.0004953861236572266,0.00014274120330810548,0.00010056495666503907,0.964221824686941
655,70.56166982650757,0.034097536766057604,0.0004900932312011719,0.0001514434814453125,0.00010256767272949218,0.9552772808586762
660,71.08827185630798,0.25849739395471827,0.0005119800567626953,0.0001695394515991211,0.00010154247283935546,0.9338103756708408
665,71.61284184455872,0.06879737343452348,0.00051727294921875,0.00016083717346191407,0.00010173320770263672,0.9159212880143113
670,72.13580799102783,0.5204612648069287,0.0005338668823242187,0.0001876354217529297,0.00010273456573486328,0.9695885509838998
675,72.6613929271698,0.02768628055928275,0.0004878044128417969,0.00018224716186523437,0.00010039806365966797,0.9731663685152058
680,73.1837990283966,0.011862869699058365,0.0004900932312011719,0.0001514434814453125,9.691715240478516e-05,0.9713774597495528
685,73.70937275886536,0.0395594296620402,0.0004765033721923828,0.00014674663543701172,0.00010530948638916015,0.9677996422182469
690,74.23049879074097,0.044225174975153436,0.00046291351318359373,0.00014204978942871093,0.00010590553283691406,0.9660107334525939
695,74.75173497200012,0.21251485418179072,0.00047121047973632815,0.00015544891357421875,0.00010967254638671875,0.9713774597495528
700,75.32678890228271,0.007320285507047686,0.0005036830902099609,0.00015614032745361328,0.00010099411010742188,0.9713774597495528
705,75.85013484954834,0.026602835865196538,0.0004930973052978515,0.00017354488372802734,0.00010173320770263672,0.9731663685152058
710,76.3696677684784,0.0337718325885362,0.0004825115203857422,0.0001909494400024414,0.00010151863098144532,0.9749552772808586
715,76.88544797897339,0.006308867067127721,0.0005066871643066406,0.00017824172973632813,0.000104522705078125,0.9749552772808586
720,77.40054082870483,0.23256592651889463,0.0004848003387451172,0.00016014575958251954,0.00010449886322021485,0.9749552772808586
725,77.91822576522827,0.036572751264839096,0.0004795074462890625,0.00016884803771972657,9.40084457397461e-05,0.9749552772808586
730,78.43652987480164,0.0043796037648235146,0.0004930973052978515,0.00017354488372802734,0.00010395050048828125,0.9749552772808586
735,78.95614171028137,0.07070430116776265,0.00046591758728027345,0.00016415119171142578,0.00010318756103515625,0.9731663685152058
740,79.47543692588806,0.2517516920972412,0.0005066871643066406,0.00017824172973632813,0.00010237693786621093,0.9713774597495528
745,79.99608778953552,0.13175080486307705,0.0004961013793945313,0.0001956462860107422,0.00010142326354980468,0.9767441860465116
750,80.51204681396484,0.049719565957275336,0.0005036830902099609,0.00015614032745361328,0.00010170936584472657,0.9731663685152058
755,81.02673983573914,0.005376839301197834,0.0005119800567626953,0.0001695394515991211,0.00010380744934082031,0.9713774597495528
760,81.54179191589355,0.009570905237285387,0.0004878044128417969,0.00018224716186523437,0.00010044574737548828,0.9731663685152058
765,82.05697584152222,0.35933278137886193,0.0005036830902099609,0.00015614032745361328,9.710788726806641e-05,0.9409660107334525
770,82.57020783424377,0.03365150627521416,0.0004765033721923828,0.00014674663543701172,9.827613830566406e-05,0.9534883720930233
775,83.0852108001709,0.15772924127315946,0.0004930973052978515,0.00017354488372802734,9.379386901855468e-05,0.9534883720930233
780,83.60224485397339,0.3851982740981896,0.0005066871643066406,0.00017824172973632813,0.00010721683502197265,0.9803220035778175
785,84.12185883522034,0.036623162276134734,0.00046591758728027345,0.00016415119171142578,9.737014770507812e-05,0.9874776386404294
790,84.64613676071167,0.07521783023997272,0.0004742145538330078,0.0001775503158569336,0.00010001659393310547,0.9856887298747764
795,85.16685700416565,0.01032503528504094,0.0004825115203857422,0.0001909494400024414,0.0001079559326171875,0.9856887298747764
800,85.73720073699951,0.12446022726656451,0.0004742145538330078,0.0001775503158569336,0.00010247230529785157,0.9785330948121646
805,86.26293563842773,0.0049457578232591,0.00051727294921875,0.00016083717346191407,0.00010018348693847656,0.9767441860465116
810,86.78474068641663,0.02655010651305929,0.0004908084869384765,0.00020434856414794922,0.00010213851928710937,0.9767441860465116
815,87.30891966819763,0.08179255030563581,0.0004848003387451172,0.00016014575958251954,0.00010628700256347657,0.9785330948121646
820,87.83372473716736,0.11496710975063706,0.0004930973052978515,0.00017354488372802734,9.562969207763672e-05,0.9803220035778175
825,88.35555481910706,0.010054062740563552,0.0005119800567626953,0.0001695394515991211,9.281635284423828e-05,0.9821109123434705
830,88.88282489776611,0.008018863890204387,0.0004983901977539063,0.0001648426055908203,0.00010333061218261718,0.9821109123434705
835,89.40269780158997,0.025973418537705583,0.0004817962646484375,0.0001380443572998047,0.00010936260223388672,0.9821109123434705
840,89.92176365852356,0.04315492118075923,0.0004848003387451172,0.00016014575958251954,0.00010573863983154297,0.9821109123434705
845,90.43912386894226,0.0709847518297508,0.0004983901977539063,0.0001648426055908203,9.72747802734375e-05,0.9821109123434705
850,90.95785880088806,0.009912181379331742,0.0005202770233154296,0.0001829385757446289,9.951591491699218e-05,0.9803220035778175
855,91.46973896026611,0.04046410864097823,0.0005202770233154296,0.0001829385757446289,0.00010182857513427735,0.9821109123434705
860,91.9876549243927,0.009590213958404092,0.0005255699157714844,0.00017423629760742186,0.00010581016540527344,0.9767441860465116
865,92.50224781036377,0.0011238016644853134,0.0005202770233154296,0.0001829385757446289,0.00010159015655517579,0.9767441860465116
870,93.01626396179199,0.0829254224551633,0.0005036830902099609,0.00015614032745361328,0.00010602474212646484,0.9803220035778175
875,93.52872705459595,0.03301839375090054,0.0004878044128417969,0.00018224716186523437,0.00010662078857421875,0.9803220035778175
880,94.0401337146759,0.02243894979549168,0.0004900932312011719,0.0001514434814453125,0.00010526180267333984,0.9803220035778175
885,94.54939699172974,0.22631750584537258,0.0004848003387451172,0.00016014575958251954,0.0001018524169921875,0.9803220035778175
890,95.06186699867249,0.04483625712036883,0.0004900932312011719,0.0001514434814453125,0.0001013040542602539,0.9803220035778175
895,95.61571478843689,0.034522077970189004,0.0004953861236572266,0.00014274120330810548,0.00010638236999511718,0.9803220035778175
900,96.12780380249023,0.15157579162989804,0.0004878044128417969,0.00018224716186523437,0.00010528564453125,0.9749552772808586
905,96.64414167404175,0.17832115787439876,0.0004795074462890625,0.00016884803771972657,0.00010342597961425782,0.9838998211091234
910,97.16161680221558,0.001797624275300791,0.0005036830902099609,0.00015614032745361328,9.808540344238281e-05,0.9660107334525939
915,97.68011498451233,0.031105688957416076,0.0004930973052978515,0.00017354488372802734,9.80377197265625e-05,0.9499105545617174
920,98.20299792289734,0.05110488317223201,0.0004765033721923828,0.00014674663543701172,9.999275207519531e-05,0.9516994633273703
925,98.72354483604431,0.003879730790509939,0.0004765033721923828,0.00014674663543701172,0.0001027822494506836,0.9499105545617174
930,99.24387669563293,0.016297289340596422,0.0004953861236572266,0.00014274120330810548,9.860992431640626e-05,0.9481216457960644
935,99.76407599449158,0.02027588027067395,0.0004900932312011719,0.0001514434814453125,0.00010340213775634765,0.9481216457960644
940,100.28124070167542,0.008662703537834205,0.0005119800567626953,0.0001695394515991211,0.00010352134704589843,0.9499105545617174
945,100.79625391960144,0.002972442392824348,0.00051727294921875,0.00016083717346191407,0.00010397434234619141,0.9499105545617174
950,101.31136083602905,0.47706569937950005,0.0005338668823242187,0.0001876354217529297,9.801387786865235e-05,0.9588550983899821
955,101.83913588523865,0.009088936628359079,0.0004878044128417969,0.00018224716186523437,0.00010728836059570312,0.9588550983899821
960,102.35776782035828,0.18989060781008646,0.0004900932312011719,0.0001514434814453125,9.70602035522461e-05,0.9749552772808586
965,102.87339687347412,0.09159648695297165,0.0004765033721923828,0.00014674663543701172,9.999275207519531e-05,0.9785330948121646
970,103.397775888443,0.09727279950266166,0.00046291351318359373,0.00014204978942871093,0.00010569095611572266,0.962432915921288
975,103.9215989112854,0.09488863002115977,0.00047121047973632815,0.00015544891357421875,0.00010466575622558594,0.960644007155635
980,104.43950486183167,0.005208603865321492,0.0005036830902099609,0.00015614032745361328,9.310245513916016e-05,0.9534883720930233
985,104.95618772506714,0.5605869653601999,0.0004930973052978515,0.00017354488372802734,9.734630584716797e-05,0.9660107334525939
990,105.47052788734436,0.1629702199955773,0.0004825115203857422,0.0001909494400024414,0.00010480880737304688,0.9588550983899821
995,106.03374695777893,0.015416286489950437,0.0005066871643066406,0.00017824172973632813,9.472370147705078e-05,0.9338103756708408
1000,106.54924893379211,0.2558027334606635,0.0004848003387451172,0.00016014575958251954,9.770393371582032e-05,0.9123434704830053
1005,107.06818675994873,0.004077478180010985,0.0004795074462890625,0.00016884803771972657,9.386539459228515e-05,0.8998211091234347
1010,107.58544278144836,0.3431042997390378,0.0004930973052978515,0.00017354488372802734,9.691715240478516e-05,0.9051878354203936
1015,108.10285067558289,0.054525116092412416,0.00046591758728027345,0.00016415119171142578,0.000104522705078125,0.9355992844364938
1020,108.6191098690033,0.3389911913578999,0.0005066871643066406,0.00017824172973632813,0.00010938644409179688,0.9499105545617174
1025,109.14047574996948,0.23118266436804333,0.0004961013793945313,0.0001956462860107422,0.00010206699371337891,0.9588550983899821
1030,109.6574718952179,0.03987511429413644,0.0005036830902099609,0.00015614032745361328,0.00010535717010498046,0.962432915921288
1035,110.17956495285034,0.019027926223742497,0.0005119800567626953,0.0001695394515991211,9.586811065673829e-05,0.962432915921288
1040,110.7005717754364,0.3055255366669371,0.0004878044128417969,0.00018224716186523437,0.0001032114028930664,0.9660107334525939
1045,111.2232027053833,0.39450048309427077,0.0005036830902099609,0.00015614032745361328,9.899139404296875e-05,0.9731663685152058
1050,111.75017786026001,0.025170744829665637,0.0004765033721923828,0.00014674663543701172,0.00010352134704589843,0.9749552772808586
1055,112.2742178440094,0.030580906004195184,0.0004930973052978515,0.00017354488372802734,9.851455688476562e-05,0.9749552772808586
1060,112.7991669178009,0.10501481022766371,0.0005066871643066406,0.00017824172973632813,9.737014770507812e-05,0.9785330948121646
1065,113.32185697555542,0.07300174299899709,0.00046591758728027345,0.00016415119171142578,9.770393371582032e-05,0.9803220035778175
1070,113.8423159122467,0.0347566534451758,0.0004742145538330078,0.0001775503158569336,0.00010092258453369141,0.9803220035778175
1075,114.36474084854126,0.006254017016772195,0.0004825115203857422,0.0001909494400024414,9.438991546630859e-05,0.9821109123434705
1080,114.89072775840759,0.07946435650810883,0.0004742145538330078,0.0001775503158569336,0.00010802745819091797,0.9821109123434705
1085,115.4247076511383,0.0030436320542676755,0.00051727294921875,0.00016083717346191407,9.961128234863282e-05,0.9821109123434705
1090,115.99071002006531,0.015783798909251346,0.0004908084869384765,0.00020434856414794922,9.577274322509765e-05,0.9821109123434705
1095,116.51276063919067,0.01844082590841367,0.0004848003387451172,0.00016014575958251954,9.572505950927734e-05,0.9821109123434705
1100,117.03518104553223,0.08100643555408453,0.0004930973052978515,0.00017354488372802734,0.0001074075698852539,0.9821109123434705
1105,117.55860686302185,0.005204332542200518,0.0005119800567626953,0.0001695394515991211,0.00010592937469482422,0.9821109123434705
1110,118.07871985435486,0.004336745195919889,0.0004983901977539063,0.0001648426055908203,0.00010128021240234375,0.9821109123434705
1115,118.59833788871765,0.01714263887230345,0.0004817962646484375,0.0001380443572998047,9.496212005615235e-05,0.9821109123434705
1120,119.11985993385315,0.01990786041942556,0.0004848003387451172,0.00016014575958251954,0.00010015964508056641,0.9803220035778175
1125,119.636727809906,0.01607939101141227,0.0004983901977539063,0.0001648426055908203,0.00011091232299804687,0.9803220035778175
1130,120.15359377861023,0.005289236875984216,0.0005202770233154296,0.0001829385757446289,0.00010528564453125,0.9803220035778175
1135,120.66816473007202,0.03185785988180356,0.0005202770233154296,0.0001829385757446289,9.915828704833984e-05,0.9803220035778175
1140,121.18086767196655,0.015401253494110279,0.0005255699157714844,0.00017423629760742186,0.0001008749008178711,0.9803220035778175
1145,121.70164179801941,0.005091634892689001,0.0005202770233154296,0.0001829385757446289,9.617805480957031e-05,0.9785330948121646
1150,122.22129774093628,0.11250432993774809,0.0005036830902099609,0.00015614032745361328,0.00010216236114501953,0.9803220035778175
1155,122.73436903953552,0.015543783542717904,0.0004878044128417969,0.00018224716186523437,0.00010125637054443359,0.9821109123434705
1160,123.24596190452576,0.0034335057069256438,0.0004900932312011719,0.0001514434814453125,0.00010488033294677734,0.9785330948121646
1165,123.75984787940979,0.3535225902918683,0.0004848003387451172,0.00016014575958251954,9.913444519042969e-05,0.9821109123434705
1170,124.27255606651306,0.03859158755341241,0.0004900932312011719,0.0001514434814453125,9.691715240478516e-05,0.9856887298747764
1175,124.78472876548767,0.06309248064935673,0.0004953861236572266,0.00014274120330810548,9.887218475341797e-05,0.9838998211091234
1180,125.30217695236206,0.14982192368624964,0.0004878044128417969,0.00018224716186523437,9.982585906982422e-05,0.9731663685152058
1185,125.82286071777344,0.049038822423250396,0.0004795074462890625,0.00016884803771972657,9.160041809082031e-05,0.964221824686941
1190,126.38888382911682,0.0013992043186988213,0.0005036830902099609,0.00015614032745361328,0.00010206699371337891,0.964221824686941
1195,126.90935778617859,0.045198969454241934,0.0004930973052978515,0.00017354488372802734,0.00010380744934082031,0.964221824686941
1200,127.42899298667908,0.637876793591569,0.0004765033721923828,0.00014674663543701172,9.963512420654296e-05,0.9856887298747764
1205,127.94958591461182,0.0037410902538056235,0.0004765033721923828,0.00014674663543701172,0.00010683536529541016,0.9821109123434705
1210,128.4650366306305,0.023363351025818702,0.0004953861236572266,0.00014274120330810548,9.696483612060547e-05,0.9570661896243292
1215,128.9874348640442,0.25612066189642063,0.0004900932312011719,0.0001514434814453125,0.00010485649108886719,0.9660107334525939
1220,129.5151219367981,0.03670935037929581,0.0005119800567626953,0.0001695394515991211,9.961128234863282e-05,0.9552772808586762
1225,130.04354691505432,0.00780279697525259,0.00051727294921875,0.00016083717346191407,0.00010068416595458985,0.9481216457960644
1230,130.5626769065857,0.4221090783938095,0.0005338668823242187,0.0001876354217529297,0.00010101795196533203,0.9516994633273703
1235,131.08606004714966,0.012195864549357793,0.0004878044128417969,0.00018224716186523437,0.00010180473327636719,0.9731663685152058
1240,131.60965085029602,0.04797676501676307,0.0004900932312011719,0.0001514434814453125,9.806156158447266e-05,0.9749552772808586
1245,132.13245177268982,0.011875334342948917,0.0004765033721923828,0.00014674663543701172,9.775161743164062e-05,0.9749552772808586
1250,132.65094590187073,0.048481692175920445,0.00046291351318359373,0.00014204978942871093,9.601116180419922e-05,0.9749552772808586
1255,133.17125296592712,0.1276651530761228,0.00047121047973632815,0.00015544891357421875,0.00010564327239990235,0.9821109123434705
1260,133.68557476997375,0.003198023080585699,0.0005036830902099609,0.00015614032745361328,0.00010230541229248047,0.9821109123434705
1265,134.20669388771057,0.0031632858283842324,0.0004930973052978515,0.00017354488372802734,9.66787338256836e-05,0.9821109123434705
1270,134.72112774848938,0.02375318863892062,0.0004825115203857422,0.0001909494400024414,9.744167327880859e-05,0.9785330948121646
1275,135.2358169555664,0.002230152791594264,0.0005066871643066406,0.00017824172973632813,0.00010368824005126953,0.9731663685152058
1280,135.75377774238586,0.3033726873373098,0.0004848003387451172,0.00016014575958251954,0.00010066032409667968,0.9767441860465116
1285,136.3125786781311,0.04297433126202037,0.0004795074462890625,0.00016884803771972657,0.00010271072387695313,0.9749552772808586
1290,136.8260338306427,0.0034650303625781476,0.0004930973052978515,0.00017354488372802734,9.446144104003906e-05,0.9749552772808586
1295,137.33942890167236,0.10300227874645315,0.00046591758728027345,0.00016415119171142578,9.882450103759766e-05,0.962432915921288
1300,137.85336875915527,0.389947569596859,0.0005066871643066406,0.00017824172973632813,0.00010180473327636719,0.9695885509838998
1305,138.36825704574585,0.12149161922773147,0.0004961013793945313,0.0001956462860107422,0.00010128021240234375,0.9713774597495528
1310,138.88326287269592,0.08777940710644713,0.0005036830902099609,0.00015614032745361328,0.00010175704956054688,0.9713774597495528
1315,139.39640498161316,0.0015874125545508378,0.0005119800567626953,0.0001695394515991211,9.441375732421875e-05,0.9713774597495528
1320,139.9163179397583,0.017899007213645745,0.0004878044128417969,0.00018224716186523437,0.00010409355163574219,0.9695885509838998
1325,140.43249988555908,1.2331802328987806,0.0005036830902099609,0.00015614032745361328,0.00010068416595458985,0.9731663685152058
1330,140.94747495651245,0.02194122533464906,0.0004765033721923828,0.00014674663543701172,0.00010209083557128906,0.9713774597495528
1335,141.46639585494995,0.019572897532992784,0.0004930973052978515,0.00017354488372802734,9.589195251464843e-05,0.9767441860465116
1340,141.98753261566162,0.08337327886885645,0.0005066871643066406,0.00017824172973632813,0.00010294914245605469,0.9785330948121646
1345,142.50679397583008,0.02751255864518498,0.00046591758728027345,0.00016415119171142578,0.00010149478912353515,0.9785330948121646
1350,143.02934193611145,0.026648470939142042,0.0004742145538330078,0.0001775503158569336,0.00010676383972167969,0.9785330948121646
1355,143.5527060031891,0.0028764775101080887,0.0004825115203857422,0.0001909494400024414,0.0001008749008178711,0.9785330948121646
1360,144.07163977622986,0.06177365576863849,0.0004742145538330078,0.0001775503158569336,0.00010409355163574219,0.9785330948121646
1365,144.59034705162048,0.001718387478877048,0.00051727294921875,0.00016083717346191407,9.799003601074219e-05,0.9785330948121646
1370,145.10739088058472,0.01455882487218787,0.0004908084869384765,0.00020434856414794922,0.000103759765625,0.9785330948121646
1375,145.62655997276306,0.014930066480928872,0.0004848003387451172,0.00016014575958251954,9.791851043701172e-05,0.9785330948121646
1380,146.1429786682129,0.06263258367448543,0.0004930973052978515,0.00017354488372802734,9.884834289550782e-05,0.9785330948121646
1385,146.70893597602844,0.005219396330039672,0.0005119800567626953,0.0001695394515991211,0.00010528564453125,0.9785330948121646
1390,147.224604845047,0.002594337351513332,0.0004983901977539063,0.0001648426055908203,0.00010101795196533203,0.9785330948121646
1395,147.7401978969574,0.010995380601536908,0.0004817962646484375,0.0001380443572998047,0.00010564327239990235,0.9785330948121646
1400,148.25606679916382,0.02479553813534636,0.0004848003387451172,0.00016014575958251954,0.00010669231414794922,0.9785330948121646
1405,148.76848888397217,0.008379584926137796,0.0004983901977539063,0.0001648426055908203,9.760856628417968e-05,0.9785330948121646
1410,149.28707098960876,0.08338873908392089,0.0005202770233154296,0.0001829385757446289,9.963512420654296e-05,0.9821109123434705
1415,149.81046390533447,0.018264592157356672,0.0005202770233154296,0.0001829385757446289,9.608268737792969e-05,0.9821109123434705
1420,150.32603693008423,0.024110942258857904,0.0005255699157714844,0.00017423629760742186,9.951591491699218e-05,0.9785330948121646
1425,150.84226369857788,0.03148887944126244,0.0005202770233154296,0.0001829385757446289,9.660720825195312e-05,0.9821109123434705
1430,151.35722494125366,0.130724262488026,0.0005036830902099609,0.00015614032745361328,0.00010635852813720704,0.9856887298747764
1435,151.8730366230011,0.0483446839866275,0.0004878044128417969,0.00018224716186523437,0.00010707378387451172,0.9856887298747764
1440,152.38739204406738,0.01242418796701088,0.0004900932312011719,0.0001514434814453125,0.00010554790496826172,0.9874776386404294
1445,152.90455174446106,0.28065389451176087,0.0004848003387451172,0.00016014575958251954,0.0001043081283569336,0.9856887298747764
1450,153.4217689037323,0.05291943823758629,0.0004900932312011719,0.0001514434814453125,0.00010347366333007812,0.9856887298747764
1455,153.93718671798706,0.015738994959248485,0.0004953861236572266,0.00014274120330810548,0.00010886192321777344,0.9874776386404294
1460,154.45002388954163,0.22574190081077178,0.0004878044128417969,0.00018224716186523437,0.00010213851928710937,0.9856887298747764
1465,154.96282601356506,0.040167094222090326,0.0004795074462890625,0.00016884803771972657,9.584426879882812e-05,0.9856887298747764
1470,155.4727747440338,0.0020273235680406286,0.0005036830902099609,0.00015614032745361328,9.722709655761719e-05,0.9856887298747764
1475,155.98947477340698,0.046311986256245066,0.0004930973052978515,0.00017354488372802734,0.00010099411010742188,0.9856887298747764
1480,156.54542589187622,0.019681585608356044,0.0004765033721923828,0.00014674663543701172,9.911060333251953e-05,0.9821109123434705
1485,157.05954480171204,0.0009431562520376246,0.0004765033721923828,0.00014674663543701172,0.00010282993316650391,0.9821109123434705
1490,157.57796669006348,0.014173993685471942,0.0004953861236572266,0.00014274120330810548,0.0001007080078125,0.9821109123434705
1495,158.09836792945862,0.0022242954752300648,0.0004900932312011719,0.0001514434814453125,0.00010044574737548828,0.9803220035778175
1500,158.6131248474121,0.009045220814812183,0.0005119800567626953,0.0001695394515991211,0.0001004934310913086,0.9803220035778175
1505,159.1414988040924,0.003980603246989745,0.00051727294921875,0.00016083717346191407,0.00012996196746826172,0.9785330948121646
1510,159.65708589553833,0.3695966736177141,0.0005338668823242187,0.0001876354217529297,0.00010521411895751953,0.9821109123434705
1515,160.1761679649353,0.01241076678288664,0.0004878044128417969,0.00018224716186523437,0.00010514259338378906,0.9821109123434705
1520,160.69244289398193,0.0028153191368247123,0.0004900932312011719,0.0001514434814453125,0.00010688304901123047,0.9821109123434705
1525,161.2065179347992,0.007417100641487195,0.0004765033721923828,0.00014674663543701172,9.78231430053711e-05,0.9838998211091234
1530,161.719899892807,0.04528690959498647,0.00046291351318359373,0.00014204978942871093,0.00010254383087158204,0.9838998211091234
1535,162.23148488998413,0.09484585722475458,0.00047121047973632815,0.00015544891357421875,0.00010092258453369141,0.9856887298747764
1540,162.74459385871887,0.0021548620439034495,0.0005036830902099609,0.00015614032745361328,0.00010457038879394532,0.9874776386404294
1545,163.2575488090515,0.0029518489724182475,0.0004930973052978515,0.00017354488372802734,0.00010371208190917969,0.9874776386404294
1550,163.76607179641724,0.02358140464953067,0.0004825115203857422,0.0001909494400024414,9.341239929199219e-05,0.9874776386404294
1555,164.27919173240662,0.0025268928905973096,0.0005066871643066406,0.00017824172973632813,0.00010271072387695313,0.9874776386404294
1560,164.78698086738586,0.2083414742592254,0.0004848003387451172,0.00016014575958251954,0.00010285377502441406,0.9892665474060823
1565,165.29824686050415,0.008613143483842123,0.0004795074462890625,0.00016884803771972657,9.546279907226562e-05,0.9874776386404294
1570,165.8105709552765,0.000679541774985637,0.0004930973052978515,0.00017354488372802734,9.851455688476562e-05,0.9856887298747764
1575,166.32265973091125,0.06907347664938897,0.00046591758728027345,0.00016415119171142578,0.0001026153564453125,0.9874776386404294
1580,166.88155388832092,0.20152051221380277,0.0005066871643066406,0.00017824172973632813,0.00010526180267333984,0.9892665474060823
1585,167.39045405387878,0.06826099578510707,0.0004961013793945313,0.0001956462860107422,9.51528549194336e-05,0.9856887298747764
1590,167.89707684516907,0.03274066120329735,0.0005036830902099609,0.00015614032745361328,9.953975677490234e-05,0.9856887298747764
1595,168.40925073623657,0.00010308842474557878,0.0005119800567626953,0.0001695394515991211,9.85860824584961e-05,0.9856887298747764
1600,168.91571187973022,0.0005115026362659591,0.0004878044128417969,0.00018224716186523437,9.65118408203125e-05,0.9856887298747764
1605,169.42951679229736,0.3214966612414202,0.0005036830902099609,0.00015614032745361328,0.00010144710540771484,0.9677996422182469
1610,169.94057965278625,0.03555870373562584,0.0004765033721923828,0.00014674663543701172,0.00010476112365722656,0.9391771019677997
1615,170.4534888267517,0.030871922832426436,0.0004930973052978515,0.00017354488372802734,9.567737579345703e-05,0.9409660107334525
1620,170.96316289901733,0.13634877479640295,0.0005066871643066406,0.00017824172973632813,0.00010144710540771484,0.960644007155635
1625,171.47412180900574,0.030245717999190447,0.00046591758728027345,0.00016415119171142578,9.88006591796875e-05,0.9874776386404294
1630,171.9871916770935,0.026048749649181958,0.0004742145538330078,0.0001775503158569336,0.00010221004486083984,0.9856887298747764
1635,172.50105500221252,0.0012039481958566966,0.0004825115203857422,0.0001909494400024414,9.698867797851563e-05,0.9856887298747764
1640,173.01998376846313,0.07198821344672979,0.0004742145538330078,0.0001775503158569336,0.00010502338409423828,0.9856887298747764
1645,173.53527402877808,0.00034049972779541803,0.00051727294921875,0.00016083717346191407,9.629726409912109e-05,0.9856887298747764
1650,174.04721093177795,0.012083970707158187,0.0004908084869384765,0.00020434856414794922,0.00010499954223632812,0.9856887298747764
1655,174.55687379837036,0.00417099150459137,0.0004848003387451172,0.00016014575958251954,0.00010509490966796875,0.9838998211091234
1660,175.073805809021,0.018527594856448105,0.0004930973052978515,0.00017354488372802734,0.00010101795196533203,0.9821109123434705
1665,175.58733987808228,0.005382537799746956,0.0005119800567626953,0.0001695394515991211,0.00010180473327636719,0.9838998211091234
1670,176.10157370567322,0.000868335471153614,0.0004983901977539063,0.0001648426055908203,0.0001035928726196289,0.9856887298747764
1675,176.66247487068176,0.008748097328316362,0.0004817962646484375,0.0001380443572998047,9.982585906982422e-05,0.9856887298747764
1680,177.1735098361969,0.006798819370990828,0.0004848003387451172,0.00016014575958251954,9.80377197265625e-05,0.9856887298747764
1685,177.68200182914734,0.0073997818936561545,0.0004983901977539063,0.0001648426055908203,9.665489196777343e-05,0.9856887298747764
1690,178.1917769908905,0.002333043786654798,0.0005202770233154296,0.0001829385757446289,9.901523590087891e-05,0.9856887298747764
1695,178.69964790344238,0.03498399788615671,0.0005202770233154296,0.0001829385757446289,9.47713851928711e-05,0.9821109123434705
1700,179.21061182022095,0.004357913516048484,0.0005255699157714844,0.00017423629760742186,0.00010197162628173828,0.9821109123434705
1705,179.7195520401001,0.0005837662542603539,0.0005202770233154296,0.0001829385757446289,9.140968322753906e-05,0.9821109123434705
1710,180.2291829586029,0.09739512024808619,0.0005036830902099609,0.00015614032745361328,0.00010242462158203126,0.9874776386404294
1715,180.73912072181702,0.009251144010630697,0.0004878044128417969,0.00018224716186523437,0.00010116100311279297,0.9856887298747764
1720,181.2408230304718,0.0020706623473415674,0.0004900932312011719,0.0001514434814453125,0.00010123252868652344,0.9874776386404294
1725,181.75506472587585,0.2674668594486548,0.0004848003387451172,0.00016014575958251954,0.00010037422180175781,0.9838998211091234
1730,182.26178789138794,0.022969521634520616,0.0004900932312011719,0.0001514434814453125,0.00010344982147216796,0.9838998211091234
1735,182.77153778076172,0.00289303708323132,0.0004953861236572266,0.00014274120330810548,0.00010056495666503907,0.9856887298747764
1740,183.2777726650238,0.11596776397172448,0.0004878044128417969,0.00018224716186523437,9.777545928955079e-05,0.9856887298747764
1745,183.78980565071106,0.01584760414387887,0.0004795074462890625,0.00016884803771972657,0.00010170936584472657,0.9874776386404294
1750,184.30150198936462,0.0005444980368551455,0.0005036830902099609,0.00015614032745361328,9.491443634033204e-05,0.9874776386404294
1755,184.8148307800293,0.05056558152873123,0.0004930973052978515,0.00017354488372802734,9.751319885253906e-05,0.9856887298747764
1760,185.32903289794922,0.014640677866589158,0.0004765033721923828,0.00014674663543701172,0.0001033782958984375,0.9785330948121646
1765,185.84136772155762,0.00015572519119473328,0.0004765033721923828,0.00014674663543701172,0.00010190010070800781,0.962432915921288
1770,186.35374283790588,0.0006578124511406713,0.0004953861236572266,0.00014274120330810548,0.0001054525375366211,0.9427549194991055
1775,186.91174983978271,0.001408267260228513,0.0004900932312011719,0.0001514434814453125,0.0001007080078125,0.9284436493738819
1780,187.4228060245514,0.00015005994720809212,0.0005119800567626953,0.0001695394515991211,0.00010542869567871093,0.9266547406082289
1785,187.93319177627563,0.026487112126142166,0.00051727294921875,0.00016083717346191407,9.868144989013671e-05,0.9320214669051878
1790,188.44037675857544,0.8191689375439409,0.0005338668823242187,0.0001876354217529297,0.00010368824005126953,0.9803220035778175
1795,188.95402479171753,0.005660955819952562,0.0004878044128417969,0.00018224716186523437,9.903907775878906e-05,0.9856887298747764
1800,189.4652988910675,0.002039450686565658,0.0004900932312011719,0.0001514434814453125,9.918212890625e-05,0.9856887298747764
1805,189.97605562210083,0.02738084587256253,0.0004765033721923828,0.00014674663543701172,0.00010156631469726562,0.9821109123434705
1810,190.4827687740326,0.12514725281548778,0.00046291351318359373,0.00014204978942871093,0.00010678768157958984,0.9856887298747764
1815,190.99305868148804,0.0672887462424228,0.00047121047973632815,0.00015544891357421875,9.963512420654296e-05,0.9856887298747764
1820,191.50548672676086,0.003161259708966213,0.0005036830902099609,0.00015614032745361328,9.980201721191407e-05,0.9874776386404294
1825,192.01645588874817,0.0022261060699392487,0.0004930973052978515,0.00017354488372802734,9.622573852539063e-05,0.9874776386404294
1830,192.52985286712646,0.025669099270818663,0.0004825115203857422,0.0001909494400024414,9.872913360595704e-05,0.9874776386404294
1835,193.0405240058899,0.0034919971723908817,0.0005066871643066406,0.00017824172973632813,0.00010056495666503907,0.9856887298747764
1840,193.5515158176422,0.24705351264342568,0.0004848003387451172,0.00016014575958251954,0.00010063648223876954,0.9874776386404294
1845,194.0649528503418,0.002280583657673674,0.0004795074462890625,0.00016884803771972657,0.00010554790496826172,0.9874776386404294
1850,194.57815074920654,0.0007030421421873711,0.0004930973052978515,0.00017354488372802734,9.722709655761719e-05,0.9856887298747764
1855,195.0893199443817,0.07677450198817297,0.00046591758728027345,0.00016415119171142578,0.0001016378402709961,0.9874776386404294
1860,195.60550785064697,0.20743528711778084,0.0005066871643066406,0.00017824172973632813,9.658336639404297e-05,0.9874776386404294
1865,196.11524295806885,0.0765510396042984,0.0004961013793945313,0.0001956462860107422,0.0001013040542602539,0.9856887298747764
1870,196.67781972885132,0.029631477953581963,0.0005036830902099609,0.00015614032745361328,0.00010387897491455078,0.9838998211091234
1875,197.183908700943,8.736522541283876e-05,0.0005119800567626953,0.0001695394515991211,0.00010101795196533203,0.9856887298747764
1880,197.68897986412048,0.0005728253013472795,0.0004878044128417969,0.00018224716186523437,9.450912475585937e-05,0.9856887298747764
1885,198.198903799057,0.33705536373895484,0.0005036830902099609,0.00015614032745361328,0.00010697841644287109,0.9856887298747764
1890,198.7086479663849,0.008246737007044657,0.0004765033721923828,0.00014674663543701172,9.720325469970703e-05,0.9821109123434705
1895,199.22316598892212,0.015643625695264517,0.0004930973052978515,0.00017354488372802734,0.00010092258453369141,0.9660107334525939
1900,199.7403919696808,0.0964905491565787,0.0005066871643066406,0.00017824172973632813,0.00010442733764648438,0.9677996422182469
1905,200.25438284873962,0.025899893419551744,0.00046591758728027345,0.00016415119171142578,0.00010576248168945313,0.9821109123434705
1910,200.76359295845032,0.04562453176265535,0.0004742145538330078,0.0001775503158569336,0.00010404586791992187,0.9856887298747764
1915,201.2782678604126,0.0006850468283687405,0.0004825115203857422,0.0001909494400024414,9.965896606445312e-05,0.9874776386404294
1920,201.79281783103943,0.09734075408983359,0.0004742145538330078,0.0001775503158569336,0.00010182857513427735,0.9874776386404294
1925,202.3075897693634,0.0006431413019782894,0.00051727294921875,0.00016083717346191407,0.0001005411148071289,0.9874776386404294
1930,202.81834483146667,0.014133578075154673,0.0004908084869384765,0.00020434856414794922,9.493827819824218e-05,0.9838998211091234
1935,203.3311948776245,0.0036892553273901287,0.0004848003387451172,0.00016014575958251954,0.00010118484497070312,0.9838998211091234
1940,203.84669589996338,0.01820542637112794,0.0004930973052978515,0.00017354488372802734,9.076595306396484e-05,0.9838998211091234
1945,204.3580286502838,0.0017001406656348196,0.0005119800567626953,0.0001695394515991211,9.226799011230469e-05,0.9838998211091234
1950,204.87021684646606,0.0015402549885479289,0.0004983901977539063,0.0001648426055908203,0.00010008811950683594,0.9838998211091234
1955,205.38485383987427,0.009031489391134073,0.0004817962646484375,0.0001380443572998047,0.00010111331939697266,0.9838998211091234
1960,205.89512968063354,0.009564535508320659,0.0004848003387451172,0.00016014575958251954,9.891986846923828e-05,0.9838998211091234
1965,206.4044270515442,0.007086907515585494,0.0004983901977539063,0.0001648426055908203,9.629726409912109e-05,0.9838998211091234
1970,206.96453666687012,0.003640339401482606,0.0005202770233154296,0.0001829385757446289,9.698867797851563e-05,0.9838998211091234
1975,207.47797989845276,0.021552659500173377,0.0005202770233154296,0.0001829385757446289,9.975433349609374e-05,0.9838998211091234
1980,207.99177193641663,0.0030506781679378037,0.0005255699157714844,0.00017423629760742186,0.00010616779327392578,0.9838998211091234
1985,208.50158381462097,0.0010713516701343906,0.0005202770233154296,0.0001829385757446289,0.00010225772857666015,0.9838998211091234
1990,209.0126268863678,0.14964436006146115,0.0005036830902099609,0.00015614032745361328,9.887218475341797e-05,0.9892665474060823
1995,209.5255470275879,0.026389618376067858,0.0004878044128417969,0.00018224716186523437,9.682178497314454e-05,0.9856887298747764
2000,210.03604674339294,0.0049825987538952175,0.0004900932312011719,0.0001514434814453125,0.00010159015655517579,0.9856887298747764
2005,210.5448236465454,0.35893255510792416,0.0004848003387451172,0.00016014575958251954,9.78231430053711e-05,0.9856887298747764
2010,211.0530469417572,0.017359818755379307,0.0004900932312011719,0.0001514434814453125,9.658336639404297e-05,0.9838998211091234
2015,211.56370878219604,0.0053278413268344595,0.0004953861236572266,0.00014274120330810548,0.00010118484497070312,0.9821109123434705
2020,212.0763247013092,0.2824194368288346,0.0004878044128417969,0.00018224716186523437,9.999275207519531e-05,0.9821109123434705
2025,212.59337878227234,0.00472553759109644,0.0004795074462890625,0.00016884803771972657,0.00010089874267578125,0.9821109123434705
2030,213.11034393310547,0.0017226200070126652,0.0005036830902099609,0.00015614032745361328,0.00010402202606201172,0.9838998211091234
2035,213.62764167785645,0.027638570367656712,0.0004930973052978515,0.00017354488372802734,0.0001008749008178711,0.9838998211091234
2040,214.1438536643982,0.03281043320524901,0.0004765033721923828,0.00014674663543701172,0.00010030269622802734,0.9821109123434705
2045,214.66147875785828,0.002149900714721298,0.0004765033721923828,0.00014674663543701172,0.00010058879852294921,0.9821109123434705
2050,215.17621779441833,0.024473612160409174,0.0004953861236572266,0.00014274120330810548,0.00010516643524169922,0.9821109123434705
2055,215.68971395492554,0.009683280150147766,0.0004900932312011719,0.0001514434814453125,0.0001065969467163086,0.9821109123434705
2060,216.20362186431885,0.010788208827835887,0.0005119800567626953,0.0001695394515991211,0.00010280609130859375,0.9821109123434705
2065,216.76045179367065,0.0029244354467792277,0.00051727294921875,0.00016083717346191407,0.00010423660278320312,0.9821109123434705
2070,217.27338290214539,0.23123535695834505,0.0005338668823242187,0.0001876354217529297,9.72747802734375e-05,0.9821109123434705
2075,217.78885984420776,0.0062783304430240605,0.0004878044128417969,0.00018224716186523437,9.965896606445312e-05,0.9838998211091234
2080,218.29845094680786,0.0027283585891979103,0.0004900932312011719,0.0001514434814453125,0.0001016378402709961,0.9838998211091234
2085,218.8159487247467,0.013978361252691229,0.0004765033721923828,0.00014674663543701172,9.903907775878906e-05,0.9838998211091234
2090,219.33533000946045,0.04933814639489782,0.00046291351318359373,0.00014204978942871093,9.102821350097657e-05,0.9838998211091234
2095,219.85128593444824,0.1308618095562224,0.00047121047973632815,0.00015544891357421875,9.758472442626953e-05,0.9838998211091234
2100,220.4299018383026,0.003381606306595586,0.0005036830902099609,0.00015614032745361328,0.00011487007141113282,0.9856887298747764
2105,220.9711890220642,0.002429676519051327,0.0004930973052978515,0.00017354488372802734,0.00010316371917724609,0.9856887298747764
2110,221.48316168785095,0.034551097811939255,0.0004825115203857422,0.0001909494400024414,0.00010335445404052734,0.9856887298747764
2115,221.9941120147705,0.005099395153239072,0.0005066871643066406,0.00017824172973632813,9.479522705078126e-05,0.9838998211091234
2120,222.50405883789062,0.19728662300877034,0.0004848003387451172,0.00016014575958251954,0.00010900497436523437,0.9874776386404294
2125,223.01583886146545,0.0031714818270685897,0.0004795074462890625,0.00016884803771972657,9.741783142089844e-05,0.9874776386404294
2130,223.52666187286377,0.0007683577557557441,0.0004930973052978515,0.00017354488372802734,9.741783142089844e-05,0.9856887298747764
2135,224.0355987548828,0.09162246231014137,0.00046591758728027345,0.00016415119171142578,0.00010557174682617188,0.9874776386404294
2140,224.54550981521606,0.20296378950617538,0.0005066871643066406,0.00017824172973632813,0.00010254383087158204,0.9856887298747764
2145,225.05755066871643,0.13473312031370596,0.0004961013793945313,0.0001956462860107422,0.00010571479797363281,0.9874776386404294
2150,225.56449270248413,0.037853082948731756,0.0005036830902099609,0.00015614032745361328,0.00010561943054199219,0.9874776386404294
2155,226.07579493522644,0.00013225826379539284,0.0005119800567626953,0.0001695394515991211,0.0001027822494506836,0.9874776386404294
2160,226.58571982383728,0.0013572177755250437,0.0004878044128417969,0.00018224716186523437,0.00010838508605957032,0.9874776386404294
2165,227.14419078826904,0.2548490141756929,0.0005036830902099609,0.00015614032745361328,0.00011072158813476562,0.9838998211091234
2170,227.65586876869202,0.003564093960561365,0.0004765033721923828,0.00014674663543701172,0.0001062631607055664,0.9660107334525939
2175,228.1696319580078,0.0043287084853332655,0.0004930973052978515,0.00017354488372802734,0.00010476112365722656,0.9588550983899821
2180,228.68092799186707,0.10371426524070841,0.0005066871643066406,0.00017824172973632813,0.00010225772857666015,0.9588550983899821
2185,229.1901409626007,0.050986156851298856,0.00046591758728027345,0.00016415119171142578,9.887218475341797e-05,0.9838998211091234
2190,229.70052576065063,0.03414429676187467,0.0004742145538330078,0.0001775503158569336,0.0001079559326171875,0.9838998211091234
2195,230.21607494354248,0.0007193785653910823,0.0004825115203857422,0.0001909494400024414,0.00011048316955566406,0.9838998211091234
2200,230.72775888442993,0.17684565691623674,0.0004742145538330078,0.0001775503158569336,0.0001013040542602539,0.9856887298747764
2205,231.24139976501465,0.00018897775139237183,0.00051727294921875,0.00016083717346191407,0.00010576248168945313,0.9874776386404294
2210,231.75351285934448,0.01666070968868496,0.0004908084869384765,0.00020434856414794922,0.0001016855239868164,0.9838998211091234
2215,232.27161478996277,0.07813787881677996,0.0004848003387451172,0.00016014575958251954,0.0001043081283569336,0.9821109123434705
2220,232.79129600524902,0.016132421244350326,0.0004930973052978515,0.00017354488372802734,0.00010638236999511718,0.9821109123434705
2225,233.31341576576233,0.0005711672649397314,0.0005119800567626953,0.0001695394515991211,9.927749633789062e-05,0.9821109123434705
2230,233.83469891548157,0.0007635539440357774,0.0004983901977539063,0.0001648426055908203,0.00010428428649902343,0.9803220035778175
2235,234.35168266296387,0.004596807786856516,0.0004817962646484375,0.0001380443572998047,0.00011289119720458984,0.9713774597495528
2240,234.8703269958496,0.0082288016117829,0.0004848003387451172,0.00016014575958251954,0.00010182857513427735,0.9713774597495528
2245,235.39245176315308,0.11592586861334553,0.0004983901977539063,0.0001648426055908203,9.374618530273437e-05,0.9821109123434705
2250,235.9093029499054,0.001030280809932549,0.0005202770233154296,0.0001829385757446289,0.00010230541229248047,0.9874776386404294
2255,236.42264866828918,0.03564080467381388,0.0005202770233154296,0.0001829385757446289,0.00011019706726074218,0.9821109123434705
2260,236.9787929058075,0.0008966586958877087,0.0005255699157714844,0.00017423629760742186,9.86337661743164e-05,0.9803220035778175
2265,237.48498487472534,1.6200915985109533e-05,0.0005202770233154296,0.0001829385757446289,9.889602661132813e-05,0.9803220035778175
2270,237.9925787448883,0.046130212244372616,0.0005036830902099609,0.00015614032745361328,0.0001043081283569336,0.9785330948121646
2275,238.50820565223694,0.010106611152703237,0.0004878044128417969,0.00018224716186523437,0.0001016378402709961,0.9767441860465116
2280,239.0326898097992,0.13740169900502366,0.0004900932312011719,0.0001514434814453125,0.00010232925415039062,0.9838998211091234
2285,239.56101179122925,0.26319153609113355,0.0004848003387451172,0.00016014575958251954,0.00010793209075927734,0.9874776386404294
2290,240.07690382003784,0.021103863902516194,0.0004900932312011719,0.0001514434814453125,0.00010442733764648438,0.9856887298747764
2295,240.59898495674133,0.005120461877322668,0.0004953861236572266,0.00014274120330810548,0.00010488033294677734,0.9838998211091234
2300,241.11872386932373,0.13885771038594613,0.0004878044128417969,0.00018224716186523437,0.00010919570922851562,0.9821109123434705
2305,241.63730883598328,0.0039041253112088725,0.0004795074462890625,0.00016884803771972657,0.00010752677917480469,0.9803220035778175
2310,242.16111779212952,0.0009013636306505646,0.0005036830902099609,0.00015614032745361328,0.00010004043579101563,0.9767441860465116
2315,242.67400693893433,0.028793223674904313,0.0004930973052978515,0.00017354488372802734,0.0001043558120727539,0.9767441860465116
2320,243.19457983970642,0.040392118367515197,0.0004765033721923828,0.00014674663543701172,0.00010461807250976563,0.9803220035778175
2325,243.70894575119019,0.0006060971347650934,0.0004765033721923828,0.00014674663543701172,9.908676147460938e-05,0.9767441860465116
2330,244.22491693496704,0.024551570110182296,0.0004953861236572266,0.00014274120330810548,9.734630584716797e-05,0.9767441860465116
2335,244.74572086334229,0.00021515655862600625,0.0004900932312011719,0.0001514434814453125,0.00011162757873535156,0.9767441860465116
2340,245.2624876499176,0.0014764054145643968,0.0005119800567626953,0.0001695394515991211,0.00010483264923095703,0.9767441860465116
2345,245.78296279907227,0.0006027977431372733,0.00051727294921875,0.00016083717346191407,0.00010578632354736328,0.9749552772808586
2350,246.32375764846802,0.07987716381917523,0.0005338668823242187,0.0001876354217529297,9.8419189453125e-05,0.9803220035778175
2355,246.86264276504517,0.0025925034752404485,0.0004878044128417969,0.00018224716186523437,0.00010406970977783203,0.9821109123434705
2360,247.4253978729248,0.000737073738130789,0.0004900932312011719,0.0001514434814453125,0.00010941028594970703,0.9838998211091234
2365,247.937020778656,0.004171527108059081,0.0004765033721923828,0.00014674663543701172,0.0001062154769897461,0.9821109123434705
2370,248.46031785011292,0.047600373812113614,0.00046291351318359373,0.00014204978942871093,0.00010521411895751953,0.9838998211091234
2375,248.976970911026,0.07200176585474764,0.00047121047973632815,0.00015544891357421875,0.00010340213775634765,0.9821109123434705
2380,249.49237871170044,0.0012598125676333894,0.0005036830902099609,0.00015614032745361328,0.00010139942169189453,0.9821109123434705
2385,250.00465369224548,0.0009726530450791416,0.0004930973052978515,0.00017354488372802734,0.00010318756103515625,0.9821109123434705
2390,250.51453185081482,0.042070006358358114,0.0004825115203857422,0.0001909494400024414,9.677410125732421e-05,0.9838998211091234
2395,251.0218107700348,0.0564899322264111,0.0005066871643066406,0.00017824172973632813,9.86337661743164e-05,0.9892665474060823
2400,251.5325608253479,0.18583065169161728,0.0004848003387451172,0.00016014575958251954,9.729862213134766e-05,0.9821109123434705
2405,252.0440649986267,0.007131331344146475,0.0004795074462890625,0.00016884803771972657,9.946823120117187e-05,0.9767441860465116
2410,252.57688093185425,0.0002787937062194601,0.0004930973052978515,0.00017354488372802734,0.0001016855239868164,0.960644007155635
2415,253.09690976142883,0.2729030154645443,0.00046591758728027345,0.00016415119171142578,0.00010256767272949218,0.9803220035778175
2420,253.62304091453552,0.1935459786094725,0.0005066871643066406,0.00017824172973632813,9.932518005371094e-05,0.9785330948121646
2425,254.1431107521057,0.14950020301889708,0.0004961013793945313,0.0001956462860107422,9.388923645019532e-05,0.9803220035778175
2430,254.660297870636,0.037305820047480155,0.0005036830902099609,0.00015614032745361328,0.00010080337524414063,0.9803220035778175
2435,255.19298791885376,0.0004536166376553297,0.0005119800567626953,0.0001695394515991211,0.00011129379272460938,0.9803220035778175
2440,255.7285029888153,0.0013276957907351061,0.0004878044128417969,0.00018224716186523437,9.920597076416016e-05,0.9803220035778175
2445,256.24990797042847,0.30157299019632405,0.0005036830902099609,0.00015614032745361328,0.00010623931884765626,0.9803220035778175
2450,256.77243280410767,0.0039815697364815605,0.0004765033721923828,0.00014674663543701172,9.484291076660157e-05,0.9767441860465116
2455,257.33188676834106,0.004538558757349165,0.0004930973052978515,0.00017354488372802734,9.338855743408203e-05,0.9767441860465116
2460,257.84136390686035,0.08220213503159357,0.0005066871643066406,0.00017824172973632813,0.00010013580322265625,0.9767441860465116
2465,258.3588137626648,0.39696808396838745,0.00046591758728027345,0.00016415119171142578,0.00010263919830322266,0.9821109123434705
2470,258.8789780139923,0.02824543707708784,0.0004742145538330078,0.0001775503158569336,0.00010001659393310547,0.9874776386404294
2475,259.39602875709534,0.00040053910416162355,0.0004825115203857422,0.0001909494400024414,9.815692901611328e-05,0.9856887298747764
2480,259.91639590263367,0.09862747635495453,0.0004742145538330078,0.0001775503158569336,0.0001100778579711914,0.9821109123434705
2485,260.43508887290955,0.000722494089563952,0.00051727294921875,0.00016083717346191407,9.65118408203125e-05,0.9821109123434705
2490,260.9489517211914,0.012240599726857227,0.0004908084869384765,0.00020434856414794922,0.00010764598846435547,0.9821109123434705
2495,261.46513986587524,0.004915595452713717,0.0004848003387451172,0.00016014575958251954,0.00010221004486083984,0.9803220035778175
2500,261.9801118373871,0.06372989295757776,0.0004930973052978515,0.00017354488372802734,0.00010104179382324219,0.9821109123434705
2505,262.4988069534302,0.0013330284071173537,0.0005119800567626953,0.0001695394515991211,9.756088256835937e-05,0.9821109123434705
2510,263.01296186447144,0.0019350716956608948,0.0004983901977539063,0.0001648426055908203,9.732246398925781e-05,0.9821109123434705
2515,263.5295317173004,0.01135951701930935,0.0004817962646484375,0.0001380443572998047,9.963512420654296e-05,0.9821109123434705
2520,264.04486179351807,0.0066971160482836465,0.0004848003387451172,0.00016014575958251954,0.00010194778442382813,0.9821109123434705
2525,264.5621440410614,0.008650425266125694,0.0004983901977539063,0.0001648426055908203,9.999275207519531e-05,0.9821109123434705
2530,265.0779299736023,0.0011905314465707306,0.0005202770233154296,0.0001829385757446289,9.522438049316406e-05,0.9821109123434705
2535,265.59352588653564,0.021286998433114945,0.0005202770233154296,0.0001829385757446289,0.00010526180267333984,0.9821109123434705
2540,266.1060757637024,0.0037549441853471422,0.0005255699157714844,0.00017423629760742186,0.00010335445404052734,0.9821109123434705
2545,266.61761569976807,0.0014904559182809863,0.0005202770233154296,0.0001829385757446289,0.00010194778442382813,0.9821109123434705
2550,267.1289746761322,0.13164417680184784,0.0005036830902099609,0.00015614032745361328,0.00010547637939453124,0.9856887298747764
2555,267.6880257129669,0.0075158974624642385,0.0004878044128417969,0.00018224716186523437,0.00010335445404052734,0.9874776386404294
2560,268.2005887031555,0.0009755876928494445,0.0004900932312011719,0.0001514434814453125,9.779930114746093e-05,0.9892665474060823
2565,268.7146828174591,0.2942278030317539,0.0004848003387451172,0.00016014575958251954,0.00010488033294677734,0.9874776386404294
2570,269.23785376548767,0.027135428966782626,0.0004900932312011719,0.0001514434814453125,0.00010149478912353515,0.9874776386404294
2575,269.7549378871918,0.018558602260236513,0.0004953861236572266,0.00014274120330810548,9.443759918212891e-05,0.9874776386404294
2580,270.2649989128113,0.09920336016681404,0.0004878044128417969,0.00018224716186523437,9.97781753540039e-05,0.9821109123434705
2585,270.7764790058136,0.005518272900714294,0.0004795074462890625,0.00016884803771972657,0.000103759765625,0.9785330948121646
2590,271.2838168144226,0.0008884211650780572,0.0005036830902099609,0.00015614032745361328,0.00010478496551513672,0.9785330948121646
2595,271.7970087528229,0.03814325433312717,0.0004930973052978515,0.00017354488372802734,0.00010483264923095703,0.9785330948121646
2600,272.31422185897827,0.050818249874788536,0.0004765033721923828,0.00014674663543701172,0.00010540485382080079,0.9803220035778175
2605,272.8250517845154,0.00046590403400728066,0.0004765033721923828,0.00014674663543701172,9.965896606445312e-05,0.9838998211091234
2610,273.34261679649353,0.02834751316987365,0.0004953861236572266,0.00014274120330810548,0.00010042190551757812,0.9838998211091234
2615,273.85527873039246,0.0012461258270391796,0.0004900932312011719,0.0001514434814453125,9.975433349609374e-05,0.9838998211091234
2620,274.3736138343811,0.01009622286513263,0.0005119800567626953,0.0001695394515991211,9.677410125732421e-05,0.9838998211091234
2625,274.8900978565216,0.0006897059797438488,0.00051727294921875,0.00016083717346191407,0.00010509490966796875,0.9838998211091234
2630,275.4059479236603,0.1074001461267983,0.0005338668823242187,0.0001876354217529297,0.00010440349578857421,0.9892665474060823
2635,275.91699481010437,0.0017858536291726068,0.0004878044128417969,0.00018224716186523437,0.0001046895980834961,0.9892665474060823
2640,276.4272036552429,0.0003306236350937297,0.0004900932312011719,0.0001514434814453125,0.00010297298431396484,0.9874776386404294
2645,276.9365220069885,0.004203257300338237,0.0004765033721923828,0.00014674663543701172,0.00010778903961181641,0.9874776386404294
2650,277.4925937652588,0.03956402360927598,0.00046291351318359373,0.00014204978942871093,9.555816650390625e-05,0.9892665474060823
2655,277.9989047050476,0.0330504747836585,0.00047121047973632815,0.00015544891357421875,9.484291076660157e-05,0.9892665474060823
2660,278.51078605651855,0.0004084309296160882,0.0005036830902099609,0.00015614032745361328,0.00010898113250732422,0.9892665474060823
2665,279.0147457122803,0.00033291079530926024,0.0004930973052978515,0.00017354488372802734,9.198188781738282e-05,0.9892665474060823
2670,279.5279700756073,0.027523353710401467,0.0004825115203857422,0.0001909494400024414,0.00010204315185546875,0.9892665474060823
2675,280.038724899292,0.0008064778987332488,0.0005066871643066406,0.00017824172973632813,9.508132934570313e-05,0.9892665474060823
2680,280.5474238395691,0.22571827732040503,0.0004848003387451172,0.00016014575958251954,0.0001003265380859375,0.9892665474060823
2685,281.0567479133606,0.0005387863064271414,0.0004795074462890625,0.00016884803771972657,0.00010700225830078125,0.9892665474060823
2690,281.56652784347534,0.00023102012392257621,0.0004930973052978515,0.00017354488372802734,0.0001024007797241211,0.9874776386404294
2695,282.07710886001587,0.0954191782511856,0.00046591758728027345,0.00016415119171142578,9.663105010986328e-05,0.9892665474060823
2700,282.5876958370209,0.18698513051495383,0.0005066871643066406,0.00017824172973632813,0.0001056671142578125,0.9892665474060823
2705,283.09611797332764,0.06957872074854805,0.0004961013793945313,0.0001956462860107422,0.00010004043579101563,0.9874776386404294
2710,283.60676980018616,0.019526625603516833,0.0005036830902099609,0.00015614032745361328,9.877681732177735e-05,0.9874776386404294
2715,284.11753702163696,1.4997116164749968e-05,0.0005119800567626953,0.0001695394515991211,0.00010333061218261718,0.9874776386404294
2720,284.62823605537415,0.00012324477224865405,0.0004878044128417969,0.00018224716186523437,9.589195251464843e-05,0.9874776386404294
2725,285.1360938549042,0.2206027791486136,0.0005036830902099609,0.00015614032745361328,9.97304916381836e-05,0.9838998211091234
2730,285.64517974853516,0.0016208418907837085,0.0004765033721923828,0.00014674663543701172,0.00010614395141601562,0.9552772808586762
2735,286.15557289123535,0.0032347715347910365,0.0004930973052978515,0.00017354488372802734,0.00010311603546142578,0.9445438282647585
2740,286.6687307357788,0.16058173696510494,0.0005066871643066406,0.00017824172973632813,0.00010275840759277344,0.9463327370304114
2745,287.1752088069916,0.07539440261607666,0.00046591758728027345,0.00016415119171142578,9.605884552001953e-05,0.9838998211091234
2750,287.7310588359833,0.010469330509835117,0.0004742145538330078,0.0001775503158569336,0.000103759765625,0.9838998211091234
2755,288.24001383781433,0.00025241882661930504,0.0004825115203857422,0.0001909494400024414,0.00010051727294921876,0.9874776386404294
2760,288.7498028278351,0.0872042990904646,0.0004742145538330078,0.0001775503158569336,9.760856628417968e-05,0.9874776386404294
2765,289.2633647918701,0.00010487492820061561,0.00051727294921875,0.00016083717346191407,9.751319885253906e-05,0.9874776386404294
2770,289.7713339328766,0.009019172451250768,0.0004908084869384765,0.00020434856414794922,9.946823120117187e-05,0.9856887298747764
2775,290.27871894836426,0.016485804833121166,0.0004848003387451172,0.00016014575958251954,9.915828704833984e-05,0.9874776386404294
2780,290.78921484947205,0.005896964858501974,0.0004930973052978515,0.00017354488372802734,0.00010197162628173828,0.9874776386404294
2785,291.2962648868561,0.00020628072452382183,0.0005119800567626953,0.0001695394515991211,0.00010027885437011719,0.9874776386404294
2790,291.80111169815063,0.0003164836295425744,0.0004983901977539063,0.0001648426055908203,0.00010280609130859375,0.9874776386404294
2795,292.31204986572266,0.005980449753440098,0.0004817962646484375,0.0001380443572998047,9.963512420654296e-05,0.9892665474060823
2800,292.82257294654846,0.0016576192341815955,0.0004848003387451172,0.00016014575958251954,9.868144989013671e-05,0.9892665474060823