#{"solver": {"engine": {"type": "ExactEngine"}, "semiring": "GraphSemiring"}, "networks": [{"name": "perc_net_version_0_baseline", "module": "AD_V0_baseline_net(\n  (conv1): Conv2d(3, 6, kernel_size=(5, 5), stride=(1, 1))\n  (pool): MaxPool2d(kernel_size=2, stride=2, padding=0, dilation=1, ceil_mode=False)\n  (conv2): Conv2d(6, 16, kernel_size=(5, 5), stride=(1, 1))\n  (fc1): Linear(in_features=400, out_features=120, bias=True)\n  (fc2): Linear(in_features=120, out_features=84, bias=True)\n  (fc3): Linear(in_features=84, out_features=3, bias=True)\n  (softmax): Softmax(dim=-1)\n)", "optimizer": "Adam (\nParameter Group 0\n    amsgrad: False\n    betas: (0.9, 0.999)\n    capturable: False\n    differentiable: False\n    eps: 1e-08\n    foreach: None\n    fused: None\n    lr: 0.001\n    maximize: False\n    weight_decay: 0\n)", "k": null}], "program": "nn(perc_net_version_0_baseline,[Img],X,[0, 1, 2])::action(Img,X).\nautonomous_driving_baseline(Img,X) :- action(Img,X).\n"}
#Accuracy 0.9803220035778175
i,time,loss,ground_time,compile_time,eval_time,accuracy
5,0.08972978591918945,0.8813962042331696,0.0004061222076416016,0.00044884681701660154,0.00026912689208984374,0.33273703041144903
10,1.2673747539520264,1.1705560386180878,0.0004551410675048828,0.00029816627502441404,0.00010673999786376953,0.3443649373881932
15,2.3823020458221436,1.1760075330734252,0.0004739284515380859,0.0003053188323974609,0.00011386871337890626,0.33273703041144903
20,3.4983999729156494,1.0972207188606262,0.0005198955535888672,0.0004847526550292969,0.00011534690856933594,0.33273703041144903
25,4.61566686630249,1.1110346555709838,0.00049591064453125,0.0005565881729125977,0.00011136531829833985,0.33273703041144903
30,5.727957725524902,1.1129610776901244,0.0004645347595214844,0.0003017425537109375,0.00011305809020996093,0.33273703041144903
35,6.852370023727417,1.111146664619446,0.0004645347595214844,0.0003017425537109375,0.00011091232299804687,0.33273703041144903
40,7.992483854293823,1.1132797360420228,0.00048232078552246094,0.00047044754028320314,0.00010805130004882812,0.33273703041144903
45,9.24367380142212,1.0891908049583434,0.0005376815795898437,0.0006534576416015625,0.00010805130004882812,0.33273703041144903
50,10.355863809585571,1.086311364173889,0.0005198955535888672,0.0004847526550292969,0.00012118816375732422,0.33273703041144903
55,11.511476039886475,1.1003110647201537,0.0004917144775390625,0.0004740238189697266,0.00010385513305664063,0.33273703041144903
60,12.61982798576355,1.105077087879181,0.00047812461853027346,0.00038788318634033205,0.00010728836059570312,0.33273703041144903
65,13.736993789672852,1.105546224117279,0.00047812461853027346,0.00038788318634033205,0.00010290145874023438,0.33273703041144903
70,14.843708992004395,1.1244568824768066,0.00043215751647949217,0.00020844936370849608,0.00011601448059082032,0.33273703041144903
75,15.954411745071411,1.1006151556968689,0.000487518310546875,0.0003914594650268555,0.00010867118835449219,0.33273703041144903
80,17.072386741638184,1.1083663821220398,0.0004645347595214844,0.0003017425537109375,0.00011010169982910157,0.4660107334525939
85,18.181647777557373,1.0883641362190246,0.0005053043365478516,0.0005601644515991211,9.741783142089844e-05,0.6118067978533095
90,19.326109886169434,1.0994104504585267,0.000487518310546875,0.0003914594650268555,0.00011942386627197265,0.5796064400715564
95,20.520246744155884,1.0638752281665802,0.00044994354248046876,0.00037715435028076174,0.0001142263412475586,0.3425760286225403
100,21.65114974975586,1.1300979375839233,0.0005240917205810546,0.000567317008972168,0.00010786056518554687,0.3425760286225403
105,22.767966985702515,1.1294001936912537,0.0004969120025634765,0.00039503574371337893,0.00011420249938964844,0.4606440071556351
110,23.896342754364014,1.0716421842575072,0.0005376815795898437,0.0006534576416015625,0.00011343955993652344,0.33273703041144903
115,25.008054733276367,1.0922450304031373,0.0004969120025634765,0.00039503574371337893,0.00010583400726318359,0.33273703041144903
120,26.12248396873474,1.0988249778747559,0.0004739284515380859,0.0003053188323974609,0.00011134147644042969,0.33273703041144903
125,27.2312228679657,1.0797669053077699,0.0004969120025634765,0.00039503574371337893,0.00010521411895751953,0.4660107334525939
130,28.339882850646973,1.0650072634220122,0.0005188941955566406,0.0006463050842285157,0.00010881423950195312,0.46422182468694095
135,29.4978928565979,1.026602530479431,0.0005376815795898437,0.0006534576416015625,0.00010852813720703125,0.38461538461538464
140,30.621651887893677,1.0454928755760193,0.0005011081695556641,0.00047760009765625,0.0001071929931640625,0.35062611806797855
145,31.73884391784668,1.0473314642906189,0.0004969120025634765,0.00039503574371337893,0.00010428428649902343,0.7835420393559929
150,32.86623787879944,0.9801982641220093,0.0004917144775390625,0.0004740238189697266,0.00010004043579101563,0.8747763864042933
155,33.99219489097595,0.7971762478351593,0.0005053043365478516,0.0005601644515991211,0.00011453628540039062,0.7352415026833632
160,35.11053490638733,0.8246387153863907,0.000492715835571289,0.0003124713897705078,0.00010135173797607422,0.8443649373881932
165,36.223103046417236,0.6525312453508377,0.0004969120025634765,0.00039503574371337893,9.89675521850586e-05,0.6386404293381037
170,37.34365391731262,0.5207664398476481,0.0005428791046142578,0.0005744695663452148,0.00011188983917236328,0.7602862254025045
175,38.51137685775757,0.4735691096633673,0.0005240917205810546,0.000567317008972168,0.00010058879852294921,0.8470483005366727
180,39.63359785079956,0.338298025727272,0.0004645347595214844,0.0003017425537109375,0.000110626220703125,0.7915921288014311
185,40.746888875961304,0.878590248990804,0.0005334854125976562,0.0005708932876586914,0.0001125335693359375,0.8264758497316637
190,41.86355376243591,0.8549773681908845,0.0004645347595214844,0.0003017425537109375,0.0001087188720703125,0.9159212880143113
195,43.02609372138977,0.2927990874275565,0.0004969120025634765,0.00039503574371337893,0.0001146554946899414,0.9087656529516994
200,44.22409677505493,0.3799805291229859,0.0005011081695556641,0.00047760009765625,0.00011260509490966797,0.9123434704830053
205,45.352821826934814,0.3306585186976008,0.00044574737548828123,0.0002945899963378906,0.0001093149185180664,0.889087656529517
210,46.48037576675415,0.2626868102233857,0.0004917144775390625,0.0004740238189697266,0.0001169443130493164,0.7370304114490162
215,47.64209580421448,0.6319895189997624,0.000487518310546875,0.0003914594650268555,0.00010979175567626953,0.924865831842576
220,48.76428484916687,0.08714833410140273,0.0004687309265136719,0.0003843069076538086,0.00011646747589111328,0.909660107334526
225,49.8754677772522,0.2995647022908088,0.0004593372344970703,0.0003807306289672852,0.00010480880737304688,0.9016100178890877
230,50.995431900024414,0.2818749812781903,0.0004917144775390625,0.0004740238189697266,0.00011034011840820313,0.9123434704830053
235,52.105814695358276,0.14749946425008603,0.00044155120849609375,0.00021202564239501952,0.0001094818115234375,0.9194991055456172
240,53.22021985054016,0.6923333598118916,0.0004593372344970703,0.0003807306289672852,0.00010426044464111328,0.9087656529516994
245,54.341954708099365,0.3661291202166467,0.0005105018615722656,0.00048117637634277345,0.00011796951293945313,0.9400715563506261
250,55.46212983131409,0.10516516474317542,0.0005105018615722656,0.00048117637634277345,0.00010519027709960937,0.9382826475849732
255,56.63981080055237,0.4281289453654608,0.0004833221435546875,0.00030889511108398435,0.00010721683502197265,0.9364937388193202
260,57.7673716545105,0.40470293862836115,0.00044574737548828123,0.0002945899963378906,0.00011439323425292969,0.9400715563506261
265,58.880980014801025,0.30274664275348184,0.00048232078552246094,0.00047044754028320314,0.00011153221130371094,0.9355992844364938
270,59.996378898620605,0.28840958744985984,0.0004551410675048828,0.00029816627502441404,0.00011737346649169922,0.9087656529516994
275,61.108184814453125,0.13521590183955254,0.00043215751647949217,0.00020844936370849608,0.00010557174682617188,0.855098389982111
280,62.211129903793335,0.4391038914476667,0.0004645347595214844,0.0003017425537109375,0.00011105537414550782,0.962432915921288
285,63.31397104263306,0.18115612674200748,0.0004687309265136719,0.0003843069076538086,9.968280792236329e-05,0.9534883720930233
290,64.41689872741699,0.10922219268068148,0.00047812461853027346,0.00038788318634033205,0.00010204315185546875,0.9400715563506261
295,65.56944179534912,0.11019846654780849,0.0005470752716064453,0.000657033920288086,0.00010323524475097656,0.9355992844364938
300,66.67227602005005,0.05715539764496498,0.0004739284515380859,0.0003053188323974609,0.00010652542114257813,0.9338103756708408
305,67.77535390853882,0.11318663584461319,0.0005198955535888672,0.0004847526550292969,0.0001100301742553711,0.9329159212880143
310,68.89668774604797,0.37065567950685363,0.0005334854125976562,0.0005708932876586914,0.00011758804321289062,0.9347048300536672
315,70.02895069122314,0.1336505560291698,0.0005011081695556641,0.00047760009765625,0.0001073598861694336,0.9168157423971377
320,71.13596868515015,0.5494864247593796,0.0005146980285644532,0.0005637407302856445,0.00011067390441894531,0.8819320214669052
325,72.24871492385864,0.9526476608909433,0.0004833221435546875,0.00030889511108398435,0.00010848045349121094,0.9069767441860465
330,73.36323475837708,0.2238117166591138,0.00048232078552246094,0.00047044754028320314,0.00011017322540283204,0.9418604651162791
335,74.61346793174744,0.16893937072018445,0.0004687309265136719,0.0003843069076538086,0.00012581348419189454,0.9463327370304114
340,75.73503375053406,0.15688689202070236,0.0005011081695556641,0.00047760009765625,0.0001062154769897461,0.9284436493738819
345,76.84983468055725,0.5339343241881593,0.0004739284515380859,0.0003053188323974609,0.0001010894775390625,0.9186046511627907
350,77.96294474601746,0.06269772643281613,0.0004917144775390625,0.0004740238189697266,9.980201721191407e-05,0.9391771019677997
355,79.07208180427551,0.18685430587502197,0.0005011081695556641,0.00047760009765625,0.00011353492736816406,0.9400715563506261
360,80.19556879997253,0.04509484395551624,0.0004917144775390625,0.0004740238189697266,0.00010368824005126953,0.9302325581395349
365,81.32474279403687,0.036891850578876985,0.0004645347595214844,0.0003017425537109375,0.00010941028594970703,0.9257602862254025
370,82.42742896080017,0.0046208165855205156,0.00044155120849609375,0.00021202564239501952,0.0001018524169921875,0.9338103756708408
375,83.50593686103821,0.15946733697628587,0.00047812461853027346,0.00038788318634033205,0.00010585784912109375,0.9427549194991055
380,84.6250388622284,0.043739980529063874,0.00048232078552246094,0.00047044754028320314,0.00011758804321289062,0.947227191413238
385,85.70054888725281,0.20679143088055413,0.0004551410675048828,0.00029816627502441404,9.965896606445312e-05,0.9418604651162791
390,86.7699978351593,0.35906348803547417,0.0004917144775390625,0.0004740238189697266,9.801387786865235e-05,0.9427549194991055
395,87.84588193893433,0.2917477024808036,0.0005146980285644532,0.0005637407302856445,0.00010173320770263672,0.9490161001788909
400,88.91953492164612,0.28632367471727777,0.000487518310546875,0.0003914594650268555,9.813308715820313e-05,0.907871198568873
405,89.9962649345398,0.3133529951745004,0.0005240917205810546,0.000567317008972168,9.725093841552734e-05,0.8694096601073346
410,91.07389879226685,0.17842309635598214,0.0005742549896240234,0.000829315185546875,0.00010247230529785157,0.9651162790697675
415,92.16359567642212,0.17263257615763905,0.00043735504150390627,0.00012946128845214844,0.00011110305786132812,0.9660107334525939
420,93.29130291938782,0.06870038909728464,0.0004551410675048828,0.00029816627502441404,0.00010395050048828125,0.9508050089445438
425,94.37314677238464,0.06708781025627104,0.0005063056945800781,0.00039861202239990237,0.00010569095611572266,0.9355992844364938
430,95.44369578361511,0.13148200353390677,0.00044574737548828123,0.0002945899963378906,9.951591491699218e-05,0.9463327370304114
435,96.51291179656982,0.1295897721133116,0.0004687309265136719,0.0003843069076538086,0.00010056495666503907,0.9579606440071556
440,97.58198094367981,0.0039290772395588645,0.0004645347595214844,0.0003017425537109375,9.849071502685547e-05,0.9543828264758497
445,98.65489888191223,0.012243437585676985,0.0004645347595214844,0.0003017425537109375,0.00010728836059570312,0.9490161001788909
450,99.73124384880066,0.30349414834490746,0.00046033859252929686,0.0002191781997680664,0.00011167526245117187,0.9373881932021467
455,100.79441690444946,0.05668471926146594,0.0004593372344970703,0.0003807306289672852,0.00010097026824951172,0.9311270125223614
460,101.89802765846252,0.030436518560782132,0.0005146980285644532,0.0005637407302856445,9.310245513916016e-05,0.9266547406082289
465,102.9652328491211,0.0279809570081909,0.0005011081695556641,0.00047760009765625,0.00010459423065185547,0.9239713774597496
470,104.01450181007385,0.1351815084773989,0.0004645347595214844,0.0003017425537109375,0.00010755062103271485,0.9400715563506261
475,105.06338381767273,0.09858890801515656,0.0004645347595214844,0.0003017425537109375,9.648799896240234e-05,0.9499105545617174
480,106.11461472511292,0.012312140056803856,0.0004969120025634765,0.00039503574371337893,8.83340835571289e-05,0.9516994633273703
485,107.16051578521729,0.3014658251886459,0.0004969120025634765,0.00039503574371337893,0.0001003265380859375,0.9534883720930233
490,108.21473383903503,0.06863817426092282,0.0005011081695556641,0.00047760009765625,0.00011942386627197265,0.960644007155635
495,109.26787900924683,0.13663294087568828,0.0004687309265136719,0.0003843069076538086,9.629726409912109e-05,0.9651162790697675
500,110.36479377746582,0.22062110421957187,0.0004645347595214844,0.0003017425537109375,9.915828704833984e-05,0.9588550983899821
505,111.42736172676086,0.15862474266323262,0.0005105018615722656,0.00048117637634277345,9.617805480957031e-05,0.9579606440071556
510,112.4819848537445,0.01231967096828157,0.000487518310546875,0.0003914594650268555,0.00010271072387695313,0.9597495527728086
515,113.53185987472534,0.038957539985131004,0.0005334854125976562,0.0005708932876586914,9.577274322509765e-05,0.945438282647585
520,114.58857989311218,0.01884437287153844,0.00047812461853027346,0.00038788318634033205,9.505748748779297e-05,0.9329159212880143
525,115.63573288917542,0.014329268115398008,0.0005011081695556641,0.00047760009765625,9.49859619140625e-05,0.9257602862254025
530,116.68546795845032,0.09621264589804923,0.0005105018615722656,0.00048117637634277345,0.00010199546813964844,0.9320214669051878
535,117.73450684547424,0.06697734146988524,0.000487518310546875,0.0003914594650268555,0.00010066032409667968,0.962432915921288
540,118.82694482803345,0.6594717286666765,0.000487518310546875,0.0003914594650268555,0.00010447502136230468,0.9749552772808586
545,119.8806529045105,0.36163103482442127,0.0004917144775390625,0.0004740238189697266,0.0001027822494506836,0.9803220035778175
550,120.93967700004578,0.059802248306868935,0.00044155120849609375,0.00021202564239501952,0.00010259151458740235,0.9740608228980322
555,121.98849105834961,0.2199039924088538,0.0004969120025634765,0.00039503574371337893,9.438991546630859e-05,0.9767441860465116
560,123.03730988502502,0.14705751024994526,0.0005282878875732422,0.0006498813629150391,9.88006591796875e-05,0.9803220035778175
565,124.08241081237793,0.1711758011124175,0.00048232078552246094,0.00047044754028320314,9.579658508300782e-05,0.9776386404293381
570,125.13351392745972,0.2100478329608677,0.0004739284515380859,0.0003053188323974609,0.00010282993316650391,0.9704830053667263
575,126.18053889274597,0.13899204958582914,0.000487518310546875,0.0003914594650268555,0.00010144710540771484,0.9731663685152058
580,127.23197793960571,0.0007084891214503841,0.0005334854125976562,0.0005708932876586914,9.868144989013671e-05,0.981216457960644
585,128.33236289024353,0.08092242810107848,0.00048232078552246094,0.00047044754028320314,0.00010013580322265625,0.9803220035778175
590,129.38325190544128,0.0811129268777222,0.00045094490051269533,0.00021560192108154296,9.868144989013671e-05,0.964221824686941
595,130.4287087917328,0.075069998845089,0.0004551410675048828,0.00029816627502441404,9.243488311767578e-05,0.9579606440071556
600,131.4745647907257,0.16724981709995176,0.0005188941955566406,0.0006463050842285157,9.57489013671875e-05,0.960644007155635
605,132.51290607452393,0.08067766538191563,0.0005240917205810546,0.000567317008972168,0.00010213851928710937,0.9803220035778175
610,133.5426528453827,0.2558491020616202,0.0004969120025634765,0.00039503574371337893,0.00010776519775390625,0.9660107334525939
615,134.56801009178162,0.07301060208592816,0.00048232078552246094,0.00047044754028320314,0.00010118484497070312,0.9651162790697675
620,135.5847029685974,0.217118190094061,0.0005011081695556641,0.00047760009765625,9.374618530273437e-05,0.9651162790697675
625,136.65488386154175,0.2205986946901291,0.0004645347595214844,0.0003017425537109375,9.32455062866211e-05,0.9704830053667263
630,137.68528580665588,0.037992144877125614,0.0004551410675048828,0.00029816627502441404,9.617805480957031e-05,0.9722719141323792
635,138.71197175979614,0.049942808623052316,0.0004551410675048828,0.00029816627502441404,0.00010206699371337891,0.9767441860465116
640,139.7326958179474,0.111920422670849,0.000487518310546875,0.0003914594650268555,9.949207305908203e-05,0.9803220035778175
645,140.75591492652893,0.018797974330396983,0.0005011081695556641,0.00047760009765625,9.446144104003906e-05,0.981216457960644
650,141.78434491157532,0.03579165933419972,0.0004917144775390625,0.0004740238189697266,0.0001043081283569336,0.9794275491949911
655,142.81216382980347,0.025287231528278654,0.00044994354248046876,0.00037715435028076174,0.00011603832244873047,0.9794275491949911
660,143.8509237766266,0.19138869967409847,0.0005334854125976562,0.0005708932876586914,9.758472442626953e-05,0.9785330948121646
665,144.92210578918457,0.04627265249665698,0.0005105018615722656,0.00048117637634277345,9.975433349609374e-05,0.9767441860465116
670,145.95346879959106,0.027215566986933483,0.0005105018615722656,0.00048117637634277345,0.0001092672348022461,0.9713774597495528
675,146.97724795341492,0.13725664611474145,0.000487518310546875,0.0003914594650268555,9.624958038330078e-05,0.9740608228980322
680,148.0042450428009,0.08816654842887033,0.0004739284515380859,0.0003053188323974609,0.00010044574737548828,0.9731663685152058
685,149.02191495895386,0.08262115605729861,0.0005105018615722656,0.00048117637634277345,9.708404541015625e-05,0.9731663685152058
690,150.04387187957764,0.016566341725672375,0.0005053043365478516,0.0005601644515991211,9.660720825195312e-05,0.9731663685152058
695,151.0638930797577,0.12941943619231466,0.0005512714385986328,0.000739598274230957,0.00010144710540771484,0.9731663685152058
700,152.0760908126831,0.012504591457359026,0.0004969120025634765,0.00039503574371337893,9.319782257080078e-05,0.9722719141323792
705,153.12996888160706,0.023388047738946226,0.0005011081695556641,0.00047760009765625,0.00010125637054443359,0.9695885509838998
710,154.14726781845093,0.02114130326681334,0.0005146980285644532,0.0005637407302856445,9.479522705078126e-05,0.9713774597495528
715,155.15730381011963,0.002384754850226045,0.0004687309265136719,0.0003843069076538086,9.772777557373046e-05,0.9731663685152058
720,156.1691598892212,0.0006681571138571485,0.0005156993865966797,0.0004021883010864258,9.381771087646484e-05,0.9731663685152058
725,157.18792390823364,0.0033438686949025962,0.0005105018615722656,0.00048117637634277345,9.808540344238281e-05,0.9731663685152058
730,158.2067620754242,0.05332905431067729,0.0005198955535888672,0.0004847526550292969,9.708404541015625e-05,0.9704830053667263
735,159.2223687171936,0.0005656846120928094,0.0005198955535888672,0.0004847526550292969,9.691715240478516e-05,0.9597495527728086
740,160.2260148525238,0.019359165056141592,0.00047812461853027346,0.00038788318634033205,0.0001026153564453125,0.9463327370304114
745,161.2887077331543,0.15829542579762118,0.0005240917205810546,0.000567317008972168,0.00010051727294921876,0.9731663685152058
750,162.3053867816925,0.01936174389559824,0.00046033859252929686,0.0002191781997680664,9.300708770751954e-05,0.9669051878354203
755,163.41270685195923,0.004615491964571561,0.0005240917205810546,0.000567317008972168,9.968280792236329e-05,0.947227191413238
760,164.45367193222046,0.07027060842548565,0.0004739284515380859,0.0003053188323974609,9.553432464599609e-05,0.9284436493738819
765,165.46784782409668,0.030606470507508733,0.0004363536834716797,0.00029101371765136717,9.703636169433594e-05,0.9275491949910555
770,166.4783329963684,1.2424070629742416,0.0005146980285644532,0.0005637407302856445,9.741783142089844e-05,0.9534883720930233
775,167.50534296035767,0.014460796862931603,0.00047812461853027346,0.00038788318634033205,9.531974792480469e-05,0.9821109123434705
780,168.53505110740662,0.023073221734625803,0.0004687309265136719,0.0003843069076538086,0.00010373592376708985,0.9570661896243292
785,169.56206965446472,0.06993564120652991,0.0004687309265136719,0.0003843069076538086,9.653568267822265e-05,0.9418604651162791
790,170.64194893836975,0.014924152570529259,0.0004687309265136719,0.0003843069076538086,9.484291076660157e-05,0.9409660107334525
795,171.67305088043213,0.3667431252757183,0.0004645347595214844,0.0003017425537109375,0.00010302066802978516,0.9400715563506261
800,172.7082269191742,0.46752520785667,0.00044574737548828123,0.0002945899963378906,9.97781753540039e-05,0.9579606440071556
805,173.75891780853271,0.036824882747896484,0.0005146980285644532,0.0005637407302856445,0.00010089874267578125,0.9186046511627907
810,174.8162670135498,0.3429038389993366,0.0005063056945800781,0.00039861202239990237,9.55820083618164e-05,0.9302325581395349
815,175.86743688583374,0.20978657482774138,0.0004969120025634765,0.00039503574371337893,0.00010132789611816406,0.9543828264758497
820,176.92907786369324,0.1655922705016593,0.0004363536834716797,0.00029101371765136717,0.0001157999038696289,0.9463327370304114
825,177.98997569084167,0.07015662733756471,0.0004687309265136719,0.0003843069076538086,0.00010094642639160156,0.9347048300536672
830,179.08302783966064,0.159178872128723,0.0004687309265136719,0.0003843069076538086,0.0001013040542602539,0.9338103756708408
835,180.13573670387268,0.020434297862813366,0.0004185676574707031,0.00012230873107910156,9.744167327880859e-05,0.9320214669051878
840,181.17906165122986,0.09546865446473021,0.000487518310546875,0.0003914594650268555,9.179115295410156e-05,0.9463327370304114
845,182.21860265731812,0.008623384720522154,0.0004551410675048828,0.00029816627502441404,9.67264175415039e-05,0.9508050089445438
850,183.2553858757019,0.01425605259760232,0.0004917144775390625,0.0004740238189697266,9.887218475341797e-05,0.9534883720930233
855,184.30348873138428,0.24891469034419061,0.0005240917205810546,0.000567317008972168,9.901523590087891e-05,0.9731663685152058
860,185.34727573394775,0.004737313042789992,0.0004833221435546875,0.00030889511108398435,9.694099426269532e-05,0.9651162790697675
865,186.38538885116577,0.025709853376179127,0.0005334854125976562,0.0005708932876586914,9.961128234863282e-05,0.9597495527728086
870,187.46736884117126,0.19379149867791057,0.0005334854125976562,0.0005708932876586914,9.818077087402344e-05,0.9588550983899821
875,188.4979567527771,0.12355486496765025,0.00047812461853027346,0.00038788318634033205,9.350776672363281e-05,0.9597495527728086
880,189.53234004974365,0.5871224273759026,0.0005376815795898437,0.0006534576416015625,0.00010044574737548828,0.9713774597495528
885,190.5550458431244,0.22613985620994298,0.0004833221435546875,0.00030889511108398435,9.620189666748047e-05,0.9713774597495528
890,191.58606886863708,0.43640192653583654,0.00047292709350585935,0.0004668712615966797,9.820461273193359e-05,0.9660107334525939
895,192.62653279304504,0.07831904016576488,0.00047812461853027346,0.00038788318634033205,0.00010814666748046876,0.9499105545617174
900,193.6696388721466,0.05752842278379831,0.0005011081695556641,0.00047760009765625,0.00010364055633544922,0.9373881932021467
905,194.70540499687195,0.26876224505281243,0.00044155120849609375,0.00021202564239501952,9.779930114746093e-05,0.9722719141323792
910,195.79221367835999,0.032822042526186125,0.0005240917205810546,0.000567317008972168,0.00010597705841064453,0.9740608228980322
915,196.84176087379456,0.04786380079710852,0.00047812461853027346,0.00038788318634033205,9.407997131347657e-05,0.9695885509838998
920,197.89132070541382,0.04470054098783294,0.0004917144775390625,0.0004740238189697266,9.28640365600586e-05,0.9516994633273703
925,198.93471598625183,0.003462805316877393,0.0004645347595214844,0.0003017425537109375,9.968280792236329e-05,0.9382826475849732
930,199.98048996925354,0.005177507147163851,0.00044155120849609375,0.00021202564239501952,0.00010499954223632812,0.9239713774597496
935,201.025221824646,0.20831569597503546,0.0005146980285644532,0.0005637407302856445,0.00010170936584472657,0.964221824686941
940,202.07421588897705,0.055616752380592514,0.00044574737548828123,0.0002945899963378906,0.00010769367218017578,0.9660107334525939
945,203.11793684959412,0.22702264896979613,0.0004917144775390625,0.0004740238189697266,9.908676147460938e-05,0.9722719141323792
950,204.2079529762268,0.19194300422977903,0.0004551410675048828,0.00029816627502441404,0.00010027885437011719,0.9803220035778175
955,205.26070976257324,0.17667275632484233,0.0005146980285644532,0.0005637407302856445,9.97781753540039e-05,0.9865831842576028
960,206.30575799942017,0.04452292793781112,0.0005105018615722656,0.00048117637634277345,0.00010116100311279297,0.9865831842576028
965,207.3480520248413,0.23676296644116518,0.0005146980285644532,0.0005637407302856445,9.86337661743164e-05,0.9883720930232558
970,208.38779497146606,0.03529151833211586,0.0005700588226318359,0.0007467508316040039,9.300708770751954e-05,0.9892665474060823
975,209.41818284988403,0.0576263946200072,0.00045094490051269533,0.00021560192108154296,9.86337661743164e-05,0.9874776386404294
980,210.45265579223633,0.05491257335343249,0.0004551410675048828,0.00029816627502441404,9.856224060058593e-05,0.9892665474060823
985,211.48228478431702,0.0025106955029514212,0.0004969120025634765,0.00039503574371337893,9.930133819580078e-05,0.9892665474060823
990,212.51232886314392,0.007986376108607373,0.00044574737548828123,0.0002945899963378906,0.00010008811950683594,0.9892665474060823
995,213.5895278453827,0.009793141267925876,0.0004551410675048828,0.00029816627502441404,9.970664978027343e-05,0.9883720930232558
1000,214.62648677825928,0.0010122219519203667,0.00047812461853027346,0.00038788318634033205,9.779930114746093e-05,0.9874776386404294
1005,215.6549940109253,0.010965471606601796,0.0004645347595214844,0.0003017425537109375,9.772777557373046e-05,0.9865831842576028
1010,216.68366169929504,0.30569285220818754,0.00043735504150390627,0.00012946128845214844,0.00010294914245605469,0.9874776386404294
1015,217.7117567062378,0.03688847779636859,0.00048232078552246094,0.00047044754028320314,0.00010082721710205078,0.9856887298747764
1020,218.74426770210266,0.03567208701020945,0.0005146980285644532,0.0005637407302856445,9.89675521850586e-05,0.9847942754919499
1025,219.78509497642517,0.033599285292712014,0.0005011081695556641,0.00047760009765625,0.00010437965393066407,0.9838998211091234
1030,220.82809972763062,0.09374514449095414,0.00045094490051269533,0.00021560192108154296,9.85860824584961e-05,0.9847942754919499
1035,221.90767288208008,0.062282639651679975,0.000487518310546875,0.0003914594650268555,9.872913360595704e-05,0.9856887298747764
1040,222.94646096229553,0.08549656038819933,0.0004833221435546875,0.00030889511108398435,9.522438049316406e-05,0.9865831842576028
1045,223.9771168231964,0.04999101257632219,0.0005105018615722656,0.00048117637634277345,9.310245513916016e-05,0.9865831842576028
1050,225.0074257850647,0.04128875257583786,0.0004687309265136719,0.0003843069076538086,0.00010058879852294921,0.9874776386404294
1055,226.03144097328186,0.06698113649081279,0.0004917144775390625,0.0004740238189697266,9.911060333251953e-05,0.9856887298747764
1060,227.04907870292664,0.04891744843048684,0.0004739284515380859,0.0003053188323974609,9.78708267211914e-05,0.9856887298747764
1065,228.06570672988892,0.016576275885745416,0.0005105018615722656,0.00048117637634277345,0.00010242462158203126,0.9856887298747764
1070,229.08667278289795,0.0019560579221433727,0.00047812461853027346,0.00038788318634033205,0.00010571479797363281,0.9856887298747764
1075,230.1612057685852,8.65915119334204e-05,0.0005198955535888672,0.0004847526550292969,0.00010418891906738281,0.9847942754919499
1080,231.18565678596497,0.005771838336113433,0.0004687309265136719,0.0003843069076538086,9.851455688476562e-05,0.9847942754919499
1085,232.20993781089783,0.0008387441906165805,0.0005105018615722656,0.00048117637634277345,9.377002716064453e-05,0.9821109123434705
1090,233.23198699951172,0.0076856072036434854,0.0005470752716064453,0.000657033920288086,0.00010166168212890624,0.9838998211091234
1095,234.25223398208618,0.0020057412725861925,0.0004739284515380859,0.0003053188323974609,9.415149688720703e-05,0.9847942754919499
1100,235.27345180511475,0.04524522471475052,0.0004645347595214844,0.0003017425537109375,9.675025939941407e-05,0.9803220035778175
1105,236.29052186012268,0.00964157310736482,0.0005011081695556641,0.00047760009765625,0.00010073184967041016,0.9508050089445438
1110,237.3066418170929,0.00033461831123986484,0.0004687309265136719,0.0003843069076538086,0.00010397434234619141,0.9338103756708408
1115,238.36132264137268,0.6668274899857692,0.0004833221435546875,0.00030889511108398435,9.703636169433594e-05,0.9785330948121646
1120,239.38610005378723,0.05899696150172531,0.0005188941955566406,0.0006463050842285157,9.901523590087891e-05,0.9919499105545617
1125,240.41836285591125,0.07950491949487173,0.0004593372344970703,0.0003807306289672852,9.403228759765624e-05,0.9919499105545617
1130,241.44259786605835,0.1674671529450052,0.0004833221435546875,0.00030889511108398435,9.458065032958984e-05,0.9964221824686941
1135,242.46155190467834,0.013649223917263953,0.0005240917205810546,0.000567317008972168,9.59634780883789e-05,0.9821109123434705
1140,243.4809877872467,8.429412441870454e-05,0.0005105018615722656,0.00048117637634277345,9.582042694091796e-05,0.9776386404293381
1145,244.50935792922974,0.03571884404510115,0.00048232078552246094,0.00047044754028320314,9.272098541259765e-05,0.983005366726297
1150,245.52984976768494,0.04832586763626523,0.00043735504150390627,0.00012946128845214844,9.794235229492188e-05,0.981216457960644
1155,246.5945909023285,0.19535728969367483,0.00044574737548828123,0.0002945899963378906,9.868144989013671e-05,0.9874776386404294
1160,247.6215648651123,0.04361571135518716,0.0005648612976074218,0.0008257389068603516,9.698867797851563e-05,0.9883720930232558
1165,248.64235401153564,0.34000867827057846,0.0005105018615722656,0.00048117637634277345,0.00010225772857666015,0.9910554561717353
1170,249.66067385673523,0.015699756039998645,0.000487518310546875,0.0003914594650268555,0.00010690689086914062,0.9892665474060823
1175,250.67135286331177,0.00627170175575884,0.0004687309265136719,0.0003843069076538086,0.00010569095611572266,0.9803220035778175
1180,251.67940998077393,0.07199192483240183,0.0005240917205810546,0.000567317008972168,0.00011124610900878907,0.9168157423971377
1185,252.6915237903595,0.24944540864089645,0.00044155120849609375,0.00021202564239501952,0.00011370182037353515,0.9874776386404294
1190,253.6976227760315,0.0002452371896197292,0.00044574737548828123,0.0002945899963378906,9.877681732177735e-05,0.9883720930232558
1195,254.70748090744019,0.0399573602280725,0.00047812461853027346,0.00038788318634033205,9.198188781738282e-05,0.9901610017889088
1200,255.76202178001404,0.016144457573308558,0.0005105018615722656,0.00048117637634277345,9.85860824584961e-05,0.9865831842576028
1205,256.77469086647034,0.006920971740740356,0.0004645347595214844,0.0003017425537109375,9.949207305908203e-05,0.9856887298747764
1210,257.7774579524994,0.001961005776253444,0.00048232078552246094,0.00047044754028320314,9.963512420654296e-05,0.9847942754919499
1215,258.7829236984253,0.008176897855197752,0.00048232078552246094,0.00047044754028320314,0.00010058879852294921,0.9847942754919499
1220,259.7907569408417,0.30657838240049384,0.0005334854125976562,0.0005708932876586914,9.589195251464843e-05,0.9856887298747764
1225,260.80439472198486,0.014872131595554094,0.0005011081695556641,0.00047760009765625,0.00010111331939697266,0.9856887298747764
1230,261.8182837963104,0.011668087769614033,0.0005198955535888672,0.0004847526550292969,0.00010201930999755859,0.9856887298747764
1235,262.8351650238037,0.14706471091665207,0.0004551410675048828,0.00029816627502441404,9.696483612060547e-05,0.9838998211091234
1240,263.88714599609375,0.040416738068660155,0.0005063056945800781,0.00039861202239990237,9.572505950927734e-05,0.9838998211091234
1245,264.9250388145447,0.05968626794103784,0.0005011081695556641,0.00047760009765625,9.992122650146485e-05,0.9847942754919499
1250,265.9398727416992,0.022306398110288228,0.0005146980285644532,0.0005637407302856445,9.40084457397461e-05,0.983005366726297
1255,266.95077681541443,0.05250943900186371,0.0005512714385986328,0.000739598274230957,9.65118408203125e-05,0.9838998211091234
1260,267.96232199668884,0.007287820160505021,0.000487518310546875,0.0003914594650268555,0.00010001659393310547,0.981216457960644
1265,268.96251702308655,0.003740334459183714,0.0004969120025634765,0.00039503574371337893,9.343624114990234e-05,0.981216457960644
1270,269.96539783477783,0.0008819986088496989,0.0005188941955566406,0.0006463050842285157,9.958744049072265e-05,0.9803220035778175
1275,270.966326713562,0.0003901976278157804,0.00047812461853027346,0.00038788318634033205,9.851455688476562e-05,0.9803220035778175
1280,272.00431084632874,2.362395688635388e-05,0.0005021095275878906,0.00031604766845703123,9.531974792480469e-05,0.9803220035778175
1285,273.005245923996,0.00030275036275781984,0.0005105018615722656,0.00048117637634277345,9.722709655761719e-05,0.9803220035778175
1290,274.0147399902344,0.0020038608487396915,0.0005240917205810546,0.000567317008972168,9.710788726806641e-05,0.9803220035778175
1295,275.01681995391846,0.00013615802462254578,0.0005063056945800781,0.00039861202239990237,9.503364562988282e-05,0.9803220035778175
1300,276.02365493774414,0.0011762804636418877,0.000487518310546875,0.0003914594650268555,9.59634780883789e-05,0.9803220035778175
1305,277.02643489837646,0.0012162175473406478,0.0005146980285644532,0.0005637407302856445,9.505748748779297e-05,0.9803220035778175
1310,278.0307879447937,0.0025724159088056807,0.0004739284515380859,0.0003053188323974609,9.789466857910157e-05,0.9803220035778175
1315,279.03505992889404,0.005645021336722777,0.0005105018615722656,0.00048117637634277345,0.00010013580322265625,0.9803220035778175
1320,280.0744309425354,0.005103660002352228,0.0004645347595214844,0.0003017425537109375,0.00010089874267578125,0.983005366726297
1325,281.07560873031616,0.00044611752745709053,0.0004593372344970703,0.0003807306289672852,9.95635986328125e-05,0.983005366726297
1330,282.0739736557007,0.004530381956911356,0.0005240917205810546,0.000567317008972168,9.989738464355469e-05,0.983005366726297
1335,283.0746898651123,0.0023152230340102165,0.0004687309265136719,0.0003843069076538086,9.78231430053711e-05,0.983005366726297
1340,284.0788197517395,0.10681666576420668,0.0004917144775390625,0.0004740238189697266,9.264945983886719e-05,0.9821109123434705
1345,285.0809578895569,0.17381767746855986,0.00042276382446289064,0.00020487308502197265,9.441375732421875e-05,0.9821109123434705
1350,286.0843620300293,0.0010204277913715032,0.00047812461853027346,0.00038788318634033205,9.679794311523438e-05,0.9838998211091234
1355,287.0916497707367,0.00038553298582399975,0.0005011081695556641,0.00047760009765625,9.002685546875e-05,0.9803220035778175
1360,288.182461977005,0.2987205635356531,0.00042276382446289064,0.00020487308502197265,0.00011107921600341796,0.9865831842576028
1365,289.2818567752838,0.04518777975326884,0.0005240917205810546,0.000567317008972168,0.00010645389556884766,0.983005366726297
1370,290.31122493743896,0.04412074177853924,0.000492715835571289,0.0003124713897705078,0.00011441707611083984,0.9821109123434705
1375,291.3325719833374,0.11922853968089839,0.00047812461853027346,0.00038788318634033205,0.0001005411148071289,0.983005366726297
1380,292.3523168563843,0.029969671621972793,0.0004593372344970703,0.0003807306289672852,0.00010554790496826172,0.9695885509838998
1385,293.3761270046234,0.02868930574729802,0.00047812461853027346,0.00038788318634033205,9.546279907226562e-05,0.9597495527728086
1390,294.4020209312439,0.005097354905592511,0.0004363536834716797,0.00029101371765136717,9.911060333251953e-05,0.9445438282647585
1395,295.43074107170105,0.043736803578576657,0.00043735504150390627,0.00012946128845214844,9.02414321899414e-05,0.9490161001788909
1400,296.4545998573303,0.006658026601144229,0.0004687309265136719,0.0003843069076538086,9.813308715820313e-05,0.964221824686941
1405,297.51277685165405,0.002981825133819882,0.00047812461853027346,0.00038788318634033205,9.903907775878906e-05,0.9722719141323792
1410,298.52803206443787,0.0016033959542298248,0.000487518310546875,0.0003914594650268555,0.00010120868682861328,0.9749552772808586
1415,299.54045701026917,0.33022970632578535,0.0005376815795898437,0.0006534576416015625,0.00010344982147216796,0.9373881932021467
1420,300.5443968772888,2.2598152148134433e-05,0.0004833221435546875,0.00030889511108398435,9.570121765136718e-05,0.9275491949910555
1425,301.54289174079895,0.08097955793923575,0.0005105018615722656,0.00048117637634277345,9.906291961669922e-05,0.924865831842576
1430,302.54110074043274,0.5816132802522602,0.0005334854125976562,0.0005708932876586914,9.47713851928711e-05,0.9669051878354203
1435,303.5385699272156,0.0006721334721106586,0.0005146980285644532,0.0005637407302856445,9.992122650146485e-05,0.9382826475849732
1440,304.54155588150024,0.7149702911919575,0.0005105018615722656,0.00048117637634277345,8.974075317382812e-05,0.8953488372093024
1445,305.59081196784973,2.5260666480758687,0.0004645347595214844,0.0003017425537109375,9.415149688720703e-05,0.9338103756708408
1450,306.62040877342224,0.03188025101093785,0.00047292709350585935,0.0004668712615966797,9.312629699707032e-05,0.9284436493738819
1455,307.66533374786377,0.21421676246609422,0.0005105018615722656,0.00048117637634277345,9.865760803222657e-05,0.9364937388193202
1460,308.7154219150543,0.13468704080441968,0.000487518310546875,0.0003914594650268555,0.00010383129119873047,0.9373881932021467
1465,309.7673668861389,0.3890384318376164,0.00042276382446289064,0.00020487308502197265,0.00010292530059814453,0.9427549194991055
1470,310.82670068740845,0.05703233615786303,0.0005240917205810546,0.000567317008972168,9.641647338867187e-05,0.943649373881932
1475,311.8883957862854,0.06636551944549182,0.0005240917205810546,0.000567317008972168,0.00010342597961425782,0.9463327370304114
1480,312.9389226436615,0.05387896136096941,0.0004551410675048828,0.00029816627502441404,9.93967056274414e-05,0.947227191413238
1485,314.0332999229431,0.014816558869370056,0.0004645347595214844,0.0003017425537109375,0.00010552406311035157,0.9481216457960644
1490,315.09138584136963,0.06178772771381773,0.0004551410675048828,0.00029816627502441404,9.839534759521484e-05,0.9481216457960644
1495,316.142835855484,0.11910447642440118,0.0005240917205810546,0.000567317008972168,0.00010068416595458985,0.9490161001788909
1500,317.19084191322327,0.06005092117557638,0.00042276382446289064,0.00020487308502197265,9.260177612304687e-05,0.9490161001788909
1505,318.23837876319885,0.027123666787524314,0.00048232078552246094,0.00047044754028320314,0.0001032114028930664,0.9508050089445438
1510,319.2775549888611,0.24561936412101204,0.0005011081695556641,0.00047760009765625,0.0001035451889038086,0.9516994633273703
1515,320.3272547721863,0.435170070984168,0.0005146980285644532,0.0005637407302856445,0.00010118484497070312,0.9722719141323792
1520,321.38102984428406,0.2575481537155497,0.0004969120025634765,0.00039503574371337893,9.95635986328125e-05,0.983005366726297
1525,322.4788727760315,0.14168868490960448,0.0005146980285644532,0.0005637407302856445,9.348392486572266e-05,0.9838998211091234
1530,323.53029680252075,0.01508043606809224,0.0005564689636230469,0.0006606101989746094,9.911060333251953e-05,0.9847942754919499
1535,324.58310890197754,0.07156416658812219,0.00044155120849609375,0.00021202564239501952,0.00010104179382324219,0.9874776386404294
1540,325.6262617111206,0.06053549185409679,0.0004645347595214844,0.0003017425537109375,9.903907775878906e-05,0.9838998211091234
1545,326.65855288505554,0.0019433518225014268,0.0005011081695556641,0.00047760009765625,9.965896606445312e-05,0.9838998211091234
1550,327.69179606437683,0.008153867458918284,0.00044574737548828123,0.0002945899963378906,9.601116180419922e-05,0.983005366726297
1555,328.7278847694397,0.0021817194419227804,0.0004645347595214844,0.0003017425537109375,9.899139404296875e-05,0.983005366726297
1560,329.7634298801422,0.004770576743453603,0.00047812461853027346,0.00038788318634033205,9.751319885253906e-05,0.981216457960644
1565,330.8567478656769,0.005470319121651812,0.00045094490051269533,0.00021560192108154296,9.069442749023437e-05,0.9803220035778175
1570,331.89385199546814,0.21796449895626893,0.0004185676574707031,0.00012230873107910156,9.372234344482422e-05,0.9847942754919499
1575,332.92726397514343,0.022150785068765798,0.0005282878875732422,0.0006498813629150391,9.839534759521484e-05,0.9874776386404294
1580,333.9642858505249,0.009366218739798171,0.0005011081695556641,0.00047760009765625,0.00010004043579101563,0.9865831842576028
1585,334.99256777763367,0.036447850672425376,0.0005011081695556641,0.00047760009765625,0.00010821819305419921,0.9865831842576028
1590,336.0319938659668,0.030217324843137307,0.00044155120849609375,0.00021202564239501952,0.00010960102081298828,0.9892665474060823
1595,337.0722870826721,0.014781199873688422,0.000487518310546875,0.0003914594650268555,9.818077087402344e-05,0.9892665474060823
1600,338.10760974884033,0.03639093497778845,0.000492715835571289,0.0003124713897705078,9.191036224365234e-05,0.9883720930232558
1605,339.13759684562683,0.0335752667076747,0.000487518310546875,0.0003914594650268555,9.510517120361328e-05,0.9865831842576028
1610,340.2113127708435,0.025931146599396014,0.0004593372344970703,0.0003807306289672852,9.882450103759766e-05,0.9865831842576028
1615,341.2386996746063,0.005256383476081794,0.0005240917205810546,0.000567317008972168,9.751319885253906e-05,0.9856887298747764
1620,342.2611548900604,0.14322587851589788,0.0004739284515380859,0.0003053188323974609,9.212493896484374e-05,0.9874776386404294
1625,343.28770685195923,0.0028639209400353137,0.0004969120025634765,0.00039503574371337893,0.00010271072387695313,0.983005366726297
1630,344.30896496772766,0.0013640988393063935,0.00047812461853027346,0.00038788318634033205,9.93967056274414e-05,0.9570661896243292
1635,345.3280117511749,0.0005571567614879314,0.0005105018615722656,0.00048117637634277345,9.510517120361328e-05,0.9490161001788909
1640,346.355525970459,0.000953626510457184,0.0004917144775390625,0.0004740238189697266,0.00010194778442382813,0.9481216457960644
1645,347.37582898139954,0.003029284481584682,0.0005240917205810546,0.000567317008972168,9.853839874267578e-05,0.947227191413238
1650,348.55286288261414,0.25938063851254184,0.0005105018615722656,0.00048117637634277345,0.00010259151458740235,0.9910554561717353
1655,349.58519887924194,0.0006335038095144796,0.0005105018615722656,0.00048117637634277345,9.484291076660157e-05,0.9901610017889088
1660,350.6247239112854,0.07983657957470314,0.00044155120849609375,0.00021202564239501952,0.00010783672332763672,0.9847942754919499
1665,351.67743372917175,0.018949743846684443,0.0005105018615722656,0.00048117637634277345,0.00011055469512939453,0.9794275491949911
1670,352.7179169654846,0.0007923135911369172,0.0004687309265136719,0.0003843069076538086,0.00011286735534667968,0.9740608228980322
1675,353.7476828098297,0.2344926526776419,0.0004969120025634765,0.00039503574371337893,9.467601776123047e-05,0.9758497316636852
1680,354.7786087989807,0.07758544157190954,0.00049591064453125,0.0005565881729125977,9.911060333251953e-05,0.9722719141323792
1685,355.8172607421875,0.058352328552273035,0.0004593372344970703,0.0003807306289672852,9.438991546630859e-05,0.9722719141323792
1690,356.88503980636597,0.15505844904770355,0.0004791259765625,0.00022633075714111327,0.00010099411010742188,0.9785330948121646
1695,357.9114339351654,0.13636501235380366,0.0005240917205810546,0.000567317008972168,0.00010356903076171874,0.9874776386404294
1700,358.93795585632324,0.0011857324232721566,0.0005146980285644532,0.0005637407302856445,9.925365447998047e-05,0.9865831842576028
1705,359.9705078601837,0.02253262922025101,0.0004687309265136719,0.0003843069076538086,0.0001024484634399414,0.9794275491949911
1710,361.0060758590698,0.038952210522279526,0.00045094490051269533,0.00021560192108154296,9.555816650390625e-05,0.9785330948121646
1715,362.0315968990326,0.0986546226988139,0.00044574737548828123,0.0002945899963378906,9.789466857910157e-05,0.9767441860465116
1720,363.0589258670807,0.10954090833874944,0.0005648612976074218,0.0008257389068603516,9.715557098388672e-05,0.9794275491949911
1725,364.0854790210724,0.3473946312802596,0.0004969120025634765,0.00039503574371337893,9.868144989013671e-05,0.9856887298747764
1730,365.1407618522644,0.03806228912903862,0.0005011081695556641,0.00047760009765625,0.00010282993316650391,0.9803220035778175
1735,366.1517848968506,0.019065471796790235,0.00047812461853027346,0.00038788318634033205,9.279251098632812e-05,0.9785330948121646
1740,367.16359090805054,0.07749832619740574,0.0004917144775390625,0.0004740238189697266,9.770393371582032e-05,0.9767441860465116
1745,368.1766767501831,0.07061768444261815,0.00044155120849609375,0.00021202564239501952,9.622573852539063e-05,0.9803220035778175
1750,369.1859300136566,5.067469910500222e-05,0.0004917144775390625,0.0004740238189697266,9.615421295166016e-05,0.9794275491949911
1755,370.1973760128021,0.0426052584346678,0.0004645347595214844,0.0003017425537109375,9.353160858154297e-05,0.9794275491949911
1760,371.21039175987244,0.01900561078005154,0.0005240917205810546,0.000567317008972168,0.00010194778442382813,0.9794275491949911
1765,372.21865677833557,0.011356219387381827,0.00045094490051269533,0.00021560192108154296,9.49859619140625e-05,0.981216457960644
1770,373.28285694122314,0.003222170721977591,0.00047292709350585935,0.0004668712615966797,0.00010633468627929688,0.981216457960644
1775,374.29647183418274,0.07241696949359522,0.0004917144775390625,0.0004740238189697266,0.00010020732879638672,0.981216457960644
1780,375.30543279647827,0.0038804583816272496,0.0005198955535888672,0.0004847526550292969,0.0001018524169921875,0.9803220035778175
1785,376.310045003891,0.007698586587903833,0.0005146980285644532,0.0005637407302856445,0.00010662078857421875,0.981216457960644
1790,377.3201448917389,0.009246466016611521,0.000487518310546875,0.0003914594650268555,9.66787338256836e-05,0.981216457960644
1795,378.33018589019775,0.17559942844421245,0.0005011081695556641,0.00047760009765625,0.00010447502136230468,0.9794275491949911
1800,379.33753776550293,0.054610163715375394,0.000492715835571289,0.0003124713897705078,9.455680847167969e-05,0.981216457960644
1805,380.3470768928528,0.0027255787224731874,0.0004917144775390625,0.0004740238189697266,9.918212890625e-05,0.9794275491949911
1810,381.35510087013245,0.00808037867794269,0.0005376815795898437,0.0006534576416015625,0.00010256767272949218,0.9785330948121646
1815,382.41101908683777,0.04003590973463247,0.0005376815795898437,0.0006534576416015625,9.710788726806641e-05,0.981216457960644
1820,383.4252128601074,0.0014864797617306635,0.0004645347595214844,0.0003017425537109375,9.796619415283203e-05,0.981216457960644
1825,384.4489097595215,0.006373438295065625,0.0005105018615722656,0.00048117637634277345,9.512901306152344e-05,0.983005366726297
1830,385.46104979515076,0.0008612836772954324,0.00049591064453125,0.0005565881729125977,9.889602661132813e-05,0.9838998211091234
1835,386.4753489494324,0.0003231270766335115,0.0004969120025634765,0.00039503574371337893,9.808540344238281e-05,0.9847942754919499
1840,387.4834198951721,0.001272846430822483,0.0005063056945800781,0.00039861202239990237,9.610652923583985e-05,0.9865831842576028
1845,388.4904508590698,0.0003656789296911711,0.0005198955535888672,0.0004847526550292969,9.934902191162109e-05,0.9865831842576028
1850,389.5012469291687,0.004500663216869327,0.0005240917205810546,0.000567317008972168,9.560585021972656e-05,0.9865831842576028
1855,390.5559468269348,0.0013413645784936534,0.0005198955535888672,0.0004847526550292969,9.2315673828125e-05,0.9865831842576028
1860,391.5683207511902,0.0006937460028836994,0.0004739284515380859,0.0003053188323974609,9.458065032958984e-05,0.9865831842576028
1865,392.5809516906738,0.007810875689263241,0.0004917144775390625,0.0004740238189697266,0.00010159015655517579,0.9865831842576028
1870,393.58523178100586,0.004620439454269843,0.000487518310546875,0.0003914594650268555,9.975433349609374e-05,0.9856887298747764
1875,394.5915758609772,0.00417468576352178,0.0004969120025634765,0.00039503574371337893,0.0001027822494506836,0.9856887298747764
1880,395.602392911911,0.005749324661229594,0.00047812461853027346,0.00038788318634033205,9.756088256835937e-05,0.9856887298747764
1885,396.61106181144714,0.0030497198895716336,0.0004593372344970703,0.0003807306289672852,9.648799896240234e-05,0.9856887298747764
1890,397.61838579177856,0.015610716078623455,0.0005334854125976562,0.0005708932876586914,9.508132934570313e-05,0.9865831842576028
1895,398.6677918434143,0.003489260846619402,0.0004551410675048828,0.00029816627502441404,9.908676147460938e-05,0.9883720930232558
1900,399.67343378067017,0.027927301288623595,0.00047292709350585935,0.0004668712615966797,9.496212005615235e-05,0.9874776386404294
1905,400.6808898448944,0.0045691039863015705,0.0004687309265136719,0.0003843069076538086,9.21487808227539e-05,0.9856887298747764
1910,401.68559074401855,0.0011982854697407674,0.00044155120849609375,0.00021202564239501952,0.0001018524169921875,0.9856887298747764
1915,402.69682693481445,0.001155569696220482,0.0004917144775390625,0.0004740238189697266,0.00010180473327636719,0.9847942754919499
1920,403.7050898075104,0.1168475953043071,0.00044155120849609375,0.00021202564239501952,0.00010190010070800781,0.9883720930232558
1925,404.7123830318451,0.0002611887598618523,0.0005240917205810546,0.000567317008972168,0.00010218620300292969,0.9865831842576028
1930,405.72190499305725,0.015886432474655977,0.0004833221435546875,0.00030889511108398435,9.262561798095703e-05,0.9883720930232558
1935,406.7774348258972,0.018280038144473564,0.00047812461853027346,0.00038788318634033205,9.589195251464843e-05,0.9883720930232558
1940,407.7901818752289,0.16018837705996702,0.00044994354248046876,0.00037715435028076174,0.0001043081283569336,0.9865831842576028
1945,408.7970299720764,0.011427337264240122,0.00047812461853027346,0.00038788318634033205,0.00010418891906738281,0.9838998211091234
1950,409.8087167739868,0.017535635968033602,0.00044574737548828123,0.0002945899963378906,9.455680847167969e-05,0.9686940966010733
1955,410.8168179988861,0.002163960702095835,0.00045094490051269533,0.00021560192108154296,0.00010044574737548828,0.962432915921288
1960,411.82432794570923,0.007111038087464295,0.0004551410675048828,0.00029816627502441404,0.00010313987731933594,0.9597495527728086
1965,412.83009791374207,0.0010491165042367356,0.0004917144775390625,0.0004740238189697266,9.713172912597656e-05,0.9597495527728086
1970,413.83396196365356,0.3206083387371109,0.0005105018615722656,0.00048117637634277345,9.391307830810546e-05,0.9758497316636852
1975,414.89133977890015,0.008670373718658198,0.0005240917205810546,0.000567317008972168,9.462833404541015e-05,0.9856887298747764
1980,415.92916989326477,6.977260917579997e-05,0.0004739284515380859,0.0003053188323974609,0.00010402202606201172,0.981216457960644
1985,417.00508284568787,0.004936063946388458,0.0005198955535888672,0.0004847526550292969,0.00010035037994384765,0.9758497316636852
1990,418.0184078216553,0.26169473102616647,0.0005240917205810546,0.000567317008972168,9.856224060058593e-05,0.9767441860465116
1995,419.0266230106354,7.462592023443904e-06,0.0005011081695556641,0.00047760009765625,9.961128234863282e-05,0.9767441860465116
2000,420.0394649505615,0.9940750944198811,0.0005011081695556641,0.00047760009765625,9.825229644775391e-05,0.9767441860465116
2005,421.0508806705475,0.7991780769087313,0.0004645347595214844,0.0003017425537109375,9.872913360595704e-05,0.9758497316636852
2010,422.06341099739075,0.010836065503414715,0.0004917144775390625,0.0004740238189697266,9.577274322509765e-05,0.9731663685152058
2015,423.0850968360901,0.02857717415509171,0.0005146980285644532,0.0005637407302856445,0.00010809898376464843,0.9695885509838998
2020,424.16348791122437,0.02103300820842833,0.0004739284515380859,0.0003053188323974609,0.00010166168212890624,0.9704830053667263
2025,425.19466185569763,0.11631479816451389,0.00044574737548828123,0.0002945899963378906,0.00010194778442382813,0.9713774597495528
2030,426.2244658470154,0.0030421826515521387,0.0005240917205810546,0.000567317008972168,9.737014770507812e-05,0.9686940966010733
2035,427.25138783454895,0.01474384158277644,0.0005146980285644532,0.0005637407302856445,0.00010302066802978516,0.9669051878354203
2040,428.2831349372864,0.006136518558287207,0.0004551410675048828,0.00029816627502441404,9.644031524658203e-05,0.9660107334525939
2045,429.30886793136597,7.007576061823784e-05,0.0004739284515380859,0.0003053188323974609,0.00010249614715576171,0.9615384615384616
2050,430.3355839252472,0.031786424734946195,0.0004551410675048828,0.00029816627502441404,9.78231430053711e-05,0.960644007155635
2055,431.3638298511505,0.015939536112273344,0.0004917144775390625,0.0004740238189697266,9.856224060058593e-05,0.960644007155635
2060,432.43138790130615,0.002415446670875099,0.00044574737548828123,0.0002945899963378906,9.832382202148437e-05,0.964221824686941
2065,433.4550678730011,0.2388284468422171,0.0004917144775390625,0.0004740238189697266,9.546279907226562e-05,0.9704830053667263
2070,434.4810440540314,0.4120301098785717,0.0004917144775390625,0.0004740238189697266,9.725093841552734e-05,0.9838998211091234
2075,435.52144479751587,0.10699438679148443,0.0005146980285644532,0.0005637407302856445,9.675025939941407e-05,0.9856887298747764
2080,436.55443692207336,0.0726064017102658,0.0005198955535888672,0.0004847526550292969,9.28640365600586e-05,0.9856887298747764
2085,437.5890669822693,0.05677286724676378,0.0005146980285644532,0.0005637407302856445,0.00010018348693847656,0.9865831842576028
2090,438.62066102027893,0.01366813905970048,0.0005292892456054688,0.0004883289337158203,9.944438934326172e-05,0.9865831842576028
2095,439.65017080307007,0.03594710977148594,0.00043215751647949217,0.00020844936370849608,9.887218475341797e-05,0.9865831842576028
2100,440.7338409423828,0.019064755825866087,0.00047812461853027346,0.00038788318634033205,0.00010020732879638672,0.9865831842576028
2105,441.7657859325409,0.0010300087828255754,0.00047812461853027346,0.00038788318634033205,8.98599624633789e-05,0.9865831842576028
2110,442.8027648925781,0.007278343552167143,0.00047812461853027346,0.00038788318634033205,9.613037109375e-05,0.9865831842576028
2115,443.8315899372101,2.2872347938118764e-05,0.00044155120849609375,0.00021202564239501952,9.238719940185547e-05,0.9856887298747764
2120,444.86674785614014,0.030125295551169985,0.00047812461853027346,0.00038788318634033205,9.539127349853516e-05,0.9865831842576028
2125,445.8996727466583,0.012759871333538796,0.00045094490051269533,0.00021560192108154296,9.436607360839844e-05,0.9883720930232558
2130,446.9280228614807,0.1673108566441684,0.0004091739654541016,0.00011873245239257812,9.877681732177735e-05,0.9910554561717353
2135,447.95132398605347,0.020027197899254646,0.0005512714385986328,0.000739598274230957,0.00010080337524414063,0.9928443649373881
2140,449.0173878669739,0.008272512073114057,0.0005105018615722656,0.00048117637634277345,9.989738464355469e-05,0.9910554561717353
2145,450.0447471141815,0.020259626582311795,0.000487518310546875,0.0003914594650268555,9.429454803466797e-05,0.9928443649373881
2150,451.0658669471741,0.016373825661247565,0.00043215751647949217,0.00020844936370849608,9.489059448242188e-05,0.9919499105545617
2155,452.0839149951935,0.012892450969958702,0.0004969120025634765,0.00039503574371337893,9.267330169677734e-05,0.9919499105545617
2160,453.10292291641235,0.02493104765310079,0.0004739284515380859,0.0003053188323974609,9.429454803466797e-05,0.9919499105545617
2165,454.1211290359497,0.04367394089243959,0.0005198955535888672,0.0004847526550292969,9.551048278808594e-05,0.9901610017889088
2170,455.1405940055847,0.029803676574795192,0.0004363536834716797,0.00029101371765136717,9.806156158447266e-05,0.9892665474060823
2175,456.1540377140045,0.007650683368501632,0.0005240917205810546,0.000567317008972168,9.882450103759766e-05,0.9910554561717353
2180,457.2207179069519,0.047696864905992696,0.0005105018615722656,0.00048117637634277345,9.794235229492188e-05,0.9946332737030411
2185,458.23991894721985,0.0008730549161612089,0.00046033859252929686,0.0002191781997680664,9.915828704833984e-05,0.9928443649373881
2190,459.2577178478241,0.0021634859778714597,0.0005146980285644532,0.0005637407302856445,9.648799896240234e-05,0.9928443649373881
2195,460.27875781059265,0.0014549254469500283,0.0004739284515380859,0.0003053188323974609,9.682178497314454e-05,0.9928443649373881
2200,461.2938048839569,0.0029105251437613333,0.0005146980285644532,0.0005637407302856445,0.00010292530059814453,0.9910554561717353
2205,462.3029088973999,0.006736863270820947,0.0005240917205810546,0.000567317008972168,0.00010161399841308593,0.9892665474060823
2210,463.318904876709,0.0002835455312165891,0.0005011081695556641,0.00047760009765625,0.00010302066802978516,0.9892665474060823
2215,464.3330738544464,0.001601655242849631,0.0004969120025634765,0.00039503574371337893,9.837150573730469e-05,0.9883720930232558
2220,465.35567903518677,0.002349873144044068,0.00043215751647949217,0.00020844936370849608,0.0001033782958984375,0.9892665474060823
2225,466.4109220504761,0.003117841206403682,0.0005105018615722656,0.00048117637634277345,0.00010845661163330078,0.9892665474060823
2230,467.4308648109436,0.0005258088664049865,0.00047812461853027346,0.00038788318634033205,9.264945983886719e-05,0.9892665474060823
2235,468.43969988822937,0.46700315486305044,0.0005105018615722656,0.00048117637634277345,0.00010409355163574219,0.9955277280858676
2240,469.45568084716797,0.05990565213141963,0.00049591064453125,0.0005565881729125977,0.00010328292846679687,0.9937388193202147
2245,470.48762702941895,0.047692232811823485,0.0004551410675048828,0.00029816627502441404,9.753704071044922e-05,0.9910554561717353
2250,471.50582098960876,0.00031408773213854603,0.0005063056945800781,0.00039861202239990237,9.541511535644531e-05,0.9892665474060823
2255,472.52843594551086,0.0032184582253250936,0.000487518310546875,0.0003914594650268555,0.00010135173797607422,0.9892665474060823
2260,473.54952573776245,0.0047856963910817285,0.0005053043365478516,0.0005601644515991211,0.00010409355163574219,0.9865831842576028
2265,474.6086599826813,0.0042474216732756535,0.0004687309265136719,0.0003843069076538086,0.00010368824005126953,0.9865831842576028
2270,475.6291148662567,0.017452229943597786,0.00046033859252929686,0.0002191781997680664,0.00010013580322265625,0.9865831842576028
2275,476.6473627090454,0.002551548664087022,0.0004593372344970703,0.0003807306289672852,9.818077087402344e-05,0.9874776386404294
2280,477.6632180213928,0.11417340189727838,0.0005512714385986328,0.000739598274230957,9.839534759521484e-05,0.9892665474060823
2285,478.67591977119446,0.189337213374894,0.0005198955535888672,0.0004847526550292969,9.539127349853516e-05,0.9821109123434705
2290,479.6889979839325,0.07255699052983004,0.0005011081695556641,0.00047760009765625,9.95635986328125e-05,0.9704830053667263
2295,480.7009298801422,0.2469224949558111,0.00047812461853027346,0.00038788318634033205,0.00010101795196533203,0.9776386404293381
2300,481.72088289260864,0.025565248346646287,0.0004917144775390625,0.0004740238189697266,9.570121765136718e-05,0.9838998211091234
2305,482.7733037471771,0.1393927588531426,0.00044155120849609375,0.00021202564239501952,9.453296661376953e-05,0.9865831842576028
2310,483.7879366874695,0.0006008368082802918,0.00047812461853027346,0.00038788318634033205,9.768009185791015e-05,0.9883720930232558
2315,484.803350687027,0.02583635556804893,0.0004551410675048828,0.00029816627502441404,9.496212005615235e-05,0.9892665474060823
2320,485.8203158378601,0.009038400619557763,0.0005146980285644532,0.0005637407302856445,0.00010113716125488281,0.9910554561717353
2325,486.8349988460541,0.022222798103776142,0.0004739284515380859,0.0003053188323974609,9.686946868896485e-05,0.9919499105545617
2330,487.8468198776245,0.010818287850963771,0.00044994354248046876,0.00037715435028076174,9.853839874267578e-05,0.9928443649373881
2335,488.8573749065399,0.027416716822575894,0.0005240917205810546,0.000567317008972168,9.686946868896485e-05,0.9937388193202147
2340,489.8599717617035,0.0052596850606306585,0.0005105018615722656,0.00048117637634277345,9.961128234863282e-05,0.9937388193202147
2345,490.91433787345886,0.0008362969808104026,0.0005240917205810546,0.000567317008972168,9.512901306152344e-05,0.9937388193202147
2350,491.92592906951904,0.0026268498551885954,0.0004739284515380859,0.0003053188323974609,9.927749633789062e-05,0.9937388193202147
2355,492.93899607658386,0.2669727787540069,0.0005011081695556641,0.00047760009765625,0.00010061264038085938,0.9928443649373881
2360,493.94451999664307,0.02693603766040269,0.0004969120025634765,0.00039503574371337893,9.553432464599609e-05,0.9910554561717353
2365,494.9495897293091,0.0018578062351821245,0.0005146980285644532,0.0005637407302856445,9.379386901855468e-05,0.9901610017889088
2370,495.95636105537415,0.015590623978641815,0.0005146980285644532,0.0005637407302856445,0.00010159015655517579,0.9874776386404294
2375,496.9633288383484,0.12075193430285366,0.0005376815795898437,0.0006534576416015625,9.932518005371094e-05,0.9919499105545617
2380,497.96190071105957,0.0005144284066773252,0.00046033859252929686,0.0002191781997680664,9.546279907226562e-05,0.9865831842576028
2385,499.0110378265381,0.02554597789314812,0.0005146980285644532,0.0005637407302856445,9.751319885253906e-05,0.9883720930232558
2390,500.01910400390625,0.001945213250019151,0.00049591064453125,0.0005565881729125977,9.908676147460938e-05,0.9883720930232558
2395,501.0259521007538,1.355468180150865e-05,0.000492715835571289,0.0003124713897705078,9.090900421142578e-05,0.9883720930232558
2400,502.03774189949036,0.0030111506734783688,0.0004969120025634765,0.00039503574371337893,9.474754333496093e-05,0.9883720930232558
2405,503.0465018749237,0.0017446929737189975,0.0005292892456054688,0.0004883289337158203,9.806156158447266e-05,0.9910554561717353
2410,504.06659984588623,0.004018580419226226,0.0005376815795898437,0.0006534576416015625,0.00010447502136230468,0.9910554561717353
2415,505.0716769695282,0.002409273053507377,0.0004969120025634765,0.00039503574371337893,9.834766387939453e-05,0.9910554561717353
2420,506.08691692352295,0.00028441405571584256,0.0005105018615722656,0.00048117637634277345,9.739398956298828e-05,0.9910554561717353
2425,507.0944149494171,0.029976241151258874,0.0004551410675048828,0.00029816627502441404,9.648799896240234e-05,0.9910554561717353
2430,508.1407129764557,0.004259336160079385,0.0004969120025634765,0.00039503574371337893,0.0001008749008178711,0.9928443649373881
2435,509.15081095695496,0.007105324727746165,0.0005105018615722656,0.00048117637634277345,9.927749633789062e-05,0.9928443649373881
2440,510.1503758430481,0.006294448214090665,0.00044574737548828123,0.0002945899963378906,9.589195251464843e-05,0.9928443649373881
2445,511.15504002571106,0.0029582591826965653,0.00048232078552246094,0.00047044754028320314,9.963512420654296e-05,0.9928443649373881
2450,512.162134885788,0.5194014162932377,0.0005198955535888672,0.0004847526550292969,9.262561798095703e-05,0.9919499105545617
2455,513.1640620231628,0.011047484176685884,0.00044574737548828123,0.0002945899963378906,9.741783142089844e-05,0.9892665474060823
2460,514.1813499927521,0.053575159609738424,0.00048232078552246094,0.00047044754028320314,9.913444519042969e-05,0.9847942754919499
2465,515.1915159225464,0.027848723188481018,0.00048232078552246094,0.00047044754028320314,9.586811065673829e-05,0.9847942754919499
2470,516.2501089572906,0.010558135271412538,0.00045094490051269533,0.00021560192108154296,9.593963623046874e-05,0.9838998211091234
2475,517.2720730304718,0.003491526776633691,0.0004593372344970703,0.0003807306289672852,0.00010285377502441406,0.983005366726297
2480,518.2886278629303,0.01571537896990094,0.000487518310546875,0.0003914594650268555,9.648799896240234e-05,0.983005366726297
2485,519.3003368377686,0.008215533656017727,0.0005011081695556641,0.00047760009765625,9.839534759521484e-05,0.9821109123434705
2490,520.3077208995819,0.002116422978028254,0.0004833221435546875,0.00030889511108398435,9.946823120117187e-05,0.9821109123434705
2495,521.3172698020935,0.007408525196763094,0.00047812461853027346,0.00038788318634033205,9.567737579345703e-05,0.981216457960644
2500,522.3230578899384,0.019520786067732842,0.0004363536834716797,0.00029101371765136717,9.729862213134766e-05,0.981216457960644
2505,523.3308470249176,0.13004990498645838,0.0004687309265136719,0.0003843069076538086,9.369850158691406e-05,0.9821109123434705
2510,524.3830616474152,0.01027920279541945,0.0004551410675048828,0.00029816627502441404,0.00010242462158203126,0.9856887298747764
2515,525.396363735199,0.005021926559157919,0.00045094490051269533,0.00021560192108154296,9.593963623046874e-05,0.9847942754919499
2520,526.4103598594666,0.001421796112859397,0.0004687309265136719,0.0003843069076538086,9.691715240478516e-05,0.981216457960644
2525,527.4209208488464,0.0008944133826730649,0.0004917144775390625,0.0004740238189697266,9.224414825439453e-05,0.981216457960644
2530,528.4281287193298,0.002106863699538053,0.0005105018615722656,0.00048117637634277345,9.624958038330078e-05,0.981216457960644
2535,529.4255397319794,0.0028036039414701007,0.0005198955535888672,0.0004847526550292969,0.00010211467742919922,0.9821109123434705
2540,530.4350738525391,8.883538362312038e-05,0.000487518310546875,0.0003914594650268555,9.918212890625e-05,0.9821109123434705
2545,531.4464809894562,0.5337366945335816,0.0005198955535888672,0.0004847526550292969,9.188652038574218e-05,0.981216457960644
2550,532.500079870224,0.00458783243407197,0.0005240917205810546,0.000567317008972168,9.80377197265625e-05,0.983005366726297
2555,533.5146038532257,0.9328756043259773,0.0004917144775390625,0.0004740238189697266,9.813308715820313e-05,0.9847942754919499
2560,534.5448987483978,0.1378780717092951,0.0004969120025634765,0.00039503574371337893,9.751319885253906e-05,0.9874776386404294
2565,535.5778567790985,0.013965425611787907,0.0004687309265136719,0.0003843069076538086,0.00010275840759277344,0.9892665474060823
2570,536.6125199794769,0.05452619401694534,0.0004917144775390625,0.0004740238189697266,9.908676147460938e-05,0.9910554561717353
2575,537.6418008804321,0.03467762922566635,0.0004917144775390625,0.0004740238189697266,9.341239929199219e-05,0.9910554561717353
2580,538.6753747463226,0.16231845572438033,0.0005063056945800781,0.00039861202239990237,0.00010340213775634765,0.9928443649373881
2585,539.7084498405457,0.020677826556476476,0.0004593372344970703,0.0003807306289672852,9.996891021728516e-05,0.9901610017889088
2590,540.7903637886047,0.00774963845497183,0.000487518310546875,0.0003914594650268555,0.00010328292846679687,0.9865831842576028
2595,541.825651884079,0.018092229788589976,0.0005282878875732422,0.0006498813629150391,9.922981262207031e-05,0.9847942754919499
2600,542.8888487815857,0.015755743418554857,0.00044155120849609375,0.00021202564239501952,9.49859619140625e-05,0.9847942754919499
2605,543.983561038971,7.06863384507983e-05,0.0004739284515380859,0.0003053188323974609,0.00010316371917724609,0.9847942754919499
2610,545.0189819335938,0.012862258361565182,0.0004551410675048828,0.00029816627502441404,9.85860824584961e-05,0.9847942754919499
2615,546.0449669361115,0.009527321830478285,0.0005053043365478516,0.0005601644515991211,9.512901306152344e-05,0.9847942754919499
2620,547.0700480937958,0.008783130730625999,0.00042276382446289064,0.00020487308502197265,9.968280792236329e-05,0.9838998211091234
2625,548.0955736637115,0.0007592028317048971,0.0004917144775390625,0.0004740238189697266,0.00010001659393310547,0.983005366726297
2630,549.119619846344,0.2879188861149089,0.0005376815795898437,0.0006534576416015625,9.603500366210938e-05,0.9883720930232558
2635,550.1803357601166,0.024653758894567092,0.00047812461853027346,0.00038788318634033205,9.500980377197266e-05,0.9883720930232558
2640,551.2083039283752,0.05896367962470208,0.0005198955535888672,0.0004847526550292969,9.965896606445312e-05,0.9928443649373881
2645,552.2242031097412,0.011197188178590523,0.0005512714385986328,0.000739598274230957,0.00010030269622802734,0.9937388193202147
2650,553.2433459758759,0.0049721569025862776,0.0004833221435546875,0.00030889511108398435,9.982585906982422e-05,0.9937388193202147
2655,554.2571668624878,0.02486095047794521,0.00043215751647949217,0.00020844936370849608,9.644031524658203e-05,0.9937388193202147
2660,555.27095079422,0.002946110789483214,0.0005105018615722656,0.00048117637634277345,9.942054748535156e-05,0.9919499105545617
2665,556.2841339111328,0.012725599715551539,0.0004551410675048828,0.00029816627502441404,0.00010154247283935546,0.9928443649373881
2670,557.2964639663696,0.0005988944904885329,0.00047812461853027346,0.00038788318634033205,9.944438934326172e-05,0.9928443649373881
2675,558.3491659164429,0.0009504260509231699,0.00044155120849609375,0.00021202564239501952,9.47713851928711e-05,0.9928443649373881
2680,559.3614227771759,0.0020547956087767715,0.0004687309265136719,0.0003843069076538086,0.00010001659393310547,0.9928443649373881
2685,560.3722157478333,0.004783237381667504,0.00046973228454589845,0.00022275447845458983,9.226799011230469e-05,0.9928443649373881
2690,561.3817658424377,0.16908421150583308,0.00042276382446289064,0.00020487308502197265,0.00010125637054443359,0.9928443649373881
2695,562.3921496868134,0.010612689822897892,0.0005418777465820313,0.0007360219955444336,9.524822235107422e-05,0.9937388193202147
2700,563.4031119346619,7.392855889349903e-05,0.0005198955535888672,0.0004847526550292969,9.818077087402344e-05,0.9937388193202147
2705,564.4188318252563,0.011141144117691227,0.0004551410675048828,0.00029816627502441404,9.570121765136718e-05,0.9937388193202147
2710,565.425961971283,0.015413149538700566,0.0004551410675048828,0.00029816627502441404,9.386539459228515e-05,0.9937388193202147
2715,566.4737148284912,0.003913937539618928,0.0005063056945800781,0.00039861202239990237,0.00010526180267333984,0.9937388193202147
2720,567.483681678772,0.010072273111292418,0.00046033859252929686,0.0002191781997680664,9.961128234863282e-05,0.9937388193202147
2725,568.489816904068,0.004564075069966122,0.0005240917205810546,0.000567317008972168,9.80377197265625e-05,0.9928443649373881
2730,569.4986989498138,0.01004846331209137,0.00044574737548828123,0.0002945899963378906,9.829998016357422e-05,0.9928443649373881
2735,570.5085759162903,0.0035029378714924063,0.0005011081695556641,0.00047760009765625,9.593963623046874e-05,0.9919499105545617
2740,571.5260198116302,0.005701783450928133,0.0005105018615722656,0.00048117637634277345,9.3841552734375e-05,0.9910554561717353
2745,572.5291149616241,0.0001766482332442365,0.0004739284515380859,0.0003053188323974609,9.708404541015625e-05,0.9919499105545617
2750,573.5290770530701,0.004109570628975235,0.0005240917205810546,0.000567317008972168,9.305477142333985e-05,0.9919499105545617
2755,574.5761816501617,0.0008405254395754014,0.000487518310546875,0.0003914594650268555,9.78708267211914e-05,0.9919499105545617
2760,575.5811820030212,0.001972270058479353,0.0005011081695556641,0.00047760009765625,9.691715240478516e-05,0.9919499105545617
2765,576.5876870155334,0.0012007682901710836,0.0005011081695556641,0.00047760009765625,9.772777557373046e-05,0.9919499105545617
2770,577.5934767723083,0.0002617880578739573,0.0005011081695556641,0.00047760009765625,9.946823120117187e-05,0.9919499105545617
2775,578.5919649600983,0.002203301409872438,0.0004969120025634765,0.00039503574371337893,9.865760803222657e-05,0.9919499105545617
2780,579.5924189090729,0.38151963500794467,0.0004551410675048828,0.00029816627502441404,9.655952453613281e-05,0.9901610017889088
2785,580.595930814743,0.00031853630379146124,0.000487518310546875,0.0003914594650268555,9.722709655761719e-05,0.983005366726297
2790,581.6048426628113,0.5267706553798064,0.00047812461853027346,0.00038788318634033205,9.524822235107422e-05,0.9803220035778175
2795,582.6645078659058,0.006833693904852112,0.0005470752716064453,0.000657033920288086,9.732246398925781e-05,0.9821109123434705