#{"solver": {"engine": {"type": "ExactEngine"}, "semiring": "GraphSemiring"}, "networks": [{"name": "perc_net_version_0_baseline", "module": "AD_V0_baseline_net(\n  (conv1): Conv2d(3, 6, kernel_size=(5, 5), stride=(1, 1))\n  (pool): MaxPool2d(kernel_size=2, stride=2, padding=0, dilation=1, ceil_mode=False)\n  (conv2): Conv2d(6, 16, kernel_size=(5, 5), stride=(1, 1))\n  (fc1): Linear(in_features=400, out_features=120, bias=True)\n  (fc2): Linear(in_features=120, out_features=84, bias=True)\n  (fc3): Linear(in_features=84, out_features=3, bias=True)\n  (softmax): Softmax(dim=-1)\n)", "optimizer": "Adam (\nParameter Group 0\n    amsgrad: False\n    betas: (0.9, 0.999)\n    capturable: False\n    differentiable: False\n    eps: 1e-08\n    foreach: None\n    fused: None\n    lr: 0.001\n    maximize: False\n    weight_decay: 0\n)", "k": null}], "program": "nn(perc_net_version_0_baseline,[Img],X,[0, 1, 2])::action(Img,X).\nautonomous_driving_baseline(Img,X) :- action(Img,X).\n"}
#Accuracy 0.9847494553376906
i,time,loss,ground_time,compile_time,eval_time,accuracy
5,0.03311014175415039,0.8543625771999359,0.000576925277709961,0.00035045146942138674,0.00014078617095947266,0.3355119825708061
10,1.5264708995819092,1.126132357120514,0.0007600069046020507,0.0005134344100952148,0.0001669168472290039,0.3355119825708061
15,3.001909017562866,1.1129907667636871,0.0006787300109863282,0.0003986358642578125,9.806156158447266e-05,0.3355119825708061
20,4.245409727096558,1.1337788105010986,0.0009216070175170898,0.0007526159286499023,9.186267852783203e-05,0.3355119825708061
25,5.478881120681763,1.1320014536380767,0.0010028839111328124,0.0008674144744873046,9.512901306152344e-05,0.3355119825708061
30,6.706510782241821,1.0581582069396973,0.000599360466003418,0.0002646684646606445,0.00010344982147216796,0.3355119825708061
35,7.965295791625977,1.0876704931259156,0.0007604837417602539,0.0005086421966552735,0.00010972023010253906,0.3355119825708061
40,9.25295901298523,1.0611027121543883,0.0006801605224609375,0.0003842592239379883,0.00010786056518554687,0.3355119825708061
45,10.490419864654541,1.1020960092544556,0.0006787300109863282,0.0003986358642578125,0.00010004043579101563,0.3355119825708061
50,11.725730895996094,1.1452138066291808,0.001001453399658203,0.0008817911148071289,0.00013442039489746093,0.3355119825708061
55,13.024560928344727,1.0780114948749542,0.0008412837982177734,0.0006282329559326172,0.00010530948638916015,0.3355119825708061
60,14.26031494140625,1.075829654932022,0.0009216070175170898,0.0007526159286499023,0.000107574462890625,0.5940450254175744
65,15.490931987762451,1.0583888649940492,0.0007604837417602539,0.0005086421966552735,0.00010764598846435547,0.6659404502541757
70,16.779538869857788,1.0327524065971374,0.0009211301803588867,0.0007574081420898438,9.150505065917969e-05,0.6753812636165577
75,18.019124031066895,1.0037302792072296,0.0006792068481445313,0.0003938436508178711,0.0001013040542602539,0.7276688453159041
80,19.255985021591187,0.9045094132423401,0.0009211301803588867,0.0007574081420898438,0.00010013580322265625,0.7821350762527233
85,20.493775844573975,0.7843744039535523,0.0006806373596191407,0.00037946701049804685,9.779930114746093e-05,0.7530864197530864
90,21.735811948776245,0.7032178312540054,0.0005988836288452149,0.00026946067810058595,0.00010197162628173828,0.756717501815541
95,22.97704291343689,0.7181984938681125,0.0007604837417602539,0.0005086421966552735,9.586811065673829e-05,0.7705156136528686
100,24.210011959075928,0.4979417033493519,0.000922083854675293,0.0007478237152099609,0.00010480880737304688,0.8467683369644154
105,25.493481874465942,0.36446944549679755,0.0007600069046020507,0.0005134344100952148,0.00010423660278320312,0.8612926652142339
110,26.72354793548584,0.33434535227715967,0.000760960578918457,0.0005038499832153321,0.00011801719665527344,0.8518518518518519
115,27.955841779708862,0.6058386221528054,0.0007600069046020507,0.0005134344100952148,0.00010957717895507813,0.8402323892519971
120,29.196699857711792,0.24249008123297244,0.0008408069610595703,0.0006330251693725586,9.868144989013671e-05,0.8424110384894699
125,30.43460988998413,0.3050831289961934,0.0005988836288452149,0.00026946067810058595,0.00010716915130615234,0.8213507625272332
130,31.675196886062622,1.2213049916819727,0.0006792068481445313,0.0003938436508178711,0.00010688304901123047,0.5090777051561365
135,32.9568989276886,1.3042713429778814,0.0008408069610595703,0.0006330251693725586,0.00010211467742919922,0.8540305010893247
140,34.19615602493286,0.5242499656975269,0.000678253173828125,0.0004034280776977539,9.453296661376953e-05,0.8482207697893972
145,35.44003391265869,0.4380004994571209,0.0007595300674438476,0.0005182266235351562,0.00011053085327148438,0.8489469862018881
150,36.67934799194336,0.4721552684903145,0.0009211301803588867,0.0007574081420898438,0.00010335445404052734,0.8591140159767611
155,37.925031900405884,0.653377806651406,0.0006792068481445313,0.0003938436508178711,0.00010614395141601562,0.8627450980392157
160,39.164304971694946,0.2806734569370747,0.0008403301239013672,0.0006378173828125,0.00010528564453125,0.8511256354393609
165,40.45158886909485,0.5699656354263425,0.0006787300109863282,0.0003986358642578125,0.00010333061218261718,0.7995642701525054
170,42.02720904350281,0.8302864175289869,0.000839853286743164,0.0006426095962524414,9.534358978271484e-05,0.8474945533769063
175,43.2602698802948,0.1128576082046493,0.0010019302368164062,0.0008769989013671875,9.317398071289063e-05,0.7690631808278867
180,44.47206687927246,0.6633255309774541,0.0008408069610595703,0.0006330251693725586,8.800029754638672e-05,0.8816267247639796
185,45.662590980529785,0.5114773354958743,0.0007604837417602539,0.0005086421966552735,9.038448333740235e-05,0.8910675381263616
190,46.85675287246704,0.2948142877779901,0.0007600069046020507,0.0005134344100952148,9.427070617675781e-05,0.8874364560639071
195,48.05568480491638,0.06379797679255717,0.0008412837982177734,0.0006282329559326172,8.995532989501953e-05,0.8838053740014524
200,49.290038108825684,0.6659198257606477,0.0007595300674438476,0.0005182266235351562,9.026527404785157e-05,0.8983297022512708
205,50.482887983322144,0.5419275747175561,0.0009216070175170898,0.0007526159286499023,9.472370147705078e-05,0.8997821350762527
210,51.67730784416199,0.24110037488862873,0.0009216070175170898,0.0007526159286499023,9.138584136962891e-05,0.9106753812636166
215,52.87657189369202,0.38623692867695353,0.0006806373596191407,0.00037946701049804685,9.336471557617188e-05,0.9005083514887436
220,54.06760287284851,0.48126238022232426,0.0006796836853027344,0.0003890514373779297,8.997917175292968e-05,0.8809005083514887
225,55.25786280632019,0.36134568908018994,0.0007604837417602539,0.0005086421966552735,9.467601776123047e-05,0.8583877995642701
230,56.493163108825684,0.3320383305486757,0.0005979299545288086,0.00027904510498046877,8.819103240966796e-05,0.8482207697893972
235,57.691388845443726,0.08161764667602256,0.0007600069046020507,0.0005134344100952148,9.484291076660157e-05,0.8358750907770516
240,58.885432958602905,0.5194683621404692,0.0009216070175170898,0.0007526159286499023,9.34600830078125e-05,0.831517792302106
245,60.08082890510559,0.4102708827704191,0.0008408069610595703,0.0006330251693725586,9.424686431884766e-05,0.8460421205519245
250,61.26730179786682,0.29686201199365314,0.0007600069046020507,0.0005134344100952148,9.851455688476562e-05,0.8627450980392157
255,62.458223819732666,0.33775939416373146,0.0008403301239013672,0.0006378173828125,9.813308715820313e-05,0.8867102396514162
260,63.701364040374756,0.2581770310658612,0.0006801605224609375,0.0003842592239379883,9.222030639648438e-05,0.8903413217138707
265,64.886873960495,0.16239504030127136,0.0006792068481445313,0.0003938436508178711,8.883476257324219e-05,0.8867102396514162
270,66.07300686836243,0.262489620980341,0.0008403301239013672,0.0006378173828125,9.2315673828125e-05,0.8838053740014524
275,67.26004791259766,0.19030112131731586,0.0005998373031616211,0.0002598762512207031,9.691715240478516e-05,0.869281045751634
280,68.4441499710083,0.4141932777600005,0.0006796836853027344,0.0003890514373779297,9.238719940185547e-05,0.8765432098765432
285,69.62999773025513,0.33869777495874587,0.000760960578918457,0.0005038499832153321,9.453296661376953e-05,0.90559186637618
290,70.85629081726074,0.3390893873613095,0.000839853286743164,0.0006426095962524414,9.808540344238281e-05,0.90559186637618
295,72.04911589622498,0.31536570853386364,0.0009206533432006836,0.0007622003555297852,9.605884552001953e-05,0.9019607843137255
300,73.32769393920898,0.23440769883454776,0.0006792068481445313,0.0003938436508178711,0.00011098384857177734,0.9019607843137255
305,74.54743790626526,0.1252344227658,0.0009216070175170898,0.0007526159286499023,0.00010662078857421875,0.8954248366013072
310,75.77799773216248,0.2809085836353944,0.0010019302368164062,0.0008769989013671875,0.00010254383087158204,0.8874364560639071
315,77.00428867340088,0.445350430693361,0.0005998373031616211,0.0002598762512207031,0.00010941028594970703,0.8983297022512708
320,78.24366688728333,0.29822164343161717,0.0008422374725341797,0.0006186485290527344,0.00010569095611572266,0.8990559186637618
325,79.52643895149231,0.3278964039560378,0.0007595300674438476,0.0005182266235351562,0.00010216236114501953,0.8976034858387799
330,80.76500201225281,0.33351801548851656,0.0007604837417602539,0.0005086421966552735,0.00010280609130859375,0.9172113289760349
335,81.98984670639038,0.2324475372325196,0.0008403301239013672,0.0006378173828125,9.86337661743164e-05,0.9222948438634713
340,83.23352193832397,0.029228945905924775,0.0006796836853027344,0.0003890514373779297,0.00010635852813720704,0.9135802469135802
345,84.49101185798645,0.4512164783207481,0.0008403301239013672,0.0006378173828125,0.00010631084442138671,0.9048656499636892
350,85.73611807823181,0.016705467987688394,0.0008412837982177734,0.0006282329559326172,0.0001132965087890625,0.9034132171387074
355,87.00829482078552,0.18578568821303634,0.0007600069046020507,0.0005134344100952148,9.751319885253906e-05,0.9019607843137255
360,88.28471994400024,0.09099966261219379,0.000760960578918457,0.0005038499832153321,0.00011065006256103516,0.9034132171387074
365,89.64304685592651,0.09621625907166162,0.0006801605224609375,0.0003842592239379883,0.0001119375228881836,0.8997821350762527
370,90.8944399356842,0.09171535518294718,0.0009216070175170898,0.0007526159286499023,0.00010533332824707032,0.8932461873638344
375,92.125483751297,0.07998986752559176,0.0007600069046020507,0.0005134344100952148,0.00010113716125488281,0.8990559186637618
380,93.40240287780762,0.24493998649168133,0.0007604837417602539,0.0005086421966552735,0.00010256767272949218,0.9048656499636892
385,94.676992893219,0.22974063991205185,0.0009216070175170898,0.0007526159286499023,9.527206420898438e-05,0.8838053740014524
390,95.88792991638184,0.4541155734984727,0.0009216070175170898,0.0007526159286499023,9.834766387939453e-05,0.8896151053013798
395,97.10561895370483,0.011574695137522895,0.0007595300674438476,0.0005182266235351562,9.746551513671875e-05,0.8852578068264343
400,98.3257098197937,0.6704288593988224,0.0008403301239013672,0.0006378173828125,9.546279907226562e-05,0.9084967320261438
405,99.54813075065613,0.449753806739318,0.0007604837417602539,0.0005086421966552735,0.00010094642639160156,0.9143064633260711
410,100.78865385055542,0.28115334663780234,0.0008393764495849609,0.0006474018096923828,0.00010497570037841797,0.9026870007262164
415,102.02941703796387,0.3569653808343446,0.0010822534561157227,0.0010013818740844727,0.00010232925415039062,0.9048656499636892
420,103.31737303733826,0.2195759160531452,0.0006796836853027344,0.0003890514373779297,9.834766387939453e-05,0.9092229484386347
425,104.55196380615234,0.09003284189166152,0.0007604837417602539,0.0005086421966552735,0.00010781288146972656,0.9099491648511256
430,105.78745198249817,0.22238287227437467,0.0006787300109863282,0.0003986358642578125,9.741783142089844e-05,0.9092229484386347
435,107.0230278968811,0.15326134444121636,0.000760960578918457,0.0005038499832153321,0.00010509490966796875,0.9143064633260711
440,108.25441288948059,0.2293225468147284,0.0006796836853027344,0.0003890514373779297,0.00010635852813720704,0.9099491648511256
445,109.46643781661987,0.09150092421368754,0.0008417606353759765,0.0006234407424926758,9.183883666992187e-05,0.9114015976761075
450,110.72876596450806,0.1370298525668659,0.0005979299545288086,0.00027904510498046877,0.00011012554168701171,0.9092229484386347
455,111.94915199279785,0.33984236612596136,0.0008403301239013672,0.0006378173828125,0.00010347366333007812,0.9150326797385621
460,113.17223787307739,0.18584179525990407,0.0007595300674438476,0.0005182266235351562,0.00010921955108642579,0.9172113289760349
465,114.40166783332825,0.0900356255199796,0.0008408069610595703,0.0006330251693725586,9.799003601074219e-05,0.9230210602759622
470,115.62175488471985,0.16978209232241284,0.0007600069046020507,0.0005134344100952148,0.0001178741455078125,0.9208424110384895
475,116.83652997016907,0.004146628644866724,0.0009216070175170898,0.0007526159286499023,0.00010609626770019531,0.9193899782135077
480,118.10672688484192,0.14110419878161623,0.0007595300674438476,0.0005182266235351562,9.725093841552734e-05,0.9186637618010167
485,119.31881284713745,0.6163160879981092,0.000760960578918457,0.0005038499832153321,9.136199951171875e-05,0.9273783587509078
490,120.54167985916138,0.1351177946487951,0.0008403301239013672,0.0006378173828125,9.827613830566406e-05,0.9041394335511983
495,121.76886582374573,0.17780177592285326,0.000760960578918457,0.0005038499832153321,0.00011115074157714843,0.9026870007262164
500,122.99305295944214,0.914201278926339,0.0009211301803588867,0.0007574081420898438,9.572505950927734e-05,0.9273783587509078
505,124.22249984741211,0.08421510927046257,0.0008403301239013672,0.0006378173828125,0.0001064300537109375,0.9106753812636166
510,125.50173902511597,0.08726806771292103,0.000760960578918457,0.0005038499832153321,0.0001035928726196289,0.8946986201888163
515,126.72252488136292,0.6599235451038112,0.0009216070175170898,0.0007526159286499023,0.00010650157928466797,0.90559186637618
520,127.95576095581055,0.18293723924871302,0.0008412837982177734,0.0006282329559326172,0.0001010894775390625,0.9099491648511256
525,129.18892884254456,0.2707982954088948,0.000599360466003418,0.0002646684646606445,0.00010557174682617188,0.9295570079883806
530,130.42214584350586,0.2621846230519623,0.0007600069046020507,0.0005134344100952148,0.00010392665863037109,0.934640522875817
535,131.6498827934265,0.11110607504160726,0.0007600069046020507,0.0005134344100952148,0.00010390281677246094,0.9382716049382716
540,132.9278700351715,0.22690480472701893,0.0006796836853027344,0.0003890514373779297,0.00010282993316650391,0.9317356572258533
545,134.1195068359375,0.08777096068338323,0.0008408069610595703,0.0006330251693725586,8.7738037109375e-05,0.9215686274509803
550,135.2918620109558,0.10115439074734241,0.0008417606353759765,0.0006234407424926758,9.679794311523438e-05,0.9230210602759622
555,136.4627227783203,0.14893656952485798,0.0008417606353759765,0.0006234407424926758,9.160041809082031e-05,0.9426289034132171
560,137.63322281837463,0.2647764463843941,0.0006792068481445313,0.0003938436508178711,9.634494781494141e-05,0.9462599854756718
565,138.8061487674713,0.04699642400826178,0.0006801605224609375,0.0003842592239379883,9.768009185791015e-05,0.934640522875817
570,139.98155975341797,0.00990001671917753,0.0007600069046020507,0.0005134344100952148,9.572505950927734e-05,0.934640522875817
575,141.1885838508606,0.01904924984810492,0.0007600069046020507,0.0005134344100952148,9.636878967285156e-05,0.9317356572258533
580,142.35594391822815,0.196555645855598,0.0010822534561157227,0.0010013818740844727,8.780956268310547e-05,0.9310094408133623
585,143.52315402030945,0.2810832005908651,0.0007595300674438476,0.0005182266235351562,9.093284606933593e-05,0.9368191721132898
590,144.6903989315033,0.3810062195029332,0.0010024070739746093,0.0008722066879272461,9.517669677734375e-05,0.9208424110384895
595,145.8490607738495,0.09152042890010534,0.000760960578918457,0.0005038499832153321,9.107589721679688e-05,0.9317356572258533
600,147.01002597808838,0.12380277729157001,0.0006796836853027344,0.0003890514373779297,9.527206420898438e-05,0.9302832244008714
605,148.22213673591614,0.0405925111894021,0.0008412837982177734,0.0006282329559326172,9.603500366210938e-05,0.9324618736383442
610,149.38896703720093,0.15510997125109044,0.0008408069610595703,0.0006330251693725586,9.343624114990234e-05,0.9360929557007989
615,150.5516529083252,0.1254930618992148,0.0006003141403198242,0.00025508403778076174,9.169578552246094e-05,0.9389978213507625
620,151.71374797821045,0.2239619332616627,0.0006801605224609375,0.0003842592239379883,9.450912475585937e-05,0.9404502541757443
625,152.92900490760803,0.038290918665009596,0.0009216070175170898,0.0007526159286499023,0.00011849403381347656,0.9433551198257081
630,154.16867589950562,0.0927536831249796,0.0006806373596191407,0.00037946701049804685,0.00010516643524169922,0.9426289034132171
635,155.4142301082611,0.01225896509668587,0.0008403301239013672,0.0006378173828125,0.00010390281677246094,0.9411764705882353
640,156.62666296958923,0.5542973254633807,0.0007604837417602539,0.0005086421966552735,9.59157943725586e-05,0.9448075526506899
645,157.84695410728455,0.20770745198061605,0.0008408069610595703,0.0006330251693725586,0.00011022090911865235,0.953522149600581
650,159.06489610671997,0.011434842279231815,0.0007600069046020507,0.0005134344100952148,0.00010292530059814453,0.953522149600581
655,160.2889289855957,0.4187711632328501,0.000760960578918457,0.0005038499832153321,0.00010466575622558594,0.9622367465504721
660,161.49922800064087,0.15668271696272312,0.0007595300674438476,0.0005182266235351562,9.682178497314454e-05,0.9578794480755265
665,162.7215428352356,0.10008387839443458,0.0009211301803588867,0.0007574081420898438,0.00010650157928466797,0.9520697167755992
670,163.99441695213318,0.1699756124875421,0.0006811141967773438,0.00037467479705810547,0.00011732578277587891,0.9506172839506173
675,165.21652579307556,0.02509080620136501,0.000599360466003418,0.0002646684646606445,0.00010709762573242187,0.9498910675381264
680,166.4613697528839,0.12526431338695546,0.0008403301239013672,0.0006378173828125,0.00011358261108398437,0.9484386347131445
685,167.70916199684143,0.09636202475721803,0.0008412837982177734,0.0006282329559326172,0.00011775493621826171,0.9557007988380537
690,169.07950091362,0.033624572157091845,0.0007614374160766601,0.0004990577697753906,0.00012159347534179688,0.9571532316630356
695,170.32973909378052,0.035179198320656725,0.0006801605224609375,0.0003842592239379883,0.0001092672348022461,0.9571532316630356
700,171.60822105407715,0.0034029846502676266,0.0007600069046020507,0.0005134344100952148,9.696483612060547e-05,0.9549745824255628
705,172.83057689666748,0.03610472912473597,0.0006792068481445313,0.0003938436508178711,0.00010664463043212891,0.954248366013072
710,174.062175989151,0.22276117985602753,0.0010024070739746093,0.0008722066879272461,0.00010137557983398437,0.9600580973129993
715,175.2861430644989,0.06978930638161245,0.000922083854675293,0.0007478237152099609,0.00011155605316162109,0.9520697167755992
720,176.51557087898254,0.06266846429048911,0.000599360466003418,0.0002646684646606445,0.00010943412780761719,0.9498910675381264
725,177.73715376853943,0.1036514618230342,0.0007600069046020507,0.0005134344100952148,0.00010900497436523437,0.944081336238199
730,179.0314598083496,0.07117145280865458,0.0006801605224609375,0.0003842592239379883,0.00010998249053955078,0.9455337690631809
735,180.24730491638184,0.22354386369731855,0.0008403301239013672,0.0006378173828125,0.00011408329010009766,0.9600580973129993
740,181.47371983528137,0.013795454112528204,0.0009211301803588867,0.0007574081420898438,0.00010814666748046876,0.9636891793754538
745,182.77627801895142,0.02865057848575816,0.0009216070175170898,0.0007526159286499023,0.000119781494140625,0.9564270152505446
750,184.05748581886292,0.41209320063367444,0.0008408069610595703,0.0006330251693725586,0.00010886192321777344,0.9644153957879448
755,185.28012990951538,0.18651588646879702,0.000760960578918457,0.0005038499832153321,0.0001054525375366211,0.9622367465504721
760,186.6045970916748,0.17520477818720792,0.0009211301803588867,0.0007574081420898438,0.0001196146011352539,0.9615105301379812
765,188.0440227985382,0.09082723350357043,0.0005979299545288086,0.00027904510498046877,0.0001041412353515625,0.9636891793754538
770,189.43463587760925,0.003718587725438738,0.0010024070739746093,0.0008722066879272461,0.00010554790496826172,0.9629629629629629
775,190.63673305511475,0.16806352422865983,0.0006003141403198242,0.00025508403778076174,0.00010101795196533203,0.9644153957879448
780,191.8337049484253,0.0612268167618879,0.0005984067916870117,0.00027425289154052733,9.732246398925781e-05,0.9651416122004357
785,193.03102588653564,0.13841830294611554,0.000760960578918457,0.0005038499832153321,0.00010142326354980468,0.9651416122004357
790,194.22503399848938,0.02173618504880608,0.0009211301803588867,0.0007574081420898438,9.968280792236329e-05,0.9600580973129993
795,195.46545791625977,0.00689844221371203,0.0007604837417602539,0.0005086421966552735,0.00010323524475097656,0.9578794480755265
800,196.66404104232788,0.1916697882930066,0.0008417606353759765,0.0006234407424926758,9.953975677490234e-05,0.9549745824255628
805,197.86593103408813,0.11438328370804954,0.0007600069046020507,0.0005134344100952148,0.00010433197021484376,0.9578794480755265
810,199.0602467060089,0.018253459817064766,0.0007600069046020507,0.0005134344100952148,8.769035339355469e-05,0.9549745824255628
815,200.24845480918884,0.11230709937234451,0.0006792068481445313,0.0003938436508178711,0.00010955333709716797,0.9644153957879448
820,201.4386339187622,0.029303933220998602,0.0005988836288452149,0.00026946067810058595,0.0001085042953491211,0.9586056644880174
825,202.68087577819824,0.18278385205594674,0.0008403301239013672,0.0006378173828125,0.00010967254638671875,0.9615105301379812
830,203.87042903900146,0.3835385662265637,0.0006787300109863282,0.0003986358642578125,0.00010068416595458985,0.9607843137254902
835,205.0573489665985,0.017923538440663835,0.000839853286743164,0.0006426095962524414,0.0001064300537109375,0.9615105301379812
840,206.2469630241394,0.19237162828212034,0.0008408069610595703,0.0006330251693725586,0.00010793209075927734,0.9636891793754538
845,207.44160270690918,0.05730516697265102,0.0006792068481445313,0.0003938436508178711,9.825229644775391e-05,0.9644153957879448
850,208.63458275794983,0.0916813142444937,0.000839853286743164,0.0006426095962524414,0.00010037422180175781,0.9658678286129266
855,209.87423992156982,0.40741704863512496,0.0008403301239013672,0.0006378173828125,0.00010433197021484376,0.9527959331880901
860,211.06099486351013,0.21565746233232091,0.0007595300674438476,0.0005182266235351562,0.00010581016540527344,0.9571532316630356
865,212.25842094421387,0.09521672322225641,0.0010019302368164062,0.0008769989013671875,9.603500366210938e-05,0.9593318809005084
870,213.4574327468872,0.0839726974727455,0.0008403301239013672,0.0006378173828125,0.00010101795196533203,0.9607843137254902
875,214.66006684303284,0.21641668770131162,0.0006806373596191407,0.00037946701049804685,0.00010075569152832032,0.9615105301379812
880,215.86673998832703,0.06168494603989529,0.0008403301239013672,0.0006378173828125,0.00010385513305664063,0.9636891793754538
885,217.06354999542236,0.07409472461772566,0.0007604837417602539,0.0005086421966552735,0.00011341571807861328,0.9694989106753813
890,218.3098168373108,0.21633927468233338,0.0007595300674438476,0.0005182266235351562,0.00010242462158203126,0.9673202614379085
895,219.5117108821869,0.12510084666091642,0.0009211301803588867,0.0007574081420898438,0.00010557174682617188,0.9600580973129993
900,220.7185938358307,0.14671338464661546,0.000922083854675293,0.0007478237152099609,0.00011565685272216797,0.9607843137254902
905,221.97795581817627,0.27605848011294254,0.0006806373596191407,0.00037946701049804685,0.00010764598846435547,0.9600580973129993
910,223.21947693824768,0.23318484148692278,0.0008408069610595703,0.0006330251693725586,9.310245513916016e-05,0.9702251270878722
915,224.42586588859558,0.9289966648158042,0.000599360466003418,0.0002646684646606445,0.00011355876922607422,0.953522149600581
920,225.68936610221863,0.06474695121438571,0.0006787300109863282,0.0003986358642578125,0.00010175704956054688,0.9317356572258533
925,226.9148817062378,0.03630970228284127,0.0007600069046020507,0.0005134344100952148,0.00012166500091552735,0.9092229484386347
930,228.204598903656,0.28026813936238,0.0008408069610595703,0.0006330251693725586,0.0001314401626586914,0.9012345679012346
935,229.6183009147644,0.28395431798695087,0.0008403301239013672,0.0006378173828125,9.284019470214843e-05,0.9077705156136529
940,230.81758069992065,0.3704703009875644,0.0009216070175170898,0.0007526159286499023,0.00011224746704101563,0.9259259259259259
945,232.0173499584198,0.035789949877948854,0.0007595300674438476,0.0005182266235351562,0.00011382102966308593,0.9360929557007989
950,233.265558719635,0.10190852612759613,0.0005998373031616211,0.0002598762512207031,0.00011022090911865235,0.9411764705882353
955,234.4644639492035,0.04585388456410015,0.0006787300109863282,0.0003986358642578125,0.00010459423065185547,0.9404502541757443
960,235.67051196098328,0.14410267517089323,0.0008412837982177734,0.0006282329559326172,9.813308715820313e-05,0.9353667392883079
965,236.8782958984375,0.2621311825958628,0.0006796836853027344,0.0003890514373779297,9.825229644775391e-05,0.9411764705882353
970,238.08350896835327,0.26628275732618933,0.0005998373031616211,0.0002598762512207031,9.348392486572266e-05,0.9564270152505446
975,239.28746604919434,0.10026895053393332,0.0007604837417602539,0.0005086421966552735,9.653568267822265e-05,0.9629629629629629
980,240.5392029285431,0.34827896678244485,0.0009201765060424805,0.0007669925689697266,9.579658508300782e-05,0.9673202614379085
985,241.7493498325348,0.15108316209639838,0.0008408069610595703,0.0006330251693725586,9.963512420654296e-05,0.9738562091503268
990,242.95559692382812,0.08618338287940333,0.0006787300109863282,0.0003986358642578125,0.00010218620300292969,0.9709513435003632
995,244.1565248966217,0.027106603333743352,0.0010827302932739258,0.0009965896606445312,0.00010077953338623047,0.9665940450254176
1000,245.36051893234253,0.059162756365094535,0.0009216070175170898,0.0007526159286499023,0.0001073598861694336,0.9658678286129266
1005,246.55787873268127,0.203524344605421,0.0005998373031616211,0.0002598762512207031,9.684562683105468e-05,0.9738562091503268
1010,247.8141930103302,0.18734557142465746,0.0008417606353759765,0.0006234407424926758,0.00010437965393066407,0.9753086419753086
1015,249.01601386070251,0.06401437318253471,0.0007595300674438476,0.0005182266235351562,0.00010254383087158204,0.9774872912127814
1020,250.2130057811737,0.10116674815872102,0.000760960578918457,0.0005038499832153321,0.00011322498321533203,0.9738562091503268
1025,251.40277099609375,0.015925182983517062,0.0007590532302856445,0.0005230188369750976,9.980201721191407e-05,0.9571532316630356
1030,252.59824109077454,0.02708174002468411,0.0008412837982177734,0.0006282329559326172,9.510517120361328e-05,0.9513435003631082
1035,253.7919409275055,0.3388109411582718,0.0006792068481445313,0.0003938436508178711,0.00010011196136474609,0.971677559912854
1040,254.98568606376648,0.0131402651200915,0.000922083854675293,0.0007478237152099609,0.00010764598846435547,0.9687726942628904
1045,256.2289638519287,0.052593702532107045,0.0007600069046020507,0.0005134344100952148,9.083747863769531e-05,0.9658678286129266
1050,257.4217150211334,0.0716199857885158,0.0008412837982177734,0.0006282329559326172,0.00010635852813720704,0.9665940450254176
1055,258.61215806007385,0.0029627740170695914,0.0005998373031616211,0.0002598762512207031,0.00010342597961425782,0.9665940450254176
1060,259.8063209056854,0.05615647955823988,0.0009216070175170898,0.0007526159286499023,0.00010292530059814453,0.9644153957879448
1065,261.0011079311371,0.04378846516366366,0.0007600069046020507,0.0005134344100952148,9.74893569946289e-05,0.9651416122004357
1070,262.1992700099945,0.4530084509619883,0.0007604837417602539,0.0005086421966552735,0.00010409355163574219,0.9687726942628904
1075,263.44714879989624,0.140790596604549,0.0010019302368164062,0.0008769989013671875,8.974075317382812e-05,0.9694989106753813
1080,264.6451208591461,0.13015708944104887,0.0008408069610595703,0.0006330251693725586,0.00010073184967041016,0.9694989106753813
1085,265.83626890182495,0.27173497618050246,0.0007600069046020507,0.0005134344100952148,9.55820083618164e-05,0.9694989106753813
1090,267.02852988243103,0.08447934400363692,0.0007595300674438476,0.0005182266235351562,0.00010275840759277344,0.9724037763253449
1095,268.22319078445435,0.10564977522253968,0.0007600069046020507,0.0005134344100952148,9.648799896240234e-05,0.9709513435003632
1100,269.41900277137756,0.02818476541178825,0.0009201765060424805,0.0007669925689697266,0.00010647773742675782,0.9636891793754538
1105,270.6635580062866,0.11586787514462457,0.0010827302932739258,0.0009965896606445312,0.0001049041748046875,0.9687726942628904
1110,271.859493970871,0.021350475066284957,0.0006796836853027344,0.0003890514373779297,9.839534759521484e-05,0.9694989106753813
1115,273.0513780117035,0.022636078455828112,0.0008408069610595703,0.0006330251693725586,0.0001033782958984375,0.9709513435003632
1120,274.2472767829895,0.05425916823176067,0.0005176067352294922,0.0001546621322631836,0.00011179447174072265,0.9687726942628904
1125,275.4350709915161,0.006552081075187744,0.0007604837417602539,0.0005086421966552735,9.615421295166016e-05,0.9687726942628904
1130,276.62795186042786,0.01819871374827926,0.000760960578918457,0.0005038499832153321,0.00010793209075927734,0.9680464778503994
1135,277.8237509727478,0.013667473851455725,0.000760960578918457,0.0005038499832153321,0.00010509490966796875,0.9687726942628904
1140,279.0600907802582,0.02137869491768498,0.000678253173828125,0.0004034280776977539,9.613037109375e-05,0.9694989106753813
1145,280.24356389045715,0.23202956387168144,0.0007595300674438476,0.0005182266235351562,0.00010139942169189453,0.9789397240377633
1150,281.4325988292694,0.15754008349636592,0.0008403301239013672,0.0006378173828125,9.763240814208984e-05,0.9520697167755992
1155,282.6284189224243,0.004073082944373141,0.000760960578918457,0.0005038499832153321,9.822845458984375e-05,0.8685548293391431
1160,283.7950987815857,0.06399537093346482,0.0008403301239013672,0.0006378173828125,9.47713851928711e-05,0.8852578068264343
1165,284.94810485839844,0.0006134077011722639,0.0009211301803588867,0.0007574081420898438,9.191036224365234e-05,0.9397240377632534
1170,286.1516959667206,0.22667609511717046,0.0007600069046020507,0.0005134344100952148,9.26971435546875e-05,0.9658678286129266
1175,287.3044171333313,0.02814421151881703,0.0006801605224609375,0.0003842592239379883,9.801387786865235e-05,0.9767610748002905
1180,288.45781993865967,0.00405140116489946,0.0008403301239013672,0.0006378173828125,9.484291076660157e-05,0.9789397240377633
1185,289.6056389808655,0.09381618412512722,0.0008417606353759765,0.0006234407424926758,8.955001831054688e-05,0.9789397240377633
1190,290.7544457912445,0.030173817978584337,0.0008403301239013672,0.0006378173828125,9.546279907226562e-05,0.9760348583877996
1195,291.9035987854004,0.14376575454115398,0.0009211301803588867,0.0007574081420898438,8.792877197265625e-05,0.9694989106753813
1200,293.1009397506714,0.029690418802249496,0.000760960578918457,0.0005038499832153321,9.715557098388672e-05,0.9615105301379812
1205,294.2496728897095,0.16229228867964735,0.0009216070175170898,0.0007526159286499023,9.250640869140625e-05,0.9687726942628904
1210,295.40942192077637,0.1806939398232771,0.0007604837417602539,0.0005086421966552735,9.508132934570313e-05,0.9615105301379812
1215,296.5621147155762,0.08968574409743724,0.000599360466003418,0.0002646684646606445,9.527206420898438e-05,0.9673202614379085
1220,297.71373176574707,0.04886878667917642,0.0007600069046020507,0.0005134344100952148,9.493827819824218e-05,0.9680464778503994
1225,298.86705899238586,0.08183780245599337,0.0007600069046020507,0.0005134344100952148,9.59634780883789e-05,0.9680464778503994
1230,300.0607969760895,0.027636524914214533,0.0007604837417602539,0.0005086421966552735,9.570121765136718e-05,0.9694989106753813
1235,301.2036888599396,0.012119544600241738,0.0008403301239013672,0.0006378173828125,8.73565673828125e-05,0.9680464778503994
1240,302.3429458141327,0.024338649399805946,0.0008422374725341797,0.0006186485290527344,9.083747863769531e-05,0.9680464778503994
1245,303.4921929836273,0.008796805318209523,0.000760960578918457,0.0005038499832153321,9.524822235107422e-05,0.9651416122004357
1250,304.6467139720917,0.03649865642655783,0.0006796836853027344,0.0003890514373779297,9.183883666992187e-05,0.9636891793754538
1255,305.82659101486206,0.012577071236064797,0.0007604837417602539,0.0005086421966552735,0.00010530948638916015,0.9615105301379812
1260,307.0657260417938,0.00010545433426329964,0.0007595300674438476,0.0005182266235351562,0.00010645389556884766,0.9593318809005084
1265,308.3218529224396,0.016906220086093528,0.0007600069046020507,0.0005134344100952148,8.921623229980468e-05,0.9571532316630356
1270,309.5201988220215,0.017830525758051864,0.001001453399658203,0.0008817911148071289,0.00010292530059814453,0.9571532316630356
1275,310.7080178260803,0.47614940587691307,0.0007600069046020507,0.0005134344100952148,0.00010209083557128906,0.9607843137254902
1280,311.9100387096405,0.19711898174467707,0.0010024070739746093,0.0008722066879272461,0.0001073598861694336,0.954248366013072
1285,313.11131381988525,0.01342396457039854,0.0008417606353759765,0.0006234407424926758,0.00010068416595458985,0.9527959331880901
1290,314.2964549064636,0.05193560070075023,0.0006796836853027344,0.0003890514373779297,0.00010387897491455078,0.944081336238199
1295,315.5357630252838,0.013162454382518262,0.0008408069610595703,0.0006330251693725586,0.00010709762573242187,0.9353667392883079
1300,316.7203438282013,0.24951235657339338,0.000760960578918457,0.0005038499832153321,0.00010118484497070312,0.9622367465504721
1305,317.9022238254547,0.5021737971808932,0.0005998373031616211,0.0002598762512207031,9.839534759521484e-05,0.9687726942628904
1310,319.0828049182892,0.13040506938646104,0.000760960578918457,0.0005038499832153321,0.00010821819305419921,0.9600580973129993
1315,320.2784378528595,0.01689193023808002,0.0009216070175170898,0.0007526159286499023,9.899139404296875e-05,0.9448075526506899
1320,321.4650037288666,0.018631889410698932,0.000760960578918457,0.0005038499832153321,9.95635986328125e-05,0.9360929557007989
1325,322.7032148838043,0.0060442991420927685,0.0006787300109863282,0.0003986358642578125,0.00010485649108886719,0.9281045751633987
1330,323.9019479751587,0.09928728668128599,0.0008412837982177734,0.0006282329559326172,0.00010256767272949218,0.9244734931009441
1335,325.12167501449585,0.017352192630734464,0.0008408069610595703,0.0006330251693725586,0.00012066364288330079,0.9273783587509078
1340,326.40490078926086,0.3454753737676938,0.0006801605224609375,0.0003842592239379883,0.00010631084442138671,0.9426289034132171
1345,327.60821199417114,0.3975707550225252,0.0007600069046020507,0.0005134344100952148,0.00010349750518798829,0.9527959331880901
1350,328.8092517852783,0.11168644436627347,0.0008403301239013672,0.0006378173828125,0.00011022090911865235,0.954248366013072
1355,330.0041608810425,0.07522216322702206,0.0008408069610595703,0.0006330251693725586,0.00010018348693847656,0.9557007988380537
1360,331.24857878685,0.9101290217440721,0.0006815910339355469,0.0003698825836181641,0.00011143684387207031,0.9644153957879448
1365,332.4846489429474,0.007388733255538682,0.0005984067916870117,0.00027425289154052733,0.00010271072387695313,0.9665940450254176
1370,333.8493010997772,0.1229758762798923,0.0009211301803588867,0.0007574081420898438,0.0001049041748046875,0.9636891793754538
1375,335.025799036026,0.031999650516661406,0.0007614374160766601,0.0004990577697753906,9.801387786865235e-05,0.9607843137254902
1380,336.1885619163513,0.06391212549371232,0.0008417606353759765,0.0006234407424926758,9.708404541015625e-05,0.9557007988380537
1385,337.37079787254333,0.04214506429547811,0.000599360466003418,0.0002646684646606445,9.434223175048828e-05,0.9549745824255628
1390,338.5864849090576,0.000661797815052978,0.0007604837417602539,0.0005086421966552735,9.429454803466797e-05,0.9527959331880901
1395,339.7569978237152,0.12014950792267882,0.0007595300674438476,0.0005182266235351562,0.00010113716125488281,0.9527959331880901
1400,340.9264829158783,0.10814877488536467,0.0010827302932739258,0.0009965896606445312,9.577274322509765e-05,0.9549745824255628
1405,342.1101760864258,0.07363523353173207,0.0008412837982177734,0.0006282329559326172,0.00010540485382080079,0.953522149600581
1410,343.3152449131012,0.0012399678694279715,0.0005190372467041016,0.00014028549194335937,9.810924530029297e-05,0.9564270152505446
1415,344.4828419685364,0.048059809136104546,0.0007604837417602539,0.0005086421966552735,9.791851043701172e-05,0.9549745824255628
1420,345.6945478916168,0.02653262941228718,0.0006792068481445313,0.0003938436508178711,9.207725524902343e-05,0.9571532316630356
1425,346.85811376571655,0.04835089662174141,0.0008408069610595703,0.0006330251693725586,9.756088256835937e-05,0.9549745824255628
1430,348.0280520915985,0.2346253708015084,0.0010019302368164062,0.0008769989013671875,0.00010366439819335938,0.9665940450254176
1435,349.1940279006958,0.20689920665708997,0.0009216070175170898,0.0007526159286499023,9.796619415283203e-05,0.9724037763253449
1440,350.3623628616333,0.2743325270700495,0.0009211301803588867,0.0007574081420898438,9.391307830810546e-05,0.9629629629629629
1445,351.5291967391968,0.14442840338451787,0.0005998373031616211,0.0002598762512207031,9.441375732421875e-05,0.9586056644880174
1450,352.745099067688,0.17937901142577317,0.001001453399658203,0.0008817911148071289,9.891986846923828e-05,0.9571532316630356
1455,353.9271607398987,0.10193524800442902,0.0005176067352294922,0.0001546621322631836,9.970664978027343e-05,0.9564270152505446
1460,355.1397318840027,0.018344696871191956,0.0010024070739746093,0.0008722066879272461,9.911060333251953e-05,0.9520697167755992
1465,356.31809997558594,0.20238044344615247,0.0006003141403198242,0.00025508403778076174,0.00011014938354492188,0.9520697167755992
1470,357.5292749404907,0.1628744909606894,0.0005988836288452149,0.00026946067810058595,9.968280792236329e-05,0.9615105301379812
1475,358.7717037200928,0.2096277742066391,0.0008408069610595703,0.0006330251693725586,0.00010745525360107422,0.9665940450254176
1480,360.03512501716614,0.022022124034992884,0.0008408069610595703,0.0006330251693725586,0.00010597705841064453,0.9673202614379085
1485,361.22312593460083,0.15584740640534278,0.000760960578918457,0.0005038499832153321,0.00010933876037597657,0.9687726942628904
1490,362.38514375686646,0.18676639241489285,0.0008412837982177734,0.0006282329559326172,9.300708770751954e-05,0.9658678286129266
1495,363.5498208999634,0.06364536288019877,0.0007600069046020507,0.0005134344100952148,8.819103240966796e-05,0.9644153957879448
1500,364.71142292022705,0.052736750253794186,0.0007600069046020507,0.0005134344100952148,8.585453033447266e-05,0.9564270152505446
1505,365.8715069293976,0.03528821166837588,0.0006792068481445313,0.0003938436508178711,0.00010199546813964844,0.9520697167755992
1510,367.02541399002075,0.03292336603626893,0.0005988836288452149,0.00026946067810058595,9.3841552734375e-05,0.9491648511256354
1515,368.23008394241333,0.4982632920146358,0.0008403301239013672,0.0006378173828125,9.579658508300782e-05,0.9687726942628904
1520,369.3996298313141,0.26461861863555214,0.0006787300109863282,0.0003986358642578125,9.365081787109375e-05,0.9419026870007262
1525,370.55245089530945,0.06384014083976126,0.0009206533432006836,0.0007622003555297852,9.479522705078126e-05,0.9295570079883806
1530,371.7175397872925,0.10299183375136636,0.0008403301239013672,0.0006378173828125,9.686946868896485e-05,0.9339143064633261
1535,372.88730788230896,0.028126255863942618,0.0006792068481445313,0.0003938436508178711,0.00011210441589355468,0.9310094408133623
1540,374.05731296539307,0.05004668326147339,0.0007600069046020507,0.0005134344100952148,9.32455062866211e-05,0.9150326797385621
1545,375.27223086357117,0.7006953176118728,0.0008393764495849609,0.0006474018096923828,8.869171142578125e-05,0.8685548293391431
1550,376.43125796318054,0.4074608673341572,0.0008408069610595703,0.0006330251693725586,9.763240814208984e-05,0.8402323892519971
1555,377.5986750125885,0.8426803381959133,0.0009211301803588867,0.0007574081420898438,8.893013000488281e-05,0.813362381989833
1560,378.7651090621948,0.1866857810434169,0.0008408069610595703,0.0006330251693725586,9.112358093261718e-05,0.9426289034132171
1565,379.9444360733032,0.6450412211725066,0.0007604837417602539,0.0005086421966552735,0.00010190010070800781,0.9694989106753813
1570,381.1181938648224,0.029399229293997565,0.0007604837417602539,0.0005086421966552735,9.157657623291016e-05,0.9702251270878722
1575,382.3322238922119,0.32463213853920936,0.0009211301803588867,0.0007574081420898438,9.946823120117187e-05,0.9658678286129266
1580,383.505007982254,0.028333466403638853,0.0006792068481445313,0.0003938436508178711,9.617805480957031e-05,0.9665940450254176
1585,384.6796967983246,0.1715525881728354,0.001001453399658203,0.0008817911148071289,9.360313415527344e-05,0.9687726942628904
1590,385.8596160411835,0.011897105327761892,0.0008417606353759765,0.0006234407424926758,9.508132934570313e-05,0.9673202614379085
1595,387.0398819446564,0.16163472528599526,0.0005998373031616211,0.0002598762512207031,9.913444519042969e-05,0.9673202614379085
1600,388.21425890922546,0.05655364241845291,0.0008408069610595703,0.0006330251693725586,9.179115295410156e-05,0.9680464778503994
1605,389.3917489051819,0.1058644995737609,0.0006796836853027344,0.0003890514373779297,0.00010344982147216796,0.9629629629629629
1610,390.62061285972595,0.0533723514349731,0.0005984067916870117,0.00027425289154052733,0.00010650157928466797,0.9629629629629629
1615,391.81606674194336,0.028068471388411353,0.0008408069610595703,0.0006330251693725586,0.00010306835174560547,0.9629629629629629
1620,393.0492489337921,0.18205482889701444,0.0009211301803588867,0.0007574081420898438,0.00010554790496826172,0.9593318809005084
1625,394.35809803009033,0.23100571530599295,0.0007600069046020507,0.0005134344100952148,0.00010619163513183593,0.9651416122004357
1630,395.51444387435913,0.1673448621181734,0.0008408069610595703,0.0006330251693725586,9.932518005371094e-05,0.9665940450254176
1635,396.68380904197693,0.0508329386934804,0.0007600069046020507,0.0005134344100952148,9.562969207763672e-05,0.9687726942628904
1640,397.8911130428314,0.10177030588932467,0.0005988836288452149,0.00026946067810058595,9.202957153320312e-05,0.9687726942628904
1645,399.06208395957947,0.012886002347528347,0.0008403301239013672,0.0006378173828125,0.00010080337524414063,0.9651416122004357
1650,400.28134989738464,0.20271858351772779,0.0006796836853027344,0.0003890514373779297,0.00010380744934082031,0.9644153957879448
1655,401.45734190940857,0.1006516293986948,0.0006801605224609375,0.0003842592239379883,9.853839874267578e-05,0.9658678286129266
1660,402.6270568370819,0.04607827216546241,0.0006806373596191407,0.00037946701049804685,9.164810180664062e-05,0.9651416122004357
1665,403.7855718135834,0.04093299342785315,0.0008408069610595703,0.0006330251693725586,0.00010247230529785157,0.9665940450254176
1670,404.98546385765076,0.35878975867599366,0.0007585763931274414,0.0005278110504150391,9.48190689086914e-05,0.9702251270878722
1675,406.1408269405365,0.14035760318802631,0.0008412837982177734,0.0006282329559326172,9.255409240722656e-05,0.9760348583877996
1680,407.29674887657166,0.042292712835241275,0.0007590532302856445,0.0005230188369750976,9.799003601074219e-05,0.9803921568627451
1685,408.45372796058655,5.196677589793808e-05,0.0011635303497314453,0.001116180419921875,9.696483612060547e-05,0.9796659404502541
1690,409.60387086868286,0.024027771405923205,0.0007604837417602539,0.0005086421966552735,9.329319000244141e-05,0.9803921568627451
1695,410.7576677799225,0.17983342782357567,0.000760960578918457,0.0005038499832153321,9.005069732666015e-05,0.9803921568627451
1700,411.95571088790894,0.2885674081748505,0.0007614374160766601,0.0004990577697753906,9.334087371826172e-05,0.9753086419753086
1705,413.11414098739624,0.04199072915744466,0.0007595300674438476,0.0005182266235351562,9.636878967285156e-05,0.9745824255628177
1710,414.26471495628357,0.07136325225530982,0.0008412837982177734,0.0006282329559326172,9.741783142089844e-05,0.9724037763253449
1715,415.42819476127625,0.033114417198669345,0.0005979299545288086,0.00027904510498046877,9.305477142333985e-05,0.9702251270878722
1720,416.57904291152954,0.16458422694705063,0.0009216070175170898,0.0007526159286499023,9.42230224609375e-05,0.9702251270878722
1725,417.7294979095459,0.07574697273406628,0.0006796836853027344,0.0003890514373779297,9.951591491699218e-05,0.9694989106753813
1730,418.89345598220825,0.017741593304805292,0.0008412837982177734,0.0006282329559326172,9.183883666992187e-05,0.9702251270878722
1735,420.09146189689636,0.004072499921416295,0.0007604837417602539,0.0005086421966552735,9.362697601318359e-05,0.9709513435003632
1740,421.2409827709198,0.04502993673232965,0.0008408069610595703,0.0006330251693725586,9.331703186035156e-05,0.9702251270878722
1745,422.390074968338,0.008443183364590823,0.000760960578918457,0.0005038499832153321,9.014606475830079e-05,0.9702251270878722
1750,423.54208993911743,0.012104253971742196,0.0009216070175170898,0.0007526159286499023,9.710788726806641e-05,0.971677559912854
1755,424.68940687179565,0.008994778955963057,0.0006792068481445313,0.0003938436508178711,9.503364562988282e-05,0.9745824255628177
1760,425.8316099643707,0.7370741250815229,0.000760960578918457,0.0005038499832153321,9.415149688720703e-05,0.9745824255628177
1765,427.0218780040741,0.1742798583893105,0.0010822534561157227,0.0010013818740844727,9.315013885498047e-05,0.9745824255628177
1770,428.1743528842926,0.0006407463924020362,0.0007600069046020507,0.0005134344100952148,8.418560028076172e-05,0.9782135076252724
1775,429.32427501678467,0.290511248722261,0.0006792068481445313,0.0003938436508178711,9.756088256835937e-05,0.9738562091503268
1780,430.477707862854,0.01224034253222328,0.0008403301239013672,0.0006378173828125,9.219646453857422e-05,0.9760348583877996
1785,431.6273899078369,0.08782237401787966,0.0008408069610595703,0.0006330251693725586,9.553432464599609e-05,0.9753086419753086
1790,432.77859473228455,0.022062115264327532,0.0008393764495849609,0.0006474018096923828,9.598731994628907e-05,0.9753086419753086
1795,433.97893476486206,0.0366463233556729,0.0010827302932739258,0.0009965896606445312,9.410381317138672e-05,0.9753086419753086
1800,435.11836194992065,0.01068236987096185,0.000599360466003418,0.0002646684646606445,9.253025054931641e-05,0.9753086419753086
1805,436.2586419582367,0.023328042030381368,0.0008403301239013672,0.0006378173828125,9.660720825195312e-05,0.9753086419753086
1810,437.4466698169708,0.013633384010047678,0.0005988836288452149,0.00026946067810058595,0.00010216236114501953,0.9753086419753086
1815,438.6408658027649,0.0030927087278641353,0.0007600069046020507,0.0005134344100952148,9.78708267211914e-05,0.9745824255628177
1820,439.8021287918091,0.0026304557508439073,0.0008417606353759765,0.0006234407424926758,9.016990661621093e-05,0.9738562091503268
1825,440.9518778324127,0.007660211910628334,0.000599360466003418,0.0002646684646606445,9.541511535644531e-05,0.9724037763253449
1830,442.15029311180115,0.1674251039046865,0.0007595300674438476,0.0005182266235351562,9.462833404541015e-05,0.9738562091503268
1835,443.3081920146942,0.13859304324578972,0.0006787300109863282,0.0003986358642578125,9.124279022216797e-05,0.9803921568627451
1840,444.4582448005676,0.1809893562364678,0.0009211301803588867,0.0007574081420898438,9.143352508544922e-05,0.9731299927378358
1845,445.60755491256714,0.001493470510617101,0.0006796836853027344,0.0003890514373779297,9.658336639404297e-05,0.9687726942628904
1850,446.757728099823,0.0006704208674491952,0.0009211301803588867,0.0007574081420898438,9.276866912841797e-05,0.9665940450254176
1855,447.9090459346771,0.0001743182845544311,0.0009216070175170898,0.0007526159286499023,9.479522705078126e-05,0.9658678286129266
1860,449.10646891593933,0.10849144160979592,0.0006796836853027344,0.0003890514373779297,8.704662322998047e-05,0.9709513435003632
1865,450.2589011192322,0.0034010487612476936,0.0007604837417602539,0.0005086421966552735,0.00010395050048828125,0.9593318809005084
1870,451.4324858188629,0.0031252754856723186,0.0008403301239013672,0.0006378173828125,8.952617645263672e-05,0.9513435003631082
1875,452.5827729701996,0.09437138768854539,0.0008417606353759765,0.0006234407424926758,0.00010693073272705078,0.9578794480755265
1880,453.77249789237976,0.08588350195404928,0.000839853286743164,0.0006426095962524414,0.00010557174682617188,0.9767610748002905
1885,455.0735650062561,0.002116360204047396,0.0008412837982177734,0.0006282329559326172,0.00010328292846679687,0.9135802469135802
1890,456.3435778617859,0.38096375475813177,0.0008408069610595703,0.0006330251693725586,0.00010347366333007812,0.9549745824255628
1895,457.5323967933655,0.03420618543459568,0.000922083854675293,0.0007478237152099609,0.00010037422180175781,0.9201161946259986
1900,458.75482988357544,0.3307140111457841,0.0006792068481445313,0.0003938436508178711,0.000104522705078125,0.9121278140885984
1905,460.0237069129944,0.18908643961186727,0.000599360466003418,0.0002646684646606445,0.00011601448059082032,0.9353667392883079
1910,461.47016882896423,0.09921098165301032,0.0007604837417602539,0.0005086421966552735,0.00012233257293701172,0.9557007988380537
1915,462.65754199028015,0.08202804695242918,0.0007600069046020507,0.0005134344100952148,9.038448333740235e-05,0.9629629629629629
1920,463.9111638069153,0.05694739151799695,0.0008408069610595703,0.0006330251693725586,9.608268737792969e-05,0.9615105301379812
1925,465.06327772140503,0.0014198184249281098,0.0007604837417602539,0.0005086421966552735,9.272098541259765e-05,0.9615105301379812
1930,466.21421909332275,0.036295782780997855,0.0009225606918334961,0.0007430315017700195,9.510517120361328e-05,0.9600580973129993
1935,467.3662328720093,0.03579165077385653,0.0007604837417602539,0.0005086421966552735,9.493827819824218e-05,0.9600580973129993
1940,468.5198829174042,0.04212803728878498,0.000599360466003418,0.0002646684646606445,9.543895721435547e-05,0.9586056644880174
1945,469.6758348941803,0.02857526250090956,0.0008408069610595703,0.0006330251693725586,9.839534759521484e-05,0.9607843137254902
1950,470.8771049976349,0.10838571584732364,0.0006796836853027344,0.0003890514373779297,9.262561798095703e-05,0.9636891793754538
1955,472.02386689186096,0.042054906495042135,0.000839853286743164,0.0006426095962524414,8.957386016845703e-05,0.9651416122004357
1960,473.17601799964905,0.0016939853494491786,0.001001453399658203,0.0008817911148071289,9.281635284423828e-05,0.9651416122004357
1965,474.3282239437103,0.5605130385034499,0.0007604837417602539,0.0005086421966552735,9.624958038330078e-05,0.9644153957879448
1970,475.49451875686646,0.0028629024284327897,0.0010024070739746093,0.0008722066879272461,0.00010256767272949218,0.9636891793754538
1975,476.65302300453186,0.012941449281323968,0.0008417606353759765,0.0006234407424926758,8.976459503173828e-05,0.9658678286129266
1980,477.80556869506836,0.03582700038697908,0.0006796836853027344,0.0003890514373779297,9.562969207763672e-05,0.9658678286129266
1985,478.99871587753296,0.028291825254751757,0.0007600069046020507,0.0005134344100952148,9.126663208007813e-05,0.9658678286129266
1990,480.1542658805847,0.14322894010584264,0.0007614374160766601,0.0004990577697753906,9.541511535644531e-05,0.9673202614379085
1995,481.30033588409424,0.08978732302612258,0.000599360466003418,0.0002646684646606445,8.947849273681641e-05,0.9702251270878722
2000,482.4520709514618,0.15608440691275974,0.000922083854675293,0.0007478237152099609,9.357929229736328e-05,0.9694989106753813
2005,483.6034529209137,0.014758802401799187,0.0007604837417602539,0.0005086421966552735,9.393692016601562e-05,0.9687726942628904
2010,484.7550621032715,0.02199651772681932,0.0008417606353759765,0.0006234407424926758,0.00010352134704589843,0.9687726942628904
2015,485.94651889801025,0.008038482227568977,0.0006787300109863282,0.0003986358642578125,9.200572967529296e-05,0.9680464778503994
2020,487.0955159664154,0.03721196022976585,0.000760960578918457,0.0005038499832153321,8.928775787353516e-05,0.9665940450254176
2025,488.2503638267517,0.024239716453784865,0.0008408069610595703,0.0006330251693725586,9.567737579345703e-05,0.9665940450254176
2030,489.39876103401184,0.15150700572859677,0.0008408069610595703,0.0006330251693725586,9.698867797851563e-05,0.9673202614379085
2035,490.55443477630615,0.19411530262478038,0.0006796836853027344,0.0003890514373779297,9.438991546630859e-05,0.9731299927378358
2040,491.70469188690186,0.024366468559219357,0.0009206533432006836,0.0007622003555297852,9.32455062866211e-05,0.9760348583877996
2045,492.8960928916931,0.028601912246938355,0.0006801605224609375,0.0003842592239379883,9.446144104003906e-05,0.9760348583877996
2050,494.04273891448975,0.08812893732725513,0.0006811141967773438,0.00037467479705810547,9.329319000244141e-05,0.9760348583877996
2055,495.1777548789978,3.21914743636853e-05,0.0005984067916870117,0.00027425289154052733,8.873939514160156e-05,0.9753086419753086
2060,496.31490993499756,0.07306163898956583,0.0010019302368164062,0.0008769989013671875,9.3841552734375e-05,0.9753086419753086
2065,497.4586179256439,0.009418645914453804,0.0007614374160766601,0.0004990577697753906,8.52346420288086e-05,0.9760348583877996
2070,498.6059536933899,0.020689947918437212,0.0007614374160766601,0.0004990577697753906,9.179115295410156e-05,0.9738562091503268
2075,499.78982877731323,0.014813888352365722,0.0005988836288452149,0.00026946067810058595,9.315013885498047e-05,0.9738562091503268
2080,501.03485083580017,0.014715105356356162,0.0008408069610595703,0.0006330251693725586,9.500980377197266e-05,0.9731299927378358
2085,502.2339217662811,0.06429348081556015,0.0006792068481445313,0.0003938436508178711,0.00011289119720458984,0.9767610748002905
2090,503.4804627895355,0.03643442253996909,0.0012438535690307618,0.0012405633926391602,0.00010726451873779296,0.9774872912127814
2095,504.6834650039673,8.776637787661911e-05,0.0006801605224609375,0.0003842592239379883,9.734630584716797e-05,0.9782135076252724
2100,505.89169096946716,0.03126498588251252,0.000599360466003418,0.0002646684646606445,9.293556213378907e-05,0.9774872912127814
2105,507.08544278144836,0.004932589275088617,0.000760960578918457,0.0005038499832153321,9.114742279052735e-05,0.9774872912127814
2110,508.2851610183716,0.01841240744015522,0.0005984067916870117,0.00027425289154052733,9.434223175048828e-05,0.9760348583877996
2115,509.43982791900635,0.05750892014475539,0.0009211301803588867,0.0007574081420898438,9.064674377441406e-05,0.9731299927378358
2120,510.5897378921509,0.003186988458163853,0.0010024070739746093,0.0008722066879272461,9.005069732666015e-05,0.9738562091503268
2125,511.7376127243042,0.3407150951716176,0.0009216070175170898,0.0007526159286499023,9.317398071289063e-05,0.9745824255628177
2130,512.8934009075165,0.19000226445655527,0.000839853286743164,0.0006426095962524414,8.883476257324219e-05,0.9753086419753086
2135,514.0427567958832,0.1423997002650154,0.0006806373596191407,0.00037946701049804685,0.00010156631469726562,0.9760348583877996
2140,515.2312178611755,0.029242715108739502,0.0009211301803588867,0.0007574081420898438,0.00010044574737548828,0.9658678286129266
2145,516.3790738582611,0.00961410971431178,0.0006787300109863282,0.0003986358642578125,9.579658508300782e-05,0.9622367465504721
2150,517.5331218242645,0.05470051768428732,0.0009216070175170898,0.0007526159286499023,9.815692901611328e-05,0.9593318809005084
2155,518.679310798645,0.11319380875702337,0.0005195140838623047,0.00013549327850341796,9.012222290039062e-05,0.9586056644880174
2160,519.8271009922028,0.002408446418121457,0.000599360466003418,0.0002646684646606445,9.071826934814453e-05,0.9593318809005084
2165,520.9603390693665,0.15177041143199688,0.0010019302368164062,0.0008769989013671875,9.508132934570313e-05,0.9593318809005084
2170,522.1515238285065,0.01792918260234728,0.0007600069046020507,0.0005134344100952148,9.112358093261718e-05,0.9586056644880174
2175,523.280189037323,0.18530578315258026,0.0007614374160766601,0.0004990577697753906,9.484291076660157e-05,0.9622367465504721
2180,524.4223079681396,0.0050033011927439475,0.0009216070175170898,0.0007526159286499023,9.582042694091796e-05,0.9658678286129266
2185,525.5695219039917,0.029917561210822896,0.0005988836288452149,0.00026946067810058595,9.48190689086914e-05,0.9644153957879448
2190,526.6962959766388,0.011273896507924519,0.0008408069610595703,0.0006330251693725586,8.983612060546875e-05,0.9644153957879448
2195,527.8477540016174,0.007009904288588586,0.0006792068481445313,0.0003938436508178711,9.779930114746093e-05,0.9615105301379812
2200,528.9929130077362,0.021503642849165772,0.0005988836288452149,0.00026946067810058595,9.121894836425782e-05,0.9629629629629629
2205,530.1759219169617,0.6445128765779827,0.000839853286743164,0.0006426095962524414,9.312629699707032e-05,0.9636891793754538
2210,531.3280718326569,0.004835911661484715,0.0006787300109863282,0.0003986358642578125,0.00010619163513183593,0.9658678286129266
2215,532.4883878231049,0.015359179963343194,0.0009206533432006836,0.0007622003555297852,9.670257568359376e-05,0.9600580973129993
2220,533.6363101005554,0.1648539046357314,0.0008403301239013672,0.0006378173828125,9.512901306152344e-05,0.9600580973129993
2225,534.7830748558044,0.014128292166880385,0.0005984067916870117,0.00027425289154052733,9.484291076660157e-05,0.9600580973129993
2230,535.9974820613861,0.018073783768977593,0.0007600069046020507,0.0005134344100952148,9.553432464599609e-05,0.9586056644880174
2235,537.2457859516144,0.2875133099502591,0.0009201765060424805,0.0007669925689697266,9.72747802734375e-05,0.9636891793754538
2240,538.3937728404999,0.11894928622460839,0.0008408069610595703,0.0006330251693725586,9.11712646484375e-05,0.9702251270878722
2245,539.5425097942352,4.91147204115805e-06,0.0009216070175170898,0.0007526159286499023,9.677410125732421e-05,0.9702251270878722
2250,540.6923079490662,0.05620364145043055,0.0008408069610595703,0.0006330251693725586,8.869171142578125e-05,0.9694989106753813
2255,541.8455488681793,0.07927706428288843,0.0006792068481445313,0.0003938436508178711,0.00010211467742919922,0.9702251270878722
2260,543.0001397132874,4.386975018633166e-06,0.0008412837982177734,0.0006282329559326172,9.303092956542968e-05,0.9709513435003632
2265,544.1943728923798,0.26821269994979957,0.0009211301803588867,0.0007574081420898438,9.243488311767578e-05,0.9774872912127814
2270,545.3462989330292,0.08032862455584108,0.0006792068481445313,0.0003938436508178711,9.300708770751954e-05,0.9753086419753086
2275,546.4995839595795,0.010533923935557254,0.0009216070175170898,0.0007526159286499023,9.088516235351562e-05,0.9673202614379085
2280,547.6437969207764,0.21029121220926897,0.0008417606353759765,0.0006234407424926758,8.82863998413086e-05,0.9702251270878722
2285,548.7893419265747,0.24641256955533208,0.000599360466003418,0.0002646684646606445,9.217262268066407e-05,0.9789397240377633
2290,549.9432127475739,0.19067408801057012,0.0008403301239013672,0.0006378173828125,9.353160858154297e-05,0.9760348583877996
2295,551.095006942749,0.06838114625870731,0.0006801605224609375,0.0003842592239379883,9.322166442871094e-05,0.9687726942628904
2300,552.2939200401306,0.007730088652544964,0.0005979299545288086,0.00027904510498046877,9.682178497314454e-05,0.9600580973129993
2305,553.4466938972473,0.4769323438755393,0.0009216070175170898,0.0007526159286499023,9.508132934570313e-05,0.9673202614379085
2310,554.5979280471802,0.20015311171301847,0.0009216070175170898,0.0007526159286499023,9.322166442871094e-05,0.971677559912854
2315,555.7505559921265,0.18984868175175507,0.0006792068481445313,0.0003938436508178711,9.140968322753906e-05,0.9702251270878722
2320,556.9067027568817,0.14874242430096415,0.0009211301803588867,0.0007574081420898438,9.818077087402344e-05,0.9680464778503994
2325,558.0611798763275,0.04495626584671584,0.0007604837417602539,0.0005086421966552735,9.152889251708984e-05,0.9651416122004357
2330,559.258486032486,0.15103603104180366,0.0005988836288452149,0.00026946067810058595,9.138584136962891e-05,0.9607843137254902
2335,560.411248922348,0.02337845546076096,0.0007595300674438476,0.0005182266235351562,8.921623229980468e-05,0.9477124183006536
2340,561.5670621395111,0.3073384406066907,0.0006801605224609375,0.0003842592239379883,9.517669677734375e-05,0.9622367465504721
2345,562.7182569503784,0.16443087980689483,0.0006796836853027344,0.0003890514373779297,9.026527404785157e-05,0.9687726942628904
2350,563.8726198673248,0.18105957508087728,0.0006806373596191407,0.00037946701049804685,9.679794311523438e-05,0.9694989106753813
2355,565.0451998710632,0.1724134192200381,0.0009211301803588867,0.0007574081420898438,9.539127349853516e-05,0.9731299927378358
2360,566.3223559856415,0.16590488258672736,0.0007590532302856445,0.0005230188369750976,0.00011904239654541016,0.9745824255628177
2365,567.7732110023499,0.08773583169113408,0.0007600069046020507,0.0005134344100952148,0.0001108407974243164,0.9738562091503268
2370,568.9443399906158,0.0402769305369489,0.0009206533432006836,0.0007622003555297852,9.417533874511719e-05,0.9738562091503268
2375,570.1577877998352,8.702289846951316e-07,0.001083207130432129,0.0009917974472045898,0.00011644363403320312,0.9731299927378358
2380,571.3119549751282,0.1805994147435129,0.0006796836853027344,0.0003890514373779297,9.386539459228515e-05,0.9724037763253449
2385,572.465194940567,0.2846067216756637,0.0008417606353759765,0.0006234407424926758,9.844303131103515e-05,0.9731299927378358
2390,573.7078049182892,0.17809239253475084,0.000760960578918457,0.0005038499832153321,0.00011212825775146485,0.9745824255628177
2395,574.9941599369049,0.06216160486993658,0.0006792068481445313,0.0003938436508178711,0.00010950565338134766,0.9745824255628177
2400,576.2046580314636,0.03809915524163898,0.0008408069610595703,0.0006330251693725586,9.543895721435547e-05,0.9738562091503268
2405,577.3529999256134,0.03846307131180282,0.0006787300109863282,0.0003986358642578125,9.582042694091796e-05,0.9738562091503268
2410,578.4997420310974,0.21410999670624734,0.0008408069610595703,0.0006330251693725586,9.377002716064453e-05,0.9724037763253449
2415,579.6704757213593,0.06518628947878824,0.000760960578918457,0.0005038499832153321,9.517669677734375e-05,0.971677559912854
2420,580.8814280033112,0.02362618420738727,0.0008412837982177734,0.0006282329559326172,9.026527404785157e-05,0.9702251270878722
2425,582.1047837734222,0.01029807750528704,0.0006792068481445313,0.0003938436508178711,9.567737579345703e-05,0.9687726942628904
2430,583.2571239471436,0.05701214671135091,0.0008417606353759765,0.0006234407424926758,0.00010998249053955078,0.971677559912854
2435,584.4263179302216,0.0025613611462176776,0.0009216070175170898,0.0007526159286499023,8.83340835571289e-05,0.9738562091503268
2440,585.5865297317505,0.011564711115366322,0.0007600069046020507,0.0005134344100952148,9.615421295166016e-05,0.9738562091503268
2445,586.7709748744965,0.01772011090070009,0.0007604837417602539,0.0005086421966552735,9.40561294555664e-05,0.9731299927378358
2450,587.9660999774933,0.4038187161161716,0.000760960578918457,0.0005038499832153321,0.00010399818420410156,0.9753086419753086
2455,589.1939249038696,0.0996497437358812,0.0010822534561157227,0.0010013818740844727,9.822845458984375e-05,0.9745824255628177
2460,590.3572928905487,4.220058417558903e-06,0.0006796836853027344,0.0003890514373779297,9.894371032714844e-05,0.9753086419753086
2465,591.5048639774323,0.1814404712764386,0.0007590532302856445,0.0005230188369750976,9.000301361083984e-05,0.9738562091503268
2470,592.662230014801,0.0046824496823560935,0.0007604837417602539,0.0005086421966552735,9.567737579345703e-05,0.9753086419753086
2475,593.8216950893402,0.05567490948558458,0.001001453399658203,0.0008817911148071289,9.377002716064453e-05,0.9738562091503268
2480,594.9852437973022,0.03999098838548889,0.0008393764495849609,0.0006474018096923828,9.148120880126953e-05,0.9724037763253449
2485,596.2426738739014,0.006889257286093198,0.0009216070175170898,0.0007526159286499023,0.00010671615600585938,0.9724037763253449
2490,597.576367855072,0.0017600915958738029,0.0006801605224609375,0.0003842592239379883,0.00010862350463867188,0.9731299927378358
2495,598.7156498432159,0.01815138985402882,0.0007595300674438476,0.0005182266235351562,9.548664093017578e-05,0.971677559912854
2500,599.8578131198883,0.007324836717930339,0.0006796836853027344,0.0003890514373779297,9.012222290039062e-05,0.971677559912854
2505,600.9902510643005,0.15490589882342648,0.0007595300674438476,0.0005182266235351562,9.670257568359376e-05,0.9310094408133623
2510,602.1425759792328,0.07763419846382362,0.0008422374725341797,0.0006186485290527344,9.431838989257813e-05,0.9629629629629629
2515,603.3311259746552,0.003930723791927449,0.0005180835723876953,0.0001498699188232422,9.615421295166016e-05,0.9673202614379085
2520,604.4778459072113,0.3530258565151613,0.0008408069610595703,0.0006330251693725586,9.191036224365234e-05,0.9782135076252724
2525,605.6205599308014,6.842843875176641e-06,0.0005974531173706055,0.00028383731842041016,9.398460388183593e-05,0.9782135076252724
2530,606.7684278488159,0.19760388657733757,0.0009216070175170898,0.0007526159286499023,9.348392486572266e-05,0.9506172839506173
2535,607.9162108898163,0.00563626587391326,0.0008408069610595703,0.0006330251693725586,9.412765502929688e-05,0.8838053740014524
2540,609.0640950202942,0.023487286802266284,0.0008408069610595703,0.0006330251693725586,8.81195068359375e-05,0.8859840232389252
2545,610.2074239253998,0.12495843190336017,0.0008403301239013672,0.0006378173828125,9.598731994628907e-05,0.9360929557007989
2550,611.4072546958923,0.07977730977290776,0.0007604837417602539,0.0005086421966552735,9.319782257080078e-05,0.9760348583877996
2555,612.5484707355499,0.0012823815925685268,0.0007604837417602539,0.0005086421966552735,9.605884552001953e-05,0.9665940450254176
2560,613.6923117637634,5.1022558196223144e-06,0.0008408069610595703,0.0006330251693725586,9.307861328125e-05,0.9571532316630356
2565,614.8199827671051,0.22315891775651836,0.0008412837982177734,0.0006282329559326172,9.3841552734375e-05,0.9789397240377633
2570,615.9591739177704,0.02460893624520537,0.0007595300674438476,0.0005182266235351562,8.440017700195312e-05,0.9803921568627451
2575,617.1032028198242,0.000611459582621876,0.000922083854675293,0.0007478237152099609,8.935928344726563e-05,0.9753086419753086
2580,618.278080701828,0.22975743564893492,0.0007600069046020507,0.0005134344100952148,9.212493896484374e-05,0.9803921568627451
2585,619.4215598106384,0.14956832419561578,0.0010024070739746093,0.0008722066879272461,9.343624114990234e-05,0.9818445896877269
2590,620.5640027523041,0.10034289668192287,0.0006796836853027344,0.0003890514373779297,9.479522705078126e-05,0.9796659404502541
2595,621.7182428836823,0.03431023065259211,0.0005988836288452149,0.00026946067810058595,8.785724639892578e-05,0.9760348583877996
2600,622.8660700321198,0.010412682112657024,0.0006801605224609375,0.0003842592239379883,9.105205535888671e-05,0.971677559912854
2605,624.0166249275208,0.01654579133119256,0.0009211301803588867,0.0007574081420898438,8.995532989501953e-05,0.9680464778503994
2610,625.2088210582733,0.01204051670702171,0.0008408069610595703,0.0006330251693725586,9.17673110961914e-05,0.9658678286129266
2615,626.3607938289642,3.9339591239695436e-06,0.0006801605224609375,0.0003842592239379883,9.298324584960938e-05,0.9622367465504721
2620,627.557450056076,0.1556552640439577,0.0010028839111328124,0.0008674144744873046,9.59157943725586e-05,0.9687726942628904
2625,628.7349200248718,0.04486646891070904,0.0006796836853027344,0.0003890514373779297,9.72747802734375e-05,0.9680464778503994
2630,629.8868570327759,0.01107182617579383,0.0005998373031616211,0.0002598762512207031,8.788108825683594e-05,0.9665940450254176
2635,631.0417928695679,0.032756570508672665,0.0007600069046020507,0.0005134344100952148,9.021759033203124e-05,0.9644153957879448
2640,632.2353050708771,0.5935376058798283,0.0006792068481445313,0.0003938436508178711,9.894371032714844e-05,0.9738562091503268
2645,633.3898980617523,0.029774151509269587,0.0009211301803588867,0.0007574081420898438,9.458065032958984e-05,0.9731299927378358
2650,634.5533878803253,0.0024173211077084034,0.0009206533432006836,0.0007622003555297852,8.499622344970703e-05,0.9636891793754538
2655,635.7065329551697,0.6414309892468921,0.0009216070175170898,0.0007526159286499023,9.48190689086914e-05,0.9636891793754538
2660,636.8682000637054,0.015281212801350818,0.0009216070175170898,0.0007526159286499023,9.274482727050781e-05,0.971677559912854
2665,638.0323147773743,0.0010666506611428871,0.0007619142532348632,0.0004942655563354492,9.238719940185547e-05,0.9709513435003632
2670,639.1894390583038,0.26016233431219005,0.0007600069046020507,0.0005134344100952148,9.636878967285156e-05,0.9789397240377633
2675,640.3952188491821,0.009817017672725114,0.0007595300674438476,0.0005182266235351562,9.415149688720703e-05,0.981118373275236
2680,641.5524108409882,0.11917913623116334,0.0007619142532348632,0.0004942655563354492,8.766651153564453e-05,0.9803921568627451
2685,642.7099211215973,0.02479909788822283,0.000599360466003418,0.0002646684646606445,9.570121765136718e-05,0.9818445896877269
2690,643.8727798461914,0.060610861359650416,0.000922083854675293,0.0007478237152099609,9.746551513671875e-05,0.9796659404502541
2695,645.0255470275879,0.013028329111227777,0.0007604837417602539,0.0005086421966552735,9.098052978515626e-05,0.9789397240377633
2700,646.1790738105774,0.008913626756128678,0.0008412837982177734,0.0006282329559326172,9.644031524658203e-05,0.9753086419753086
2705,647.3801758289337,0.005562118796547111,0.0006787300109863282,0.0003986358642578125,8.668899536132813e-05,0.9738562091503268
2710,648.5329186916351,0.06671256065455963,0.0006801605224609375,0.0003842592239379883,9.143352508544922e-05,0.9724037763253449
2715,649.6884469985962,0.0012054696657287423,0.0010024070739746093,0.0008722066879272461,9.696483612060547e-05,0.9687726942628904
2720,650.8452579975128,0.34683953719377314,0.0007604837417602539,0.0005086421966552735,9.868144989013671e-05,0.9738562091503268
2725,652.0071477890015,0.02448959536850879,0.0006792068481445313,0.0003938436508178711,9.355545043945312e-05,0.9840232389251997
2730,653.1758668422699,0.022999978715307633,0.0008403301239013672,0.0006378173828125,9.012222290039062e-05,0.9825708061002179
2735,654.3837509155273,0.06395621972096847,0.000760960578918457,0.0005038499832153321,9.486675262451171e-05,0.9796659404502541
2740,655.5394477844238,0.02685043468075605,0.0006003141403198242,0.00025508403778076174,9.19342041015625e-05,0.9774872912127814
2745,656.6949620246887,0.014232478062342579,0.0007595300674438476,0.0005182266235351562,9.248256683349609e-05,0.9745824255628177
2750,657.852019071579,0.04291113689564554,0.0009211301803588867,0.0007574081420898438,9.949207305908203e-05,0.9724037763253449
2755,659.0058147907257,0.02804332674181893,0.0006811141967773438,0.00037467479705810547,9.601116180419922e-05,0.9731299927378358
2760,660.161792755127,2.8610243703042214e-07,0.0007619142532348632,0.0004942655563354492,9.410381317138672e-05,0.9753086419753086
2765,661.326691865921,0.008764336627791636,0.0007595300674438476,0.0005182266235351562,9.217262268066407e-05,0.9782135076252724
2770,662.5277309417725,0.011412322479756654,0.0007600069046020507,0.0005134344100952148,8.98599624633789e-05,0.9789397240377633
2775,663.7034678459167,0.06160717392584729,0.0007600069046020507,0.0005134344100952148,9.329319000244141e-05,0.9789397240377633
2780,664.961354970932,0.023915716775081818,0.0011635303497314453,0.001116180419921875,0.00010066032409667968,0.9789397240377633
2785,666.2036719322205,0.00013745717533311108,0.0005998373031616211,0.0002598762512207031,0.00010290145874023438,0.9782135076252724
2790,667.3454449176788,0.02607220005738924,0.0007600069046020507,0.0005134344100952148,8.885860443115234e-05,0.9789397240377633
2795,668.4937858581543,0.002282478073357197,0.0006806373596191407,0.00037946701049804685,9.21010971069336e-05,0.981118373275236
2800,669.6834037303925,0.03075895031224718,0.0005979299545288086,0.00027904510498046877,9.496212005615235e-05,0.9796659404502541
2805,670.8301289081573,0.011829977668855917,0.0009211301803588867,0.0007574081420898438,9.350776672363281e-05,0.9803921568627451
2810,671.9710688591003,0.03179468695991829,0.0009216070175170898,0.0007526159286499023,9.55820083618164e-05,0.9782135076252724
2815,673.1144578456879,0.4563872605850534,0.0010024070739746093,0.0008722066879272461,9.410381317138672e-05,0.981118373275236
2820,674.2586588859558,0.1600449552628561,0.0007600069046020507,0.0005134344100952148,8.652210235595703e-05,0.9818445896877269
2825,675.4058110713959,0.034063478742638154,0.0008412837982177734,0.0006282329559326172,8.776187896728516e-05,0.9782135076252724
2830,676.5914528369904,0.013186841664736448,0.0007600069046020507,0.0005134344100952148,8.771419525146484e-05,0.9767610748002905
2835,677.7362959384918,0.0017469964847819596,0.000839853286743164,0.0006426095962524414,8.766651153564453e-05,0.9760348583877996
2840,678.8810379505157,0.10969346280035097,0.000760960578918457,0.0005038499832153321,9.570121765136718e-05,0.9767610748002905
2845,680.0078899860382,0.01173501290618617,0.000599360466003418,0.0002646684646606445,9.29117202758789e-05,0.9753086419753086
2850,681.1481077671051,0.0006960987135414598,0.0006801605224609375,0.0003842592239379883,9.462833404541015e-05,0.9753086419753086
2855,682.2907569408417,0.08040803819898201,0.0008412837982177734,0.0006282329559326172,8.478164672851563e-05,0.9745824255628177
2860,683.4621379375458,0.02182766348180678,0.0008403301239013672,0.0006378173828125,9.279251098632812e-05,0.9738562091503268
2865,684.5987858772278,0.1384366233835294,0.000760960578918457,0.0005038499832153321,8.733272552490235e-05,0.9702251270878722
2870,685.7464001178741,0.03533399855241441,0.0008408069610595703,0.0006330251693725586,9.567737579345703e-05,0.9673202614379085
2875,686.8883409500122,5.602948112937156e-06,0.0007604837417602539,0.0005086421966552735,8.869171142578125e-05,0.9658678286129266
2880,688.0339720249176,0.07426434275694191,0.0006792068481445313,0.0003938436508178711,9.055137634277344e-05,0.9694989106753813
2885,689.1743366718292,0.011771449120919897,0.0006792068481445313,0.0003938436508178711,8.869171142578125e-05,0.9724037763253449
2890,690.3625700473785,0.027608866027370026,0.0006796836853027344,0.0003890514373779297,9.59634780883789e-05,0.9767610748002905
2895,691.5048348903656,0.409680191718553,0.0007590532302856445,0.0005230188369750976,9.629726409912109e-05,0.981118373275236
2900,692.6421308517456,0.0006393757846581138,0.0007595300674438476,0.0005182266235351562,9.02414321899414e-05,0.9767610748002905
2905,693.7866408824921,0.07682704836259972,0.001001453399658203,0.0008817911148071289,8.800029754638672e-05,0.9760348583877996
2910,694.9143660068512,0.12908811386520255,0.0006792068481445313,0.0003938436508178711,9.374618530273437e-05,0.9738562091503268
2915,696.0518028736115,0.008521088026466828,0.0007595300674438476,0.0005182266235351562,9.136199951171875e-05,0.9651416122004357
2920,697.187665939331,0.04152075800198105,0.0006792068481445313,0.0003938436508178711,9.391307830810546e-05,0.9651416122004357
2925,698.3740077018738,0.16652787484199508,0.0008393764495849609,0.0006474018096923828,8.81195068359375e-05,0.9702251270878722
2930,699.4933319091797,0.07667316794395732,0.0009216070175170898,0.0007526159286499023,9.424686431884766e-05,0.9774872912127814
2935,700.6274240016937,0.00927579812739907,0.0008408069610595703,0.0006330251693725586,8.437633514404296e-05,0.9760348583877996
2940,701.7687108516693,0.0017972699020901927,0.000922083854675293,0.0007478237152099609,8.90493392944336e-05,0.9760348583877996
2945,702.8956129550934,0.025907018478039844,0.0006787300109863282,0.0003986358642578125,9.419918060302735e-05,0.9753086419753086
2950,704.0264027118683,9.072232946039093e-06,0.0008412837982177734,0.0006282329559326172,9.65118408203125e-05,0.9774872912127814
2955,705.1993179321289,0.11161897222245898,0.0008403301239013672,0.0006378173828125,9.10043716430664e-05,0.9760348583877996
2960,706.3295888900757,0.06732673809483458,0.0008408069610595703,0.0006330251693725586,9.195804595947265e-05,0.9760348583877996
2965,707.4550228118896,0.0037086933853075267,0.0008412837982177734,0.0006282329559326172,8.823871612548829e-05,0.9738562091503268
2970,708.5859799385071,0.001789415035456443,0.000760960578918457,0.0005038499832153321,8.98599624633789e-05,0.9731299927378358
2975,709.7119219303131,0.3128247344166084,0.0006801605224609375,0.0003842592239379883,9.505748748779297e-05,0.9782135076252724
2980,710.8359959125519,0.10268986276350915,0.0007600069046020507,0.0005134344100952148,9.641647338867187e-05,0.9825708061002179
2985,712.0108637809753,0.04341869280027595,0.0006792068481445313,0.0003938436508178711,9.179115295410156e-05,0.9803921568627451
2990,713.1425449848175,0.002612648905096648,0.0006787300109863282,0.0003986358642578125,9.613037109375e-05,0.9767610748002905
2995,714.2711818218231,0.0009097364790932261,0.0009216070175170898,0.0007526159286499023,9.264945983886719e-05,0.9694989106753813
3000,715.3958089351654,0.14431960098154378,0.000922083854675293,0.0007478237152099609,9.72747802734375e-05,0.9738562091503268
3005,716.5254280567169,0.13161804925414344,0.0006792068481445313,0.0003938436508178711,9.539127349853516e-05,0.9731299927378358
3010,717.6589269638062,0.08355335593227409,0.0009206533432006836,0.0007622003555297852,9.057521820068359e-05,0.971677559912854
3015,718.7846517562866,0.09582586780384332,0.0006796836853027344,0.0003890514373779297,9.849071502685547e-05,0.9694989106753813
3020,719.957202911377,0.07180049717682664,0.0005988836288452149,0.00026946067810058595,9.191036224365234e-05,0.9694989106753813
3025,721.0877869129181,0.16887039784394348,0.0008403301239013672,0.0006378173828125,9.045600891113281e-05,0.9731299927378358
3030,722.2151560783386,0.05998949632048607,0.0006806373596191407,0.00037946701049804685,9.617805480957031e-05,0.9687726942628904
3035,723.3423669338226,0.7676504686474814,0.0006796836853027344,0.0003890514373779297,8.73565673828125e-05,0.9745824255628177
3040,724.4758417606354,0.01703294552866197,0.0006801605224609375,0.0003842592239379883,9.119510650634766e-05,0.9832970225127088
3045,725.6243147850037,0.22154554358166934,0.0009211301803588867,0.0007574081420898438,0.00010640621185302735,0.9803921568627451
3050,726.8643169403076,0.07727750400242143,0.000839853286743164,0.0006426095962524414,0.00010235309600830078,0.9825708061002179
3055,728.0292990207672,0.017254512105142793,0.0006792068481445313,0.0003938436508178711,9.262561798095703e-05,0.981118373275236
3060,729.1851987838745,0.010899765966516383,0.0008408069610595703,0.0006330251693725586,9.67264175415039e-05,0.9782135076252724
3065,730.3327310085297,0.00017225020595503792,0.0010827302932739258,0.0009965896606445312,9.150505065917969e-05,0.9767610748002905
3070,731.4789528846741,0.18393963960661494,0.0006801605224609375,0.0003842592239379883,9.772777557373046e-05,0.9774872912127814
3075,732.6241180896759,0.20779323578590264,0.0008417606353759765,0.0006234407424926758,9.338855743408203e-05,0.9803921568627451
3080,733.8483369350433,0.14034337322229362,0.0007600069046020507,0.0005134344100952148,9.360313415527344e-05,0.9789397240377633
3085,735.063530921936,0.050323221295548136,0.0007600069046020507,0.0005134344100952148,0.00011234283447265625,0.9789397240377633
3090,736.3399758338928,0.0004919961207988877,0.0008412837982177734,0.0006282329559326172,0.00012667179107666015,0.9789397240377633
3095,737.6010377407074,0.013500585780434449,0.0006787300109863282,0.0003986358642578125,0.00010473728179931641,0.9789397240377633
3100,738.7453997135162,0.1839392908023001,0.0008408069610595703,0.0006330251693725586,9.446144104003906e-05,0.9782135076252724
3105,739.9124648571014,0.01669605409899333,0.0008412837982177734,0.0006282329559326172,0.0001150369644165039,0.9782135076252724
3110,741.1564979553223,0.014326580773922615,0.0006796836853027344,0.0003890514373779297,0.00010175704956054688,0.9782135076252724
3115,742.3027288913727,0.00385338170499665,0.0007604837417602539,0.0005086421966552735,9.524822235107422e-05,0.9782135076252724
3120,743.4310429096222,0.0030586977081853207,0.000760960578918457,0.0005038499832153321,8.866786956787109e-05,0.9782135076252724
3125,744.5895698070526,0.00080756239767652,0.000922083854675293,0.0007478237152099609,9.462833404541015e-05,0.9782135076252724
3130,745.8325428962708,0.019309798248653465,0.0007595300674438476,0.0005182266235351562,0.00011017322540283204,0.9782135076252724
3135,747.0134439468384,0.31658894308020535,0.0007600069046020507,0.0005134344100952148,8.919239044189454e-05,0.9782135076252724
3140,748.1901469230652,7.694805572242558e-05,0.0008417606353759765,0.0006234407424926758,8.883476257324219e-05,0.9818445896877269
3145,749.3914058208466,0.08137402609721107,0.0010024070739746093,0.0008722066879272461,9.372234344482422e-05,0.9847494553376906
3150,750.5902719497681,1.8937943129060385e-05,0.0007595300674438476,0.0005182266235351562,9.338855743408203e-05,0.9847494553376906
3155,751.7433259487152,0.2080492520777625,0.0006787300109863282,0.0003986358642578125,9.407997131347657e-05,0.9832970225127088
3160,752.8963239192963,0.0025401671405802517,0.0008412837982177734,0.0006282329559326172,0.00010304450988769531,0.9840232389251997
3165,754.0424599647522,0.044503994521119236,0.0009201765060424805,0.0007669925689697266,9.360313415527344e-05,0.9825708061002179
3170,755.192364692688,0.026725252063694426,0.0010009765625,0.0008865833282470703,9.808540344238281e-05,0.9796659404502541
3175,756.388426065445,0.0023262247872509077,0.0007604837417602539,0.0005086421966552735,9.613037109375e-05,0.9789397240377633
3180,757.526124715805,0.004881763615063051,0.0007604837417602539,0.0005086421966552735,0.0001007080078125,0.9789397240377633
3185,758.6771938800812,0.00922584253131049,0.0006792068481445313,0.0003938436508178711,9.517669677734375e-05,0.9782135076252724
3190,759.8092138767242,0.005950729065098415,0.0007600069046020507,0.0005134344100952148,9.152889251708984e-05,0.9782135076252724
3195,760.9659109115601,0.015676312136997696,0.0006796836853027344,0.0003890514373779297,8.707046508789062e-05,0.9782135076252724
3200,762.1124858856201,0.0008975894667145213,0.0008417606353759765,0.0006234407424926758,9.353160858154297e-05,0.9782135076252724
3205,763.3037519454956,0.004425925143061704,0.0005984067916870117,0.00027425289154052733,9.2315673828125e-05,0.9789397240377633
3210,764.4570729732513,0.16770547516644144,0.0007600069046020507,0.0005134344100952148,9.17673110961914e-05,0.9854756717501816
3215,765.6173551082611,0.2760647773757114,0.0007590532302856445,0.0005230188369750976,9.160041809082031e-05,0.9832970225127088
3220,766.7620160579681,9.834150479264281e-05,0.0008408069610595703,0.0006330251693725586,9.918212890625e-05,0.9818445896877269
3225,767.9162819385529,0.00013873624880034185,0.0008408069610595703,0.0006330251693725586,9.72747802734375e-05,0.9796659404502541
3230,769.0433437824249,0.0006278722676825055,0.0007604837417602539,0.0005086421966552735,9.143352508544922e-05,0.9774872912127814
3235,770.1773960590363,0.03826430281776538,0.0009206533432006836,0.0007622003555297852,9.617805480957031e-05,0.9767610748002905
3240,771.372936964035,0.08525454247783273,0.000760960578918457,0.0005038499832153321,9.839534759521484e-05,0.9818445896877269
3245,772.5171227455139,0.003572169470544395,0.0007600069046020507,0.0005134344100952148,9.088516235351562e-05,0.9832970225127088
3250,773.6654946804047,0.001954535031109117,0.000760960578918457,0.0005038499832153321,9.21010971069336e-05,0.9840232389251997
3255,774.8110208511353,0.0034246877792895704,0.0010019302368164062,0.0008769989013671875,8.988380432128906e-05,0.9862018881626725
3260,776.0808148384094,0.029776689829304814,0.0006787300109863282,0.0003986358642578125,0.00013039112091064453,0.9840232389251997
3265,777.2359187602997,0.000426323300803233,0.0008417606353759765,0.0006234407424926758,9.272098541259765e-05,0.9862018881626725
3270,778.4226830005646,0.09344822124986649,0.0008408069610595703,0.0006330251693725586,0.00010216236114501953,0.9854756717501816
3275,779.561999797821,0.007170130134016972,0.0009216070175170898,0.0007526159286499023,9.179115295410156e-05,0.9818445896877269
3280,780.7024137973785,0.12168441789431768,0.0006796836853027344,0.0003890514373779297,8.559226989746094e-05,0.9840232389251997
3285,781.8468260765076,0.04510868880942098,0.0006796836853027344,0.0003890514373779297,9.319782257080078e-05,0.9840232389251997
3290,782.9713878631592,0.003609913504760698,0.0006796836853027344,0.0003890514373779297,9.856224060058593e-05,0.9847494553376906
3295,784.1165347099304,0.020294679964746366,0.0008408069610595703,0.0006330251693725586,9.796619415283203e-05,0.9832970225127088
3300,785.3033239841461,0.015563970428776486,0.0008408069610595703,0.0006330251693725586,9.393692016601562e-05,0.9818445896877269
3305,786.4331259727478,7.438435575437551e-05,0.000760960578918457,0.0005038499832153321,9.548664093017578e-05,0.9789397240377633
3310,787.5732307434082,0.005655137602846594,0.0009225606918334961,0.0007430315017700195,9.512901306152344e-05,0.9782135076252724
3315,788.7190537452698,0.03210132406399566,0.0006792068481445313,0.0003938436508178711,9.293556213378907e-05,0.9767610748002905
3320,789.8608458042145,0.0024066420115616436,0.0005998373031616211,0.0002598762512207031,9.758472442626953e-05,0.9760348583877996
3325,791.0129659175873,0.007224310313119986,0.0007600069046020507,0.0005134344100952148,9.818077087402344e-05,0.9731299927378358
3330,792.1921617984772,0.0034513834863901137,0.0007600069046020507,0.0005134344100952148,9.398460388183593e-05,0.9731299927378358
3335,793.3433089256287,0.0017652464572748272,0.001001453399658203,0.0008817911148071289,9.546279907226562e-05,0.9724037763253449
3340,794.4909677505493,0.00045695938460994513,0.0008403301239013672,0.0006378173828125,0.0001008749008178711,0.9724037763253449
3345,795.6308238506317,0.4493077586810614,0.0010019302368164062,0.0008769989013671875,9.505748748779297e-05,0.9803921568627451
3350,796.7598569393158,0.0015419715997268212,0.000760960578918457,0.0005038499832153321,9.222030639648438e-05,0.9847494553376906
3355,797.9011089801788,0.010054683103999196,0.000760960578918457,0.0005038499832153321,9.629726409912109e-05,0.9840232389251997
3360,799.1004159450531,0.008107181219565973,0.0007600069046020507,0.0005134344100952148,9.260177612304687e-05,0.9840232389251997
3365,800.2213587760925,3.5506592509193526e-05,0.0008408069610595703,0.0006330251693725586,8.883476257324219e-05,0.9840232389251997
3370,801.3633711338043,0.1606546458788216,0.0006811141967773438,0.00037467479705810547,9.1552734375e-05,0.9840232389251997
3375,802.5033059120178,0.015886719246645954,0.0005998373031616211,0.0002598762512207031,9.646415710449219e-05,0.9832970225127088
3380,803.6547091007233,0.1201688211056137,0.0010019302368164062,0.0008769989013671875,9.343624114990234e-05,0.9854756717501816
3385,804.8007569313049,0.009084604053329315,0.0006801605224609375,0.0003842592239379883,9.312629699707032e-05,0.9832970225127088
3390,805.9640457630157,0.0009158646719697571,0.0008408069610595703,0.0006330251693725586,9.148120880126953e-05,0.9840232389251997
3395,807.1621589660645,0.0019425711041577642,0.0007600069046020507,0.0005134344100952148,8.487701416015625e-05,0.9847494553376906
3400,808.3076937198639,0.0652262136821264,0.0006801605224609375,0.0003842592239379883,9.584426879882812e-05,0.9840232389251997
3405,809.4559569358826,7.714541588939028e-05,0.0009216070175170898,0.0007526159286499023,9.207725524902343e-05,0.9832970225127088
3410,810.5885629653931,0.1276699682348422,0.0007604837417602539,0.0005086421966552735,9.734630584716797e-05,0.9832970225127088
3415,811.7357556819916,0.012390400865116646,0.0006792068481445313,0.0003938436508178711,9.791851043701172e-05,0.9825708061002179
3420,812.884358882904,0.03552312299616887,0.0009211301803588867,0.0007574081420898438,9.539127349853516e-05,0.9832970225127088
3425,814.088075876236,0.01907124519563581,0.000760960578918457,0.0005038499832153321,8.721351623535157e-05,0.9840232389251997
3430,815.2357909679413,0.00012470193179296983,0.0006003141403198242,0.00025508403778076174,9.000301361083984e-05,0.9847494553376906
3435,816.3791899681091,0.011952835694012265,0.0007590532302856445,0.0005230188369750976,9.276866912841797e-05,0.9847494553376906
3440,817.507649898529,0.015560106160594955,0.0009216070175170898,0.0007526159286499023,9.353160858154297e-05,0.9840232389251997
3445,818.6508188247681,0.010111778242026049,0.0007614374160766601,0.0004990577697753906,8.94308090209961e-05,0.9847494553376906