#{"solver": {"engine": {"type": "ExactEngine"}, "semiring": "GraphSemiring"}, "networks": [{"name": "perc_net_version_0_baseline", "module": "AD_V0_baseline_net(\n  (conv1): Conv2d(3, 6, kernel_size=(5, 5), stride=(1, 1))\n  (pool): MaxPool2d(kernel_size=2, stride=2, padding=0, dilation=1, ceil_mode=False)\n  (conv2): Conv2d(6, 16, kernel_size=(5, 5), stride=(1, 1))\n  (fc1): Linear(in_features=400, out_features=120, bias=True)\n  (fc2): Linear(in_features=120, out_features=84, bias=True)\n  (fc3): Linear(in_features=84, out_features=3, bias=True)\n  (softmax): Softmax(dim=-1)\n)", "optimizer": "Adam (\nParameter Group 0\n    amsgrad: False\n    betas: (0.9, 0.999)\n    capturable: False\n    differentiable: False\n    eps: 1e-08\n    foreach: None\n    fused: None\n    lr: 0.001\n    maximize: False\n    weight_decay: 0\n)", "k": null}], "program": "nn(perc_net_version_0_baseline,[Img],X,[0, 1, 2])::action(Img,X).\nautonomous_driving_baseline(Img,X) :- action(Img,X).\n"}
#Accuracy 0.9825581395348837
i,time,loss,ground_time,compile_time,eval_time,accuracy
5,0.03390789031982422,0.8786849021911621,0.00040094852447509767,0.0001245737075805664,0.0001157999038696289,0.3372093023255814
10,0.735015869140625,1.088029956817627,0.0005273580551147461,0.00016794204711914062,0.00010857582092285156,0.3372093023255814
15,1.415248155593872,1.111825156211853,0.0005207300186157226,0.00017728805541992188,0.00010509490966796875,0.3372093023255814
20,2.1442291736602783,1.1408552289009095,0.000447845458984375,0.00013968944549560546,0.00010917186737060546,0.3372093023255814
25,2.819110870361328,1.1002999544143677,0.00046706199645996094,0.00014066696166992188,0.00010144710540771484,0.3372093023255814
30,3.500770092010498,1.1050845742225648,0.0005366325378417969,0.0001829385757446289,0.00010764598846435547,0.3372093023255814
35,4.182545900344849,1.1067001581192017,0.0004604339599609375,0.00015001296997070314,0.00010142326354980468,0.5436046511627907
40,4.85754919052124,1.0936147093772888,0.0004796504974365234,0.00015099048614501952,0.00010058879852294921,0.3241279069767442
45,5.526637077331543,1.0793880581855775,0.00048627853393554685,0.0001416444778442383,0.00010311603546142578,0.3241279069767442
50,6.19566011428833,1.1018554091453552,0.0005048274993896485,0.00017163753509521484,0.00010285377502441406,0.3241279069767442
55,6.870841026306152,1.1000998377799989,0.0005114555358886718,0.0001622915267944336,0.0001008749008178711,0.36046511627906974
60,7.539597034454346,1.0510078191757202,0.0004703760147094727,0.00013599395751953124,0.00010924339294433593,0.3313953488372093
65,8.212625980377197,1.0921410918235779,0.0005300045013427734,0.00019228458404541016,0.00010921955108642579,0.6511627906976745
70,8.882182836532593,1.0698338508605958,0.0005432605743408203,0.00017359256744384766,0.00010361671447753907,0.8430232558139535
75,9.5536949634552,1.0029103100299834,0.0005207300186157226,0.00017728805541992188,0.00010712146759033203,0.5145348837209303
80,10.224478960037231,0.9560597360134124,0.0005240440368652344,0.00017261505126953125,0.00010190010070800781,0.38953488372093026
85,10.900118112564087,0.8454593539237976,0.0005306720733642579,0.00016326904296875,0.00010297298431396484,0.7790697674418605
90,11.568810939788818,0.9160419821739196,0.0004637479782104492,0.0001453399658203125,0.00010387897491455078,0.684593023255814
95,12.286641836166382,0.5234275132417678,0.0004988670349121094,0.00015196800231933593,0.0001089334487915039,0.6700581395348837
100,12.96280813217163,0.616636136174202,0.0005081415176391602,0.0001669645309448242,0.00010929107666015624,0.8197674418604651
105,13.686968088150024,0.40447678975760937,0.0005266904830932617,0.0001969575881958008,0.00011124610900878907,0.7383720930232558
110,14.382220983505249,0.580711504817009,0.00048296451568603517,0.00014631748199462892,0.00011353492736816406,0.8052325581395349
115,15.124841928482056,0.5926335267722607,0.0005339860916137695,0.00015859603881835939,0.00011229515075683594,0.8590116279069767
120,15.864681959152222,0.3536481483373791,0.0004889249801635742,0.00016598701477050782,0.00013127326965332032,0.8561046511627907
125,16.702013969421387,0.2773247963748872,0.0004955530166625977,0.00015664100646972656,9.953975677490234e-05,0.8604651162790697
130,17.422011852264404,0.4410621920542326,0.0005114555358886718,0.0001622915267944336,0.00010502338409423828,0.8575581395348837
135,18.093441009521484,0.24093069247392124,0.0005015134811401367,0.00017631053924560547,0.00010325908660888672,0.8372093023255814
140,18.772496223449707,0.22632696036412198,0.0005180835723876953,0.00015294551849365234,0.00010483264923095703,0.815406976744186
145,19.439341068267822,0.2770542206048049,0.0005147695541381836,0.00015761852264404297,9.412765502929688e-05,0.7965116279069767
150,20.097519159317017,0.8065739526883817,0.00048627853393554685,0.0001416444778442383,0.00010607242584228515,0.7616279069767442
155,20.75824213027954,0.7769341776845977,0.0005558490753173828,0.0001839160919189453,0.00010061264038085938,0.876453488372093
160,21.438501119613647,0.2764872394605845,0.0005273580551147461,0.00016794204711914062,0.00011072158813476562,0.8590116279069767
165,22.104969024658203,0.48554920854148803,0.0004796504974365234,0.00015099048614501952,0.000102996826171875,0.8575581395348837
170,22.774959087371826,0.49521939633414147,0.0005306720733642579,0.00016326904296875,0.00011372566223144531,0.8502906976744186
175,23.48498296737671,0.47560509742315843,0.00048627853393554685,0.0001416444778442383,0.00010769367218017578,0.8691860465116279
180,24.14899206161499,0.6523880302624093,0.0004955530166625977,0.00015664100646972656,9.915828704833984e-05,0.8880813953488372
185,24.81813907623291,0.1321702358109178,0.0005558490753173828,0.0001839160919189453,0.00010857582092285156,0.877906976744186
190,25.48885703086853,0.39424646843399386,0.0004922389984130859,0.0001613140106201172,0.00010199546813964844,0.8575581395348837
195,26.166330099105835,0.3174651816021651,0.0004988670349121094,0.00015196800231933593,0.00011935234069824219,0.8517441860465116
200,26.855454921722412,0.21542031537974254,0.0004637479782104492,0.0001453399658203125,0.00010058879852294921,0.8531976744186046
205,27.532966136932373,0.7089028686685197,0.0005207300186157226,0.00017728805541992188,0.00010857582092285156,0.8648255813953488
210,28.20096206665039,0.2794424636696931,0.0004955530166625977,0.00015664100646972656,0.00010323524475097656,0.8662790697674418
215,28.8732271194458,0.3237260373265599,0.0004988670349121094,0.00015196800231933593,0.00010120868682861328,0.8924418604651163
220,29.546022176742554,0.20018272227607667,0.0005240440368652344,0.00017261505126953125,0.00010101795196533203,0.8982558139534884
225,30.217263221740723,0.1061308522395393,0.0005114555358886718,0.0001622915267944336,0.00011146068572998047,0.9026162790697675
230,30.887813806533813,0.9081529168352972,0.0004922389984130859,0.0001613140106201172,0.00011928081512451172,0.9040697674418605
235,31.559226036071777,0.2241522063035518,0.0005081415176391602,0.0001669645309448242,0.00010368824005126953,0.8968023255813954
240,32.23169207572937,0.677417405754386,0.0004988670349121094,0.00015196800231933593,0.00010066032409667968,0.8866279069767442
245,32.89754605293274,0.42342221005819736,0.00048627853393554685,0.0001416444778442383,0.00010309219360351562,0.8895348837209303
250,33.568549156188965,0.27387095656304156,0.00048296451568603517,0.00014631748199462892,0.00010411739349365234,0.876453488372093
255,34.236560106277466,0.2605979872474563,0.0004856109619140625,0.00017066001892089843,0.00010449886322021485,0.8648255813953488
260,34.95109415054321,0.5138281004750752,0.0005306720733642579,0.00016326904296875,0.00010480880737304688,0.872093023255814
265,35.62194895744324,0.21424736564622435,0.00047633647918701174,0.00015566349029541015,0.00010478496551513672,0.8793604651162791
270,36.31230425834656,0.9358177895192057,0.0005207300186157226,0.00017728805541992188,0.00010766983032226563,0.8808139534883721
275,36.98007607460022,0.21047068841580768,0.0005180835723876953,0.00015294551849365234,0.0001070261001586914,0.8953488372093024
280,37.651787996292114,0.2668736781255575,0.0004988670349121094,0.00015196800231933593,9.97781753540039e-05,0.9084302325581395
285,38.32447910308838,0.3493582951949065,0.0005081415176391602,0.0001669645309448242,9.911060333251953e-05,0.9084302325581395
290,38.99378991127014,0.18424508288826474,0.0005399465560913086,0.0001782655715942383,9.865760803222657e-05,0.9113372093023255
295,39.66124486923218,0.22335891371013758,0.0004889249801635742,0.00016598701477050782,0.00010180473327636719,0.9011627906976745
300,40.334075927734375,0.27014839689218206,0.0005081415176391602,0.0001669645309448242,0.00010514259338378906,0.877906976744186
305,40.99604821205139,0.39832736149257925,0.0004922389984130859,0.0001613140106201172,0.00010392665863037109,0.876453488372093
310,41.656984090805054,0.21589393533040493,0.00048627853393554685,0.0001416444778442383,9.653568267822265e-05,0.875
315,42.310851097106934,0.7450840862109545,0.0005240440368652344,0.00017261505126953125,0.00010166168212890624,0.9084302325581395
320,42.96874284744263,0.24451674637069232,0.0005141019821166993,0.00018663406372070311,0.00010154247283935546,0.8924418604651163
325,43.62054514884949,0.03772247888118727,0.000546574592590332,0.00016891956329345703,9.984970092773438e-05,0.8997093023255814
330,44.27715301513672,0.05830765606499426,0.0005399465560913086,0.0001782655715942383,0.00010058879852294921,0.9069767441860465
335,44.93535804748535,0.15081996803578476,0.0004796504974365234,0.00015099048614501952,0.00010697841644287109,0.9026162790697675
340,45.59110713005066,0.42647708373842763,0.0005459070205688476,0.0001979351043701172,9.996891021728516e-05,0.8924418604651163
345,46.31957817077637,0.1771538702960413,0.0005333185195922852,0.00018761157989501953,0.00011408329010009766,0.7994186046511628
350,46.98747491836548,0.11572816752477592,0.0005114555358886718,0.0001622915267944336,0.00010347366333007812,0.7703488372093024
355,47.64830493927002,0.02243941321503371,0.0005114555358886718,0.0001622915267944336,0.00010149478912353515,0.7776162790697675
360,48.30482506752014,0.0052408331124865985,0.0005081415176391602,0.0001669645309448242,9.9945068359375e-05,0.7994186046511628
365,48.95952796936035,0.4768250173263368,0.00047633647918701174,0.00015566349029541015,0.00011241436004638672,0.8561046511627907
370,49.61554193496704,0.31716678680832044,0.00046706199645996094,0.00014066696166992188,9.97781753540039e-05,0.876453488372093
375,50.27458906173706,0.2785080842881172,0.0005207300186157226,0.00017728805541992188,0.00010156631469726562,0.8851744186046512
380,50.93487524986267,0.186129392200246,0.000447845458984375,0.00013968944549560546,9.903907775878906e-05,0.8880813953488372
385,51.59010720252991,0.17300196547371485,0.0004955530166625977,0.00015664100646972656,9.949207305908203e-05,0.8982558139534884
390,52.23416614532471,0.23873802865928156,0.0004955530166625977,0.00015664100646972656,0.00010104179382324219,0.9127906976744186
395,52.88015103340149,0.623414845147272,0.0005081415176391602,0.0001669645309448242,9.655952453613281e-05,0.9055232558139535
400,53.527557134628296,0.3567116271707391,0.00048296451568603517,0.00014631748199462892,9.725093841552734e-05,0.9040697674418605
405,54.172792196273804,0.0913798899587448,0.0004955530166625977,0.00015664100646972656,9.148120880126953e-05,0.8895348837209303
410,54.81801390647888,0.24720180769099898,0.0005366325378417969,0.0001829385757446289,9.448528289794922e-05,0.8895348837209303
415,55.463130235672,0.7552522516431054,0.0005240440368652344,0.00017261505126953125,9.374618530273437e-05,0.8938953488372093
420,56.15857195854187,0.3317436999634765,0.0005366325378417969,0.0001829385757446289,0.00010955333709716797,0.9113372093023255
425,56.83514404296875,0.005044141409882741,0.0005114555358886718,0.0001622915267944336,9.987354278564453e-05,0.9098837209302325
430,57.47821307182312,0.11772595774450564,0.0005306720733642579,0.00016326904296875,9.968280792236329e-05,0.9069767441860465
435,58.124086141586304,0.6554329907064812,0.0004604339599609375,0.00015001296997070314,9.148120880126953e-05,0.9098837209302325
440,58.76984906196594,0.11931491346056475,0.0005021810531616211,0.0001472949981689453,9.186267852783203e-05,0.8968023255813954
445,59.41237807273865,0.0757607820682324,0.0005174160003662109,0.0001819610595703125,0.00010867118835449219,0.8880813953488372
450,60.05929112434387,0.042564054541435324,0.0005015134811401367,0.00017631053924560547,0.00010287761688232422,0.8837209302325582
455,60.70676302909851,0.05023713995915387,0.0004988670349121094,0.00015196800231933593,9.95635986328125e-05,0.8822674418604651
460,61.35335087776184,0.36062731168276513,0.0005306720733642579,0.00016326904296875,9.732246398925781e-05,0.8851744186046512
465,61.99210500717163,0.08960615429250537,0.0004922389984130859,0.0001613140106201172,9.679794311523438e-05,0.8822674418604651
470,62.63524007797241,0.47313515793159694,0.0005048274993896485,0.00017163753509521484,0.00010788440704345703,0.9069767441860465
475,63.27721285820007,0.08727457072109387,0.0005114555358886718,0.0001622915267944336,0.00010004043579101563,0.9084302325581395
480,63.91988515853882,0.1250118677388059,0.0005081415176391602,0.0001669645309448242,9.701251983642578e-05,0.9098837209302325
485,64.56417608261108,0.1534579279368174,0.0005114555358886718,0.0001622915267944336,0.00010077953338623047,0.9069767441860465
490,65.20297598838806,0.20701550085796044,0.0005054950714111328,0.0001426219940185547,9.305477142333985e-05,0.9055232558139535
495,65.84474396705627,0.11949283574667788,0.0004988670349121094,0.00015196800231933593,0.00010306835174560547,0.8997093023255814
500,66.56267595291138,0.33087279377505185,0.0005273580551147461,0.00016794204711914062,9.887218475341797e-05,0.9026162790697675
505,67.20970392227173,0.5199063912849965,0.0005399465560913086,0.0001782655715942383,9.894371032714844e-05,0.9040697674418605
510,67.85317993164062,0.5357507809124072,0.0004988670349121094,0.00015196800231933593,9.59634780883789e-05,0.9258720930232558
515,68.49264216423035,0.24767540886824121,0.0004988670349121094,0.00015196800231933593,0.00010056495666503907,0.9113372093023255
520,69.13334918022156,0.134796940709964,0.0005180835723876953,0.00015294551849365234,9.17673110961914e-05,0.9084302325581395
525,69.77627491950989,0.4638119368489271,0.0004889249801635742,0.00016598701477050782,9.582042694091796e-05,0.9156976744186046
530,70.42940998077393,0.3016734085569624,0.0005432605743408203,0.00017359256744384766,9.741783142089844e-05,0.9200581395348837
535,71.0771791934967,0.11311627771067947,0.0004955530166625977,0.00015664100646972656,0.00010347366333007812,0.9200581395348837
540,71.7273120880127,0.15073525374291563,0.0004988670349121094,0.00015196800231933593,0.00010097026824951172,0.9069767441860465
545,72.37431192398071,0.056541493453551084,0.0004604339599609375,0.00015001296997070314,0.00010437965393066407,0.8938953488372093
550,73.05546712875366,0.2581641386235788,0.0005240440368652344,0.00017261505126953125,0.00010616779327392578,0.9084302325581395
555,73.74192094802856,0.1047233771671074,0.0004922389984130859,0.0001613140106201172,0.00010585784912109375,0.9171511627906976
560,74.41114282608032,0.3044701377511956,0.0005147695541381836,0.00015761852264404297,0.0001027822494506836,0.9156976744186046
565,75.10806107521057,0.007447806348682207,0.0005240440368652344,0.00017261505126953125,0.0001207590103149414,0.9229651162790697
570,75.782870054245,0.04896946904484025,0.0004955530166625977,0.00015664100646972656,0.00011870861053466796,0.9229651162790697
575,76.4588851928711,0.5791763645640913,0.0005081415176391602,0.0001669645309448242,0.00010876655578613281,0.9244186046511628
580,77.13385510444641,0.2168707647608926,0.0005081415176391602,0.0001669645309448242,9.965896606445312e-05,0.9244186046511628
585,77.84612989425659,0.1852013346827107,0.00048627853393554685,0.0001416444778442383,0.00010969638824462891,0.9273255813953488
590,78.50132513046265,0.07842316405480573,0.00048627853393554685,0.0001416444778442383,0.00010263919830322266,0.9215116279069767
595,79.17898488044739,0.18755263627981691,0.0004796504974365234,0.00015099048614501952,0.00010714530944824218,0.9113372093023255
600,79.85333395004272,0.4242375983574263,0.0005048274993896485,0.00017163753509521484,0.00010721683502197265,0.9098837209302325
605,80.52514505386353,0.3590867353671001,0.0005273580551147461,0.00016794204711914062,0.00010404586791992187,0.938953488372093
610,81.19455099105835,0.25486765977695713,0.00047633647918701174,0.00015566349029541015,0.00010616779327392578,0.9215116279069767
615,81.85743117332458,0.4839976833481444,0.0005081415176391602,0.0001669645309448242,0.00010082721710205078,0.9215116279069767
620,82.51460313796997,0.25294334281107067,0.0005306720733642579,0.00016326904296875,0.00010704994201660156,0.9258720930232558
625,83.16929888725281,0.525998246489894,0.00048627853393554685,0.0001416444778442383,0.00010080337524414063,0.9258720930232558
630,83.82347702980042,0.07769668545959121,0.0005207300186157226,0.00017728805541992188,0.00010895729064941406,0.9229651162790697
635,84.4840190410614,0.13421335392631734,0.0005240440368652344,0.00017261505126953125,0.00010876655578613281,0.9171511627906976
640,85.13648319244385,0.048588361312260984,0.0004922389984130859,0.0001613140106201172,9.849071502685547e-05,0.9026162790697675
645,85.78919506072998,0.3666512625932228,0.0005081415176391602,0.0001669645309448242,0.0001024007797241211,0.9084302325581395
650,86.44051623344421,0.1760351867500532,0.0004922389984130859,0.0001613140106201172,0.00010077953338623047,0.9127906976744186
655,87.08948612213135,0.20463746651659137,0.00048296451568603517,0.00014631748199462892,0.0001010894775390625,0.9200581395348837
660,87.7386109828949,0.3060623212455539,0.0005366325378417969,0.0001829385757446289,0.00010640621185302735,0.9287790697674418
665,88.38610506057739,0.07406814832211381,0.0005141019821166993,0.00018663406372070311,0.00010778903961181641,0.940406976744186
670,89.08210110664368,0.043750642804845086,0.000546574592590332,0.00016891956329345703,0.00010423660278320312,0.9258720930232558
675,89.7293050289154,0.022136798881365393,0.0005273580551147461,0.00016794204711914062,9.891986846923828e-05,0.9113372093023255
680,90.38131499290466,0.1485518052806924,0.0004955530166625977,0.00015664100646972656,0.00010972023010253906,0.9098837209302325
685,91.03006410598755,0.6156545258389088,0.0005459070205688476,0.0001979351043701172,0.0001016378402709961,0.9127906976744186
690,91.67516708374023,0.2443426826050114,0.0005174160003662109,0.0001819610595703125,0.00010218620300292969,0.8822674418604651
695,92.3650381565094,0.04099618112668395,0.0005273580551147461,0.00016794204711914062,0.00010857582092285156,0.8619186046511628
700,93.04891014099121,0.013066140825094408,0.0005114555358886718,0.0001622915267944336,0.0001123189926147461,0.8328488372093024
705,93.71999216079712,0.07870966817929456,0.0004796504974365234,0.00015099048614501952,0.00010597705841064453,0.8023255813953488
710,94.42176699638367,0.3160405829758247,0.0004889249801635742,0.00016598701477050782,0.0001100778579711914,0.8444767441860465
715,95.18151712417603,0.40712493118210347,0.00048296451568603517,0.00014631748199462892,0.00010271072387695313,0.8633720930232558
720,95.84582090377808,0.15828320054352502,0.0005048274993896485,0.00017163753509521484,0.00010602474212646484,0.8691860465116279
725,96.49342107772827,0.10970196445065312,0.0004511594772338867,0.00013501644134521483,0.00010361671447753907,0.877906976744186
730,97.14702701568604,0.1964787894424603,0.0005081415176391602,0.0001669645309448242,9.448528289794922e-05,0.9026162790697675
735,97.79336190223694,0.994971307375755,0.00048296451568603517,0.00014631748199462892,0.00010235309600830078,0.934593023255814
740,98.47703289985657,0.5622340525480467,0.0005207300186157226,0.00017728805541992188,0.0001062154769897461,0.9302325581395349
745,99.18487811088562,0.3396728117899329,0.0004703760147094727,0.00013599395751953124,0.00010685920715332031,0.9127906976744186
750,99.8451452255249,0.053687022223448365,0.0005081415176391602,0.0001669645309448242,0.00010781288146972656,0.9026162790697675
755,100.50616908073425,0.2025640479871072,0.0005366325378417969,0.0001829385757446289,0.00010862350463867188,0.8938953488372093
760,101.16477799415588,0.9413319375475112,0.0005240440368652344,0.00017261505126953125,9.844303131103515e-05,0.9040697674418605
765,101.82783699035645,0.2276457424932687,0.0005207300186157226,0.00017728805541992188,9.434223175048828e-05,0.9331395348837209
770,102.49005103111267,0.003393475686698366,0.0005273580551147461,0.00016794204711914062,0.00010077953338623047,0.936046511627907
775,103.14901304244995,0.08874822469679203,0.0005147695541381836,0.00015761852264404297,0.00010638236999511718,0.940406976744186
780,103.80856919288635,0.6188456468850859,0.000447845458984375,0.00013968944549560546,0.0001043558120727539,0.934593023255814
785,104.47029209136963,0.07327638477509027,0.0005339860916137695,0.00015859603881835939,0.00010292530059814453,0.9113372093023255
790,105.12676191329956,0.050781983672641216,0.0005107879638671875,0.00019130706787109374,0.00011749267578125,0.8866279069767442
795,105.78568506240845,0.03937311088723163,0.0004922389984130859,0.0001613140106201172,0.00010473728179931641,0.9040697674418605
800,106.46555018424988,0.0517581011466973,0.0004955530166625977,0.00015664100646972656,0.00018694400787353516,0.9055232558139535
805,107.12938284873962,0.30331562495994147,0.0005180835723876953,0.00015294551849365234,0.00011060237884521484,0.9316860465116279
810,107.77795815467834,0.11863468667597772,0.0005174160003662109,0.0001819610595703125,9.720325469970703e-05,0.934593023255814
815,108.43357014656067,0.15099392763852393,0.0004955530166625977,0.00015664100646972656,9.791851043701172e-05,0.934593023255814
820,109.08792901039124,0.15003373128723752,0.0005081415176391602,0.0001669645309448242,9.963512420654296e-05,0.936046511627907
825,109.78623414039612,0.08732444990328077,0.0004955530166625977,0.00015664100646972656,9.55820083618164e-05,0.9316860465116279
830,110.44001197814941,0.06755475650697917,0.0005273580551147461,0.00016794204711914062,0.00010194778442382813,0.9316860465116279
835,111.08926320075989,0.13585780308349057,0.0005054950714111328,0.0001426219940185547,0.00010905265808105468,0.9040697674418605
840,111.74482107162476,0.28176769107833477,0.0005147695541381836,0.00015761852264404297,9.617805480957031e-05,0.9040697674418605
845,112.39595222473145,0.07844269572524354,0.0005240440368652344,0.00017261505126953125,9.856224060058593e-05,0.936046511627907
850,113.04578304290771,0.4367006892984605,0.0005114555358886718,0.0001622915267944336,0.00010125637054443359,0.9447674418604651
855,113.69943022727966,0.12994312316296258,0.0005273580551147461,0.00016794204711914062,9.586811065673829e-05,0.940406976744186
860,114.34828901290894,0.18503858298936535,0.0005021810531616211,0.0001472949981689453,0.00010952949523925781,0.938953488372093
865,114.9991250038147,0.20328790020140558,0.0004988670349121094,0.00015196800231933593,0.00011153221130371094,0.9462209302325582
870,115.64909100532532,0.0019072657411172145,0.0005048274993896485,0.00017163753509521484,0.00011022090911865235,0.9447674418604651
875,116.30130314826965,0.2599130301270648,0.0005147695541381836,0.00015761852264404297,0.00010051727294921876,0.9462209302325582
880,116.97754693031311,0.03207247466907574,0.0005273580551147461,0.00016794204711914062,0.00010175704956054688,0.9476744186046512
885,117.62874007225037,0.1752695998955943,0.0004796504974365234,0.00015099048614501952,0.00010538101196289062,0.9433139534883721
890,118.28279089927673,0.03680073101901371,0.0004604339599609375,0.00015001296997070314,9.768009185791015e-05,0.9433139534883721
895,118.93177914619446,0.02601010533344379,0.0005366325378417969,0.0001829385757446289,9.503364562988282e-05,0.9375
900,119.58968496322632,0.06441893496812838,0.0004988670349121094,0.00015196800231933593,0.00010819435119628907,0.9316860465116279
905,120.2441520690918,0.4356745916927139,0.0004955530166625977,0.00015664100646972656,9.744167327880859e-05,0.9433139534883721
910,120.93744111061096,0.020814802026234248,0.0005273580551147461,0.00016794204711914062,0.00010190010070800781,0.940406976744186
915,121.59545397758484,0.22616511804845202,0.0005048274993896485,0.00017163753509521484,9.951591491699218e-05,0.9418604651162791
920,122.2932801246643,0.4774865985971985,0.0004955530166625977,0.00015664100646972656,0.00011475086212158203,0.9462209302325582
925,123.00336694717407,0.12203523967841931,0.0004955530166625977,0.00015664100646972656,0.00011014938354492188,0.9505813953488372
930,123.6933970451355,0.049985324062583915,0.00048627853393554685,0.0001416444778442383,0.00010275840759277344,0.9549418604651163
935,124.34606409072876,0.22964968932795102,0.0004988670349121094,0.00015196800231933593,0.00011205673217773438,0.9462209302325582
940,124.99998116493225,0.013928529051995042,0.0004796504974365234,0.00015099048614501952,0.00010516643524169922,0.9447674418604651
945,125.65507411956787,0.21114821300878361,0.0005174160003662109,0.0001819610595703125,9.582042694091796e-05,0.9433139534883721
950,126.31379008293152,0.29392412763555453,0.0005021810531616211,0.0001472949981689453,0.00010347366333007812,0.9462209302325582
955,126.99536418914795,0.24185228329516234,0.0005048274993896485,0.00017163753509521484,0.00010933876037597657,0.9505813953488372
960,127.65095925331116,0.3578058642510257,0.0004922389984130859,0.0001613140106201172,0.00010209083557128906,0.9476744186046512
965,128.30339813232422,0.0021949608646536943,0.0005339860916137695,0.00015859603881835939,9.851455688476562e-05,0.9433139534883721
970,128.95422410964966,0.17826786737132352,0.0004988670349121094,0.00015196800231933593,0.0001100301742553711,0.9462209302325582
975,129.60767602920532,0.0361631632155877,0.0005240440368652344,0.00017261505126953125,0.00011255741119384766,0.9549418604651163
980,130.25862503051758,0.1567763603408821,0.0005174160003662109,0.0001819610595703125,0.00010271072387695313,0.9563953488372093
985,130.90794396400452,0.020474887589810465,0.0004922389984130859,0.0001613140106201172,9.984970092773438e-05,0.9578488372093024
990,131.56018996238708,0.13449862322681838,0.0004955530166625977,0.00015664100646972656,0.0001142263412475586,0.9593023255813954
995,132.25729203224182,0.252364229341174,0.0004922389984130859,0.0001613140106201172,0.00010805130004882812,0.9563953488372093
1000,132.8979389667511,0.1276545727926532,0.0004988670349121094,0.00015196800231933593,0.00010275840759277344,0.9607558139534884
1005,133.54735589027405,0.07314092870074092,0.0005240440368652344,0.00017261505126953125,0.00010092258453369141,0.9563953488372093
1010,134.19154000282288,0.01923592141356494,0.0005300045013427734,0.00019228458404541016,0.00010831356048583985,0.9549418604651163
1015,134.83799290657043,0.06281648507322188,0.0005432605743408203,0.00017359256744384766,9.760856628417968e-05,0.9607558139534884
1020,135.48647904396057,0.002421763143208011,0.0005273580551147461,0.00016794204711914062,0.00010678768157958984,0.9607558139534884
1025,136.13459992408752,0.1269019461789867,0.0004922389984130859,0.0001613140106201172,0.00010204315185546875,0.9651162790697675
1030,136.80472707748413,0.07376127069255745,0.0005525350570678711,0.00018858909606933594,0.00010399818420410156,0.9622093023255814
1035,137.45044827461243,0.04717358981156394,0.0005015134811401367,0.00017631053924560547,9.820461273193359e-05,0.9593023255813954
1040,138.09385299682617,0.010213020028464826,0.0005273580551147461,0.00016794204711914062,0.0001068115234375,0.9563953488372093
1045,138.73842787742615,0.0002961938507851869,0.0005240440368652344,0.00017261505126953125,0.00010180473327636719,0.9578488372093024
1050,139.38397407531738,0.0028582169762159993,0.0004637479782104492,0.0001453399658203125,0.00010843276977539063,0.9578488372093024
1055,140.02617406845093,0.0844715926522909,0.0004922389984130859,0.0001613140106201172,9.508132934570313e-05,0.9563953488372093
1060,140.6675500869751,0.14100910790593274,0.0004922389984130859,0.0001613140106201172,0.00010619163513183593,0.9607558139534884
1065,141.3174819946289,0.3014492227535882,0.0004922389984130859,0.0001613140106201172,0.00010116100311279297,0.9665697674418605
1070,142.00278615951538,0.058765345721621995,0.0004385709762573242,0.0001246929168701172,9.469985961914062e-05,0.9636627906976745
1075,142.63581705093384,0.01469889120227208,0.0005081415176391602,0.0001669645309448242,9.419918060302735e-05,0.9636627906976745
1080,143.27201008796692,0.15971135985528234,0.0004955530166625977,0.00015664100646972656,9.806156158447266e-05,0.9607558139534884
1085,143.90826606750488,0.4514907496934029,0.0005081415176391602,0.0001669645309448242,9.810924530029297e-05,0.9651162790697675
1090,144.54453206062317,0.09395120443195992,0.00048296451568603517,0.00014631748199462892,9.834766387939453e-05,0.9651162790697675
1095,145.17873620986938,0.02839991442160823,0.0005207300186157226,0.00017728805541992188,9.729862213134766e-05,0.9651162790697675
1100,145.81482124328613,0.20949244992371235,0.0005273580551147461,0.00016794204711914062,0.00010187625885009766,0.9665697674418605
1105,146.46699690818787,0.0698952913987128,0.0005366325378417969,0.0001829385757446289,0.00028984546661376954,0.9593023255813954
1110,147.1172969341278,0.017725910159232684,0.0005207300186157226,0.00017728805541992188,9.191036224365234e-05,0.9578488372093024
1115,147.7557508945465,0.02305607748203613,0.0005147695541381836,0.00015761852264404297,9.629726409912109e-05,0.9563953488372093
1120,148.38966512680054,0.45625094814316186,0.0004988670349121094,0.00015196800231933593,9.980201721191407e-05,0.9593023255813954
1125,149.0218460559845,0.4426355416013422,0.0004796504974365234,0.00015099048614501952,9.59157943725586e-05,0.9665697674418605
1130,149.65870690345764,0.04139805066737097,0.0005273580551147461,0.00016794204711914062,0.00010061264038085938,0.9462209302325582
1135,150.2971420288086,0.020125843076084494,0.0005015134811401367,0.00017631053924560547,9.913444519042969e-05,0.9287790697674418
1140,150.93657612800598,0.02547038167531355,0.0004889249801635742,0.00016598701477050782,0.00010352134704589843,0.9229651162790697
1145,151.57865595817566,0.04757315581591683,0.0005147695541381836,0.00015761852264404297,9.579658508300782e-05,0.9171511627906976
1150,152.26000690460205,0.06603905386691622,0.0005147695541381836,0.00015761852264404297,9.942054748535156e-05,0.9244186046511628
1155,152.90088295936584,1.0078087476829751,0.0004889249801635742,0.00016598701477050782,9.775161743164062e-05,0.9258720930232558
1160,153.535493850708,0.020598444308262742,0.0005114555358886718,0.0001622915267944336,9.663105010986328e-05,0.9287790697674418
1165,154.17507886886597,0.08985363288848021,0.0005207300186157226,0.00017728805541992188,9.865760803222657e-05,0.936046511627907
1170,154.817636013031,0.06506776042515412,0.0004988670349121094,0.00015196800231933593,0.00010132789611816406,0.936046511627907
1175,155.45894503593445,0.14139153267611845,0.0005273580551147461,0.00016794204711914062,0.00010027885437011719,0.938953488372093
1180,156.1008620262146,0.09177943288523238,0.0004895925521850586,0.00013697147369384766,0.00010004043579101563,0.938953488372093
1185,156.77311515808105,0.051305726208374834,0.0005273580551147461,0.00016794204711914062,0.00010194778442382813,0.9418604651162791
1190,157.41707015037537,0.17042004169197753,0.0005273580551147461,0.00016794204711914062,0.00010387897491455078,0.9447674418604651
1195,158.0596740245819,0.3690938208474449,0.0005081415176391602,0.0001669645309448242,0.00010519027709960937,0.9462209302325582
1200,158.69794607162476,0.17618399854983408,0.0005114555358886718,0.0001622915267944336,9.908676147460938e-05,0.9520348837209303
1205,159.33375310897827,0.074263416755457,0.0005021810531616211,0.0001472949981689453,9.984970092773438e-05,0.9578488372093024
1210,159.96820712089539,0.09617171930895552,0.00048627853393554685,0.0001416444778442383,9.531974792480469e-05,0.9563953488372093
1215,160.60043215751648,0.0026605343539827684,0.0005333185195922852,0.00018761157989501953,9.438991546630859e-05,0.9549418604651163
1220,161.23535585403442,0.15640020476673727,0.0005180835723876953,0.00015294551849365234,9.2315673828125e-05,0.9563953488372093
1225,161.88620400428772,0.05436236647738042,0.0005081415176391602,0.0001669645309448242,9.834766387939453e-05,0.9549418604651163
1230,162.5183711051941,0.20399787628709448,0.0004796504974365234,0.00015099048614501952,9.789466857910157e-05,0.9505813953488372
1235,163.19612216949463,0.02987328002876808,0.0004796504974365234,0.00015099048614501952,9.953975677490234e-05,0.9491279069767442
1240,163.83137607574463,0.06368139783909328,0.0005174160003662109,0.0001819610595703125,9.93967056274414e-05,0.9505813953488372
1245,164.46328902244568,0.03263275505305785,0.00048627853393554685,0.0001416444778442383,9.572505950927734e-05,0.9491279069767442
1250,165.09377217292786,0.31035588939564607,0.0005273580551147461,0.00016794204711914062,9.593963623046874e-05,0.9520348837209303
1255,165.72464609146118,0.007224928035799394,0.0005081415176391602,0.0001669645309448242,9.720325469970703e-05,0.9534883720930233
1260,166.3536241054535,0.2971445974211008,0.0005081415176391602,0.0001669645309448242,9.829998016357422e-05,0.9491279069767442
1265,167.01358318328857,0.21083166112566687,0.0004955530166625977,0.00015664100646972656,9.763240814208984e-05,0.9549418604651163
1270,167.65101599693298,0.05790518329522456,0.0005114555358886718,0.0001622915267944336,0.0001007080078125,0.9622093023255814
1275,168.28931999206543,0.016653577524108697,0.0004703760147094727,0.00013599395751953124,9.522438049316406e-05,0.9593023255813954
1280,168.92463302612305,0.20083495638685492,0.0005114555358886718,0.0001622915267944336,9.505748748779297e-05,0.9578488372093024
1285,169.55972599983215,0.0019486989803709776,0.0004637479782104492,0.0001453399658203125,9.915828704833984e-05,0.9476744186046512
1290,170.19046926498413,0.2400765054124804,0.0005207300186157226,0.00017728805541992188,0.00010046958923339843,0.938953488372093
1295,170.82350897789001,0.30137379106890877,0.0004988670349121094,0.00015196800231933593,9.613037109375e-05,0.9578488372093024
1300,171.45650792121887,0.18854911177841274,0.0005174160003662109,0.0001819610595703125,0.00010535717010498046,0.9694767441860465
1305,172.09004592895508,0.1574868378288116,0.0004988670349121094,0.00015196800231933593,9.369850158691406e-05,0.9651162790697675
1310,172.7202479839325,0.014043475927134352,0.0005147695541381836,0.00015761852264404297,9.822845458984375e-05,0.9636627906976745
1315,173.35023522377014,0.10683582939746401,0.0004988670349121094,0.00015196800231933593,9.78231430053711e-05,0.9680232558139535
1320,174.02572011947632,0.01064272108333455,0.0005399465560913086,0.0001782655715942383,9.949207305908203e-05,0.9636627906976745
1325,174.65452003479004,0.039151037824923664,0.0005141019821166993,0.00018663406372070311,9.548664093017578e-05,0.9651162790697675
1330,175.2833971977234,0.012330175274109933,0.0004796504974365234,0.00015099048614501952,0.00010106563568115234,0.9665697674418605
1335,175.91198587417603,0.05768391346005046,0.00048296451568603517,0.00014631748199462892,9.772777557373046e-05,0.9680232558139535
1340,176.53758096694946,0.20724554871346754,0.0004922389984130859,0.0001613140106201172,9.257793426513672e-05,0.9738372093023255
1345,177.1935338973999,0.05004200096882414,0.0005273580551147461,0.00016794204711914062,0.00010182857513427735,0.9593023255813954
1350,177.82129216194153,0.012017701477908815,0.0005207300186157226,0.00017728805541992188,9.756088256835937e-05,0.9520348837209303
1355,178.4458749294281,0.047315506213885784,0.0005366325378417969,0.0001829385757446289,9.081363677978515e-05,0.9520348837209303
1360,179.07259106636047,0.0013679407690716516,0.0005432605743408203,0.00017359256744384766,0.00010063648223876954,0.9607558139534884
1365,179.69881916046143,0.00011347180057441619,0.0005114555358886718,0.0001622915267944336,9.260177612304687e-05,0.9593023255813954
1370,180.31983304023743,0.08518691529397984,0.0005048274993896485,0.00017163753509521484,0.00010097026824951172,0.9651162790697675
1375,180.93781805038452,0.06537838667549209,0.0005366325378417969,0.0001829385757446289,9.317398071289063e-05,0.9520348837209303
1380,181.55608010292053,0.02484242640686034,0.0005048274993896485,0.00017163753509521484,9.918212890625e-05,0.940406976744186
1385,182.18662810325623,0.00046972593126213267,0.0005273580551147461,0.00016794204711914062,9.148120880126953e-05,0.9200581395348837
1390,182.81235885620117,0.00026716541857751963,0.0005333185195922852,0.00018761157989501953,9.641647338867187e-05,0.9055232558139535
1395,183.4786832332611,0.020481999402306883,0.0004637479782104492,0.0001453399658203125,9.772777557373046e-05,0.9200581395348837
1400,184.10111212730408,0.1001105805572493,0.00046706199645996094,0.00014066696166992188,9.655952453613281e-05,0.9607558139534884
1405,184.71910905838013,0.5618848311044615,0.0005207300186157226,0.00017728805541992188,9.753704071044922e-05,0.9534883720930233
1410,185.44607996940613,0.008649406074808042,0.0004637479782104492,0.0001453399658203125,0.00010073184967041016,0.9622093023255814
1415,186.07155418395996,0.010305081365549995,0.00046706199645996094,0.00014066696166992188,9.963512420654296e-05,0.9694767441860465
1420,186.69792318344116,0.022281629547629224,0.0004955530166625977,0.00015664100646972656,9.157657623291016e-05,0.9680232558139535
1425,187.35140299797058,0.1644129260277623,0.0005048274993896485,0.00017163753509521484,0.00010271072387695313,0.9665697674418605
1430,187.97920894622803,0.3671335504543549,0.0005114555358886718,0.0001622915267944336,9.949207305908203e-05,0.9636627906976745
1435,188.6139440536499,0.1356010824447381,0.0004703760147094727,0.00013599395751953124,9.140968322753906e-05,0.9694767441860465
1440,189.24993801116943,0.03332855170744438,0.0005333185195922852,0.00018761157989501953,0.00010092258453369141,0.9665697674418605
1445,189.88512587547302,0.19832885415382293,0.0005273580551147461,0.00016794204711914062,9.698867797851563e-05,0.9665697674418605
1450,190.52054405212402,0.052851192238541955,0.0005366325378417969,0.0001829385757446289,9.622573852539063e-05,0.9680232558139535
1455,191.15669107437134,0.01801920723295325,0.0005048274993896485,0.00017163753509521484,9.837150573730469e-05,0.9665697674418605
1460,191.80761814117432,0.035570928101515166,0.0005339860916137695,0.00015859603881835939,9.534358978271484e-05,0.9651162790697675
1465,192.46845602989197,0.2292497773098617,0.0004796504974365234,0.00015099048614501952,0.00010442733764648438,0.9665697674418605
1470,193.1278941631317,0.054153065389562015,0.0004796504974365234,0.00015099048614501952,0.00010578632354736328,0.9636627906976745
1475,193.84719800949097,0.15327639158349485,0.0005273580551147461,0.00016794204711914062,0.0001110076904296875,0.9709302325581395
1480,194.53408312797546,0.021820678050198695,0.0005141019821166993,0.00018663406372070311,0.00010876655578613281,0.9680232558139535
1485,195.19375705718994,0.033285449915645415,0.0004796504974365234,0.00015099048614501952,0.00010344982147216796,0.9680232558139535
1490,195.84618401527405,0.04043011407775623,0.0005306720733642579,0.00016326904296875,0.00010943412780761719,0.9680232558139535
1495,196.50880908966064,0.10218977808884233,0.0004955530166625977,0.00015664100646972656,0.00011334419250488281,0.9665697674418605
1500,197.16063117980957,0.3489308401098242,0.0005048274993896485,0.00017163753509521484,0.00010201930999755859,0.9622093023255814
1505,197.80886101722717,0.023407025516650037,0.0005147695541381836,0.00015761852264404297,0.00010676383972167969,0.938953488372093
1510,198.46057105064392,0.060127106590243784,0.0005015134811401367,0.00017631053924560547,9.453296661376953e-05,0.9171511627906976
1515,199.10325598716736,0.014221315567556302,0.0005180835723876953,0.00015294551849365234,0.00010535717010498046,0.9011627906976745
1520,199.74025011062622,0.24766792302307294,0.0005114555358886718,0.0001622915267944336,0.00010249614715576171,0.9127906976744186
1525,200.38582706451416,0.01615035084178231,0.00047369003295898436,0.00013132095336914061,0.00010209083557128906,0.9186046511627907
1530,201.0308759212494,0.24618579043453792,0.0005525350570678711,0.00018858909606933594,0.00010709762573242187,0.9331395348837209
1535,201.67392683029175,0.17271588374728708,0.0005306720733642579,0.00016326904296875,0.00010507106781005859,0.9578488372093024
1540,202.32166290283203,0.18287124587517525,0.0004796504974365234,0.00015099048614501952,9.95635986328125e-05,0.9651162790697675
1545,202.96291828155518,0.08684944052538981,0.0005432605743408203,0.00017359256744384766,9.632110595703125e-05,0.9520348837209303
1550,203.6130759716034,0.11882187738274723,0.00048627853393554685,0.0001416444778442383,0.00010023117065429687,0.9476744186046512
1555,204.25596594810486,0.040384292808006705,0.00048627853393554685,0.0001416444778442383,9.85860824584961e-05,0.9462209302325582
1560,204.94438982009888,9.66802464859029e-06,0.0005492210388183594,0.00019326210021972657,9.40084457397461e-05,0.9462209302325582
1565,205.58636903762817,0.24310499312827147,0.0005114555358886718,0.0001622915267944336,0.00011560916900634765,0.9549418604651163
1570,206.22917985916138,0.2593029366491962,0.0004955530166625977,0.00015664100646972656,9.794235229492188e-05,0.9607558139534884
1575,206.86207008361816,0.015546273679343869,0.0004796504974365234,0.00015099048614501952,0.00010297298431396484,0.9491279069767442
1580,207.50053811073303,0.18247189067208183,0.0004922389984130859,0.0001613140106201172,0.00011143684387207031,0.9375
1585,208.13957500457764,0.008016874429358722,0.0004922389984130859,0.0001613140106201172,9.965896606445312e-05,0.8909883720930233
1590,208.7864179611206,0.10236708220327273,0.0005180835723876953,0.00015294551849365234,9.915828704833984e-05,0.9520348837209303
1595,209.4329240322113,0.26426151096813444,0.0005081415176391602,0.0001669645309448242,0.00010313987731933594,0.9680232558139535
1600,210.07666897773743,0.06340508739989445,0.0005114555358886718,0.0001622915267944336,9.915828704833984e-05,0.9593023255813954
1605,210.72052812576294,0.1934871541110681,0.0005048274993896485,0.00017163753509521484,0.0001035451889038086,0.9476744186046512
1610,211.37526392936707,0.10671511241639706,0.0004988670349121094,0.00015196800231933593,0.00010540485382080079,0.9476744186046512
1615,212.01998686790466,0.028163187544851098,0.0005081415176391602,0.0001669645309448242,0.00010628700256347657,0.9433139534883721
1620,212.67318511009216,0.08076024003679265,0.0004703760147094727,0.00013599395751953124,0.00010287761688232422,0.9447674418604651
1625,213.32315707206726,0.0950234771726997,0.0004988670349121094,0.00015196800231933593,9.737014770507812e-05,0.940406976744186
1630,213.97834396362305,0.006158744328072885,0.00047633647918701174,0.00015566349029541015,0.00010588169097900391,0.9447674418604651
1635,214.63000297546387,0.10051225477516254,0.0005399465560913086,0.0001782655715942383,0.00011031627655029297,0.9462209302325582
1640,215.29144096374512,0.2814305025412992,0.0004796504974365234,0.00015099048614501952,0.00010728836059570312,0.9447674418604651
1645,215.98884105682373,0.3617729465405489,0.0005207300186157226,0.00017728805541992188,0.00011060237884521484,0.9607558139534884
1650,216.64227104187012,0.06028016337697295,0.0005147695541381836,0.00015761852264404297,0.00011708736419677735,0.9622093023255814
1655,217.2967610359192,0.044331732445610325,0.0004988670349121094,0.00015196800231933593,0.00010838508605957032,0.9520348837209303
1660,217.97301983833313,0.015690146527458638,0.0004955530166625977,0.00015664100646972656,0.00011124610900878907,0.9331395348837209
1665,218.65679001808167,0.003648924812114274,0.0005558490753173828,0.0001839160919189453,0.00011222362518310547,0.9200581395348837
1670,219.322429895401,0.08755076098968857,0.0005015134811401367,0.00017631053924560547,0.00011363029479980469,0.9316860465116279
1675,220.00633192062378,0.1205643943888333,0.0004955530166625977,0.00015664100646972656,0.00010571479797363281,0.9244186046511628
1680,220.68019890785217,0.14733284084982756,0.00047633647918701174,0.00015566349029541015,0.00011191368103027343,0.9505813953488372
1685,221.32185125350952,0.09665573907041392,0.00048296451568603517,0.00014631748199462892,0.00010728836059570312,0.9563953488372093
1690,221.95962715148926,0.12395045637570093,0.0005273580551147461,0.00016794204711914062,0.00010085105895996094,0.938953488372093
1695,222.59660506248474,0.06299645634690024,0.0005174160003662109,0.0001819610595703125,0.00010137557983398437,0.9302325581395349
1700,223.23098611831665,0.00848697702778054,0.0005558490753173828,0.0001839160919189453,0.00010333061218261718,0.9433139534883721
1705,223.86503911018372,0.0003004683936097763,0.0005399465560913086,0.0001782655715942383,0.00010840892791748047,0.9520348837209303
1710,224.5015959739685,0.17342823128023213,0.00048296451568603517,0.00014631748199462892,0.0001056671142578125,0.9636627906976745
1715,225.1335380077362,0.25408386683593565,0.0005300045013427734,0.00019228458404541016,0.00010952949523925781,0.9651162790697675
1720,225.81442213058472,0.013617053260318812,0.0005366325378417969,0.0001829385757446289,9.648799896240234e-05,0.9709302325581395
1725,226.44651007652283,0.01252984666717083,0.0005081415176391602,0.0001669645309448242,0.00011200904846191407,0.9694767441860465
1730,227.0757920742035,0.0016746307737008693,0.0005273580551147461,0.00016794204711914062,9.644031524658203e-05,0.9680232558139535
1735,227.7371470928192,9.111928840752626e-05,0.0005207300186157226,0.00017728805541992188,9.517669677734375e-05,0.9665697674418605
1740,228.36861324310303,0.05122748930816812,0.000447845458984375,0.00013968944549560546,0.00010368824005126953,0.9665697674418605
1745,229.00706505775452,0.0705487354410252,0.00046706199645996094,0.00014066696166992188,0.00010330677032470703,0.9694767441860465
1750,229.63934993743896,0.13736209698265042,0.0005366325378417969,0.0001829385757446289,0.00010063648223876954,0.9680232558139535
1755,230.26853108406067,0.03586347447154026,0.0004604339599609375,0.00015001296997070314,0.00010094642639160156,0.9680232558139535
1760,230.90354895591736,0.014166717371388415,0.0004796504974365234,0.00015099048614501952,0.0001054525375366211,0.9680232558139535
1765,231.54064321517944,0.012563655861484335,0.00048627853393554685,0.0001416444778442383,0.0001005411148071289,0.9709302325581395
1770,232.17466282844543,0.11698089613346525,0.0005048274993896485,0.00017163753509521484,9.86337661743164e-05,0.9709302325581395
1775,232.80385613441467,0.3251675158815033,0.0005114555358886718,0.0001622915267944336,0.00010287761688232422,0.9723837209302325
1780,233.44095301628113,0.05075043076299579,0.0004703760147094727,0.00013599395751953124,9.500980377197266e-05,0.9694767441860465
1785,234.07185792922974,0.1457325296832593,0.0005300045013427734,0.00019228458404541016,0.00010254383087158204,0.9665697674418605
1790,234.70856308937073,0.025536689077672748,0.0005432605743408203,0.00017359256744384766,9.679794311523438e-05,0.9665697674418605
1795,235.3492510318756,0.041093182210978796,0.0005207300186157226,0.00017728805541992188,0.00011336803436279297,0.9665697674418605
1800,236.02921509742737,0.0020869666394972342,0.0005240440368652344,0.00017261505126953125,9.899139404296875e-05,0.9651162790697675
1805,236.66355514526367,0.014156460751473787,0.0005306720733642579,0.00016326904296875,0.00010149478912353515,0.9622093023255814
1810,237.32861495018005,0.13321140539073895,0.0004637479782104492,0.0001453399658203125,9.772777557373046e-05,0.9665697674418605
1815,237.97215604782104,0.24895239565262273,0.0004988670349121094,0.00015196800231933593,9.467601776123047e-05,0.9651162790697675
1820,238.61210107803345,0.04585278580471197,0.0005081415176391602,0.0001669645309448242,0.00010178089141845703,0.9665697674418605
1825,239.25710701942444,4.184283298513947e-06,0.0005266904830932617,0.0001969575881958008,0.00010347366333007812,0.9723837209302325
1830,239.89701199531555,0.023009691563504475,0.00048296451568603517,0.00014631748199462892,0.00010297298431396484,0.9680232558139535
1835,240.53449702262878,0.018191990873219765,0.0005339860916137695,0.00015859603881835939,0.00010483264923095703,0.9680232558139535
1840,241.17115807533264,0.06497884657338773,0.0004889249801635742,0.00016598701477050782,0.00010583400726318359,0.9665697674418605
1845,241.8075041770935,0.13130527829130328,0.0004955530166625977,0.00015664100646972656,0.00010466575622558594,0.9636627906976745
1850,242.44533705711365,0.004360107846309802,0.0005114555358886718,0.0001622915267944336,9.72747802734375e-05,0.9549418604651163
1855,243.0810649394989,0.14812293889602018,0.0005015134811401367,0.00017631053924560547,0.00010352134704589843,0.934593023255814
1860,243.72000694274902,0.005279287210760231,0.0005180835723876953,0.00015294551849365234,0.00010943412780761719,0.9302325581395349
1865,244.35239911079407,0.17025350914448154,0.0005147695541381836,0.00015761852264404297,0.0001024007797241211,0.9258720930232558
1870,244.98939108848572,0.0036302848560808344,0.00048627853393554685,0.0001416444778442383,9.88006591796875e-05,0.9215116279069767
1875,245.62315607070923,0.07334911177968025,0.0005558490753173828,0.0001839160919189453,0.00010695457458496094,0.9244186046511628
1880,246.25893926620483,0.20500341606857547,0.0005273580551147461,0.00016794204711914062,9.753704071044922e-05,0.936046511627907
1885,246.94053411483765,0.4138604955428519,0.0004796504974365234,0.00015099048614501952,0.00010402202606201172,0.9622093023255814
1890,247.59970784187317,0.05521810467254227,0.0005306720733642579,0.00016326904296875,0.00010294914245605469,0.9738372093023255
1895,248.2336618900299,0.08510279060826634,0.00048627853393554685,0.0001416444778442383,9.505748748779297e-05,0.9738372093023255
1900,248.86972498893738,0.010426481260105902,0.0004955530166625977,0.00015664100646972656,0.00010023117065429687,0.9709302325581395
1905,249.50332593917847,0.0002601031317411184,0.0005558490753173828,0.0001839160919189453,0.00010116100311279297,0.9709302325581395
1910,250.13700103759766,0.08677314405768186,0.0004922389984130859,0.0001613140106201172,9.739398956298828e-05,0.9723837209302325
1915,250.7662091255188,0.46650057224725855,0.0004988670349121094,0.00015196800231933593,0.00010328292846679687,0.9738372093023255
1920,251.39610505104065,0.09310330983189488,0.0004637479782104492,0.0001453399658203125,0.00011055469512939453,0.9593023255813954
1925,252.034747838974,0.00948852371556086,0.0005207300186157226,0.00017728805541992188,9.982585906982422e-05,0.9462209302325582
1930,252.6671280860901,0.00479847794467787,0.0004955530166625977,0.00015664100646972656,0.00010120868682861328,0.940406976744186
1935,253.29981017112732,0.1816497161286293,0.0004988670349121094,0.00015196800231933593,0.000104522705078125,0.940406976744186
1940,253.93498301506042,0.343469834905342,0.0005240440368652344,0.00017261505126953125,0.00010190010070800781,0.9549418604651163
1945,254.5730721950531,0.038587077669308203,0.0005114555358886718,0.0001622915267944336,0.00010402202606201172,0.9476744186046512
1950,255.21156311035156,0.1975766824966172,0.0004922389984130859,0.0001613140106201172,9.34600830078125e-05,0.9491279069767442
1955,255.8510091304779,0.13023571134255577,0.0005081415176391602,0.0001669645309448242,0.00010726451873779296,0.9505813953488372
1960,256.490403175354,0.03178212538009859,0.0004988670349121094,0.00015196800231933593,0.00010547637939453124,0.9505813953488372
1965,257.131206035614,0.09083023316546246,0.00048627853393554685,0.0001416444778442383,9.441375732421875e-05,0.9549418604651163
1970,257.84331798553467,0.11263815922026907,0.00048296451568603517,0.00014631748199462892,9.696483612060547e-05,0.9534883720930233
1975,258.4899971485138,0.08228120320966355,0.0004856109619140625,0.00017066001892089843,0.00010120868682861328,0.9534883720930233
1980,259.1330449581146,0.07879335563171708,0.0005306720733642579,0.00016326904296875,0.00010473728179931641,0.9549418604651163
1985,259.7782189846039,0.1896928196187247,0.00047633647918701174,0.00015566349029541015,0.00010266304016113282,0.9549418604651163
1990,260.42088508605957,0.24030923768952733,0.0005207300186157226,0.00017728805541992188,0.00010325908660888672,0.9563953488372093
1995,261.0620400905609,0.07278317905893346,0.0005180835723876953,0.00015294551849365234,0.00010282993316650391,0.9578488372093024
2000,261.6976592540741,0.045952548520304504,0.0004988670349121094,0.00015196800231933593,0.0001024007797241211,0.9578488372093024
2005,262.32977509498596,0.025007401689352095,0.0005081415176391602,0.0001669645309448242,9.653568267822265e-05,0.9578488372093024
2010,262.9587731361389,0.080591301338427,0.0005399465560913086,0.0001782655715942383,9.999275207519531e-05,0.9636627906976745
2015,263.5817332267761,0.05028331815701677,0.0004889249801635742,0.00016598701477050782,9.629726409912109e-05,0.9752906976744186
2020,264.2108018398285,0.011251837167219492,0.0005081415176391602,0.0001669645309448242,0.00010118484497070312,0.9665697674418605
2025,264.8359491825104,0.08128426703788279,0.0004922389984130859,0.0001613140106201172,0.00010464191436767578,0.9665697674418605
2030,265.46251916885376,0.06714807360845043,0.00048627853393554685,0.0001416444778442383,0.00010271072387695313,0.9651162790697675
2035,266.08639001846313,0.08628514081796083,0.0005240440368652344,0.00017261505126953125,9.95635986328125e-05,0.9636627906976745
2040,266.71234607696533,0.01198748579193989,0.0005141019821166993,0.00018663406372070311,9.446144104003906e-05,0.9665697674418605
2045,267.41397190093994,0.4202033477223054,0.000546574592590332,0.00016891956329345703,0.00010454654693603516,0.9680232558139535
2050,268.0384440422058,0.0017791000605399177,0.0005399465560913086,0.0001782655715942383,9.913444519042969e-05,0.9578488372093024
2055,268.6671860218048,0.06168442124833291,0.0004796504974365234,0.00015099048614501952,9.5367431640625e-05,0.9505813953488372
2060,269.2952902317047,0.9763807926554818,0.0005459070205688476,0.0001979351043701172,9.810924530029297e-05,0.9636627906976745
2065,269.9219808578491,0.015806623578954772,0.0005333185195922852,0.00018761157989501953,9.589195251464843e-05,0.9651162790697675
2070,270.5520350933075,0.02248846645402409,0.0005114555358886718,0.0001622915267944336,9.989738464355469e-05,0.9651162790697675
2075,271.18848991394043,0.0160183569232359,0.0005114555358886718,0.0001622915267944336,9.365081787109375e-05,0.9709302325581395
2080,271.82347798347473,0.0007655213373951141,0.0005081415176391602,0.0001669645309448242,9.560585021972656e-05,0.9723837209302325
2085,272.4571478366852,0.0395567241007555,0.00047633647918701174,0.00015566349029541015,0.00010697841644287109,0.9723837209302325
2090,273.0887269973755,0.07876435938343888,0.00046706199645996094,0.00014066696166992188,9.181499481201172e-05,0.9709302325581395
2095,273.7258491516113,0.03152349513278239,0.0005207300186157226,0.00017728805541992188,9.6893310546875e-05,0.9709302325581395
2100,274.3570671081543,0.1916961594051827,0.000447845458984375,0.00013968944549560546,9.868144989013671e-05,0.9723837209302325
2105,274.9880619049072,0.0009839804668558827,0.0004955530166625977,0.00015664100646972656,9.801387786865235e-05,0.9709302325581395
2110,275.6188061237335,0.023948633828024413,0.0004955530166625977,0.00015664100646972656,9.443759918212891e-05,0.9709302325581395
2115,276.24969387054443,0.38723866064992907,0.0005081415176391602,0.0001669645309448242,9.715557098388672e-05,0.9738372093023255
2120,276.8772130012512,0.09675154534064631,0.00048296451568603517,0.00014631748199462892,9.670257568359376e-05,0.9738372093023255
2125,277.5788149833679,0.023991115654101235,0.0004955530166625977,0.00015664100646972656,0.00010693073272705078,0.9767441860465116
2130,278.2102470397949,0.12297228345687614,0.0005366325378417969,0.0001829385757446289,9.760856628417968e-05,0.9752906976744186
2135,278.8394901752472,0.03048702809628594,0.0005240440368652344,0.00017261505126953125,9.949207305908203e-05,0.9723837209302325
2140,279.4687831401825,0.01002145876081073,0.0005366325378417969,0.0001829385757446289,0.00010290145874023438,0.9723837209302325
2145,280.09268617630005,3.5882269855846973e-06,0.0005114555358886718,0.0001622915267944336,9.582042694091796e-05,0.9709302325581395
2150,280.71607208251953,0.008031855526451182,0.0005306720733642579,0.00016326904296875,9.105205535888671e-05,0.9709302325581395
2155,281.34298181533813,0.9631649136543274,0.0004604339599609375,0.00015001296997070314,9.753704071044922e-05,0.9738372093023255
2160,281.992938041687,0.031873389114237226,0.0005021810531616211,0.0001472949981689453,9.10043716430664e-05,0.9752906976744186
2165,282.62299704551697,0.00848529567283549,0.0005174160003662109,0.0001819610595703125,0.00010206699371337891,0.9781976744186046
2170,283.25508403778076,0.0001467132178504471,0.0005015134811401367,0.00017631053924560547,0.00010390281677246094,0.9796511627906976
2175,283.89095187187195,0.01642909977167619,0.0004988670349121094,0.00015196800231933593,0.00010170936584472657,0.9752906976744186
2180,284.5257852077484,0.016647972157988987,0.0005306720733642579,0.00016326904296875,9.813308715820313e-05,0.9738372093023255
2185,285.15935587882996,0.028792507212347117,0.0004922389984130859,0.0001613140106201172,9.801387786865235e-05,0.9723837209302325
2190,285.7932810783386,0.1148189405021867,0.0005048274993896485,0.00017163753509521484,9.539127349853516e-05,0.9738372093023255
2195,286.4270091056824,0.01182709750492279,0.0005114555358886718,0.0001622915267944336,0.00010063648223876954,0.9694767441860465
2200,287.05906796455383,0.08929351343103917,0.0005081415176391602,0.0001669645309448242,0.0001055002212524414,0.9622093023255814
2205,287.7278950214386,0.07088498578314102,0.0005114555358886718,0.0001622915267944336,0.00010166168212890624,0.9607558139534884
2210,288.4062478542328,0.06177562631764886,0.0005054950714111328,0.0001426219940185547,0.00010030269622802734,0.9549418604651163
2215,289.04458713531494,0.013621808496100129,0.0004988670349121094,0.00015196800231933593,0.00010282993316650391,0.9549418604651163
2220,289.6798279285431,0.047591869087774796,0.0005273580551147461,0.00016794204711914062,9.715557098388672e-05,0.9549418604651163
2225,290.31567788124084,0.21582115169876487,0.0005399465560913086,0.0001782655715942383,9.555816650390625e-05,0.9622093023255814
2230,290.9515030384064,0.03329721784940602,0.0004988670349121094,0.00015196800231933593,0.000102996826171875,0.9694767441860465
2235,291.58195209503174,0.07464079906606003,0.0004988670349121094,0.00015196800231933593,9.496212005615235e-05,0.9752906976744186
2240,292.20903611183167,0.07872730535736991,0.0005180835723876953,0.00015294551849365234,0.00010578632354736328,0.9738372093023255
2245,292.84410190582275,0.00317050248344799,0.0004889249801635742,0.00016598701477050782,9.424686431884766e-05,0.9752906976744186
2250,293.4749131202698,0.2629809287079297,0.0005432605743408203,0.00017359256744384766,9.279251098632812e-05,0.9752906976744186
2255,294.10503101348877,0.002893923493280681,0.0004955530166625977,0.00015664100646972656,0.00010037422180175781,0.9767441860465116
2260,294.7294411659241,0.189620960696179,0.0004988670349121094,0.00015196800231933593,9.610652923583985e-05,0.9811046511627907
2265,295.3552179336548,0.0011771796071457174,0.0004604339599609375,0.00015001296997070314,9.88006591796875e-05,0.9781976744186046
2270,295.98249912261963,0.014971307403425272,0.0005240440368652344,0.00017261505126953125,9.658336639404297e-05,0.9767441860465116
2275,296.61044096946716,0.03449405646462082,0.0004922389984130859,0.0001613140106201172,9.486675262451171e-05,0.9767441860465116
2280,297.24269795417786,0.22745139030916448,0.0005147695541381836,0.00015761852264404297,9.920597076416016e-05,0.9752906976744186
2285,297.9073951244354,0.0004530804858859483,0.0005240440368652344,0.00017261505126953125,9.19342041015625e-05,0.9767441860465116
2290,298.54006600379944,0.01333043084378005,0.0004955530166625977,0.00015664100646972656,9.720325469970703e-05,0.9781976744186046
2295,299.220027923584,0.2832586730154617,0.0005081415176391602,0.0001669645309448242,0.00010774135589599609,0.9840116279069767
2300,299.85298705101013,0.04114535086991964,0.0005081415176391602,0.0001669645309448242,0.00010194778442382813,0.9840116279069767
2305,300.4846851825714,0.00807668183525152,0.00048627853393554685,0.0001416444778442383,0.00010116100311279297,0.9840116279069767
2310,301.1156301498413,0.0180082020444857,0.00048627853393554685,0.0001416444778442383,9.3841552734375e-05,0.9840116279069767
2315,301.74612402915955,0.12490902162303001,0.0004796504974365234,0.00015099048614501952,0.00010213851928710937,0.9781976744186046
2320,302.38371896743774,0.03138944712841294,0.0005048274993896485,0.00017163753509521484,9.930133819580078e-05,0.9767441860465116
2325,303.0205979347229,0.030995992578212395,0.0005273580551147461,0.00016794204711914062,9.775161743164062e-05,0.9694767441860465
2330,303.67930912971497,0.2575814354233472,0.00047633647918701174,0.00015566349029541015,9.658336639404297e-05,0.9811046511627907
2335,304.31334495544434,0.16318325364063924,0.0005081415176391602,0.0001669645309448242,9.930133819580078e-05,0.9840116279069767
2340,304.94529700279236,0.047681795930589035,0.0005306720733642579,0.00016326904296875,9.822845458984375e-05,0.9825581395348837
2345,305.57804322242737,0.047615356554391045,0.00048627853393554685,0.0001416444778442383,0.00010249614715576171,0.9840116279069767
2350,306.2063570022583,0.0163885325348474,0.0005207300186157226,0.00017728805541992188,0.00010285377502441406,0.9883720930232558
2355,306.8393430709839,0.018876230987736164,0.0005240440368652344,0.00017261505126953125,9.660720825195312e-05,0.9869186046511628
2360,307.5038089752197,0.0011896915362342498,0.0004922389984130859,0.0001613140106201172,0.00010576248168945313,0.9854651162790697
2365,308.13383293151855,0.01578705803858611,0.0005081415176391602,0.0001669645309448242,0.00010344982147216796,0.9854651162790697
2370,308.8098039627075,0.031177810188275146,0.0004922389984130859,0.0001613140106201172,9.97781753540039e-05,0.9869186046511628
2375,309.43680000305176,0.13343848905040118,0.00048296451568603517,0.00014631748199462892,9.446144104003906e-05,0.9840116279069767
2380,310.06667494773865,0.019991176948678913,0.0005366325378417969,0.0001829385757446289,9.9945068359375e-05,0.9854651162790697
2385,310.69344687461853,0.004868579274750573,0.0005141019821166993,0.00018663406372070311,9.360313415527344e-05,0.9825581395348837
2390,311.3205771446228,0.002731057317578234,0.000546574592590332,0.00016891956329345703,0.00010483264923095703,0.9796511627906976
2395,311.96425199508667,0.0015394797730778008,0.0005273580551147461,0.00016794204711914062,0.00010030269622802734,0.9796511627906976
2400,312.59501600265503,0.07204253570580618,0.0004955530166625977,0.00015664100646972656,9.253025054931641e-05,0.9796511627906976
2405,313.22019815444946,0.03106903596551689,0.0005459070205688476,0.0001979351043701172,0.00010061264038085938,0.9840116279069767
2410,313.8492968082428,0.004982330669349722,0.0005174160003662109,0.0001819610595703125,9.21010971069336e-05,0.9825581395348837
2415,314.4747278690338,0.008053839558621689,0.0005273580551147461,0.00016794204711914062,9.582042694091796e-05,0.9825581395348837
2420,315.10179805755615,0.006696174326316395,0.0005114555358886718,0.0001622915267944336,0.00010206699371337891,0.9811046511627907
2425,315.7282381057739,0.0007353157710724645,0.0004796504974365234,0.00015099048614501952,9.446144104003906e-05,0.9796511627906976
2430,316.354975938797,0.00567053597731757,0.0004889249801635742,0.00016598701477050782,0.00010011196136474609,0.9796511627906976
2435,316.98366594314575,0.04315125979037475,0.00048296451568603517,0.00014631748199462892,9.708404541015625e-05,0.9854651162790697
2440,317.6447150707245,0.014681660556608734,0.0005048274993896485,0.00017163753509521484,9.379386901855468e-05,0.9840116279069767
2445,318.27812099456787,0.06955466580969868,0.0004511594772338867,0.00013501644134521483,9.729862213134766e-05,0.9811046511627907
2450,318.94717812538147,9.169072744441564e-05,0.0005081415176391602,0.0001669645309448242,8.900165557861328e-05,0.9738372093023255
2455,319.57507514953613,0.007958503646659666,0.00048296451568603517,0.00014631748199462892,9.582042694091796e-05,0.9723837209302325
2460,320.202898979187,0.29244395303252874,0.0005207300186157226,0.00017728805541992188,9.937286376953125e-05,0.9796511627906976
2465,320.8266251087189,0.19371364421534737,0.0004703760147094727,0.00013599395751953124,8.692741394042969e-05,0.9752906976744186
2470,321.45474100112915,0.028520121023257163,0.0005081415176391602,0.0001669645309448242,9.34600830078125e-05,0.9752906976744186
2475,322.0816340446472,0.08264696825590363,0.0005366325378417969,0.0001829385757446289,9.927749633789062e-05,0.9709302325581395
2480,322.71091985702515,0.18502687818327246,0.0005240440368652344,0.00017261505126953125,9.229183197021485e-05,0.9767441860465116
2485,323.33416199684143,0.0009352722552080194,0.0005207300186157226,0.00017728805541992188,9.293556213378907e-05,0.8822674418604651
2490,323.95758414268494,0.00010093136275486358,0.0005273580551147461,0.00016794204711914062,8.862018585205078e-05,0.8270348837209303
2495,324.58266401290894,0.04370582613894527,0.0005147695541381836,0.00015761852264404297,9.391307830810546e-05,0.8604651162790697
2500,325.22283601760864,0.8186258319533181,0.000447845458984375,0.00013968944549560546,0.0001363039016723633,0.9258720930232558
2505,325.956463098526,0.21862605997234824,0.0005339860916137695,0.00015859603881835939,0.00010786056518554687,0.9491279069767442
2510,326.6010010242462,0.012034684622341274,0.0005107879638671875,0.00019130706787109374,9.810924530029297e-05,0.9665697674418605
2515,327.25365805625916,0.00014329735619753592,0.0004922389984130859,0.0001613140106201172,0.00010538101196289062,0.9680232558139535
2520,327.909383058548,0.016232990660301993,0.0004955530166625977,0.00015664100646972656,0.00010330677032470703,0.9709302325581395
2525,328.57381200790405,0.021450746176287793,0.0005180835723876953,0.00015294551849365234,0.00010190010070800781,0.9709302325581395
2530,329.2425730228424,0.055791565698170585,0.0005174160003662109,0.0001819610595703125,9.901523590087891e-05,0.9709302325581395
2535,329.9161379337311,0.010354506982675104,0.0004955530166625977,0.00015664100646972656,9.491443634033204e-05,0.9709302325581395
2540,330.56916999816895,0.044262171056556096,0.0005081415176391602,0.0001669645309448242,0.0001032114028930664,0.9723837209302325
2545,331.21440410614014,0.011429557496381904,0.0004955530166625977,0.00015664100646972656,9.970664978027343e-05,0.9709302325581395
2550,331.9227168560028,0.08314384226616767,0.0005273580551147461,0.00016794204711914062,0.0001289844512939453,0.9723837209302325
2555,332.6599359512329,0.07990873921757213,0.0005054950714111328,0.0001426219940185547,0.00011072158813476562,0.9694767441860465
2560,333.3069450855255,0.0028357759336188337,0.0005147695541381836,0.00015761852264404297,9.379386901855468e-05,0.9709302325581395
2565,333.9333460330963,0.013022396303756522,0.0005240440368652344,0.00017261505126953125,0.00010230541229248047,0.9694767441860465
2570,334.55689907073975,0.0352509364692196,0.0005114555358886718,0.0001622915267944336,9.57489013671875e-05,0.9709302325581395
2575,335.18177008628845,0.10857563502833614,0.0005273580551147461,0.00016794204711914062,9.465217590332031e-05,0.9767441860465116
2580,335.83253502845764,0.05589925611590729,0.0005021810531616211,0.0001472949981689453,0.00011157989501953125,0.9636627906976745
2585,336.49184107780457,0.009174490064835084,0.0004988670349121094,0.00015196800231933593,0.00011026859283447266,0.9549418604651163
2590,337.15921092033386,0.6830768146173825,0.0005048274993896485,0.00017163753509521484,0.00011968612670898438,0.9781976744186046
2595,337.8112270832062,0.10184931378463205,0.0005147695541381836,0.00015761852264404297,0.00010647773742675782,0.9723837209302325
2600,338.4419581890106,0.003991740610230466,0.0005273580551147461,0.00016794204711914062,0.0001033782958984375,0.9651162790697675
2605,339.07752799987793,0.21783256736490272,0.0004796504974365234,0.00015099048614501952,0.00010638236999511718,0.9549418604651163
2610,339.7194519042969,0.005587967859676723,0.0004604339599609375,0.00015001296997070314,0.00010118484497070312,0.9491279069767442
2615,340.3532769680023,0.3399401708186488,0.0005366325378417969,0.0001829385757446289,0.00010557174682617188,0.9680232558139535
2620,341.02993988990784,0.10283020624183337,0.0004988670349121094,0.00015196800231933593,0.00010602474212646484,0.9752906976744186
2625,341.66887497901917,0.11581595670868979,0.0004955530166625977,0.00015664100646972656,0.0001013040542602539,0.9752906976744186
2630,342.32007813453674,0.0036780587364660276,0.0005273580551147461,0.00016794204711914062,0.00010077953338623047,0.9796511627906976
2635,342.96016001701355,0.24907620694421126,0.0005048274993896485,0.00017163753509521484,9.85860824584961e-05,0.9811046511627907
2640,343.59606194496155,0.06648120206738498,0.0004955530166625977,0.00015664100646972656,0.00010356903076171874,0.9825581395348837
2645,344.23335814476013,0.0024974558117889954,0.0004955530166625977,0.00015664100646972656,0.00010666847229003906,0.9840116279069767
2650,344.87529706954956,0.03941885580861708,0.00048627853393554685,0.0001416444778442383,9.975433349609374e-05,0.9840116279069767
2655,345.51751494407654,0.17439613689421093,0.0004988670349121094,0.00015196800231933593,9.949207305908203e-05,0.9825581395348837
2660,346.1550898551941,0.0002472721067775296,0.0004796504974365234,0.00015099048614501952,9.789466857910157e-05,0.9752906976744186
2665,346.7973029613495,0.021745896442622835,0.0005174160003662109,0.0001819610595703125,0.00010404586791992187,0.9709302325581395
2670,347.4338140487671,0.14739864878401931,0.0005021810531616211,0.0001472949981689453,0.00010180473327636719,0.9680232558139535
2675,348.0728220939636,0.13382899041371274,0.0005048274993896485,0.00017163753509521484,0.00010650157928466797,0.9796511627906976
2680,348.71310806274414,0.16425084756949104,0.0004922389984130859,0.0001613140106201172,0.00010502338409423828,0.9825581395348837
2685,349.35770297050476,0.00015203037064281943,0.0005339860916137695,0.00015859603881835939,0.00010614395141601562,0.9840116279069767
2690,349.9980261325836,0.011718683602038028,0.0004988670349121094,0.00015196800231933593,0.00010488033294677734,0.9811046511627907
2695,350.68735098838806,0.0046105050790401945,0.0005240440368652344,0.00017261505126953125,0.00010323524475097656,0.9796511627906976
2700,351.33110189437866,0.015235244602945387,0.0005174160003662109,0.0001819610595703125,0.00010612010955810547,0.9796511627906976
2705,351.96944093704224,0.00028026227434452267,0.0004922389984130859,0.0001613140106201172,0.00010011196136474609,0.9811046511627907
2710,352.6065139770508,0.03975486626948168,0.0004955530166625977,0.00015664100646972656,9.725093841552734e-05,0.9825581395348837
2715,353.28438091278076,0.08621416912089899,0.0004922389984130859,0.0001613140106201172,0.00011894702911376953,0.9854651162790697
2720,353.96446323394775,0.03731439237463121,0.0004988670349121094,0.00015196800231933593,0.0001130819320678711,0.9869186046511628
2725,354.6238579750061,0.01497258249673905,0.0005240440368652344,0.00017261505126953125,0.00011582374572753907,0.9854651162790697
2730,355.3109428882599,0.000838038408816999,0.0005300045013427734,0.00019228458404541016,0.00011286735534667968,0.9811046511627907
2735,356.06152081489563,0.0049007419849885995,0.0005432605743408203,0.00017359256744384766,0.00011317729949951172,0.9811046511627907
2740,356.7490141391754,0.00035112604167011343,0.0005273580551147461,0.00016794204711914062,0.00012905597686767577,0.9811046511627907
2745,357.4725251197815,0.09082349139363828,0.0004922389984130859,0.0001613140106201172,0.00011174678802490234,0.9825581395348837
2750,358.1368510723114,0.007794968754973297,0.0005525350570678711,0.00018858909606933594,0.00011391639709472657,0.9840116279069767
2755,358.81574296951294,0.0021719306520495254,0.0005015134811401367,0.00017631053924560547,0.00010802745819091797,0.9840116279069767
2760,359.48737692832947,0.008197295317779662,0.0005273580551147461,0.00016794204711914062,0.00010440349578857421,0.9854651162790697
2765,360.1301341056824,2.0015705742082447e-05,0.0005240440368652344,0.00017261505126953125,9.829998016357422e-05,0.9869186046511628
2770,360.7720079421997,0.00019742582355917194,0.0004637479782104492,0.0001453399658203125,0.00010318756103515625,0.9854651162790697
2775,361.45740485191345,0.004556536864402006,0.0004922389984130859,0.0001613140106201172,0.00010397434234619141,0.9854651162790697
2780,362.1167149543762,0.027862610476780958,0.0004922389984130859,0.0001613140106201172,9.922981262207031e-05,0.9854651162790697
2785,362.761843919754,0.008330692779431104,0.0004922389984130859,0.0001613140106201172,0.00010089874267578125,0.9854651162790697
2790,363.4025411605835,0.05761570527120341,0.0004385709762573242,0.0001246929168701172,0.00010480880737304688,0.9840116279069767
2795,364.0842969417572,0.0011574864242462012,0.0005081415176391602,0.0001669645309448242,0.00011394023895263671,0.9825581395348837
2800,364.72609400749207,0.03848646682017716,0.0004955530166625977,0.00015664100646972656,0.00010933876037597657,0.9825581395348837
2805,365.3656802177429,0.1289495092822733,0.0005081415176391602,0.0001669645309448242,0.00010540485382080079,0.9840116279069767
2810,366.0051341056824,0.04999958651006011,0.00048296451568603517,0.00014631748199462892,0.0001064300537109375,0.9854651162790697
2815,366.64108896255493,0.0014975906902918723,0.0005207300186157226,0.00017728805541992188,0.00010921955108642579,0.9869186046511628
2820,367.2772750854492,0.06441499255318206,0.0005273580551147461,0.00016794204711914062,0.00010983943939208984,0.9840116279069767
2825,367.91814613342285,0.003673936631196284,0.0005366325378417969,0.0001829385757446289,0.00011391639709472657,0.9825581395348837
2830,368.5972669124603,0.0009877563090725516,0.0005207300186157226,0.00017728805541992188,0.00011255741119384766,0.9825581395348837
2835,369.2595479488373,0.0011580170346448427,0.0005147695541381836,0.00015761852264404297,0.00010309219360351562,0.9825581395348837
2840,369.9181649684906,0.012602369417822955,0.0004988670349121094,0.00015196800231933593,0.00010392665863037109,0.9825581395348837
2845,370.5786340236664,0.019343689526681373,0.0004796504974365234,0.00015099048614501952,0.00010924339294433593,0.9825581395348837
2850,371.22950291633606,0.023553148145914804,0.0005273580551147461,0.00016794204711914062,0.00010645389556884766,0.9825581395348837
2855,371.8656311035156,0.0012495215087739097,0.0005015134811401367,0.00017631053924560547,0.00010149478912353515,0.9825581395348837
2860,372.5561740398407,0.02384631637652035,0.0004889249801635742,0.00016598701477050782,9.746551513671875e-05,0.9854651162790697
2865,373.20248007774353,0.016370492024674378,0.0005147695541381836,0.00015761852264404297,0.00010356903076171874,0.9869186046511628
2870,373.856262922287,0.036601990904139826,0.0005147695541381836,0.00015761852264404297,9.715557098388672e-05,0.9840116279069767
2875,374.49506306648254,0.016046701523566752,0.0004889249801635742,0.00016598701477050782,0.00010039806365966797,0.9840116279069767
2880,375.13963294029236,0.001212799456590119,0.0005114555358886718,0.0001622915267944336,9.72747802734375e-05,0.9840116279069767
2885,375.77875304222107,0.02008556858800432,0.0005207300186157226,0.00017728805541992188,9.734630584716797e-05,0.9840116279069767
2890,376.4116349220276,0.006307870531361459,0.0004988670349121094,0.00015196800231933593,9.856224060058593e-05,0.9825581395348837
2895,377.0516550540924,0.04611983598835536,0.0005273580551147461,0.00016794204711914062,0.00010547637939453124,0.9840116279069767
2900,377.70458126068115,0.0653848220601958,0.0004895925521850586,0.00013697147369384766,0.00010900497436523437,0.9796511627906976
2905,378.345664024353,0.0018112139188360744,0.0005273580551147461,0.00016794204711914062,0.00010256767272949218,0.9781976744186046
2910,378.9817280769348,0.07735110527228954,0.0005273580551147461,0.00016794204711914062,0.00010955333709716797,0.9811046511627907
2915,379.62295293807983,0.08042119743645912,0.0005081415176391602,0.0001669645309448242,0.00010693073272705078,0.9767441860465116
2920,380.2593250274658,0.0127341374526452,0.0005114555358886718,0.0001622915267944336,9.958744049072265e-05,0.9723837209302325
2925,380.9118490219116,0.0006319611741048448,0.0005021810531616211,0.0001472949981689453,9.732246398925781e-05,0.9738372093023255
2930,381.5488839149475,0.004560142747078544,0.00048627853393554685,0.0001416444778442383,9.655952453613281e-05,0.9723837209302325
2935,382.1833448410034,9.536756124362e-07,0.0005333185195922852,0.00018761157989501953,9.70602035522461e-05,0.9709302325581395
2940,382.82022190093994,0.1189202201300219,0.0005180835723876953,0.00015294551849365234,0.0001073598861694336,0.9781976744186046
2945,383.49933385849,0.0010082831170194595,0.0005081415176391602,0.0001669645309448242,0.00010387897491455078,0.9840116279069767
2950,384.1421639919281,0.07415108617861108,0.0004796504974365234,0.00015099048614501952,9.97781753540039e-05,0.9767441860465116
2955,384.7743239402771,0.001608576507852888,0.0004796504974365234,0.00015099048614501952,9.553432464599609e-05,0.9767441860465116
2960,385.40818786621094,0.005233742748727366,0.0005174160003662109,0.0001819610595703125,0.00010569095611572266,0.9723837209302325
2965,386.0369780063629,0.012968961738806684,0.00048627853393554685,0.0001416444778442383,9.465217590332031e-05,0.9694767441860465
2970,386.66695499420166,0.2398695791373143,0.0005273580551147461,0.00016794204711914062,9.582042694091796e-05,0.9796511627906976
2975,387.3011782169342,0.0010899045947439846,0.0005081415176391602,0.0001669645309448242,0.00011105537414550782,0.9811046511627907
2980,387.9446771144867,0.1398363629356325,0.0005081415176391602,0.0001669645309448242,0.00010063648223876954,0.9752906976744186
2985,388.59331822395325,0.0036066863685874752,0.0004955530166625977,0.00015664100646972656,0.00010325908660888672,0.9520348837209303
2990,389.23885202407837,0.010962540312993952,0.0005114555358886718,0.0001622915267944336,0.0001070261001586914,0.9462209302325582
2995,389.87606596946716,0.001959328956581885,0.0004703760147094727,0.00013599395751953124,0.0001062154769897461,0.9462209302325582
3000,390.51351714134216,0.5936778891074936,0.0005114555358886718,0.0001622915267944336,9.920597076416016e-05,0.9433139534883721
3005,391.1649580001831,0.0008102480306718008,0.0004637479782104492,0.0001453399658203125,0.00010280609130859375,0.940406976744186
3010,391.81221103668213,0.005633889512051837,0.0005207300186157226,0.00017728805541992188,0.00010902881622314453,0.938953488372093
3015,392.46121287345886,0.4708400567912065,0.0004988670349121094,0.00015196800231933593,9.415149688720703e-05,0.9767441860465116
3020,393.15827989578247,0.2882966151126311,0.0005174160003662109,0.0001819610595703125,0.0001008749008178711,0.9752906976744186
3025,393.8053560256958,0.08733688503784834,0.0004988670349121094,0.00015196800231933593,0.00010650157928466797,0.9709302325581395
3030,394.4586081504822,0.0079783722542345,0.0005147695541381836,0.00015761852264404297,0.00010206699371337891,0.9636627906976745
3035,395.1077718734741,0.017638276866253477,0.0004988670349121094,0.00015196800231933593,9.398460388183593e-05,0.9593023255813954
3040,395.75508308410645,0.0032019012091495823,0.0005399465560913086,0.0001782655715942383,0.00010161399841308593,0.9563953488372093
3045,396.40387988090515,0.08449758724493109,0.0005141019821166993,0.00018663406372070311,0.0001150369644165039,0.9709302325581395
3050,397.059650182724,0.016671581203434017,0.0004796504974365234,0.00015099048614501952,0.00010023117065429687,0.9651162790697675
3055,397.7048189640045,0.0487152944737332,0.00048296451568603517,0.00014631748199462892,9.794235229492188e-05,0.9738372093023255
3060,398.34782910346985,0.13330888277924516,0.0004922389984130859,0.0001613140106201172,0.00010254383087158204,0.9694767441860465
3065,398.98500394821167,0.004076977328760734,0.0005273580551147461,0.00016794204711914062,0.0001055002212524414,0.9505813953488372
3070,399.6309220790863,0.019261954409093108,0.0005207300186157226,0.00017728805541992188,0.00010538101196289062,0.9563953488372093
3075,400.2695281505585,0.05939182830322949,0.0005366325378417969,0.0001829385757446289,0.00010507106781005859,0.9752906976744186
3080,400.9089689254761,6.51215068344868e-05,0.0005432605743408203,0.00017359256744384766,0.00010266304016113282,0.9840116279069767
3085,401.5473051071167,2.7653716765030366e-05,0.0005114555358886718,0.0001622915267944336,0.00010473728179931641,0.9840116279069767
3090,402.1832549571991,0.12416972471948781,0.0005048274993896485,0.00017163753509521484,9.963512420654296e-05,0.9840116279069767
3095,402.814857006073,0.0039052016021756232,0.0005366325378417969,0.0001829385757446289,9.870529174804688e-05,0.9854651162790697
3100,403.4917571544647,0.0007230001620925463,0.0005048274993896485,0.00017163753509521484,9.918212890625e-05,0.9869186046511628
3105,404.13150811195374,0.002764961170107938,0.0005273580551147461,0.00016794204711914062,0.0001035928726196289,0.9869186046511628
3110,404.7706711292267,2.5510893706837125e-06,0.0005333185195922852,0.00018761157989501953,9.963512420654296e-05,0.9869186046511628
3115,405.4043278694153,6.281851656382287e-05,0.0004637479782104492,0.0001453399658203125,9.911060333251953e-05,0.9869186046511628
3120,406.0383620262146,0.0022705292862838177,0.00046706199645996094,0.00014066696166992188,9.202957153320312e-05,0.9869186046511628
3125,406.68103098869324,0.02346257399026399,0.0005207300186157226,0.00017728805541992188,0.00010540485382080079,0.9869186046511628
3130,407.32007002830505,0.0382386798087964,0.0004637479782104492,0.0001453399658203125,9.393692016601562e-05,0.9869186046511628
3135,407.96944403648376,0.0027395284044018807,0.00046706199645996094,0.00014066696166992188,0.00010218620300292969,0.9854651162790697
3140,408.6032371520996,0.0004736271011282156,0.0004955530166625977,0.00015664100646972656,9.796619415283203e-05,0.9854651162790697
3145,409.23409700393677,0.050758089184819256,0.0005048274993896485,0.00017163753509521484,9.548664093017578e-05,0.9854651162790697
3150,409.8713400363922,0.1899074054920334,0.0005114555358886718,0.0001622915267944336,0.00010249614715576171,0.9869186046511628
3155,410.50157380104065,0.02763363587614549,0.0004703760147094727,0.00013599395751953124,0.00010826587677001954,0.9854651162790697
3160,411.13713002204895,0.00128175628669851,0.0005333185195922852,0.00018761157989501953,0.000106048583984375,0.9840116279069767
3165,411.77188515663147,0.07226481410405228,0.0005273580551147461,0.00016794204711914062,0.00010631084442138671,0.9767441860465116
3170,412.40155601501465,0.0011357689952092187,0.0005366325378417969,0.0001829385757446289,0.00010733604431152343,0.9723837209302325
3175,413.0377700328827,0.00016758907004543744,0.0005048274993896485,0.00017163753509521484,0.00011126995086669922,0.9694767441860465
3180,413.67146706581116,0.00015931319223057018,0.0005339860916137695,0.00015859603881835939,9.350776672363281e-05,0.9665697674418605
3185,414.350949048996,0.03746113875001811,0.0004796504974365234,0.00015099048614501952,9.839534759521484e-05,0.9665697674418605
3190,414.9839680194855,0.19817989522334756,0.0004796504974365234,0.00015099048614501952,9.698867797851563e-05,0.9738372093023255
3195,415.6224420070648,0.0475698278371965,0.0005273580551147461,0.00016794204711914062,0.00010263919830322266,0.9767441860465116
3200,416.2570860385895,0.0028391286293768304,0.0005141019821166993,0.00018663406372070311,9.884834289550782e-05,0.9781976744186046
3205,416.8869471549988,0.025617289754197258,0.0004796504974365234,0.00015099048614501952,9.739398956298828e-05,0.9752906976744186
3210,417.5206220149994,0.009288517860979085,0.0005306720733642579,0.00016326904296875,9.810924530029297e-05,0.9738372093023255
3215,418.15492701530457,0.0243672966092106,0.0004955530166625977,0.00015664100646972656,0.00010676383972167969,0.9723837209302325
3220,418.78869819641113,0.6855650749688266,0.0005048274993896485,0.00017163753509521484,0.0001081228256225586,0.9709302325581395
3225,419.4283001422882,0.34326391511671234,0.0005147695541381836,0.00015761852264404297,0.00010454654693603516,0.9752906976744186
3230,420.0694510936737,0.10536133405451835,0.0005015134811401367,0.00017631053924560547,0.00010256767272949218,0.9767441860465116
3235,420.704332113266,0.05204333044013083,0.0005180835723876953,0.00015294551849365234,9.903907775878906e-05,0.9767441860465116
3240,421.33567810058594,0.15870594941613375,0.0005114555358886718,0.0001622915267944336,0.00010716915130615234,0.9767441860465116
3245,421.9718270301819,0.015090323861195997,0.00047369003295898436,0.00013132095336914061,0.00010776519775390625,0.9738372093023255
3250,422.6053171157837,0.046437527259081436,0.0005525350570678711,0.00018858909606933594,0.00010502338409423828,0.9694767441860465
3255,423.2393448352814,0.012936305913387968,0.0005306720733642579,0.00016326904296875,9.598731994628907e-05,0.9607558139534884
3260,423.8731939792633,0.16147044008909006,0.0004796504974365234,0.00015099048614501952,9.853839874267578e-05,0.9694767441860465
3265,424.508376121521,0.21299411552704442,0.0005432605743408203,0.00017359256744384766,0.00010311603546142578,0.9796511627906976
3270,425.1864869594574,0.03510048426688286,0.00048627853393554685,0.0001416444778442383,0.00010592937469482422,0.9767441860465116
3275,425.8169300556183,0.0048971589659316805,0.00048627853393554685,0.0001416444778442383,9.889602661132813e-05,0.9723837209302325
3280,426.447998046875,5.888998680347868e-06,0.0005492210388183594,0.00019326210021972657,0.00010180473327636719,0.9723837209302325
3285,427.0766770839691,0.1094814152187638,0.0005114555358886718,0.0001622915267944336,0.00010554790496826172,0.9796511627906976
3290,427.71163606643677,0.08535087499930114,0.0004955530166625977,0.00015664100646972656,0.0001046895980834961,0.9811046511627907
3295,428.3408188819885,0.002512302122781307,0.0004796504974365234,0.00015099048614501952,9.78708267211914e-05,0.9781976744186046
3300,428.97597217559814,0.002456868271521273,0.0004922389984130859,0.0001613140106201172,9.927749633789062e-05,0.9767441860465116
3305,429.61194014549255,0.009343378837402837,0.0004922389984130859,0.0001613140106201172,0.00010607242584228515,0.9752906976744186
3310,430.2444009780884,0.028086534026309097,0.0005180835723876953,0.00015294551849365234,9.715557098388672e-05,0.9709302325581395
3315,430.87889313697815,0.14280498136832306,0.0005081415176391602,0.0001669645309448242,9.808540344238281e-05,0.9752906976744186
3320,431.5133719444275,0.003572427627933905,0.0005114555358886718,0.0001622915267944336,0.00010473728179931641,0.9752906976744186
3325,432.141743183136,0.3986744282772875,0.0005048274993896485,0.00017163753509521484,0.00010023117065429687,0.9796511627906976
3330,432.7699022293091,0.009541054802575388,0.0004988670349121094,0.00015196800231933593,0.00010478496551513672,0.9854651162790697
3335,433.40098214149475,0.0018859346640866192,0.0005081415176391602,0.0001669645309448242,9.534358978271484e-05,0.9869186046511628
3340,434.0309188365936,0.0028928228673123614,0.0004703760147094727,0.00013599395751953124,0.00010504722595214844,0.9854651162790697
3345,434.71067118644714,0.2793635683332482,0.0004988670349121094,0.00015196800231933593,9.734630584716797e-05,0.9811046511627907
3350,435.34675002098083,3.361031937743064e-05,0.00047633647918701174,0.00015566349029541015,0.00010585784912109375,0.9767441860465116
3355,435.9862141609192,0.01136053640063892,0.0005399465560913086,0.0001782655715942383,9.720325469970703e-05,0.9709302325581395
3360,436.62039613723755,0.29626461018345934,0.0004796504974365234,0.00015099048614501952,0.00010263919830322266,0.9723837209302325
3365,437.25659108161926,0.13641862618415246,0.0005207300186157226,0.00017728805541992188,9.539127349853516e-05,0.9796511627906976
3370,437.8910012245178,0.00759167408980943,0.0005147695541381836,0.00015761852264404297,0.00010588169097900391,0.9796511627906976
3375,438.5250380039215,0.0055837118479999505,0.0004988670349121094,0.00015196800231933593,0.00010712146759033203,0.9811046511627907
3380,439.15389585494995,0.009388220678425796,0.0004955530166625977,0.00015664100646972656,0.00010535717010498046,0.9781976744186046
3385,439.79766511917114,0.0006699056790921531,0.0005558490753173828,0.0001839160919189453,9.825229644775391e-05,0.9781976744186046
3390,440.4345679283142,0.010744651849782372,0.0005015134811401367,0.00017631053924560547,0.00011427402496337891,0.9781976744186046
3395,441.06623101234436,0.00102974449323483,0.0004955530166625977,0.00015664100646972656,9.942054748535156e-05,0.9796511627906976
3400,441.7036759853363,0.13525213068231778,0.00047633647918701174,0.00015566349029541015,0.00010519027709960937,0.9854651162790697
3405,442.34195709228516,0.0671049258326093,0.00048296451568603517,0.00014631748199462892,0.00010190010070800781,0.9811046511627907
3410,442.9778051376343,0.011931804455321071,0.0005273580551147461,0.00016794204711914062,0.00010776519775390625,0.9723837209302325
3415,443.6188311576843,0.0012448245435507487,0.0005174160003662109,0.0001819610595703125,0.0001064300537109375,0.9651162790697675
3420,444.26136016845703,0.7817109954561602,0.0005558490753173828,0.0001839160919189453,0.00010695457458496094,0.9709302325581395
3425,444.9525828361511,0.00033071397710955354,0.0005399465560913086,0.0001782655715942383,0.00010595321655273437,0.9811046511627907
3430,445.60281920433044,0.005225876370741389,0.00048296451568603517,0.00014631748199462892,0.00010755062103271485,0.9825581395348837
3435,446.25053000450134,0.07354418478030453,0.0005300045013427734,0.00019228458404541016,0.00010519027709960937,0.9825581395348837
3440,446.90648913383484,0.0018106024954491317,0.0005366325378417969,0.0001829385757446289,0.00010814666748046876,0.9840116279069767