#{"solver": {"engine": {"type": "ExactEngine"}, "semiring": "GraphSemiring"}, "networks": [{"name": "perc_net_version_1_baseline", "module": "AD_V1_baseline_net(\n  (conv1): Conv2d(3, 6, kernel_size=(5, 5), stride=(1, 1))\n  (pool): MaxPool2d(kernel_size=2, stride=2, padding=0, dilation=1, ceil_mode=False)\n  (conv2): Conv2d(6, 16, kernel_size=(5, 5), stride=(1, 1))\n  (fc1): Linear(in_features=400, out_features=120, bias=True)\n  (fc2): Linear(in_features=120, out_features=84, bias=True)\n  (fc3): Linear(in_features=84, out_features=3, bias=True)\n  (softmax): Softmax(dim=-1)\n)", "optimizer": "Adam (\nParameter Group 0\n    amsgrad: False\n    betas: (0.9, 0.999)\n    capturable: False\n    differentiable: False\n    eps: 1e-08\n    foreach: None\n    fused: None\n    lr: 0.001\n    maximize: False\n    weight_decay: 0\n)", "k": null}], "program": "nn(perc_net_version_1_baseline,[Img],X,[0, 1, 2])::action(Img,X).\nautonomous_driving_baseline(Img,X) :- action(Img,X).\n"}
#Accuracy 0.9754901960784313
i,time,loss,ground_time,compile_time,eval_time,accuracy
5,0.030086994171142578,0.874899810552597,0.0004129886627197266,0.00047266483306884766,0.00012388229370117188,0.33986928104575165
10,0.5947260856628418,1.0856878340244294,0.0005059242248535156,0.000498819351196289,0.00010118484497070312,0.33986928104575165
15,1.1565899848937988,1.056544190645218,0.0005124092102050781,0.0005911350250244141,0.00010499954223632812,0.33986928104575165
20,1.7632250785827637,1.2075933575630189,0.00048274993896484374,0.0003149986267089844,0.00010640621185302735,0.33986928104575165
25,2.321769952774048,1.1123388350009917,0.0004943370819091797,0.00040690898895263673,0.00010497570037841797,0.33986928104575165
30,2.885023832321167,1.1030561566352843,0.0004892349243164062,0.0004073143005371094,0.00010454654693603516,0.4852941176470588
35,3.447993040084839,1.0969202518463135,0.00048274993896484374,0.0003149986267089844,0.00010712146759033203,0.46568627450980393
40,4.021177053451538,1.0847848534584046,0.0005059242248535156,0.000498819351196289,9.903907775878906e-05,0.3333333333333333
45,4.58273983001709,1.0940304756164552,0.0005008220672607422,0.0004992246627807617,0.00010585784912109375,0.3382352941176471
50,5.144197940826416,1.0758794307708741,0.0005059242248535156,0.000498819351196289,9.510517120361328e-05,0.36437908496732024
55,5.7013099193573,1.0958454847335815,0.0004841327667236328,0.000407719612121582,0.00010247230529785157,0.6683006535947712
60,6.263192892074585,1.0790242195129394,0.0004892349243164062,0.0004073143005371094,0.00010907649993896484,0.6699346405228758
65,6.8284687995910645,1.042279988527298,0.0005008220672607422,0.0004992246627807617,9.925365447998047e-05,0.6715686274509803
70,7.387901782989502,1.0585207521915436,0.0004841327667236328,0.000407719612121582,0.00010685920715332031,0.6830065359477124
75,7.954205751419067,1.0394867718219758,0.00046095848083496096,0.00022389888763427735,0.00010209083557128906,0.5915032679738562
80,8.520157814025879,0.9984250009059906,0.0004892349243164062,0.0004073143005371094,0.00010302066802978516,0.6127450980392157
85,9.085779905319214,0.8457841098308563,0.00047626495361328123,0.00022268295288085938,9.570121765136718e-05,0.45588235294117646
90,9.643465995788574,0.8217902719974518,0.0005059242248535156,0.000498819351196289,9.396076202392579e-05,0.7156862745098039
95,10.208763122558594,0.859128737449646,0.0004841327667236328,0.000407719612121582,0.00010366439819335938,0.8022875816993464
100,10.767720937728882,0.4767315909266472,0.0005045413970947265,0.0004060983657836914,0.00010144710540771484,0.7418300653594772
105,11.330353021621704,0.8420611266046762,0.0004813671112060547,0.0002222776412963867,9.78231430053711e-05,0.6486928104575164
110,11.887078046798706,0.5856031621806324,0.0004892349243164062,0.0004073143005371094,0.00010352134704589843,0.7892156862745098
115,12.447803974151611,0.4415672916918993,0.0005137920379638672,0.0006838560104370118,9.949207305908203e-05,0.47549019607843135
120,13.060101985931396,0.43314054105430844,0.0004957199096679687,0.0004996299743652344,0.00010964870452880859,0.8202614379084967
125,13.624706029891968,0.5012113206088543,0.00047626495361328123,0.00022268295288085938,9.777545928955079e-05,0.7810457516339869
130,14.184931993484497,0.38401516787707807,0.00048274993896484374,0.0003149986267089844,9.274482727050781e-05,0.7549019607843137
135,14.741366863250732,0.5921900033950805,0.0005073070526123047,0.0005915403366088867,9.953975677490234e-05,0.8496732026143791
140,15.300210952758789,0.45156016377732155,0.0005124092102050781,0.0005911350250244141,9.899139404296875e-05,0.7222222222222222
145,15.855916976928711,0.3901393456500955,0.0005124092102050781,0.0005911350250244141,0.00010647773742675782,0.7483660130718954
150,16.41627597808838,0.44965516990050675,0.0005188941955566406,0.000683450698852539,9.865760803222657e-05,0.7875816993464052
155,16.976546049118042,0.8217866811901331,0.0004725456237792969,0.00031580924987792967,9.493827819824218e-05,0.8660130718954249
160,17.53441596031189,0.26865508742630484,0.00048274993896484374,0.0003149986267089844,0.00010962486267089844,0.826797385620915
165,18.10151195526123,0.37479309998452665,0.00048274993896484374,0.0003149986267089844,9.589195251464843e-05,0.8202614379084967
170,18.667316913604736,0.23809083476662635,0.0004929542541503906,0.00031418800354003905,0.00010480880737304688,0.8218954248366013
175,19.234494924545288,0.34580965689383447,0.0004994392395019532,0.00040650367736816406,0.00010263919830322266,0.880718954248366
180,19.789735078811646,0.3430425341241062,0.0005008220672607422,0.0004992246627807617,0.00010383129119873047,0.8643790849673203
185,20.354066848754883,0.14389611205551772,0.0005110263824462891,0.0004984140396118164,0.00010302066802978516,0.8594771241830066
190,20.9190890789032,0.5540858884109184,0.0004674434661865234,0.00031621456146240233,0.00011022090911865235,0.8709150326797386
195,21.497047901153564,0.4757138596847653,0.0005059242248535156,0.000498819351196289,0.0001003265380859375,0.8349673202614379
200,22.055538177490234,0.3424164615571499,0.0004892349243164062,0.0004073143005371094,9.19342041015625e-05,0.8611111111111112
205,22.679229974746704,0.5002629629103467,0.0005086898803710937,0.0006842613220214844,9.913444519042969e-05,0.8970588235294118
210,23.238497018814087,0.1517615261604078,0.00047764778137207033,0.00031540393829345705,9.741783142089844e-05,0.9019607843137255
215,23.795342922210693,0.1181891817948781,0.0005304813385009766,0.0007753610610961914,9.860992431640626e-05,0.8839869281045751
220,24.351108074188232,0.3433686237432994,0.0005137920379638672,0.0006838560104370118,0.00010030269622802734,0.8921568627450981
225,24.905921936035156,0.2975803823093884,0.0004929542541503906,0.00031418800354003905,9.262561798095703e-05,0.8741830065359477
230,25.461630821228027,0.24364914150937694,0.0005073070526123047,0.0005915403366088867,9.777545928955079e-05,0.8594771241830066
235,26.012555837631226,0.30708691306645053,0.0005059242248535156,0.000498819351196289,9.467601776123047e-05,0.8872549019607843
240,26.573405742645264,0.32857400387438246,0.0005008220672607422,0.0004992246627807617,0.00010225772857666015,0.8611111111111112
245,27.12747097015381,0.41655021416954696,0.0004878520965576172,0.0003145933151245117,9.865760803222657e-05,0.8513071895424836
250,27.687705039978027,0.07474859626963734,0.0005420684814453125,0.0008672714233398437,9.677410125732421e-05,0.8741830065359477
255,28.249436140060425,0.22984499711747047,0.0004711627960205078,0.00022308826446533204,0.00010807514190673828,0.8937908496732027
260,28.815361976623535,0.1375891159870662,0.0004943370819091797,0.00040690898895263673,0.00010120868682861328,0.8741830065359477
265,29.371510982513428,0.45863628989318383,0.0004841327667236328,0.000407719612121582,0.00010161399841308593,0.8970588235294118
270,29.93134307861328,0.5701784188626334,0.0005022048950195313,0.0005919456481933594,9.6893310546875e-05,0.8954248366013072
275,30.485500812530518,0.04966815209954802,0.0005161285400390625,0.0004980087280273438,0.00010254383087158204,0.761437908496732
280,31.040178060531616,0.42557059293071686,0.0004943370819091797,0.00040690898895263673,9.264945983886719e-05,0.815359477124183
285,31.60219097137451,0.4786293517827289,0.0004943370819091797,0.00040690898895263673,0.00012738704681396483,0.8300653594771242
290,32.178683042526245,0.7156866269288003,0.0004878520965576172,0.0003145933151245117,9.66787338256836e-05,0.815359477124183
295,32.78423810005188,0.09006603686721064,0.00047764778137207033,0.00031540393829345705,0.00010001659393310547,0.8496732026143791
300,33.34060478210449,0.40607309583574536,0.0004892349243164062,0.0004073143005371094,0.00010876655578613281,0.8872549019607843
305,33.912672996520996,0.2990100860595703,0.0004711627960205078,0.00022308826446533204,0.00010404586791992187,0.8611111111111112
310,34.47843098640442,0.6132008381187916,0.0005239963531494141,0.0006830453872680664,0.00010704994201660156,0.8758169934640523
315,35.04292178153992,0.5596949107944965,0.0005008220672607422,0.0004992246627807617,0.00010309219360351562,0.9166666666666666
320,35.61160492897034,0.32474572625942527,0.0005239963531494141,0.0006830453872680664,9.865760803222657e-05,0.9199346405228758
325,36.17990279197693,0.34325451822951436,0.00048274993896484374,0.0003149986267089844,9.732246398925781e-05,0.9297385620915033
330,36.742976903915405,0.2538107860833406,0.00048274993896484374,0.0003149986267089844,0.00010669231414794922,0.9313725490196079
335,37.30941104888916,0.24609231315553187,0.00048274993896484374,0.0003149986267089844,9.708404541015625e-05,0.9281045751633987
340,37.87029790878296,0.20205789028550497,0.0005008220672607422,0.0004992246627807617,9.987354278564453e-05,0.8937908496732027
345,38.42802286148071,0.21252100993151543,0.0004994392395019532,0.00040650367736816406,9.329319000244141e-05,0.8970588235294118
350,38.98779892921448,0.272794651860022,0.0004957199096679687,0.0004996299743652344,0.00010197162628173828,0.9313725490196079
355,39.54424786567688,0.07993747575164889,0.0005110263824462891,0.0004984140396118164,9.627342224121094e-05,0.9019607843137255
360,40.10280990600586,0.3218149754764454,0.0004957199096679687,0.0004996299743652344,9.775161743164062e-05,0.8905228758169934
365,40.658668994903564,0.5213242781044756,0.0004725456237792969,0.00031580924987792967,0.00010564327239990235,0.8594771241830066
370,41.21484088897705,0.11809701032070734,0.0005073070526123047,0.0005915403366088867,0.00010166168212890624,0.8284313725490197
375,41.814493894577026,0.24351590488658986,0.0004943370819091797,0.00040690898895263673,0.00010015964508056641,0.8562091503267973
380,42.37864279747009,0.0787522743921727,0.00046095848083496096,0.00022389888763427735,0.00010104179382324219,0.8986928104575164
385,42.937246799468994,0.14392595568206162,0.0004841327667236328,0.000407719612121582,0.00010766983032226563,0.9199346405228758
390,43.49594783782959,0.3419251178158447,0.00047626495361328123,0.00022268295288085938,9.915828704833984e-05,0.8856209150326797
395,44.05753207206726,0.10207280677241215,0.0005008220672607422,0.0004992246627807617,0.00011255741119384766,0.8823529411764706
400,44.61256289482117,0.5286630127287936,0.0004892349243164062,0.0004073143005371094,0.00010347366333007812,0.9183006535947712
405,45.18334889411926,0.16398252773105923,0.0004929542541503906,0.00031418800354003905,0.00012395381927490234,0.934640522875817
410,45.748451948165894,0.1349551365710795,0.0004980564117431641,0.0003137826919555664,0.00010433197021484376,0.9313725490196079
415,46.30391502380371,0.10092967354758002,0.0004790306091308594,0.0004081249237060547,9.832382202148437e-05,0.9215686274509803
420,46.86160492897034,0.21391616771106783,0.0005124092102050781,0.0005911350250244141,0.00010247230529785157,0.9281045751633987
425,47.422547817230225,0.14312893019341572,0.0005022048950195313,0.0005919456481933594,9.66787338256836e-05,0.9117647058823529
430,47.975228786468506,0.17253796487348155,0.00047626495361328123,0.00022268295288085938,0.00010752677917480469,0.9313725490196079
435,48.52939581871033,0.029360272851772607,0.00048274993896484374,0.0003149986267089844,9.834766387939453e-05,0.9330065359477124
440,49.084444999694824,0.14843176465965371,0.0004957199096679687,0.0004996299743652344,9.789466857910157e-05,0.9313725490196079
445,49.63750600814819,0.43926246926985185,0.0005124092102050781,0.0005911350250244141,0.00010406970977783203,0.9330065359477124
450,50.193235874176025,0.30095524154860415,0.0005059242248535156,0.000498819351196289,9.510517120361328e-05,0.9084967320261438
455,50.74533700942993,0.15710135730414548,0.0005188941955566406,0.000683450698852539,0.000101470947265625,0.8464052287581699
460,51.29581093788147,0.44714144568515624,0.0004841327667236328,0.000407719612121582,0.00010056495666503907,0.8709150326797386
465,51.845314025878906,0.179895217041485,0.00048274993896484374,0.0003149986267089844,9.055137634277344e-05,0.9493464052287581
470,52.40498399734497,0.3626192153151351,0.0004892349243164062,0.0004073143005371094,0.00010232925415039062,0.9264705882352942
475,52.960248947143555,0.07161993274203268,0.0004878520965576172,0.0003145933151245117,9.934902191162109e-05,0.9052287581699346
480,53.514333963394165,0.1693205078918254,0.0004929542541503906,0.00031418800354003905,9.980201721191407e-05,0.9019607843137255
485,54.07407307624817,0.32868263099662726,0.0005008220672607422,0.0004992246627807617,0.0001043081283569336,0.9019607843137255
490,54.63057088851929,0.23581525623376365,0.0005175113677978515,0.0005907297134399414,9.829998016357422e-05,0.9068627450980392
495,55.233543157577515,0.1054632266110275,0.00046606063842773436,0.00022349357604980468,0.00010068416595458985,0.9052287581699346
500,55.78497505187988,0.3150087650437854,0.0005008220672607422,0.0004992246627807617,9.598731994628907e-05,0.8774509803921569
505,56.33437395095825,0.20553774757372595,0.0004943370819091797,0.00040690898895263673,9.851455688476562e-05,0.8758169934640523
510,56.88455605506897,0.45362727117781104,0.0005086898803710937,0.0006842613220214844,0.00010936260223388672,0.8970588235294118
515,57.43536996841431,0.2912493747881399,0.0004892349243164062,0.0004073143005371094,9.5367431640625e-05,0.9281045751633987
520,57.99116802215576,0.13337208948216245,0.0005073070526123047,0.0005915403366088867,0.00010578632354736328,0.9183006535947712
525,58.58421301841736,0.16407181189861147,0.0005137920379638672,0.0006838560104370118,0.00010867118835449219,0.9084967320261438
530,59.204729080200195,0.12197018878359814,0.0005045413970947265,0.0004060983657836914,0.00010609626770019531,0.8921568627450981
535,59.75954604148865,0.08826481129508465,0.0005073070526123047,0.0005915403366088867,0.00010509490966796875,0.9019607843137255
540,60.30966281890869,0.2664726616842927,0.0005008220672607422,0.0004992246627807617,0.00010004043579101563,0.9264705882352942
545,60.8586049079895,0.17204371022346548,0.0004943370819091797,0.00040690898895263673,9.715557098388672e-05,0.9166666666666666
550,61.40372896194458,0.1955786502920091,0.0004943370819091797,0.00040690898895263673,0.0001062154769897461,0.9003267973856209
555,61.95624589920044,0.037590174021926256,0.0005420684814453125,0.0008672714233398437,0.00010349750518798829,0.9166666666666666
560,62.50545406341553,0.07223335846465488,0.00047626495361328123,0.00022268295288085938,0.00010917186737060546,0.9101307189542484
565,63.05391502380371,0.1863889851694694,0.0004892349243164062,0.0004073143005371094,0.0001049041748046875,0.9297385620915033
570,63.60230278968811,0.12015071421046741,0.0004957199096679687,0.0004996299743652344,0.0001016378402709961,0.9297385620915033
575,64.15384888648987,0.44934917413629594,0.0004906177520751954,0.0005000352859497071,0.000109100341796875,0.9248366013071896
580,64.70431303977966,0.225938593230876,0.0005096435546875,0.00040569305419921873,9.930133819580078e-05,0.9199346405228758
585,65.25100779533386,0.1988923868862912,0.0005008220672607422,0.0004992246627807617,0.00010530948638916015,0.8921568627450981
590,65.7991578578949,0.45825398159584124,0.0004943370819091797,0.00040690898895263673,0.0001013040542602539,0.9019607843137255
595,66.39490294456482,0.3704938677409245,0.0004943370819091797,0.00040690898895263673,0.00010068416595458985,0.9084967320261438
600,66.94683885574341,0.08441109899250136,0.00048274993896484374,0.0003149986267089844,0.00010073184967041016,0.9264705882352942
605,67.50030303001404,0.14518980199540152,0.0004943370819091797,0.00040690898895263673,0.00010330677032470703,0.9379084967320261
610,68.05170798301697,0.19325621847528965,0.00046606063842773436,0.00022349357604980468,0.00010738372802734374,0.880718954248366
615,68.60454392433167,0.3770497466109418,0.0005124092102050781,0.0005911350250244141,9.710788726806641e-05,0.9068627450980392
620,69.16030406951904,0.18105350486002864,0.0005073070526123047,0.0005915403366088867,0.00010383129119873047,0.9428104575163399
625,69.71587085723877,0.05404588547535951,0.0005175113677978515,0.0005907297134399414,0.00010495185852050781,0.9477124183006536
630,70.27094101905823,0.11056322653312237,0.0004892349243164062,0.0004073143005371094,0.00010542869567871093,0.946078431372549
635,70.82365989685059,0.14044159632176162,0.00047626495361328123,0.00022268295288085938,0.00010268688201904297,0.946078431372549
640,71.37855100631714,0.06725645725382493,0.0004994392395019532,0.00040650367736816406,9.834766387939453e-05,0.9477124183006536
645,71.930743932724,0.04874608165064416,0.0004841327667236328,0.000407719612121582,0.00010123252868652344,0.9379084967320261
650,72.48296117782593,0.15083432475221342,0.0005110263824462891,0.0004984140396118164,9.961128234863282e-05,0.9477124183006536
655,73.03749489784241,0.16084055316466675,0.0004892349243164062,0.0004073143005371094,0.00010857582092285156,0.9526143790849673
660,73.58835983276367,0.01687719098699745,0.0005059242248535156,0.000498819351196289,0.00010514259338378906,0.9199346405228758
665,74.14460587501526,0.017682958588920883,0.0005073070526123047,0.0005915403366088867,9.3841552734375e-05,0.8905228758169934
670,74.69655013084412,0.7930349844512647,0.00046606063842773436,0.00022349357604980468,0.00010364055633544922,0.9166666666666666
675,75.24258804321289,0.01666138277651328,0.0005137920379638672,0.0006838560104370118,0.00010666847229003906,0.8627450980392157
680,75.83523988723755,0.015257207409014484,0.0004892349243164062,0.0004073143005371094,0.00010089874267578125,0.8006535947712419
685,76.3881299495697,0.22355019498027104,0.00046606063842773436,0.00022349357604980468,0.00010883808135986328,0.8611111111111112
690,76.93888998031616,0.43190819188321256,0.00047764778137207033,0.00031540393829345705,0.00010199546813964844,0.8872549019607843
695,77.49245882034302,0.5230514636146836,0.0004711627960205078,0.00022308826446533204,0.0001032114028930664,0.9264705882352942
700,78.0450427532196,0.1907771585585607,0.0005008220672607422,0.0004992246627807617,0.00010979175567626953,0.9183006535947712
705,78.59211683273315,0.4151697967789005,0.0004943370819091797,0.00040690898895263673,0.00010378360748291016,0.9215686274509803
710,79.14653205871582,0.18575048932268032,0.0004943370819091797,0.00040690898895263673,9.815692901611328e-05,0.9264705882352942
715,79.6985650062561,0.05319519328768365,0.0004915714263916016,0.0002214670181274414,9.987354278564453e-05,0.9313725490196079
720,80.25772595405579,0.11990519331448582,0.0004841327667236328,0.000407719612121582,9.85860824584961e-05,0.9362745098039216
725,80.81362390518188,0.19060453006554212,0.0005073070526123047,0.0005915403366088867,9.276866912841797e-05,0.9313725490196079
730,81.36234784126282,0.0535269206393167,0.0005073070526123047,0.0005915403366088867,0.00010137557983398437,0.9379084967320261
735,81.91006302833557,0.2615135371976066,0.00048274993896484374,0.0003149986267089844,9.837150573730469e-05,0.9477124183006536
740,82.46515798568726,0.01685237806668738,0.0004878520965576172,0.0003145933151245117,9.8419189453125e-05,0.9411764705882353
745,83.01419997215271,0.1037490955090135,0.0004841327667236328,0.000407719612121582,0.00010082721710205078,0.9477124183006536
750,83.56500291824341,0.33131057815626264,0.0005073070526123047,0.0005915403366088867,0.00010409355163574219,0.9477124183006536
755,84.11494994163513,0.16423590276390315,0.0005059242248535156,0.000498819351196289,9.710788726806641e-05,0.9330065359477124
760,84.66247892379761,0.06787483385414958,0.0005124092102050781,0.0005911350250244141,0.00010356903076171874,0.9052287581699346
765,85.21216201782227,0.09070443315431476,0.0005073070526123047,0.0005915403366088867,0.00010025501251220703,0.8856209150326797
770,85.80398797988892,0.15798502453653782,0.00048274993896484374,0.0003149986267089844,0.00010175704956054688,0.9281045751633987
775,86.35482215881348,0.5697542738053016,0.0004725456237792969,0.00031580924987792967,9.136199951171875e-05,0.9509803921568627
780,86.90449500083923,0.03419803277356692,0.0004994392395019532,0.00040650367736816406,0.00010061264038085938,0.9199346405228758
785,87.4586410522461,0.14370400813859874,0.0004878520965576172,0.0003145933151245117,0.00010113716125488281,0.9150326797385621
790,88.01657581329346,0.22871472209226482,0.0005059242248535156,0.000498819351196289,0.00010974407196044922,0.9133986928104575
795,88.56876683235168,0.1273228232185261,0.0005059242248535156,0.000498819351196289,9.6893310546875e-05,0.9183006535947712
800,89.12356400489807,0.06871340375437285,0.00048274993896484374,0.0003149986267089844,0.00010066032409667968,0.9215686274509803
805,89.67600297927856,0.2119002320338211,0.0004892349243164062,0.0004073143005371094,9.605884552001953e-05,0.9166666666666666
810,90.23547315597534,0.21508161532183295,0.0004943370819091797,0.00040690898895263673,9.760856628417968e-05,0.9019607843137255
815,90.7933931350708,0.47264917501626086,0.0005202770233154296,0.0007761716842651367,9.474754333496093e-05,0.9199346405228758
820,91.3498101234436,0.2819092890160405,0.00047764778137207033,0.00031540393829345705,9.93967056274414e-05,0.9477124183006536
825,91.89388799667358,0.10488295880786894,0.0005073070526123047,0.0005915403366088867,9.143352508544922e-05,0.9395424836601307
830,92.44180917739868,0.2374040364244138,0.0005022048950195313,0.0005919456481933594,0.00010073184967041016,0.9166666666666666
835,92.99672198295593,0.04784427883569151,0.000522613525390625,0.0005903244018554688,9.968280792236329e-05,0.923202614379085
840,93.54128098487854,0.12044719742843882,0.0005124092102050781,0.0005911350250244141,9.450912475585937e-05,0.9313725490196079
845,94.08999276161194,0.2292775414942639,0.0004841327667236328,0.000407719612121582,9.961128234863282e-05,0.9428104575163399
850,94.68726181983948,0.1762048087252424,0.0004943370819091797,0.00040690898895263673,9.372234344482422e-05,0.9444444444444444
855,95.23255109786987,0.11350728985166825,0.0004994392395019532,0.00040650367736816406,9.789466857910157e-05,0.9313725490196079
860,95.78069186210632,0.045970920653053325,0.000536966323852539,0.0008676767349243164,0.00010211467742919922,0.9101307189542484
865,96.32686305046082,0.023231128785459985,0.00048274993896484374,0.0003149986267089844,9.887218475341797e-05,0.9084967320261438
870,96.87078189849854,0.35667724204759,0.0004878520965576172,0.0003145933151245117,0.00010390281677246094,0.9166666666666666
875,97.41467785835266,0.06609650024911388,0.0004957199096679687,0.0004996299743652344,0.00010631084442138671,0.9379084967320261
880,97.95920491218567,0.303109718428459,0.0004906177520751954,0.0005000352859497071,0.000104522705078125,0.9444444444444444
885,98.51422882080078,0.2596590652843588,0.0005045413970947265,0.0004060983657836914,9.253025054931641e-05,0.9526143790849673
890,99.06390500068665,0.007504897136823274,0.0005124092102050781,0.0005911350250244141,9.930133819580078e-05,0.9575163398692811
895,99.6132709980011,0.2004249628662194,0.0004994392395019532,0.00040650367736816406,0.00010933876037597657,0.9444444444444444
900,100.1634590625763,0.44310513695238,0.0004943370819091797,0.00040690898895263673,0.00010673999786376953,0.9379084967320261
905,100.71703004837036,0.038526231236755845,0.00048274993896484374,0.0003149986267089844,9.958744049072265e-05,0.9362745098039216
910,101.26562404632568,0.17106284820474685,0.00047764778137207033,0.00031540393829345705,9.801387786865235e-05,0.9428104575163399
915,101.81566882133484,0.1752866642084001,0.00048274993896484374,0.0003149986267089844,9.849071502685547e-05,0.946078431372549
920,102.36531400680542,0.1343774257694122,0.0004957199096679687,0.0004996299743652344,0.00011172294616699219,0.9362745098039216
925,102.9181900024414,0.05766933885024628,0.0005124092102050781,0.0005911350250244141,0.00010428428649902343,0.9395424836601307
930,103.46489214897156,0.059964024755754505,0.0005124092102050781,0.0005911350250244141,0.00010385513305664063,0.9428104575163399
935,104.015389919281,0.05187001253652852,0.0004892349243164062,0.0004073143005371094,0.00010051727294921876,0.9444444444444444
940,104.57184791564941,0.08913559200591407,0.0004878520965576172,0.0003145933151245117,0.00010540485382080079,0.9493464052287581
945,105.12862515449524,0.06988366914883955,0.0004994392395019532,0.00040650367736816406,0.00010821819305419921,0.9493464052287581
950,105.68010783195496,0.021929008120062578,0.0004725456237792969,0.00031580924987792967,0.00010724067687988282,0.9444444444444444
955,106.22942900657654,0.11082375933856384,0.0005110263824462891,0.0004984140396118164,0.00010397434234619141,0.9477124183006536
960,106.77567601203918,0.02172037322688993,0.0004892349243164062,0.0004073143005371094,0.00010943412780761719,0.9379084967320261
965,107.32634496688843,0.19328654371038284,0.0005124092102050781,0.0005911350250244141,9.701251983642578e-05,0.9183006535947712
970,107.92062401771545,0.012639541363114404,0.0005124092102050781,0.0005911350250244141,0.00010344982147216796,0.9003267973856209
975,108.47090101242065,0.8791105407295874,0.00046095848083496096,0.00022389888763427735,0.00010068416595458985,0.9444444444444444
980,109.0168559551239,0.004992998991855302,0.0005239963531494141,0.0006830453872680664,9.768009185791015e-05,0.9003267973856209
985,109.57067203521729,0.0053119917050935325,0.00047764778137207033,0.00031540393829345705,0.00010666847229003906,0.869281045751634
990,110.12205100059509,0.081263622338912,0.0004725456237792969,0.00031580924987792967,9.055137634277344e-05,0.8594771241830066
995,110.66888284683228,0.03962768453640706,0.00046606063842773436,0.00022349357604980468,0.00010895729064941406,0.8643790849673203
1000,111.22166895866394,0.9428891013740668,0.00048274993896484374,0.0003149986267089844,0.00011081695556640625,0.8888888888888888
1005,111.77223014831543,0.4061465466848858,0.0004943370819091797,0.00040690898895263673,9.512901306152344e-05,0.9313725490196079
1010,112.32171988487244,0.24887823775643625,0.0004892349243164062,0.0004073143005371094,0.00010027885437011719,0.9411764705882353
1015,112.87561988830566,0.017322834895554706,0.0005059242248535156,0.000498819351196289,9.429454803466797e-05,0.9591503267973857
1020,113.42759394645691,0.1247524319216609,0.0004915714263916016,0.0002214670181274414,0.00010232925415039062,0.946078431372549
1025,113.98513889312744,0.12052609943566495,0.0004892349243164062,0.0004073143005371094,0.00010206699371337891,0.9575163398692811
1030,114.5448968410492,0.07504591594916263,0.0004841327667236328,0.000407719612121582,0.00011050701141357422,0.9558823529411765
1035,115.10113096237183,0.1510269029298854,0.0005188941955566406,0.000683450698852539,0.00011065006256103516,0.9624183006535948
1040,115.65488886833191,0.15956934718124102,0.00047764778137207033,0.00031540393829345705,0.0001055002212524414,0.9591503267973857
1045,116.21427917480469,0.007611332821397809,0.0004943370819091797,0.00040690898895263673,9.47713851928711e-05,0.9509803921568627
1050,116.77164793014526,0.06893614775326569,0.00048274993896484374,0.0003149986267089844,0.00010776519775390625,0.9509803921568627
1055,117.32988595962524,0.3171574183739779,0.0005073070526123047,0.0005915403366088867,9.772777557373046e-05,0.9509803921568627
1060,117.88642716407776,0.1569943374750437,0.0005073070526123047,0.0005915403366088867,0.00010588169097900391,0.946078431372549
1065,118.4417200088501,0.04312160061963368,0.0005124092102050781,0.0005911350250244141,0.00010201930999755859,0.9297385620915033
1070,119.0436577796936,0.06486087844605208,0.0005175113677978515,0.0005907297134399414,8.978843688964844e-05,0.9084967320261438
1075,119.59411811828613,0.05331227906285676,0.0004725456237792969,0.00031580924987792967,9.233951568603516e-05,0.8970588235294118
1080,120.1451518535614,0.6877937278884929,0.0004711627960205078,0.00022308826446533204,0.00010819435119628907,0.9395424836601307
1085,120.69715905189514,0.033171437829150816,0.0004994392395019532,0.00040650367736816406,0.00010342597961425782,0.9493464052287581
1090,121.24999809265137,0.035296328336698934,0.00048274993896484374,0.0003149986267089844,9.732246398925781e-05,0.9313725490196079
1095,121.80781698226929,0.021990744604590873,0.0005110263824462891,0.0004984140396118164,9.696483612060547e-05,0.9248366013071896
1100,122.36064291000366,0.14602125325473167,0.0005073070526123047,0.0005915403366088867,0.00010399818420410156,0.9313725490196079
1105,122.9105589389801,0.036106431143389274,0.0004878520965576172,0.0003145933151245117,9.849071502685547e-05,0.9297385620915033
1110,123.46021008491516,0.16695124417747137,0.0004711627960205078,0.00022308826446533204,0.00010011196136474609,0.923202614379085
1115,124.00773596763611,0.31637150366213973,0.0005124092102050781,0.0005911350250244141,9.768009185791015e-05,0.9183006535947712
1120,124.55778193473816,0.12483958746795736,0.0005022048950195313,0.0005919456481933594,0.00010230541229248047,0.9199346405228758
1125,125.10598278045654,0.5517355760003738,0.0004957199096679687,0.0004996299743652344,0.00010120868682861328,0.9509803921568627
1130,125.65427803993225,0.08623887438734527,0.0004957199096679687,0.0004996299743652344,9.913444519042969e-05,0.946078431372549
1135,126.19878602027893,0.04689367756654974,0.0005188941955566406,0.000683450698852539,9.617805480957031e-05,0.9215686274509803
1140,126.75105285644531,0.32993231716100124,0.0005124092102050781,0.0005911350250244141,0.00010988712310791015,0.9281045751633987
1145,127.30453896522522,0.09981680350319948,0.0005059242248535156,0.000498819351196289,0.00010051727294921876,0.9411764705882353
1150,127.85258889198303,0.18997307356040097,0.0004892349243164062,0.0004073143005371094,0.0001018524169921875,0.9395424836601307
1155,128.44151902198792,0.1696745595812672,0.0005008220672607422,0.0004992246627807617,9.21487808227539e-05,0.9624183006535948
1160,128.98529601097107,0.014756103250897467,0.0004943370819091797,0.00040690898895263673,9.777545928955079e-05,0.9444444444444444
1165,129.53175687789917,0.11783790682529797,0.0005239963531494141,0.0006830453872680664,9.274482727050781e-05,0.9281045751633987
1170,130.08061504364014,0.027416866984822263,0.0005008220672607422,0.0004992246627807617,9.634494781494141e-05,0.9183006535947712
1175,130.6326389312744,0.28934381750445937,0.00047626495361328123,0.00022268295288085938,9.684562683105468e-05,0.9248366013071896
1180,131.1779980659485,0.040701229122350926,0.0004892349243164062,0.0004073143005371094,0.00010366439819335938,0.946078431372549
1185,131.72609996795654,0.14648187391576356,0.0004906177520751954,0.0005000352859497071,9.224414825439453e-05,0.9591503267973857
1190,132.27659487724304,0.3191683679802736,0.0005110263824462891,0.0004984140396118164,9.78231430053711e-05,0.9656862745098039
1195,132.82714891433716,0.006746925535844639,0.0005175113677978515,0.0005907297134399414,0.00010309219360351562,0.9591503267973857
1200,133.37418389320374,0.07575057876606905,0.0005008220672607422,0.0004992246627807617,9.226799011230469e-05,0.9509803921568627
1205,133.92105793952942,0.2530558548285626,0.0004994392395019532,0.00040650367736816406,0.00010011196136474609,0.9428104575163399
1210,134.46702885627747,0.11917253618221366,0.00048274993896484374,0.0003149986267089844,0.00010120868682861328,0.9477124183006536
1215,135.01474905014038,0.10664397307555191,0.00046606063842773436,0.00022349357604980468,9.820461273193359e-05,0.9477124183006536
1220,135.55907082557678,0.11860720202384982,0.0004943370819091797,0.00040690898895263673,0.00010304450988769531,0.9379084967320261
1225,136.10033702850342,0.05292529010366707,0.0004841327667236328,0.000407719612121582,9.655952453613281e-05,0.923202614379085
1230,136.64213299751282,0.08341394798480906,0.0005059242248535156,0.000498819351196289,0.00010275840759277344,0.9362745098039216
1235,137.19234609603882,0.08750555978394914,0.0005124092102050781,0.0005911350250244141,9.820461273193359e-05,0.946078431372549
1240,137.74182605743408,0.023000485820375616,0.0005124092102050781,0.0005911350250244141,9.396076202392579e-05,0.954248366013072
1245,138.33873295783997,0.03244542167813051,0.00048274993896484374,0.0003149986267089844,9.708404541015625e-05,0.9558823529411765
1250,138.8873450756073,0.05480970624485053,0.0004878520965576172,0.0003145933151245117,0.0001064300537109375,0.954248366013072
1255,139.4304120540619,0.010545534702578152,0.0004841327667236328,0.000407719612121582,0.00010929107666015624,0.9526143790849673
1260,139.97830390930176,0.1167276718782432,0.0004994392395019532,0.00040650367736816406,9.808540344238281e-05,0.9526143790849673
1265,140.52424478530884,0.007614234542688792,0.0004943370819091797,0.00040690898895263673,9.78708267211914e-05,0.946078431372549
1270,141.06851387023926,0.0317828148933927,0.0005008220672607422,0.0004992246627807617,0.00010495185852050781,0.9493464052287581
1275,141.6099829673767,0.011117111456002249,0.0005239963531494141,0.0006830453872680664,0.00010783672332763672,0.934640522875817
1280,142.15034008026123,0.4164230801747479,0.0004725456237792969,0.00031580924987792967,9.641647338867187e-05,0.946078431372549
1285,142.69615292549133,0.0028586306099896317,0.0005008220672607422,0.0004992246627807617,9.970664978027343e-05,0.9526143790849673
1290,143.24063301086426,0.0014580213883164106,0.00047764778137207033,0.00031540393829345705,8.933544158935547e-05,0.9444444444444444
1295,143.78892993927002,0.01125105617660438,0.0004841327667236328,0.000407719612121582,0.00010004043579101563,0.9297385620915033
1300,144.3368890285492,0.011950016875198343,0.00047764778137207033,0.00031540393829345705,0.00010037422180175781,0.9264705882352942
1305,144.88363695144653,0.920338279097632,0.00047764778137207033,0.00031540393829345705,9.660720825195312e-05,0.9428104575163399
1310,145.43026494979858,0.16052966348033806,0.00048274993896484374,0.0003149986267089844,0.00010409355163574219,0.9509803921568627
1315,145.97140192985535,0.3259348110578685,0.0004943370819091797,0.00040690898895263673,9.88006591796875e-05,0.9395424836601307
1320,146.5161108970642,0.25763129745973856,0.0005008220672607422,0.0004992246627807617,9.913444519042969e-05,0.9558823529411765
1325,147.107745885849,0.1576215555785893,0.0004980564117431641,0.0003137826919555664,9.639263153076172e-05,0.9558823529411765
1330,147.65127396583557,0.1971678490168415,0.00048274993896484374,0.0003149986267089844,9.694099426269532e-05,0.9428104575163399
1335,148.20374584197998,0.05004943362441736,0.0004892349243164062,0.0004073143005371094,0.00010454654693603516,0.9640522875816994
1340,148.7526319026947,0.07502863455374609,0.0005253791809082031,0.0007757663726806641,0.00010213851928710937,0.9656862745098039
1345,149.30335879325867,0.0923856319161132,0.0004725456237792969,0.00031580924987792967,9.493827819824218e-05,0.9656862745098039
1350,149.84521579742432,0.0221229531805875,0.0004813671112060547,0.0002222776412963867,0.0001112222671508789,0.9640522875816994
1355,150.3961730003357,0.059864407581915205,0.0004943370819091797,0.00040690898895263673,9.975433349609374e-05,0.9558823529411765
1360,150.9474139213562,0.2632524867542088,0.0004957199096679687,0.0004996299743652344,9.989738464355469e-05,0.9558823529411765
1365,151.51226687431335,0.2102477317712328,0.0005188941955566406,0.000683450698852539,9.3841552734375e-05,0.9673202614379085
1370,152.0651409626007,0.07353265879210084,0.0005124092102050781,0.0005911350250244141,9.66787338256836e-05,0.9379084967320261
1375,152.61418795585632,0.09315598104112724,0.0005239963531494141,0.0006830453872680664,9.434223175048828e-05,0.923202614379085
1380,153.16667485237122,0.05649712098529562,0.00046095848083496096,0.00022389888763427735,0.00010471343994140625,0.9133986928104575
1385,153.71165299415588,0.2647742799839762,0.00048274993896484374,0.0003149986267089844,0.00010697841644287109,0.9264705882352942
1390,154.26057386398315,0.2296094622475721,0.0004878520965576172,0.0003145933151245117,9.546279907226562e-05,0.9575163398692811
1395,154.8105959892273,0.05382830778544303,0.0004943370819091797,0.00040690898895263673,0.0001003265380859375,0.9591503267973857
1400,155.36017489433289,0.024630124221221194,0.0004994392395019532,0.00040650367736816406,9.851455688476562e-05,0.9509803921568627
1405,155.90718793869019,0.07615869550209027,0.0005124092102050781,0.0005911350250244141,0.00010187625885009766,0.9444444444444444
1410,156.45458817481995,0.030828765644037047,0.0004994392395019532,0.00040650367736816406,9.989738464355469e-05,0.9411764705882353
1415,156.99649095535278,0.1289203851531056,0.00046606063842773436,0.00022349357604980468,0.00010173320770263672,0.9313725490196079
1420,157.533616065979,0.03002060675685243,0.0005008220672607422,0.0004992246627807617,9.970664978027343e-05,0.9150326797385621
1425,158.07623100280762,0.3548647666144646,0.0005073070526123047,0.0005915403366088867,0.00010268688201904297,0.9150326797385621
1430,158.62479305267334,0.5607720323489616,0.0004971027374267578,0.000592350959777832,9.829998016357422e-05,0.9264705882352942
1435,159.16929292678833,0.17913589556983425,0.00048274993896484374,0.0003149986267089844,9.162425994873047e-05,0.9607843137254902
1440,159.7169280052185,0.01693789586533967,0.0005253791809082031,0.0007757663726806641,0.00010449886322021485,0.9738562091503268
1445,160.31586980819702,0.2529501655139029,0.0005188941955566406,0.000683450698852539,9.839534759521484e-05,0.9591503267973857
1450,160.86669778823853,0.05773321632150328,0.0004929542541503906,0.00031418800354003905,9.920597076416016e-05,0.9591503267973857
1455,161.41572499275208,0.15914927692501807,0.0004957199096679687,0.0004996299743652344,0.00010180473327636719,0.946078431372549
1460,161.96614909172058,0.2738698240209544,0.0005124092102050781,0.0005911350250244141,0.00010349750518798829,0.9493464052287581
1465,162.51932311058044,0.1092733664606385,0.0004892349243164062,0.0004073143005371094,0.00010089874267578125,0.9820261437908496
1470,163.06669092178345,0.11239395351149142,0.0005110263824462891,0.0004984140396118164,0.00010416507720947265,0.9509803921568627
1475,163.61410093307495,0.017403771588851667,0.0005239963531494141,0.0006830453872680664,9.999275207519531e-05,0.9330065359477124
1480,164.16102385520935,0.10868347139663684,0.0004711627960205078,0.00022308826446533204,9.610652923583985e-05,0.9313725490196079
1485,164.7084720134735,0.14122154709984897,0.0004943370819091797,0.00040690898895263673,0.000110626220703125,0.9673202614379085
1490,165.25656485557556,0.057384877389995384,0.0004906177520751954,0.0005000352859497071,0.00011208057403564454,0.9689542483660131
1495,165.80226182937622,0.21070347876266168,0.0005008220672607422,0.0004992246627807617,0.000104522705078125,0.9754901960784313
1500,166.35281610488892,0.002393298773495189,0.0005110263824462891,0.0004984140396118164,0.0001010894775390625,0.9771241830065359
1505,166.89446806907654,0.03229217707194039,0.0005124092102050781,0.0005911350250244141,0.00010488033294677734,0.9656862745098039
1510,167.43813800811768,0.1730626319566113,0.0004813671112060547,0.0002222776412963867,9.944438934326172e-05,0.9640522875816994
1515,167.9808759689331,0.08514710888122182,0.0004943370819091797,0.00040690898895263673,0.00010657310485839844,0.9656862745098039
1520,168.52819800376892,0.07471463124161346,0.00046095848083496096,0.00022389888763427735,9.934902191162109e-05,0.9640522875816994
1525,169.07382011413574,0.052668624787474985,0.0004943370819091797,0.00040690898895263673,9.412765502929688e-05,0.9591503267973857
1530,169.62390279769897,0.03943308855159557,0.0004892349243164062,0.0004073143005371094,0.00010344982147216796,0.934640522875817
1535,170.17259883880615,0.12192521913493692,0.0005124092102050781,0.0005911350250244141,0.00010595321655273437,0.9509803921568627
1540,170.71762609481812,0.04404154248040868,0.0005059242248535156,0.000498819351196289,9.851455688476562e-05,0.9575163398692811
1545,171.31705498695374,0.011753233624494897,0.0005124092102050781,0.0005911350250244141,9.758472442626953e-05,0.9591503267973857
1550,171.8595380783081,0.022857554115762468,0.00048274993896484374,0.0003149986267089844,0.00010824203491210938,0.9624183006535948
1555,172.4054570198059,0.09421255239722086,0.0004943370819091797,0.00040690898895263673,0.00011334419250488281,0.9607843137254902
1560,172.950364112854,0.00378670578056699,0.0004892349243164062,0.0004073143005371094,9.720325469970703e-05,0.9624183006535948
1565,173.4954869747162,0.005397544465529336,0.00048274993896484374,0.0003149986267089844,0.000103759765625,0.9640522875816994
1570,174.03306794166565,0.13758192343037762,0.0005059242248535156,0.000498819351196289,9.784698486328124e-05,0.9656862745098039
1575,174.57272219657898,0.01894294264339038,0.0005008220672607422,0.0004992246627807617,0.00010402202606201172,0.9526143790849673
1580,175.1124188899994,0.009661212153744714,0.0005059242248535156,0.000498819351196289,9.894371032714844e-05,0.9411764705882353
1585,175.6492247581482,0.26925120084198395,0.0004841327667236328,0.000407719612121582,0.00010061264038085938,0.9444444444444444
1590,176.18547201156616,0.016867549119342583,0.0004892349243164062,0.0004073143005371094,0.00010006427764892578,0.9624183006535948
1595,176.76328110694885,0.001292564210166347,0.0005008220672607422,0.0004992246627807617,0.00010247230529785157,0.954248366013072
1600,177.36653995513916,0.007159958448437464,0.0004841327667236328,0.000407719612121582,0.00010461807250976563,0.9477124183006536
1605,177.92836499214172,0.018580084371205886,0.00046095848083496096,0.00022389888763427735,0.00011279582977294922,0.9379084967320261
1610,178.46538305282593,0.5513187886179367,0.0004892349243164062,0.0004073143005371094,0.00010027885437011719,0.9558823529411765
1615,179.01018905639648,0.07235340714298673,0.00047626495361328123,0.00022268295288085938,9.675025939941407e-05,0.954248366013072
1620,179.5462031364441,0.00043991965667942166,0.0005059242248535156,0.000498819351196289,0.00010080337524414063,0.9313725490196079
1625,180.0876660346985,0.6538043240327625,0.0004841327667236328,0.000407719612121582,9.901523590087891e-05,0.9379084967320261
1630,180.67432498931885,0.2006437226554681,0.0005045413970947265,0.0004060983657836914,9.865760803222657e-05,0.9526143790849673
1635,181.22047996520996,0.0495413653072319,0.0004813671112060547,0.0002222776412963867,9.97304916381836e-05,0.9395424836601307
1640,181.7661910057068,0.3236528148991056,0.0004892349243164062,0.0004073143005371094,9.260177612304687e-05,0.9411764705882353
1645,182.312402009964,0.09774843812047038,0.0005137920379638672,0.0006838560104370118,0.0001062631607055664,0.9166666666666666
1650,182.8606629371643,0.4562725086696446,0.0004957199096679687,0.0004996299743652344,9.360313415527344e-05,0.9395424836601307
1655,183.40885400772095,0.06730322279836401,0.00047626495361328123,0.00022268295288085938,0.000102996826171875,0.9477124183006536
1660,183.9585828781128,0.022134752563260918,0.00048274993896484374,0.0003149986267089844,0.00010120868682861328,0.954248366013072
1665,184.50182700157166,0.398558162664267,0.0005073070526123047,0.0005915403366088867,9.369850158691406e-05,0.9591503267973857
1670,185.05049204826355,0.42343430024047846,0.0005124092102050781,0.0005911350250244141,9.412765502929688e-05,0.9656862745098039
1675,185.59445691108704,0.07760692883239244,0.0005124092102050781,0.0005911350250244141,9.429454803466797e-05,0.9705882352941176
1680,186.1400020122528,0.023894709632986632,0.0005188941955566406,0.000683450698852539,0.00010001659393310547,0.954248366013072
1685,186.68750619888306,0.0694906822580407,0.0004725456237792969,0.00031580924987792967,0.00010507106781005859,0.9297385620915033
1690,187.23242211341858,0.1427033608091733,0.00048274993896484374,0.0003149986267089844,9.393692016601562e-05,0.9264705882352942
1695,187.78387594223022,0.2599833184049203,0.00048274993896484374,0.0003149986267089844,9.570121765136718e-05,0.9640522875816994
1700,188.3317699432373,0.02883121844715788,0.0004929542541503906,0.00031418800354003905,9.119510650634766e-05,0.9722222222222222
1705,188.88482284545898,0.08798488945267309,0.0004994392395019532,0.00040650367736816406,0.00010106563568115234,0.9722222222222222
1710,189.4270350933075,0.09802601104311463,0.0005008220672607422,0.0004992246627807617,9.663105010986328e-05,0.9607843137254902
1715,189.97498202323914,0.03714140924021194,0.0005110263824462891,0.0004984140396118164,0.00010199546813964844,0.954248366013072
1720,190.5669400691986,0.04260714047013607,0.0004674434661865234,0.00031621456146240233,0.00010206699371337891,0.9477124183006536
1725,191.11234593391418,0.13161817062064074,0.0005059242248535156,0.000498819351196289,0.00011432170867919922,0.923202614379085
1730,191.65632390975952,0.32616596025323474,0.0004892349243164062,0.0004073143005371094,9.70602035522461e-05,0.9117647058823529
1735,192.20036506652832,0.25964668195229024,0.0005086898803710937,0.0006842613220214844,0.00010020732879638672,0.9133986928104575
1740,192.74490308761597,0.21464388351404295,0.00047764778137207033,0.00031540393829345705,0.0001046895980834961,0.9411764705882353
1745,193.2910418510437,0.17276446938794834,0.0005304813385009766,0.0007753610610961914,8.821487426757812e-05,0.9640522875816994
1750,193.83675408363342,0.2510433353483677,0.0005137920379638672,0.0006838560104370118,9.970664978027343e-05,0.9820261437908496
1755,194.38565587997437,0.081268340022325,0.0004929542541503906,0.00031418800354003905,0.00010173320770263672,0.9803921568627451
1760,194.9351029396057,0.10559709537046728,0.0005073070526123047,0.0005915403366088867,9.965896606445312e-05,0.9575163398692811
1765,195.486802816391,0.19461296447407223,0.0005059242248535156,0.000498819351196289,0.0001046895980834961,0.9526143790849673
1770,196.0295798778534,0.2248390944355151,0.0005008220672607422,0.0004992246627807617,0.00010039806365966797,0.9803921568627451
1775,196.57404780387878,0.09448586395010353,0.0004878520965576172,0.0003145933151245117,9.584426879882812e-05,0.9787581699346405
1780,197.11533308029175,0.002475434021289402,0.0005420684814453125,0.0008672714233398437,9.312629699707032e-05,0.9575163398692811
1785,197.66674184799194,0.0838746008579733,0.0004711627960205078,0.00022308826446533204,9.329319000244141e-05,0.9477124183006536
1790,198.19433784484863,0.09742917208695871,0.0004943370819091797,0.00040690898895263673,9.317398071289063e-05,0.9624183006535948
1795,198.72265791893005,0.06235868684016168,0.0004841327667236328,0.000407719612121582,9.758472442626953e-05,0.9754901960784313
1800,199.2963330745697,0.1465512344504532,0.0005022048950195313,0.0005919456481933594,9.446144104003906e-05,0.9836601307189542
1805,199.82558298110962,0.027803672302479755,0.0005161285400390625,0.0004980087280273438,9.737014770507812e-05,0.9787581699346405
1810,200.3512828350067,0.03040008138414123,0.0004943370819091797,0.00040690898895263673,9.21010971069336e-05,0.9738562091503268
1815,200.8816909790039,0.1841222604605747,0.0004943370819091797,0.00040690898895263673,8.625984191894532e-05,0.9771241830065359
1820,201.4062020778656,0.05077919953801171,0.0004878520965576172,0.0003145933151245117,9.732246398925781e-05,0.9787581699346405
1825,201.9316689968109,0.025386602334174314,0.00047764778137207033,0.00031540393829345705,9.369850158691406e-05,0.9656862745098039
1830,202.45716190338135,0.08936075716483174,0.0004892349243164062,0.0004073143005371094,8.962154388427734e-05,0.9722222222222222
1835,202.982115983963,0.031102488949727558,0.0004711627960205078,0.00022308826446533204,9.074211120605469e-05,0.9591503267973857
1840,203.5106339454651,0.03565712277340936,0.0005239963531494141,0.0006830453872680664,8.676052093505859e-05,0.9558823529411765
1845,204.05066990852356,0.03294144732149107,0.0005008220672607422,0.0004992246627807617,9.794235229492188e-05,0.9509803921568627
1850,204.57667589187622,0.012044550682935551,0.0005239963531494141,0.0006830453872680664,0.00010073184967041016,0.9477124183006536
1855,205.09960389137268,0.03574170138635964,0.00048274993896484374,0.0003149986267089844,9.157657623291016e-05,0.9526143790849673
1860,205.61918306350708,0.06876374351277263,0.00048274993896484374,0.0003149986267089844,9.253025054931641e-05,0.9575163398692811
1865,206.14065980911255,0.009761018950348444,0.00048274993896484374,0.0003149986267089844,9.188652038574218e-05,0.9607843137254902
1870,206.66245794296265,0.00562526230224023,0.0005008220672607422,0.0004992246627807617,9.350776672363281e-05,0.9656862745098039
1875,207.18431687355042,0.1252899982760951,0.0004994392395019532,0.00040650367736816406,8.96453857421875e-05,0.9722222222222222
1880,207.70775175094604,0.024099987711339567,0.0004957199096679687,0.0004996299743652344,8.747577667236328e-05,0.9656862745098039
1885,208.2267210483551,0.00918579374510955,0.0005110263824462891,0.0004984140396118164,9.086132049560547e-05,0.9575163398692811
1890,208.74704504013062,0.04175797646894921,0.0004957199096679687,0.0004996299743652344,8.990764617919922e-05,0.9477124183006536
1895,209.26090693473816,0.07589982455338032,0.0004725456237792969,0.00031580924987792967,9.102821350097657e-05,0.9624183006535948
1900,209.77997303009033,0.001229792675258068,0.0005073070526123047,0.0005915403366088867,0.00010197162628173828,0.9705882352941176
1905,210.2968089580536,8.56035843526115e-05,0.0004943370819091797,0.00040690898895263673,8.597373962402344e-05,0.9738562091503268
1910,210.81565499305725,0.062450301927154325,0.00046095848083496096,0.00022389888763427735,8.883476257324219e-05,0.9624183006535948
1915,211.33562684059143,0.08130932707900058,0.0004841327667236328,0.000407719612121582,9.789466857910157e-05,0.9624183006535948
1920,211.89398097991943,0.08236662971929007,0.00047626495361328123,0.00022268295288085938,9.918212890625e-05,0.9689542483660131
1925,212.41475081443787,0.0002257539739503045,0.0005008220672607422,0.0004992246627807617,9.49859619140625e-05,0.9575163398692811
1930,212.92861580848694,0.3578139754401491,0.0004892349243164062,0.0004073143005371094,9.362697601318359e-05,0.9754901960784313
1935,213.44491004943848,0.020857413797607194,0.0004929542541503906,0.00031418800354003905,9.567737579345703e-05,0.9673202614379085
1940,213.98075985908508,0.0032586036812972453,0.0004980564117431641,0.0003137826919555664,9.167194366455078e-05,0.9477124183006536
1945,214.49788093566895,0.1525427511813632,0.0004790306091308594,0.0004081249237060547,8.592605590820312e-05,0.9526143790849673
1950,215.02155208587646,0.21406272833669532,0.0005124092102050781,0.0005911350250244141,9.174346923828125e-05,0.9607843137254902
1955,215.54689598083496,0.045739453150599726,0.0005022048950195313,0.0005919456481933594,0.0001054525375366211,0.9673202614379085
1960,216.08301091194153,0.004837203893845299,0.00047626495361328123,0.00022268295288085938,9.36746597290039e-05,0.9771241830065359
1965,216.61779975891113,0.04430332539287747,0.00048274993896484374,0.0003149986267089844,0.00010247230529785157,0.9771241830065359
1970,217.13449215888977,0.0687232180608703,0.0004957199096679687,0.0004996299743652344,9.641647338867187e-05,0.9705882352941176
1975,217.65541291236877,0.3431041827905858,0.0005124092102050781,0.0005911350250244141,9.112358093261718e-05,0.9820261437908496
1980,218.17711091041565,0.0856825448718169,0.0005059242248535156,0.000498819351196289,9.009838104248046e-05,0.9607843137254902
1985,218.6995828151703,0.031168098368129903,0.0005188941955566406,0.000683450698852539,8.9263916015625e-05,0.9509803921568627
1990,219.22568106651306,0.04003233808338393,0.0004841327667236328,0.000407719612121582,9.396076202392579e-05,0.9411764705882353
1995,219.75241494178772,0.024658052286673636,0.00048274993896484374,0.0003149986267089844,9.191036224365234e-05,0.9281045751633987
2000,220.27196502685547,0.27208852935585953,0.0004892349243164062,0.0004073143005371094,8.776187896728516e-05,0.9558823529411765
2005,220.79032802581787,0.014566157069101849,0.0004878520965576172,0.0003145933151245117,8.957386016845703e-05,0.9689542483660131
2010,221.31051588058472,0.09133956290866081,0.0004929542541503906,0.00031418800354003905,9.2315673828125e-05,0.9754901960784313
2015,221.83472299575806,0.028694481028560405,0.0005008220672607422,0.0004992246627807617,8.921623229980468e-05,0.9656862745098039
2020,222.4005789756775,0.011876027870312101,0.0005175113677978515,0.0005907297134399414,0.00010077953338623047,0.9575163398692811
2025,222.92467594146729,0.01967451788154051,0.00046606063842773436,0.00022349357604980468,9.832382202148437e-05,0.954248366013072
2030,223.44406485557556,0.1629658148614908,0.0005008220672607422,0.0004992246627807617,9.686946868896485e-05,0.9297385620915033
2035,223.96115803718567,0.35699771744548625,0.0004943370819091797,0.00040690898895263673,9.129047393798828e-05,0.9133986928104575
2040,224.4764049053192,0.246420087091974,0.0005086898803710937,0.0006842613220214844,8.969306945800781e-05,0.9183006535947712
2045,225.00091314315796,0.32167765338854226,0.0004892349243164062,0.0004073143005371094,9.241104125976563e-05,0.9330065359477124
2050,225.519837141037,0.20944333056542774,0.0005073070526123047,0.0005915403366088867,9.472370147705078e-05,0.9509803921568627
2055,226.04524207115173,0.3253287052277301,0.0005137920379638672,0.0006838560104370118,9.119510650634766e-05,0.9689542483660131
2060,226.56856393814087,0.12426641452930198,0.0005045413970947265,0.0004060983657836914,0.00010082721710205078,0.9836601307189542
2065,227.09820103645325,0.08199744339763129,0.0005073070526123047,0.0005915403366088867,9.813308715820313e-05,0.9673202614379085
2070,227.63072609901428,0.1940997211895592,0.0005008220672607422,0.0004992246627807617,0.00010364055633544922,0.9640522875816994
2075,228.15868997573853,0.15790171028493774,0.0004943370819091797,0.00040690898895263673,9.877681732177735e-05,0.9836601307189542
2080,228.6858139038086,0.07565215189824812,0.0004943370819091797,0.00040690898895263673,0.00010421276092529297,0.9820261437908496
2085,229.20651412010193,0.0048711700374724385,0.0005420684814453125,0.0008672714233398437,9.829998016357422e-05,0.9656862745098039
2090,229.7385618686676,0.014735177593684057,0.00047626495361328123,0.00022268295288085938,0.00010044574737548828,0.9575163398692811
2095,230.2668740749359,0.11098227649194996,0.0004892349243164062,0.0004073143005371094,9.610652923583985e-05,0.9656862745098039
2100,230.79370093345642,0.028103216572344537,0.0004957199096679687,0.0004996299743652344,9.086132049560547e-05,0.9771241830065359
2105,231.35998797416687,0.09862285569761298,0.0004906177520751954,0.0005000352859497071,9.169578552246094e-05,0.9771241830065359
2110,231.886953830719,0.02864086945938311,0.0005096435546875,0.00040569305419921873,8.766651153564453e-05,0.9771241830065359
2115,232.410484790802,0.009539300866072154,0.0005008220672607422,0.0004992246627807617,9.834766387939453e-05,0.9673202614379085
2120,232.9329469203949,0.21261251240084675,0.0004943370819091797,0.00040690898895263673,9.55820083618164e-05,0.9705882352941176
2125,233.45193791389465,0.05363162606531944,0.0004943370819091797,0.00040690898895263673,9.331703186035156e-05,0.9722222222222222
2130,233.97694611549377,0.020125382700651073,0.00048274993896484374,0.0003149986267089844,9.226799011230469e-05,0.9673202614379085
2135,234.49559497833252,0.048136232146862315,0.0004943370819091797,0.00040690898895263673,9.551048278808594e-05,0.9689542483660131
2140,235.019033908844,0.061991906306411694,0.00046606063842773436,0.00022349357604980468,0.00011556148529052734,0.9624183006535948
2145,235.5480318069458,0.04319772008966538,0.0005124092102050781,0.0005911350250244141,9.055137634277344e-05,0.9558823529411765
2150,236.07874298095703,0.03265682225664932,0.0005073070526123047,0.0005915403366088867,9.610652923583985e-05,0.9526143790849673
2155,236.5998079776764,0.007166529351002282,0.0005175113677978515,0.0005907297134399414,9.036064147949219e-05,0.9493464052287581
2160,237.12513184547424,0.008165092824503973,0.0004892349243164062,0.0004073143005371094,0.00011048316955566406,0.9493464052287581
2165,237.65033602714539,0.027568669862830575,0.00047626495361328123,0.00022268295288085938,9.908676147460938e-05,0.954248366013072
2170,238.18138003349304,0.05911108659136062,0.0004994392395019532,0.00040650367736816406,9.179115295410156e-05,0.9575163398692811
2175,238.70272302627563,0.0015690703300165864,0.0004841327667236328,0.000407719612121582,9.043216705322266e-05,0.9673202614379085
2180,239.22341895103455,0.21889758156756897,0.0005110263824462891,0.0004984140396118164,9.348392486572266e-05,0.9738562091503268
2185,239.74562191963196,0.02212281690195823,0.0004892349243164062,0.0004073143005371094,9.431838989257813e-05,0.9738562091503268
2190,240.2643702030182,0.011095214495755101,0.0005059242248535156,0.000498819351196289,9.431838989257813e-05,0.9705882352941176
2195,240.8283450603485,0.02949303496175304,0.0005073070526123047,0.0005915403366088867,9.198188781738282e-05,0.9624183006535948
2200,241.3462529182434,0.06090648324779977,0.00046606063842773436,0.00022349357604980468,9.582042694091796e-05,0.9640522875816994
2205,241.86222982406616,0.0012407467755110701,0.0005137920379638672,0.0006838560104370118,8.893013000488281e-05,0.9656862745098039
2210,242.38043403625488,6.144746355403185e-05,0.0004892349243164062,0.0004073143005371094,8.957386016845703e-05,0.9673202614379085
2215,242.8998110294342,0.15697137429583705,0.00046606063842773436,0.00022349357604980468,9.136199951171875e-05,0.9705882352941176
2220,243.4152398109436,0.05400491888767931,0.00047764778137207033,0.00031540393829345705,8.721351623535157e-05,0.9591503267973857
2225,243.9415009021759,0.11309839853132644,0.0004711627960205078,0.00022308826446533204,9.379386901855468e-05,0.9607843137254902
2230,244.46510004997253,0.06048718280026719,0.0005008220672607422,0.0004992246627807617,9.191036224365234e-05,0.9738562091503268
2235,244.98673295974731,0.07916648751925806,0.0004943370819091797,0.00040690898895263673,9.226799011230469e-05,0.9738562091503268
2240,245.50423383712769,0.029443550711312126,0.0004943370819091797,0.00040690898895263673,9.038448333740235e-05,0.9803921568627451
2245,246.02399897575378,0.004343570889534476,0.0004915714263916016,0.0002214670181274414,9.293556213378907e-05,0.9771241830065359
2250,246.54327487945557,0.024211515783150617,0.0004841327667236328,0.000407719612121582,9.427070617675781e-05,0.9738562091503268
2255,247.06541204452515,0.05404443163671999,0.0005073070526123047,0.0005915403366088867,9.42230224609375e-05,0.9722222222222222
2260,247.58705711364746,0.001134740686394764,0.0005073070526123047,0.0005915403366088867,0.00010097026824951172,0.9689542483660131
2265,248.10644912719727,0.010387642132627661,0.00048274993896484374,0.0003149986267089844,0.00010080337524414063,0.9673202614379085
2270,248.62289714813232,0.00014350159949856335,0.0004878520965576172,0.0003145933151245117,9.183883666992187e-05,0.9656862745098039
2275,249.18869590759277,0.11111553942202476,0.0004841327667236328,0.000407719612121582,0.00010175704956054688,0.9738562091503268
2280,249.7042999267578,0.36501330762839646,0.0005073070526123047,0.0005915403366088867,9.639263153076172e-05,0.9869281045751634
2285,250.2281949520111,0.0518381550791986,0.0005059242248535156,0.000498819351196289,9.160041809082031e-05,0.9738562091503268
2290,250.74968481063843,0.01695196084876329,0.0005124092102050781,0.0005911350250244141,0.00010159015655517579,0.9656862745098039
2295,251.27164697647095,0.006591917757762644,0.0005073070526123047,0.0005915403366088867,9.062290191650391e-05,0.9575163398692811
2300,251.78993797302246,0.062405709774856176,0.00048274993896484374,0.0003149986267089844,9.322166442871094e-05,0.9509803921568627
2305,252.30925512313843,0.11969574572867714,0.0004725456237792969,0.00031580924987792967,9.179115295410156e-05,0.9526143790849673
2310,252.83292984962463,0.004007012450044556,0.0004994392395019532,0.00040650367736816406,9.26971435546875e-05,0.9624183006535948
2315,253.35233402252197,0.034442755005477464,0.0004878520965576172,0.0003145933151245117,9.21487808227539e-05,0.9640522875816994
2320,253.87167191505432,0.004207886756626067,0.0005059242248535156,0.000498819351196289,9.257793426513672e-05,0.9673202614379085
2325,254.3892798423767,0.5750032631869544,0.0005059242248535156,0.000498819351196289,9.353160858154297e-05,0.9705882352941176
2330,254.90268397331238,0.020459257645966032,0.00048274993896484374,0.0003149986267089844,9.188652038574218e-05,0.9428104575163399
2335,255.42237496376038,0.14593039905457772,0.0004892349243164062,0.0004073143005371094,9.548664093017578e-05,0.9133986928104575
2340,255.94245386123657,0.4334728575195186,0.0004943370819091797,0.00040690898895263673,9.72747802734375e-05,0.8921568627450981
2345,256.45600295066833,0.4656571690953569,0.0005202770233154296,0.0007761716842651367,9.174346923828125e-05,0.8921568627450981
2350,256.97098112106323,0.33433720733100925,0.00047764778137207033,0.00031540393829345705,0.0001003265380859375,0.9166666666666666
2355,257.49214792251587,0.3097456680137867,0.0005073070526123047,0.0005915403366088867,9.639263153076172e-05,0.946078431372549
2360,258.01350808143616,0.16838418125526006,0.0005022048950195313,0.0005919456481933594,8.785724639892578e-05,0.9591503267973857
2365,258.5312030315399,0.10273824609830626,0.000522613525390625,0.0005903244018554688,9.703636169433594e-05,0.9640522875816994
2370,259.061970949173,0.06290610951109557,0.0005124092102050781,0.0005911350250244141,9.484291076660157e-05,0.954248366013072
2375,259.58982586860657,0.1548713686504925,0.0004841327667236328,0.000407719612121582,9.355545043945312e-05,0.9428104575163399
2380,260.1201808452606,0.48539292423720326,0.0004943370819091797,0.00040690898895263673,8.914470672607421e-05,0.9575163398692811
2385,260.6500380039215,0.12336555041110842,0.0004994392395019532,0.00040650367736816406,0.00010302066802978516,0.9771241830065359
2390,261.17734384536743,0.010952610717049538,0.000536966323852539,0.0008676767349243164,9.415149688720703e-05,0.9673202614379085
2395,261.74507999420166,0.016070566908524597,0.00048274993896484374,0.0003149986267089844,9.59157943725586e-05,0.9444444444444444
2400,262.26668405532837,0.17428921591895233,0.0004878520965576172,0.0003145933151245117,9.121894836425782e-05,0.9477124183006536
2405,262.78980803489685,0.09206620735776597,0.0004957199096679687,0.0004996299743652344,9.222030639648438e-05,0.9689542483660131
2410,263.31167674064636,0.11063684496511997,0.0004906177520751954,0.0005000352859497071,9.565353393554687e-05,0.9738562091503268
2415,263.832359790802,0.07185364072268641,0.0005045413970947265,0.0004060983657836914,9.19342041015625e-05,0.9754901960784313
2420,264.3564660549164,0.005393210975830698,0.0005124092102050781,0.0005911350250244141,9.317398071289063e-05,0.9689542483660131
2425,264.8828818798065,0.4019114296087551,0.0004994392395019532,0.00040650367736816406,9.191036224365234e-05,0.9591503267973857
2430,265.40919280052185,0.2615940819268701,0.0004943370819091797,0.00040690898895263673,8.740425109863282e-05,0.9705882352941176
2435,265.9272449016571,0.035758712788840796,0.00048274993896484374,0.0003149986267089844,9.000301361083984e-05,0.9722222222222222
2440,266.4521939754486,0.12098908228435903,0.00047764778137207033,0.00031540393829345705,9.448528289794922e-05,0.9803921568627451
2445,266.9756410121918,0.08525060282872801,0.00048274993896484374,0.0003149986267089844,9.453296661376953e-05,0.9869281045751634
2450,267.49889183044434,0.058674062359204984,0.0004957199096679687,0.0004996299743652344,9.243488311767578e-05,0.9771241830065359
2455,268.033255815506,0.031174198639837412,0.0005124092102050781,0.0005911350250244141,9.503364562988282e-05,0.9754901960784313
2460,268.5594217777252,0.07362745793226395,0.0005124092102050781,0.0005911350250244141,9.59157943725586e-05,0.9689542483660131
2465,269.085324048996,0.018333022540912226,0.0004892349243164062,0.0004073143005371094,9.799003601074219e-05,0.9624183006535948
2470,269.6139669418335,0.037365889348075144,0.0004878520965576172,0.0003145933151245117,9.222030639648438e-05,0.9640522875816994
2475,270.14458990097046,0.0988615157546974,0.0004994392395019532,0.00040650367736816406,9.033679962158203e-05,0.9640522875816994
2480,270.66595911979675,0.008938014697197617,0.0004725456237792969,0.00031580924987792967,9.145736694335938e-05,0.9591503267973857
2485,271.1907000541687,0.2462088707087844,0.0005110263824462891,0.0004984140396118164,9.434223175048828e-05,0.9640522875816994
2490,271.71827507019043,0.020506258865863457,0.0004892349243164062,0.0004073143005371094,0.00010282993316650391,0.9738562091503268
2495,272.29243993759155,0.0038051470989387327,0.0005124092102050781,0.0005911350250244141,8.611679077148437e-05,0.9836601307189542
2500,272.8196189403534,0.08260836923373063,0.0005124092102050781,0.0005911350250244141,9.319782257080078e-05,0.9787581699346405
2505,273.3421559333801,0.1139732577372456,0.00046095848083496096,0.00022389888763427735,8.971691131591797e-05,0.9722222222222222
2510,273.86269092559814,0.00013854210824320034,0.0005239963531494141,0.0006830453872680664,8.399486541748047e-05,0.9754901960784313
2515,274.39953875541687,0.0025016307874523138,0.00047764778137207033,0.00031540393829345705,9.849071502685547e-05,0.9705882352941176
2520,274.91989398002625,0.13850938776868132,0.0004725456237792969,0.00031580924987792967,9.293556213378907e-05,0.9738562091503268
2525,275.4374260902405,0.02873544950568032,0.00046606063842773436,0.00022349357604980468,8.9263916015625e-05,0.9656862745098039
2530,275.95462703704834,0.03017356801584583,0.00048274993896484374,0.0003149986267089844,9.255409240722656e-05,0.9624183006535948
2535,276.47379088401794,0.10740251578754538,0.0004943370819091797,0.00040690898895263673,9.40561294555664e-05,0.9705882352941176
2540,276.99152088165283,0.07754269064505478,0.0004892349243164062,0.0004073143005371094,9.136199951171875e-05,0.9771241830065359
2545,277.50771975517273,0.00012247902159572276,0.0005059242248535156,0.000498819351196289,9.207725524902343e-05,0.9836601307189542
2550,278.0273997783661,0.020211512132129884,0.0004915714263916016,0.0002214670181274414,9.512901306152344e-05,0.9771241830065359
2555,278.54731583595276,0.01599815837798957,0.0004892349243164062,0.0004073143005371094,9.512901306152344e-05,0.9771241830065359
2560,279.06733298301697,0.006240408713895818,0.0004841327667236328,0.000407719612121582,9.853839874267578e-05,0.9787581699346405
2565,279.5878779888153,0.032248007692217584,0.0005188941955566406,0.000683450698852539,9.412765502929688e-05,0.9787581699346405
2570,280.1126928329468,0.008193169641617714,0.00047764778137207033,0.00031540393829345705,9.431838989257813e-05,0.9803921568627451
2575,280.63241386413574,0.00018879524002386462,0.0004943370819091797,0.00040690898895263673,8.378028869628906e-05,0.9803921568627451
2580,281.1963949203491,0.05040936362107686,0.00048274993896484374,0.0003149986267089844,9.107589721679688e-05,0.9787581699346405
2585,281.712651014328,0.30549374183501643,0.0005073070526123047,0.0005915403366088867,9.262561798095703e-05,0.988562091503268
2590,282.23715591430664,0.06344340852230061,0.0005073070526123047,0.0005915403366088867,9.04083251953125e-05,0.9803921568627451
2595,282.7522521018982,0.032818320443038826,0.0005124092102050781,0.0005911350250244141,9.617805480957031e-05,0.9738562091503268
2600,283.2730700969696,4.659309971373204e-05,0.0005175113677978515,0.0005907297134399414,9.198188781738282e-05,0.9705882352941176
2605,283.79084491729736,0.03125780655448125,0.0004725456237792969,0.00031580924987792967,9.293556213378907e-05,0.9640522875816994
2610,284.31347393989563,0.07516692217031959,0.0004711627960205078,0.00022308826446533204,0.00010015964508056641,0.9673202614379085
2615,284.83078694343567,0.005071269627677566,0.0004994392395019532,0.00040650367736816406,9.601116180419922e-05,0.9754901960784313
2620,285.3470058441162,0.020135243123789337,0.00048274993896484374,0.0003149986267089844,9.112358093261718e-05,0.9771241830065359
2625,285.8668248653412,0.001173903458951031,0.0005110263824462891,0.0004984140396118164,0.00010428428649902343,0.9787581699346405
2630,286.3874480724335,0.02056483196925001,0.0005073070526123047,0.0005915403366088867,8.945465087890625e-05,0.9803921568627451
2635,286.9091579914093,0.21141994393078675,0.0004878520965576172,0.0003145933151245117,8.382797241210938e-05,0.9787581699346405
2640,287.4227068424225,0.21561203194098794,0.0004711627960205078,0.00022308826446533204,9.021759033203124e-05,0.9591503267973857
2645,287.9405560493469,0.016076515131135238,0.0005124092102050781,0.0005911350250244141,9.679794311523438e-05,0.923202614379085
2650,288.4576280117035,0.0037019790179328993,0.0005022048950195313,0.0005919456481933594,9.04083251953125e-05,0.9117647058823529
2655,288.97262692451477,0.5628361204679209,0.0004957199096679687,0.0004996299743652344,9.181499481201172e-05,0.9183006535947712
2660,289.48771595954895,0.34736730901331614,0.0004957199096679687,0.0004996299743652344,9.29117202758789e-05,0.9297385620915033
2665,290.0065698623657,0.0032208261254766057,0.0005188941955566406,0.000683450698852539,9.42230224609375e-05,0.9395424836601307
2670,290.5699288845062,0.5711353567443453,0.0005124092102050781,0.0005911350250244141,9.455680847167969e-05,0.9607843137254902
2675,291.0958478450775,0.10934908741401302,0.0005059242248535156,0.000498819351196289,9.088516235351562e-05,0.9803921568627451
2680,291.6458480358124,0.1440635347812531,0.0004892349243164062,0.0004073143005371094,8.7738037109375e-05,0.9754901960784313
2685,292.2054760456085,0.1458030938934826,0.0005008220672607422,0.0004992246627807617,9.675025939941407e-05,0.9607843137254902
2690,292.7846109867096,0.1475612877846629,0.0004943370819091797,0.00040690898895263673,9.548664093017578e-05,0.9738562091503268
2695,293.3153598308563,0.07292148657215876,0.0005239963531494141,0.0006830453872680664,9.272098541259765e-05,0.9820261437908496
2700,293.8402490615845,0.023953508518297896,0.0005008220672607422,0.0004992246627807617,9.953975677490234e-05,0.9771241830065359
2705,294.36616587638855,0.04614010941631932,0.00047626495361328123,0.00022268295288085938,0.00010001659393310547,0.9673202614379085
2710,294.89041090011597,0.023242675121218782,0.0004892349243164062,0.0004073143005371094,9.381771087646484e-05,0.9656862745098039
2715,295.4141480922699,0.01661286849848693,0.0004906177520751954,0.0005000352859497071,9.160041809082031e-05,0.9640522875816994
2720,295.93073201179504,0.05428722909401103,0.0005110263824462891,0.0004984140396118164,9.829998016357422e-05,0.9624183006535948
2725,296.45369601249695,0.0020823994880856843,0.0005175113677978515,0.0005907297134399414,9.381771087646484e-05,0.9624183006535948
2730,296.97866010665894,0.050590552054927684,0.0005008220672607422,0.0004992246627807617,9.527206420898438e-05,0.9624183006535948
2735,297.50499081611633,0.2264760714264426,0.0004994392395019532,0.00040650367736816406,9.334087371826172e-05,0.9673202614379085
2740,298.02864503860474,0.04293789114181266,0.00048274993896484374,0.0003149986267089844,9.822845458984375e-05,0.9673202614379085
2745,298.552649974823,0.13191015584598062,0.00046606063842773436,0.00022349357604980468,9.605884552001953e-05,0.9738562091503268
2750,299.1188111305237,0.04535984570302389,0.0004943370819091797,0.00040690898895263673,9.441375732421875e-05,0.9787581699346405
2755,299.64150285720825,0.037744050486435296,0.0004841327667236328,0.000407719612121582,8.368492126464844e-05,0.9722222222222222
2760,300.1677248477936,0.006530515737358656,0.0005059242248535156,0.000498819351196289,9.369850158691406e-05,0.9640522875816994
2765,300.69878005981445,0.024019280434254144,0.0005124092102050781,0.0005911350250244141,9.429454803466797e-05,0.9607843137254902
2770,301.22415494918823,0.012310790672205484,0.0005124092102050781,0.0005911350250244141,8.12530517578125e-05,0.9558823529411765
2775,301.75282287597656,0.01807298979110783,0.00048274993896484374,0.0003149986267089844,9.047985076904297e-05,0.9558823529411765
2780,302.27275681495667,0.0646736948171565,0.0004878520965576172,0.0003145933151245117,9.46044921875e-05,0.9640522875816994
2785,302.79828095436096,0.004597386320165242,0.0004841327667236328,0.000407719612121582,9.462833404541015e-05,0.9656862745098039
2790,303.3229229450226,0.2385295862892832,0.0004994392395019532,0.00040650367736816406,9.195804595947265e-05,0.9705882352941176
2795,303.8416087627411,0.0048809062048178475,0.0004943370819091797,0.00040690898895263673,9.126663208007813e-05,0.9787581699346405
2800,304.36328387260437,0.015233981363235217,0.0005008220672607422,0.0004992246627807617,9.317398071289063e-05,0.9852941176470589
2805,304.8837239742279,0.05254381098638987,0.0005239963531494141,0.0006830453872680664,9.090900421142578e-05,0.9787581699346405
2810,305.4069368839264,0.047572537290454874,0.0004725456237792969,0.00031580924987792967,0.00010819435119628907,0.9705882352941176
2815,305.9228699207306,0.00041520625313751225,0.0005008220672607422,0.0004992246627807617,9.806156158447266e-05,0.9607843137254902
2820,306.4437699317932,0.0022762074795537046,0.00047764778137207033,0.00031540393829345705,0.00010197162628173828,0.9575163398692811
2825,306.96033096313477,0.008296626346464109,0.0004841327667236328,0.000407719612121582,9.770393371582032e-05,0.9558823529411765
2830,307.48226284980774,0.3218081918647286,0.00047764778137207033,0.00031540393829345705,0.00010015964508056641,0.9689542483660131
2835,308.00231289863586,0.017011825190115813,0.00047764778137207033,0.00031540393829345705,0.00010023117065429687,0.9754901960784313
2840,308.52862310409546,0.04536897522682466,0.00048274993896484374,0.0003149986267089844,9.272098541259765e-05,0.9738562091503268
2845,309.04996395111084,0.02176394485004778,0.0004943370819091797,0.00040690898895263673,9.48190689086914e-05,0.9820261437908496
2850,309.568825006485,0.02687201509472743,0.0005008220672607422,0.0004992246627807617,9.086132049560547e-05,0.9836601307189542
2855,310.08519291877747,0.03985101088119336,0.0004980564117431641,0.0003137826919555664,9.560585021972656e-05,0.9787581699346405
2860,310.6047170162201,0.02452087402825782,0.00048274993896484374,0.0003149986267089844,9.381771087646484e-05,0.9754901960784313
2865,311.1218249797821,0.010477690014340624,0.0004892349243164062,0.0004073143005371094,8.983612060546875e-05,0.9754901960784313
2870,311.6800129413605,0.04379780108574778,0.0005253791809082031,0.0007757663726806641,9.694099426269532e-05,0.9754901960784313
2875,312.1997458934784,0.005505365950511987,0.0004725456237792969,0.00031580924987792967,9.51528549194336e-05,0.9722222222222222
2880,312.7195780277252,0.0037384619477961677,0.0004813671112060547,0.0002222776412963867,9.348392486572266e-05,0.9705882352941176
2885,313.241574048996,0.0431669852457162,0.0004943370819091797,0.00040690898895263673,9.59634780883789e-05,0.9722222222222222
2890,313.7594437599182,0.32406799313876034,0.0004957199096679687,0.0004996299743652344,8.387565612792969e-05,0.9771241830065359
2895,314.2773370742798,0.01698267995390097,0.0005188941955566406,0.000683450698852539,9.505748748779297e-05,0.9869281045751634
2900,314.7932279109955,0.015667612198741666,0.0005124092102050781,0.0005911350250244141,8.771419525146484e-05,0.9787581699346405
2905,315.3120710849762,0.006846342176459075,0.0005239963531494141,0.0006830453872680664,9.517669677734375e-05,0.9738562091503268
2910,315.8295228481293,0.03847067477293535,0.00046095848083496096,0.00022389888763427735,9.300708770751954e-05,0.9705882352941176
2915,316.3490619659424,0.010931538814477903,0.00048274993896484374,0.0003149986267089844,9.438991546630859e-05,0.9640522875816994
2920,316.8671579360962,0.06328736115299449,0.0004878520965576172,0.0003145933151245117,8.962154388427734e-05,0.9803921568627451
2925,317.38741087913513,0.016641215648064644,0.0004943370819091797,0.00040690898895263673,8.871555328369141e-05,0.9787581699346405
2930,317.90743589401245,0.0011493202004658088,0.0004994392395019532,0.00040650367736816406,9.171962738037109e-05,0.9820261437908496
2935,318.4258539676666,0.01042705762993137,0.0005124092102050781,0.0005911350250244141,8.666515350341797e-05,0.9852941176470589
2940,318.94241881370544,0.08868487859181187,0.0004994392395019532,0.00040650367736816406,9.362697601318359e-05,0.988562091503268
2945,319.4630649089813,0.10217242368810275,0.00046606063842773436,0.00022349357604980468,9.01937484741211e-05,0.9771241830065359
2950,319.9797348976135,0.04945536314344281,0.0005008220672607422,0.0004992246627807617,8.819103240966796e-05,0.9493464052287581
2955,320.5034279823303,0.023970961460173613,0.0005073070526123047,0.0005915403366088867,9.17673110961914e-05,0.934640522875817
2960,321.0172779560089,0.09583154435686084,0.0004971027374267578,0.000592350959777832,0.00010030269622802734,0.9362745098039216
2965,321.5353009700775,0.2997107124838294,0.00048274993896484374,0.0003149986267089844,9.2315673828125e-05,0.9428104575163399
2970,322.0978639125824,0.010791052199965633,0.0005253791809082031,0.0007757663726806641,0.00010397434234619141,0.946078431372549
2975,322.6166980266571,0.47340081805996304,0.0005188941955566406,0.000683450698852539,9.181499481201172e-05,0.9673202614379085
2980,323.1393299102783,0.015694812451738472,0.0004929542541503906,0.00031418800354003905,9.541511535644531e-05,0.9673202614379085
2985,323.6579418182373,0.23236401329050124,0.0004957199096679687,0.0004996299743652344,8.699893951416015e-05,0.9624183006535948
2990,324.17997193336487,0.35632730347115427,0.0005124092102050781,0.0005911350250244141,9.770393371582032e-05,0.9640522875816994
2995,324.70220589637756,0.4244953434758088,0.0004892349243164062,0.0004073143005371094,9.17673110961914e-05,0.988562091503268
3000,325.2262020111084,0.036992363445460794,0.0005110263824462891,0.0004984140396118164,9.589195251464843e-05,0.9771241830065359
3005,325.7439799308777,0.02826539217194295,0.0005239963531494141,0.0006830453872680664,8.580684661865234e-05,0.9689542483660131
3010,326.26350688934326,0.023474912499113997,0.0004711627960205078,0.00022308826446533204,9.582042694091796e-05,0.9607843137254902
3015,326.7816848754883,0.03950010003900388,0.0004943370819091797,0.00040690898895263673,9.572505950927734e-05,0.9591503267973857
3020,327.3082420825958,0.0775166302469188,0.0004906177520751954,0.0005000352859497071,9.241104125976563e-05,0.9526143790849673
3025,327.83402395248413,0.18312126459210845,0.0005008220672607422,0.0004992246627807617,9.360313415527344e-05,0.9575163398692811
3030,328.35490918159485,0.0025373469698081407,0.0005110263824462891,0.0004984140396118164,9.779930114746093e-05,0.9509803921568627
3035,328.8765060901642,0.008739899489046365,0.0005124092102050781,0.0005911350250244141,9.610652923583985e-05,0.9509803921568627
3040,329.39723110198975,0.2935298650362725,0.0004813671112060547,0.0002222776412963867,9.660720825195312e-05,0.9509803921568627
3045,329.91787695884705,0.01747602689432739,0.0004943370819091797,0.00040690898895263673,8.914470672607421e-05,0.9558823529411765
3050,330.4515528678894,0.19062921665881732,0.00046095848083496096,0.00022389888763427735,9.272098541259765e-05,0.9607843137254902
3055,331.0149419307709,0.08323084635958367,0.0004943370819091797,0.00040690898895263673,8.437633514404296e-05,0.9803921568627451
3060,331.5350749492645,0.028317206449401056,0.0004892349243164062,0.0004073143005371094,8.804798126220703e-05,0.9803921568627451