#{"solver": {"engine": {"type": "ExactEngine"}, "semiring": "GraphSemiring"}, "networks": [{"name": "perc_net_version_1_baseline", "module": "AD_V1_baseline_net(\n  (conv1): Conv2d(3, 6, kernel_size=(5, 5), stride=(1, 1))\n  (pool): MaxPool2d(kernel_size=2, stride=2, padding=0, dilation=1, ceil_mode=False)\n  (conv2): Conv2d(6, 16, kernel_size=(5, 5), stride=(1, 1))\n  (fc1): Linear(in_features=400, out_features=120, bias=True)\n  (fc2): Linear(in_features=120, out_features=84, bias=True)\n  (fc3): Linear(in_features=84, out_features=3, bias=True)\n  (softmax): Softmax(dim=-1)\n)", "optimizer": "Adam (\nParameter Group 0\n    amsgrad: False\n    betas: (0.9, 0.999)\n    capturable: False\n    differentiable: False\n    eps: 1e-08\n    foreach: None\n    fused: None\n    lr: 0.001\n    maximize: False\n    weight_decay: 0\n)", "k": null}], "program": "nn(perc_net_version_1_baseline,[Img],X,[0, 1, 2])::action(Img,X).\nautonomous_driving_baseline(Img,X) :- action(Img,X).\n"}
#Accuracy 0.9724264705882353
i,time,loss,ground_time,compile_time,eval_time,accuracy
5,0.03362107276916504,0.8658222794532776,0.00042572021484375,0.00014810562133789064,0.00010907649993896484,0.34191176470588236
10,0.5456409454345703,1.0426679730415345,0.0005242824554443359,0.00018315315246582032,0.00011370182037353515,0.34191176470588236
15,1.0617659091949463,1.119228219985962,0.0004890918731689453,0.00017027854919433595,0.00011155605316162109,0.3327205882352941
20,1.5740690231323242,1.1370031654834747,0.0004995346069335937,0.0001720428466796875,0.00011544227600097656,0.3327205882352941
25,2.1245219707489014,1.1384678781032562,0.0005135536193847656,0.00017614364624023436,0.000115203857421875,0.3327205882352941
30,2.6765899658203125,1.0488002181053162,0.0005242824554443359,0.00018315315246582032,0.00011126995086669922,0.5753676470588235
35,3.224301815032959,1.0926988959312438,0.0005031108856201171,0.0001743793487548828,9.965896606445312e-05,0.3492647058823529
40,3.8038830757141113,1.0884144067764283,0.000524139404296875,0.00018053054809570314,0.0001094818115234375,0.34191176470588236
45,4.348373889923096,1.0949458241462708,0.0004961013793945313,0.00017232894897460936,0.00011250972747802734,0.34191176470588236
50,4.849134922027588,1.1063145041465758,0.0004995346069335937,0.0001720428466796875,0.00010650157928466797,0.5827205882352942
55,5.3598339557647705,1.11484375,0.0004889488220214844,0.00016765594482421876,9.772777557373046e-05,0.49816176470588236
60,5.913408041000366,1.0505245983600617,0.0004961013793945313,0.00017232894897460936,9.975433349609374e-05,0.3327205882352941
65,6.437335968017578,1.0039027154445648,0.0005031108856201171,0.0001743793487548828,0.00013358592987060546,0.4724264705882353
70,6.9405529499053955,0.9549003183841706,0.0005031108856201171,0.0001743793487548828,0.00010471343994140625,0.4944852941176471
75,7.440181732177734,0.9058186054229737,0.0005171298980712891,0.0001784801483154297,0.0001043081283569336,0.7132352941176471
80,7.947628736495972,0.8129885375499726,0.0004959583282470703,0.00016970634460449218,0.00012025833129882812,0.6654411764705882
85,8.458587884902954,0.6655336059629917,0.0004959583282470703,0.00016970634460449218,0.00011289119720458984,0.6727941176470589
90,8.989151000976562,0.7023238748311996,0.0005207061767578125,0.000180816650390625,0.0001062631607055664,0.6029411764705882
95,9.506189823150635,0.6492567777633667,0.0004923820495605468,0.00016736984252929688,0.00011165142059326172,0.7297794117647058
100,10.0379159450531,0.5633163601160049,0.0004995346069335937,0.0001720428466796875,9.965896606445312e-05,0.8970588235294118
105,10.558161973953247,0.4510454051196575,0.0004855155944824219,0.00016794204711914062,0.00010440349578857421,0.8327205882352942
110,11.104091882705688,0.40654839714989066,0.0004925251007080079,0.00016999244689941406,0.00011556148529052734,0.7628676470588235
115,11.688960790634155,0.7365326769417152,0.0005207061767578125,0.000180816650390625,0.00010709762573242187,0.7113970588235294
120,12.311141967773438,0.6235862031579018,0.0004853725433349609,0.00016531944274902343,0.00011289119720458984,0.6838235294117647
125,12.92953085899353,0.47764427606016396,0.0005031108856201171,0.0001743793487548828,9.86337661743164e-05,0.7886029411764706
130,13.663013935089111,0.4899871081113815,0.0005136966705322265,0.00017876625061035155,0.00010862350463867188,0.8529411764705882
135,14.164021730422974,0.35935907140374185,0.0004925251007080079,0.00016999244689941406,9.777545928955079e-05,0.8694852941176471
140,14.650825023651123,0.4685634657740593,0.0005312919616699219,0.00018520355224609374,9.937286376953125e-05,0.8566176470588235
145,15.138463020324707,0.3478748643276049,0.000531148910522461,0.00018258094787597655,9.632110595703125e-05,0.8290441176470589
150,15.629905939102173,0.13269169298055203,0.0005066871643066406,0.00017671585083007814,9.894371032714844e-05,0.84375
155,16.11686682701111,0.6820038587793533,0.0005135536193847656,0.00017614364624023436,9.608268737792969e-05,0.8621323529411765
160,16.59565806388855,0.35645401695364853,0.0005101203918457031,0.00017642974853515625,8.966922760009766e-05,0.8988970588235294
165,17.07695174217224,0.5583837842568755,0.0004996776580810547,0.0001746654510498047,9.744167327880859e-05,0.8897058823529411
170,17.560452938079834,0.3176772279664874,0.0005242824554443359,0.00018315315246582032,0.0001016378402709961,0.8455882352941176
175,18.04544687271118,0.6964660248086147,0.000524139404296875,0.00018053054809570314,0.00010161399841308593,0.8676470588235294
180,18.58969497680664,0.38349336554820185,0.0005101203918457031,0.00017642974853515625,0.00010035037994384765,0.9080882352941176
185,19.106361865997314,0.27848213554825635,0.0004820823669433594,0.0001682281494140625,0.00010085105895996094,0.9044117647058824
190,19.596383094787598,0.30417412146925926,0.0005065441131591797,0.00017409324645996095,0.00010018348693847656,0.9099264705882353
195,20.069036960601807,0.2666374610120329,0.00048193931579589846,0.00016560554504394532,9.427070617675781e-05,0.9227941176470589
200,20.550339937210083,0.15039396249612763,0.0004890918731689453,0.00017027854919433595,8.771419525146484e-05,0.8658088235294118
205,21.058356046676636,0.1605683426751739,0.0004747867584228516,0.0001609325408935547,0.00010464191436767578,0.8198529411764706
210,21.562903881072998,0.4925094798207283,0.0005031108856201171,0.0001743793487548828,0.00010266304016113282,0.8125
215,22.06639075279236,0.3522976548969382,0.0005171298980712891,0.0001784801483154297,0.00011365413665771484,0.8915441176470589
220,22.60152578353882,0.15781592970888597,0.0005207061767578125,0.000180816650390625,0.0001108407974243164,0.8658088235294118
225,23.110398054122925,0.3402276242719381,0.0004995346069335937,0.0001720428466796875,0.00010077953338623047,0.8676470588235294
230,23.6210777759552,0.24791462454013527,0.0005031108856201171,0.0001743793487548828,0.00010478496551513672,0.8970588235294118
235,24.129137992858887,0.2816575028860825,0.0005066871643066406,0.00017671585083007814,0.000133514404296875,0.8970588235294118
240,24.696452856063843,0.14907093646688735,0.0004996776580810547,0.0001746654510498047,0.00014057159423828126,0.9375
245,25.2679660320282,0.12685752822435462,0.00048193931579589846,0.00016560554504394532,9.59634780883789e-05,0.8915441176470589
250,25.80594277381897,0.077291932652588,0.0005031108856201171,0.0001743793487548828,0.00010521411895751953,0.8676470588235294
255,26.331429958343506,0.6411653670870692,0.0005065441131591797,0.00017409324645996095,0.00010232925415039062,0.9080882352941176
260,26.830538749694824,0.2514845571837213,0.0005101203918457031,0.00017642974853515625,0.00012857913970947265,0.8805147058823529
265,27.35132598876953,0.3537813815753907,0.0005312919616699219,0.00018520355224609374,0.00010192394256591797,0.9375
270,27.869999885559082,0.5414385659633354,0.0005065441131591797,0.00017409324645996095,0.00011489391326904296,0.8694852941176471
275,28.399035930633545,0.11047348246502224,0.000524139404296875,0.00018053054809570314,0.00013430118560791015,0.8088235294117647
280,29.022196054458618,0.4113363376876805,0.0005136966705322265,0.00017876625061035155,0.00011882781982421874,0.8216911764705882
285,29.538470029830933,0.7077686128672213,0.0004961013793945313,0.00017232894897460936,0.00010919570922851562,0.9246323529411765
290,30.087018966674805,0.10323609541992482,0.0005136966705322265,0.00017876625061035155,9.992122650146485e-05,0.9117647058823529
295,30.590243816375732,0.09336094940772455,0.0004995346069335937,0.0001720428466796875,0.00010993480682373047,0.8860294117647058
300,31.0991268157959,0.5765768452547491,0.0005277156829833985,0.00018286705017089844,9.570121765136718e-05,0.8694852941176471
305,31.584991931915283,0.06841143491301409,0.0005031108856201171,0.0001743793487548828,9.772777557373046e-05,0.8970588235294118
310,32.06795883178711,0.40694583505719495,0.0005101203918457031,0.00017642974853515625,9.551048278808594e-05,0.8952205882352942
315,32.545554876327515,0.21988656273224477,0.0005135536193847656,0.00017614364624023436,9.305477142333985e-05,0.9246323529411765
320,33.03032398223877,0.2632674968270294,0.0004890918731689453,0.00017027854919433595,9.186267852783203e-05,0.9375
325,33.560303926467896,0.15864918754396057,0.0004995346069335937,0.0001720428466796875,8.912086486816407e-05,0.9448529411764706
330,34.064810037612915,0.19699719823274792,0.0004855155944824219,0.00016794204711914062,9.386539459228515e-05,0.9375
335,34.56248998641968,0.1889605555579692,0.0005101203918457031,0.00017642974853515625,9.605884552001953e-05,0.9375
340,35.079553842544556,0.44426183282669174,0.0004996776580810547,0.0001746654510498047,0.00010781288146972656,0.9411764705882353
345,35.68288278579712,0.13755897063397243,0.0005065441131591797,0.00017409324645996095,0.00011248588562011719,0.9209558823529411
350,36.216618061065674,0.07978228563442827,0.0005029678344726562,0.00017175674438476562,9.989738464355469e-05,0.8952205882352942
355,36.724281787872314,0.3259932169700278,0.0004959583282470703,0.00016970634460449218,9.737014770507812e-05,0.8933823529411765
360,37.20998573303223,0.09562464191694744,0.0005277156829833985,0.00018286705017089844,0.00010251998901367188,0.9227941176470589
365,37.691099882125854,0.24357935842190415,0.0004995346069335937,0.0001720428466796875,9.407997131347657e-05,0.9136029411764706
370,38.189414978027344,0.03199256829546186,0.0004959583282470703,0.00016970634460449218,0.00010464191436767578,0.8823529411764706
375,38.68734383583069,0.24749975991726955,0.00048193931579589846,0.00016560554504394532,0.00011134147644042969,0.9080882352941176
380,39.183318853378296,0.3072318743232046,0.0004925251007080079,0.00016999244689941406,9.40084457397461e-05,0.9430147058823529
385,39.677375078201294,0.1689696342684357,0.0005136966705322265,0.00017876625061035155,0.00010159015655517579,0.9522058823529411
390,40.18120789527893,0.3024514589472574,0.0004959583282470703,0.00016970634460449218,0.00011444091796875,0.9319852941176471
395,40.67437195777893,0.028618061340432634,0.0005065441131591797,0.00017409324645996095,9.453296661376953e-05,0.9319852941176471
400,41.183979749679565,0.23754368896316008,0.0005066871643066406,0.00017671585083007814,0.0001140594482421875,0.9283088235294118
405,41.73151707649231,0.17564730931990197,0.0004961013793945313,0.00017232894897460936,0.000107574462890625,0.9595588235294118
410,42.26834011077881,0.15462560092564673,0.0005277156829833985,0.00018286705017089844,0.0001171112060546875,0.9393382352941176
415,42.778684854507446,0.4114436393836513,0.0005383014678955079,0.00018725395202636718,0.00010631084442138671,0.9246323529411765
420,43.28274488449097,0.011698239273403032,0.0004959583282470703,0.00016970634460449218,9.813308715820313e-05,0.9430147058823529
425,43.80303502082825,0.020354985946323723,0.0005031108856201171,0.0001743793487548828,9.546279907226562e-05,0.9099264705882353
430,44.28261375427246,0.44366545910015986,0.0005135536193847656,0.00017614364624023436,9.78231430053711e-05,0.9650735294117647
435,44.821873903274536,0.15468854191713036,0.0005136966705322265,0.00017876625061035155,0.0001178741455078125,0.9301470588235294
440,45.35341691970825,0.07085448000725592,0.000510263442993164,0.00017905235290527344,0.00010001659393310547,0.9136029411764706
445,45.86711096763611,0.6797041767568317,0.0005171298980712891,0.0001784801483154297,9.40561294555664e-05,0.9117647058823529
450,46.381059885025024,0.04377359743521083,0.0005207061767578125,0.000180816650390625,9.570121765136718e-05,0.9080882352941176
455,46.88134789466858,0.3631519597918668,0.0004961013793945313,0.00017232894897460936,0.00010943412780761719,0.9301470588235294
460,47.40092706680298,0.2814203663758235,0.0004925251007080079,0.00016999244689941406,0.00011439323425292969,0.9283088235294118
465,47.913573026657104,0.11721216824808209,0.0005031108856201171,0.0001743793487548828,9.877681732177735e-05,0.9540441176470589
470,48.42014288902283,0.2560512822659803,0.0004749298095703125,0.00016355514526367188,0.00010654926300048828,0.9264705882352942
475,48.996150732040405,0.1562475559559971,0.000478363037109375,0.00016326904296875,0.00011091232299804687,0.875
480,49.59770488739014,0.23243183210142887,0.0004995346069335937,0.0001720428466796875,0.00012404918670654296,0.8474264705882353
485,50.12517309188843,0.3142843696921787,0.0005101203918457031,0.00017642974853515625,0.00010528564453125,0.8676470588235294
490,50.643348932266235,0.26027364434851846,0.0005031108856201171,0.0001743793487548828,0.0001260519027709961,0.9577205882352942
495,51.17316198348999,0.2514356548503713,0.0005171298980712891,0.0001784801483154297,0.0001294851303100586,0.9522058823529411
500,51.706214904785156,0.11057669107540277,0.0005101203918457031,0.00017642974853515625,0.00012722015380859376,0.9503676470588235
505,52.22987699508667,0.16126473952924697,0.0005066871643066406,0.00017671585083007814,9.920597076416016e-05,0.9485294117647058
510,52.73919486999512,0.08038032239710446,0.0004996776580810547,0.0001746654510498047,0.00010964870452880859,0.9283088235294118
515,53.238128900527954,0.20018596157115098,0.0004890918731689453,0.00017027854919433595,0.00010058879852294921,0.9522058823529411
520,53.74560904502869,0.09358168494727578,0.0004995346069335937,0.0001720428466796875,0.00011229515075683594,0.9319852941176471
525,54.25920391082764,0.13368594320891133,0.0004995346069335937,0.0001720428466796875,9.758472442626953e-05,0.9264705882352942
530,54.75462102890015,0.3211283716447781,0.0004995346069335937,0.0001720428466796875,0.00011136531829833985,0.9283088235294118
535,55.291024923324585,0.30688611561781726,0.0005383014678955079,0.00018725395202636718,0.00010902881622314453,0.9595588235294118
540,55.80914092063904,0.24875079265330272,0.0005065441131591797,0.00017409324645996095,0.00013456344604492187,0.9338235294117647
545,56.32786798477173,0.46774091109837457,0.0005065441131591797,0.00017409324645996095,0.00010952949523925781,0.9485294117647058
550,56.838440895080566,0.034616132581140845,0.0005312919616699219,0.00018520355224609374,0.00011219978332519532,0.9411764705882353
555,57.3720977306366,0.3103681679524016,0.0005136966705322265,0.00017876625061035155,0.00010235309600830078,0.9558823529411765
560,57.91279911994934,0.1032474217361596,0.0004996776580810547,0.0001746654510498047,0.00010569095611572266,0.9264705882352942
565,58.44221591949463,0.09200013235605412,0.0004995346069335937,0.0001720428466796875,0.00010952949523925781,0.9356617647058824
570,59.02696895599365,0.30891318994109723,0.0005135536193847656,0.00017614364624023436,0.00010983943939208984,0.9485294117647058
575,59.55725884437561,0.16297851500567048,0.0005242824554443359,0.00018315315246582032,0.00012013912200927734,0.9264705882352942
580,60.09879493713379,0.012164503207895905,0.0005101203918457031,0.00017642974853515625,0.0001068115234375,0.9117647058823529
585,60.64062809944153,0.5269208075478673,0.0005171298980712891,0.0001784801483154297,0.00011641979217529297,0.9264705882352942
590,61.15450882911682,0.022997060068884422,0.00048193931579589846,0.00016560554504394532,0.00010569095611572266,0.9522058823529411
595,61.659085750579834,0.09448774443590083,0.0004995346069335937,0.0001720428466796875,0.00011434555053710938,0.9613970588235294
600,62.19527792930603,0.08927980074727201,0.0004889488220214844,0.00016765594482421876,9.913444519042969e-05,0.9742647058823529
605,62.731029748916626,0.03509914051774103,0.0005032539367675782,0.000177001953125,0.00011289119720458984,0.9797794117647058
610,63.243567943573,0.03789559806173344,0.0004995346069335937,0.0001720428466796875,0.00010554790496826172,0.9742647058823529
615,63.77428388595581,0.3197582460132253,0.0005101203918457031,0.00017642974853515625,9.517669677734375e-05,0.96875
620,64.28227281570435,0.02873292364893132,0.0005101203918457031,0.00017642974853515625,0.00012769699096679688,0.9577205882352942
625,64.82090497016907,0.30210285052889957,0.0005029678344726562,0.00017175674438476562,9.708404541015625e-05,0.9503676470588235
630,65.29951286315918,0.09834545029589208,0.0004995346069335937,0.0001720428466796875,0.00010066032409667968,0.9613970588235294
635,65.79879093170166,0.038477232996959286,0.0005207061767578125,0.000180816650390625,9.696483612060547e-05,0.9356617647058824
640,66.29546093940735,0.005120350216748193,0.00047821998596191405,0.0001606464385986328,9.70602035522461e-05,0.9301470588235294
645,66.77309703826904,0.20387612046542927,0.0005031108856201171,0.0001743793487548828,9.572505950927734e-05,0.9577205882352942
650,67.25721287727356,0.03212109525703113,0.0004855155944824219,0.00016794204711914062,0.00010042190551757812,0.9375
655,67.753741979599,0.4281518581294222,0.0005031108856201171,0.0001743793487548828,0.00010309219360351562,0.9816176470588235
660,68.263188123703,0.18151042674071505,0.0005065441131591797,0.00017409324645996095,0.0001010894775390625,0.9319852941176471
665,68.76708316802979,0.0883465575883747,0.0005065441131591797,0.00017409324645996095,0.00010333061218261718,0.9411764705882353
670,69.25951790809631,0.16608596540736614,0.0005031108856201171,0.0001743793487548828,9.891986846923828e-05,0.9540441176470589
675,69.75704503059387,0.02497158415942522,0.0005066871643066406,0.00017671585083007814,0.00011224746704101563,0.9430147058823529
680,70.27282285690308,0.34072039257043796,0.0004925251007080079,0.00016999244689941406,0.00010919570922851562,0.9558823529411765
685,70.77357983589172,0.09912779250880703,0.0005383014678955079,0.00018725395202636718,9.97781753540039e-05,0.9669117647058824
690,71.25875997543335,0.1009318712327513,0.000524139404296875,0.00018053054809570314,9.78708267211914e-05,0.9632352941176471
695,71.78730893135071,0.00638648002792479,0.0004961013793945313,0.00017232894897460936,0.00012066364288330079,0.9595588235294118
700,72.34543585777283,0.09479273469187462,0.0005205631256103516,0.0001781940460205078,0.00010554790496826172,0.9669117647058824
705,72.84051990509033,0.03481377293355763,0.0004995346069335937,0.0001720428466796875,0.00010981559753417969,0.9577205882352942
710,73.32530903816223,0.022266118907668896,0.000510263442993164,0.00017905235290527344,9.59157943725586e-05,0.9540441176470589
715,73.82801294326782,0.07264210557477782,0.0005242824554443359,0.00018315315246582032,9.74893569946289e-05,0.9540441176470589
720,74.37176895141602,0.27465596632593475,0.0005135536193847656,0.00017614364624023436,9.996891021728516e-05,0.96875
725,74.84790301322937,0.17732846558811274,0.0005136966705322265,0.00017876625061035155,0.00010046958923339843,0.9705882352941176
730,75.3257348537445,0.03517282359898673,0.0004890918731689453,0.00017027854919433595,9.677410125732421e-05,0.9375
735,75.83724594116211,0.24430395719914486,0.0005101203918457031,0.00017642974853515625,0.00011165142059326172,0.9540441176470589
740,76.31923484802246,0.1398475080022763,0.00047135353088378906,0.00016121864318847657,9.315013885498047e-05,0.9338235294117647
745,76.79138898849487,0.3185268206517321,0.0004855155944824219,0.00016794204711914062,0.00010142326354980468,0.8933823529411765
750,77.2633228302002,0.19585047182481646,0.0004853725433349609,0.00016531944274902343,9.36746597290039e-05,0.8860294117647058
755,77.77012991905212,0.17083230726352666,0.0004961013793945313,0.00017232894897460936,0.00011012554168701171,0.8878676470588235
760,78.28751587867737,0.2787361301481724,0.000524139404296875,0.00018053054809570314,0.0001322031021118164,0.9283088235294118
765,78.78176283836365,0.07987244272644603,0.0005136966705322265,0.00017876625061035155,8.990764617919922e-05,0.9448529411764706
770,79.27815985679626,0.14471422010720403,0.0004995346069335937,0.0001720428466796875,9.04083251953125e-05,0.9430147058823529
775,79.76439785957336,0.26112117369607973,0.0005207061767578125,0.000180816650390625,9.455680847167969e-05,0.9485294117647058
780,80.32067799568176,0.05319285525474697,0.0004890918731689453,0.00017027854919433595,0.0001233816146850586,0.9356617647058824
785,80.83742380142212,0.19385764636899835,0.0005032539367675782,0.000177001953125,9.887218475341797e-05,0.9191176470588235
790,81.34858298301697,0.444018871347393,0.00048193931579589846,0.00016560554504394532,9.882450103759766e-05,0.9595588235294118
795,81.83124685287476,0.02999409504607229,0.0005065441131591797,0.00017409324645996095,8.842945098876953e-05,0.9319852941176471
800,82.30064702033997,0.257110893461504,0.0005065441131591797,0.00017409324645996095,9.331703186035156e-05,0.9375
805,82.77000570297241,0.07695363173393162,0.0005136966705322265,0.00017876625061035155,9.334087371826172e-05,0.9411764705882353
810,83.24040675163269,0.2997690148586116,0.0005277156829833985,0.00018286705017089844,9.517669677734375e-05,0.9558823529411765
815,83.71872687339783,0.42215061745373533,0.0004995346069335937,0.0001720428466796875,9.04083251953125e-05,0.9485294117647058
820,84.30367279052734,0.03128878900258769,0.000531148910522461,0.00018258094787597655,0.00011959075927734376,0.9466911764705882
825,84.84003376960754,0.32455719024292196,0.00051727294921875,0.00018110275268554688,0.00010576248168945313,0.9466911764705882
830,85.35239672660828,0.15740378987405848,0.0004961013793945313,0.00017232894897460936,0.00010876655578613281,0.9540441176470589
835,85.85824489593506,0.04226467534681433,0.0005031108856201171,0.0001743793487548828,0.0001117706298828125,0.96875
840,86.37142896652222,0.11977465373656741,0.0005065441131591797,0.00017409324645996095,0.00010323524475097656,0.96875
845,86.88194108009338,0.1756076228328311,0.0005312919616699219,0.00018520355224609374,9.74893569946289e-05,0.9724264705882353
850,87.3610770702362,0.09596158234799076,0.0004925251007080079,0.00016999244689941406,0.00010149478912353515,0.9669117647058824
855,87.86899375915527,0.61414074395625,0.0005277156829833985,0.00018286705017089844,0.00010907649993896484,0.9375
860,88.3982949256897,0.11105577215203084,0.0004995346069335937,0.0001720428466796875,0.00012109279632568359,0.9503676470588235
865,88.92546892166138,0.07379706469364464,0.0004961013793945313,0.00017232894897460936,0.00011019706726074218,0.9393382352941176
870,89.4273669719696,0.1212313030497171,0.0004889488220214844,0.00016765594482421876,0.0001004934310913086,0.9375
875,89.92036008834839,0.06223783297464536,0.0004961013793945313,0.00017232894897460936,0.00010571479797363281,0.9595588235294118
880,90.41959309577942,0.06560751153730279,0.0004995346069335937,0.0001720428466796875,0.00011270046234130859,0.9632352941176471
885,90.92440676689148,0.3792318250519656,0.0005066871643066406,0.00017671585083007814,9.74893569946289e-05,0.9816176470588235
890,91.43280792236328,0.00984753235120479,0.0005065441131591797,0.00017409324645996095,0.0001008749008178711,0.9669117647058824
895,92.14294290542603,0.024191197409527375,0.0005135536193847656,0.00017614364624023436,0.00011324882507324219,0.9448529411764706
900,92.6435821056366,0.38773987244348973,0.0004853725433349609,0.00016531944274902343,0.00010056495666503907,0.9522058823529411
905,93.1559329032898,0.014447573432700266,0.0005207061767578125,0.000180816650390625,0.00010809898376464843,0.9724264705882353
910,93.66427087783813,0.015064115170389414,0.0004959583282470703,0.00016970634460449218,0.0001081705093383789,0.9816176470588235
915,94.17516589164734,0.056265275118494176,0.0005065441131591797,0.00017409324645996095,9.741783142089844e-05,0.9834558823529411
920,94.70654797554016,0.016978013635845456,0.0004855155944824219,0.00016794204711914062,0.00011475086212158203,0.96875
925,95.24625587463379,0.024675274067340068,0.0004889488220214844,0.00016765594482421876,0.00010306835174560547,0.9430147058823529
930,95.73035407066345,0.426849227193452,0.0005136966705322265,0.00017876625061035155,9.799003601074219e-05,0.9705882352941176
935,96.23621392250061,0.10033406867185021,0.0004959583282470703,0.00016970634460449218,0.00010063648223876954,0.9430147058823529
940,96.73046207427979,0.10388458139314025,0.0004995346069335937,0.0001720428466796875,9.744167327880859e-05,0.9319852941176471
945,97.24745297431946,0.11448326346298927,0.00051727294921875,0.00018110275268554688,0.00010297298431396484,0.9632352941176471
950,97.75165605545044,0.03622528515988961,0.0004925251007080079,0.00016999244689941406,0.00012040138244628906,0.9577205882352942
955,98.28388786315918,0.29151089102178956,0.0005242824554443359,0.00018315315246582032,0.00011115074157714843,0.9632352941176471
960,98.81633377075195,0.10518695590508287,0.0005417346954345703,0.00018696784973144532,0.00010051727294921876,0.96875
965,99.31184792518616,0.0036421346507268027,0.0004995346069335937,0.0001720428466796875,0.00012912750244140626,0.9705882352941176
970,99.8180160522461,0.012467718248080928,0.0005101203918457031,0.00017642974853515625,0.00010406970977783203,0.9669117647058824
975,100.31567192077637,0.06644378028577194,0.0005065441131591797,0.00017409324645996095,8.938312530517578e-05,0.9705882352941176
980,100.79699110984802,0.013756663434469374,0.0005066871643066406,0.00017671585083007814,9.551048278808594e-05,0.96875
985,101.2770528793335,0.012501444392637496,0.0005242824554443359,0.00018315315246582032,9.74893569946289e-05,0.96875
990,101.76443099975586,0.30969238938187116,0.0005101203918457031,0.00017642974853515625,9.813308715820313e-05,0.9742647058823529
995,102.26837205886841,0.018710251330048777,0.0005171298980712891,0.0001784801483154297,0.00010492801666259766,0.9761029411764706
1000,102.74771475791931,0.1430830686858826,0.0004890918731689453,0.00017027854919433595,9.582042694091796e-05,0.9613970588235294
1005,103.2244279384613,0.03457599489109384,0.0004995346069335937,0.0001720428466796875,0.00010364055633544922,0.9393382352941176
1010,103.70591902732849,0.21287859598558184,0.0004925251007080079,0.00016999244689941406,9.262561798095703e-05,0.9613970588235294
1015,104.19426393508911,0.42030036615728933,0.00047850608825683594,0.00016589164733886718,9.603500366210938e-05,0.9136029411764706
1020,104.7047438621521,0.10493819767289096,0.000478363037109375,0.00016326904296875,9.810924530029297e-05,0.9007352941176471
1025,105.17679500579834,0.09243690718058133,0.0004995346069335937,0.0001720428466796875,0.00010199546813964844,0.8841911764705882
1030,105.66169500350952,0.16535844650352374,0.0005207061767578125,0.000180816650390625,0.00010924339294433593,0.9136029411764706
1035,106.1699149608612,0.3289691662521818,0.0005101203918457031,0.00017642974853515625,9.729862213134766e-05,0.9540441176470589
1040,106.66978287696838,0.06902514766236437,0.0005101203918457031,0.00017642974853515625,0.00011038780212402344,0.9540441176470589
1045,107.1753261089325,0.017192750245339995,0.0005031108856201171,0.0001743793487548828,0.00010743141174316407,0.9430147058823529
1050,107.67922115325928,0.38559611294058416,0.0005136966705322265,0.00017876625061035155,0.00010008811950683594,0.9558823529411765
1055,108.22261786460876,0.019300274641500435,0.0004961013793945313,0.00017232894897460936,0.00011131763458251953,0.9430147058823529
1060,108.73538589477539,0.10381829172320067,0.0004890918731689453,0.00017027854919433595,9.59634780883789e-05,0.9485294117647058
1065,109.25375485420227,0.08881627064256606,0.0005031108856201171,0.0001743793487548828,0.0001070261001586914,0.9503676470588235
1070,109.76441502571106,0.05126047819503583,0.0004959583282470703,0.00016970634460449218,0.00010938644409179688,0.9577205882352942
1075,110.2644100189209,0.2786173785397409,0.0004995346069335937,0.0001720428466796875,9.89675521850586e-05,0.96875
1080,110.80643582344055,0.17427868764207233,0.0005418777465820313,0.0001895904541015625,0.00010015964508056641,0.9705882352941176
1085,111.30512285232544,0.4395431794124306,0.0005065441131591797,0.00017409324645996095,0.00010151863098144532,0.9650735294117647
1090,111.99351406097412,0.016541045195481274,0.0005135536193847656,0.00017614364624023436,0.00011548995971679687,0.9650735294117647
1095,112.50227999687195,0.17851002613899142,0.0005242824554443359,0.00018315315246582032,9.517669677734375e-05,0.9650735294117647
1100,112.9843418598175,0.06556519552250392,0.0005031108856201171,0.0001743793487548828,9.319782257080078e-05,0.9705882352941176
1105,113.47207403182983,0.022602198761978796,0.0004961013793945313,0.00017232894897460936,9.768009185791015e-05,0.9632352941176471
1110,113.94558501243591,0.07964595277571788,0.0005101203918457031,0.00017642974853515625,9.009838104248046e-05,0.9613970588235294
1115,114.41596603393555,0.10305790043566958,0.000524139404296875,0.00018053054809570314,9.901523590087891e-05,0.9724264705882353
1120,114.89349484443665,0.13667011409843327,0.00051727294921875,0.00018110275268554688,0.0001007080078125,0.9650735294117647
1125,115.37220191955566,0.05128556166419003,0.0005065441131591797,0.00017409324645996095,9.589195251464843e-05,0.9632352941176471
1130,115.85063481330872,0.16467498245189063,0.0005171298980712891,0.0001784801483154297,0.00010361671447753907,0.9650735294117647
1135,116.34964680671692,0.00251078347209841,0.0004749298095703125,0.00016355514526367188,9.160041809082031e-05,0.9522058823529411
1140,116.85779595375061,0.04226697217018227,0.0004995346069335937,0.0001720428466796875,0.00010707378387451172,0.9448529411764706
1145,117.35867977142334,0.0824213859916199,0.0004925251007080079,0.00016999244689941406,0.00011796951293945313,0.9558823529411765
1150,117.9350209236145,0.02429578058217885,0.0005066871643066406,0.00017671585083007814,0.00011548995971679687,0.9669117647058824
1155,118.4231288433075,0.04451029117499274,0.0005031108856201171,0.0001743793487548828,9.987354278564453e-05,0.9669117647058824
1160,118.92304182052612,0.4743170728970654,0.0005065441131591797,0.00017409324645996095,9.198188781738282e-05,0.9742647058823529
1165,119.41846299171448,0.009900834113295787,0.0005101203918457031,0.00017642974853515625,9.875297546386718e-05,0.9632352941176471
1170,119.93013787269592,0.4053955651625074,0.0004959583282470703,0.00016970634460449218,0.00011332035064697266,0.9558823529411765
1175,120.45322394371033,0.012788109659004477,0.0005065441131591797,0.00017409324645996095,0.0001195669174194336,0.9724264705882353
1180,121.02649998664856,0.0018888723528561967,0.0005101203918457031,0.00017642974853515625,0.0001250743865966797,0.9797794117647058
1185,121.55026698112488,0.0006383463891324936,0.0004923820495605468,0.00016736984252929688,0.0001032114028930664,0.9724264705882353
1190,122.02910804748535,0.014776196917776475,0.0004889488220214844,0.00016765594482421876,9.617805480957031e-05,0.9669117647058824
1195,122.5003547668457,0.04094680263224291,0.0004996776580810547,0.0001746654510498047,0.00010104179382324219,0.96875
1200,122.97788405418396,0.3142725563353451,0.0004995346069335937,0.0001720428466796875,9.6893310546875e-05,0.9632352941176471
1205,123.44979476928711,0.07799549460510206,0.0004995346069335937,0.0001720428466796875,9.074211120605469e-05,0.9503676470588235
1210,123.91997694969177,0.07877517977056528,0.0005135536193847656,0.00017614364624023436,9.639263153076172e-05,0.9466911764705882
1215,124.38712096214294,0.2328001619172994,0.0004961013793945313,0.00017232894897460936,9.229183197021485e-05,0.9632352941176471
1220,124.86060810089111,0.024292168956878867,0.0005066871643066406,0.00017671585083007814,0.00010952949523925781,0.9705882352941176
1225,125.37337183952332,0.20076984674391268,0.0005101203918457031,0.00017642974853515625,9.837150573730469e-05,0.9742647058823529
1230,125.86774682998657,0.0379749837475174,0.0005383014678955079,0.00018725395202636718,9.212493896484374e-05,0.9779411764705882
1235,126.3671817779541,0.02208146318953368,0.0005135536193847656,0.00017614364624023436,9.508132934570313e-05,0.9761029411764706
1240,126.87731885910034,0.0011390464063879336,0.0004961013793945313,0.00017232894897460936,0.00010483264923095703,0.9705882352941176
1245,127.38592910766602,0.05326478365022922,0.0005135536193847656,0.00017614364624023436,0.00010457038879394532,0.9705882352941176
1250,127.87879681587219,0.008572608327949639,0.0005101203918457031,0.00017642974853515625,0.00010330677032470703,0.96875
1255,128.35291981697083,0.004681428743253946,0.000510263442993164,0.00017905235290527344,9.913444519042969e-05,0.9724264705882353
1260,128.86207175254822,0.24403802280476156,0.0005207061767578125,0.000180816650390625,0.00010788440704345703,0.9779411764705882
1265,129.34796285629272,0.049586820822156596,0.0005171298980712891,0.0001784801483154297,9.305477142333985e-05,0.9797794117647058
1270,129.83523893356323,0.07254933073963912,0.0005031108856201171,0.0001743793487548828,0.0001056671142578125,0.96875
1275,130.34720182418823,0.03705034785678833,0.0004961013793945313,0.00017232894897460936,0.00010750293731689453,0.9466911764705882
1280,130.85968804359436,0.2422573741190746,0.0005031108856201171,0.0001743793487548828,0.0001310110092163086,0.9705882352941176
1285,131.4162998199463,0.18571407985313612,0.00047135353088378906,0.00016121864318847657,0.0004484891891479492,0.9356617647058824
1290,131.91768980026245,0.7354309197260648,0.00048193931579589846,0.00016560554504394532,9.953975677490234e-05,0.8933823529411765
1295,132.4040400981903,0.3786910960028763,0.0004995346069335937,0.0001720428466796875,9.703636169433594e-05,0.8897058823529411
1300,132.89943981170654,0.1994765881929652,0.0005031108856201171,0.0001743793487548828,9.722709655761719e-05,0.8860294117647058
1305,133.39670300483704,0.23775842054893132,0.0005101203918457031,0.00017642974853515625,0.00010352134704589843,0.9283088235294118
1310,133.88726091384888,0.11096770148181463,0.0005101203918457031,0.00017642974853515625,9.984970092773438e-05,0.9301470588235294
1315,134.37511777877808,0.07253522006785715,0.0005171298980712891,0.0001784801483154297,0.00010046958923339843,0.9338235294117647
1320,134.86368012428284,0.33988328127170464,0.0005031108856201171,0.0001743793487548828,9.906291961669922e-05,0.9375
1325,135.3760757446289,0.21794416566908695,0.0004926681518554688,0.00017261505126953125,0.0001232624053955078,0.9540441176470589
1330,135.89706087112427,0.12949752496060682,0.0004996776580810547,0.0001746654510498047,0.0001287698745727539,0.9595588235294118
1335,136.4448127746582,0.07435721859802698,0.0004889488220214844,0.00016765594482421876,0.00010309219360351562,0.9632352941176471
1340,136.9789068698883,0.03218301287270151,0.0005101203918457031,0.00017642974853515625,0.00011906623840332031,0.9650735294117647
1345,137.50726103782654,0.15868900422288162,0.0004959583282470703,0.00016970634460449218,0.00012798309326171874,0.9742647058823529
1350,138.03224205970764,0.13001944713760166,0.0005312919616699219,0.00018520355224609374,0.00010755062103271485,0.9705882352941176
1355,138.5428068637848,0.16277195183211007,0.0005171298980712891,0.0001784801483154297,0.00010578632354736328,0.9761029411764706
1360,139.04269814491272,0.31633756579249167,0.0004995346069335937,0.0001720428466796875,9.601116180419922e-05,0.9761029411764706
1365,139.51341891288757,0.01581389613857027,0.0005277156829833985,0.00018286705017089844,9.930133819580078e-05,0.9779411764705882
1370,140.0151948928833,0.20790757349750494,0.0005242824554443359,0.00018315315246582032,9.560585021972656e-05,0.9797794117647058
1375,140.51053595542908,0.04997090211400064,0.0004890918731689453,0.00017027854919433595,0.00010521411895751953,0.9816176470588235
1380,141.0622308254242,0.023334535304752536,0.0004995346069335937,0.0001720428466796875,0.00010762214660644531,0.9761029411764706
1385,141.53814482688904,0.08500242466961935,0.0005135536193847656,0.00017614364624023436,0.00010161399841308593,0.9816176470588235
1390,142.02527594566345,0.16878558430325938,0.0005242824554443359,0.00018315315246582032,9.6893310546875e-05,0.9834558823529411
1395,142.52653694152832,0.06078314062988284,0.0005031108856201171,0.0001743793487548828,0.00010859966278076172,0.9779411764705882
1400,143.01340794563293,0.04826946068569669,0.000524139404296875,0.00018053054809570314,0.00010216236114501953,0.96875
1405,143.51848888397217,0.1276193871424823,0.0004961013793945313,0.00017232894897460936,0.0001094818115234375,0.9632352941176471
1410,144.0053961277008,0.020869917973323028,0.0004995346069335937,0.0001720428466796875,9.3841552734375e-05,0.9595588235294118
1415,144.50739002227783,0.06475325378123671,0.0004889488220214844,0.00016765594482421876,0.0001041412353515625,0.9595588235294118
1420,145.00772094726562,0.043714254006044936,0.0004961013793945313,0.00017232894897460936,8.628368377685546e-05,0.9650735294117647
1425,145.48837208747864,0.018376625427481485,0.0005031108856201171,0.0001743793487548828,9.682178497314454e-05,0.9650735294117647
1430,146.05898189544678,0.45559236325789243,0.0005031108856201171,0.0001743793487548828,0.00010206699371337891,0.9705882352941176
1435,146.58126974105835,0.0019742265906018018,0.0005171298980712891,0.0001784801483154297,0.00010266304016113282,0.9742647058823529
1440,147.0822949409485,0.005192842012911569,0.0004959583282470703,0.00016970634460449218,0.00010170936584472657,0.9779411764705882
1445,147.56180787086487,0.1685415974966645,0.0004959583282470703,0.00016970634460449218,0.00010006427764892578,0.9761029411764706
1450,148.0338487625122,0.009357792324749425,0.0005207061767578125,0.000180816650390625,9.427070617675781e-05,0.9705882352941176
1455,148.49553799629211,0.005920930369757116,0.0004923820495605468,0.00016736984252929688,9.505748748779297e-05,0.9705882352941176
1460,148.95809078216553,0.06487831716972323,0.0004995346069335937,0.0001720428466796875,9.484291076660157e-05,0.9761029411764706
1465,149.442795753479,0.007205302880905151,0.0004855155944824219,0.00016794204711914062,8.90493392944336e-05,0.9779411764705882
1470,149.942302942276,0.014425994799057661,0.0004925251007080079,0.00016999244689941406,0.000101470947265625,0.9761029411764706
1475,150.41001987457275,0.12749620496051647,0.0005207061767578125,0.000180816650390625,9.386539459228515e-05,0.9761029411764706
1480,150.87673687934875,0.02252456576370605,0.0004853725433349609,0.00016531944274902343,0.00010101795196533203,0.9724264705882353
1485,151.36078691482544,0.023284122218262836,0.0005031108856201171,0.0001743793487548828,8.566379547119141e-05,0.9669117647058824
1490,151.8452377319336,0.01233641365110998,0.0005136966705322265,0.00017876625061035155,9.617805480957031e-05,0.9595588235294118
1495,152.3150019645691,0.2921859844616904,0.0004925251007080079,0.00016999244689941406,9.253025054931641e-05,0.96875
1500,152.80045890808105,0.04257426306066918,0.0005312919616699219,0.00018520355224609374,0.0001062154769897461,0.9779411764705882
1505,153.29286885261536,0.07071373484450305,0.000531148910522461,0.00018258094787597655,0.00010232925415039062,0.9761029411764706
1510,153.76725578308105,0.0001018998165307039,0.0005066871643066406,0.00017671585083007814,9.431838989257813e-05,0.9742647058823529
1515,154.2349338531494,0.010332920719520189,0.0005135536193847656,0.00017614364624023436,9.360313415527344e-05,0.96875
1520,154.6947968006134,0.01010971678479109,0.0005101203918457031,0.00017642974853515625,9.417533874511719e-05,0.96875
1525,155.2017900943756,0.013905860781420643,0.0004996776580810547,0.0001746654510498047,9.627342224121094e-05,0.96875
1530,155.66454792022705,0.04253483416027848,0.0005242824554443359,0.00018315315246582032,9.820461273193359e-05,0.96875
1535,156.12877297401428,0.18511270591990298,0.000524139404296875,0.00018053054809570314,0.00010616779327392578,0.9724264705882353
1540,156.5928840637207,0.010436364321503789,0.0005101203918457031,0.00017642974853515625,9.279251098632812e-05,0.9779411764705882
1545,157.07644486427307,0.24534807592045382,0.0004820823669433594,0.0001682281494140625,9.188652038574218e-05,0.9650735294117647
1550,157.58365178108215,0.13388191999259647,0.0005065441131591797,0.00017409324645996095,9.889602661132813e-05,0.9485294117647058
1555,158.1068696975708,0.3359766604768367,0.00048193931579589846,0.00016560554504394532,9.822845458984375e-05,0.9742647058823529
1560,158.61182498931885,0.13893106905920974,0.0004890918731689453,0.00017027854919433595,9.720325469970703e-05,0.9540441176470589
1565,159.10600686073303,0.10220243005896919,0.0004747867584228516,0.0001609325408935547,9.65118408203125e-05,0.9393382352941176
1570,159.5943078994751,0.12166323191504488,0.0005031108856201171,0.0001743793487548828,9.160041809082031e-05,0.9283088235294118
1575,160.13575196266174,0.24350557120051236,0.0005171298980712891,0.0001784801483154297,0.00010912418365478515,0.9375
1580,160.63971590995789,0.15052047657374884,0.0005207061767578125,0.000180816650390625,0.00010950565338134766,0.9577205882352942
1585,161.17849683761597,0.0016333681895076778,0.0004995346069335937,0.0001720428466796875,0.00011460781097412109,0.9577205882352942
1590,161.66465067863464,0.10408075815049642,0.0005031108856201171,0.0001743793487548828,9.744167327880859e-05,0.9558823529411765
1595,162.1607048511505,0.2554516730320827,0.0005066871643066406,0.00017671585083007814,0.00011065006256103516,0.9595588235294118
1600,162.66972994804382,0.001134661617589927,0.0004996776580810547,0.0001746654510498047,0.00010559558868408203,0.9558823529411765
1605,163.19551587104797,0.012934866861360205,0.00048193931579589846,0.00016560554504394532,0.00011639595031738281,0.9577205882352942
1610,163.75661492347717,0.043930887939450255,0.0005031108856201171,0.0001743793487548828,0.00010564327239990235,0.9613970588235294
1615,164.2709777355194,0.30549570358189443,0.0005065441131591797,0.00017409324645996095,0.00010249614715576171,0.9650735294117647
1620,164.80020689964294,0.043747013724532734,0.0005101203918457031,0.00017642974853515625,0.00010771751403808594,0.9650735294117647
1625,165.32374095916748,0.1436545064731604,0.0005312919616699219,0.00018520355224609374,0.00010495185852050781,0.9724264705882353
1630,165.80041790008545,0.4281656033555919,0.0005065441131591797,0.00017409324645996095,9.901523590087891e-05,0.9650735294117647
1635,166.30609011650085,0.008215256697440054,0.000524139404296875,0.00018053054809570314,9.779930114746093e-05,0.96875
1640,166.81744003295898,0.12737995822499357,0.0005136966705322265,0.00017876625061035155,9.717941284179688e-05,0.9761029411764706
1645,167.32847595214844,0.03458464860414097,0.0004961013793945313,0.00017232894897460936,0.00011916160583496094,0.9797794117647058
1650,167.8532178401947,0.009705962654368249,0.0005136966705322265,0.00017876625061035155,0.00011167526245117187,0.9816176470588235
1655,168.34551095962524,0.026582570770881376,0.0004995346069335937,0.0001720428466796875,0.00010030269622802734,0.9816176470588235
1660,168.90294408798218,0.2291211470150813,0.0005277156829833985,0.00018286705017089844,0.00012912750244140626,0.9816176470588235
1665,169.4160668849945,0.06319241556597603,0.0005031108856201171,0.0001743793487548828,0.00010039806365966797,0.9834558823529411
1670,169.90686178207397,0.02662100657338442,0.0005101203918457031,0.00017642974853515625,9.768009185791015e-05,0.9797794117647058
1675,170.414381980896,0.061406699003418906,0.0005135536193847656,0.00017614364624023436,8.821487426757812e-05,0.9724264705882353
1680,170.96368789672852,0.07080717799794911,0.0004890918731689453,0.00017027854919433595,0.00011184215545654297,0.9650735294117647
1685,171.47163891792297,0.06830336142409124,0.0004995346069335937,0.0001720428466796875,0.00011584758758544921,0.9577205882352942
1690,171.9609990119934,0.0071900454546266705,0.0004855155944824219,0.00016794204711914062,9.551048278808594e-05,0.9724264705882353
1695,172.44962286949158,0.03959893245710191,0.0005101203918457031,0.00017642974853515625,0.00010285377502441406,0.9797794117647058
1700,172.9277970790863,0.24129152227425266,0.0004996776580810547,0.0001746654510498047,0.00010318756103515625,0.9779411764705882
1705,173.44926810264587,0.013017916970512999,0.0005065441131591797,0.00017409324645996095,9.925365447998047e-05,0.9724264705882353
1710,173.94229102134705,0.002210411715304872,0.0005029678344726562,0.00017175674438476562,0.00010306835174560547,0.9705882352941176
1715,174.4760549068451,0.08197373877537757,0.0004959583282470703,0.00016970634460449218,9.911060333251953e-05,0.9761029411764706
1720,174.95670986175537,0.006581801823006117,0.0005277156829833985,0.00018286705017089844,0.00010654926300048828,0.9761029411764706
1725,175.46816277503967,0.008392404719415936,0.0004995346069335937,0.0001720428466796875,9.949207305908203e-05,0.9632352941176471
1730,175.96585392951965,0.0016187990472644742,0.0004959583282470703,0.00016970634460449218,0.000103759765625,0.9595588235294118
1735,176.46669387817383,0.044022848550997654,0.00048193931579589846,0.00016560554504394532,9.622573852539063e-05,0.9816176470588235
1740,176.9607219696045,0.0006361601933747352,0.0004925251007080079,0.00016999244689941406,9.472370147705078e-05,0.9761029411764706
1745,177.5406470298767,0.1984495995150212,0.0005136966705322265,0.00017876625061035155,0.0001065969467163086,0.9761029411764706
1750,178.14692902565002,0.06944045373402333,0.0004959583282470703,0.00016970634460449218,0.0001026153564453125,0.96875
1755,178.65430402755737,0.006103516473137916,0.0005065441131591797,0.00017409324645996095,0.00010271072387695313,0.9613970588235294
1760,179.14079999923706,0.024618630373609562,0.0005066871643066406,0.00017671585083007814,9.9945068359375e-05,0.9558823529411765
1765,179.6465208530426,0.03654187991056688,0.0004961013793945313,0.00017232894897460936,0.00011301040649414062,0.9577205882352942
1770,180.17125797271729,0.2805136765797215,0.0005277156829833985,0.00018286705017089844,0.00010080337524414063,0.9632352941176471
1775,180.64404392242432,0.2205329465302043,0.0005383014678955079,0.00018725395202636718,9.224414825439453e-05,0.9724264705882353
1780,181.14375686645508,0.021871008706817463,0.0004959583282470703,0.00016970634460449218,0.00010280609130859375,0.9742647058823529
1785,181.66564297676086,0.007773089373876019,0.0005031108856201171,0.0001743793487548828,0.00011081695556640625,0.9761029411764706
1790,182.18590188026428,0.028394342594765476,0.0005135536193847656,0.00017614364624023436,0.00011515617370605469,0.9761029411764706
1795,182.67095494270325,0.017163016836525456,0.0005136966705322265,0.00017876625061035155,0.00010454654693603516,0.9761029411764706
1800,183.14350175857544,0.007967050609254045,0.000510263442993164,0.00017905235290527344,9.620189666748047e-05,0.9761029411764706
1805,183.62681674957275,0.1838283174859498,0.0005171298980712891,0.0001784801483154297,9.6893310546875e-05,0.9779411764705882
1810,184.11092281341553,0.010748151972440213,0.0005207061767578125,0.000180816650390625,0.00010025501251220703,0.9816176470588235
1815,184.5832850933075,0.12156940093353796,0.0004961013793945313,0.00017232894897460936,9.794235229492188e-05,0.9724264705882353
1820,185.05110883712769,0.06755426105150093,0.0004925251007080079,0.00016999244689941406,9.140968322753906e-05,0.9558823529411765
1825,185.56385588645935,0.16945012415073393,0.0005031108856201171,0.0001743793487548828,0.00010178089141845703,0.96875
1830,186.03245186805725,0.21622137266895863,0.0004749298095703125,0.00016355514526367188,9.01937484741211e-05,0.9724264705882353
1835,186.49926686286926,0.07211522839254485,0.000478363037109375,0.00016326904296875,9.5367431640625e-05,0.9595588235294118
1840,186.96808195114136,0.1740427061000446,0.0004995346069335937,0.0001720428466796875,9.51528549194336e-05,0.9411764705882353
1845,187.43322777748108,0.0743558332265934,0.0005101203918457031,0.00017642974853515625,9.57489013671875e-05,0.9338235294117647
1850,187.9043619632721,0.16114922708951837,0.0005031108856201171,0.0001743793487548828,9.772777557373046e-05,0.9411764705882353
1855,188.37211298942566,0.10154870418047039,0.0005171298980712891,0.0001784801483154297,9.903907775878906e-05,0.9466911764705882
1860,188.8387930393219,0.43942701481555557,0.0005101203918457031,0.00017642974853515625,9.539127349853516e-05,0.9503676470588235
1865,189.3030219078064,0.011813410838215077,0.0005066871643066406,0.00017671585083007814,9.355545043945312e-05,0.9613970588235294
1870,189.80086207389832,0.005790880433099233,0.0004996776580810547,0.0001746654510498047,9.946823120117187e-05,0.9650735294117647
1875,190.27714896202087,0.0010853158799818629,0.0004890918731689453,0.00017027854919433595,9.85860824584961e-05,0.9669117647058824
1880,190.74603509902954,0.01772304343110136,0.0004995346069335937,0.0001720428466796875,9.548664093017578e-05,0.9724264705882353
1885,191.2232449054718,0.015826316483912705,0.0004995346069335937,0.0001720428466796875,9.675025939941407e-05,0.9724264705882353
1890,191.69634699821472,0.22290244582619606,0.0004995346069335937,0.0001720428466796875,9.732246398925781e-05,0.9761029411764706
1895,192.16206073760986,0.11026459836175491,0.0005383014678955079,0.00018725395202636718,0.0001005411148071289,0.9816176470588235
1900,192.6313979625702,0.06891080380828499,0.0005065441131591797,0.00017409324645996095,0.0001074075698852539,0.9797794117647058
1905,193.10129594802856,0.336241681993215,0.0005065441131591797,0.00017409324645996095,9.825229644775391e-05,0.9816176470588235
1910,193.59688305854797,0.012984867048368187,0.0005312919616699219,0.00018520355224609374,9.875297546386718e-05,0.9852941176470589
1915,194.07326197624207,0.13252869991233637,0.0005136966705322265,0.00017876625061035155,9.529590606689453e-05,0.9852941176470589
1920,194.54478287696838,0.010341560648524251,0.0004996776580810547,0.0001746654510498047,9.930133819580078e-05,0.9871323529411765
1925,195.0166721343994,0.0071618440500984095,0.0004995346069335937,0.0001720428466796875,9.701251983642578e-05,0.9834558823529411
1930,195.50378394126892,0.16518408032054027,0.0005135536193847656,0.00017614364624023436,9.930133819580078e-05,0.9834558823529411
1935,195.9779589176178,0.18980555378327607,0.0005242824554443359,0.00018315315246582032,9.911060333251953e-05,0.9871323529411765
1940,196.47139286994934,0.0018603656795946222,0.0005101203918457031,0.00017642974853515625,0.00010104179382324219,0.9871323529411765
1945,196.962238073349,0.025031170989313976,0.0005171298980712891,0.0001784801483154297,0.00010223388671875,0.9834558823529411
1950,197.43556094169617,0.2555033814109322,0.00048193931579589846,0.00016560554504394532,9.603500366210938e-05,0.9669117647058824
1955,197.9326250553131,0.07389263754030254,0.0004995346069335937,0.0001720428466796875,0.0001132965087890625,0.9632352941176471
1960,198.4323868751526,0.027099263538548257,0.0004889488220214844,0.00016765594482421876,0.00011074542999267578,0.9632352941176471
1965,198.9377360343933,0.03382125956268282,0.0005032539367675782,0.000177001953125,0.00010535717010498046,0.9632352941176471
1970,199.4538598060608,0.014006125541800429,0.0004995346069335937,0.0001720428466796875,0.00010912418365478515,0.9595588235294118
1975,199.9664158821106,0.26545656795424294,0.0005101203918457031,0.00017642974853515625,0.00010612010955810547,0.9632352941176471
1980,200.51643872261047,0.009039527506470791,0.0005101203918457031,0.00017642974853515625,0.00010373592376708985,0.9705882352941176
1985,201.03781580924988,0.0449005316299008,0.0005029678344726562,0.00017175674438476562,0.00010583400726318359,0.96875
1990,201.5270290374756,0.04098957697139553,0.0004995346069335937,0.0001720428466796875,0.00010159015655517579,0.9742647058823529
1995,202.00650882720947,0.006488585697013605,0.0005207061767578125,0.000180816650390625,9.970664978027343e-05,0.9595588235294118
2000,202.49102687835693,0.006636716834509571,0.00047821998596191405,0.0001606464385986328,0.00010547637939453124,0.9558823529411765
2005,202.96767902374268,0.07656809176777699,0.0005031108856201171,0.0001743793487548828,0.00010132789611816406,0.96875
2010,203.4316759109497,0.004799898522632873,0.0004855155944824219,0.00016794204711914062,9.958744049072265e-05,0.9779411764705882
2015,203.89873695373535,0.01839260271881358,0.0005031108856201171,0.0001743793487548828,9.348392486572266e-05,0.9779411764705882
2020,204.37682580947876,0.031184300349900697,0.0005065441131591797,0.00017409324645996095,0.00010731220245361329,0.9724264705882353
2025,204.85712480545044,0.009246506515853525,0.0005065441131591797,0.00017409324645996095,9.889602661132813e-05,0.9761029411764706
2030,205.33325290679932,0.003274386680942598,0.0005031108856201171,0.0001743793487548828,0.00010259151458740235,0.9650735294117647
2035,205.80703401565552,0.0022484221900981537,0.0005066871643066406,0.00017671585083007814,9.365081787109375e-05,0.9632352941176471
2040,206.2965807914734,0.24270118720814934,0.0004925251007080079,0.00016999244689941406,9.577274322509765e-05,0.9779411764705882
2045,206.77706098556519,0.059610382491251813,0.0005383014678955079,0.00018725395202636718,0.00010516643524169922,0.9816176470588235
2050,207.30601596832275,0.015531908432826924,0.000524139404296875,0.00018053054809570314,0.00012032985687255859,0.9816176470588235
2055,207.85733580589294,0.00033969428872353545,0.0004961013793945313,0.00017232894897460936,0.00012054443359375,0.9816176470588235
2060,208.48228311538696,0.010963310860097409,0.0005205631256103516,0.0001781940460205078,0.00010373592376708985,0.9797794117647058
2065,208.99051189422607,0.002547328607761301,0.0004995346069335937,0.0001720428466796875,0.00010204315185546875,0.9797794117647058
2070,209.47783780097961,0.003053862083721981,0.000510263442993164,0.00017905235290527344,9.834766387939453e-05,0.9797794117647058
2075,209.98031997680664,0.13417854194671008,0.0005242824554443359,0.00018315315246582032,0.00010716915130615234,0.9871323529411765
2080,210.53087496757507,0.021822416613578356,0.0005135536193847656,0.00017614364624023436,0.00010302066802978516,0.9797794117647058
2085,211.03302311897278,0.032877572333018176,0.0005136966705322265,0.00017876625061035155,0.00013833045959472657,0.9724264705882353
2090,211.52777099609375,0.0020178436979819024,0.0004890918731689453,0.00017027854919433595,0.00010263919830322266,0.9724264705882353
2095,212.0221939086914,0.030774776389445434,0.0005101203918457031,0.00017642974853515625,0.00011048316955566406,0.9705882352941176
2100,212.54836583137512,0.23460033209994577,0.00047135353088378906,0.00016121864318847657,0.00014035701751708985,0.9650735294117647
2105,213.05500507354736,0.01581435423668722,0.0004855155944824219,0.00016794204711914062,9.59634780883789e-05,0.9613970588235294
2110,213.54418992996216,0.19805424733204974,0.0004853725433349609,0.00016531944274902343,0.00011591911315917968,0.9613970588235294
2115,214.0366086959839,0.09230577866260888,0.0004961013793945313,0.00017232894897460936,9.925365447998047e-05,0.9356617647058824
2120,214.51506805419922,0.43367562239291146,0.000524139404296875,0.00018053054809570314,0.00011470317840576172,0.9466911764705882
2125,215.0590500831604,0.0347109486072867,0.0005136966705322265,0.00017876625061035155,0.00010180473327636719,0.9503676470588235
2130,215.5440378189087,0.0024953478880888726,0.0004995346069335937,0.0001720428466796875,0.00010004043579101563,0.9522058823529411
2135,216.0500409603119,0.5249212415828992,0.0005207061767578125,0.000180816650390625,0.00010516643524169922,0.9577205882352942
2140,216.52848601341248,0.0048191202974081195,0.0004890918731689453,0.00017027854919433595,9.78231430053711e-05,0.9632352941176471
2145,217.06637978553772,0.00043237425418283235,0.0005032539367675782,0.000177001953125,0.00010058879852294921,0.9650735294117647
2150,217.54752492904663,0.01187946519938805,0.00048193931579589846,0.00016560554504394532,9.472370147705078e-05,0.9669117647058824
2155,218.02303385734558,0.005225069529842585,0.0005065441131591797,0.00017409324645996095,0.00010504722595214844,0.9669117647058824
2160,218.5369517803192,0.25914299254887396,0.0005065441131591797,0.00017409324645996095,0.0001016378402709961,0.9724264705882353
2165,218.99981498718262,0.1416417907513278,0.0005136966705322265,0.00017876625061035155,9.529590606689453e-05,0.9761029411764706
2170,219.45873188972473,0.08380985639869323,0.0005277156829833985,0.00018286705017089844,9.539127349853516e-05,0.9816176470588235
2175,219.94166898727417,0.21174860151373878,0.0004995346069335937,0.0001720428466796875,0.00010378360748291016,0.9761029411764706
2180,220.44162702560425,0.005821107275916404,0.000531148910522461,0.00018258094787597655,0.00010404586791992187,0.96875
2185,220.91382575035095,0.0631065962617896,0.00051727294921875,0.00018110275268554688,9.660720825195312e-05,0.9613970588235294
2190,221.39608001708984,0.10605063873645833,0.0004961013793945313,0.00017232894897460936,9.613037109375e-05,0.9871323529411765
2195,221.87195706367493,0.003916611613396981,0.0005031108856201171,0.0001743793487548828,9.391307830810546e-05,0.9852941176470589
2200,222.38077402114868,0.013303003780471556,0.0005065441131591797,0.00017409324645996095,9.317398071289063e-05,0.9834558823529411
2205,222.8488631248474,0.21144765507572175,0.0005312919616699219,0.00018520355224609374,9.372234344482422e-05,0.9816176470588235
2210,223.31804084777832,0.012839841445750722,0.0004925251007080079,0.00016999244689941406,0.00010287761688232422,0.9852941176470589
2215,223.78890776634216,0.01282593981017186,0.0005277156829833985,0.00018286705017089844,0.0001027822494506836,0.9852941176470589
2220,224.3118827342987,0.2098504292116587,0.0004995346069335937,0.0001720428466796875,0.00010042190551757812,0.9779411764705882
2225,224.78258991241455,0.006392026525691108,0.0004961013793945313,0.00017232894897460936,9.870529174804688e-05,0.9669117647058824
2230,225.2732470035553,0.03323119342585414,0.0004889488220214844,0.00016765594482421876,9.925365447998047e-05,0.9650735294117647
2235,225.77192568778992,0.00835173853993183,0.0004961013793945313,0.00017232894897460936,9.732246398925781e-05,0.9669117647058824
2240,226.2892827987671,0.027426130559706507,0.0004995346069335937,0.0001720428466796875,0.00011887550354003907,0.9669117647058824
2245,226.844712972641,0.24478462492625114,0.0005066871643066406,0.00017671585083007814,0.00012307167053222657,0.9724264705882353
2250,227.33341908454895,0.0018050925510934234,0.0005065441131591797,0.00017409324645996095,9.768009185791015e-05,0.9779411764705882
2255,227.81360793113708,0.006439142425506361,0.0005135536193847656,0.00017614364624023436,0.00010139942169189453,0.9724264705882353
2260,228.284405708313,0.17121761840967337,0.0004853725433349609,0.00016531944274902343,9.467601776123047e-05,0.9834558823529411
2265,228.8845498561859,0.003539353470370088,0.0005207061767578125,0.000180816650390625,9.868144989013671e-05,0.9816176470588235
2270,229.3544089794159,0.0010922878580458927,0.0004959583282470703,0.00016970634460449218,9.620189666748047e-05,0.9871323529411765
2275,229.8176510334015,0.020763517517923446,0.0005065441131591797,0.00017409324645996095,9.534358978271484e-05,0.9871323529411765
2280,230.51088905334473,0.001661453376023303,0.0004855155944824219,0.00016794204711914062,9.846687316894531e-05,0.9889705882352942
2285,230.9930899143219,0.0067401291315064785,0.0004889488220214844,0.00016765594482421876,9.691715240478516e-05,0.9908088235294118
2290,231.4543969631195,0.04322189837697295,0.0005136966705322265,0.00017876625061035155,9.424686431884766e-05,0.9852941176470589
2295,231.9217188358307,0.010859495730304047,0.0004959583282470703,0.00016970634460449218,9.007453918457032e-05,0.9871323529411765
2300,232.38461184501648,0.004912415566153072,0.0004995346069335937,0.0001720428466796875,9.071826934814453e-05,0.9834558823529411
2305,232.84321284294128,0.0007841120955177416,0.00051727294921875,0.00018110275268554688,9.658336639404297e-05,0.9834558823529411
2310,233.30792570114136,0.014565829219665715,0.0004925251007080079,0.00016999244689941406,9.839534759521484e-05,0.9834558823529411
2315,233.77909302711487,0.2061171145278422,0.0005242824554443359,0.00018315315246582032,9.980201721191407e-05,0.9834558823529411
2320,234.24118304252625,0.009383073890785455,0.0005417346954345703,0.00018696784973144532,9.555816650390625e-05,0.9889705882352942
2325,234.70456886291504,0.0002309881747535769,0.0004995346069335937,0.0001720428466796875,9.584426879882812e-05,0.9908088235294118
2330,235.16823291778564,0.0004738650596664229,0.0005101203918457031,0.00017642974853515625,9.572505950927734e-05,0.9889705882352942
2335,235.6295030117035,0.0021342105725125292,0.0005065441131591797,0.00017409324645996095,0.00010457038879394532,0.9889705882352942
2340,236.16417002677917,0.0021011033282945847,0.0005066871643066406,0.00017671585083007814,0.00012526512145996093,0.9889705882352942
2345,236.7008237838745,0.006433586426771854,0.0005242824554443359,0.00018315315246582032,9.255409240722656e-05,0.9889705882352942
2350,237.18401193618774,0.21137762492289766,0.0005101203918457031,0.00017642974853515625,8.723735809326171e-05,0.9889705882352942
2355,237.65229988098145,0.020682585443910283,0.0005171298980712891,0.0001784801483154297,0.00010981559753417969,0.9650735294117647
2360,238.13289880752563,0.005299058375416621,0.0004890918731689453,0.00017027854919433595,9.539127349853516e-05,0.9595588235294118
2365,238.59846901893616,0.014060225776485424,0.0004995346069335937,0.0001720428466796875,9.195804595947265e-05,0.9577205882352942
2370,239.08310985565186,0.049178799170294954,0.0004925251007080079,0.00016999244689941406,0.00010561943054199219,0.9595588235294118
2375,239.5447518825531,0.18975853652955266,0.00047850608825683594,0.00016589164733886718,9.567737579345703e-05,0.9595588235294118
2380,240.0702419281006,0.001245557405812292,0.000478363037109375,0.00016326904296875,0.00010433197021484376,0.9448529411764706
2385,240.5665271282196,0.13539063873988794,0.0004995346069335937,0.0001720428466796875,0.00010001659393310547,0.9319852941176471
2390,241.06452798843384,0.07057376063494303,0.0005207061767578125,0.000180816650390625,0.00010161399841308593,0.9356617647058824
2395,241.52636289596558,0.3416205665929738,0.0005101203918457031,0.00017642974853515625,9.739398956298828e-05,0.9577205882352942
2400,241.99558401107788,0.016755002229388083,0.0005101203918457031,0.00017642974853515625,0.000102996826171875,0.9558823529411765
2405,242.48888897895813,0.33081177201697753,0.0005031108856201171,0.0001743793487548828,9.610652923583985e-05,0.9558823529411765
2410,242.9512279033661,0.06573997463502508,0.0005136966705322265,0.00017876625061035155,9.539127349853516e-05,0.96875
2415,243.41461992263794,0.0016516885663804715,0.0004961013793945313,0.00017232894897460936,9.8419189453125e-05,0.9705882352941176
2420,243.94273900985718,0.006206171487167467,0.0004890918731689453,0.00017027854919433595,9.577274322509765e-05,0.9724264705882353
2425,244.45348381996155,0.006442970644377511,0.0005031108856201171,0.0001743793487548828,9.520053863525391e-05,0.9705882352941176
2430,245.04090881347656,0.002803849731992614,0.0004959583282470703,0.00016970634460449218,0.00010190010070800781,0.9705882352941176
2435,245.51523685455322,0.20883134743530718,0.0004995346069335937,0.0001720428466796875,9.608268737792969e-05,0.9852941176470589
2440,246.09474110603333,0.03853077430394478,0.0005418777465820313,0.0001895904541015625,9.88006591796875e-05,0.9852941176470589
2445,246.60199785232544,0.14216728600023315,0.0005065441131591797,0.00017409324645996095,9.465217590332031e-05,0.9889705882352942
2450,247.08954882621765,0.0029626052934020207,0.0005135536193847656,0.00017614364624023436,9.205341339111329e-05,0.9761029411764706
2455,247.59585070610046,0.016211721191285732,0.0005242824554443359,0.00018315315246582032,0.00011563301086425781,0.9503676470588235
2460,248.15053296089172,0.12174696490929335,0.0005031108856201171,0.0001743793487548828,9.872913360595704e-05,0.9816176470588235
2465,248.61270999908447,0.0006879005401060567,0.0004961013793945313,0.00017232894897460936,9.241104125976563e-05,0.9944852941176471
2470,249.13534283638,0.003621412729637541,0.0005101203918457031,0.00017642974853515625,9.40084457397461e-05,0.9871323529411765
2475,249.59401082992554,0.031794677815942404,0.000524139404296875,0.00018053054809570314,9.691715240478516e-05,0.9852941176470589
2480,250.11167287826538,0.038504670690963395,0.00051727294921875,0.00018110275268554688,9.21487808227539e-05,0.9852941176470589
2485,250.6752531528473,0.0011293127222188558,0.0005065441131591797,0.00017409324645996095,9.255409240722656e-05,0.9852941176470589
2490,251.20597791671753,0.05630669137640325,0.0005171298980712891,0.0001784801483154297,9.717941284179688e-05,0.9871323529411765
2495,251.6700758934021,0.007199538098673486,0.0004749298095703125,0.00016355514526367188,8.723735809326171e-05,0.9871323529411765
2500,252.1862108707428,0.0010145091302547371,0.0004995346069335937,0.0001720428466796875,9.911060333251953e-05,0.9871323529411765
2505,252.7186667919159,0.00382902565168024,0.0004925251007080079,0.00016999244689941406,0.00010936260223388672,0.9871323529411765
2510,253.22250771522522,0.012427418030304694,0.0005066871643066406,0.00017671585083007814,9.179115295410156e-05,0.9871323529411765
2515,253.74957084655762,0.009536721761122635,0.0005031108856201171,0.0001743793487548828,9.698867797851563e-05,0.9871323529411765
2520,254.21517181396484,0.13636273484227673,0.0005065441131591797,0.00017409324645996095,8.962154388427734e-05,0.9871323529411765
2525,254.71145391464233,0.0012615974897983051,0.0005101203918457031,0.00017642974853515625,0.0001301288604736328,0.9797794117647058
2530,255.24753785133362,0.05860408145436509,0.0004959583282470703,0.00016970634460449218,0.0001308441162109375,0.9797794117647058
2535,256.0113558769226,0.0013337195683234882,0.0005065441131591797,0.00017409324645996095,0.00016350746154785155,0.9871323529411765
2540,256.56863498687744,0.000576381729003117,0.0005101203918457031,0.00017642974853515625,0.00010404586791992187,0.9871323529411765
2545,257.1214919090271,0.00045639865930127146,0.0004923820495605468,0.00016736984252929688,0.00010271072387695313,0.9871323529411765
2550,257.60319685935974,0.009196517535022508,0.0004889488220214844,0.00016765594482421876,0.0001035451889038086,0.9852941176470589
2555,258.10880398750305,0.000620598399042649,0.0004996776580810547,0.0001746654510498047,0.00010311603546142578,0.9852941176470589
2560,258.5911738872528,0.0209813573577776,0.0004995346069335937,0.0001720428466796875,9.372234344482422e-05,0.9852941176470589
2565,259.05472016334534,0.01124407807001262,0.0004995346069335937,0.0001720428466796875,9.486675262451171e-05,0.9834558823529411
2570,259.51697278022766,0.006981501091655673,0.0005135536193847656,0.00017614364624023436,9.906291961669922e-05,0.9834558823529411
2575,259.9818398952484,0.000630584012834845,0.0004961013793945313,0.00017232894897460936,9.107589721679688e-05,0.9834558823529411
2580,260.5396409034729,0.0027666702375483965,0.0005066871643066406,0.00017671585083007814,9.415149688720703e-05,0.9834558823529411
2585,261.0102348327637,0.2776233858509258,0.0005101203918457031,0.00017642974853515625,9.832382202148437e-05,0.9834558823529411
2590,261.50802278518677,0.00644706289531598,0.0005383014678955079,0.00018725395202636718,9.565353393554687e-05,0.9834558823529411
2595,262.03738284111023,0.0024118516341331995,0.0005135536193847656,0.00017614364624023436,0.00010342597961425782,0.9871323529411765
2600,262.55152893066406,9.941910502959672e-05,0.0004961013793945313,0.00017232894897460936,0.00010123252868652344,0.9889705882352942
2605,263.06114888191223,0.0019101194733138981,0.0005135536193847656,0.00017614364624023436,0.0004371166229248047,0.9889705882352942
2610,263.5232410430908,0.000469787131078192,0.0005101203918457031,0.00017642974853515625,9.982585906982422e-05,0.9889705882352942
2615,263.98400807380676,0.0009577944141739181,0.000510263442993164,0.00017905235290527344,9.789466857910157e-05,0.9889705882352942
2620,264.4406969547272,0.1300785619913313,0.0005207061767578125,0.000180816650390625,9.975433349609374e-05,0.9908088235294118
2625,264.904541015625,0.0011513735087817167,0.0005171298980712891,0.0001784801483154297,0.00010066032409667968,0.9889705882352942
2630,265.37090492248535,0.019293013115390067,0.0005031108856201171,0.0001743793487548828,0.00010216236114501953,0.9834558823529411
2635,265.82996892929077,0.0005289683123464783,0.0004961013793945313,0.00017232894897460936,9.555816650390625e-05,0.9761029411764706
2640,266.3507559299469,0.03264031796828135,0.0005031108856201171,0.0001743793487548828,9.65118408203125e-05,0.9797794117647058
2645,266.89429688453674,0.2435002707701642,0.00047135353088378906,0.00016121864318847657,9.343624114990234e-05,0.9816176470588235
2650,267.388219833374,0.020863439610729985,0.00048193931579589846,0.00016560554504394532,9.489059448242188e-05,0.9742647058823529
2655,267.84930181503296,0.07463085400886627,0.0004995346069335937,0.0001720428466796875,0.00010454654693603516,0.9650735294117647
2660,268.3561999797821,0.07358768809517642,0.0005031108856201171,0.0001743793487548828,9.67264175415039e-05,0.9613970588235294
2665,268.8122148513794,0.144845914171367,0.0005101203918457031,0.00017642974853515625,9.784698486328124e-05,0.9650735294117647
2670,269.33882689476013,0.04414224713927979,0.0005101203918457031,0.00017642974853515625,0.00010297298431396484,0.9669117647058824
2675,269.80365085601807,0.0015134170183060292,0.0005171298980712891,0.0001784801483154297,9.047985076904297e-05,0.9650735294117647
2680,270.28676986694336,0.1254848317408701,0.0005031108856201171,0.0001743793487548828,0.00011808872222900391,0.9852941176470589
2685,270.76851892471313,0.00862409561228077,0.0004926681518554688,0.00017261505126953125,9.965896606445312e-05,0.9852941176470589
2690,271.22197103500366,0.00022148765375646918,0.0004996776580810547,0.0001746654510498047,9.148120880126953e-05,0.9871323529411765
2695,271.7093961238861,0.008702503116364824,0.0004889488220214844,0.00016765594482421876,9.069442749023437e-05,0.9816176470588235
2700,272.1970567703247,0.0008290359657650015,0.0005101203918457031,0.00017642974853515625,9.036064147949219e-05,0.9779411764705882
2705,272.65552377700806,0.1195746956451373,0.0004959583282470703,0.00016970634460449218,9.93967056274414e-05,0.9852941176470589
2710,273.11499285697937,0.0170028248530798,0.0005312919616699219,0.00018520355224609374,8.83340835571289e-05,0.9871323529411765
2715,273.570121049881,0.18868400240828578,0.0005171298980712891,0.0001784801483154297,9.469985961914062e-05,0.9834558823529411
2720,274.02865386009216,0.24537468207207097,0.0004995346069335937,0.0001720428466796875,9.59634780883789e-05,0.9761029411764706