#{"solver": {"engine": {"type": "ExactEngine"}, "semiring": "GraphSemiring"}, "networks": [{"name": "perc_net_AD_V1", "module": "AD_V1_net(\n  (conv1): Conv2d(3, 6, kernel_size=(5, 5), stride=(1, 1))\n  (pool): MaxPool2d(kernel_size=2, stride=2, padding=0, dilation=1, ceil_mode=False)\n  (conv2): Conv2d(6, 16, kernel_size=(5, 5), stride=(1, 1))\n  (fc1): Linear(in_features=400, out_features=120, bias=True)\n  (fc2): Linear(in_features=120, out_features=84, bias=True)\n  (fc3): Linear(in_features=84, out_features=3, bias=True)\n  (softmax): Softmax(dim=-1)\n)", "optimizer": "Adam (\nParameter Group 0\n    amsgrad: False\n    betas: (0.9, 0.999)\n    capturable: False\n    differentiable: False\n    eps: 1e-08\n    foreach: None\n    fused: None\n    lr: 0.001\n    maximize: False\n    weight_decay: 0\n)", "k": null}], "program": "coord(X) :- X=0; X=1; X=2; X=3; X=4; X=5; X=6; X=7; X=8; X=9.\nadmissible_cells(X) :- coord(X).\nnn(perc_net_AD_V1,[Img, X],Z,[human, nothing])::cell(Img,X,Z).\nattention_boundary(X) :- X==0.\nenlarged_boundary(X) :- X==2.\nenlarged_boundary(X) :- X==3.\nenlarged_boundary(X) :- X==4.\naction(Img,1) :- admissible_cells(X), attention_boundary(X), cell(Img,X,human).\naction(Img,2) :- admissible_cells(X), enlarged_boundary(X), cell(Img,X,human), \\+action(Img,1).\naction(Img,0) :- \\+action(Img,2), \\+action(Img,1).\n"}
#Accuracy 0.9545454545454546
i,time,loss,ground_time,compile_time,eval_time,accuracy
20,0.09248733520507812,1.1135967388749122,0.003122478723526001,0.00025046467781066897,0.00027734637260437014,0.32806324110671936
40,0.7493281364440918,1.1152070432901382,0.0033706188201904296,0.0002649188041687012,0.00028659701347351075,0.32806324110671936
60,1.4045140743255615,1.1275595530867577,0.003313320875167847,0.00026003718376159667,0.00027382373809814453,0.32806324110671936
80,2.0487160682678223,1.1917714804410935,0.003336089849472046,0.0002724945545196533,0.00027573108673095703,0.424901185770751
100,2.6968841552734375,1.1290256395936011,0.003189617395401001,0.00024529099464416505,0.00026322007179260256,0.32806324110671936
120,3.3352761268615723,1.1390824064612388,0.0033178746700286863,0.000262528657913208,0.00027541518211364745,0.32806324110671936
140,3.9755232334136963,1.0917584300041199,0.003185063600540161,0.0002427995204925537,0.0002601385116577148,0.32806324110671936
160,4.606529235839844,1.1025649383664131,0.0032032787799835204,0.000252765417098999,0.0002625107765197754,0.383399209486166
180,5.2363409996032715,1.154004307091236,0.0031987249851226805,0.0002502739429473877,0.00025508999824523925,0.32806324110671936
200,5.866537094116211,1.0435084953904152,0.0031987249851226805,0.0002502739429473877,0.0002599120140075684,0.5217391304347826
220,6.537307262420654,0.9364261229522526,0.003246915340423584,0.0002501726150512695,0.0002692878246307373,0.6996047430830039
240,7.170621395111084,0.6864877600979525,0.0035470664501190186,0.000282055139541626,0.00029946565628051757,0.7094861660079052
260,7.801303148269653,0.6884470473130933,0.0033178746700286863,0.000262528657913208,0.00027003288269042967,0.6976284584980237
280,8.433469295501709,0.7205006003263407,0.003326982259750366,0.0002675116062164307,0.00027384757995605467,0.7549407114624506
300,9.065319299697876,0.6463409990567015,0.003304213285446167,0.00025505423545837405,0.0002755463123321533,0.7391304347826086
320,9.699730396270752,0.5215068818740753,0.003150534629821777,0.0002503752708435059,0.0002544999122619629,0.8280632411067194
340,10.328662157058716,0.3800885901838583,0.0032651305198669435,0.0002601385116577148,0.00026661157608032227,0.7628458498023716
360,10.956545114517212,0.5816483111398497,0.0034943222999572754,0.0002796649932861328,0.0002916514873504639,0.8913043478260869
380,11.588056087493896,0.5820976833126906,0.003185063600540161,0.0002427995204925537,0.00026381611824035647,0.8932806324110671
400,12.213451147079468,0.5537130002281628,0.0032605767250061036,0.00025764703750610354,0.00026436448097229005,0.8695652173913043
420,12.841525077819824,0.35026942647404835,0.003132319450378418,0.00024040937423706055,0.00025317668914794924,0.8952569169960475
440,13.470288276672363,0.40869896117728854,0.0032605767250061036,0.00025764703750610354,0.0002643227577209473,0.9011857707509882
460,14.094237327575684,0.3467738757482664,0.003013169765472412,0.00022815465927124025,0.0002388894557952881,0.8913043478260869
480,14.722102165222168,0.6473104361083191,0.0036043643951416014,0.00028693675994873047,0.00029972195625305176,0.857707509881423
500,15.350807189941406,0.5540647595262271,0.0032514691352844237,0.00025266408920288086,0.00026133060455322263,0.8359683794466403
520,15.982397317886353,0.5692459931427379,0.0034988760948181153,0.00028215646743774415,0.0002898275852203369,0.9011857707509882
540,16.614870071411133,0.42740396890549165,0.0033224284648895263,0.00026502013206481935,0.00027093887329101565,0.9071146245059288
560,17.24056124687195,0.4117748678463613,0.003313320875167847,0.00026003718376159667,0.00027008652687072755,0.9011857707509882
580,17.86842441558838,0.22295356507503392,0.003278791904449463,0.00026761293411254884,0.0002596735954284668,0.9090909090909091
600,18.492666244506836,0.3687513577479621,0.003070467710494995,0.00023303627967834472,0.0002458751201629639,0.8735177865612648
620,19.115865230560303,0.3729767249311863,0.0033178746700286863,0.000262528657913208,0.0002711772918701172,0.9150197628458498
640,19.741597175598145,1.1293336805990861,0.003308767080307007,0.00025754570960998533,0.00026906132698059084,0.8853754940711462
660,20.36795425415039,0.9068507638063977,0.0032078325748443604,0.00025525689125061035,0.00026051998138427735,0.7055335968379447
680,20.99970316886902,0.4094949175780588,0.0032514691352844237,0.00025266408920288086,0.00026121139526367185,0.9209486166007905
700,21.626464128494263,0.4688241982206023,0.003075021505355835,0.00023552775382995605,0.00025092363357543946,0.8932806324110671
720,22.28908634185791,0.3433508554783735,0.0032514691352844237,0.00025266408920288086,0.0002679347991943359,0.9367588932806324
740,22.915587186813354,0.5138995493151441,0.0035470664501190186,0.000282055139541626,0.0002953648567199707,0.9387351778656127
760,23.53966522216797,0.33494622922681466,0.0032514691352844237,0.00025266408920288086,0.0002601683139801025,0.950592885375494
780,24.16300129890442,0.5338577689137451,0.0033224284648895263,0.00026502013206481935,0.00027084946632385256,0.9407114624505929
800,24.791967153549194,0.32664955523268874,0.003313320875167847,0.00026003718376159667,0.0002687990665435791,0.9387351778656127
820,25.41832137107849,0.351223662210684,0.0033178746700286863,0.000262528657913208,0.00026957392692565917,0.9446640316205533
840,26.043519020080566,0.22115174875200444,0.003388833999633789,0.0002748847007751465,0.0002729535102844238,0.9308300395256917
860,26.671411991119385,0.29264267344701905,0.003132319450378418,0.00024040937423706055,0.00025477409362792967,0.9288537549407114
880,27.2943172454834,0.2878723302608087,0.0033751726150512695,0.0002674102783203125,0.0002742290496826172,0.932806324110672
900,27.918854236602783,0.9881879622789611,0.003194171190261841,0.0002477824687957764,0.0002615928649902344,0.9071146245059288
920,28.550506114959717,0.43615550029935585,0.003136873245239258,0.00024290084838867186,0.00025743842124938967,0.9189723320158103
940,29.184585332870483,0.35988052168941065,0.0032605767250061036,0.00025764703750610354,0.0002666592597961426,0.9268774703557312
960,29.80866003036499,0.34275192019267137,0.003136873245239258,0.00024290084838867186,0.00025308728218078615,0.9387351778656127
980,30.43701720237732,0.36746226160313145,0.003304213285446167,0.00025505423545837405,0.00026962757110595705,0.9466403162055336
1000,31.061370134353638,0.4274861006037213,0.0034324705600738527,0.000272291898727417,0.00028312206268310547,0.9308300395256917
1020,31.684842109680176,0.438264141623317,0.0033751726150512695,0.0002674102783203125,0.0002775013446807861,0.9644268774703557
1040,32.308961153030396,0.3881037865635566,0.003326982259750366,0.0002675116062164307,0.000270235538482666,0.9387351778656127
1060,32.937623262405396,0.3750165698129194,0.0033706188201904296,0.0002649188041687012,0.00027459263801574705,0.9565217391304348
1080,33.56142520904541,0.20780708670299397,0.003150534629821777,0.0002503752708435059,0.00024979710578918455,0.958498023715415
1100,34.18925619125366,0.2846805370586523,0.0032605767250061036,0.00025764703750610354,0.00026505589485168455,0.9466403162055336
1120,34.81395626068115,0.3284096398515491,0.0034943222999572754,0.0002796649932861328,0.0002822041511535645,0.9367588932806324
1140,35.43156623840332,0.7065032875036146,0.003189617395401001,0.00024529099464416505,0.0002580344676971436,0.9782608695652174
1160,36.05541133880615,0.40023703459854404,0.0032605767250061036,0.00025764703750610354,0.0002654850482940674,0.9288537549407114
1180,36.68313908576965,0.4374066782730409,0.003127765655517578,0.0002379179000854492,0.0002542853355407715,0.9308300395256917
1200,37.30841827392578,0.3376660337440285,0.0032032787799835204,0.000252765417098999,0.0002616763114929199,0.9367588932806324
1220,37.94008135795593,0.32943890266183223,0.003008615970611572,0.0002256631851196289,0.0002407968044281006,0.9407114624505929
1240,38.568018198013306,0.40279311423665265,0.0036662161350250245,0.0002943098545074463,0.00031052231788635253,0.9426877470355731
1260,39.23327898979187,0.3497826941221035,0.003189617395401001,0.00024529099464416505,0.0002591371536254883,0.9367588932806324
1280,39.86265826225281,0.47400193196249385,0.003441578149795532,0.0002772748470306396,0.00027660131454467776,0.9446640316205533
1300,40.48807406425476,0.259723817937379,0.0033842802047729494,0.00027239322662353516,0.00027214884757995603,0.9486166007905138
1320,41.11267042160034,0.35309949039597405,0.003313320875167847,0.00026003718376159667,0.0002757132053375244,0.958498023715415
1340,41.74027705192566,0.18216179997959792,0.0033406436443328856,0.00027498602867126465,0.0002652645111083984,0.9624505928853755
1360,42.3607132434845,0.32713022422317445,0.0030040621757507326,0.00022317171096801757,0.00023849010467529296,0.9604743083003953
1380,42.981372356414795,0.280445524216762,0.0032605767250061036,0.00025764703750610354,0.00026346445083618163,0.9525691699604744
1400,43.603912353515625,0.6628970203507322,0.0033706188201904296,0.0002649188041687012,0.00028102993965148924,0.9446640316205533
1420,44.2314350605011,0.35571880367699577,0.0032032787799835204,0.000252765417098999,0.0002597808837890625,0.9446640316205533
1440,44.859894037246704,0.2866261205864369,0.003194171190261841,0.0002477824687957764,0.0002535343170166016,0.950592885375494
1460,45.48273730278015,0.32971966095638267,0.003194171190261841,0.0002477824687957764,0.0002552986145019531,0.9545454545454546
1480,46.10759520530701,0.34657924581959776,0.0032514691352844237,0.00025266408920288086,0.00026268959045410155,0.9545454545454546
1500,46.73811626434326,0.4053987935623809,0.0035425126552581787,0.00027956366539001466,0.00029246211051940917,0.9565217391304348
1520,47.36398220062256,0.27601830355337287,0.0031987249851226805,0.0002502739429473877,0.0002599060535430908,0.9565217391304348
1540,47.9922821521759,0.4524435158996177,0.0032605767250061036,0.00025764703750610354,0.0002624988555908203,0.958498023715415
1560,48.617547035217285,0.3151638054605428,0.0033706188201904296,0.0002649188041687012,0.0002775728702545166,0.950592885375494
1580,49.28626012802124,0.2656388396050378,0.0033224284648895263,0.00026502013206481935,0.00026952028274536134,0.9683794466403162
1600,49.90856218338013,0.21223056466057386,0.003388833999633789,0.0002748847007751465,0.00027024149894714353,0.9683794466403162
1620,50.53011631965637,0.3403308205515714,0.003132319450378418,0.00024040937423706055,0.00024980902671813967,0.9664031620553359
1640,51.14802932739258,0.2909015179009863,0.0033706188201904296,0.0002649188041687012,0.00027800202369689944,0.9525691699604744
1660,51.77211904525757,0.5916264414288392,0.0032605767250061036,0.00025764703750610354,0.00026336908340454104,0.9545454545454546
1680,52.39119219779968,0.3321609665940247,0.003070467710494995,0.00023303627967834472,0.00024211406707763672,0.9525691699604744
1700,53.01007914543152,0.27249357896655513,0.0032605767250061036,0.00025764703750610354,0.0002607285976409912,0.9525691699604744
1720,53.62924528121948,0.2420536672006392,0.0031414270401000977,0.0002453923225402832,0.00024825334548950195,0.9525691699604744
1740,54.25747609138489,0.3523495359203032,0.00336151123046875,0.0002599358558654785,0.00027467608451843263,0.9545454545454546
1760,54.87836813926697,0.3520994003458952,0.0033706188201904296,0.0002649188041687012,0.0002762317657470703,0.9604743083003953
1780,55.502368211746216,0.363979097066364,0.0033797264099121095,0.0002699017524719238,0.00027768611907958985,0.9664031620553359
1800,56.12380123138428,0.3551302529427275,0.0033842802047729494,0.00027239322662353516,0.0002708733081817627,0.958498023715415
1820,56.78171229362488,0.32761405489846995,0.003313320875167847,0.00026003718376159667,0.00026789307594299316,0.9644268774703557
1840,57.400718212127686,0.19834781500645704,0.0032123863697052003,0.0002577483654022217,0.0002547621726989746,0.9683794466403162
1860,58.020549297332764,0.3045505160487146,0.0032514691352844237,0.00025266408920288086,0.000256723165512085,0.974308300395257
1880,58.64333415031433,0.31004060090433255,0.003437024354934692,0.00027478337287902834,0.00028327107429504395,0.9683794466403162
1900,59.26091909408569,0.46217621451266133,0.003194171190261841,0.0002477824687957764,0.00025699138641357424,0.9802371541501976
1920,59.87950921058655,0.3241902660451359,0.0031987249851226805,0.0002502739429473877,0.000253450870513916,0.9545454545454546
1940,60.49584627151489,0.28915346766062555,0.003189617395401001,0.00024529099464416505,0.00025588274002075195,0.9545454545454546
1960,61.119683265686035,0.2478436648771293,0.0032032787799835204,0.000252765417098999,0.00025604963302612306,0.9545454545454546
1980,61.73896908760071,0.2705785536100308,0.003070467710494995,0.00023303627967834472,0.00024520754814147947,0.958498023715415
2000,62.44802522659302,0.42336097588051586,0.0036662161350250245,0.0002943098545074463,0.0003278970718383789,0.9486166007905138
2020,63.105515003204346,0.3276877460925796,0.003127765655517578,0.0002379179000854492,0.00025355219841003416,0.9644268774703557
2040,63.72770833969116,0.5388465227462191,0.003441578149795532,0.0002772748470306396,0.00028958916664123535,0.958498023715415
2060,64.35314512252808,0.29312871095141874,0.0033797264099121095,0.0002699017524719238,0.00027258992195129396,0.9624505928853755
2080,64.97664308547974,0.2657587531963074,0.0032560229301452637,0.0002551555633544922,0.0002660572528839111,0.9604743083003953
2100,65.59491038322449,0.1895553244088685,0.0033979415893554688,0.0002798676490783691,0.0002684473991394043,0.9664031620553359
2120,66.23612642288208,0.3058356479864649,0.0030659139156341553,0.0002305448055267334,0.0002638399600982666,0.974308300395257
2140,66.88512516021729,0.2850227474978226,0.0031987249851226805,0.0002502739429473877,0.0002588629722595215,0.9624505928853755
2160,67.5393590927124,0.48090638082611753,0.0033706188201904296,0.0002649188041687012,0.0002858281135559082,0.9604743083003953
2180,68.20007610321045,0.30211464765773216,0.0032032787799835204,0.000252765417098999,0.00026364922523498536,0.9565217391304348
2200,68.8826413154602,0.2755351981429396,0.0032560229301452637,0.0002551555633544922,0.00028050541877746584,0.9545454545454546
2220,69.54820728302002,0.3174350441727626,0.003194171190261841,0.0002477824687957764,0.00026909112930297854,0.9545454545454546
2240,70.19106221199036,0.3333568599317573,0.0032514691352844237,0.00025266408920288086,0.0002623319625854492,0.9604743083003953
2260,70.81514430046082,0.38662824857014755,0.0035425126552581787,0.00027956366539001466,0.00028987526893615724,0.958498023715415
2280,71.46501135826111,0.23352407773210543,0.0031414270401000977,0.0002453923225402832,0.0002535402774810791,0.9644268774703557
2300,72.12252020835876,0.40087886175106496,0.0033178746700286863,0.000262528657913208,0.00027008652687072755,0.9624505928853755
2320,72.76121497154236,0.2995835262741252,0.0033706188201904296,0.0002649188041687012,0.00027887821197509767,0.9624505928853755
2340,73.43925929069519,0.23040946243039712,0.0032651305198669435,0.0002601385116577148,0.00026894211769104006,0.9703557312252964
2360,74.09052538871765,0.207653820245568,0.003388833999633789,0.0002748847007751465,0.0002774834632873535,0.9762845849802372
2380,74.70691514015198,0.3463932432276568,0.003127765655517578,0.0002379179000854492,0.00025010108947753906,0.9802371541501976
2400,75.32725310325623,0.2816404828337415,0.0033706188201904296,0.0002649188041687012,0.00027643442153930665,0.9703557312252964
2420,75.9393002986908,0.5202634755786608,0.0032651305198669435,0.0002601385116577148,0.00025833845138549804,0.9565217391304348
2440,76.55946111679077,0.30389909173420476,0.003070467710494995,0.00023303627967834472,0.0002420663833618164,0.9565217391304348
2460,77.17796301841736,0.2859317777883696,0.0032560229301452637,0.0002551555633544922,0.00025724172592163087,0.9565217391304348
2480,77.79498028755188,0.22111200670936135,0.0031459808349609377,0.00024788379669189454,0.00024569034576416016,0.958498023715415
2500,78.41521215438843,0.38280303522002157,0.003418809175491333,0.000264817476272583,0.0002817809581756592,0.9624505928853755
2520,79.0336902141571,0.38632625322803804,0.003308767080307007,0.00025754570960998533,0.00027484893798828124,0.958498023715415