#{"solver": {"engine": {"type": "ExactEngine"}, "semiring": "GraphSemiring"}, "networks": [{"name": "perc_net_version_1_NeSy_x", "module": "AD_V1_NeSy_1_net_x(\n  (conv1): Conv2d(3, 6, kernel_size=(5, 5), stride=(1, 1))\n  (pool): MaxPool2d(kernel_size=2, stride=2, padding=0, dilation=1, ceil_mode=False)\n  (conv2): Conv2d(6, 16, kernel_size=(5, 5), stride=(1, 1))\n  (fc1): Linear(in_features=400, out_features=120, bias=True)\n  (fc2): Linear(in_features=120, out_features=84, bias=True)\n  (fc3): Linear(in_features=84, out_features=4, bias=True)\n  (softmax): Softmax(dim=-1)\n)", "optimizer": "Adam (\nParameter Group 0\n    amsgrad: False\n    betas: (0.9, 0.999)\n    capturable: False\n    differentiable: False\n    eps: 1e-08\n    foreach: None\n    fused: None\n    lr: 0.001\n    maximize: False\n    weight_decay: 0\n)", "k": null}, {"name": "perc_net_version_1_NeSy_y", "module": "AD_V1_NeSy_1_net_y(\n  (conv1): Conv2d(3, 6, kernel_size=(5, 5), stride=(1, 1))\n  (pool): MaxPool2d(kernel_size=2, stride=2, padding=0, dilation=1, ceil_mode=False)\n  (conv2): Conv2d(6, 16, kernel_size=(5, 5), stride=(1, 1))\n  (fc1): Linear(in_features=400, out_features=120, bias=True)\n  (fc2): Linear(in_features=120, out_features=84, bias=True)\n  (fc3): Linear(in_features=84, out_features=3, bias=True)\n  (softmax): Softmax(dim=-1)\n)", "optimizer": "Adam (\nParameter Group 0\n    amsgrad: False\n    betas: (0.9, 0.999)\n    capturable: False\n    differentiable: False\n    eps: 1e-08\n    foreach: None\n    fused: None\n    lr: 0.001\n    maximize: False\n    weight_decay: 0\n)", "k": null}], "program": "nn(perc_net_version_1_NeSy_x,[Img],X,[0, 1, 2, 3])::cell_x(Img,X).\nnn(perc_net_version_1_NeSy_y,[Img],Y,[0, 1, 2])::cell_y(Img,Y).\nattention_boundary(X,Y) :- X==1, Y=0.\nenlarged_boundary(X,Y) :- X==1, Y=1.\nenlarged_boundary(X,Y) :- X==2, Y=0.\nenlarged_boundary(X,Y) :- X==2, Y=1.\nout_of_view(X,Y) :- X==0; X==3; Y==2.\naction(Img,1) :- cell_x(Img,X1), cell_y(Img,Y1), attention_boundary(X1,Y1).\naction(Img,2) :- cell_x(Img,X2), cell_y(Img,Y2), enlarged_boundary(X2,Y2), \\+action(Img,1).\naction(Img,0) :- cell_x(Img,X3), cell_y(Img,Y3), out_of_view(X3,Y3), \\+action(Img,2), \\+action(Img,1).\n"}
#Accuracy 0.9889705882352942
i,time,loss,ground_time,compile_time,eval_time,accuracy
5,0.07460784912109375,0.8319048255681991,0.004720926284790039,0.000693202018737793,0.001219773292541504,0.34191176470588236
10,1.7056787014007568,1.7654958724975587,0.00396580696105957,0.0007987499237060546,0.00115814208984375,0.34191176470588236
15,3.3592429161071777,1.6612797647714614,0.003857588768005371,0.0007740259170532227,0.0011582612991333009,0.34191176470588236
20,4.967318058013916,1.3263744592666626,0.004156184196472168,0.0007939338684082031,0.001159811019897461,0.34191176470588236
25,6.549099922180176,1.1503664910793305,0.005324506759643554,0.0008193016052246094,0.0012724876403808593,0.34191176470588236
30,8.115231037139893,1.0465618431568147,0.004943752288818359,0.0008289337158203125,0.0012532711029052735,0.34191176470588236
35,9.688410758972168,1.2163675844669342,0.005025911331176758,0.0007993936538696289,0.0012425661087036132,0.34191176470588236
40,11.254730939865112,1.0258889496326447,0.005432724952697754,0.0008440256118774414,0.0012799501419067383,0.34191176470588236
45,12.835138082504272,1.1252721309661866,0.00483553409576416,0.0008042097091674804,0.0012624740600585937,0.34191176470588236
50,14.40237283706665,1.092910760641098,0.00483553409576416,0.0008042097091674804,0.001210641860961914,0.5569852941176471
55,15.97971510887146,1.0460959792137146,0.004156184196472168,0.0007939338684082031,0.0011493206024169923,0.5257352941176471
60,17.553428888320923,0.8424061059951782,0.004753375053405761,0.0008337497711181641,0.00120849609375,0.5680147058823529
65,19.12222695350647,0.9184987902641296,0.006899642944335938,0.0008893013000488281,0.0014098167419433593,0.6470588235294118
70,20.68605089187622,0.908006626367569,0.005324506759643554,0.0008193016052246094,0.0012755632400512696,0.6415441176470589
75,22.25813889503479,0.7627392649650574,0.0043465614318847655,0.0007891178131103516,0.0012008190155029298,0.6525735294117647
80,23.819739818572998,0.6818553477525711,0.004047966003417969,0.0007692098617553711,0.0011623859405517577,0.7536764705882353
85,25.382707834243774,0.8195209220051766,0.005216288566589356,0.0007945775985717773,0.0013007164001464845,0.6047794117647058
90,26.951896905899048,0.926383051276207,0.005324506759643554,0.0008193016052246094,0.0013265609741210938,0.8621323529411765
95,28.522357940673828,0.4409695081412792,0.004645156860351563,0.0008090257644653321,0.0011911392211914062,0.8088235294117647
100,30.13321876525879,0.4444519537501037,0.004645156860351563,0.0008090257644653321,0.0012210845947265626,0.7922794117647058
105,31.700583934783936,0.561023398861289,0.004047966003417969,0.0007692098617553711,0.0012403964996337891,0.8235294117647058
110,33.271838903427124,0.21075424992013722,0.0061120748519897464,0.0008543014526367187,0.0013623714447021484,0.6746323529411765
115,34.833271980285645,0.7700237235054374,0.004645156860351563,0.0008090257644653321,0.0012416839599609375,0.7867647058823529
120,36.39360690116882,0.7252020083367825,0.005514883995056152,0.0008144855499267578,0.0012869596481323241,0.7040441176470589
125,37.94647192955017,0.6257928475737572,0.005134129524230957,0.0008241176605224609,0.0012674570083618165,0.7830882352941176
130,39.51511096954346,0.49315052181482316,0.00483553409576416,0.0008042097091674804,0.0012293815612792968,0.875
135,41.08639597892761,0.3522425273433328,0.004454779624938965,0.0008138418197631836,0.0011844873428344727,0.875
140,42.6586480140686,0.48301651440560817,0.005324506759643554,0.0008193016052246094,0.0012611627578735351,0.8676470588235294
145,44.21439003944397,0.4978318183682859,0.00483553409576416,0.0008042097091674804,0.0012281417846679687,0.8878676470588235
150,45.72484087944031,0.31076810529921206,0.005242347717285156,0.000848841667175293,0.001193666458129883,0.8658088235294118
155,47.22563290596008,0.3522671423968859,0.004536938667297363,0.0007843017578125,0.0011276721954345704,0.8474264705882353
160,48.71129083633423,0.32361176880949644,0.004753375053405761,0.0008337497711181641,0.0011487245559692384,0.8455882352941176
165,50.19586205482483,0.4619099002913572,0.005025911331176758,0.0007993936538696289,0.0011485099792480468,0.8547794117647058
170,51.67257595062256,0.3342199735110626,0.0043465614318847655,0.0007891178131103516,0.0010590314865112304,0.8768382352941176
175,53.14346194267273,0.287296515998969,0.0061120748519897464,0.0008543014526367187,0.0012089967727661132,0.9154411764705882
180,54.60033988952637,0.07312008729320496,0.005025911331176758,0.0007993936538696289,0.0011355161666870117,0.9007352941176471
185,56.10891795158386,0.10577157163133961,0.004943752288818359,0.0008289337158203125,0.001107168197631836,0.8988970588235294
190,57.66423773765564,0.501206140500176,0.005324506759643554,0.0008193016052246094,0.0011577844619750977,0.8988970588235294
195,59.11172103881836,0.7723015218624255,0.005324506759643554,0.0008193016052246094,0.0011709928512573242,0.7095588235294118
200,60.57622790336609,0.9435067984876128,0.004645156860351563,0.0008090257644653321,0.0010703325271606446,0.9080882352941176
205,62.05333995819092,0.24013544625995564,0.005134129524230957,0.0008241176605224609,0.0011132001876831056,0.8694852941176471
210,63.534223794937134,0.5653516778722405,0.004156184196472168,0.0007939338684082031,0.0010947942733764648,0.8694852941176471
215,65.03343677520752,0.4452165592461824,0.005025911331176758,0.0007993936538696289,0.001175522804260254,0.8988970588235294
220,66.53038907051086,0.46518768882378936,0.004047966003417969,0.0007692098617553711,0.0010698318481445312,0.9191176470588235
225,68.02933883666992,0.4014051269739866,0.004047966003417969,0.0007692098617553711,0.0010580062866210938,0.9209558823529411
230,69.52742505073547,0.1869703389093047,0.00670926570892334,0.0008941173553466796,0.001312589645385742,0.9283088235294118
235,71.00855875015259,0.1947465474719138,0.005324506759643554,0.0008193016052246094,0.0011808395385742188,0.9099264705882353
240,72.48231196403503,0.3216064227497554,0.004454779624938965,0.0008138418197631836,0.0010689258575439452,0.8952205882352942
245,73.94979000091553,0.24574375561509215,0.0056231021881103516,0.0008392095565795899,0.0011491060256958007,0.9172794117647058
250,75.41546082496643,0.1762407002854161,0.0043465614318847655,0.0007891178131103516,0.0010747909545898438,0.9209558823529411
255,76.86635899543762,0.2233171567786883,0.0034768342971801757,0.0007836580276489258,0.0009819507598876954,0.9191176470588235
260,78.3166868686676,0.040748361610496886,0.005921697616577149,0.0008591175079345703,0.0011564016342163086,0.9172794117647058
265,79.75686597824097,0.25433221033854353,0.0043465614318847655,0.0007891178131103516,0.001016998291015625,0.9209558823529411
270,81.19694900512695,0.1897512541989272,0.005324506759643554,0.0008193016052246094,0.0011404037475585937,0.8547794117647058
275,82.64479494094849,0.07944002336591609,0.005432724952697754,0.0008440256118774414,0.0010766029357910157,0.7463235294117647
280,84.10039281845093,0.8982360350185473,0.004264402389526367,0.0008186578750610351,0.0010035037994384766,0.8731617647058824
285,85.54592680931091,1.0675232122186586,0.00483553409576416,0.0008042097091674804,0.001096034049987793,0.8382352941176471
290,86.98559379577637,0.25921021821995965,0.003857588768005371,0.0007740259170532227,0.0010046958923339844,0.8290441176470589
295,88.43160486221313,0.18534471158054658,0.005324506759643554,0.0008193016052246094,0.001155519485473633,0.8676470588235294
300,89.89030599594116,0.5866014314815402,0.004943752288818359,0.0008289337158203125,0.0011198043823242188,0.8805147058823529
305,91.40414690971375,0.239827723801136,0.004943752288818359,0.0008289337158203125,0.001128220558166504,0.8878676470588235
310,92.86396479606628,0.5600173607468605,0.005025911331176758,0.0007993936538696289,0.0011815071105957032,0.8988970588235294
315,94.32124495506287,0.25416064551100137,0.005134129524230957,0.0008241176605224609,0.0011422872543334962,0.8897058823529411
320,95.78136086463928,0.9288603611290455,0.005025911331176758,0.0007993936538696289,0.001136183738708496,0.8988970588235294
325,97.26022696495056,0.11530555975623429,0.0034768342971801757,0.0007836580276489258,0.0009920120239257813,0.9209558823529411
330,98.73155784606934,0.2962561622262001,0.0056231021881103516,0.0008392095565795899,0.0012113809585571288,0.9264705882352942
335,100.21700882911682,0.22328764237463475,0.005731320381164551,0.0008639335632324219,0.001197504997253418,0.9246323529411765
340,101.68193793296814,0.14235613031778485,0.005813479423522949,0.0008343935012817382,0.0011717796325683594,0.9264705882352942
345,103.1392650604248,0.18096899597585434,0.005134129524230957,0.0008241176605224609,0.0011272907257080078,0.9117647058823529
350,104.58845281600952,0.1617550694849342,0.003749370574951172,0.0007493019104003907,0.001040816307067871,0.9172794117647058
355,106.0251567363739,0.1494597222423181,0.005025911331176758,0.0007993936538696289,0.0011441469192504882,0.9025735294117647
360,107.46279883384705,0.32100604865700005,0.00483553409576416,0.0008042097091674804,0.0011228084564208984,0.8694852941176471
365,108.90347480773926,0.3635375804034993,0.00483553409576416,0.0008042097091674804,0.0011219501495361329,0.9044117647058824
370,110.34710669517517,0.1927778858516831,0.004943752288818359,0.0008289337158203125,0.001084136962890625,0.9319852941176471
375,111.7823281288147,0.05765629258676199,0.004047966003417969,0.0007692098617553711,0.001044487953186035,0.8841911764705882
380,113.20967698097229,0.5859870379631957,0.005324506759643554,0.0008193016052246094,0.0012111425399780273,0.90625
385,114.65866899490356,0.335864759612582,0.005324506759643554,0.0008193016052246094,0.001149606704711914,0.8841911764705882
390,116.12160778045654,0.13463804349462408,0.0056231021881103516,0.0008392095565795899,0.0011751651763916016,0.8823529411764706
395,117.58291792869568,0.37068575848866203,0.004645156860351563,0.0008090257644653321,0.0010523557662963866,0.8915441176470589
400,119.03701877593994,0.28339860424166546,0.004727315902709961,0.0007794857025146485,0.001116323471069336,0.8805147058823529
405,120.5450348854065,0.31133355030133314,0.005242347717285156,0.000848841667175293,0.0011816740036010743,0.9356617647058824
410,121.99313998222351,0.18315785424806563,0.005134129524230957,0.0008241176605224609,0.0011656999588012696,0.9319852941176471
415,123.45256185531616,0.19772156738374633,0.004727315902709961,0.0007794857025146485,0.0010785579681396485,0.9154411764705882
420,124.90733098983765,0.46628379182757274,0.0060299158096313475,0.0008838415145874023,0.0011699438095092774,0.9356617647058824
425,126.36712980270386,0.17581552545636897,0.0036672115325927734,0.0007788419723510742,0.0009880304336547852,0.9466911764705882
430,127.83163189888,0.12740239308820947,0.005134129524230957,0.0008241176605224609,0.0010920286178588868,0.9375
435,129.29198789596558,0.30002315054371137,0.004536938667297363,0.0007843017578125,0.0010898590087890625,0.9466911764705882
440,130.7447600364685,0.24684874525169107,0.005134129524230957,0.0008241176605224609,0.0011127710342407227,0.9283088235294118
445,132.19206976890564,0.12892921146485606,0.0056231021881103516,0.0008392095565795899,0.001161503791809082,0.9246323529411765
450,133.6284008026123,0.1876657516710111,0.005025911331176758,0.0007993936538696289,0.0011377573013305665,0.9411764705882353
455,135.0660228729248,0.06100818607374094,0.00483553409576416,0.0008042097091674804,0.0010779142379760743,0.9393382352941176
460,136.49007391929626,0.23231007114518434,0.005242347717285156,0.000848841667175293,0.0010922908782958984,0.9338235294117647
465,137.90635991096497,0.7194095905171721,0.005216288566589356,0.0007945775985717773,0.0010987520217895508,0.9154411764705882
470,139.3404998779297,0.34822851069238825,0.004943752288818359,0.0008289337158203125,0.0010538101196289062,0.8823529411764706
475,140.76258206367493,0.43834168314933775,0.005025911331176758,0.0007993936538696289,0.0010378360748291016,0.9154411764705882
480,142.193461894989,0.09900024957023631,0.004264402389526367,0.0008186578750610351,0.0010401487350463867,0.9466911764705882
485,143.61370491981506,0.10013254442608285,0.005025911331176758,0.0007993936538696289,0.0010834693908691405,0.9430147058823529
490,145.0317029953003,0.158327704132536,0.004536938667297363,0.0007843017578125,0.0010212421417236327,0.9411764705882353
495,146.49288868904114,0.1594456374179572,0.004047966003417969,0.0007692098617553711,0.001011228561401367,0.9393382352941176
500,147.88894701004028,0.12072949457942742,0.005921697616577149,0.0008591175079345703,0.0011152505874633789,0.9283088235294118
505,149.291090965271,0.05622532357665477,0.005134129524230957,0.0008241176605224609,0.001037287712097168,0.9264705882352942
510,150.6756148338318,0.3742972470587119,0.005324506759643554,0.0008193016052246094,0.0011045217514038086,0.9411764705882353
515,152.06677198410034,0.04524042540281244,0.005731320381164551,0.0008639335632324219,0.0010746479034423827,0.9448529411764706
520,153.4616367816925,0.257930878791376,0.004047966003417969,0.0007692098617553711,0.0009788274765014648,0.9466911764705882
525,154.84953904151917,0.09911384539154824,0.00396580696105957,0.0007987499237060546,0.0009408712387084961,0.9485294117647058
530,156.22859907150269,0.07702142116322648,0.004943752288818359,0.0008289337158203125,0.001027536392211914,0.9466911764705882
535,157.6158468723297,0.083237226591325,0.00483553409576416,0.0008042097091674804,0.0010032892227172852,0.9485294117647058
540,159.00621104240417,0.318789726169814,0.00483553409576416,0.0008042097091674804,0.0010773897171020507,0.9411764705882353
545,160.39734983444214,0.016753981809597463,0.0056231021881103516,0.0008392095565795899,0.0010748863220214843,0.9375
550,161.78545594215393,0.12884962728712707,0.005242347717285156,0.000848841667175293,0.0010417938232421876,0.9209558823529411
555,163.18026089668274,0.981028149962367,0.004156184196472168,0.0007939338684082031,0.0009705543518066407,0.9375
560,164.5618166923523,0.016049676207764207,0.003857588768005371,0.0007740259170532227,0.0009523391723632813,0.7849264705882353
565,165.90972900390625,0.13004065937006998,0.0043465614318847655,0.0007891178131103516,0.0009419202804565429,0.8694852941176471
570,167.2740490436554,0.2575032544799171,0.005432724952697754,0.0008440256118774414,0.0010628461837768554,0.9025735294117647
575,168.64584803581238,0.00345207018617657,0.004943752288818359,0.0008289337158203125,0.0010577678680419923,0.9025735294117647
580,170.07398295402527,0.38326075334189225,0.005514883995056152,0.0008144855499267578,0.001164698600769043,0.9356617647058824
585,171.4566788673401,0.11608958225697279,0.005134129524230957,0.0008241176605224609,0.0010950326919555663,0.9356617647058824
590,172.84716796875,0.19068690477870404,0.00483553409576416,0.0008042097091674804,0.0010099172592163085,0.9319852941176471
595,174.25044989585876,0.2773783250711858,0.004156184196472168,0.0007939338684082031,0.0010152339935302734,0.9375
600,175.7485728263855,0.023236409859964623,0.005134129524230957,0.0008241176605224609,0.0010202407836914062,0.9393382352941176
605,177.1381130218506,0.18357454383512958,0.004753375053405761,0.0008337497711181641,0.0010091304779052735,0.9540441176470589
610,178.52993369102478,0.05788476504447004,0.0066010475158691405,0.0008693933486938477,0.0011433839797973632,0.9393382352941176
615,179.92845273017883,0.07174488439632114,0.005134129524230957,0.0008241176605224609,0.0010830879211425782,0.9430147058823529
620,181.3013949394226,0.021103415446123108,0.004047966003417969,0.0007692098617553711,0.0009770393371582031,0.9430147058823529
625,182.67242193222046,0.19747316322755068,0.004238343238830567,0.0007643938064575195,0.0009437799453735352,0.9430147058823529
630,184.0425488948822,0.19728704219451174,0.005324506759643554,0.0008193016052246094,0.0010926008224487304,0.9356617647058824
635,185.4196798801422,0.09844724675349426,0.005025911331176758,0.0007993936538696289,0.0010720252990722655,0.9154411764705882
640,186.78736782073975,0.0979185224045068,0.004943752288818359,0.0008289337158203125,0.0010258913040161132,0.9172794117647058
645,188.15520191192627,0.4617658280595515,0.0043465614318847655,0.0007891178131103516,0.0009512662887573242,0.9558823529411765
650,189.52213406562805,0.5100855080629116,0.004047966003417969,0.0007692098617553711,0.0009505510330200196,0.9319852941176471
655,190.89699482917786,0.2092447280889033,0.0066010475158691405,0.0008693933486938477,0.0011921405792236328,0.9301470588235294
660,192.28590893745422,0.05757181464578096,0.004645156860351563,0.0008090257644653321,0.0009804010391235352,0.9264705882352942
665,193.66311383247375,0.3877901071216911,0.005514883995056152,0.0008144855499267578,0.001104116439819336,0.9393382352941176
670,195.04641675949097,0.12045290907844901,0.004645156860351563,0.0008090257644653321,0.00100860595703125,0.9393382352941176
675,196.44030785560608,0.08605692724231631,0.004645156860351563,0.0008090257644653321,0.0010453224182128905,0.9227941176470589
680,197.84115505218506,0.22154942136257888,0.004645156860351563,0.0008090257644653321,0.0010405778884887695,0.9264705882352942
685,199.23350882530212,0.17941644083475694,0.005514883995056152,0.0008144855499267578,0.001090073585510254,0.9430147058823529
690,200.61643385887146,0.3948324270546436,0.005432724952697754,0.0008440256118774414,0.0010593175888061524,0.9466911764705882
695,202.0037009716034,0.17533731679432094,0.004454779624938965,0.0008138418197631836,0.001001262664794922,0.9742647058823529
700,203.42956805229187,0.051401630576583555,0.00483553409576416,0.0008042097091674804,0.0009923696517944336,0.9761029411764706
705,204.8157570362091,0.15081695028348108,0.004645156860351563,0.0008090257644653321,0.0009995698928833008,0.9632352941176471
710,206.1975338459015,0.4760941116495815,0.0056231021881103516,0.0008392095565795899,0.0011437416076660156,0.9411764705882353
715,207.57564496994019,0.05965383071670658,0.004047966003417969,0.0007692098617553711,0.0009349822998046875,0.9283088235294118
720,208.9525249004364,0.19854494936992068,0.005921697616577149,0.0008591175079345703,0.0011040449142456054,0.9485294117647058
725,210.33207297325134,0.040399612346664074,0.005216288566589356,0.0007945775985717773,0.001037740707397461,0.9595588235294118
730,211.7188549041748,0.040416296091279946,0.004753375053405761,0.0008337497711181641,0.0010607242584228516,0.9669117647058824
735,213.11783981323242,0.19218983533792197,0.005514883995056152,0.0008144855499267578,0.0010982751846313477,0.9558823529411765
740,214.50387406349182,0.4584849969411152,0.005134129524230957,0.0008241176605224609,0.001060628890991211,0.9283088235294118
745,215.88808608055115,0.3905415928224102,0.0043465614318847655,0.0007891178131103516,0.000990748405456543,0.9577205882352942
750,217.27125191688538,0.061158141867781526,0.005134129524230957,0.0008241176605224609,0.0010447502136230469,0.9669117647058824
755,218.66884589195251,0.02393677678774111,0.004645156860351563,0.0008090257644653321,0.0010150671005249023,0.9650735294117647
760,220.0567319393158,0.07200266537111019,0.004536938667297363,0.0007843017578125,0.001026320457458496,0.9632352941176471
765,221.4403510093689,0.16279473556787707,0.004047966003417969,0.0007692098617553711,0.0009513616561889649,0.9613970588235294
770,222.8277668952942,0.03737524962998577,0.00483553409576416,0.0008042097091674804,0.0010723114013671876,0.9558823529411765
775,224.20413899421692,0.022519300370140626,0.006410670280456543,0.0008742094039916992,0.0011149168014526368,0.9430147058823529
780,225.5846118927002,0.26181561700395833,0.005134129524230957,0.0008241176605224609,0.0010704517364501954,0.9632352941176471
785,226.97091794013977,0.029033903999881972,0.004943752288818359,0.0008289337158203125,0.001006937026977539,0.9650735294117647
790,228.35454177856445,0.21089377006574067,0.00483553409576416,0.0008042097091674804,0.0010438203811645509,0.96875
795,229.7348747253418,0.025027146661977896,0.004156184196472168,0.0007939338684082031,0.0009682178497314453,0.9724264705882353
800,231.15339279174805,0.14231077533331699,0.00396580696105957,0.0007987499237060546,0.0008937597274780273,0.9724264705882353
805,232.53311204910278,0.018304378942775656,0.0056231021881103516,0.0008392095565795899,0.0011101007461547852,0.9632352941176471
810,233.90926694869995,0.32446881380601555,0.00483553409576416,0.0008042097091674804,0.001016855239868164,0.9705882352941176
815,235.2958767414093,0.04896648693247698,0.005324506759643554,0.0008193016052246094,0.001096820831298828,0.9595588235294118
820,236.69797778129578,0.029229368432424963,0.005731320381164551,0.0008639335632324219,0.0011236429214477538,0.9283088235294118
825,238.0971200466156,0.18889335849089547,0.00396580696105957,0.0007987499237060546,0.0009217023849487305,0.9430147058823529
830,239.49134492874146,0.6632082671488206,0.004156184196472168,0.0007939338684082031,0.000968313217163086,0.9595588235294118
835,240.90960693359375,0.014583916405172204,0.0043465614318847655,0.0007891178131103516,0.0010169267654418946,0.9411764705882353
840,242.3373508453369,0.07544561748582054,0.005514883995056152,0.0008144855499267578,0.0010855913162231446,0.9246323529411765
845,243.72788977622986,0.16112235266482458,0.004753375053405761,0.0008337497711181641,0.0010529041290283203,0.9283088235294118
850,245.12172174453735,0.010653407330573827,0.00483553409576416,0.0008042097091674804,0.001021599769592285,0.9209558823529411
855,246.52410292625427,0.15009280983940698,0.0056231021881103516,0.0008392095565795899,0.0011471986770629882,0.9503676470588235
860,247.93189883232117,0.05581177311541978,0.004645156860351563,0.0008090257644653321,0.001013636589050293,0.9503676470588235
865,249.31511974334717,0.38233343027459343,0.005216288566589356,0.0007945775985717773,0.00108029842376709,0.9503676470588235
870,250.6969349384308,0.007963901998300571,0.0034768342971801757,0.0007836580276489258,0.0009040117263793945,0.9503676470588235
875,252.08833575248718,0.2737102086277446,0.004943752288818359,0.0008289337158203125,0.0010306835174560547,0.9558823529411765
880,253.46844482421875,0.02334244092926383,0.006410670280456543,0.0008742094039916992,0.0011286497116088866,0.9577205882352942
885,254.8452217578888,0.03944129892406636,0.005813479423522949,0.0008343935012817382,0.0011145114898681641,0.9448529411764706
890,256.2717559337616,0.003467469690440339,0.004645156860351563,0.0008090257644653321,0.0010004997253417968,0.9411764705882353
895,257.63722586631775,0.05151218506616715,0.0035589933395385742,0.0007541179656982422,0.0008803129196166993,0.9448529411764706
900,258.99323296546936,0.12701244989275437,0.005514883995056152,0.0008144855499267578,0.001060819625854492,0.9558823529411765
905,260.344762802124,0.09947142447927035,0.005025911331176758,0.0007993936538696289,0.0010378837585449218,0.9356617647058824
910,261.70030188560486,0.07690928872179939,0.004645156860351563,0.0008090257644653321,0.000976896286010742,0.9264705882352942
915,263.05908203125,0.31699108719757535,0.004645156860351563,0.0008090257644653321,0.0009677648544311523,0.9466911764705882
920,264.4223299026489,0.2694318801847567,0.004047966003417969,0.0007692098617553711,0.0009452342987060547,0.9411764705882353
925,265.7922377586365,0.21963214829993377,0.0061120748519897464,0.0008543014526367187,0.0011577844619750977,0.9522058823529411
930,267.1739127635956,0.17441430467879399,0.00483553409576416,0.0008042097091674804,0.0010229110717773437,0.9411764705882353
935,268.5555658340454,0.040643463950254956,0.005813479423522949,0.0008343935012817382,0.0011414289474487305,0.9338235294117647
940,269.9408829212189,0.34293197479564697,0.004645156860351563,0.0008090257644653321,0.000999307632446289,0.9650735294117647
945,271.33513879776,0.028226700314553453,0.005025911331176758,0.0007993936538696289,0.001072263717651367,0.9136029411764706
950,272.73461079597473,0.15219773118151353,0.004454779624938965,0.0008138418197631836,0.0010207653045654296,0.9080882352941176
955,274.14206290245056,0.14128913977183402,0.005134129524230957,0.0008241176605224609,0.0010984182357788087,0.9283088235294118
960,275.6278078556061,0.13250890676863492,0.005514883995056152,0.0008144855499267578,0.0011444330215454102,0.9466911764705882
965,277.02030897140503,0.3356947376159951,0.005242347717285156,0.000848841667175293,0.0010815858840942383,0.9485294117647058
970,278.4116199016571,0.062062113097636026,0.004156184196472168,0.0007939338684082031,0.0009255647659301758,0.9595588235294118
975,279.8527889251709,0.08088838612311519,0.004454779624938965,0.0008138418197631836,0.001022171974182129,0.9632352941176471
980,281.2367150783539,0.467430310666532,0.005216288566589356,0.0007945775985717773,0.0010455131530761718,0.9522058823529411
985,282.61679887771606,0.23348292469863735,0.004645156860351563,0.0008090257644653321,0.0010139226913452148,0.9448529411764706
990,284.00709080696106,0.17462057792629437,0.0061120748519897464,0.0008543014526367187,0.0011486291885375976,0.9503676470588235
995,285.3768949508667,0.041921346291928785,0.004727315902709961,0.0007794857025146485,0.001048898696899414,0.9669117647058824
1000,286.76547408103943,0.027040755763300693,0.005432724952697754,0.0008440256118774414,0.0011054754257202148,0.9669117647058824
1005,288.14605379104614,0.10699223793017154,0.004943752288818359,0.0008289337158203125,0.0010397911071777343,0.9650735294117647
1010,289.53317499160767,0.3853781425175839,0.005216288566589356,0.0007945775985717773,0.001046609878540039,0.9558823529411765
1015,290.9168031215668,0.09860908958380606,0.004943752288818359,0.0008289337158203125,0.0010354042053222657,0.9558823529411765
1020,292.2972218990326,0.18679879574774533,0.0043465614318847655,0.0007891178131103516,0.0009819984436035157,0.9724264705882353
1025,293.675705909729,0.02923746084998129,0.004645156860351563,0.0008090257644653321,0.0010205984115600586,0.9724264705882353
1030,295.05879282951355,0.048711395400550826,0.005324506759643554,0.0008193016052246094,0.0010546207427978515,0.9705882352941176
1035,296.43710803985596,0.06706695730244974,0.004047966003417969,0.0007692098617553711,0.0009598255157470704,0.9724264705882353
1040,297.82274198532104,0.08205746866296977,0.004047966003417969,0.0007692098617553711,0.0009429216384887696,0.9632352941176471
1045,299.20485401153564,0.006878729217783075,0.006220293045043945,0.0008790254592895508,0.0011242866516113282,0.9558823529411765
1050,300.59287881851196,0.16672917673965912,0.005324506759643554,0.0008193016052246094,0.0010402917861938477,0.9595588235294118
1055,301.97346472740173,0.02100202786173213,0.004645156860351563,0.0008090257644653321,0.001001286506652832,0.9650735294117647
1060,303.3576340675354,0.2647172301309183,0.005921697616577149,0.0008591175079345703,0.001140260696411133,0.9577205882352942
1065,304.75840306282043,0.026322766674275043,0.004047966003417969,0.0007692098617553711,0.0009387016296386718,0.9669117647058824
1070,306.1378769874573,0.1631694101813082,0.00396580696105957,0.0007987499237060546,0.0009440422058105469,0.9724264705882353
1075,307.52576303482056,0.00939166047173785,0.005432724952697754,0.0008440256118774414,0.0010626554489135743,0.9577205882352942
1080,308.90680980682373,0.13923373360075858,0.00483553409576416,0.0008042097091674804,0.0010581016540527344,0.96875
1085,310.2939929962158,0.23349467162042856,0.004645156860351563,0.0008090257644653321,0.001008749008178711,0.9724264705882353
1090,311.6884500980377,0.010201768370461651,0.005134129524230957,0.0008241176605224609,0.0010687351226806641,0.9669117647058824
1095,313.138671875,0.11806097317603417,0.005242347717285156,0.000848841667175293,0.0010512590408325196,0.9558823529411765
1100,314.54106974601746,0.41953373317955994,0.0043465614318847655,0.0007891178131103516,0.0010058164596557617,0.9650735294117647
1105,315.93171286582947,0.036481684347836565,0.0043465614318847655,0.0007891178131103516,0.0009722709655761719,0.9742647058823529
1110,317.3175947666168,0.008519538036125596,0.0043465614318847655,0.0007891178131103516,0.000957322120666504,0.9650735294117647
1115,318.69047594070435,0.036896970731322656,0.005242347717285156,0.000848841667175293,0.0011010169982910156,0.9577205882352942
1120,320.08084988594055,0.005742417434521485,0.005432724952697754,0.0008440256118774414,0.0011234521865844727,0.9595588235294118
1125,321.4632148742676,0.01583264073742612,0.005025911331176758,0.0007993936538696289,0.0010323762893676759,0.9613970588235294
1130,322.8483147621155,0.05384511846350506,0.005134129524230957,0.0008241176605224609,0.0010392904281616212,0.9650735294117647
1135,324.22347593307495,0.07109722853056155,0.00483553409576416,0.0008042097091674804,0.0010144233703613282,0.9632352941176471
1140,325.60853385925293,0.07314911918492725,0.0036672115325927734,0.0007788419723510742,0.0009493112564086914,0.9724264705882353
1145,326.9926788806915,0.0030251149873947725,0.0056231021881103516,0.0008392095565795899,0.0010683298110961913,0.9650735294117647
1150,328.3735680580139,0.12958922930411063,0.004943752288818359,0.0008289337158203125,0.0010370254516601563,0.9724264705882353
1155,329.75046396255493,0.005452497154874436,0.0066010475158691405,0.0008693933486938477,0.0012003183364868164,0.9558823529411765
1160,331.12133407592773,0.018852821162727195,0.005134129524230957,0.0008241176605224609,0.0010685682296752929,0.9558823529411765
1165,332.4918999671936,0.0032680392952352476,0.0035589933395385742,0.0007541179656982422,0.0008643627166748047,0.9503676470588235
1170,333.86409282684326,0.10172479540851782,0.005025911331176758,0.0007993936538696289,0.0010300159454345703,0.9650735294117647
1175,335.2458028793335,0.043508539763934095,0.00483553409576416,0.0008042097091674804,0.0010119438171386718,0.9522058823529411
1180,336.62194776535034,0.02184702538070269,0.005216288566589356,0.0007945775985717773,0.001047229766845703,0.9448529411764706
1185,337.9903178215027,0.03224400231556501,0.004943752288818359,0.0008289337158203125,0.0010098934173583985,0.9430147058823529
1190,339.355801820755,0.4553609012631387,0.003857588768005371,0.0007740259170532227,0.000934147834777832,0.9724264705882353
1195,340.76626777648926,0.07316023859330016,0.00483553409576416,0.0008042097091674804,0.00100400447845459,0.9264705882352942
1200,342.13276076316833,0.1767504776824353,0.0056231021881103516,0.0008392095565795899,0.0010753870010375977,0.9172794117647058
1205,343.49348998069763,0.017742300366708895,0.005324506759643554,0.0008193016052246094,0.0010791063308715821,0.9154411764705882
1210,344.84697914123535,0.46922316734569447,0.005324506759643554,0.0008193016052246094,0.0010467290878295899,0.9540441176470589
1215,346.2190749645233,0.1081229348506895,0.0043465614318847655,0.0007891178131103516,0.0009819746017456054,0.9577205882352942
1220,347.6041820049286,0.05961134869467059,0.004943752288818359,0.0008289337158203125,0.0010744094848632812,0.9503676470588235
1225,349.0040009021759,0.15439849809918088,0.00483553409576416,0.0008042097091674804,0.001051473617553711,0.9209558823529411
1230,350.3972358703613,0.05836453758693096,0.005324506759643554,0.0008193016052246094,0.0010760307312011718,0.9227941176470589
1235,351.7919659614563,0.1503945266653318,0.005921697616577149,0.0008591175079345703,0.0011572599411010741,0.9080882352941176
1240,353.18269085884094,0.536985280760564,0.004156184196472168,0.0007939338684082031,0.0009633302688598633,0.9172794117647058
1245,354.5813498497009,0.0652336137718521,0.004156184196472168,0.0007939338684082031,0.0009671926498413086,0.9411764705882353
1250,355.97944688796997,0.8001279803123907,0.005025911331176758,0.0007993936538696289,0.0010454893112182618,0.9761029411764706
1255,357.3685669898987,0.2658357128413627,0.0056231021881103516,0.0008392095565795899,0.0010972976684570312,0.9650735294117647
1260,358.74406599998474,0.021105133322271284,0.004645156860351563,0.0008090257644653321,0.0010141372680664063,0.9430147058823529
1265,360.1205418109894,0.14528219796429767,0.005324506759643554,0.0008193016052246094,0.0010514020919799804,0.9485294117647058
1270,361.50112891197205,0.034859299994423054,0.005324506759643554,0.0008193016052246094,0.0011394977569580077,0.9613970588235294
1275,362.8907446861267,0.020713486189197283,0.004753375053405761,0.0008337497711181641,0.0010158777236938476,0.9669117647058824
1280,364.2681710720062,0.20019645342035802,0.005406665802001953,0.0007897615432739258,0.001091599464416504,0.9558823529411765
1285,365.6919138431549,0.35471568719731295,0.004943752288818359,0.0008289337158203125,0.0010200262069702149,0.9430147058823529
1290,367.08134388923645,0.21510639628095304,0.00483553409576416,0.0008042097091674804,0.001036691665649414,0.9466911764705882
1295,368.46786999702454,0.0269380210142117,0.004454779624938965,0.0008138418197631836,0.0009858846664428712,0.9669117647058824
1300,369.8558588027954,0.023293509438371985,0.00483553409576416,0.0008042097091674804,0.001019740104675293,0.9761029411764706
1305,371.2649390697479,0.08983379651808718,0.005025911331176758,0.0007993936538696289,0.0010368108749389648,0.9779411764705882
1310,372.7144010066986,0.06632812831521732,0.0035589933395385742,0.0007541179656982422,0.0009124755859375,0.96875
1315,374.09747791290283,0.027802475332282483,0.0056231021881103516,0.0008392095565795899,0.001129746437072754,0.9503676470588235
1320,375.4774658679962,0.02133946953690611,0.0056231021881103516,0.0008392095565795899,0.0010856866836547851,0.9466911764705882
1325,376.85957288742065,0.24721208343526085,0.005324506759643554,0.0008193016052246094,0.0010687828063964844,0.96875
1330,378.26101875305176,0.012548202275047516,0.005242347717285156,0.000848841667175293,0.0010596513748168945,0.9797794117647058
1335,379.70742774009705,0.15527152354916468,0.004536938667297363,0.0007843017578125,0.0011490821838378907,0.9797794117647058
1340,381.32829785346985,0.039781754026626,0.0037754297256469725,0.0008035659790039063,0.0009341716766357421,0.9797794117647058
1345,382.79711389541626,0.052368070057127625,0.004645156860351563,0.0008090257644653321,0.0010358333587646485,0.9797794117647058
1350,384.2008340358734,0.0067724837355854104,0.0056231021881103516,0.0008392095565795899,0.0010645151138305663,0.9797794117647058
1355,385.672856092453,0.276381640159525,0.004536938667297363,0.0007843017578125,0.0010264158248901368,0.9761029411764706
1360,387.0627498626709,0.011772739743173588,0.0056231021881103516,0.0008392095565795899,0.0011508703231811524,0.9705882352941176
1365,388.489572763443,0.11396814348409023,0.005731320381164551,0.0008639335632324219,0.0011905908584594726,0.9742647058823529
1370,390.0369288921356,0.06821115690236183,0.00396580696105957,0.0007987499237060546,0.0010400772094726562,0.9816176470588235
1375,391.4354660511017,0.25186345121064735,0.003857588768005371,0.0007740259170532227,0.0010227441787719726,0.9852941176470589
1380,392.822096824646,0.018282468230972883,0.004156184196472168,0.0007939338684082031,0.0009716272354125977,0.9816176470588235
1385,394.215087890625,0.009828924243630155,0.005324506759643554,0.0008193016052246094,0.0010893821716308593,0.9816176470588235
1390,395.6857089996338,0.013288055218436057,0.004943752288818359,0.0008289337158203125,0.0010649919509887694,0.9834558823529411
1395,397.1250069141388,0.003310157276509962,0.005025911331176758,0.0007993936538696289,0.0011113882064819336,0.9834558823529411
1400,398.5290539264679,0.06407235777005553,0.005432724952697754,0.0008440256118774414,0.0011934757232666016,0.9834558823529411
1405,399.9495038986206,0.05881352641954436,0.00483553409576416,0.0008042097091674804,0.0010269880294799805,0.9816176470588235
1410,401.37688279151917,0.012262795015340089,0.00483553409576416,0.0008042097091674804,0.0010815858840942383,0.9797794117647058
1415,402.7922639846802,0.003394818786900977,0.004156184196472168,0.0007939338684082031,0.000999307632446289,0.9797794117647058
1420,404.21045088768005,0.05048676761471142,0.004753375053405761,0.0008337497711181641,0.0010459184646606444,0.9779411764705882
1425,405.63635301589966,0.028835869394244186,0.006899642944335938,0.0008893013000488281,0.0012056350708007813,0.9650735294117647
1430,407.07013392448425,0.013242892103698977,0.005324506759643554,0.0008193016052246094,0.0010753631591796874,0.9650735294117647
1435,408.4985830783844,0.0013026720970685801,0.0043465614318847655,0.0007891178131103516,0.0009850740432739257,0.9650735294117647
1440,409.9294810295105,0.028896617417458435,0.004047966003417969,0.0007692098617553711,0.0009607553482055664,0.9632352941176471
1445,411.3690459728241,0.082545592315455,0.005216288566589356,0.0007945775985717773,0.0011072397232055665,0.9761029411764706
1450,412.79798674583435,0.024918867639826203,0.005324506759643554,0.0008193016052246094,0.0012303590774536133,0.9595588235294118
1455,414.20883083343506,0.01791175916505381,0.004645156860351563,0.0008090257644653321,0.0010523796081542969,0.9540441176470589
1460,415.62958788871765,0.21707510061403817,0.004645156860351563,0.0008090257644653321,0.0009655475616455079,0.9613970588235294
1465,417.0726659297943,0.0779480338191206,0.004047966003417969,0.0007692098617553711,0.00099637508392334,0.9705882352941176
1470,418.4896478652954,0.13809461146502144,0.0061120748519897464,0.0008543014526367187,0.0011306524276733399,0.9503676470588235
1475,419.92464208602905,0.041160380309156606,0.004645156860351563,0.0008090257644653321,0.001035928726196289,0.9430147058823529
1480,421.34951400756836,0.45931248435511185,0.005514883995056152,0.0008144855499267578,0.0010804176330566407,0.9503676470588235
1485,422.7633008956909,0.11978729365764736,0.005134129524230957,0.0008241176605224609,0.0010777711868286133,0.9852941176470589
1490,424.23964190483093,0.052061545684491686,0.00483553409576416,0.0008042097091674804,0.0010847330093383789,0.9595588235294118
1495,425.70066571235657,0.037888044678767586,0.004454779624938965,0.0008138418197631836,0.0010205984115600586,0.9283088235294118
1500,427.20435309410095,0.050501051358935456,0.005324506759643554,0.0008193016052246094,0.0012068510055541991,0.9246323529411765
1505,428.6075220108032,0.0230700699146837,0.00483553409576416,0.0008042097091674804,0.0010272741317749023,0.9246323529411765
1510,430.105525970459,0.4111683979561363,0.005242347717285156,0.000848841667175293,0.0011503219604492188,0.8970588235294118
1515,431.6446359157562,0.11862408811648492,0.004536938667297363,0.0007843017578125,0.0011057853698730469,0.9448529411764706
1520,433.21282482147217,0.18327433727138215,0.004753375053405761,0.0008337497711181641,0.001029825210571289,0.9430147058823529
1525,434.7343029975891,0.7084085037729893,0.005025911331176758,0.0007993936538696289,0.001098465919494629,0.9632352941176471
1530,436.21328377723694,0.28316273126984015,0.0043465614318847655,0.0007891178131103516,0.0010602474212646484,0.9761029411764706
1535,437.5703408718109,0.07728784708597232,0.0061120748519897464,0.0008543014526367187,0.0011335134506225586,0.96875
1540,438.94198298454285,0.015687843051273374,0.005025911331176758,0.0007993936538696289,0.0010280132293701172,0.9595588235294118
1545,440.44576382637024,0.023373033590542037,0.004943752288818359,0.0008289337158203125,0.001185441017150879,0.9595588235294118
1550,441.9448208808899,0.24678821242414414,0.005324506759643554,0.0008193016052246094,0.0011135339736938477,0.9724264705882353
1555,443.41798186302185,0.29906638505352934,0.005324506759643554,0.0008193016052246094,0.001100444793701172,0.9558823529411765
1560,444.8974268436432,0.177874739968685,0.004645156860351563,0.0008090257644653321,0.0011049509048461914,0.9558823529411765
1565,446.3821680545807,0.024429850443166323,0.005134129524230957,0.0008241176605224609,0.0010899782180786132,0.9632352941176471
1570,447.88073801994324,0.011135915362683591,0.004156184196472168,0.0007939338684082031,0.0010061979293823243,0.9761029411764706
1575,449.38518500328064,0.032731843135024974,0.005025911331176758,0.0007993936538696289,0.001145339012145996,0.9779411764705882
1580,450.85444498062134,0.08780326484848047,0.004047966003417969,0.0007692098617553711,0.0009932518005371094,0.9761029411764706
1585,452.3385007381439,0.05354355882259369,0.004047966003417969,0.0007692098617553711,0.0009852886199951173,0.9632352941176471
1590,453.8635530471802,0.019193424384502576,0.00670926570892334,0.0008941173553466796,0.0012321710586547852,0.9522058823529411
1595,455.30991792678833,0.19723643756869932,0.005324506759643554,0.0008193016052246094,0.0010901927947998048,0.9632352941176471
1600,456.6722888946533,0.008530613570476398,0.004454779624938965,0.0008138418197631836,0.0009719133377075195,0.9797794117647058
1605,458.0294568538666,0.15258771468215854,0.0056231021881103516,0.0008392095565795899,0.0010693073272705078,0.9797794117647058
1610,459.3731520175934,0.010598690592451021,0.0043465614318847655,0.0007891178131103516,0.0009616374969482422,0.9797794117647058
1615,460.76716589927673,0.08935925328569283,0.0034768342971801757,0.0007836580276489258,0.0009427785873413086,0.9779411764705882
1620,462.27110600471497,0.005634859792189672,0.005921697616577149,0.0008591175079345703,0.0011775970458984375,0.9779411764705882
1625,463.7557508945465,0.04943938479825789,0.0043465614318847655,0.0007891178131103516,0.0010117292404174805,0.9797794117647058
1630,465.19530391693115,0.20704120935479295,0.005324506759643554,0.0008193016052246094,0.00109100341796875,0.9761029411764706
1635,466.6009509563446,0.07048894355593802,0.005432724952697754,0.0008440256118774414,0.001083683967590332,0.9797794117647058
1640,467.9916937351227,0.011405741422278482,0.004264402389526367,0.0008186578750610351,0.0010018110275268554,0.9742647058823529
1645,469.49893403053284,0.3505156300770523,0.00483553409576416,0.0008042097091674804,0.0010685443878173829,0.9816176470588235
1650,470.9361729621887,0.007417801122479695,0.003857588768005371,0.0007740259170532227,0.0009511709213256836,0.9742647058823529
1655,472.29145908355713,0.0018465510342730695,0.005324506759643554,0.0008193016052246094,0.0010228872299194336,0.96875
1660,473.709823846817,0.019132211930082122,0.004943752288818359,0.0008289337158203125,0.0012006759643554688,0.9669117647058824
1665,475.1632089614868,0.0016996826461582516,0.004943752288818359,0.0008289337158203125,0.0009927988052368165,0.9669117647058824
1670,476.61538791656494,0.08365320658985187,0.005025911331176758,0.0007993936538696289,0.0011075735092163086,0.96875
1675,478.05355501174927,0.05786396511102794,0.005134129524230957,0.0008241176605224609,0.0010729312896728515,0.9705882352941176
1680,479.49529504776,0.045420712287887,0.005025911331176758,0.0007993936538696289,0.0010164022445678712,0.96875
1685,480.8644919395447,0.0010537729489431768,0.0034768342971801757,0.0007836580276489258,0.0009712457656860351,0.9742647058823529
1690,482.3478510379791,0.018764954935613788,0.0056231021881103516,0.0008392095565795899,0.001081705093383789,0.9742647058823529
1695,483.70389199256897,0.05975906677485909,0.005731320381164551,0.0008639335632324219,0.0011021614074707032,0.9724264705882353
1700,485.14016485214233,0.003032113824601801,0.005813479423522949,0.0008343935012817382,0.0011574029922485352,0.9613970588235294
1705,486.6039810180664,0.00769924344105366,0.005134129524230957,0.0008241176605224609,0.0010414838790893555,0.9577205882352942
1710,487.99284195899963,0.005987479420564412,0.003749370574951172,0.0007493019104003907,0.0009005784988403321,0.9558823529411765
1715,489.3568949699402,0.05522003563861748,0.005025911331176758,0.0007993936538696289,0.0010846376419067383,0.9724264705882353
1720,490.74681091308594,0.029472094755328727,0.00483553409576416,0.0008042097091674804,0.0010147333145141602,0.9669117647058824
1725,492.56513690948486,0.014553165547840762,0.00483553409576416,0.0008042097091674804,0.0010715007781982421,0.9466911764705882
1730,493.95182394981384,0.16397911822127753,0.004943752288818359,0.0008289337158203125,0.0010037183761596679,0.9485294117647058
1735,495.40442276000977,0.09577601738836172,0.004047966003417969,0.0007692098617553711,0.000992584228515625,0.96875
1740,496.8626790046692,0.20032792730920282,0.005324506759643554,0.0008193016052246094,0.001038503646850586,0.9411764705882353
1745,498.324364900589,0.16120826839080565,0.005324506759643554,0.0008193016052246094,0.0011203765869140625,0.9319852941176471
1750,499.79551792144775,0.030040481984806355,0.0056231021881103516,0.0008392095565795899,0.001165771484375,0.9338235294117647
1755,501.22468185424805,0.39938030341336483,0.004645156860351563,0.0008090257644653321,0.0010166168212890625,0.9558823529411765
1760,502.7006630897522,0.07760980124985509,0.004727315902709961,0.0007794857025146485,0.001071619987487793,0.9650735294117647
1765,504.18447375297546,0.015350922484594775,0.005242347717285156,0.000848841667175293,0.0010858535766601562,0.9466911764705882
1770,505.57186579704285,0.023419300760726004,0.005134129524230957,0.0008241176605224609,0.0011127471923828125,0.9466911764705882
1775,506.9696218967438,0.16800194144743727,0.004727315902709961,0.0007794857025146485,0.0010570526123046876,0.9577205882352942
1780,508.36977791786194,0.1058119086548686,0.0060299158096313475,0.0008838415145874023,0.0011431217193603516,0.9283088235294118
1785,509.85109996795654,0.43148337039165197,0.0036672115325927734,0.0007788419723510742,0.0010231971740722657,0.9044117647058824
1790,511.30634593963623,0.07121468951227143,0.005134129524230957,0.0008241176605224609,0.0010753393173217774,0.9099264705882353
1795,512.7646689414978,0.785264854568777,0.004536938667297363,0.0007843017578125,0.0010504007339477539,0.9540441176470589
1800,514.1955568790436,0.18519322462743731,0.005134129524230957,0.0008241176605224609,0.0010851144790649414,0.9779411764705882
1805,515.6174008846283,0.022015856506459385,0.0056231021881103516,0.0008392095565795899,0.0011264324188232423,0.9761029411764706
1810,517.030928850174,0.09530373210145626,0.005025911331176758,0.0007993936538696289,0.001058340072631836,0.9632352941176471
1815,518.4431600570679,0.013641309344166075,0.00483553409576416,0.0008042097091674804,0.0010692119598388673,0.9613970588235294
1820,519.8499410152435,0.20817319398565814,0.005242347717285156,0.000848841667175293,0.0010978221893310548,0.9669117647058824
1825,521.2536368370056,0.37424974786107673,0.005216288566589356,0.0007945775985717773,0.0010716915130615234,0.9558823529411765
1830,522.6890738010406,0.01884012508861819,0.004943752288818359,0.0008289337158203125,0.001036214828491211,0.9466911764705882
1835,524.1390478610992,0.13569369344631016,0.005025911331176758,0.0007993936538696289,0.0010761976242065429,0.9430147058823529
1840,525.561274766922,0.05824558802560205,0.004264402389526367,0.0008186578750610351,0.0010331153869628906,0.9669117647058824
1845,526.9941158294678,0.018286448893559282,0.005025911331176758,0.0007993936538696289,0.0010075330734252929,0.9797794117647058
1850,528.4174268245697,0.10137113487653551,0.004536938667297363,0.0007843017578125,0.0010324239730834961,0.9779411764705882
1855,529.8590779304504,0.05825298980016669,0.004047966003417969,0.0007692098617553711,0.000999593734741211,0.9669117647058824
1860,531.2793488502502,0.015215762332240956,0.005921697616577149,0.0008591175079345703,0.0011037111282348633,0.9540441176470589
1865,532.6720497608185,0.004448115003151542,0.005134129524230957,0.0008241176605224609,0.001040172576904297,0.9522058823529411
1870,534.0631229877472,0.19589627453814504,0.005324506759643554,0.0008193016052246094,0.0011252641677856445,0.9742647058823529
1875,535.4706077575684,0.003314234166921892,0.005731320381164551,0.0008639335632324219,0.0011170864105224609,0.9761029411764706
1880,536.8571379184723,0.14597007941629273,0.004047966003417969,0.0007692098617553711,0.0009715080261230469,0.9779411764705882
1885,538.2978267669678,0.015839996783984133,0.00396580696105957,0.0007987499237060546,0.0009490966796875,0.9742647058823529
1890,539.6881637573242,0.05908582563006348,0.004943752288818359,0.0008289337158203125,0.001059246063232422,0.9797794117647058
1895,541.076605796814,0.011228768779454867,0.00483553409576416,0.0008042097091674804,0.0011023283004760742,0.9797794117647058
1900,542.4610788822174,0.2100808495532874,0.00483553409576416,0.0008042097091674804,0.0010340690612792968,0.9761029411764706
1905,543.8555550575256,0.001370984902941963,0.0056231021881103516,0.0008392095565795899,0.0010749340057373048,0.9779411764705882
1910,545.3868508338928,0.03123909990026732,0.005242347717285156,0.000848841667175293,0.0011450767517089844,0.9705882352941176
1915,547.0031569004059,0.3565435991414233,0.004156184196472168,0.0007939338684082031,0.0009939193725585938,0.9816176470588235
1920,548.4829969406128,0.004385972396532089,0.003857588768005371,0.0007740259170532227,0.0009895563125610352,0.9816176470588235
1925,550.0421466827393,0.0006677333456696743,0.0043465614318847655,0.0007891178131103516,0.0009786844253540038,0.9742647058823529
1930,551.4972529411316,0.16616030079094343,0.005432724952697754,0.0008440256118774414,0.0011206626892089843,0.96875
1935,552.9146938323975,0.002436126399416061,0.004943752288818359,0.0008289337158203125,0.0011077880859375,0.9742647058823529
1940,554.375960111618,0.026221020163739082,0.005514883995056152,0.0008144855499267578,0.0011186599731445312,0.9779411764705882
1945,555.7658298015594,0.0827174214180559,0.005134129524230957,0.0008241176605224609,0.0010474205017089843,0.9797794117647058
1950,557.2550227642059,0.083693328465597,0.00483553409576416,0.0008042097091674804,0.001089167594909668,0.9761029411764706
1955,558.7696778774261,0.08196690710261922,0.004156184196472168,0.0007939338684082031,0.000986480712890625,0.9761029411764706
1960,560.2981698513031,0.0012083435360894512,0.005134129524230957,0.0008241176605224609,0.001192784309387207,0.9779411764705882
1965,561.8422918319702,0.06396652795099271,0.004753375053405761,0.0008337497711181641,0.001084756851196289,0.9797794117647058
1970,563.4420828819275,0.033387644548201936,0.0066010475158691405,0.0008693933486938477,0.0012667179107666016,0.96875
1975,564.8958888053894,0.008501202444887213,0.005134129524230957,0.0008241176605224609,0.0010985851287841797,0.9669117647058824
1980,566.4303920269012,0.009405036616487904,0.004047966003417969,0.0007692098617553711,0.0009194612503051758,0.9669117647058824
1985,567.8977899551392,0.0775960079667323,0.004238343238830567,0.0007643938064575195,0.0009691953659057617,0.9669117647058824
1990,569.2711408138275,0.24912155984329729,0.005324506759643554,0.0008193016052246094,0.001088404655456543,0.9705882352941176
1995,570.6632037162781,0.015121891174567281,0.005025911331176758,0.0007993936538696289,0.0011153459548950196,0.9503676470588235
2000,572.0359659194946,0.10628237821656512,0.004943752288818359,0.0008289337158203125,0.0010169506072998046,0.9503676470588235
2005,573.4193117618561,0.3174233545047082,0.0043465614318847655,0.0007891178131103516,0.0010216712951660156,0.9669117647058824
2010,574.7962770462036,0.09056165457041061,0.004047966003417969,0.0007692098617553711,0.0009906530380249024,0.9761029411764706
2015,576.1803889274597,0.12117597381584347,0.0066010475158691405,0.0008693933486938477,0.0011755943298339844,0.9522058823529411
2020,577.5423769950867,0.01822608383744413,0.004645156860351563,0.0008090257644653321,0.0009712696075439454,0.9375
2025,578.9091157913208,0.3575334703550084,0.005514883995056152,0.0008144855499267578,0.0011056900024414063,0.9411764705882353
2030,580.2654149532318,0.10545789152511134,0.004645156860351563,0.0008090257644653321,0.0010162353515625,0.9650735294117647
2035,581.6406719684601,0.06759703094858197,0.004645156860351563,0.0008090257644653321,0.0010267257690429687,0.9669117647058824
2040,583.0227468013763,0.028968830945086666,0.004645156860351563,0.0008090257644653321,0.0010468482971191407,0.9577205882352942
2045,584.4006741046906,0.060197302227607,0.005514883995056152,0.0008144855499267578,0.0010830879211425782,0.9522058823529411
2050,585.7671160697937,0.1482643547235057,0.005432724952697754,0.0008440256118774414,0.0010463714599609375,0.9411764705882353
2055,587.1460280418396,0.34641665576491504,0.004454779624938965,0.0008138418197631836,0.0009993791580200195,0.9246323529411765
2060,588.5361189842224,0.07276713442988694,0.00483553409576416,0.0008042097091674804,0.0010617733001708984,0.9154411764705882
2065,589.9225528240204,0.20024971781531348,0.004645156860351563,0.0008090257644653321,0.0010159730911254883,0.9375
2070,591.3093550205231,0.4891009870218113,0.0056231021881103516,0.0008392095565795899,0.001108551025390625,0.96875
2075,592.7171688079834,0.0812630510146846,0.004047966003417969,0.0007692098617553711,0.0009891510009765625,0.9797794117647058
2080,594.0662610530853,0.06637608179589734,0.005921697616577149,0.0008591175079345703,0.001085948944091797,0.9834558823529411
2085,595.4015128612518,0.01682198642520234,0.005216288566589356,0.0007945775985717773,0.001073312759399414,0.9779411764705882
2090,596.733521938324,0.010577994179038796,0.004753375053405761,0.0008337497711181641,0.0010273218154907226,0.9742647058823529
2095,598.0693588256836,0.1222660827166692,0.005514883995056152,0.0008144855499267578,0.0010616064071655273,0.9761029411764706
2100,599.3977379798889,0.3164714826269627,0.005134129524230957,0.0008241176605224609,0.0009775400161743165,0.9724264705882353
2105,600.7204759120941,0.042789122940303057,0.0043465614318847655,0.0007891178131103516,0.0009395360946655273,0.9724264705882353
2110,602.0445880889893,0.008600480027862466,0.005134129524230957,0.0008241176605224609,0.0009920835494995118,0.9742647058823529
2115,603.3771319389343,0.0014556924036606134,0.004645156860351563,0.0008090257644653321,0.0009373903274536132,0.9761029411764706
2120,604.7179358005524,0.1356364511006996,0.004536938667297363,0.0007843017578125,0.001020503044128418,0.9797794117647058
2125,606.0851159095764,0.057733087490487375,0.004047966003417969,0.0007692098617553711,0.0009709358215332031,0.9761029411764706
2130,607.5050597190857,0.010205160551452153,0.00483553409576416,0.0008042097091674804,0.0009566545486450195,0.9669117647058824
2135,608.9057190418243,0.0019391377869396819,0.006410670280456543,0.0008742094039916992,0.00121917724609375,0.9558823529411765
2140,610.3115918636322,0.21972677764036988,0.005134129524230957,0.0008241176605224609,0.001054096221923828,0.9705882352941176
2145,611.7175197601318,0.004994567514942538,0.004943752288818359,0.0008289337158203125,0.0010142087936401366,0.9779411764705882
2150,613.1164548397064,0.18224371320748106,0.00483553409576416,0.0008042097091674804,0.0010048151016235352,0.9779411764705882
2155,614.5014719963074,0.002246745657566862,0.004156184196472168,0.0007939338684082031,0.0009518861770629883,0.9761029411764706
2160,615.9633557796478,0.060036911122642776,0.00396580696105957,0.0007987499237060546,0.0009663581848144531,0.9761029411764706
2165,617.3573927879333,0.002125434530072745,0.0056231021881103516,0.0008392095565795899,0.0010654687881469726,0.9705882352941176
2170,618.7130959033966,0.2473473002054698,0.00483553409576416,0.0008042097091674804,0.0009888887405395507,0.9761029411764706
2175,620.0733659267426,0.004849599490426115,0.005324506759643554,0.0008193016052246094,0.001078343391418457,0.9834558823529411
2180,621.4425899982452,0.03643129153242697,0.005731320381164551,0.0008639335632324219,0.001112055778503418,0.9816176470588235
2185,622.8136298656464,0.0018819536878936561,0.00396580696105957,0.0007987499237060546,0.0009114980697631836,0.9669117647058824
2190,624.1797738075256,0.19668131994080795,0.004156184196472168,0.0007939338684082031,0.0009335517883300781,0.9834558823529411
2195,625.5533218383789,0.0028919029353938084,0.0043465614318847655,0.0007891178131103516,0.0009766340255737305,0.9852941176470589
2200,626.9444921016693,0.0006379166703300854,0.005514883995056152,0.0008144855499267578,0.0011515140533447266,0.9871323529411765
2205,628.4851908683777,0.001897105212628958,0.004753375053405761,0.0008337497711181641,0.0010986804962158203,0.9852941176470589
2210,629.9509539604187,0.001486869416539882,0.00483553409576416,0.0008042097091674804,0.0010097503662109375,0.9834558823529411
2215,631.3019478321075,0.10893335863893298,0.0056231021881103516,0.0008392095565795899,0.0011325120925903321,0.9834558823529411
2220,632.6728608608246,0.08709613986492518,0.004645156860351563,0.0008090257644653321,0.001012134552001953,0.9816176470588235
2225,634.0384178161621,0.0033977983809473145,0.005216288566589356,0.0007945775985717773,0.0010719060897827148,0.9816176470588235
2230,635.3872208595276,0.0008153624720240061,0.0034768342971801757,0.0007836580276489258,0.000873112678527832,0.9797794117647058
2235,636.747761964798,0.03678680997340962,0.004943752288818359,0.0008289337158203125,0.0010323047637939454,0.9816176470588235
2240,638.1138858795166,0.016100015487972998,0.006410670280456543,0.0008742094039916992,0.0011532068252563476,0.9816176470588235
2245,639.4694888591766,0.005502224736565075,0.005813479423522949,0.0008343935012817382,0.001085662841796875,0.9761029411764706
2250,640.8144619464874,0.0002280983284544291,0.004645156860351563,0.0008090257644653321,0.0009623289108276368,0.9761029411764706
2255,642.1876938343048,0.002540788357469026,0.0035589933395385742,0.0007541179656982422,0.0008770704269409179,0.9761029411764706
2260,643.5582959651947,0.023465171491161563,0.005514883995056152,0.0008144855499267578,0.0010951757431030273,0.9779411764705882
2265,645.267040014267,0.021091566243808302,0.005025911331176758,0.0007993936538696289,0.0010795831680297852,0.9779411764705882
2270,646.6362888813019,0.021078702856453902,0.004645156860351563,0.0008090257644653321,0.0010495424270629884,0.9761029411764706
2275,647.9850778579712,0.03303214741441938,0.004645156860351563,0.0008090257644653321,0.0009835004806518556,0.9779411764705882
2280,649.3802258968353,0.01994609656698234,0.004047966003417969,0.0007692098617553711,0.0009372711181640625,0.9797794117647058
2285,650.7279150485992,0.1123371562264925,0.0061120748519897464,0.0008543014526367187,0.0011122703552246093,0.9816176470588235
2290,652.0761480331421,0.025290895089392508,0.00483553409576416,0.0008042097091674804,0.001011490821838379,0.9779411764705882
2295,653.4263138771057,0.0005349158894114581,0.005813479423522949,0.0008343935012817382,0.0011210203170776366,0.9779411764705882
2300,654.765704870224,0.14027141747058208,0.004645156860351563,0.0008090257644653321,0.0010071754455566405,0.9779411764705882
2305,656.1057839393616,0.0003953751839436137,0.005025911331176758,0.0007993936538696289,0.0010108232498168945,0.96875
2310,657.4508419036865,0.12115509603463721,0.004454779624938965,0.0008138418197631836,0.0009808301925659179,0.9411764705882353
2315,658.8139147758484,0.021103912592300843,0.005134129524230957,0.0008241176605224609,0.0010495424270629884,0.9044117647058824
2320,660.1922419071198,0.0017240470093383919,0.005514883995056152,0.0008144855499267578,0.0010483503341674806,0.8988970588235294
2325,661.5709869861603,0.4201798547427188,0.005242347717285156,0.000848841667175293,0.0010322332382202148,0.8915441176470589
2330,662.9553411006927,0.3396919565377175,0.004156184196472168,0.0007939338684082031,0.0009558439254760742,0.9430147058823529
2335,664.3393180370331,0.105940747186105,0.004454779624938965,0.0008138418197631836,0.0009901762008666993,0.9558823529411765
2340,665.7247068881989,0.3353403291235736,0.005216288566589356,0.0007945775985717773,0.0010502099990844726,0.9669117647058824
2345,667.1103188991547,0.3311910485412227,0.004645156860351563,0.0008090257644653321,0.0010817289352416993,0.9705882352941176
2350,668.5093839168549,0.08684674949618057,0.0061120748519897464,0.0008543014526367187,0.0011299371719360352,0.9705882352941176
2355,669.9131767749786,0.11969151764642447,0.004727315902709961,0.0007794857025146485,0.0010429143905639649,0.9779411764705882
2360,671.3192718029022,0.03603660790249848,0.005432724952697754,0.0008440256118774414,0.0011348962783813477,0.9779411764705882
2365,672.729994058609,0.12785771440831012,0.004943752288818359,0.0008289337158203125,0.0010833024978637695,0.9816176470588235
2370,674.1291000843048,0.30831721011199986,0.005216288566589356,0.0007945775985717773,0.001079225540161133,0.9650735294117647
2375,675.502457857132,0.06146292148550856,0.004943752288818359,0.0008289337158203125,0.001025223731994629,0.9613970588235294
2380,676.9110939502716,0.10547915342021046,0.0043465614318847655,0.0007891178131103516,0.0009462833404541016,0.96875
2385,678.2530879974365,0.006474869626881663,0.004645156860351563,0.0008090257644653321,0.0010010242462158204,0.9705882352941176
2390,679.5985908508301,0.031440699559143505,0.005324506759643554,0.0008193016052246094,0.0010257244110107421,0.9724264705882353
2395,680.9282388687134,0.09698280979937408,0.004047966003417969,0.0007692098617553711,0.000931239128112793,0.96875
2400,682.2548720836639,0.039458219547468684,0.004047966003417969,0.0007692098617553711,0.0009243011474609375,0.9595588235294118
2405,683.5832188129425,0.0009440872792794153,0.006220293045043945,0.0008790254592895508,0.0011092901229858398,0.9540441176470589
2410,684.9089019298553,0.17901293553932476,0.005324506759643554,0.0008193016052246094,0.001034379005432129,0.9522058823529411
2415,686.2331697940826,0.020094432884016022,0.004645156860351563,0.0008090257644653321,0.0009434700012207031,0.96875
2420,687.5479369163513,0.3507268826928339,0.005921697616577149,0.0008591175079345703,0.0011010885238647461,0.9540441176470589
2425,688.8989329338074,0.003872925238465541,0.004047966003417969,0.0007692098617553711,0.0009134054183959961,0.9724264705882353
2430,690.2645819187164,0.07127680092760898,0.00396580696105957,0.0007987499237060546,0.0009470939636230469,0.9705882352941176
2435,691.6676468849182,0.002485691646679733,0.005432724952697754,0.0008440256118774414,0.001046466827392578,0.9705882352941176
2440,693.0397598743439,0.02341561280241109,0.00483553409576416,0.0008042097091674804,0.0010158300399780273,0.9705882352941176
2445,694.393572807312,0.2716848740381284,0.004645156860351563,0.0008090257644653321,0.0009643316268920898,0.9816176470588235
2450,695.7592809200287,0.0018034960848043013,0.005134129524230957,0.0008241176605224609,0.0010132312774658204,0.9852941176470589
2455,697.1287109851837,0.07545374225824161,0.005242347717285156,0.000848841667175293,0.0010591268539428711,0.9871323529411765
2460,698.5019557476044,0.11631946770539799,0.0043465614318847655,0.0007891178131103516,0.000977802276611328,0.9816176470588235
2465,699.8659777641296,0.0036318846278769355,0.0043465614318847655,0.0007891178131103516,0.0009359836578369141,0.9797794117647058
2470,701.2694218158722,0.0008209737927064254,0.0043465614318847655,0.0007891178131103516,0.0009438276290893554,0.9816176470588235
2475,702.6289820671082,0.0034663810289202956,0.005242347717285156,0.000848841667175293,0.0010566949844360352,0.9816176470588235
2480,703.9951858520508,0.003914653382789801,0.005432724952697754,0.0008440256118774414,0.0010726451873779297,0.9816176470588235
2485,705.3422319889069,0.010274400021608088,0.005025911331176758,0.0007993936538696289,0.0010422468185424805,0.9852941176470589
2490,706.7139730453491,0.06446585347075598,0.005134129524230957,0.0008241176605224609,0.0010309934616088868,0.9834558823529411
2495,708.0789558887482,0.06579162469706716,0.00483553409576416,0.0008042097091674804,0.0010573148727416992,0.9834558823529411
2500,709.4370958805084,0.0019694258723825797,0.0036672115325927734,0.0007788419723510742,0.0008998870849609375,0.9816176470588235
2505,710.7876088619232,0.0014736359937902676,0.0056231021881103516,0.0008392095565795899,0.0010515928268432617,0.9816176470588235
2510,712.1439988613129,0.05237036443586476,0.004943752288818359,0.0008289337158203125,0.0009970903396606446,0.9852941176470589
2515,713.5229599475861,0.003234464488823541,0.0066010475158691405,0.0008693933486938477,0.0011513948440551758,0.9852941176470589
2520,714.8801279067993,0.004119040413721109,0.005134129524230957,0.0008241176605224609,0.0010589838027954101,0.9852941176470589
2525,716.2301378250122,0.00033953831557038684,0.0035589933395385742,0.0007541179656982422,0.0008174419403076172,0.9852941176470589
2530,717.5854449272156,0.01942909051923607,0.005025911331176758,0.0007993936538696289,0.0010476112365722656,0.9834558823529411
2535,718.9340150356293,0.018188220763016183,0.00483553409576416,0.0008042097091674804,0.0010175228118896485,0.9816176470588235
2540,720.2956087589264,0.06215082089056665,0.005216288566589356,0.0007945775985717773,0.0010622501373291015,0.9834558823529411
2545,721.643474817276,0.0010109044684838864,0.004943752288818359,0.0008289337158203125,0.0010600805282592774,0.9816176470588235
2550,722.9840879440308,0.039494190317485155,0.003857588768005371,0.0007740259170532227,0.000876164436340332,0.9834558823529411
2555,724.3725719451904,0.0008131573370196322,0.00483553409576416,0.0008042097091674804,0.0009862899780273438,0.9852941176470589
2560,725.7139859199524,0.23494430535803304,0.0056231021881103516,0.0008392095565795899,0.0010619878768920899,0.9852941176470589
2565,727.0597608089447,0.003590603575767126,0.005324506759643554,0.0008193016052246094,0.0010735750198364257,0.9816176470588235
2570,728.4134910106659,0.15359461146454195,0.005324506759643554,0.0008193016052246094,0.0010586977005004883,0.9834558823529411
2575,729.7692868709564,0.00800133929385538,0.0043465614318847655,0.0007891178131103516,0.0009944677352905274,0.9577205882352942
2580,731.128800868988,0.08132279257968555,0.004943752288818359,0.0008289337158203125,0.0009977579116821288,0.9485294117647058
2585,732.489471912384,0.007994745738687924,0.00483553409576416,0.0008042097091674804,0.001036834716796875,0.9466911764705882
2590,733.8732268810272,0.0009732572806479212,0.005324506759643554,0.0008193016052246094,0.001054859161376953,0.9411764705882353
2595,735.3222789764404,0.01918673390900949,0.005921697616577149,0.0008591175079345703,0.001164555549621582,0.9227941176470589
2600,737.0014548301697,0.6960587691088221,0.004156184196472168,0.0007939338684082031,0.0010773897171020507,0.9264705882352942
2605,738.4936246871948,0.00730788829150697,0.004156184196472168,0.0007939338684082031,0.0009633064270019531,0.9393382352941176
2610,739.8665528297424,0.9807223203942612,0.005025911331176758,0.0007993936538696289,0.0010332345962524414,0.9595588235294118
2615,741.2438049316406,0.11153578010905676,0.0056231021881103516,0.0008392095565795899,0.0011000871658325196,0.96875
2620,742.6180698871613,0.10922391147455528,0.004645156860351563,0.0008090257644653321,0.0010442256927490235,0.9889705882352942
2625,743.9944458007812,0.0914927955455596,0.005324506759643554,0.0008193016052246094,0.0010365009307861327,0.9871323529411765
2630,745.3823170661926,0.01993764984727022,0.005324506759643554,0.0008193016052246094,0.0011115312576293946,0.9816176470588235
2635,746.7535648345947,0.004324870293839922,0.004753375053405761,0.0008337497711181641,0.0010400056838989259,0.9742647058823529
2640,748.1463658809662,0.34371719074406426,0.005406665802001953,0.0007897615432739258,0.0011427640914916993,0.9908088235294118
2645,749.5697929859161,0.16859692130045917,0.004943752288818359,0.0008289337158203125,0.0010189294815063476,0.9852941176470589
2650,751.0639169216156,0.1206666724733532,0.00483553409576416,0.0008042097091674804,0.0010292530059814453,0.9816176470588235
2655,752.4310309886932,0.017065418008132837,0.004454779624938965,0.0008138418197631836,0.000975799560546875,0.9761029411764706
2660,753.7939720153809,0.009955297030583132,0.00483553409576416,0.0008042097091674804,0.0010143041610717774,0.9742647058823529
2665,755.1588270664215,0.14719136607299338,0.005025911331176758,0.0007993936538696289,0.0010141849517822266,0.9779411764705882
2670,756.5105378627777,0.06957198035660443,0.0035589933395385742,0.0007541179656982422,0.0008980035781860352,0.9871323529411765
2675,757.943480014801,0.004470146100188721,0.0056231021881103516,0.0008392095565795899,0.0011048316955566406,0.9724264705882353
2680,759.3377318382263,0.005320544870301092,0.0056231021881103516,0.0008392095565795899,0.0010684967041015626,0.9540441176470589
2685,760.6956050395966,0.2604702908430818,0.005324506759643554,0.0008193016052246094,0.0010552406311035156,0.9779411764705882
2690,762.0476899147034,0.002943585131566806,0.005242347717285156,0.000848841667175293,0.001009058952331543,0.9852941176470589
2695,763.4061748981476,0.11146329335551855,0.004536938667297363,0.0007843017578125,0.0010225534439086913,0.9852941176470589
2700,764.7645859718323,0.06314795509124452,0.0037754297256469725,0.0008035659790039063,0.0009504556655883789,0.9852941176470589
2705,766.1315159797668,0.02787998966232408,0.004645156860351563,0.0008090257644653321,0.0009975194931030273,0.9797794117647058
2710,767.4931149482727,0.002026865520840637,0.0056231021881103516,0.0008392095565795899,0.0010276079177856446,0.9797794117647058
2715,768.8561358451843,0.12374256932851502,0.004536938667297363,0.0007843017578125,0.0009354352951049805,0.9889705882352942
2720,770.2198688983917,0.007469999904324176,0.0056231021881103516,0.0008392095565795899,0.0011092901229858398,0.9889705882352942