#{"solver": {"engine": {"type": "ExactEngine"}, "semiring": "GraphSemiring"}, "networks": [{"name": "perc_net_version_1_NeSy", "module": "AD_V1_NeSy_2_net(\n  (conv1): Conv2d(3, 6, kernel_size=(5, 5), stride=(1, 1))\n  (pool): MaxPool2d(kernel_size=2, stride=2, padding=0, dilation=1, ceil_mode=False)\n  (conv2): Conv2d(6, 16, kernel_size=(5, 5), stride=(1, 1))\n  (fc1): Linear(in_features=400, out_features=120, bias=True)\n  (fc2): Linear(in_features=120, out_features=84, bias=True)\n  (fc3): Linear(in_features=84, out_features=12, bias=True)\n  (softmax): Softmax(dim=-1)\n)", "optimizer": "Adam (\nParameter Group 0\n    amsgrad: False\n    betas: (0.9, 0.999)\n    capturable: False\n    differentiable: False\n    eps: 1e-08\n    foreach: None\n    fused: None\n    lr: 0.001\n    maximize: False\n    weight_decay: 0\n)", "k": null}], "program": "nn(perc_net_version_1_NeSy,[Img],X,[0, 1, 2, 3, 4, 5, 6, 7, 8, 9, 10, 11])::cell_low(Img,X).\ncell_x(Img,0) :- cell_low(Img,Z), Z=0.\ncell_x(Img,0) :- cell_low(Img,Z), Z=4.\ncell_x(Img,0) :- cell_low(Img,Z), Z=8.\ncell_x(Img,1) :- cell_low(Img,Z), Z=1.\ncell_x(Img,1) :- cell_low(Img,Z), Z=5.\ncell_x(Img,1) :- cell_low(Img,Z), Z=9.\ncell_x(Img,2) :- cell_low(Img,Z), Z=2.\ncell_x(Img,2) :- cell_low(Img,Z), Z=6.\ncell_x(Img,2) :- cell_low(Img,Z), Z=10.\ncell_x(Img,3) :- cell_low(Img,Z), Z=3.\ncell_x(Img,3) :- cell_low(Img,Z), Z=7.\ncell_x(Img,3) :- cell_low(Img,Z), Z=11.\ncell_y(Img,0) :- cell_low(Img,Z), Z=0.\ncell_y(Img,0) :- cell_low(Img,Z), Z=1.\ncell_y(Img,0) :- cell_low(Img,Z), Z=2.\ncell_y(Img,0) :- cell_low(Img,Z), Z=3.\ncell_y(Img,1) :- cell_low(Img,Z), Z=4.\ncell_y(Img,1) :- cell_low(Img,Z), Z=5.\ncell_y(Img,1) :- cell_low(Img,Z), Z=6.\ncell_y(Img,1) :- cell_low(Img,Z), Z=7.\ncell_y(Img,2) :- cell_low(Img,Z), Z=8.\ncell_y(Img,2) :- cell_low(Img,Z), Z=9.\ncell_y(Img,2) :- cell_low(Img,Z), Z=10.\ncell_y(Img,2) :- cell_low(Img,Z), Z=11.\nattention_boundary(X,Y) :- X==1, Y=0.\nenlarged_boundary(X,Y) :- X==1, Y=1.\nenlarged_boundary(X,Y) :- X==2, Y=0.\nenlarged_boundary(X,Y) :- X==2, Y=1.\nout_of_view(X,Y) :- X==0; X==3; Y==2.\naction(Img,1) :- cell_x(Img,X1), cell_y(Img,Y1), attention_boundary(X1,Y1).\naction(Img,2) :- cell_x(Img,X2), cell_y(Img,Y2), enlarged_boundary(X2,Y2), \\+action(Img,1).\naction(Img,0) :- cell_x(Img,X3), cell_y(Img,Y3), out_of_view(X3,Y3), \\+action(Img,2), \\+action(Img,1).\n"}
#Accuracy 0.9315960912052117
i,time,loss,ground_time,compile_time,eval_time,accuracy
5,0.09590506553649902,1.2463748633861542,0.010753989219665527,0.0014217615127563477,0.001505899429321289,0.3257328990228013
10,1.2491309642791748,1.3559784024953843,0.013756394386291504,0.0018152713775634766,0.001781320571899414,0.3257328990228013
15,2.4209930896759033,1.2563652992248535,0.013756394386291504,0.0018152713775634766,0.0017024993896484375,0.3517915309446254
20,3.5010392665863037,1.1240972876548767,0.01276557445526123,0.0016970157623291016,0.0017210006713867187,0.32247557003257327
25,4.6867241859436035,1.2490656137466432,0.014286017417907715,0.0018833160400390625,0.0017431259155273437,0.3517915309446254
30,5.778699159622192,0.9936859786510468,0.013790607452392578,0.001824188232421875,0.001729273796081543,0.3517915309446254
35,6.886660099029541,0.9697698891162873,0.013790607452392578,0.001824188232421875,0.001747727394104004,0.3517915309446254
40,8.04091215133667,1.2334461152553557,0.013260984420776367,0.001756143569946289,0.0023696422576904297,0.3517915309446254
45,9.179151058197021,1.2881019949913024,0.013491582870483399,0.0017812490463256837,0.0017497777938842774,0.3517915309446254
50,10.307939052581787,1.240684014558792,0.013491582870483399,0.0017812490463256837,0.0016751766204833984,0.3517915309446254
55,11.446811199188232,1.1374264359474182,0.014217591285705567,0.0018654823303222655,0.0017447948455810546,0.3257328990228013
60,12.532332181930542,1.2241001069545745,0.012731361389160156,0.001688098907470703,0.0016283750534057616,0.3257328990228013
65,13.611079931259155,1.115079838037491,0.013525795936584473,0.001790165901184082,0.0016798019409179688,0.32247557003257327
70,14.697287321090698,1.1746259689331056,0.014482402801513672,0.0018995046615600587,0.0017306804656982422,0.3257328990228013
75,15.868190050125122,1.0873816788196564,0.013986992835998534,0.0018403768539428712,0.001992154121398926,0.3257328990228013
80,16.955526113510132,1.1324605286121368,0.013525795936584473,0.001790165901184082,0.0017140626907348633,0.3257328990228013
85,18.055603981018066,1.132779496908188,0.013491582870483399,0.0017812490463256837,0.0016806840896606446,0.3257328990228013
90,19.132861137390137,1.1272623896598817,0.013030385971069336,0.0017310380935668945,0.0017618417739868164,0.32247557003257327
95,20.25209617614746,1.2237373828887939,0.014713001251220704,0.001924610137939453,0.0017009973526000977,0.36482084690553745
100,21.37222909927368,1.0816154181957245,0.013525795936584473,0.001790165901184082,0.001705002784729004,0.3257328990228013
105,22.444169998168945,1.1121901631355287,0.01372218132019043,0.001806354522705078,0.001639986038208008,0.3257328990228013
110,23.59854221343994,1.123452615737915,0.013491582870483399,0.0017812490463256837,0.001715397834777832,0.34201954397394135
115,24.730034351348877,1.0944576621055604,0.012697148323059081,0.0016791820526123047,0.0015949010848999023,0.32247557003257327
120,25.84920024871826,1.1731365084648133,0.014482402801513672,0.0018995046615600587,0.0017177581787109375,0.32247557003257327
125,26.96286630630493,1.1200815320014954,0.013986992835998534,0.0018403768539428712,0.0017809391021728516,0.3257328990228013
130,28.041991233825684,1.0672655880451203,0.01372218132019043,0.001806354522705078,0.001704573631286621,0.3257328990228013
135,29.126626014709473,1.0343952655792237,0.014217591285705567,0.0018654823303222655,0.0017188787460327148,0.3257328990228013
140,30.227250337600708,0.8881842076778412,0.01520841121673584,0.0019837379455566405,0.001737666130065918,0.3257328990228013
145,31.33514904975891,1.1028070509433747,0.014021205902099609,0.0018492937088012695,0.0017578125,0.3257328990228013
150,32.47750806808472,1.116106289625168,0.013756394386291504,0.0018152713775634766,0.00212554931640625,0.3257328990228013
155,33.586037158966064,1.026995849609375,0.014251804351806641,0.001874399185180664,0.0017737150192260742,0.4201954397394137
160,34.66518306732178,1.024088853597641,0.013756394386291504,0.0018152713775634766,0.0017158031463623048,0.6319218241042345
165,35.762974977493286,0.9354287445545196,0.013491582870483399,0.0017812490463256837,0.0016758441925048828,0.6905537459283387
170,36.84192895889282,0.9593548476696014,0.013525795936584473,0.001790165901184082,0.001705312728881836,0.5700325732899023
175,37.951985120773315,0.9085473597049714,0.013260984420776367,0.001756143569946289,0.002167010307312012,0.5309446254071661
180,39.063481092453,0.852246218919754,0.014286017417907715,0.0018833160400390625,0.0017429351806640624,0.5863192182410424
185,40.156649112701416,0.9131086230278015,0.013295197486877441,0.0017650604248046875,0.0016985416412353515,0.3713355048859935
190,41.25205397605896,0.6895987272262574,0.013790607452392578,0.001824188232421875,0.0020268440246582033,0.3517915309446254
195,42.39626502990723,0.8489620178937912,0.013260984420776367,0.001756143569946289,0.0016501903533935546,0.5602605863192183
200,43.54603433609009,0.7264647871255875,0.014217591285705567,0.0018654823303222655,0.0020642757415771486,0.7817589576547231
205,44.64421033859253,0.6176523000001908,0.013491582870483399,0.0017812490463256837,0.00187227725982666,0.6938110749185668
210,45.74179816246033,0.7064210265874863,0.013756394386291504,0.0018152713775634766,0.0016719341278076173,0.6710097719869706
215,46.81656503677368,0.5337497293949127,0.012731361389160156,0.001688098907470703,0.0016677141189575194,0.6938110749185668
220,47.9158821105957,0.4760811984539032,0.013986992835998534,0.0018403768539428712,0.0016611337661743164,0.745928338762215
225,49.00492525100708,0.6626909114420414,0.013756394386291504,0.0018152713775634766,0.0016775131225585938,0.8143322475570033
230,50.083455085754395,0.30866397768259046,0.014251804351806641,0.001874399185180664,0.001699376106262207,0.8110749185667753
235,51.15774917602539,0.3941312592476606,0.013986992835998534,0.0018403768539428712,0.0017422199249267577,0.8664495114006515
240,52.3102080821991,0.24499589242041112,0.01276557445526123,0.0016970157623291016,0.0016406774520874023,0.8664495114006515
245,53.38373303413391,0.3525915198028088,0.013260984420776367,0.001756143569946289,0.0016777992248535156,0.8599348534201955
250,54.536787033081055,0.4705611801298801,0.014482402801513672,0.0018995046615600587,0.0019403219223022461,0.8338762214983714
255,55.668161153793335,0.5683084659278392,0.013756394386291504,0.0018152713775634766,0.0022015094757080076,0.8664495114006515
260,56.759334325790405,0.3445501282811165,0.013986992835998534,0.0018403768539428712,0.0016674757003784179,0.7980456026058632
265,57.88456606864929,0.6248272939585149,0.01372218132019043,0.001806354522705078,0.0016111135482788086,0.7752442996742671
270,58.93877196311951,0.2687442023307085,0.012697148323059081,0.0016791820526123047,0.0015767812728881836,0.762214983713355
275,60.022839069366455,0.5603339775465429,0.013986992835998534,0.0018403768539428712,0.0016816377639770508,0.755700325732899
280,61.17403507232666,0.6301751884631812,0.014251804351806641,0.001874399185180664,0.0016743659973144532,0.8078175895765473
285,62.25521421432495,0.2909656040370464,0.013457369804382325,0.0017723321914672851,0.0016377687454223633,0.8110749185667753
290,63.38246703147888,0.5209276644513011,0.014482402801513672,0.0018995046615600587,0.0016852140426635743,0.8175895765472313
295,64.53329992294312,0.1696394863713067,0.014943599700927734,0.0019497156143188476,0.0018715381622314454,0.8273615635179153
300,65.6927170753479,0.7305848107673227,0.014286017417907715,0.0018833160400390625,0.0017476558685302734,0.8566775244299675
305,66.80808401107788,0.4536961349658668,0.013756394386291504,0.0018152713775634766,0.0016822099685668945,0.8794788273615635
310,67.8765172958374,0.275232710246928,0.014251804351806641,0.001874399185180664,0.0017320632934570313,0.8957654723127035
315,68.98405623435974,0.4549243595683947,0.013260984420776367,0.001756143569946289,0.0017295122146606446,0.8957654723127035
320,70.09422898292542,0.1103061335394159,0.013491582870483399,0.0017812490463256837,0.00162811279296875,0.8859934853420195
325,71.1663761138916,0.259564150031656,0.013260984420776367,0.001756143569946289,0.0017649173736572266,0.9087947882736156
330,72.25205516815186,0.26187830259732436,0.014021205902099609,0.0018492937088012695,0.0017015457153320313,0.9120521172638436
335,73.3143961429596,0.26836988035356624,0.013790607452392578,0.001824188232421875,0.001672840118408203,0.9022801302931596
340,74.34343123435974,0.23449777229689062,0.013525795936584473,0.001790165901184082,0.0016873836517333984,0.8957654723127035
345,75.4262683391571,0.07028535052668303,0.013560009002685548,0.0017990827560424804,0.0017626762390136718,0.8990228013029316
350,76.50592422485352,0.6514515714719892,0.012996172904968262,0.0017221212387084962,0.0015725135803222657,0.8990228013029316
355,77.57297730445862,0.0741385125904344,0.014217591285705567,0.0018654823303222655,0.0016716241836547852,0.8599348534201955
360,78.66008019447327,0.6078269880556035,0.013491582870483399,0.0017812490463256837,0.0017786741256713868,0.8892508143322475
365,79.75344204902649,0.39350582715123894,0.014251804351806641,0.001874399185180664,0.0016919374465942383,0.9185667752442996
370,80.84142518043518,0.14327645236626269,0.012500762939453125,0.0016629934310913087,0.0015564203262329102,0.9218241042345277
375,81.91253924369812,0.3121555074336356,0.013986992835998534,0.0018403768539428712,0.001691722869873047,0.9087947882736156
380,83.03505730628967,0.12923198565767963,0.013986992835998534,0.0018403768539428712,0.0017204046249389648,0.9153094462540716
385,84.13227701187134,0.14002466813835782,0.014021205902099609,0.0018492937088012695,0.001634359359741211,0.9250814332247557
390,85.23196315765381,0.0673847911570192,0.013986992835998534,0.0018403768539428712,0.001614856719970703,0.9283387622149837
395,86.3047742843628,0.08387153781950474,0.01276557445526123,0.0016970157623291016,0.0015753746032714845,0.9218241042345277
400,87.4317729473114,0.14619970542844385,0.013986992835998534,0.0018403768539428712,0.0016504526138305664,0.9185667752442996
405,88.47324323654175,0.34070590185087896,0.014251804351806641,0.001874399185180664,0.0016559600830078126,0.9250814332247557
410,89.48634910583496,0.48538791899336503,0.013491582870483399,0.0017812490463256837,0.001547551155090332,0.9153094462540716
415,90.53318309783936,0.14027619601984043,0.013756394386291504,0.0018152713775634766,0.0018402814865112304,0.8794788273615635
420,91.61245226860046,0.616342140478082,0.01395277976989746,0.0018314599990844726,0.0018988609313964843,0.8599348534201955
425,92.64626002311707,0.0017740144864546892,0.012697148323059081,0.0016791820526123047,0.0013458013534545898,0.8175895765472313
430,93.67131114006042,0.9001627509715092,0.014251804351806641,0.001874399185180664,0.0017826318740844726,0.8403908794788274
435,94.69463205337524,0.39508855790197683,0.013756394386291504,0.0018152713775634766,0.0016453027725219726,0.9185667752442996
440,95.78598117828369,0.2870060621382436,0.014183378219604493,0.0018565654754638672,0.0016571044921875,0.9283387622149837
445,96.89136409759521,0.2718812562990934,0.014482402801513672,0.0018995046615600587,0.0017552137374877929,0.9153094462540716
450,97.95260429382324,0.1517042895274244,0.014482402801513672,0.0018995046615600587,0.0016211748123168945,0.8827361563517915
455,99.0342960357666,0.45132307332241905,0.014021205902099609,0.0018492937088012695,0.0016955137252807617,0.9087947882736156
460,100.16743111610413,0.25781306772259993,0.013986992835998534,0.0018403768539428712,0.0018343925476074219,0.9153094462540716
465,101.3001070022583,0.20827924727236677,0.013756394386291504,0.0018152713775634766,0.0016298770904541015,0.9250814332247557
470,102.3754301071167,0.30447903880522065,0.014021205902099609,0.0018492937088012695,0.0016752243041992187,0.9250814332247557
475,103.46273016929626,0.034109507244284035,0.012996172904968262,0.0017221212387084962,0.0015498876571655273,0.9218241042345277
480,104.50181722640991,0.21684447501320392,0.013525795936584473,0.001790165901184082,0.0016272306442260743,0.9348534201954397
485,105.59006524085999,0.08729495094012237,0.014251804351806641,0.001874399185180664,0.0017014503479003905,0.9315960912052117
490,106.6332790851593,0.1396380257792771,0.013295197486877441,0.0017650604248046875,0.0016615867614746093,0.9381107491856677
495,107.71639204025269,0.09060968135017902,0.013790607452392578,0.001824188232421875,0.001716470718383789,0.9250814332247557
500,108.78632712364197,0.04900392778508831,0.013295197486877441,0.0017650604248046875,0.0015581607818603515,0.9153094462540716
505,109.82156705856323,0.309470726841937,0.013491582870483399,0.0017812490463256837,0.0015636682510375977,0.9315960912052117
510,110.8179361820221,0.288402645786482,0.014217591285705567,0.0018654823303222655,0.0014977455139160156,0.9153094462540716
515,111.88435506820679,0.07322494404334065,0.012996172904968262,0.0017221212387084962,0.00172879695892334,0.9348534201954397
520,112.88752007484436,0.3878558328622603,0.014482402801513672,0.0018995046615600587,0.0016056299209594727,0.9413680781758957
525,113.94008231163025,0.037402863486204294,0.012270164489746094,0.001637887954711914,0.001905536651611328,0.9478827361563518
530,115.01775693893433,0.2817918588883913,0.014482402801513672,0.0018995046615600587,0.0016255617141723634,0.9478827361563518
535,116.10735201835632,0.0495805238439516,0.014217591285705567,0.0018654823303222655,0.0016322374343872071,0.9478827361563518
540,117.27532124519348,0.0940319978653406,0.013525795936584473,0.001790165901184082,0.0017588615417480468,0.9446254071661238
545,118.34923815727234,0.021711303555503037,0.013756394386291504,0.0018152713775634766,0.001603078842163086,0.9478827361563518
550,119.39520525932312,0.13325128871947528,0.01276557445526123,0.0016970157623291016,0.0015732765197753907,0.9446254071661238
555,120.52300214767456,0.029785002474091014,0.014251804351806641,0.001874399185180664,0.0018744945526123046,0.9413680781758957
560,121.65384030342102,0.4560909267516308,0.013986992835998534,0.0018403768539428712,0.001664590835571289,0.9478827361563518
565,122.71693325042725,0.25826369212009015,0.013756394386291504,0.0018152713775634766,0.0016338825225830078,0.9446254071661238
570,123.74113821983337,0.12572822419169824,0.013226771354675293,0.0017472267150878905,0.001553797721862793,0.9022801302931596
575,124.77120304107666,0.4232274320311262,0.01395277976989746,0.0018314599990844726,0.0015912532806396484,0.9055374592833876
580,125.77607131004333,0.004399414495310339,0.013687968254089355,0.0017974376678466797,0.0014077425003051758,0.8990228013029316
585,126.85568904876709,0.5743048354178896,0.014021205902099609,0.0018492937088012695,0.0016122817993164062,0.9153094462540716
590,127.90945315361023,0.2573792557697757,0.013491582870483399,0.0017812490463256837,0.0017660856246948242,0.9413680781758957
595,128.98817014694214,0.2767687702388685,0.014448189735412597,0.0018905878067016601,0.0016112804412841796,0.9381107491856677
600,130.02682399749756,0.13772664332282147,0.014217591285705567,0.0018654823303222655,0.0016531229019165039,0.9087947882736156
605,131.11461400985718,0.2038230876994703,0.014482402801513672,0.0018995046615600587,0.0016868829727172852,0.9153094462540716
610,132.21788811683655,0.5147703560069203,0.014286017417907715,0.0018833160400390625,0.001743626594543457,0.9478827361563518
615,133.35752820968628,0.10140905640437267,0.013491582870483399,0.0017812490463256837,0.0017354488372802734,0.9446254071661238
620,134.45203518867493,0.12372575668150602,0.013756394386291504,0.0018152713775634766,0.0016665458679199219,0.9609120521172638
625,135.54786729812622,0.1531495848230861,0.014021205902099609,0.0018492937088012695,0.001854276657104492,0.9446254071661238
630,136.6866970062256,0.03249031511459179,0.013491582870483399,0.0017812490463256837,0.0016569137573242188,0.9446254071661238
635,137.78258609771729,0.09237546931253746,0.013260984420776367,0.001756143569946289,0.0017749786376953125,0.9446254071661238
640,138.89446806907654,0.060612628395847426,0.014021205902099609,0.0018492937088012695,0.0022539138793945313,0.9283387622149837
645,140.07402324676514,0.08050991796189919,0.013790607452392578,0.001824188232421875,0.0017755746841430664,0.9218241042345277
650,141.14989113807678,0.03430969944020035,0.013790607452392578,0.001824188232421875,0.0016773700714111327,0.9218241042345277
655,142.18524599075317,0.029633960573119112,0.012799787521362304,0.0017059326171875,0.0015406131744384766,0.9185667752442996
660,143.18519616127014,0.17630553190325599,0.014217591285705567,0.0018654823303222655,0.0015540122985839844,0.9413680781758957
665,144.22646307945251,0.06890643313818146,0.013491582870483399,0.0017812490463256837,0.001555490493774414,0.9250814332247557
670,145.267991065979,0.15266728032147653,0.013491582870483399,0.0017812490463256837,0.0016520500183105468,0.9250814332247557
675,146.3625512123108,0.12136023669490896,0.01372218132019043,0.001806354522705078,0.0016069650650024415,0.9381107491856677
680,147.4677550792694,0.026080490218738817,0.013030385971069336,0.0017310380935668945,0.0016532659530639649,0.9381107491856677
685,148.53071689605713,0.28778084952138555,0.014713001251220704,0.001924610137939453,0.0016309499740600586,0.9511400651465798
690,149.58666396141052,0.01921712575713457,0.013491582870483399,0.0017812490463256837,0.0015401840209960938,0.9478827361563518
695,150.68432807922363,0.052233801293189684,0.013756394386291504,0.0018152713775634766,0.001609468460083008,0.9381107491856677
700,151.72439908981323,0.03266411419027122,0.013260984420776367,0.001756143569946289,0.0015661954879760743,0.9381107491856677
705,152.81712317466736,0.09781443513929844,0.013030385971069336,0.0017310380935668945,0.0016396522521972656,0.9446254071661238
710,153.8578760623932,0.15023509899474446,0.014482402801513672,0.0018995046615600587,0.0016533374786376954,0.9381107491856677
715,154.9106559753418,0.2454185315233218,0.014021205902099609,0.0018492937088012695,0.0019188165664672852,0.9511400651465798
720,155.93225502967834,0.1244285380555084,0.01372218132019043,0.001806354522705078,0.001646733283996582,0.9413680781758957
725,156.98717212677002,0.12170720806016107,0.01372218132019043,0.001806354522705078,0.0015641212463378905,0.9022801302931596
730,157.96869921684265,0.36494740297271167,0.012961959838867188,0.0017132043838500976,0.001406383514404297,0.9185667752442996
735,158.99885320663452,0.21522050032090334,0.01395277976989746,0.0018314599990844726,0.0015700340270996093,0.9022801302931596
740,160.04872131347656,0.48681619290146044,0.014516615867614746,0.001908421516418457,0.0016182422637939452,0.9381107491856677
745,161.10692310333252,0.32033607285702603,0.01372218132019043,0.001806354522705078,0.0016050100326538085,0.9446254071661238
750,162.14493107795715,0.466248217751945,0.014217591285705567,0.0018654823303222655,0.0016136884689331055,0.9706840390879479
755,163.2157859802246,0.04181486491070245,0.014448189735412597,0.0018905878067016601,0.0016594409942626953,0.9739413680781759
760,164.33051800727844,0.2411454363435041,0.014251804351806641,0.001874399185180664,0.0020534515380859373,0.9315960912052117
765,165.48066306114197,0.19278709462378174,0.013790607452392578,0.001824188232421875,0.0017858028411865234,0.9250814332247557
770,166.5498330593109,0.3029047251737211,0.013756394386291504,0.0018152713775634766,0.0016692161560058593,0.9576547231270358
775,167.62134909629822,0.12175050160152665,0.013986992835998534,0.0018403768539428712,0.001569819450378418,0.9576547231270358
780,168.68643999099731,0.04768662462134614,0.013756394386291504,0.0018152713775634766,0.0016229629516601562,0.9674267100977199
785,169.75760626792908,0.019900437417652482,0.013756394386291504,0.0018152713775634766,0.0016096830368041992,0.9576547231270358
790,170.90451312065125,0.14836571612540866,0.01276557445526123,0.0016970157623291016,0.0015955924987792968,0.9609120521172638
795,171.9571089744568,0.13838604846993122,0.014286017417907715,0.0018833160400390625,0.0018683671951293945,0.9609120521172638
800,173.03611493110657,0.07484249338685914,0.013790607452392578,0.001824188232421875,0.0018012285232543944,0.9609120521172638
805,174.07196497917175,0.02736956710086815,0.013790607452392578,0.001824188232421875,0.0016458511352539062,0.9283387622149837
810,175.07932496070862,0.028726213356640072,0.013260984420776367,0.001756143569946289,0.0015036582946777344,0.9185667752442996
815,176.1462059020996,0.18151525850153122,0.013491582870483399,0.0017812490463256837,0.0014980316162109375,0.9413680781758957
820,177.14962935447693,0.043054664226201564,0.013491582870483399,0.0017812490463256837,0.0014577388763427734,0.9413680781758957
825,178.18034410476685,0.1487207228380612,0.014217591285705567,0.0018654823303222655,0.0015472888946533204,0.9446254071661238
830,179.16856503486633,0.059486651967745274,0.012731361389160156,0.001688098907470703,0.001501917839050293,0.9609120521172638
835,180.19562220573425,0.023468407386827296,0.013525795936584473,0.001790165901184082,0.0016096830368041992,0.9511400651465798
840,181.23145508766174,0.25037763625151116,0.014482402801513672,0.0018995046615600587,0.001650381088256836,0.9576547231270358
845,182.26600289344788,0.016864864044783445,0.013986992835998534,0.0018403768539428712,0.0015658855438232422,0.9674267100977199
850,183.39791321754456,0.043104694961948554,0.013525795936584473,0.001790165901184082,0.0022701740264892576,0.9576547231270358
855,184.47883796691895,0.021762424931513636,0.013491582870483399,0.0017812490463256837,0.0015922307968139649,0.9511400651465798
860,185.52973008155823,0.06713455764117952,0.013030385971069336,0.0017310380935668945,0.0019290685653686524,0.9609120521172638
865,186.60217595100403,0.14992926585109673,0.014713001251220704,0.001924610137939453,0.002059316635131836,0.9543973941368078
870,187.66388297080994,0.2550419526989572,0.013525795936584473,0.001790165901184082,0.0016265630722045899,0.9609120521172638
875,188.68025612831116,0.08338422401338903,0.01372218132019043,0.001806354522705078,0.0015812158584594727,0.9413680781758957
880,189.67273116111755,0.025918538183304918,0.013491582870483399,0.0017812490463256837,0.0015337228775024413,0.9087947882736156
885,190.67309999465942,0.24117169123856003,0.012697148323059081,0.0016791820526123047,0.0013915061950683593,0.9185667752442996
890,191.65609502792358,0.41039711525627637,0.014482402801513672,0.0018995046615600587,0.0016188859939575196,0.9283387622149837
895,192.64258813858032,0.07303048631874845,0.013986992835998534,0.0018403768539428712,0.0015362977981567382,0.9543973941368078
900,193.71772813796997,0.09082454408380727,0.01372218132019043,0.001806354522705078,0.001562643051147461,0.9674267100977199
905,194.77162408828735,0.21517165508121466,0.014217591285705567,0.0018654823303222655,0.0020583152770996095,0.9413680781758957
910,195.79025101661682,0.26564040988887855,0.01520841121673584,0.0019837379455566405,0.0016005754470825196,0.9087947882736156
915,196.8698959350586,0.3016659085682477,0.014021205902099609,0.0018492937088012695,0.0016835451126098633,0.9609120521172638
920,197.9005150794983,0.18224082045526302,0.013756394386291504,0.0018152713775634766,0.0016126155853271485,0.9478827361563518
925,198.9284951686859,0.14087762812669097,0.014251804351806641,0.001874399185180664,0.0016889333724975585,0.9511400651465798
930,199.96932911872864,0.040899845655076206,0.013756394386291504,0.0018152713775634766,0.0015724420547485352,0.9543973941368078
935,201.03165221214294,0.012280368691455124,0.013491582870483399,0.0017812490463256837,0.0015524864196777345,0.9543973941368078
940,202.0815930366516,0.0881587050422695,0.013525795936584473,0.001790165901184082,0.0015739679336547851,0.9511400651465798
945,203.1747851371765,0.015394468532758766,0.013260984420776367,0.001756143569946289,0.0018167495727539062,0.9576547231270358
950,204.27012610435486,0.024237495993071435,0.014286017417907715,0.0018833160400390625,0.001754593849182129,0.9511400651465798
955,205.45724320411682,0.03802229693974368,0.013295197486877441,0.0017650604248046875,0.0017095565795898437,0.9511400651465798
960,206.507666349411,0.019162023834360296,0.013790607452392578,0.001824188232421875,0.0016566038131713868,0.9446254071661238
965,207.53003215789795,0.055021884848247285,0.013260984420776367,0.001756143569946289,0.0015618324279785157,0.9478827361563518
970,208.58932209014893,0.021004173214170408,0.014217591285705567,0.0018654823303222655,0.001797056198120117,0.9609120521172638
975,209.59752821922302,0.003612271997737082,0.013491582870483399,0.0017812490463256837,0.0015146732330322266,0.9609120521172638
980,210.6133849620819,0.03639393653647858,0.013756394386291504,0.0018152713775634766,0.00157928466796875,0.9543973941368078
985,211.61302518844604,0.01370776972034946,0.012731361389160156,0.001688098907470703,0.0014365196228027343,0.9576547231270358
990,212.59245419502258,0.0026043747866438594,0.013986992835998534,0.0018403768539428712,0.0014703989028930664,0.9576547231270358
995,213.5946502685547,0.3217383724415413,0.013756394386291504,0.0018152713775634766,0.0015370845794677734,0.9609120521172638
1000,214.58657002449036,0.0023738079614311403,0.014251804351806641,0.001874399185180664,0.0016134262084960937,0.9576547231270358
1005,215.61057829856873,0.008634937146417342,0.013986992835998534,0.0018403768539428712,0.0015424251556396484,0.9576547231270358
1010,216.63891100883484,0.015984599927469388,0.01276557445526123,0.0016970157623291016,0.0014811277389526368,0.9543973941368078
1015,217.70404410362244,0.01979880068684565,0.013260984420776367,0.001756143569946289,0.0015065431594848632,0.9543973941368078
1020,218.7666621208191,0.2276749001161093,0.014482402801513672,0.0018995046615600587,0.0021436214447021484,0.9576547231270358
1025,219.79429411888123,0.17204525831408546,0.013756394386291504,0.0018152713775634766,0.0016491413116455078,0.9543973941368078
1030,220.8091471195221,0.08318076514115091,0.013986992835998534,0.0018403768539428712,0.001580047607421875,0.9218241042345277
1035,221.782133102417,0.18510382213578397,0.01372218132019043,0.001806354522705078,0.0015722990036010742,0.9055374592833876
1040,222.73310017585754,0.0037511900808794964,0.012697148323059081,0.0016791820526123047,0.0012789011001586915,0.9055374592833876
1045,223.73551106452942,0.45195552477962336,0.013986992835998534,0.0018403768539428712,0.001539754867553711,0.9153094462540716
1050,224.69787216186523,0.05479591899784282,0.014251804351806641,0.001874399185180664,0.001617598533630371,0.9250814332247557
1055,225.67065024375916,0.4062801129243212,0.013457369804382325,0.0017723321914672851,0.0015511035919189454,0.9413680781758957
1060,226.69593501091003,0.46478107369348437,0.014482402801513672,0.0018995046615600587,0.0019583940505981446,0.8729641693811075
1065,227.8009741306305,0.1911470237435445,0.014943599700927734,0.0019497156143188476,0.0018180370330810546,0.8208469055374593
1070,228.89225697517395,0.8020985861076042,0.014286017417907715,0.0018833160400390625,0.001719355583190918,0.9413680781758957
1075,229.95196413993835,0.07938375614085089,0.013756394386291504,0.0018152713775634766,0.0016536951065063477,0.9543973941368078
1080,230.99223709106445,0.08837390161825454,0.014251804351806641,0.001874399185180664,0.0016446352005004884,0.9576547231270358
1085,232.08358025550842,0.06958884327905537,0.013260984420776367,0.001756143569946289,0.0021883964538574217,0.9609120521172638
1090,233.17318415641785,0.014868877225995902,0.013491582870483399,0.0017812490463256837,0.0015034914016723634,0.9543973941368078
1095,234.19088912010193,0.09867685853705552,0.013260984420776367,0.001756143569946289,0.0015063285827636719,0.9543973941368078
1100,235.2665662765503,0.021921443720947308,0.014021205902099609,0.0018492937088012695,0.001649188995361328,0.9511400651465798
1105,236.3663091659546,0.024730086021486387,0.013790607452392578,0.001824188232421875,0.0016285181045532227,0.9478827361563518
1110,237.42653799057007,0.04136805436046416,0.013525795936584473,0.001790165901184082,0.0016542434692382812,0.9446254071661238
1115,238.43230319023132,0.011474866088065028,0.013560009002685548,0.0017990827560424804,0.0015420913696289062,0.9315960912052117
1120,239.43124318122864,0.12741606318377308,0.012996172904968262,0.0017221212387084962,0.0015862941741943359,0.9478827361563518
1125,240.4231779575348,0.04403542584732421,0.014217591285705567,0.0018654823303222655,0.0014420270919799805,0.9413680781758957
1130,241.4449999332428,0.007193380202716071,0.013491582870483399,0.0017812490463256837,0.001754927635192871,0.9478827361563518
1135,242.46245908737183,0.12053119876002256,0.014251804351806641,0.001874399185180664,0.0015902280807495116,0.9478827361563518
1140,243.47895503044128,0.0035983332155410607,0.012500762939453125,0.0016629934310913087,0.0013760089874267577,0.9576547231270358
1145,244.4727611541748,0.30069539768228565,0.013986992835998534,0.0018403768539428712,0.0016084432601928711,0.9543973941368078
1150,245.47905898094177,0.003964469020139916,0.013986992835998534,0.0018403768539428712,0.0016351699829101562,0.9576547231270358
1155,246.54327297210693,0.011973225372776142,0.014021205902099609,0.0018492937088012695,0.0016077041625976562,0.9609120521172638
1160,247.57026720046997,0.007631536174812936,0.013986992835998534,0.0018403768539428712,0.001609468460083008,0.9674267100977199
1165,248.64947319030762,0.03575760215753689,0.01276557445526123,0.0016970157623291016,0.0016144752502441407,0.9674267100977199
1170,249.7106261253357,0.03297856098142944,0.013986992835998534,0.0018403768539428712,0.0015878915786743165,0.9641693811074918
1175,250.7460491657257,0.21258703024068382,0.014251804351806641,0.001874399185180664,0.0016692876815795898,0.9706840390879479
1180,251.80506229400635,0.24315729381055462,0.013491582870483399,0.0017812490463256837,0.001739645004272461,0.9609120521172638
1185,252.88142895698547,0.1056597640947075,0.013756394386291504,0.0018152713775634766,0.001574087142944336,0.9478827361563518
1190,253.8993501663208,0.25997223858767027,0.01395277976989746,0.0018314599990844726,0.0015744686126708985,0.9413680781758957
1195,254.85255599021912,0.00010003399393099244,0.012697148323059081,0.0016791820526123047,0.0012734889984130859,0.9478827361563518
1200,255.85022711753845,0.2863512243144214,0.014251804351806641,0.001874399185180664,0.0016175508499145508,0.9543973941368078
1205,256.8892321586609,0.10194600147078745,0.013756394386291504,0.0018152713775634766,0.0015712022781372071,0.9609120521172638
1210,257.8856711387634,0.3136021592189877,0.014183378219604493,0.0018565654754638672,0.0015159368515014649,0.9609120521172638
1215,258.96588802337646,0.06970761622069474,0.014482402801513672,0.0018995046615600587,0.0016319990158081056,0.9087947882736156
1220,260.025887966156,0.05620436966128182,0.014482402801513672,0.0018995046615600587,0.0016078710556030273,0.8925081433224755
1225,261.1172471046448,0.5001357564571662,0.014021205902099609,0.0018492937088012695,0.0016449689865112305,0.9739413680781759
1230,262.15947914123535,0.047116202482010296,0.013986992835998534,0.0018403768539428712,0.0019140005111694335,0.9674267100977199
1235,263.2457971572876,0.050253628928477664,0.013756394386291504,0.0018152713775634766,0.0016314268112182617,0.9771986970684039
1240,264.3503510951996,0.03414353413390927,0.014021205902099609,0.0018492937088012695,0.0016417980194091796,0.9739413680781759
1245,265.45900106430054,0.016637010511477257,0.012996172904968262,0.0017221212387084962,0.0017340898513793946,0.9739413680781759
1250,266.5209331512451,0.019311788292924348,0.013525795936584473,0.001790165901184082,0.0016072988510131836,0.9674267100977199
1255,267.5963361263275,0.026382962789648447,0.014251804351806641,0.001874399185180664,0.001615285873413086,0.9674267100977199
1260,268.6152141094208,0.014267067311459413,0.013295197486877441,0.0017650604248046875,0.001656484603881836,0.9641693811074918
1265,269.63385009765625,0.04276540142091108,0.013790607452392578,0.001824188232421875,0.0016614198684692383,0.9674267100977199
1270,270.7518391609192,0.019010117268771866,0.013295197486877441,0.0017650604248046875,0.0018131256103515625,0.9446254071661238
1275,271.7855291366577,0.022058179068380923,0.013491582870483399,0.0017812490463256837,0.0015905141830444337,0.9446254071661238
1280,272.7828390598297,0.01857228211411268,0.014217591285705567,0.0018654823303222655,0.0014650344848632813,0.9478827361563518
1285,273.77258920669556,0.05039317022965406,0.012996172904968262,0.0017221212387084962,0.0014808893203735352,0.9609120521172638
1290,274.7736670970917,0.015273239895486767,0.014482402801513672,0.0018995046615600587,0.0016231775283813477,0.9576547231270358
1295,275.7459692955017,0.0018102717750025476,0.012270164489746094,0.001637887954711914,0.0013016462326049805,0.9543973941368078
1300,276.7660973072052,0.26796615230850945,0.014482402801513672,0.0018995046615600587,0.0015970230102539062,0.9609120521172638
1305,277.7617681026459,0.0015356714399331396,0.014217591285705567,0.0018654823303222655,0.0014692783355712891,0.9674267100977199
1310,278.74827218055725,0.005018597700836835,0.013525795936584473,0.001790165901184082,0.0015337944030761718,0.9543973941368078
1315,279.7745010852814,0.0009152499886113219,0.013756394386291504,0.0018152713775634766,0.0016903877258300781,0.9543973941368078
1320,280.8072872161865,0.03592941208044067,0.01276557445526123,0.0016970157623291016,0.001595139503479004,0.9543973941368078
1325,281.83200788497925,0.003302139495281864,0.014251804351806641,0.001874399185180664,0.0016339778900146484,0.9511400651465798
1330,282.8933551311493,0.25449015951598997,0.013986992835998534,0.0018403768539428712,0.0016538619995117188,0.9837133550488599
1335,283.9119129180908,0.12687638065854118,0.013756394386291504,0.0018152713775634766,0.001572251319885254,0.9478827361563518
1340,284.9995331764221,0.010240950450906894,0.013226771354675293,0.0017472267150878905,0.0015581130981445312,0.9185667752442996
1345,286.0045690536499,0.15550732293210104,0.01395277976989746,0.0018314599990844726,0.0015177726745605469,0.9218241042345277
1350,286.9945242404938,0.0005457168858491457,0.013687968254089355,0.0017974376678466797,0.001319122314453125,0.9218241042345277
1355,288.00984597206116,0.35761217099570786,0.014021205902099609,0.0018492937088012695,0.0016176700592041016,0.9283387622149837
1360,288.9616620540619,0.14939883430524786,0.013491582870483399,0.0017812490463256837,0.0014786243438720704,0.9446254071661238
1365,289.9318251609802,0.4832935858634471,0.014448189735412597,0.0018905878067016601,0.001537466049194336,0.9674267100977199
1370,290.9860689640045,0.03323405369592578,0.014217591285705567,0.0018654823303222655,0.001604747772216797,0.9511400651465798
1375,292.06474709510803,0.1564579584694009,0.014482402801513672,0.0018995046615600587,0.001610875129699707,0.8859934853420195
1380,293.1323781013489,0.27492714541222085,0.014286017417907715,0.0018833160400390625,0.0017170190811157226,0.9315960912052117
1385,294.2078950405121,0.09820884214716444,0.013491582870483399,0.0017812490463256837,0.0016301870346069336,0.9771986970684039
1390,295.29616808891296,0.0755412103459328,0.013756394386291504,0.0018152713775634766,0.001543736457824707,0.9804560260586319
1395,296.3535361289978,0.025728808992426622,0.014021205902099609,0.0018492937088012695,0.0016852855682373048,0.9804560260586319
1400,297.38582015037537,0.0033632013335598288,0.013491582870483399,0.0017812490463256837,0.0015944480895996095,0.9771986970684039
1405,298.4360320568085,0.09402026152566308,0.013260984420776367,0.001756143569946289,0.0015474557876586914,0.9804560260586319
1410,299.4956421852112,0.05790778298687656,0.014021205902099609,0.0018492937088012695,0.001681065559387207,0.9869706840390879
1415,300.5986521244049,0.055132175592007115,0.013790607452392578,0.001824188232421875,0.0016674757003784179,0.9869706840390879
1420,301.61925196647644,0.0310075144344637,0.013790607452392578,0.001824188232421875,0.0016135454177856445,0.9869706840390879
1425,302.6480510234833,0.05815368637995562,0.012799787521362304,0.0017059326171875,0.0016185998916625976,0.9804560260586319
1430,303.71272110939026,0.013350882963280242,0.014217591285705567,0.0018654823303222655,0.0015687942504882812,0.9771986970684039
1435,304.70825028419495,0.013379600166445016,0.013491582870483399,0.0017812490463256837,0.0014386177062988281,0.9739413680781759
1440,305.70792031288147,0.06928387285460076,0.013491582870483399,0.0017812490463256837,0.0014865636825561524,0.9837133550488599
1445,306.7329909801483,0.024046248186641604,0.01372218132019043,0.001806354522705078,0.001581263542175293,0.9804560260586319
1450,307.73478293418884,0.008935706139483557,0.013030385971069336,0.0017310380935668945,0.0014387607574462891,0.9706840390879479
1455,308.65127515792847,0.163325615426767,0.014713001251220704,0.001924610137939453,0.0014818668365478515,0.9804560260586319
1460,309.57587718963623,0.0018075308444068128,0.013491582870483399,0.0017812490463256837,0.0014149904251098632,0.9869706840390879
1465,310.50833320617676,0.008099244953718453,0.013756394386291504,0.0018152713775634766,0.0014429569244384765,0.9837133550488599
1470,311.4582772254944,0.006861984768556794,0.013260984420776367,0.001756143569946289,0.001337575912475586,0.9804560260586319
1475,312.3795850276947,0.029195403642370367,0.013030385971069336,0.0017310380935668945,0.001451420783996582,0.9739413680781759
1480,313.3166069984436,0.09348330095558666,0.014482402801513672,0.0018995046615600587,0.0015440702438354493,0.9771986970684039
1485,314.2325839996338,0.10138060447948191,0.014021205902099609,0.0018492937088012695,0.0015105247497558595,0.993485342019544
1490,315.18848729133606,0.06444953735917877,0.01372218132019043,0.001806354522705078,0.0013846874237060547,0.9837133550488599
1495,316.0679759979248,0.006498791719877772,0.01372218132019043,0.001806354522705078,0.0014561891555786132,0.9674267100977199
1500,316.9352140426636,0.0021319403276123692,0.012961959838867188,0.0017132043838500976,0.0012859106063842773,0.9576547231270358
1505,317.7870891094208,0.0865646159097551,0.01395277976989746,0.0018314599990844726,0.0012970209121704102,0.9543973941368078
1510,318.6370129585266,0.3732483495427026,0.014516615867614746,0.001908421516418457,0.0014323949813842773,0.9771986970684039
1515,319.4934141635895,0.08489312762162768,0.01372218132019043,0.001806354522705078,0.0013873577117919922,0.9641693811074918
1520,320.3482880592346,0.24829851277681883,0.014217591285705567,0.0018654823303222655,0.0014590740203857422,0.9641693811074918
1525,321.20672726631165,0.005249893624932866,0.014448189735412597,0.0018905878067016601,0.0014163494110107423,0.9641693811074918
1530,322.06832098960876,0.04299987161448442,0.014251804351806641,0.001874399185180664,0.0014948129653930664,0.9543973941368078
1535,322.92780804634094,0.3238464424643809,0.013790607452392578,0.001824188232421875,0.0013710498809814454,0.9543973941368078
1540,323.80022621154785,0.09496870582624979,0.013756394386291504,0.0018152713775634766,0.001457047462463379,0.9381107491856677