#{"solver": {"engine": {"type": "ExactEngine"}, "semiring": "GraphSemiring"}, "networks": [{"name": "perc_net_version_1_NeSy_0", "module": "AD_V1_NeSy_0_net(\n  (image_features): Sequential(\n    (0): Conv2d(3, 6, kernel_size=(5, 5), stride=(1, 1))\n    (1): ReLU()\n    (2): MaxPool2d(kernel_size=2, stride=2, padding=0, dilation=1, ceil_mode=False)\n    (3): Conv2d(6, 16, kernel_size=(5, 5), stride=(1, 1))\n    (4): ReLU()\n    (5): MaxPool2d(kernel_size=2, stride=2, padding=0, dilation=1, ceil_mode=False)\n    (6): Flatten(start_dim=0, end_dim=2)\n    (7): Linear(in_features=400, out_features=120, bias=True)\n    (8): ReLU()\n    (9): Linear(in_features=120, out_features=84, bias=True)\n    (10): ReLU()\n    (11): Linear(in_features=84, out_features=16, bias=True)\n    (12): ReLU()\n  )\n  (numeric_features): Sequential(\n    (0): Linear(in_features=2, out_features=8, bias=True)\n    (1): ReLU()\n    (2): Linear(in_features=8, out_features=8, bias=True)\n    (3): ReLU()\n  )\n  (combined_features): Sequential(\n    (0): Linear(in_features=24, out_features=16, bias=True)\n    (1): ReLU()\n    (2): Linear(in_features=16, out_features=2, bias=True)\n    (3): Softmax(dim=-1)\n  )\n)", "optimizer": "Adam (\nParameter Group 0\n    amsgrad: False\n    betas: (0.9, 0.999)\n    capturable: False\n    differentiable: False\n    eps: 1e-08\n    foreach: None\n    fused: None\n    lr: 0.001\n    maximize: False\n    weight_decay: 0\n)", "k": null}], "program": "coord(X) :- X=0.0; X=1.0; X=2.0; X=3.0.\ncoord(Y) :- Y=0.0; Y=1.0; Y=2.0.\nadmissible_cells(X,Y) :- coord(X), coord(Y).\nnn(perc_net_version_1_NeSy_0,[Img, X, Y],Z,[human, nothing])::cell(Img,X,Y,Z).\nattention_boundary(X,Y) :- X==1.0, Y==0.0.\nenlarged_boundary(X,Y) :- X==1.0, Y==1.0.\nenlarged_boundary(X,Y) :- X==2, 0, Y==0.0.\nenlarged_boundary(X,Y) :- X==2.0, Y==1.0.\nout_of_view(X,Y) :- X==0.0; X==3.0; Y==2.0.\naction(Img,1) :- admissible_cells(X,Y), attention_boundary(X,Y), cell(Img,X,Y,human).\naction(Img,2) :- admissible_cells(X,Y), enlarged_boundary(X,Y), cell(Img,X,Y,human), \\+action(Img,1).\naction(Img,0) :- admissible_cells(X,Y), out_of_view(X,Y), \\+action(Img,2), \\+action(Img,1).\n"}
#Accuracy 0.9797794117647058
i,time,loss,ground_time,compile_time,eval_time,accuracy
5,0.07217788696289062,1.1092572450637816,0.005591249465942383,0.00018415451049804687,0.00024962425231933594,0.3492647058823529
10,1.2330219745635986,1.4900092840194703,0.007851243019104004,0.00024166107177734376,0.00028264522552490234,0.3492647058823529
15,2.3245418071746826,1.410632163286209,0.007851243019104004,0.00024166107177734376,0.0002766132354736328,0.3492647058823529
20,3.414599895477295,1.1041309416294098,0.005732941627502442,0.00021762847900390624,0.00021710395812988282,0.31985294117647056
25,4.493146896362305,1.1424731194972992,0.005420780181884766,0.00021071434020996093,0.00020093917846679686,0.33088235294117646
30,5.576152801513672,1.110416340827942,0.006439042091369629,0.00022563934326171874,0.0002599954605102539,0.31985294117647056
35,6.6598310470581055,1.0716305315494536,0.004945063591003418,0.00021543502807617188,0.00022797584533691407,0.31985294117647056
40,7.73179292678833,1.10623642206192,0.005732941627502442,0.00021762847900390624,0.0002259969711303711,0.3492647058823529
45,8.802061080932617,1.055046683549881,0.0050268411636352536,0.00020961761474609376,0.00018804073333740235,0.3492647058823529
50,9.884213924407959,1.1309648334980011,0.006669425964355468,0.00023837089538574218,0.000271296501159668,0.3492647058823529
55,11.002715826034546,1.281704980134964,0.007539081573486328,0.00023474693298339844,0.00026433467864990235,0.31985294117647056
60,12.148401737213135,1.0208996176719665,0.004632902145385742,0.00020852088928222657,0.0002077341079711914,0.31985294117647056
65,13.29243278503418,1.0696471869945525,0.0050268411636352536,0.00020961761474609376,0.00020885467529296875,0.31985294117647056
70,14.45058298110962,1.1468898594379424,0.006439042091369629,0.00022563934326171874,0.0002512216567993164,0.31985294117647056
75,15.643776893615723,1.1050731897354127,0.006045103073120117,0.00022454261779785155,0.0002799510955810547,0.31985294117647056
80,16.78962469100952,1.1027751982212066,0.005732941627502442,0.00021762847900390624,0.000238037109375,0.31985294117647056
85,17.934215784072876,1.1096032857894897,0.005732941627502442,0.00021762847900390624,0.00024793148040771487,0.31985294117647056
90,19.064018964767456,1.0838989436626434,0.004714679718017578,0.00020270347595214845,0.00019762516021728515,0.31985294117647056
95,20.177409887313843,0.9758300542831421,0.004551124572753906,0.0002143383026123047,0.0002292633056640625,0.3492647058823529
100,21.282976865768433,1.2252115726470947,0.007145142555236817,0.00023365020751953125,0.00025119781494140623,0.3492647058823529
105,22.452740907669067,1.182350754737854,0.006439042091369629,0.00022563934326171874,0.00023651123046875,0.31985294117647056
110,23.608475923538208,1.1398637652397157,0.006439042091369629,0.00022563934326171874,0.0002652883529663086,0.31985294117647056
115,24.786460876464844,1.0678113996982574,0.005651164054870606,0.00022344589233398439,0.0002679109573364258,0.31985294117647056
120,25.993098974227905,1.1012129306793212,0.004714679718017578,0.00020270347595214845,0.00019650459289550782,0.31985294117647056
125,27.204185724258423,1.1430410742759705,0.006439042091369629,0.00022563934326171874,0.0002634763717651367,0.31985294117647056
130,28.37165904045105,1.0966598868370057,0.006045103073120117,0.00022454261779785155,0.0002379894256591797,0.31985294117647056
135,29.550230979919434,1.0998277068138123,0.005732941627502442,0.00021762847900390624,0.00022678375244140626,0.31985294117647056
140,30.719918727874756,1.076368361711502,0.004714679718017578,0.00020270347595214845,0.00021488666534423827,0.31985294117647056
145,31.896843910217285,1.0133894383907318,0.005257225036621094,0.0002223491668701172,0.00025599002838134767,0.3492647058823529
150,33.04537582397461,1.1107677221298218,0.006045103073120117,0.00022454261779785155,0.00024087429046630858,0.3492647058823529
155,34.19266390800476,1.049307405948639,0.00533900260925293,0.00021653175354003907,0.00024003982543945311,0.3492647058823529
160,35.369348764419556,1.151707524061203,0.006126880645751953,0.00021872520446777343,0.0002319812774658203,0.3474264705882353
165,36.58501672744751,1.1556840777397155,0.007457304000854492,0.00024056434631347656,0.000302886962890625,0.31985294117647056
170,37.73932695388794,1.1326404511928558,0.007539081573486328,0.00023474693298339844,0.00024261474609375,0.33088235294117646
175,38.90998077392578,1.1468599647283555,0.00683298110961914,0.00022673606872558594,0.00025186538696289065,0.33088235294117646
180,40.093177795410156,0.9304550290107727,0.007226920127868653,0.00022783279418945313,0.00022580623626708985,0.33088235294117646
185,41.24844169616699,1.109740924835205,0.005257225036621094,0.0002223491668701172,0.0002613067626953125,0.31985294117647056
190,42.45395588874817,1.051444673538208,0.005420780181884766,0.00021071434020996093,0.00022137165069580078,0.3694852941176471
195,43.63384985923767,1.2118030667304993,0.007539081573486328,0.00023474693298339844,0.000297856330871582,0.3474264705882353
200,44.770354986190796,0.9927490055561066,0.004714679718017578,0.00020270347595214845,0.00021989345550537108,0.3474264705882353
205,45.94377279281616,1.0861914873123169,0.006439042091369629,0.00022563934326171874,0.00024383068084716798,0.38786764705882354
210,47.070772886276245,1.0491157293319702,0.006751203536987304,0.00023255348205566406,0.00023465156555175782,0.6121323529411765
215,48.193081855773926,1.0039298832416534,0.006045103073120117,0.00022454261779785155,0.0002219676971435547,0.8235294117647058
220,49.303377866744995,0.9561582684516907,0.005732941627502442,0.00021762847900390624,0.0002765655517578125,0.7058823529411765
225,50.46280288696289,0.9395298480987548,0.0050268411636352536,0.00020961761474609376,0.0002206563949584961,0.8033088235294118
230,51.58240580558777,0.8787607967853546,0.0042389631271362305,0.00020742416381835938,0.00022518634796142578,0.4852941176470588
235,52.73290181159973,0.9030244320631027,0.006439042091369629,0.00022563934326171874,0.00022721290588378906,0.6746323529411765
240,53.893319845199585,0.713410222530365,0.006045103073120117,0.00022454261779785155,0.00022852420806884766,0.7591911764705882
245,55.02708578109741,0.6163623318076134,0.006439042091369629,0.00022563934326171874,0.00023806095123291016,0.6819852941176471
250,56.17131280899048,0.7396758772432804,0.00533900260925293,0.00021653175354003907,0.0002172708511352539,0.7150735294117647
255,57.34921884536743,0.39254200607538225,0.0058147192001342775,0.00021181106567382812,0.00022542476654052734,0.6727941176470589
260,58.4914608001709,0.26435367509257046,0.00793302059173584,0.00023584365844726564,0.00026340484619140624,0.7095588235294118
265,59.64213299751282,0.7204010266810655,0.00533900260925293,0.00021653175354003907,0.0002514839172363281,0.6654411764705882
270,60.789273738861084,0.62505673924461,0.0050268411636352536,0.00020961761474609376,0.00021622180938720703,0.6194852941176471
275,61.95004391670227,0.4582525278441608,0.007539081573486328,0.00023474693298339844,0.0002927303314208984,0.6507352941176471
280,63.10367274284363,0.4179171536117792,0.008245182037353516,0.00024275779724121095,0.00028913021087646485,0.6856617647058824
285,64.23027777671814,0.6331727579905418,0.006751203536987304,0.00023255348205566406,0.00025305747985839846,0.6764705882352942
290,65.3679769039154,0.6004662248422392,0.00683298110961914,0.00022673606872558594,0.00024776458740234376,0.7058823529411765
295,66.51620388031006,0.5767069641500712,0.006045103073120117,0.00022454261779785155,0.0002548456192016602,0.6691176470588235
300,67.6572618484497,0.8731357276439666,0.0058147192001342775,0.00021181106567382812,0.0001949787139892578,0.6709558823529411
305,68.77390694618225,0.9513399064540863,0.005257225036621094,0.0002223491668701172,0.00026431083679199217,0.6764705882352942
310,69.96120071411133,0.7394445636600722,0.006045103073120117,0.00022454261779785155,0.00024061203002929689,0.6856617647058824
315,71.10322999954224,0.8662756137549877,0.004714679718017578,0.00020270347595214845,0.0001943826675415039,0.7169117647058824
320,72.24790787696838,0.6416207902133465,0.006439042091369629,0.00022563934326171874,0.00024089813232421874,0.6783088235294118
325,73.35715770721436,0.7025246024131775,0.006357264518737793,0.00023145675659179686,0.00024435520172119143,0.6819852941176471
330,74.48683285713196,0.6911989368498326,0.006045103073120117,0.00022454261779785155,0.0002532482147216797,0.7316176470588235
335,75.6317229270935,0.5247002772986888,0.004714679718017578,0.00020270347595214845,0.00019745826721191407,0.71875
340,76.72099995613098,0.591614002501592,0.006751203536987304,0.00023255348205566406,0.00025255680084228515,0.7077205882352942
345,77.79514908790588,0.6859651818871498,0.004632902145385742,0.00020852088928222657,0.00021176338195800782,0.7132352941176471
350,78.9026448726654,0.42997748823836446,0.007145142555236817,0.00023365020751953125,0.00024902820587158203,0.7150735294117647
355,79.99350666999817,0.5609943330287933,0.004320740699768066,0.00020160675048828126,0.0002100229263305664,0.7058823529411765
360,81.11684679985046,0.5905185604467988,0.005732941627502442,0.00021762847900390624,0.0002393007278442383,0.6783088235294118
365,82.22619485855103,0.5436848331708461,0.0050268411636352536,0.00020961761474609376,0.0002004384994506836,0.6893382352941176
370,83.2948408126831,0.6887663165107369,0.005963325500488281,0.0002303600311279297,0.00023796558380126954,0.6985294117647058
375,84.41318082809448,0.38114592800848185,0.008245182037353516,0.00024275779724121095,0.0002768278121948242,0.7316176470588235
380,85.56989073753357,0.5326187014579773,0.005732941627502442,0.00021762847900390624,0.00021703243255615233,0.7408088235294118
385,86.69938588142395,0.7883912242017687,0.00533900260925293,0.00021653175354003907,0.00024454593658447267,0.7555147058823529
390,87.84958267211914,0.6308476565754972,0.005420780181884766,0.00021071434020996093,0.00020172595977783204,0.625
395,88.98168587684631,0.6816511988639832,0.004945063591003418,0.00021543502807617188,0.00021941661834716796,0.5514705882352942
400,90.12222790718079,0.7745244903489947,0.00683298110961914,0.00022673606872558594,0.0002382516860961914,0.6397058823529411
405,91.26853680610657,0.6230994068086148,0.006045103073120117,0.00022454261779785155,0.0002495288848876953,0.6783088235294118
410,92.41233587265015,0.38059426844120026,0.005420780181884766,0.00021071434020996093,0.00021796226501464845,0.7316176470588235
415,93.57233786582947,0.5191013358533383,0.004632902145385742,0.00020852088928222657,0.00022194385528564453,0.7444852941176471
420,94.7570378780365,0.6171689011520357,0.006357264518737793,0.00023145675659179686,0.00025537014007568357,0.6801470588235294
425,95.92300391197205,0.6089029282331466,0.0050268411636352536,0.00020961761474609376,0.00019991397857666016,0.6985294117647058
430,97.01883792877197,0.598061851170496,0.00533900260925293,0.00021653175354003907,0.00022752285003662108,0.7463235294117647
435,98.10671997070312,0.5146125106126419,0.006751203536987304,0.00023255348205566406,0.0002565145492553711,0.7261029411764706
440,99.21742391586304,0.28598497568873427,0.008639121055603027,0.00024385452270507811,0.00028531551361083985,0.7647058823529411
445,100.43056678771973,0.5031513436464593,0.007145142555236817,0.00023365020751953125,0.00026416778564453125,0.7481617647058824
450,101.58532094955444,0.21159805177012458,0.007226920127868653,0.00022783279418945313,0.00024673938751220705,0.7371323529411765
455,102.71791195869446,0.70187274441123,0.005963325500488281,0.0002303600311279297,0.0002460956573486328,0.7738970588235294
460,103.91189503669739,0.40188991437898947,0.0050268411636352536,0.00020961761474609376,0.00024673938751220705,0.7738970588235294
465,105.17248368263245,0.5205779487088875,0.006520819664001465,0.00021982192993164062,0.0002514839172363281,0.7371323529411765
470,106.38977789878845,0.47591300755739213,0.0050268411636352536,0.00020961761474609376,0.00021677017211914064,0.7720588235294118
475,107.56088185310364,0.2622968257834145,0.00683298110961914,0.00022673606872558594,0.0002360105514526367,0.7794117647058824
480,108.70977187156677,0.4080479486583499,0.005732941627502442,0.00021762847900390624,0.00022039413452148437,0.7886029411764706
485,109.81762480735779,0.5049426907207817,0.006045103073120117,0.00022454261779785155,0.00026388168334960936,0.7702205882352942
490,110.95924305915833,0.5416030684499219,0.007063364982604981,0.00023946762084960937,0.0002755165100097656,0.7996323529411765
495,112.05317187309265,0.5506540000916175,0.005732941627502442,0.00021762847900390624,0.00020761489868164061,0.7352941176470589
500,113.18363499641418,0.5997256992384792,0.003614640235900879,0.00019359588623046875,0.0001782655715942383,0.6930147058823529
505,114.29410982131958,0.5673819459043443,0.00533900260925293,0.00021653175354003907,0.0002264738082885742,0.7022058823529411
510,115.39385986328125,0.5170369806754025,0.006045103073120117,0.00022454261779785155,0.00023887157440185546,0.6985294117647058
515,116.47460675239563,0.4036690641591122,0.006439042091369629,0.00022563934326171874,0.00022058486938476564,0.7003676470588235
520,117.63131594657898,0.3522385746884538,0.005732941627502442,0.00021762847900390624,0.0002385854721069336,0.7077205882352942
525,118.73964071273804,0.41179018444381654,0.005732941627502442,0.00021762847900390624,0.00020978450775146484,0.7132352941176471
530,119.82651591300964,0.07417130656249356,0.006914758682250976,0.00022091865539550782,0.00019869804382324218,0.7132352941176471
535,121.40062284469604,0.5384235843842362,0.006751203536987304,0.00023255348205566406,0.00026552677154541017,0.7132352941176471
540,122.5227997303009,0.5262744013220072,0.0050268411636352536,0.00020961761474609376,0.00020973682403564454,0.6838235294117647
545,123.61646270751953,0.23734199157588592,0.00683298110961914,0.00022673606872558594,0.00022835731506347655,0.6819852941176471
550,124.69308066368103,0.37409150840176153,0.007539081573486328,0.00023474693298339844,0.00024876594543457033,0.6966911764705882
555,125.80595993995667,0.37982785852846634,0.007145142555236817,0.00023365020751953125,0.00023317337036132812,0.7408088235294118
560,126.87037491798401,0.5446064991178006,0.007851243019104004,0.00024166107177734376,0.00026607513427734375,0.7610294117647058
565,127.95039486885071,0.6752582261222415,0.005651164054870606,0.00022344589233398439,0.00021533966064453126,0.7518382352941176
570,129.2836458683014,0.11481119016825687,0.005502557754516602,0.0002048969268798828,0.00018496513366699218,0.6966911764705882
575,130.40788507461548,0.6601469837129116,0.006045103073120117,0.00022454261779785155,0.0002498626708984375,0.7242647058823529
580,131.59560084342957,0.6080894507525955,0.005257225036621094,0.0002223491668701172,0.00023217201232910155,0.7665441176470589
585,132.68265295028687,0.419183972478163,0.005420780181884766,0.00021071434020996093,0.00021746158599853516,0.7757352941176471
590,133.87102007865906,0.35151599133387207,0.0050268411636352536,0.00020961761474609376,0.0002080678939819336,0.7058823529411765
595,135.0112760066986,0.6379286309403597,0.007375526428222656,0.0002463817596435547,0.00030193328857421877,0.7224264705882353
600,136.15452790260315,0.19112671510883955,0.006520819664001465,0.00021982192993164062,0.00023195743560791015,0.7959558823529411
605,137.31237602233887,0.4888079816708341,0.00533900260925293,0.00021653175354003907,0.00020916461944580077,0.8216911764705882
610,138.440584897995,0.4659966081322636,0.005732941627502442,0.00021762847900390624,0.00020546913146972655,0.7757352941176471
615,139.6243987083435,0.43476597098633646,0.00533900260925293,0.00021653175354003907,0.00020573139190673828,0.7444852941176471
620,140.77527976036072,0.41356034853977236,0.006439042091369629,0.00022563934326171874,0.00022652149200439454,0.7683823529411765
625,141.92621111869812,0.5135377045022324,0.00533900260925293,0.00021653175354003907,0.00020983219146728516,0.7904411764705882
630,143.08093285560608,0.41119468371834955,0.006045103073120117,0.00022454261779785155,0.00024774074554443357,0.7996323529411765
635,144.2083237171173,0.17180682572079603,0.004090356826782227,0.00018887519836425782,0.00014820098876953126,0.7941176470588235
640,145.41402792930603,0.5376734187826798,0.005257225036621094,0.0002223491668701172,0.00022473335266113282,0.7941176470588235
645,146.55657696723938,0.28036052459115124,0.007851243019104004,0.00024166107177734376,0.00027925968170166015,0.8033088235294118
650,147.75496077537537,0.47756778079783546,0.006045103073120117,0.00022454261779785155,0.000274205207824707,0.8180147058823529
655,148.92739081382751,0.34170128096302504,0.005732941627502442,0.00021762847900390624,0.0002476930618286133,0.8584558823529411
660,150.00977993011475,0.7947087249718606,0.006045103073120117,0.00022454261779785155,0.00022892951965332032,0.8125
665,151.11817979812622,0.4523934579687193,0.004632902145385742,0.00020852088928222657,0.00023005008697509765,0.5294117647058824
670,152.27752709388733,1.0456000726902857,0.006126880645751953,0.00021872520446777343,0.00022706985473632812,0.6875
675,153.41530799865723,0.3340768050897168,0.006439042091369629,0.00022563934326171874,0.0002341032028198242,0.8106617647058824
680,154.54790592193604,0.5739885313527339,0.00533900260925293,0.00021653175354003907,0.00022401809692382813,0.8658088235294118
685,155.7006368637085,0.2164685163322247,0.004714679718017578,0.00020270347595214845,0.0001912355422973633,0.8621323529411765
690,156.83207392692566,0.5903626400977388,0.005963325500488281,0.0002303600311279297,0.0002486705780029297,0.8897058823529411
695,158.02325081825256,0.3081497286155354,0.005732941627502442,0.00021762847900390624,0.0002491474151611328,0.9025735294117647
700,159.19910097122192,0.6257965628057718,0.004945063591003418,0.00021543502807617188,0.00023555755615234375,0.8897058823529411
705,160.2934410572052,0.2501979796688616,0.00683298110961914,0.00022673606872558594,0.00022437572479248047,0.8915441176470589
710,161.40537285804749,0.36904882269648737,0.007145142555236817,0.00023365020751953125,0.00022389888763427735,0.9080882352941176
715,162.56080102920532,0.32014446016408016,0.007851243019104004,0.00024166107177734376,0.00027213096618652346,0.8878676470588235
720,163.69850492477417,0.16784703389666902,0.007226920127868653,0.00022783279418945313,0.00024607181549072263,0.8878676470588235
725,164.93824005126953,0.29063369296777636,0.006439042091369629,0.00022563934326171874,0.00024423599243164065,0.8878676470588235
730,166.08751583099365,0.326377937477082,0.00533900260925293,0.00021653175354003907,0.00023055076599121094,0.9191176470588235
735,167.24799275398254,0.36703345518999414,0.006126880645751953,0.00021872520446777343,0.00022284984588623048,0.9117647058823529
740,168.43989086151123,0.4454346533399075,0.006751203536987304,0.00023255348205566406,0.0002692699432373047,0.9007352941176471
745,169.61600995063782,0.12327661004965193,0.004402518272399902,0.00019578933715820314,0.0001821756362915039,0.8841911764705882
750,170.80145001411438,0.2922937424621409,0.006439042091369629,0.00022563934326171874,0.00024297237396240235,0.8933823529411765
755,171.95271706581116,0.3698200030921271,0.007145142555236817,0.00023365020751953125,0.00025022029876708984,0.9209558823529411
760,173.085942029953,0.40909025359433143,0.006357264518737793,0.00023145675659179686,0.00024111270904541015,0.7959558823529411
765,174.24558901786804,0.5720337647013366,0.0050268411636352536,0.00020961761474609376,0.0002556324005126953,0.8198529411764706
770,175.42073702812195,0.45816517852435934,0.0050268411636352536,0.00020961761474609376,0.00021636486053466797,0.9080882352941176
775,176.5590808391571,0.6731200473383069,0.004551124572753906,0.0002143383026123047,0.00023787021636962892,0.9172794117647058
780,177.6939377784729,0.2875229976611308,0.006126880645751953,0.00021872520446777343,0.00022144317626953124,0.9025735294117647
785,178.83523893356323,0.35341147206565326,0.006751203536987304,0.00023255348205566406,0.0002557277679443359,0.8897058823529411
790,179.97459292411804,0.36134424535559334,0.005732941627502442,0.00021762847900390624,0.00024001598358154298,0.8676470588235294
795,181.14172387123108,0.32796257650479677,0.005732941627502442,0.00021762847900390624,0.00022671222686767578,0.8731617647058824
800,182.25989508628845,0.14242789134214034,0.006520819664001465,0.00021982192993164062,0.00021066665649414063,0.8694852941176471
805,183.3905520439148,0.24733633766882407,0.007145142555236817,0.00023365020751953125,0.0002512216567993164,0.8676470588235294
810,184.5062997341156,0.320934992772527,0.005420780181884766,0.00021071434020996093,0.0001878023147583008,0.84375
815,185.64238476753235,0.4647279252531007,0.00533900260925293,0.00021653175354003907,0.000208282470703125,0.7941176470588235
820,186.7517249584198,0.3315906862844713,0.00683298110961914,0.00022673606872558594,0.00021848678588867187,0.8566176470588235
825,187.90410590171814,0.3156387715946437,0.008245182037353516,0.00024275779724121095,0.00027616024017333983,0.9080882352941176
830,189.14658880233765,0.6728597929328316,0.007457304000854492,0.00024056434631347656,0.0002702474594116211,0.7775735294117647
835,190.27397394180298,0.2161533458980557,0.006126880645751953,0.00021872520446777343,0.00023221969604492188,0.8363970588235294
840,191.4742078781128,0.3212893451389419,0.006439042091369629,0.00022563934326171874,0.0002368927001953125,0.9044117647058824
845,192.60473084449768,0.4814612318528816,0.005420780181884766,0.00021071434020996093,0.0002442836761474609,0.9007352941176471
850,193.68022871017456,0.5792039288327032,0.005651164054870606,0.00022344589233398439,0.0002261638641357422,0.9191176470588235
855,194.78516578674316,0.2895844635553658,0.00533900260925293,0.00021653175354003907,0.0002305746078491211,0.9117647058823529
860,195.96031785011292,0.3073403509682976,0.005732941627502442,0.00021762847900390624,0.00021848678588867187,0.8970588235294118
865,197.15343189239502,0.29943189756013455,0.006045103073120117,0.00022454261779785155,0.00024328231811523437,0.875
870,198.2913098335266,0.3365504228975624,0.006751203536987304,0.00023255348205566406,0.0002508401870727539,0.9025735294117647
875,199.420884847641,0.2718570269646534,0.006045103073120117,0.00022454261779785155,0.00026140213012695315,0.8676470588235294
880,200.53275990486145,0.4535653187078424,0.004714679718017578,0.00020270347595214845,0.00017442703247070313,0.9283088235294118
885,201.74626302719116,0.3319345080759433,0.006751203536987304,0.00023255348205566406,0.00027489662170410156,0.90625
890,202.91403079032898,0.2107084555313122,0.0050268411636352536,0.00020961761474609376,0.00022993087768554687,0.8860294117647058
895,204.05672073364258,0.2685137374775877,0.005732941627502442,0.00021762847900390624,0.0001978635787963867,0.8952205882352942
900,205.14776968955994,0.3205067331145983,0.005732941627502442,0.00021762847900390624,0.00021810531616210936,0.9044117647058824
905,206.22889494895935,0.32039634948159945,0.0050268411636352536,0.00020961761474609376,0.00020396709442138672,0.9099264705882353
910,207.37702178955078,0.3127608187001897,0.004632902145385742,0.00020852088928222657,0.00020170211791992188,0.9154411764705882
915,208.51223587989807,0.34610968164639644,0.006357264518737793,0.00023145675659179686,0.0002503156661987305,0.9375
920,209.61160969734192,0.3151529870934155,0.007851243019104004,0.00024166107177734376,0.00023577213287353515,0.9466911764705882
925,210.68180584907532,0.15341915586132018,0.006126880645751953,0.00021872520446777343,0.0002038717269897461,0.9338235294117647
930,211.7699248790741,0.375910725351423,0.005651164054870606,0.00022344589233398439,0.0002271413803100586,0.9209558823529411
935,212.8275649547577,0.4449556074629072,0.0050268411636352536,0.00020961761474609376,0.00020363330841064454,0.9172794117647058
940,213.9121389389038,0.2619152083469089,0.005732941627502442,0.00021762847900390624,0.0005221128463745117,0.9191176470588235
945,214.9920768737793,0.525503653602209,0.005732941627502442,0.00021762847900390624,0.00022165775299072267,0.9172794117647058
950,216.07101798057556,0.2663670769863529,0.006045103073120117,0.00022454261779785155,0.00021758079528808594,0.9025735294117647
955,217.1096088886261,0.21948503666499164,0.0051086187362670895,0.00020380020141601561,0.00017731189727783204,0.9430147058823529
960,218.17849278450012,0.27003217074088753,0.004945063591003418,0.00021543502807617188,0.0002210378646850586,0.9154411764705882
965,219.2499189376831,0.2265647408552752,0.006357264518737793,0.00023145675659179686,0.0002506017684936523,0.8988970588235294
970,220.3365409374237,0.4481115398230031,0.0050268411636352536,0.00020961761474609376,0.00019147396087646485,0.9319852941176471
975,221.42610692977905,0.15728272572341667,0.006439042091369629,0.00022563934326171874,0.0002459049224853516,0.90625
980,222.51560974121094,0.34875178840011356,0.006751203536987304,0.00023255348205566406,0.0002202272415161133,0.9338235294117647
985,223.60867476463318,0.15725517014634532,0.008245182037353516,0.00024275779724121095,0.00024197101593017578,0.9264705882352942
990,224.72695183753967,0.22737520282316837,0.00683298110961914,0.00022673606872558594,0.00022730827331542968,0.9191176470588235
995,225.8264138698578,0.06388555984610775,0.007226920127868653,0.00022783279418945313,0.00022165775299072267,0.9227941176470589
1000,226.91541600227356,0.340080130379647,0.005257225036621094,0.0002223491668701172,0.0002216815948486328,0.9283088235294118
1005,228.1139190196991,0.32210422648968234,0.005732941627502442,0.00021762847900390624,0.0002431631088256836,0.9246323529411765
1010,229.2957239151001,0.12518971950048724,0.00683298110961914,0.00022673606872558594,0.0002218484878540039,0.9301470588235294
1015,230.44183778762817,0.1795634044727194,0.004714679718017578,0.00020270347595214845,0.00018358230590820312,0.9301470588235294
1020,231.56346583366394,0.1276771371380164,0.006439042091369629,0.00022563934326171874,0.00024046897888183594,0.9301470588235294
1025,232.6898980140686,0.13952851777139585,0.006439042091369629,0.00022563934326171874,0.00022313594818115234,0.9338235294117647
1030,233.85272693634033,0.10919350032054354,0.006439042091369629,0.00022563934326171874,0.0002579212188720703,0.9264705882352942
1035,234.9642469882965,0.8415518968598917,0.006357264518737793,0.00023145675659179686,0.00025300979614257814,0.7261029411764706
1040,236.11498188972473,0.7075689154677107,0.0050268411636352536,0.00020961761474609376,0.00019626617431640626,0.6286764705882353
1045,237.20436573028564,0.7944637060165405,0.0042389631271362305,0.00020742416381835938,0.0001920461654663086,0.7224264705882353
1050,238.27926778793335,0.40329769225500056,0.005420780181884766,0.00021071434020996093,0.00021600723266601562,0.8363970588235294
1055,239.42241382598877,0.4381867736577988,0.005651164054870606,0.00022344589233398439,0.00024023056030273438,0.9411764705882353
1060,240.61996793746948,0.2689698986711392,0.006439042091369629,0.00022563934326171874,0.0002382516860961914,0.8860294117647058
1065,241.77824783325195,0.3001272256486118,0.005732941627502442,0.00021762847900390624,0.0002124309539794922,0.8933823529411765
1070,242.91438579559326,0.26418038066483407,0.005420780181884766,0.00021071434020996093,0.00021283626556396485,0.9117647058823529
1075,244.00909900665283,0.07853950113083101,0.00793302059173584,0.00023584365844726564,0.00023772716522216797,0.8915441176470589
1080,245.12170481681824,0.2669120066493633,0.006439042091369629,0.00022563934326171874,0.000232696533203125,0.8602941176470589
1085,246.27265572547913,0.42889008147176355,0.004632902145385742,0.00020852088928222657,0.0002226591110229492,0.8051470588235294
1090,247.48303890228271,0.2197134826285037,0.007226920127868653,0.00022783279418945313,0.00025246143341064455,0.8768382352941176
1095,248.65909385681152,0.2649736596387811,0.007851243019104004,0.00024166107177734376,0.000301361083984375,0.9375
1100,249.7923288345337,0.21484818593623914,0.007145142555236817,0.00023365020751953125,0.00023512840270996095,0.8970588235294118
1105,250.96659302711487,0.39280361461733265,0.007145142555236817,0.00023365020751953125,0.00023856163024902344,0.8897058823529411
1110,252.06694889068604,0.19008342840634213,0.006045103073120117,0.00022454261779785155,0.0002431154251098633,0.8878676470588235
1115,253.16979885101318,0.180208683188539,0.0051086187362670895,0.00020380020141601561,0.00020155906677246093,0.8915441176470589
1120,254.2738597393036,0.79125725266058,0.006045103073120117,0.00022454261779785155,0.00023243427276611328,0.8602941176470589
1125,255.3645749092102,0.23117300689339118,0.005651164054870606,0.00022344589233398439,0.00021488666534423827,0.8363970588235294
1130,256.4093098640442,0.7133634185233632,0.005732941627502442,0.00021762847900390624,0.0002347707748413086,0.8933823529411765
1135,257.505126953125,0.14582281166512984,0.0050268411636352536,0.00020961761474609376,0.00020477771759033203,0.7481617647058824
1140,258.69918274879456,0.8111396819353104,0.007769465446472168,0.0002474784851074219,0.00029244422912597654,0.8180147058823529
1145,259.798800945282,0.36373734511435174,0.005420780181884766,0.00021071434020996093,0.00021026134490966796,0.8088235294117647
1150,260.8842628002167,0.42473191270546523,0.0050268411636352536,0.00020961761474609376,0.00018815994262695314,0.9448529411764706
1155,262.004065990448,0.37800764525309205,0.006045103073120117,0.00022454261779785155,0.00022892951965332032,0.8878676470588235
1160,263.1167359352112,0.3018266291997861,0.00533900260925293,0.00021653175354003907,0.0002069234848022461,0.8952205882352942
1165,264.2292628288269,0.13006123944702494,0.006439042091369629,0.00022563934326171874,0.0002603054046630859,0.8768382352941176
1170,265.38302087783813,0.2547646075952798,0.00533900260925293,0.00021653175354003907,0.000213623046875,0.8897058823529411
1175,266.50980496406555,0.20345732771384065,0.005732941627502442,0.00021762847900390624,0.00023822784423828126,0.875
1180,267.6661419868469,0.4494057797025562,0.004402518272399902,0.00019578933715820314,0.00017652511596679687,0.8584558823529411
1185,268.85051703453064,0.3050581073184745,0.005963325500488281,0.0002303600311279297,0.0002839326858520508,0.8988970588235294
1190,270.08074498176575,0.19837304167581352,0.008245182037353516,0.00024275779724121095,0.00027654170989990237,0.9301470588235294
1195,271.2170469760895,0.342529387678951,0.004945063591003418,0.00021543502807617188,0.00021462440490722657,0.9172794117647058
1200,272.3527557849884,0.1423085049726069,0.006439042091369629,0.00022563934326171874,0.00022363662719726562,0.8915441176470589
1205,273.49237394332886,1.0065269557060674,0.0050268411636352536,0.00020961761474609376,0.0002124309539794922,0.9227941176470589
1210,274.65978598594666,0.14867526240727785,0.004945063591003418,0.00021543502807617188,0.00021741390228271484,0.8529411764705882
1215,275.82497787475586,0.895294142793864,0.006520819664001465,0.00021982192993164062,0.00023224353790283204,0.9172794117647058
1220,276.9714150428772,0.16879331128639308,0.006439042091369629,0.00022563934326171874,0.0002555370330810547,0.9246323529411765
1225,278.095547914505,0.34109186854147994,0.00533900260925293,0.00021653175354003907,0.00020761489868164061,0.9301470588235294
1230,279.2366850376129,0.47210178659297525,0.004320740699768066,0.00020160675048828126,0.00019459724426269532,0.9319852941176471
1235,280.4181728363037,0.2599391895113513,0.006669425964355468,0.00023837089538574218,0.0002535104751586914,0.9227941176470589
1240,281.56980180740356,0.2806997431907803,0.004714679718017578,0.00020270347595214845,0.00020012855529785156,0.9080882352941176
1245,282.7092909812927,0.38520479165017607,0.006357264518737793,0.00023145675659179686,0.00025391578674316406,0.9099264705882353
1250,283.8755888938904,0.15706270217342536,0.006439042091369629,0.00022563934326171874,0.00023515224456787108,0.9338235294117647
1255,284.9740197658539,0.22569785714150611,0.007539081573486328,0.00023474693298339844,0.0002325296401977539,0.9209558823529411
1260,286.1689279079437,0.2561508842976764,0.007851243019104004,0.00024166107177734376,0.00025286674499511717,0.9227941176470589
1265,287.34498476982117,0.06681437973166027,0.006520819664001465,0.00021982192993164062,0.0002259969711303711,0.9264705882352942
1270,288.5220627784729,0.12354628856992349,0.006751203536987304,0.00023255348205566406,0.00025713443756103516,0.9338235294117647
1275,289.67597007751465,0.12475504350659321,0.00533900260925293,0.00021653175354003907,0.00023441314697265626,0.9356617647058824
1280,290.8392858505249,0.17599395562428982,0.0058147192001342775,0.00021181106567382812,0.00023767948150634765,0.9411764705882353
1285,292.0115399360657,0.2047991694380471,0.006045103073120117,0.00022454261779785155,0.00022797584533691407,0.9466911764705882
1290,293.09035181999207,0.19260367883496202,0.005420780181884766,0.00021071434020996093,0.00023202896118164064,0.9613970588235294
1295,294.2096908092499,0.14736079085341772,0.006439042091369629,0.00022563934326171874,0.00023148059844970703,0.9558823529411765
1300,295.33604097366333,0.08156510422086286,0.006439042091369629,0.00022563934326171874,0.0002321958541870117,0.9227941176470589
1305,296.5270028114319,0.14201996267074718,0.006751203536987304,0.00023255348205566406,0.0002984046936035156,0.875
1310,297.6376178264618,0.4588126684306758,0.00533900260925293,0.00021653175354003907,0.00021004676818847656,0.8051470588235294
1315,298.72886300086975,0.39136414634995165,0.004632902145385742,0.00020852088928222657,0.00019485950469970702,0.8915441176470589
1320,299.8417418003082,0.2666537347107806,0.004632902145385742,0.00020852088928222657,0.00021276473999023437,0.9485294117647058
1325,300.9735038280487,0.1576624233959592,0.005732941627502442,0.00021762847900390624,0.00023708343505859374,0.9375
1330,302.10310077667236,0.31144565204158425,0.006751203536987304,0.00023255348205566406,0.0002722740173339844,0.9227941176470589
1335,303.2650167942047,0.06032590553440968,0.006126880645751953,0.00021872520446777343,0.00023238658905029298,0.9503676470588235
1340,304.4386088848114,0.287639002839569,0.00533900260925293,0.00021653175354003907,0.00024051666259765624,0.9356617647058824
1345,305.56582283973694,0.13483769353479147,0.007620859146118164,0.00022892951965332032,0.0002227783203125,0.9319852941176471
1350,306.65742588043213,0.30088970127981157,0.006045103073120117,0.00022454261779785155,0.00022571086883544923,0.9375
1355,307.8118898868561,0.16594823326989855,0.005420780181884766,0.00021071434020996093,0.00021369457244873046,0.9007352941176471
1360,308.91179180145264,0.3408495611663966,0.005732941627502442,0.00021762847900390624,0.0002198457717895508,0.8897058823529411
1365,309.99993085861206,0.5344322509365156,0.007539081573486328,0.00023474693298339844,0.00022039413452148437,0.9246323529411765
1370,311.0730628967285,0.5214742861174273,0.007851243019104004,0.00024166107177734376,0.00025556087493896487,0.9375
1375,312.16168093681335,0.34081180886464607,0.007851243019104004,0.00024166107177734376,0.00028574466705322266,0.8547794117647058
1380,313.286199092865,0.17576768998988257,0.005732941627502442,0.00021762847900390624,0.00023360252380371093,0.8327205882352942
1385,314.3885807991028,0.5002019057865255,0.005420780181884766,0.00021071434020996093,0.00018701553344726562,0.9172794117647058
1390,315.45683789253235,0.29456252880045214,0.006439042091369629,0.00022563934326171874,0.00023105144500732422,0.9264705882352942
1395,316.6850469112396,0.16270989127806387,0.004945063591003418,0.00021543502807617188,0.00023560523986816407,0.9136029411764706
1400,317.8259000778198,0.20653222617693245,0.005732941627502442,0.00021762847900390624,0.00021114349365234376,0.8952205882352942
1405,319.0071060657501,0.22111819249112158,0.0050268411636352536,0.00020961761474609376,0.0002084970474243164,0.9338235294117647
1410,320.13000988960266,0.16590577113820473,0.006669425964355468,0.00023837089538574218,0.00027930736541748047,0.9393382352941176
1415,321.24661779403687,0.10560094192624092,0.007539081573486328,0.00023474693298339844,0.00022633075714111327,0.9485294117647058
1420,322.4300398826599,0.16083623398153862,0.004632902145385742,0.00020852088928222657,0.00022678375244140626,0.9558823529411765
1425,323.61229372024536,0.3469746130009298,0.0050268411636352536,0.00020961761474609376,0.00020682811737060547,0.9558823529411765
1430,324.75852394104004,0.13522778349506553,0.006439042091369629,0.00022563934326171874,0.00023005008697509765,0.9466911764705882
1435,325.94219994544983,0.08183634112174332,0.006045103073120117,0.00022454261779785155,0.00021927356719970704,0.9264705882352942
1440,327.04712176322937,0.09552369401076248,0.005732941627502442,0.00021762847900390624,0.00024259090423583984,0.9227941176470589
1445,328.1265389919281,0.13805932421792305,0.005732941627502442,0.00021762847900390624,0.00019509792327880858,0.9117647058823529
1450,329.17934107780457,0.28115081564738204,0.004714679718017578,0.00020270347595214845,0.00018508434295654296,0.9209558823529411
1455,330.27704977989197,0.49277045308576817,0.004551124572753906,0.0002143383026123047,0.0002039194107055664,0.9375
1460,331.3709759712219,0.05600233081204351,0.007145142555236817,0.00023365020751953125,0.0002407550811767578,0.9595588235294118
1465,332.4470489025116,0.18065822613170895,0.006439042091369629,0.00022563934326171874,0.00021710395812988282,0.9503676470588235
1470,333.5686159133911,0.15633793217712083,0.006439042091369629,0.00022563934326171874,0.00023546218872070313,0.9411764705882353
1475,334.6572506427765,0.3691956313094124,0.005651164054870606,0.00022344589233398439,0.00024023056030273438,0.9356617647058824
1480,335.7607319355011,0.1586841773530992,0.004714679718017578,0.00020270347595214845,0.00018870830535888672,0.9430147058823529
1485,336.8429617881775,0.27607062904826307,0.006439042091369629,0.00022563934326171874,0.00024323463439941407,0.9430147058823529
1490,338.0112178325653,0.24839084799168915,0.006045103073120117,0.00022454261779785155,0.00023968219757080077,0.9264705882352942
1495,339.1198699474335,0.19451937285375606,0.005732941627502442,0.00021762847900390624,0.0002296924591064453,0.9172794117647058
1500,340.2697217464447,0.04812550289789215,0.004714679718017578,0.00020270347595214845,0.00020565986633300782,0.9172794117647058
1505,341.52281188964844,0.9298263512304402,0.005257225036621094,0.0002223491668701172,0.0002717256546020508,0.9430147058823529
1510,342.79113602638245,0.1605653286629604,0.006045103073120117,0.00022454261779785155,0.0002463102340698242,0.8860294117647058
1515,343.9018859863281,0.41743665500544014,0.00533900260925293,0.00021653175354003907,0.0002254962921142578,0.8676470588235294
1520,345.02482891082764,0.2614505623001634,0.006126880645751953,0.00021872520446777343,0.0002294778823852539,0.9209558823529411
1525,346.1435477733612,0.16169495023787023,0.007457304000854492,0.00024056434631347656,0.000266575813293457,0.9264705882352942
1530,347.27803802490234,0.14919883774909976,0.007539081573486328,0.00023474693298339844,0.0002794504165649414,0.9375
1535,348.3804588317871,0.18773575443856316,0.00683298110961914,0.00022673606872558594,0.0002283811569213867,0.9393382352941176
1540,349.48779487609863,0.024102706881296853,0.007226920127868653,0.00022783279418945313,0.00021514892578125,0.9448529411764706
1545,350.5764048099518,0.17795572487520986,0.005257225036621094,0.0002223491668701172,0.000238037109375,0.9338235294117647
1550,351.6984419822693,0.2070741911942605,0.005420780181884766,0.00021071434020996093,0.0002290964126586914,0.9264705882352942
1555,352.8603127002716,0.0359945304356188,0.007539081573486328,0.00023474693298339844,0.0002679109573364258,0.9411764705882353
1560,354.0035619735718,0.23453422568275073,0.004714679718017578,0.00020270347595214845,0.00020024776458740234,0.9485294117647058
1565,355.2241668701172,0.06414336628333217,0.006439042091369629,0.00022563934326171874,0.00021848678588867187,0.9503676470588235
1570,356.3694257736206,0.08749112556106411,0.006751203536987304,0.00023255348205566406,0.0002571821212768555,0.9485294117647058
1575,357.4614200592041,0.09045405080332784,0.006045103073120117,0.00022454261779785155,0.0002617835998535156,0.9485294117647058
1580,358.55600476264954,0.17416410751361583,0.005732941627502442,0.00021762847900390624,0.00020735263824462892,0.9448529411764706
1585,359.64778685569763,0.40228962968976845,0.0050268411636352536,0.00020961761474609376,0.00020565986633300782,0.9301470588235294
1590,360.8723998069763,0.1515124298981391,0.0042389631271362305,0.00020742416381835938,0.00022919178009033202,0.9430147058823529
1595,361.9798138141632,0.07273341144370989,0.006439042091369629,0.00022563934326171874,0.000251317024230957,0.9209558823529411
1600,363.0750629901886,0.2560383015312254,0.006045103073120117,0.00022454261779785155,0.00022628307342529297,0.9301470588235294
1605,364.19441986083984,0.2533805672888775,0.006439042091369629,0.00022563934326171874,0.0002470254898071289,0.9338235294117647
1610,365.3206379413605,0.2677121925655399,0.00533900260925293,0.00021653175354003907,0.00022878646850585938,0.9540441176470589
1615,366.44508481025696,0.05149698731402168,0.0058147192001342775,0.00021181106567382812,0.00020303726196289063,0.9577205882352942
1620,367.5555908679962,0.09921133412899508,0.00793302059173584,0.00023584365844726564,0.0002375364303588867,0.9577205882352942
1625,368.6175699234009,0.31664443450044927,0.00533900260925293,0.00021653175354003907,0.00020749568939208983,0.9613970588235294
1630,369.684800863266,0.11139171886655674,0.0050268411636352536,0.00020961761474609376,0.00022120475769042968,0.9650735294117647
1635,370.85465908050537,0.08627410838421383,0.007539081573486328,0.00023474693298339844,0.0002318859100341797,0.9577205882352942
1640,372.0061147212982,0.0974406242283294,0.008245182037353516,0.00024275779724121095,0.0002546548843383789,0.9613970588235294
1645,373.1510999202728,0.15934486905471204,0.006751203536987304,0.00023255348205566406,0.00026693344116210935,0.9485294117647058
1650,374.27858304977417,0.0570145783520303,0.00683298110961914,0.00022673606872558594,0.00024158954620361327,0.9485294117647058
1655,375.4546318054199,0.050192165490079786,0.006045103073120117,0.00022454261779785155,0.00024580955505371094,0.9430147058823529
1660,376.572527885437,0.16676145484817653,0.0058147192001342775,0.00021181106567382812,0.00019233226776123048,0.9466911764705882
1665,377.7454059123993,0.08875721355473161,0.005257225036621094,0.0002223491668701172,0.0002667427062988281,0.9466911764705882
1670,378.88448309898376,0.05827128107491717,0.006045103073120117,0.00022454261779785155,0.0002478361129760742,0.9393382352941176
1675,380.0401928424835,0.06655775469389483,0.004714679718017578,0.00020270347595214845,0.0002410888671875,0.9448529411764706
1680,381.1602518558502,0.05187392115658866,0.006439042091369629,0.00022563934326171874,0.0002450704574584961,0.9613970588235294
1685,382.2633399963379,0.0650367436101078,0.006357264518737793,0.00023145675659179686,0.0002488851547241211,0.9613970588235294
1690,383.3983647823334,0.06336182049562922,0.006045103073120117,0.00022454261779785155,0.0002191305160522461,0.9577205882352942
1695,384.4835579395294,0.1730426443440848,0.004714679718017578,0.00020270347595214845,0.00018258094787597655,0.9705882352941176
1700,385.65258383750916,0.5467183869146084,0.006751203536987304,0.00023255348205566406,0.0002649784088134766,0.9705882352941176
1705,386.7589178085327,0.09759314616395613,0.004632902145385742,0.00020852088928222657,0.0002092123031616211,0.9613970588235294
1710,387.87109303474426,0.033884329583997896,0.007145142555236817,0.00023365020751953125,0.00024366378784179688,0.9558823529411765
1715,388.97074484825134,0.07895501362924051,0.004320740699768066,0.00020160675048828126,0.0001870870590209961,0.9522058823529411
1720,390.1168088912964,0.4338460102705085,0.005732941627502442,0.00021762847900390624,0.00024712085723876953,0.9540441176470589
1725,391.22442173957825,0.11944381279615754,0.0050268411636352536,0.00020961761474609376,0.00020799636840820312,0.9577205882352942
1730,392.32659101486206,0.08313551396413602,0.005963325500488281,0.0002303600311279297,0.0002356290817260742,0.9724264705882353
1735,393.4802088737488,0.031147037289338188,0.008245182037353516,0.00024275779724121095,0.00025997161865234377,0.9503676470588235
1740,394.57606506347656,0.07584900475230967,0.005732941627502442,0.00021762847900390624,0.0002426624298095703,0.9558823529411765
1745,395.67196393013,0.041868604527348904,0.00533900260925293,0.00021653175354003907,0.00020139217376708985,0.9485294117647058
1750,396.7695348262787,0.379549821242108,0.005420780181884766,0.00021071434020996093,0.00020956993103027344,0.9448529411764706
1755,397.89591693878174,0.051265215569586076,0.004945063591003418,0.00021543502807617188,0.00022411346435546875,0.9466911764705882
1760,399.01135897636414,0.19075952920829878,0.00683298110961914,0.00022673606872558594,0.00025048255920410154,0.9430147058823529
1765,400.11802077293396,0.27420816807809273,0.006045103073120117,0.00022454261779785155,0.00024170875549316405,0.9209558823529411
1770,401.2135589122772,0.2283522609199622,0.005420780181884766,0.00021071434020996093,0.00019328594207763673,0.9080882352941176
1775,402.2663788795471,1.5368651289996706,0.004632902145385742,0.00020852088928222657,0.0001955747604370117,0.9319852941176471
1780,403.3702919483185,0.07519333135755915,0.006357264518737793,0.00023145675659179686,0.0002489805221557617,0.9393382352941176
1785,404.43751883506775,0.36356398172521837,0.0050268411636352536,0.00020961761474609376,0.00022461414337158204,0.9007352941176471
1790,405.57435178756714,0.2610251433263329,0.00533900260925293,0.00021653175354003907,0.00021829605102539063,0.9099264705882353
1795,406.67380571365356,0.16687012412730837,0.006751203536987304,0.00023255348205566406,0.00025992393493652345,0.9172794117647058
1800,407.77970480918884,0.12488869614899159,0.008639121055603027,0.00024385452270507811,0.0002732038497924805,0.9264705882352942
1805,408.9026608467102,0.354426706037043,0.007145142555236817,0.00023365020751953125,0.00025374889373779296,0.9338235294117647
1810,409.9757378101349,0.014875020360376823,0.007226920127868653,0.00022783279418945313,0.00021746158599853516,0.9338235294117647
1815,411.0139639377594,0.14088169359783934,0.005963325500488281,0.0002303600311279297,0.00023202896118164064,0.9356617647058824
1820,412.0352120399475,0.11546896490453946,0.0050268411636352536,0.00020961761474609376,0.0001861095428466797,0.9136029411764706
1825,413.06698083877563,0.12216403039747092,0.006520819664001465,0.00021982192993164062,0.00019893646240234374,0.9356617647058824
1830,414.1136887073517,0.2302816778912984,0.0050268411636352536,0.00020961761474609376,0.00018937587738037108,0.9448529411764706
1835,415.15083384513855,0.029415153960871975,0.00683298110961914,0.00022673606872558594,0.00021369457244873046,0.9466911764705882
1840,416.1799690723419,0.04322650074318659,0.005732941627502442,0.00021762847900390624,0.00020029544830322266,0.9503676470588235
1845,417.25219678878784,0.052291653865040644,0.006045103073120117,0.00022454261779785155,0.00020685195922851563,0.9485294117647058
1850,418.2941770553589,0.2179226453557021,0.007063364982604981,0.00023946762084960937,0.0002443075180053711,0.9338235294117647
1855,419.3265950679779,0.3525095125915129,0.005732941627502442,0.00021762847900390624,0.00020153522491455077,0.8970588235294118
1860,420.35179901123047,0.38706859000958505,0.003614640235900879,0.00019359588623046875,0.00015974044799804688,0.8970588235294118
1865,421.38590383529663,0.0577449182865621,0.00533900260925293,0.00021653175354003907,0.00020258426666259767,0.9191176470588235
1870,422.50156903266907,0.3085390182561241,0.006045103073120117,0.00022454261779785155,0.00023646354675292968,0.9099264705882353
1875,423.6156349182129,0.37789089973666706,0.006439042091369629,0.00022563934326171874,0.00023713111877441407,0.9319852941176471
1880,424.7396538257599,0.04980655601621038,0.005732941627502442,0.00021762847900390624,0.00021820068359375,0.9522058823529411
1885,425.8742756843567,0.13455621450120817,0.005732941627502442,0.00021762847900390624,0.0002216815948486328,0.9632352941176471
1890,427.03624081611633,0.16411088746972383,0.006914758682250976,0.00022091865539550782,0.00022246837615966797,0.9742647058823529
1895,428.1816740036011,0.22159965405462573,0.006751203536987304,0.00023255348205566406,0.0002586603164672852,0.9761029411764706
1900,429.31496500968933,0.23083014994090406,0.0050268411636352536,0.00020961761474609376,0.00022630691528320314,0.9761029411764706
1905,430.469584941864,0.054085791211413436,0.00683298110961914,0.00022673606872558594,0.00021600723266601562,0.9816176470588235
1910,431.5177390575409,0.0645072497642559,0.007539081573486328,0.00023474693298339844,0.00025327205657958983,0.9797794117647058
1915,432.6451938152313,0.13368320423760452,0.007145142555236817,0.00023365020751953125,0.00022552013397216796,0.9797794117647058
1920,433.7212347984314,0.26538072218609443,0.007851243019104004,0.00024166107177734376,0.00027692317962646484,0.9595588235294118
1925,434.764910697937,0.057482486069696394,0.005651164054870606,0.00022344589233398439,0.00022766590118408203,0.9540441176470589
1930,435.7959690093994,0.11681148793224168,0.005502557754516602,0.0002048969268798828,0.00017948150634765624,0.9558823529411765
1935,436.89104986190796,0.22056049449311957,0.006045103073120117,0.00022454261779785155,0.0002397298812866211,0.9522058823529411
1940,437.95857787132263,0.07580828987993442,0.005257225036621094,0.0002223491668701172,0.00022761821746826173,0.9283088235294118
1945,439.034038066864,0.22117474270999082,0.005420780181884766,0.00021071434020996093,0.00020835399627685546,0.9172794117647058
1950,440.1022310256958,0.04129971580514393,0.0050268411636352536,0.00020961761474609376,0.00019905567169189453,0.9485294117647058
1955,441.17718291282654,0.09034464284791284,0.007375526428222656,0.0002463817596435547,0.00027401447296142577,0.9613970588235294
1960,442.24519991874695,0.024319835838787184,0.006520819664001465,0.00021982192993164062,0.00023729801177978515,0.9705882352941176
1965,443.31362676620483,0.10682164694997028,0.00533900260925293,0.00021653175354003907,0.0002178192138671875,0.9724264705882353
1970,444.370445728302,0.433382734234533,0.005732941627502442,0.00021762847900390624,0.00021257400512695313,0.9742647058823529
1975,445.4133949279785,0.1194419460134725,0.00533900260925293,0.00021653175354003907,0.00020163059234619142,0.9632352941176471
1980,446.48573780059814,0.03514149166749263,0.006439042091369629,0.00022563934326171874,0.00020780563354492188,0.9577205882352942
1985,447.5217139720917,0.0575954624451839,0.00533900260925293,0.00021653175354003907,0.00019600391387939454,0.9540441176470589
1990,448.55092096328735,0.07719479502996478,0.006045103073120117,0.00022454261779785155,0.0002031564712524414,0.9558823529411765
1995,449.56840801239014,0.22863111585635637,0.004090356826782227,0.00018887519836425782,0.00013751983642578124,0.9522058823529411
2000,450.5985028743744,0.22611050903802835,0.005257225036621094,0.0002223491668701172,0.00020995140075683594,0.9797794117647058
2005,451.63082909584045,0.02660053920917562,0.007851243019104004,0.00024166107177734376,0.00023734569549560547,0.9669117647058824
2010,452.6632959842682,0.051254681103455366,0.006045103073120117,0.00022454261779785155,0.00021517276763916016,0.9613970588235294
2015,453.70269680023193,0.03600167164406685,0.005732941627502442,0.00021762847900390624,0.00020351409912109376,0.9522058823529411
2020,454.7555236816406,0.3306848117499612,0.006045103073120117,0.00022454261779785155,0.00021924972534179688,0.9503676470588235
2025,455.81167483329773,0.0907720772200264,0.004632902145385742,0.00020852088928222657,0.00021562576293945312,0.9522058823529411
2030,456.8923809528351,0.10480630209786028,0.006126880645751953,0.00021872520446777343,0.0002252817153930664,0.9522058823529411
2035,458.0386188030243,0.23717111423729875,0.006439042091369629,0.00022563934326171874,0.00024158954620361327,0.9577205882352942
2040,459.3141188621521,0.1980456397403046,0.00533900260925293,0.00021653175354003907,0.0002566337585449219,0.9632352941176471
2045,460.3717198371887,0.013818933846687287,0.004714679718017578,0.00020270347595214845,0.00018503665924072266,0.9650735294117647
2050,461.43648386001587,0.09905411955137425,0.005963325500488281,0.0002303600311279297,0.0002478361129760742,0.9632352941176471
2055,462.5388197898865,0.03632295525597442,0.005732941627502442,0.00021762847900390624,0.00022954940795898436,0.9742647058823529
2060,463.66221165657043,0.20307861095188856,0.004945063591003418,0.00021543502807617188,0.00023152828216552735,0.9742647058823529
2065,464.7736518383026,0.04962447292419654,0.00683298110961914,0.00022673606872558594,0.00024087429046630858,0.9742647058823529
2070,465.8911428451538,0.11393218416487798,0.007145142555236817,0.00023365020751953125,0.00026595592498779297,0.9724264705882353
2075,466.9987828731537,0.0439519074745931,0.007851243019104004,0.00024166107177734376,0.00026836395263671873,0.9632352941176471
2080,468.1136939525604,0.029481079903600004,0.007226920127868653,0.00022783279418945313,0.0002208709716796875,0.9632352941176471
2085,469.229603767395,0.4018677019955703,0.006439042091369629,0.00022563934326171874,0.00023343563079833985,0.9669117647058824
2090,470.3048927783966,0.0321712459801347,0.00533900260925293,0.00021653175354003907,0.00019972324371337892,0.9742647058823529
2095,471.37970781326294,0.029149974065512653,0.006126880645751953,0.00021872520446777343,0.00020813941955566406,0.9669117647058824
2100,472.45120787620544,0.08536545692769551,0.006751203536987304,0.00023255348205566406,0.0002599954605102539,0.9577205882352942
2105,473.5141999721527,0.13978146842971456,0.004402518272399902,0.00019578933715820314,0.0001670360565185547,0.9577205882352942
2110,474.5995237827301,0.03512844567898128,0.006439042091369629,0.00022563934326171874,0.0002236604690551758,0.96875
2115,475.66877698898315,0.055527138100299564,0.007145142555236817,0.00023365020751953125,0.00022678375244140626,0.9705882352941176
2120,476.73643589019775,0.048816566556081395,0.006357264518737793,0.00023145675659179686,0.00028994083404541013,0.9724264705882353
2125,478.09938883781433,0.12922001704830563,0.0050268411636352536,0.00020961761474609376,0.00022399425506591797,0.9742647058823529
2130,479.1886577606201,0.022377338021863126,0.0050268411636352536,0.00020961761474609376,0.00021519660949707032,0.9742647058823529
2135,480.23658180236816,0.06546458218035696,0.004551124572753906,0.0002143383026123047,0.00021567344665527344,0.9705882352941176
2140,481.3063817024231,0.06433286883402616,0.006126880645751953,0.00021872520446777343,0.00021054744720458985,0.9558823529411765
2145,482.36112093925476,0.16701974480920398,0.006751203536987304,0.00023255348205566406,0.00024042129516601562,0.9430147058823529
2150,483.46877884864807,0.03299678804367545,0.005732941627502442,0.00021762847900390624,0.0002277374267578125,0.96875
2155,484.62569069862366,0.053023156453858175,0.005732941627502442,0.00021762847900390624,0.00021920204162597656,0.9742647058823529
2160,485.6602909564972,0.013551311630226336,0.006520819664001465,0.00021982192993164062,0.00019490718841552734,0.9724264705882353
2165,486.71505880355835,0.0883543352398192,0.007145142555236817,0.00023365020751953125,0.00024309158325195313,0.9724264705882353
2170,487.8290870189667,0.3781328681391187,0.005420780181884766,0.00021071434020996093,0.00019941329956054687,0.9761029411764706
2175,488.9056477546692,0.07750242602196522,0.00533900260925293,0.00021653175354003907,0.0002146005630493164,0.9761029411764706
2180,489.9694757461548,0.04836685310226585,0.00683298110961914,0.00022673606872558594,0.00022287368774414061,0.9779411764705882
2185,491.0377857685089,0.044574958086263904,0.008245182037353516,0.00024275779724121095,0.00026280879974365233,0.9779411764705882
2190,492.15686082839966,0.06606973059824668,0.007457304000854492,0.00024056434631347656,0.0002664804458618164,0.9779411764705882
2195,493.22876381874084,0.012621130989056439,0.006126880645751953,0.00021872520446777343,0.000209808349609375,0.9779411764705882
2200,494.26343989372253,0.08766890272163579,0.006439042091369629,0.00022563934326171874,0.0002216815948486328,0.9779411764705882
2205,495.29393672943115,0.013032683010568747,0.005420780181884766,0.00021071434020996093,0.0001969575881958008,0.9816176470588235
2210,496.36505794525146,0.035411013197153805,0.005651164054870606,0.00022344589233398439,0.0002285003662109375,0.9816176470588235
2215,497.4475119113922,0.03832467920947522,0.00533900260925293,0.00021653175354003907,0.00020809173583984374,0.9797794117647058
2220,498.5072057247162,0.014612419559921364,0.005732941627502442,0.00021762847900390624,0.0002046823501586914,0.9834558823529411
2225,499.5468969345093,0.02406269104103558,0.006045103073120117,0.00022454261779785155,0.00024235248565673828,0.9816176470588235
2230,500.7593410015106,0.0348056998101697,0.006751203536987304,0.00023255348205566406,0.00024235248565673828,0.9797794117647058
2235,501.85064482688904,0.020114623416901622,0.006045103073120117,0.00022454261779785155,0.00021307468414306642,0.9816176470588235
2240,502.9253008365631,0.41681700982571784,0.004714679718017578,0.00020270347595214845,0.00019059181213378906,0.9816176470588235
2245,503.9893639087677,0.2602159507578392,0.006751203536987304,0.00023255348205566406,0.0002723217010498047,0.9595588235294118
2250,505.0480959415436,0.059181533852097346,0.0050268411636352536,0.00020961761474609376,0.00018541812896728517,0.9797794117647058
2255,506.12900495529175,0.01835572282307112,0.005732941627502442,0.00021762847900390624,0.0002166748046875,0.9779411764705882
2260,507.2666549682617,0.11203102600993589,0.005732941627502442,0.00021762847900390624,0.0002089977264404297,0.9797794117647058
2265,508.3215329647064,0.2388161774724736,0.0050268411636352536,0.00020961761474609376,0.0001838207244873047,0.9761029411764706
2270,509.36030101776123,0.12596565149589195,0.004632902145385742,0.00020852088928222657,0.00019598007202148438,0.9724264705882353
2275,510.3976287841797,0.03331330439223166,0.006357264518737793,0.00023145675659179686,0.00024259090423583984,0.9779411764705882
2280,511.4207489490509,0.1496982059945367,0.007851243019104004,0.00024166107177734376,0.00023875236511230468,0.9761029411764706
2285,512.4379367828369,0.01524188261537347,0.006126880645751953,0.00021872520446777343,0.000206756591796875,0.96875
2290,513.5769050121307,0.02947867820855663,0.005651164054870606,0.00022344589233398439,0.0002208709716796875,0.9595588235294118
2295,514.5956048965454,0.40844776435210406,0.0050268411636352536,0.00020961761474609376,0.00017614364624023436,0.9632352941176471
2300,515.6094217300415,0.10050288266320422,0.005732941627502442,0.00021762847900390624,0.00020189285278320311,0.9632352941176471
2305,516.6193437576294,0.5870441636084252,0.005732941627502442,0.00021762847900390624,0.00020666122436523436,0.9577205882352942
2310,517.7471258640289,0.23329925923935663,0.006045103073120117,0.00022454261779785155,0.0002088785171508789,0.9411764705882353
2315,518.7745687961578,0.009054698097135373,0.0051086187362670895,0.00020380020141601561,0.00017440319061279297,0.9485294117647058
2320,519.840069770813,1.1159245464198009,0.004945063591003418,0.00021543502807617188,0.00021567344665527344,0.9852941176470589
2325,520.8865058422089,0.06586196990708686,0.006357264518737793,0.00023145675659179686,0.00023212432861328126,0.9558823529411765
2330,521.9219388961792,0.20351622794557897,0.0050268411636352536,0.00020961761474609376,0.00019099712371826172,0.9466911764705882
2335,523.0003728866577,0.07476444245822193,0.006439042091369629,0.00022563934326171874,0.0002056121826171875,0.9540441176470589
2340,524.0525267124176,0.10966834292048588,0.006751203536987304,0.00023255348205566406,0.00025179386138916013,0.9503676470588235
2345,525.0990068912506,0.06710179321235188,0.008245182037353516,0.00024275779724121095,0.0002394437789916992,0.9522058823529411
2350,526.1366808414459,0.17780165732661005,0.00683298110961914,0.00022673606872558594,0.0002134561538696289,0.9283088235294118
2355,527.1584539413452,0.007207858120818855,0.007226920127868653,0.00022783279418945313,0.00020711421966552735,0.8860294117647058
2360,528.1953699588776,0.13035122752189637,0.005257225036621094,0.0002223491668701172,0.00021054744720458985,0.8933823529411765
2365,529.251621723175,0.77628507675836,0.005732941627502442,0.00021762847900390624,0.0002221822738647461,0.9466911764705882
2370,530.3480989933014,0.06428445354795258,0.00683298110961914,0.00022673606872558594,0.00023355484008789063,0.9485294117647058
2375,531.6106917858124,0.11110384092253298,0.004714679718017578,0.00020270347595214845,0.0001865386962890625,0.9466911764705882
2380,532.6882789134979,0.08474696704943199,0.006439042091369629,0.00022563934326171874,0.00024080276489257812,0.9411764705882353
2385,533.7642307281494,0.14964700777782128,0.006439042091369629,0.00022563934326171874,0.00021829605102539063,0.9430147058823529
2390,534.8237798213959,0.015494975928960741,0.006439042091369629,0.00022563934326171874,0.00020999908447265624,0.9338235294117647
2395,535.8650658130646,0.04477374255660038,0.006357264518737793,0.00023145675659179686,0.00023334026336669923,0.9007352941176471
2400,536.9702007770538,0.6953372612595559,0.0050268411636352536,0.00020961761474609376,0.00021283626556396485,0.9025735294117647
2405,538.11776471138,0.6911387181142346,0.0042389631271362305,0.00020742416381835938,0.00020034313201904296,0.9466911764705882
2410,539.2059528827667,0.03396406713000459,0.005420780181884766,0.00021071434020996093,0.0001951456069946289,0.9485294117647058
2415,540.321528673172,0.2608866859554837,0.005651164054870606,0.00022344589233398439,0.0002317190170288086,0.9503676470588235
2420,541.4767780303955,0.037121309530789404,0.006439042091369629,0.00022563934326171874,0.0002338409423828125,0.9503676470588235
2425,542.5884647369385,0.10333502584835656,0.005732941627502442,0.00021762847900390624,0.0002260923385620117,0.9632352941176471
2430,543.6277618408203,0.03774711388576293,0.005420780181884766,0.00021071434020996093,0.00018928050994873046,0.9705882352941176
2435,544.6736750602722,0.02294946083567311,0.00793302059173584,0.00023584365844726564,0.00022580623626708985,0.9650735294117647
2440,545.6967978477478,0.13506224669245057,0.006439042091369629,0.00022563934326171874,0.00022473335266113282,0.9650735294117647
2445,546.7121658325195,0.5931153063313104,0.004632902145385742,0.00020852088928222657,0.00018935203552246095,0.9669117647058824
2450,547.7423858642578,0.015343247208511457,0.007226920127868653,0.00022783279418945313,0.00022356510162353517,0.9742647058823529
2455,548.762532711029,0.06555672905280971,0.007851243019104004,0.00024166107177734376,0.00024001598358154298,0.9852941176470589
2460,549.8254599571228,0.07171750973211602,0.007145142555236817,0.00023365020751953125,0.00023736953735351563,0.9650735294117647
2465,550.8672456741333,0.02288118750089154,0.007145142555236817,0.00023365020751953125,0.00023195743560791015,0.9540441176470589
2470,551.9314298629761,0.024594820367246938,0.006045103073120117,0.00022454261779785155,0.00022900104522705078,0.9411764705882353
2475,552.969034910202,0.1945216969037588,0.0051086187362670895,0.00020380020141601561,0.0001635313034057617,0.9448529411764706
2480,554.0167627334595,0.030711542878998445,0.006045103073120117,0.00022454261779785155,0.00022029876708984375,0.9503676470588235
2485,555.117388010025,0.04354063833998225,0.005651164054870606,0.00022344589233398439,0.000237274169921875,0.9522058823529411
2490,556.1933629512787,0.026995826892181184,0.005732941627502442,0.00021762847900390624,0.00021669864654541015,0.9577205882352942
2495,557.2427468299866,0.02268784083787523,0.0050268411636352536,0.00020961761474609376,0.00019593238830566405,0.9595588235294118
2500,558.3007788658142,0.03943293616175651,0.007769465446472168,0.0002474784851074219,0.0002939939498901367,0.9577205882352942
2505,559.5980079174042,0.02293863573450352,0.005420780181884766,0.00021071434020996093,0.0001835346221923828,0.9503676470588235
2510,560.6938588619232,0.17485280478890672,0.0050268411636352536,0.00020961761474609376,0.00020020008087158204,0.9761029411764706
2515,561.7977080345154,0.8177556519629562,0.006045103073120117,0.00022454261779785155,0.0002343893051147461,0.9779411764705882
2520,562.8708937168121,0.04211249896161462,0.00533900260925293,0.00021653175354003907,0.00021507740020751954,0.9613970588235294
2525,563.9047088623047,0.02431215579927084,0.006439042091369629,0.00022563934326171874,0.00023517608642578124,0.9577205882352942
2530,564.9557209014893,0.3443914541509031,0.00533900260925293,0.00021653175354003907,0.00020182132720947266,0.9705882352941176
2535,565.9949398040771,0.10894049800633639,0.005732941627502442,0.00021762847900390624,0.00020678043365478515,0.9650735294117647
2540,567.0473520755768,0.22870999206309078,0.004402518272399902,0.00019578933715820314,0.0001528024673461914,0.9540441176470589
2545,568.1695899963379,0.2048490449786186,0.005963325500488281,0.0002303600311279297,0.0002451896667480469,0.96875
2550,569.2808368206024,0.018753448562000584,0.008245182037353516,0.00024275779724121095,0.0002382516860961914,0.9632352941176471
2555,570.3324987888336,0.14858187908976106,0.004945063591003418,0.00021543502807617188,0.00020029544830322266,0.9779411764705882
2560,571.3676469326019,0.021795991940319937,0.006439042091369629,0.00022563934326171874,0.00021381378173828124,0.9705882352941176
2565,572.4031348228455,0.21926491340091162,0.0050268411636352536,0.00020961761474609376,0.00017874240875244142,0.9724264705882353
2570,573.425619840622,0.08181726183975116,0.004945063591003418,0.00021543502807617188,0.00020673274993896485,0.9779411764705882
2575,574.4970228672028,0.2512681966942182,0.006520819664001465,0.00021982192993164062,0.00020492076873779297,0.9852941176470589
2580,575.5291128158569,0.2161980740240324,0.006439042091369629,0.00022563934326171874,0.00021626949310302735,0.9834558823529411
2585,576.5668778419495,0.14772276870307904,0.00533900260925293,0.00021653175354003907,0.00021538734436035156,0.9613970588235294
2590,577.6472980976105,0.02113398938609805,0.004320740699768066,0.00020160675048828126,0.00020382404327392578,0.96875
2595,578.7330858707428,0.14978740383231753,0.006669425964355468,0.00023837089538574218,0.0002711057662963867,0.9632352941176471
2600,579.7951350212097,0.15847991481559803,0.004714679718017578,0.00020270347595214845,0.00016279220581054686,0.9503676470588235
2605,580.8763499259949,0.05120828188373707,0.006357264518737793,0.00023145675659179686,0.00023090839385986328,0.9540441176470589
2610,581.9175369739532,0.09858084116931565,0.006439042091369629,0.00022563934326171874,0.00022664070129394532,0.9650735294117647
2615,582.9682297706604,0.08485254195984453,0.007539081573486328,0.00023474693298339844,0.00023827552795410156,0.9834558823529411
2620,584.0066118240356,0.0718564054074875,0.007851243019104004,0.00024166107177734376,0.000255584716796875,0.9761029411764706
2625,585.0659220218658,0.005644516407710398,0.006520819664001465,0.00021982192993164062,0.0002093791961669922,0.9742647058823529
2630,586.1616456508636,0.3718147497735799,0.006751203536987304,0.00023255348205566406,0.00024058818817138672,0.9816176470588235
2635,587.2247920036316,0.027498224880025644,0.00533900260925293,0.00021653175354003907,0.0002153158187866211,0.9540441176470589
2640,588.2377078533173,0.01711827889739794,0.0058147192001342775,0.00021181106567382812,0.00018520355224609374,0.9411764705882353
2645,589.2811698913574,0.46451295843562546,0.006045103073120117,0.00022454261779785155,0.00023066997528076172,0.9375
2650,590.578855752945,0.18085017295751413,0.005420780181884766,0.00021071434020996093,0.00018658638000488282,0.9705882352941176
2655,591.6184568405151,0.039295348228216655,0.006439042091369629,0.00022563934326171874,0.00020415782928466796,0.9852941176470589
2660,592.6710379123688,0.03245028571255091,0.006439042091369629,0.00022563934326171874,0.0002455949783325195,0.9834558823529411
2665,593.7499558925629,0.04344014901527089,0.006751203536987304,0.00023255348205566406,0.00024905204772949217,0.9834558823529411
2670,594.8427538871765,0.08308268003186328,0.00533900260925293,0.00021653175354003907,0.00020911693572998047,0.9834558823529411
2675,595.9179978370667,0.03746079141285463,0.004632902145385742,0.00020852088928222657,0.0001979351043701172,0.9797794117647058
2680,597.0203037261963,0.05618205270552608,0.004632902145385742,0.00020852088928222657,0.00021691322326660155,0.9761029411764706
2685,598.1867320537567,0.10633309365039167,0.005732941627502442,0.00021762847900390624,0.0002140045166015625,0.9577205882352942
2690,599.2417809963226,0.17436608201869602,0.006751203536987304,0.00023255348205566406,0.00023829936981201172,0.9632352941176471
2695,600.3060138225555,0.017612275249325647,0.006126880645751953,0.00021872520446777343,0.00021321773529052733,0.9816176470588235
2700,601.3597157001495,0.06671314742065988,0.00533900260925293,0.00021653175354003907,0.0002094268798828125,0.9816176470588235
2705,602.4259688854218,0.025256075018114645,0.007620859146118164,0.00022892951965332032,0.00021622180938720703,0.9816176470588235
2710,603.4901728630066,0.11319535607763101,0.006045103073120117,0.00022454261779785155,0.00023980140686035155,0.9779411764705882
2715,604.6110379695892,0.04392134165391752,0.005420780181884766,0.00021071434020996093,0.00019741058349609375,0.9779411764705882
2720,605.7607927322388,0.12921159812249386,0.005732941627502442,0.00021762847900390624,0.0002102375030517578,0.9797794117647058