#{"solver": {"engine": {"type": "ExactEngine"}, "semiring": "GraphSemiring"}, "networks": [{"name": "perc_net_version_1_NeSy", "module": "AD_V1_NeSy_2_net(\n  (conv1): Conv2d(3, 6, kernel_size=(5, 5), stride=(1, 1))\n  (pool): MaxPool2d(kernel_size=2, stride=2, padding=0, dilation=1, ceil_mode=False)\n  (conv2): Conv2d(6, 16, kernel_size=(5, 5), stride=(1, 1))\n  (fc1): Linear(in_features=400, out_features=120, bias=True)\n  (fc2): Linear(in_features=120, out_features=84, bias=True)\n  (fc3): Linear(in_features=84, out_features=12, bias=True)\n  (softmax): Softmax(dim=-1)\n)", "optimizer": "Adam (\nParameter Group 0\n    amsgrad: False\n    betas: (0.9, 0.999)\n    capturable: False\n    differentiable: False\n    eps: 1e-08\n    foreach: None\n    fused: None\n    lr: 0.001\n    maximize: False\n    weight_decay: 0\n)", "k": null}], "program": "nn(perc_net_version_1_NeSy,[Img],X,[0, 1, 2, 3, 4, 5, 6, 7, 8, 9, 10, 11])::cell_low(Img,X).\ncell_x(Img,0) :- cell_low(Img,Z), Z=0.\ncell_x(Img,0) :- cell_low(Img,Z), Z=4.\ncell_x(Img,0) :- cell_low(Img,Z), Z=8.\ncell_x(Img,1) :- cell_low(Img,Z), Z=1.\ncell_x(Img,1) :- cell_low(Img,Z), Z=5.\ncell_x(Img,1) :- cell_low(Img,Z), Z=9.\ncell_x(Img,2) :- cell_low(Img,Z), Z=2.\ncell_x(Img,2) :- cell_low(Img,Z), Z=6.\ncell_x(Img,2) :- cell_low(Img,Z), Z=10.\ncell_x(Img,3) :- cell_low(Img,Z), Z=3.\ncell_x(Img,3) :- cell_low(Img,Z), Z=7.\ncell_x(Img,3) :- cell_low(Img,Z), Z=11.\ncell_y(Img,0) :- cell_low(Img,Z), Z=0.\ncell_y(Img,0) :- cell_low(Img,Z), Z=1.\ncell_y(Img,0) :- cell_low(Img,Z), Z=2.\ncell_y(Img,0) :- cell_low(Img,Z), Z=3.\ncell_y(Img,1) :- cell_low(Img,Z), Z=4.\ncell_y(Img,1) :- cell_low(Img,Z), Z=5.\ncell_y(Img,1) :- cell_low(Img,Z), Z=6.\ncell_y(Img,1) :- cell_low(Img,Z), Z=7.\ncell_y(Img,2) :- cell_low(Img,Z), Z=8.\ncell_y(Img,2) :- cell_low(Img,Z), Z=9.\ncell_y(Img,2) :- cell_low(Img,Z), Z=10.\ncell_y(Img,2) :- cell_low(Img,Z), Z=11.\nattention_boundary(X,Y) :- X==1, Y=0.\nenlarged_boundary(X,Y) :- X==1, Y=1.\nenlarged_boundary(X,Y) :- X==2, Y=0.\nenlarged_boundary(X,Y) :- X==2, Y=1.\nout_of_view(X,Y) :- X==0; X==3; Y==2.\naction(Img,1) :- cell_x(Img,X1), cell_y(Img,Y1), attention_boundary(X1,Y1).\naction(Img,2) :- cell_x(Img,X2), cell_y(Img,Y2), enlarged_boundary(X2,Y2), \\+action(Img,1).\naction(Img,0) :- cell_x(Img,X3), cell_y(Img,Y3), out_of_view(X3,Y3), \\+action(Img,2), \\+action(Img,1).\n"}
#Accuracy 0.9836601307189542
i,time,loss,ground_time,compile_time,eval_time,accuracy
5,0.10096192359924316,1.1376095801591872,0.010891485214233398,0.0017973423004150391,0.001592397689819336,0.3235294117647059
10,2.310163974761963,1.1061259329319,0.014226746559143067,0.0022072076797485353,0.0017472505569458008,0.3235294117647059
15,4.3877270221710205,1.3829605668783187,0.013511013984680176,0.002175784111022949,0.0017119169235229493,0.3235294117647059
20,6.453732967376709,1.4507591009140015,0.013134646415710449,0.002070784568786621,0.0016780853271484374,0.3235294117647059
25,8.524909019470215,1.3532467305660247,0.012758278846740722,0.001965785026550293,0.0016871929168701173,0.3235294117647059
30,10.602095127105713,1.1094264149665833,0.013680696487426758,0.002138996124267578,0.0017247438430786134,0.3415032679738562
35,12.678713083267212,1.1562960982322692,0.013887381553649903,0.002280783653259277,0.0017027854919433594,0.3235294117647059
40,14.74668002128601,1.0396454274654388,0.014603114128112793,0.0023122072219848634,0.001834702491760254,0.3235294117647059
45,16.82799005508423,1.319905948638916,0.012758278846740722,0.001965785026550293,0.0016961097717285156,0.3235294117647059
50,18.89850902557373,1.140834528207779,0.013680696487426758,0.002138996124267578,0.0016776323318481445,0.3235294117647059
55,20.964513063430786,1.1184442818164826,0.013304328918457032,0.00203399658203125,0.0016604423522949218,0.3611111111111111
60,23.020024061203003,1.120511883497238,0.012795281410217286,0.0021443605422973634,0.0016902685165405273,0.3415032679738562
65,25.07741093635559,1.1749879181385041,0.013511013984680176,0.002175784111022949,0.0016652584075927735,0.3627450980392157
70,27.096604824066162,1.0702302694320678,0.011835861206054687,0.001792573928833008,0.0015854358673095704,0.3415032679738562
75,29.115901947021484,1.2712207734584808,0.014396429061889648,0.002170419692993164,0.0016946792602539062,0.3235294117647059
80,31.14240288734436,1.1933197498321533,0.012588596343994141,0.002002573013305664,0.0016741514205932616,0.3235294117647059
85,33.1639678478241,1.1866392493247986,0.011666178703308105,0.0018293619155883788,0.0016070842742919923,0.35130718954248363
90,35.20261597633362,1.1291447639465333,0.012964963912963867,0.002107572555541992,0.0016523838043212891,0.3415032679738562
95,37.219233989715576,1.2247780859470367,0.013341331481933593,0.0022125720977783205,0.001690983772277832,0.3415032679738562
100,39.24155282974243,1.110584443807602,0.013304328918457032,0.00203399658203125,0.0016836166381835938,0.4150326797385621
105,41.25538492202759,1.0984333753585815,0.013511013984680176,0.002175784111022949,0.0016880273818969727,0.3235294117647059
110,43.27883291244507,1.124694687128067,0.012964963912963867,0.002107572555541992,0.0016839027404785157,0.3431372549019608
115,45.303356885910034,1.1293947339057921,0.012212228775024415,0.001897573471069336,0.0017139673233032226,0.34967320261437906
120,47.32079005241394,1.1775086045265197,0.013680696487426758,0.002138996124267578,0.0016963481903076172,0.3415032679738562
125,49.33985686302185,1.1349693298339845,0.01371769905090332,0.0023175716400146485,0.0017534971237182617,0.4444444444444444
130,51.40825796127319,1.1043053269386292,0.014226746559143067,0.0022072076797485353,0.0017093896865844726,0.3235294117647059
135,53.43873691558838,1.1051441431045532,0.013511013984680176,0.002175784111022949,0.0016676664352416992,0.3235294117647059
140,55.46074104309082,1.1836297452449798,0.013134646415710449,0.002070784568786621,0.001685953140258789,0.3235294117647059
145,57.4734468460083,1.0565882980823518,0.014057064056396484,0.0022439956665039062,0.0017523527145385741,0.37254901960784315
150,59.50098395347595,1.1399895429611206,0.013304328918457032,0.00203399658203125,0.001645517349243164,0.3235294117647059
155,61.528512954711914,1.033156269788742,0.014396429061889648,0.002170419692993164,0.001708054542541504,0.3235294117647059
160,63.5370819568634,1.1803819835186005,0.012795281410217286,0.0021443605422973634,0.0016325712203979492,0.3235294117647059
165,65.56330704689026,1.108012068271637,0.013887381553649903,0.002280783653259277,0.0017144918441772462,0.5196078431372549
170,67.59517788887024,1.0790050148963928,0.013887381553649903,0.002280783653259277,0.0016885519027709961,0.3349673202614379
175,69.6222620010376,1.0772942125797271,0.013341331481933593,0.0022125720977783205,0.001685166358947754,0.3349673202614379
180,71.63532781600952,1.0859166145324708,0.013680696487426758,0.002138996124267578,0.00169064998626709,0.3349673202614379
185,73.6681740283966,1.1048560380935668,0.012588596343994141,0.002002573013305664,0.0016795158386230468,0.3349673202614379
190,75.68865895271301,1.1060116112232208,0.014226746559143067,0.0022072076797485353,0.0016911745071411133,0.3349673202614379
195,77.7018129825592,1.116304612159729,0.012758278846740722,0.001965785026550293,0.0016919851303100586,0.3349673202614379
200,79.72030305862427,1.0871242165565491,0.012758278846740722,0.001965785026550293,0.001650857925415039,0.3415032679738562
205,81.74591779708862,1.0741509020328521,0.013134646415710449,0.002070784568786621,0.00167694091796875,0.3415032679738562
210,83.7712049484253,1.101188600063324,0.014772796630859375,0.002275419235229492,0.0017446756362915039,0.3235294117647059
215,85.79379510879517,1.1343973338603974,0.013511013984680176,0.002175784111022949,0.0017368316650390625,0.3235294117647059
220,87.8108139038086,0.9937693178653717,0.01443343162536621,0.0023489952087402343,0.0017242431640625,0.3235294117647059
225,89.8321578502655,1.108751606941223,0.013680696487426758,0.002138996124267578,0.0017240285873413087,0.3235294117647059
230,91.90356707572937,1.146230435371399,0.013341331481933593,0.0022125720977783205,0.0016727209091186523,0.3235294117647059
235,93.91572880744934,1.0411667287349702,0.012758278846740722,0.001965785026550293,0.0016413211822509765,0.7565359477124183
240,95.95126986503601,1.097384411096573,0.013511013984680176,0.002175784111022949,0.001720261573791504,0.3611111111111111
245,97.97614789009094,0.9869729280471802,0.013341331481933593,0.0022125720977783205,0.001697874069213867,0.6928104575163399
250,99.9944519996643,0.9773069441318512,0.012758278846740722,0.001965785026550293,0.0016983270645141602,0.7630718954248366
255,102.01554679870605,0.914772754907608,0.014057064056396484,0.0022439956665039062,0.0017013311386108398,0.75
260,104.03269815444946,0.8469765543937683,0.013511013984680176,0.002175784111022949,0.0017134428024291992,0.6764705882352942
265,106.12503790855408,0.6075958281755447,0.012381911277770996,0.0018607854843139648,0.0016255140304565429,0.6797385620915033
270,108.14578771591187,0.7387723922729492,0.014057064056396484,0.0022439956665039062,0.0016707897186279297,0.6977124183006536
275,110.16799402236938,0.7981991074979305,0.013680696487426758,0.002138996124267578,0.0016763687133789062,0.6535947712418301
280,112.18763208389282,0.48901439011096953,0.014226746559143067,0.0022072076797485353,0.001702427864074707,0.6781045751633987
285,114.18886494636536,0.46888668090105057,0.013680696487426758,0.002138996124267578,0.0016819953918457032,0.7189542483660131
290,116.21217679977417,0.4770189501345158,0.013134646415710449,0.002070784568786621,0.0016143083572387694,0.7908496732026143
295,118.22923994064331,0.49883680790662766,0.012964963912963867,0.002107572555541992,0.0016770124435424804,0.7581699346405228
300,120.20976185798645,0.599801873229444,0.012927961349487305,0.001928997039794922,0.0015887022018432617,0.7630718954248366
305,122.18310904502869,0.5251860773190856,0.012964963912963867,0.002107572555541992,0.0016206979751586914,0.8137254901960784
310,124.18861484527588,0.3424872984178364,0.013511013984680176,0.002175784111022949,0.0016563653945922852,0.8284313725490197
315,126.24500608444214,0.36120060733519493,0.01443343162536621,0.0023489952087402343,0.001738905906677246,0.8529411764705882
320,128.2280638217926,0.5323685601353645,0.013134646415710449,0.002070784568786621,0.0016525983810424805,0.8611111111111112
325,130.2021927833557,0.35813505870755763,0.013134646415710449,0.002070784568786621,0.0016167640686035156,0.8366013071895425
330,132.18507194519043,0.24357109952397876,0.013304328918457032,0.00203399658203125,0.0015925884246826172,0.8366013071895425
335,134.13791489601135,0.4988133100880077,0.013511013984680176,0.002175784111022949,0.0016653776168823243,0.8284313725490197
340,136.05598402023315,0.3022575942100957,0.014057064056396484,0.0022439956665039062,0.0016950130462646484,0.803921568627451
345,137.97772693634033,0.7018919609254226,0.01443343162536621,0.0023489952087402343,0.001705169677734375,0.7924836601307189
350,139.9145908355713,0.4335205695300829,0.013304328918457032,0.00203399658203125,0.0016334772109985352,0.869281045751634
355,141.8444218635559,0.7641017261892558,0.012588596343994141,0.002002573013305664,0.0015048980712890625,0.8382352941176471
360,143.80207777023315,0.2929241950419964,0.01385037899017334,0.002102208137512207,0.0016682147979736328,0.8284313725490197
365,145.8975179195404,0.2948795455973595,0.012588596343994141,0.002002573013305664,0.0016469717025756835,0.826797385620915
370,147.90560293197632,0.6040354658849537,0.013887381553649903,0.002280783653259277,0.0016762495040893554,0.8235294117647058
375,149.8967490196228,0.5121213208884001,0.011666178703308105,0.0018293619155883788,0.0015759229660034179,0.8529411764705882
380,151.87949204444885,0.38053472921601494,0.014396429061889648,0.002170419692993164,0.001678633689880371,0.8382352941176471
385,153.84569692611694,0.28102630856155886,0.012758278846740722,0.001965785026550293,0.0015702247619628906,0.8300653594771242
390,155.81732201576233,0.32142643886618316,0.012042546272277832,0.001934361457824707,0.0016052722930908203,0.8202614379084967
395,157.75783896446228,0.31666765403970204,0.012964963912963867,0.002107572555541992,0.001571512222290039,0.8202614379084967
400,159.68000411987305,0.5426343748345971,0.012795281410217286,0.0021443605422973634,0.0015868663787841797,0.8382352941176471
405,161.61803793907166,0.16313400855069632,0.013304328918457032,0.00203399658203125,0.0015722990036010742,0.8856209150326797
410,163.48513293266296,0.6098319934681058,0.013134646415710449,0.002070784568786621,0.001555800437927246,0.8660130718954249
415,165.40332007408142,0.27002062276005745,0.013341331481933593,0.0022125720977783205,0.0016324043273925782,0.8186274509803921
420,167.31509399414062,0.5125935883261548,0.012758278846740722,0.001965785026550293,0.0015894651412963867,0.8823529411764706
425,169.2287199497223,0.4067479383200407,0.012588596343994141,0.002002573013305664,0.001539134979248047,0.8545751633986928
430,171.14501810073853,0.38735809703357515,0.01443343162536621,0.0023489952087402343,0.0016996622085571288,0.8578431372549019
435,173.07685089111328,0.2963582481410413,0.014057064056396484,0.0022439956665039062,0.0016904830932617187,0.8937908496732027
440,175.0002098083496,0.29684302750974895,0.013134646415710449,0.002070784568786621,0.0015843629837036133,0.8986928104575164
445,176.9231038093567,0.28849113196338294,0.012964963912963867,0.002107572555541992,0.001599574089050293,0.8986928104575164
450,178.81065893173218,0.30582537202481036,0.014603114128112793,0.0023122072219848634,0.0016417980194091796,0.8970588235294118
455,180.69865107536316,0.07529226460224833,0.01385037899017334,0.002102208137512207,0.001543736457824707,0.8839869281045751
460,182.56831574440002,0.2618103859014994,0.013474011421203613,0.001997208595275879,0.0014884471893310547,0.8856209150326797
465,184.43360590934753,0.29837260488420725,0.012964963912963867,0.002107572555541992,0.0015159368515014649,0.8758169934640523
470,186.29291009902954,0.4762948343530297,0.01371769905090332,0.0023175716400146485,0.0017014503479003905,0.9101307189542484
475,188.15327095985413,0.22488126159360036,0.014263749122619629,0.0023857831954956056,0.001693892478942871,0.7941176470588235
480,190.01838207244873,0.3348346861297614,0.013511013984680176,0.002175784111022949,0.0015513896942138672,0.8725490196078431
485,191.88639998435974,0.3115190291936415,0.013134646415710449,0.002070784568786621,0.0015244722366333009,0.9019607843137255
490,193.79975080490112,0.2639787489269111,0.012758278846740722,0.001965785026550293,0.0014950752258300782,0.9068627450980392
495,195.65933990478516,0.17637165298438048,0.014057064056396484,0.0022439956665039062,0.0016269445419311523,0.9084967320261438
500,197.52861213684082,0.21684636027084708,0.013134646415710449,0.002070784568786621,0.0014823675155639648,0.9133986928104575
505,199.39222693443298,0.12335483596948507,0.012927961349487305,0.001928997039794922,0.0015773773193359375,0.8905228758169934
510,201.25129175186157,0.334765419724863,0.012588596343994141,0.002002573013305664,0.0014487504959106445,0.9264705882352942
515,203.1206738948822,0.2883682905492151,0.014603114128112793,0.0023122072219848634,0.0016697883605957032,0.9313725490196079
520,205.0060839653015,0.3977453748492238,0.014226746559143067,0.0022072076797485353,0.0016215085983276368,0.9199346405228758
525,206.88498306274414,0.2950798065401742,0.013887381553649903,0.002280783653259277,0.001634693145751953,0.9133986928104575
530,208.76199388504028,0.21193365790504687,0.014057064056396484,0.0022439956665039062,0.0016399383544921874,0.9068627450980392
535,210.64665174484253,0.08414289404775133,0.013887381553649903,0.002280783653259277,0.0016544103622436524,0.9133986928104575
540,212.5132851600647,0.08249870367126277,0.012758278846740722,0.001965785026550293,0.0014177322387695312,0.9101307189542484
545,214.37127900123596,0.1432960409674024,0.013134646415710449,0.002070784568786621,0.0014887094497680665,0.9183006535947712
550,216.21617889404297,0.30402586474083365,0.012795281410217286,0.0021443605422973634,0.0015401363372802735,0.9133986928104575
555,218.04772305488586,0.042210830988551606,0.013304328918457032,0.00203399658203125,0.0014910697937011719,0.9330065359477124
560,219.87087512016296,0.182965529091598,0.013341331481933593,0.0022125720977783205,0.0016022682189941405,0.9215686274509803
565,221.69100785255432,0.2870610044015848,0.014226746559143067,0.0022072076797485353,0.0015490293502807618,0.9428104575163399
570,223.48790502548218,0.09569678770712926,0.012758278846740722,0.001965785026550293,0.0014209747314453125,0.8921568627450981
575,225.31989097595215,0.5190998595830024,0.012964963912963867,0.002107572555541992,0.0014978647232055664,0.9052287581699346
580,227.175390958786,0.6657796003204567,0.014020061492919922,0.002065420150756836,0.0015223026275634766,0.9183006535947712
585,229.0036268234253,0.1199547730077029,0.014057064056396484,0.0022439956665039062,0.0015514135360717774,0.9248366013071896
590,230.8604929447174,0.09286037316096554,0.013680696487426758,0.002138996124267578,0.0015418291091918944,0.9297385620915033
595,232.7231800556183,0.26241085527290126,0.014057064056396484,0.0022439956665039062,0.0015977859497070313,0.9330065359477124
600,234.59953999519348,0.3261671040672809,0.012212228775024415,0.001897573471069336,0.0015025377273559571,0.9297385620915033
605,236.48092699050903,0.3245351680787792,0.013680696487426758,0.002138996124267578,0.0016163349151611327,0.9281045751633987
610,238.35400009155273,0.28461040165275336,0.012418913841247558,0.0020393610000610353,0.0014518976211547851,0.9313725490196079
615,240.22841501235962,0.04816900384638245,0.014057064056396484,0.0022439956665039062,0.001578068733215332,0.9281045751633987
620,242.10935592651367,0.04875379051664197,0.013887381553649903,0.002280783653259277,0.0016024112701416016,0.9068627450980392
625,243.98395991325378,0.30002953549847006,0.013134646415710449,0.002070784568786621,0.0016039133071899414,0.9199346405228758
630,245.85799384117126,0.07976027565319158,0.012758278846740722,0.001965785026550293,0.0014541864395141602,0.9215686274509803
635,247.72691202163696,0.10960437868489023,0.014226746559143067,0.0022072076797485353,0.001599264144897461,0.9166666666666666
640,249.59154295921326,0.10564473548438542,0.012964963912963867,0.002107572555541992,0.0015406608581542969,0.9133986928104575
645,251.43145179748535,0.07861454456015053,0.01385037899017334,0.002102208137512207,0.0015820503234863282,0.9101307189542484
650,253.26939392089844,0.9630359190516316,0.014263749122619629,0.0023857831954956056,0.001664423942565918,0.8888888888888888
655,255.1060700416565,0.14099638057698485,0.013680696487426758,0.002138996124267578,0.0015470266342163086,0.8905228758169934
660,256.95205879211426,0.46197556345723567,0.012588596343994141,0.002002573013305664,0.001434469223022461,0.9084967320261438
665,258.8715760707855,0.2994747356940479,0.013474011421203613,0.001997208595275879,0.0015184879302978516,0.880718954248366
670,260.7869539260864,0.5527884459610505,0.012964963912963867,0.002107572555541992,0.0015988826751708984,0.9199346405228758
675,262.71252608299255,0.3623033313160704,0.013887381553649903,0.002280783653259277,0.0016870975494384765,0.8970588235294118
680,264.64841890335083,0.2456914260867052,0.011666178703308105,0.0018293619155883788,0.0015128612518310546,0.8954248366013072
685,266.5734279155731,0.16831694282786885,0.014189743995666504,0.002028632164001465,0.0016524314880371094,0.9019607843137255
690,268.49146580696106,0.16442995257687015,0.012964963912963867,0.002107572555541992,0.0015851736068725586,0.9068627450980392
695,270.402578830719,0.1695133138375411,0.012588596343994141,0.002002573013305664,0.0015275955200195312,0.9035947712418301
700,272.30694794654846,0.15791402398616583,0.012042546272277832,0.001934361457824707,0.0014776468276977539,0.9003267973856209
705,274.20242404937744,0.23521492471918606,0.012964963912963867,0.002107572555541992,0.0016037702560424804,0.9084967320261438
710,276.0864999294281,0.26052731339841556,0.013680696487426758,0.002138996124267578,0.0015528678894042968,0.9281045751633987
715,277.9560499191284,0.40796850393526257,0.013134646415710449,0.002070784568786621,0.0016086339950561524,0.9379084967320261
720,279.8482930660248,0.19520847527310253,0.013341331481933593,0.0022125720977783205,0.0016265869140625,0.9428104575163399
725,281.74868083000183,0.08377624503377774,0.013134646415710449,0.002070784568786621,0.0015590906143188477,0.9379084967320261
730,283.6407129764557,0.3460482652881183,0.012042546272277832,0.001934361457824707,0.0015788555145263671,0.9411764705882353
735,285.52960205078125,0.03637817516610085,0.014226746559143067,0.0022072076797485353,0.0016307353973388672,0.9411764705882353
740,287.4098610877991,0.05923045367553783,0.013887381553649903,0.002280783653259277,0.0015842914581298828,0.9395424836601307
745,289.2807950973511,0.13690491633460625,0.013680696487426758,0.002138996124267578,0.00163724422454834,0.9411764705882353
750,291.1859540939331,0.07705662838270796,0.012418913841247558,0.0020393610000610353,0.001457953453063965,0.9379084967320261
755,293.0357949733734,0.5205193437929324,0.01443343162536621,0.0023489952087402343,0.0016204595565795898,0.9330065359477124
760,294.89937686920166,0.030574365769746238,0.014396429061889648,0.002170419692993164,0.0015315532684326172,0.9297385620915033
765,296.7830159664154,0.11197926802560829,0.013474011421203613,0.001997208595275879,0.0014720201492309571,0.8921568627450981
770,298.6672809123993,0.13972617314430097,0.012758278846740722,0.001965785026550293,0.0014828920364379882,0.8741830065359477
775,300.5684337615967,0.2632766111055389,0.013548016548156738,0.0023543596267700194,0.0016597509384155273,0.9215686274509803
780,302.4515368938446,0.3734148770570755,0.014263749122619629,0.0023857831954956056,0.0017374038696289062,0.9330065359477124
785,304.32653999328613,0.054719433270014405,0.014057064056396484,0.0022439956665039062,0.0015983819961547852,0.9379084967320261
790,306.1824378967285,0.2580970418523073,0.012588596343994141,0.002002573013305664,0.0014429330825805665,0.934640522875817
795,308.02491784095764,0.10625890555384174,0.013680696487426758,0.002138996124267578,0.0015372753143310547,0.9313725490196079
800,309.87079095840454,0.15814225306603474,0.013134646415710449,0.002070784568786621,0.0015341758728027344,0.9395424836601307
805,311.6899049282074,0.018501103606832457,0.013511013984680176,0.002175784111022949,0.0016236543655395509,0.9248366013071896
810,313.5131108760834,0.22679300623867676,0.012381911277770996,0.0018607854843139648,0.0014734983444213868,0.9101307189542484
815,315.3345398902893,0.3170915129760033,0.013304328918457032,0.00203399658203125,0.0014827728271484375,0.9215686274509803
820,317.16068983078003,0.153063190483045,0.014057064056396484,0.0022439956665039062,0.001598024368286133,0.9411764705882353
825,319.01089096069336,0.14132700823383998,0.014603114128112793,0.0023122072219848634,0.0017154216766357422,0.9428104575163399
830,320.867390871048,0.2478885247837752,0.014057064056396484,0.0022439956665039062,0.0016531229019165039,0.9395424836601307
835,322.7680559158325,0.11421952845412733,0.013887381553649903,0.002280783653259277,0.0016135454177856445,0.9395424836601307
840,324.6322989463806,0.03742311180485629,0.013511013984680176,0.002175784111022949,0.0015799760818481444,0.9313725490196079
845,326.4885609149933,0.08693165336173933,0.013680696487426758,0.002138996124267578,0.0014784097671508788,0.9297385620915033
850,328.3483729362488,0.05637071520832251,0.012042546272277832,0.001934361457824707,0.0013682126998901367,0.9395424836601307
855,330.1965289115906,0.08011278426929494,0.013511013984680176,0.002175784111022949,0.001613306999206543,0.9362745098039216
860,332.0498831272125,0.19984630974940956,0.013134646415710449,0.002070784568786621,0.0015392065048217773,0.9362745098039216
865,333.880578994751,0.07878675597823985,0.012964963912963867,0.002107572555541992,0.001521754264831543,0.9330065359477124
870,335.705274105072,0.020830918463389025,0.014226746559143067,0.0022072076797485353,0.001589488983154297,0.9330065359477124
875,337.50209498405457,0.4072365345303751,0.013134646415710449,0.002070784568786621,0.0014131784439086914,0.9411764705882353
880,339.3060028553009,0.3154453175644448,0.012964963912963867,0.002107572555541992,0.0014947891235351563,0.9509803921568627
885,341.11790108680725,0.3672628395317588,0.013474011421203613,0.001997208595275879,0.0015191316604614257,0.9395424836601307
890,342.9184718132019,0.15966151228276643,0.014603114128112793,0.0023122072219848634,0.0016137361526489258,0.9313725490196079
895,344.8086738586426,0.07909500915122862,0.013474011421203613,0.001997208595275879,0.0014565467834472656,0.9379084967320261
900,346.6374897956848,0.10375375199027985,0.013887381553649903,0.002280783653259277,0.0015886783599853515,0.946078431372549
905,348.46385979652405,0.054652894871833266,0.012588596343994141,0.002002573013305664,0.0014832019805908203,0.9428104575163399
910,350.29873991012573,0.28756876797415387,0.013680696487426758,0.002138996124267578,0.0015714645385742187,0.9477124183006536
915,352.12179613113403,0.0659954808659677,0.012418913841247558,0.0020393610000610353,0.0014464855194091797,0.946078431372549
920,353.95386600494385,0.03325515749893384,0.013511013984680176,0.002175784111022949,0.0015705347061157227,0.9477124183006536
925,355.830974817276,0.038756054195255275,0.014226746559143067,0.0022072076797485353,0.0015590906143188477,0.9493464052287581
930,357.6566798686981,0.19827640529256313,0.013134646415710449,0.002070784568786621,0.0015565872192382813,0.9379084967320261
935,359.4840450286865,0.03277652630349692,0.012964963912963867,0.002107572555541992,0.0014913320541381837,0.9395424836601307
940,361.3183259963989,0.09681458593204298,0.013680696487426758,0.002138996124267578,0.0015305280685424805,0.9428104575163399
945,363.1550567150116,0.12973605583529207,0.013134646415710449,0.002070784568786621,0.0014832258224487306,0.9379084967320261
950,364.99534487724304,0.05507219989231373,0.014226746559143067,0.0022072076797485353,0.0015578746795654296,0.9330065359477124
955,366.80692505836487,0.2073468332426728,0.014057064056396484,0.0022439956665039062,0.0016077518463134765,0.9183006535947712
960,368.5907289981842,0.62395204102163,0.013887381553649903,0.002280783653259277,0.0015340566635131836,0.9248366013071896
965,370.3822729587555,0.4596311467073974,0.012758278846740722,0.001965785026550293,0.0014691114425659179,0.9297385620915033
970,372.18344593048096,0.32645422514942835,0.01385037899017334,0.002102208137512207,0.0014640092849731445,0.9166666666666666
975,374.0051109790802,0.406258148681809,0.012588596343994141,0.002002573013305664,0.0014888525009155273,0.9297385620915033
980,375.842148065567,0.3044329486721864,0.013341331481933593,0.0022125720977783205,0.0015944480895996095,0.9150326797385621
985,377.6998357772827,0.08090872691253707,0.012212228775024415,0.001897573471069336,0.001440882682800293,0.9101307189542484
990,379.55846977233887,0.12431103916751525,0.013474011421203613,0.001997208595275879,0.0015511035919189454,0.9101307189542484
995,381.4365990161896,0.15235542616574094,0.014057064056396484,0.0022439956665039062,0.001677227020263672,0.9166666666666666
1000,383.3233070373535,0.057538402383283935,0.012212228775024415,0.001897573471069336,0.0015023231506347656,0.9199346405228758
1005,385.2212669849396,0.18448325811186805,0.011496496200561524,0.00186614990234375,0.0014773130416870118,0.9150326797385621
1010,387.1412808895111,0.07302707799244743,0.013134646415710449,0.002070784568786621,0.001534891128540039,0.9133986928104575
1015,389.00094413757324,0.11973773438076592,0.013511013984680176,0.002175784111022949,0.0015897750854492188,0.9281045751633987
1020,390.8544738292694,0.31423771135741846,0.013680696487426758,0.002138996124267578,0.0016401052474975587,0.9477124183006536
1025,392.7102761268616,0.21486068349331616,0.012964963912963867,0.002107572555541992,0.0015846729278564454,0.946078431372549
1030,394.5681369304657,0.1473644472432852,0.013341331481933593,0.0022125720977783205,0.0015653848648071289,0.9493464052287581
1035,396.42248582839966,0.23238752111428768,0.012212228775024415,0.001897573471069336,0.0014634847640991211,0.9493464052287581
1040,398.282114982605,0.035320678353321,0.013680696487426758,0.002138996124267578,0.0016242504119873048,0.9362745098039216
1045,400.1425657272339,0.01802329594522689,0.013887381553649903,0.002280783653259277,0.0015706539154052735,0.9313725490196079
1050,401.99704790115356,0.10759078208338976,0.014057064056396484,0.0022439956665039062,0.0016710996627807618,0.9330065359477124
1055,403.83109879493713,0.038710837266989984,0.012964963912963867,0.002107572555541992,0.0015342950820922852,0.9330065359477124
1060,405.66375184059143,0.6580620651985655,0.013680696487426758,0.002138996124267578,0.0015117168426513673,0.9362745098039216
1065,407.4984917640686,0.02005067978777788,0.014603114128112793,0.0023122072219848634,0.0016184091567993165,0.934640522875817
1070,409.3494870662689,0.019574724487029727,0.012927961349487305,0.001928997039794922,0.0014084339141845702,0.9313725490196079
1075,411.220782995224,0.30575331388972843,0.013304328918457032,0.00203399658203125,0.001559138298034668,0.9509803921568627
1080,413.1192328929901,0.1396367398090689,0.013341331481933593,0.0022125720977783205,0.00161435604095459,0.9591503267973857
1085,415.0170819759369,0.3647681904491037,0.014094066619873048,0.0024225711822509766,0.0017873764038085938,0.9575163398692811
1090,416.9225559234619,0.06871721695647608,0.014057064056396484,0.0022439956665039062,0.0016198873519897461,0.9526143790849673
1095,418.865033864975,0.19782312782481454,0.013134646415710449,0.002070784568786621,0.0015213966369628906,0.9558823529411765
1100,420.7496328353882,0.10069090907346094,0.013511013984680176,0.002175784111022949,0.001532268524169922,0.9526143790849673
1105,422.62244987487793,0.19768662459682745,0.013304328918457032,0.00203399658203125,0.0015453577041625976,0.9689542483660131
1110,424.50028109550476,0.038594443050170214,0.013887381553649903,0.002280783653259277,0.0016115188598632812,0.9493464052287581
1115,426.3483760356903,0.16769691524998506,0.01200554370880127,0.0017557859420776368,0.0013662099838256836,0.9362745098039216
1120,428.18993401527405,0.22875316833888135,0.013134646415710449,0.002070784568786621,0.001499319076538086,0.9313725490196079
1125,430.027135848999,0.0038720412441776374,0.014057064056396484,0.0022439956665039062,0.0015563726425170898,0.9395424836601307
1130,431.86946201324463,0.093657617841383,0.014772796630859375,0.002275419235229492,0.0016055583953857421,0.9428104575163399
1135,433.72222208976746,0.24771103042876347,0.013511013984680176,0.002175784111022949,0.0016415834426879883,0.9526143790849673
1140,435.56390285491943,0.05235703175421804,0.01443343162536621,0.0023489952087402343,0.001601266860961914,0.9477124183006536
1145,437.4201109409332,0.059482306431868893,0.013511013984680176,0.002175784111022949,0.001541471481323242,0.9509803921568627
1150,439.27353286743164,0.03664439618060271,0.013134646415710449,0.002070784568786621,0.001472640037536621,0.954248366013072
1155,441.1197438240051,0.05363194701149041,0.012042546272277832,0.001934361457824707,0.001418471336364746,0.9509803921568627
1160,442.96149587631226,0.03005112074461209,0.014057064056396484,0.0022439956665039062,0.0015899658203125,0.9493464052287581
1165,444.7909049987793,0.13454253565496402,0.013511013984680176,0.002175784111022949,0.0015924215316772462,0.9509803921568627
1170,446.6034290790558,0.034510564382071604,0.012588596343994141,0.002002573013305664,0.0014294147491455077,0.9477124183006536
1175,448.39910197257996,0.023716531411037068,0.01385037899017334,0.002102208137512207,0.0015202999114990235,0.9477124183006536
1180,450.178817987442,0.09615349042154549,0.013341331481933593,0.0022125720977783205,0.0014731645584106444,0.946078431372549
1185,452.0000030994415,0.34522046381221116,0.013134646415710449,0.002070784568786621,0.0014159679412841797,0.9493464052287581
1190,453.76675391197205,0.06711734373802755,0.013304328918457032,0.00203399658203125,0.001448845863342285,0.9493464052287581
1195,455.5535218715668,0.40084405710085774,0.014226746559143067,0.0022072076797485353,0.0016406059265136718,0.9248366013071896
1200,457.34717893600464,0.04175540935837176,0.013304328918457032,0.00203399658203125,0.0013772249221801758,0.9330065359477124
1205,459.12810587882996,0.033049198376132696,0.014057064056396484,0.0022439956665039062,0.0015593528747558593,0.9330065359477124
1210,460.9166488647461,0.025446607462799874,0.013511013984680176,0.002175784111022949,0.001640462875366211,0.9330065359477124
1215,462.70626878738403,0.05213037764024335,0.013134646415710449,0.002070784568786621,0.0014722347259521484,0.934640522875817
1220,464.48663997650146,0.20886652984045212,0.012588596343994141,0.002002573013305664,0.001474618911743164,0.9379084967320261
1225,466.32099890708923,0.04210945942177204,0.013134646415710449,0.002070784568786621,0.001464700698852539,0.9395424836601307
1230,468.11204385757446,0.05760092316686496,0.013887381553649903,0.002280783653259277,0.0015943050384521484,0.9395424836601307
1235,469.91198205947876,0.1429612189933323,0.013680696487426758,0.002138996124267578,0.0014604806900024414,0.946078431372549
1240,471.71435379981995,0.030631435822351706,0.013511013984680176,0.002175784111022949,0.0015810251235961914,0.9493464052287581
1245,473.5246729850769,0.016310529841030784,0.013134646415710449,0.002070784568786621,0.0014076709747314453,0.9477124183006536
1250,475.3328609466553,0.2295903877820841,0.013134646415710449,0.002070784568786621,0.001433110237121582,0.9428104575163399
1255,477.14078092575073,0.0015419041250460453,0.01385037899017334,0.002102208137512207,0.0014682769775390624,0.9428104575163399
1260,478.9298417568207,0.15409263294027511,0.014057064056396484,0.0022439956665039062,0.0016114950180053712,0.9509803921568627
1265,480.71520590782166,0.5375153546468944,0.014263749122619629,0.0023857831954956056,0.0016069412231445312,0.9558823529411765
1270,482.547012090683,0.32389833979616467,0.012927961349487305,0.001928997039794922,0.001407289505004883,0.9591503267973857
1275,484.3571000099182,0.20371310227260508,0.013304328918457032,0.00203399658203125,0.0014671087265014648,0.9656862745098039
1280,486.19185495376587,0.056811466879437944,0.012758278846740722,0.001965785026550293,0.0014960289001464844,0.9607843137254902
1285,488.0376167297363,0.09296251093132994,0.013341331481933593,0.0022125720977783205,0.0015539884567260741,0.9673202614379085
1290,489.8775968551636,0.2568443069001688,0.012964963912963867,0.002107572555541992,0.0015597343444824219,0.9689542483660131
1295,491.7098789215088,0.06122671048682946,0.012381911277770996,0.0018607854843139648,0.0014113903045654297,0.9526143790849673
1300,493.54294085502625,0.05577270941573716,0.014772796630859375,0.002275419235229492,0.001732635498046875,0.9477124183006536
1305,495.37289690971375,0.023406793671973247,0.012212228775024415,0.001897573471069336,0.001412510871887207,0.9493464052287581
1310,497.19368600845337,0.09317446078057401,0.011496496200561524,0.00186614990234375,0.0014310836791992187,0.9428104575163399
1315,499.00291895866394,0.04224111108131297,0.013511013984680176,0.002175784111022949,0.0014979124069213867,0.9362745098039216
1320,500.79490995407104,0.13658241721996092,0.012964963912963867,0.002107572555541992,0.0015299797058105468,0.946078431372549
1325,502.5892858505249,0.29022021762721123,0.013304328918457032,0.00203399658203125,0.001487874984741211,0.9656862745098039
1330,504.3959538936615,0.1270575793900207,0.013341331481933593,0.0022125720977783205,0.0015485048294067382,0.9705882352941176
1335,506.21824502944946,0.13991732071156662,0.013511013984680176,0.002175784111022949,0.001549839973449707,0.9738562091503268
1340,508.054181098938,0.06774107638020724,0.012042546272277832,0.001934361457824707,0.0014867067337036132,0.9689542483660131
1345,509.89926385879517,0.04167619505278708,0.01385037899017334,0.002102208137512207,0.0016057014465332032,0.9640522875816994
1350,511.73660588264465,0.020918186822383687,0.013341331481933593,0.0022125720977783205,0.0015699625015258788,0.9640522875816994
1355,513.6055190563202,0.09451574518523102,0.014226746559143067,0.0022072076797485353,0.0015460729598999023,0.9722222222222222
1360,515.4235279560089,0.03726175484302985,0.013341331481933593,0.0022125720977783205,0.0014933109283447265,0.9607843137254902
1365,517.219301700592,0.06858500238659175,0.013134646415710449,0.002070784568786621,0.0014390230178833007,0.9591503267973857
1370,519.0025479793549,0.16415288657567614,0.014603114128112793,0.0023122072219848634,0.001565694808959961,0.9640522875816994
1375,520.8014147281647,0.011492597566940788,0.012927961349487305,0.001928997039794922,0.0013016700744628907,0.9558823529411765
1380,522.5923278331757,0.08587669109338095,0.01385037899017334,0.002102208137512207,0.0014349460601806641,0.9509803921568627
1385,524.3959329128265,0.29627273117971525,0.012795281410217286,0.0021443605422973634,0.0015040397644042968,0.9607843137254902
1390,526.1834218502045,0.2566240873389688,0.014263749122619629,0.0023857831954956056,0.0016293287277221679,0.9411764705882353
1395,527.978189945221,0.09640595973294382,0.01443343162536621,0.0023489952087402343,0.0015410661697387695,0.9052287581699346
1400,529.7669959068298,0.2536891043651849,0.012964963912963867,0.002107572555541992,0.0015508651733398438,0.8986928104575164
1405,531.5500028133392,0.036051832000941884,0.013511013984680176,0.002175784111022949,0.0014647722244262695,0.9166666666666666
1410,533.3140048980713,0.17573366336710022,0.013304328918457032,0.00203399658203125,0.0014961957931518555,0.9509803921568627
1415,535.0717349052429,0.0037227331865352653,0.014057064056396484,0.0022439956665039062,0.0014729499816894531,0.9362745098039216
1420,536.8139760494232,0.2057511969413568,0.011835861206054687,0.001792573928833008,0.0013260126113891601,0.9379084967320261
1425,538.5659639835358,0.04493222730451123,0.012758278846740722,0.001965785026550293,0.0013574600219726563,0.9313725490196079
1430,540.3032419681549,0.30258084136009983,0.014057064056396484,0.0022439956665039062,0.001475071907043457,0.9379084967320261
1435,542.0665678977966,0.17175848883962316,0.014603114128112793,0.0023122072219848634,0.0015726804733276368,0.9493464052287581
1440,543.8651790618896,0.1753055057866746,0.013680696487426758,0.002138996124267578,0.00158236026763916,0.9477124183006536
1445,545.7320709228516,0.17177920465983404,0.01443343162536621,0.0023489952087402343,0.0016451358795166015,0.9591503267973857
1450,547.5803699493408,0.03853920111560072,0.013680696487426758,0.002138996124267578,0.0015822172164916993,0.9640522875816994
1455,549.4342849254608,0.04453681524755666,0.012795281410217286,0.0021443605422973634,0.0015076875686645507,0.9640522875816994
1460,551.267961025238,0.058288103431118544,0.013134646415710449,0.002070784568786621,0.0014932394027709962,0.9624183006535948
1465,553.0886278152466,0.04784061830068822,0.013134646415710449,0.002070784568786621,0.0014625787734985352,0.9607843137254902
1470,554.8933911323547,0.06410204945591431,0.013887381553649903,0.002280783653259277,0.0015921831130981446,0.9558823529411765
1475,556.6993877887726,0.015082605530096771,0.012758278846740722,0.001965785026550293,0.0013787984848022462,0.9575163398692811
1480,558.4897158145905,0.051452217831320014,0.013680696487426758,0.002138996124267578,0.0015568971633911134,0.9558823529411765
1485,560.2645480632782,0.0034180250637461996,0.013511013984680176,0.002175784111022949,0.001385498046875,0.9558823529411765
1490,562.0304758548737,0.25693474515800857,0.012758278846740722,0.001965785026550293,0.0013632774353027344,0.954248366013072
1495,563.7644078731537,0.07925006536377169,0.013134646415710449,0.002070784568786621,0.0013978958129882812,0.9575163398692811
1500,565.5047810077667,0.2892889769807425,0.014603114128112793,0.0023122072219848634,0.0016025543212890626,0.9428104575163399
1505,567.2602128982544,0.02853814855377763,0.01385037899017334,0.002102208137512207,0.0014090299606323241,0.9493464052287581
1510,569.026083946228,0.0177166266308177,0.013134646415710449,0.002070784568786621,0.0014196872711181641,0.946078431372549
1515,570.796108007431,0.01824958806464565,0.013680696487426758,0.002138996124267578,0.0015622854232788086,0.9444444444444444
1520,572.5653009414673,0.046976470309209616,0.013341331481933593,0.0022125720977783205,0.001559901237487793,0.946078431372549
1525,574.3188829421997,0.22951980220896076,0.012758278846740722,0.001965785026550293,0.0014760017395019532,0.9493464052287581
1530,576.1114459037781,0.04601912970124431,0.012588596343994141,0.002002573013305664,0.0013913631439208985,0.9526143790849673
1535,577.8811979293823,0.0156870679302763,0.013887381553649903,0.002280783653259277,0.0015215158462524414,0.9509803921568627
1540,579.6957790851593,0.12701969659513565,0.014226746559143067,0.0022072076797485353,0.0015358686447143554,0.9526143790849673
1545,581.4524028301239,0.019956056545493085,0.013511013984680176,0.002175784111022949,0.0015135765075683593,0.954248366013072
1550,583.2130229473114,0.01076140382435824,0.013134646415710449,0.002070784568786621,0.0014312744140625,0.9575163398692811
1555,584.9652850627899,0.18005757208952672,0.012758278846740722,0.001965785026550293,0.0013961553573608398,0.9640522875816994
1560,586.7228000164032,0.013768589681922095,0.013680696487426758,0.002138996124267578,0.0014899015426635743,0.9591503267973857
1565,588.4684278964996,0.23339989466658437,0.013887381553649903,0.002280783653259277,0.0015831470489501953,0.9477124183006536
1570,590.212465763092,0.42823867365946244,0.014603114128112793,0.0023122072219848634,0.0015182018280029297,0.9591503267973857
1575,591.9459698200226,0.06316014323638228,0.012758278846740722,0.001965785026550293,0.0013868331909179688,0.9656862745098039
1580,593.6897659301758,0.4918842392331385,0.013680696487426758,0.002138996124267578,0.001468825340270996,0.9575163398692811
1585,595.466570854187,0.03121634650628948,0.013304328918457032,0.00203399658203125,0.0014624595642089844,0.9526143790849673
1590,597.2565197944641,0.17734313848852779,0.012795281410217286,0.0021443605422973634,0.001451587677001953,0.9640522875816994
1595,599.0386097431183,0.08575694173633082,0.013511013984680176,0.002175784111022949,0.001518106460571289,0.9656862745098039
1600,600.818042755127,0.15446854144102035,0.011835861206054687,0.001792573928833008,0.00136871337890625,0.9444444444444444
1605,602.587347984314,0.054274369451241,0.014396429061889648,0.002170419692993164,0.0014994621276855468,0.9444444444444444
1610,604.3517920970917,0.026253530206940923,0.012588596343994141,0.002002573013305664,0.0014712095260620117,0.946078431372549
1615,606.1581089496613,0.06416885412836706,0.011666178703308105,0.0018293619155883788,0.0013602495193481446,0.9428104575163399
1620,607.9140117168427,0.030040687514701857,0.012964963912963867,0.002107572555541992,0.0014488935470581056,0.9362745098039216
1625,609.6636128425598,0.12906733769274298,0.013341331481933593,0.0022125720977783205,0.001549100875854492,0.946078431372549
1630,611.426097869873,0.1479981384327857,0.013304328918457032,0.00203399658203125,0.0014518260955810546,0.9673202614379085
1635,613.1965618133545,0.1744523418157769,0.013511013984680176,0.002175784111022949,0.0015585899353027343,0.9820261437908496
1640,614.9923219680786,0.1459004767428283,0.012964963912963867,0.002107572555541992,0.0015078067779541015,0.9640522875816994
1645,616.7984161376953,0.032855179690744765,0.012212228775024415,0.001897573471069336,0.0014760732650756837,0.9575163398692811
1650,618.6160008907318,0.1296620268145034,0.013680696487426758,0.002138996124267578,0.0015929937362670898,0.9575163398692811
1655,620.4197890758514,0.019936571552352688,0.01371769905090332,0.0023175716400146485,0.0015972614288330077,0.9656862745098039
1660,622.2215738296509,0.06029537704253087,0.014226746559143067,0.0022072076797485353,0.001521158218383789,0.9673202614379085
1665,624.0167038440704,0.020630019079328578,0.013511013984680176,0.002175784111022949,0.0014461517333984376,0.9754901960784313
1670,625.7866358757019,0.005497856976946025,0.013134646415710449,0.002070784568786621,0.0014042139053344726,0.9722222222222222
1675,627.5512750148773,0.21299040356264243,0.014057064056396484,0.0022439956665039062,0.0014862775802612304,0.9754901960784313
1680,629.3274610042572,0.07700020208476702,0.013304328918457032,0.00203399658203125,0.0013795852661132812,0.9754901960784313
1685,631.097207069397,0.1139374929069561,0.014396429061889648,0.002170419692993164,0.001517510414123535,0.9771241830065359
1690,632.8721718788147,0.05858101392564095,0.012795281410217286,0.0021443605422973634,0.001432347297668457,0.9689542483660131
1695,634.6479909420013,0.19327313567819146,0.013887381553649903,0.002280783653259277,0.0016016960144042969,0.9656862745098039
1700,636.4280118942261,0.14199458034868256,0.013887381553649903,0.002280783653259277,0.0015623807907104493,0.9558823529411765
1705,638.2522490024567,0.011622800965960777,0.013341331481933593,0.0022125720977783205,0.0014902830123901367,0.9150326797385621
1710,640.025233745575,0.18189104847962767,0.013680696487426758,0.002138996124267578,0.0014956474304199218,0.9330065359477124
1715,641.7762501239777,0.22791352541295282,0.012588596343994141,0.002002573013305664,0.0014314651489257812,0.9493464052287581
1720,643.5255358219147,0.0047813779012244595,0.014226746559143067,0.0022072076797485353,0.0014715194702148438,0.9607843137254902
1725,645.2640738487244,0.22147285513787124,0.012758278846740722,0.001965785026550293,0.0014046192169189452,0.954248366013072
1730,647.0009369850159,0.031165024458648105,0.012758278846740722,0.001965785026550293,0.0013931751251220702,0.9477124183006536
1735,648.7340037822723,0.1570834307853886,0.013134646415710449,0.002070784568786621,0.00138397216796875,0.9558823529411765
1740,650.477616071701,0.07586661612898027,0.014772796630859375,0.002275419235229492,0.001512432098388672,0.9640522875816994
1745,652.2338700294495,0.026436167263489095,0.013511013984680176,0.002175784111022949,0.001532292366027832,0.9656862745098039
1750,653.9917297363281,0.2559030880129285,0.01443343162536621,0.0023489952087402343,0.0015944719314575195,0.9836601307189542
1755,655.7636969089508,0.029749485042157887,0.013680696487426758,0.002138996124267578,0.0014763355255126953,0.9803921568627451
1760,657.5233888626099,0.026123754417926647,0.013341331481933593,0.0022125720977783205,0.0014645576477050782,0.9803921568627451
1765,659.2996428012848,0.005876181314943096,0.012758278846740722,0.001965785026550293,0.0014529228210449219,0.9787581699346405
1770,661.0479979515076,0.03466961946837728,0.013511013984680176,0.002175784111022949,0.0014434099197387696,0.9738562091503268
1775,662.7945971488953,0.04701944566332372,0.013341331481933593,0.0022125720977783205,0.0015659093856811523,0.9722222222222222
1780,664.53697681427,0.007062016034063845,0.012758278846740722,0.001965785026550293,0.0013649463653564453,0.9722222222222222
1785,666.2687048912048,0.03780683381883705,0.014057064056396484,0.0022439956665039062,0.001474475860595703,0.9705882352941176
1790,668.0452787876129,0.0014599289390673676,0.013511013984680176,0.002175784111022949,0.0014245986938476562,0.9689542483660131
1795,669.7581288814545,0.015693300209113657,0.012381911277770996,0.0018607854843139648,0.0013152122497558593,0.9673202614379085
1800,671.4646430015564,0.1190499987480024,0.014057064056396484,0.0022439956665039062,0.0014036178588867187,0.9656862745098039
1805,673.1739518642426,0.23233191987715146,0.013680696487426758,0.002138996124267578,0.0015589237213134766,0.9640522875816994
1810,674.8985278606415,0.017825065013988707,0.014226746559143067,0.0022072076797485353,0.0013956308364868164,0.9591503267973857
1815,676.6313488483429,0.02156632153926239,0.013680696487426758,0.002138996124267578,0.0014622211456298828,0.9673202614379085
1820,678.3713998794556,0.008679850961379998,0.013134646415710449,0.002070784568786621,0.0014638900756835938,0.9673202614379085
1825,680.1173169612885,0.1350524917472285,0.012964963912963867,0.002107572555541992,0.0015566110610961913,0.9526143790849673
1830,681.838800907135,0.12607278560558371,0.012927961349487305,0.001928997039794922,0.0014258146286010743,0.9526143790849673
1835,683.5566630363464,0.0135105660883994,0.012964963912963867,0.002107572555541992,0.001455211639404297,0.954248366013072
1840,685.2681708335876,0.011251683642029775,0.013511013984680176,0.002175784111022949,0.001345515251159668,0.9526143790849673
1845,686.986653804779,0.005682840009325218,0.01443343162536621,0.0023489952087402343,0.0015055418014526367,0.9526143790849673
1850,688.6860809326172,0.116458045469426,0.013134646415710449,0.002070784568786621,0.0014929771423339844,0.9575163398692811
1855,690.3982388973236,0.004650742626893134,0.013134646415710449,0.002070784568786621,0.0013964176177978516,0.9591503267973857
1860,692.097846031189,0.2165778083061241,0.013304328918457032,0.00203399658203125,0.001386117935180664,0.9656862745098039
1865,693.8096709251404,0.013347162964214477,0.013511013984680176,0.002175784111022949,0.001421499252319336,0.9575163398692811
1870,695.5019698143005,0.09762543066748748,0.014057064056396484,0.0022439956665039062,0.001427936553955078,0.9509803921568627
1875,697.2205998897552,0.5690535806192323,0.01443343162536621,0.0023489952087402343,0.0015321731567382812,0.9411764705882353
1880,698.9134449958801,0.05387229468252173,0.013304328918457032,0.00203399658203125,0.0014141321182250977,0.9477124183006536
1885,700.7003839015961,0.5224636044932609,0.012588596343994141,0.002002573013305664,0.0013640165328979493,0.9673202614379085
1890,702.4661018848419,0.006792660025945451,0.01385037899017334,0.002102208137512207,0.0014963865280151368,0.9689542483660131
1895,704.2323949337006,0.13927707885328858,0.012588596343994141,0.002002573013305664,0.0014147520065307616,0.9656862745098039
1900,706.0096418857574,0.10059893089783216,0.013887381553649903,0.002280783653259277,0.0016080379486083985,0.9607843137254902
1905,707.7692000865936,0.17821627173543675,0.011666178703308105,0.0018293619155883788,0.0014635324478149414,0.954248366013072
1910,709.5334830284119,0.02309165186317159,0.014396429061889648,0.002170419692993164,0.001465749740600586,0.9444444444444444
1915,711.2824969291687,0.006451160026631442,0.012758278846740722,0.001965785026550293,0.0013781070709228515,0.9411764705882353
1920,713.0250878334045,0.0740946664650437,0.012042546272277832,0.001934361457824707,0.0013628482818603515,0.9330065359477124
1925,714.7560429573059,0.015224924265521623,0.012964963912963867,0.002107572555541992,0.0014044761657714844,0.9215686274509803
1930,716.4646010398865,0.11637834855687287,0.012795281410217286,0.0021443605422973634,0.0014975547790527343,0.9248366013071896
1935,718.1782939434052,0.01050942555956027,0.013304328918457032,0.00203399658203125,0.0013799667358398438,0.9428104575163399
1940,719.9052469730377,0.32178997755645466,0.013134646415710449,0.002070784568786621,0.0014449834823608398,0.9673202614379085
1945,721.6592738628387,0.1172509607815357,0.013341331481933593,0.0022125720977783205,0.001583099365234375,0.9722222222222222
1950,723.4354088306427,0.009029241335065307,0.012758278846740722,0.001965785026550293,0.0014153480529785155,0.9673202614379085
1955,725.2462139129639,0.10002619206056806,0.012588596343994141,0.002002573013305664,0.0014959812164306641,0.9607843137254902
1960,727.0481038093567,0.014494016800473731,0.01443343162536621,0.0023489952087402343,0.0015395164489746093,0.9607843137254902
1965,728.8894970417023,0.004604330406664303,0.014057064056396484,0.0022439956665039062,0.0015201330184936523,0.9607843137254902
1970,730.6832387447357,0.10684023876839888,0.013134646415710449,0.002070784568786621,0.0014700651168823241,0.9705882352941176
1975,732.4420530796051,0.0036465898122060025,0.012964963912963867,0.002107572555541992,0.0013779401779174805,0.9673202614379085
1980,734.1997051239014,0.15794672755485523,0.014603114128112793,0.0023122072219848634,0.0014469623565673828,0.9705882352941176
1985,735.9609849452972,0.07689590711471225,0.01385037899017334,0.002102208137512207,0.0013971805572509765,0.9705882352941176
1990,737.7280690670013,0.03625599312707095,0.013474011421203613,0.001997208595275879,0.00138397216796875,0.9722222222222222
1995,739.4915671348572,0.11346591098480871,0.012964963912963867,0.002107572555541992,0.0013646364212036132,0.9656862745098039
2000,741.2599358558655,0.11750014955178187,0.01371769905090332,0.0023175716400146485,0.001609468460083008,0.9558823529411765
2005,743.0164320468903,0.04260503215098339,0.014263749122619629,0.0023857831954956056,0.001654195785522461,0.9411764705882353
2010,744.7920739650726,0.010529075322364889,0.013511013984680176,0.002175784111022949,0.001463603973388672,0.9395424836601307
2015,746.5323760509491,0.146379937514007,0.013134646415710449,0.002070784568786621,0.0014589548110961914,0.9362745098039216
2020,748.2800538539886,0.09979525043045356,0.012758278846740722,0.001965785026550293,0.0014154434204101563,0.923202614379085
2025,750.0124049186707,0.013951014614247016,0.014057064056396484,0.0022439956665039062,0.0014309644699096679,0.9281045751633987
2030,751.7354838848114,0.2848275332956007,0.013134646415710449,0.002070784568786621,0.0013590097427368165,0.9624183006535948
2035,753.4629280567169,0.07379664555383272,0.012927961349487305,0.001928997039794922,0.0013688564300537109,0.946078431372549
2040,755.1637990474701,0.1395781573191975,0.012588596343994141,0.002002573013305664,0.0013378620147705077,0.9477124183006536
2045,756.8609797954559,0.028381637856716678,0.014603114128112793,0.0023122072219848634,0.0014743328094482422,0.9509803921568627
2050,758.6085469722748,0.008989900334562151,0.014226746559143067,0.0022072076797485353,0.001476287841796875,0.9526143790849673
2055,760.3091728687286,0.32175213609868936,0.013887381553649903,0.002280783653259277,0.001468825340270996,0.9624183006535948
2060,762.0226240158081,0.02089454566150408,0.014057064056396484,0.0022439956665039062,0.0014937877655029296,0.9673202614379085
2065,763.7460401058197,0.011359532212836143,0.013887381553649903,0.002280783653259277,0.0013971328735351562,0.9656862745098039
2070,765.4611048698425,0.0029224703956060695,0.012758278846740722,0.001965785026550293,0.001378631591796875,0.9673202614379085
2075,767.1649148464203,0.012104548351658195,0.013134646415710449,0.002070784568786621,0.0013496160507202148,0.9673202614379085
2080,768.8691840171814,0.04315165132939569,0.012795281410217286,0.0021443605422973634,0.0015446662902832032,0.9689542483660131
2085,770.5696067810059,0.002540695045810537,0.013304328918457032,0.00203399658203125,0.001406550407409668,0.9689542483660131
2090,772.2728698253632,0.03715673313709047,0.013341331481933593,0.0022125720977783205,0.0013797998428344727,0.9705882352941176
2095,773.968181848526,0.0010323583281461879,0.014226746559143067,0.0022072076797485353,0.0014582157135009765,0.9656862745098039
2100,775.653413772583,0.006324787803698229,0.012758278846740722,0.001965785026550293,0.0013025045394897462,0.9607843137254902
2105,777.3304131031036,0.1948375231139849,0.012964963912963867,0.002107572555541992,0.0014014482498168946,0.9624183006535948
2110,779.0222299098969,0.3117092789681024,0.014020061492919922,0.002065420150756836,0.0014862775802612304,0.9526143790849673
2115,780.7148787975311,0.04967958976644695,0.014057064056396484,0.0022439956665039062,0.0014721870422363282,0.9607843137254902
2120,782.4276740550995,0.02321266257050638,0.013680696487426758,0.002138996124267578,0.0014243125915527344,0.9607843137254902
2125,784.1507089138031,0.010499739150071718,0.014057064056396484,0.0022439956665039062,0.0015470743179321288,0.9624183006535948
2130,785.8697159290314,0.03755794093640361,0.012212228775024415,0.001897573471069336,0.0014138936996459961,0.9624183006535948
2135,787.6299300193787,0.058307021947686624,0.013680696487426758,0.002138996124267578,0.0014747381210327148,0.9607843137254902
2140,789.3389008045197,0.00925109986277448,0.012418913841247558,0.0020393610000610353,0.0014122962951660157,0.9607843137254902
2145,791.042319059372,0.0108282364865957,0.014057064056396484,0.0022439956665039062,0.0014547348022460938,0.9640522875816994
2150,792.7442858219147,0.0013239068406221577,0.013887381553649903,0.002280783653259277,0.0013947248458862304,0.9624183006535948
2155,794.4247958660126,0.10068543258604165,0.013134646415710449,0.002070784568786621,0.0014345645904541016,0.9656862745098039
2160,796.1123759746552,0.0026296848006325036,0.012758278846740722,0.001965785026550293,0.0013374090194702148,0.9689542483660131
2165,797.800577878952,0.058948948808246374,0.014226746559143067,0.0022072076797485353,0.0014211654663085938,0.9722222222222222
2170,799.4959411621094,0.10215718023215459,0.012964963912963867,0.002107572555541992,0.001387333869934082,0.9705882352941176
2175,801.1774189472198,0.005476990885041744,0.01385037899017334,0.002102208137512207,0.0014100790023803711,0.9673202614379085
2180,802.822910785675,0.6181862056158366,0.014263749122619629,0.0023857831954956056,0.001488065719604492,0.9656862745098039
2185,804.484053850174,0.049325398305416004,0.013680696487426758,0.002138996124267578,0.0014376163482666016,0.9754901960784313
2190,806.179468870163,0.32315889529309133,0.012588596343994141,0.002002573013305664,0.0013455629348754882,0.9787581699346405
2195,807.9024140834808,0.013955723702474642,0.013474011421203613,0.001997208595275879,0.001430344581604004,0.9787581699346405
2200,809.6562428474426,0.09222897321277798,0.012964963912963867,0.002107572555541992,0.0014453411102294921,0.9754901960784313
2205,811.4122009277344,0.03693634653141089,0.013887381553649903,0.002280783653259277,0.0015750169754028321,0.9820261437908496
2210,813.163449048996,0.14687802717630802,0.011666178703308105,0.0018293619155883788,0.0013715028762817383,0.9836601307189542
2215,814.9088318347931,0.01665018141448584,0.014189743995666504,0.002028632164001465,0.0015076398849487305,0.9689542483660131
2220,816.6394307613373,0.00372756787828763,0.012964963912963867,0.002107572555541992,0.0014109373092651366,0.9624183006535948
2225,818.4671638011932,0.08337251931213814,0.012588596343994141,0.002002573013305664,0.0013521909713745117,0.9558823529411765
2230,820.1678349971771,0.007747441962419543,0.012042546272277832,0.001934361457824707,0.0012755393981933594,0.934640522875817
2235,821.8501601219177,0.0981227949568165,0.012964963912963867,0.002107572555541992,0.0013949155807495117,0.9297385620915033
2240,823.5135631561279,0.0017330863398626662,0.013680696487426758,0.002138996124267578,0.0014368534088134766,0.9428104575163399
2245,825.1925008296967,0.39653856996292236,0.013134646415710449,0.002070784568786621,0.0014543771743774415,0.9689542483660131
2250,826.9111108779907,0.1778041184222289,0.013341331481933593,0.0022125720977783205,0.0015212059020996093,0.988562091503268
2255,828.6627068519592,0.010576589236814015,0.013134646415710449,0.002070784568786621,0.0014773130416870118,0.9640522875816994
2260,830.4538519382477,0.16472719455960033,0.012042546272277832,0.001934361457824707,0.0015103340148925782,0.954248366013072
2265,832.2407739162445,0.002776995490763312,0.014226746559143067,0.0022072076797485353,0.0014939546585083009,0.9526143790849673
2270,834.0394289493561,0.0165890317963175,0.013887381553649903,0.002280783653259277,0.0014871120452880859,0.954248366013072
2275,835.8283619880676,0.11309168932073703,0.013680696487426758,0.002138996124267578,0.001508331298828125,0.9705882352941176
2280,837.5971438884735,0.006274883090139838,0.012418913841247558,0.0020393610000610353,0.0014203548431396484,0.9787581699346405
2285,839.348956823349,0.025364026609123867,0.01443343162536621,0.0023489952087402343,0.0014807939529418944,0.9852941176470589
2290,841.0962250232697,0.05106326399195567,0.014396429061889648,0.002170419692993164,0.0014213800430297851,0.9836601307189542
2295,842.823940038681,0.010427451623446871,0.013474011421203613,0.001997208595275879,0.0013643980026245117,0.9852941176470589
2300,844.5545439720154,0.0047272725810273645,0.012758278846740722,0.001965785026550293,0.0013641357421875,0.9820261437908496
2305,846.2648839950562,0.14973861486655834,0.013548016548156738,0.0023543596267700194,0.0015972375869750977,0.9836601307189542
2310,848.0312371253967,0.0671191616742135,0.014263749122619629,0.0023857831954956056,0.0016197681427001954,0.9754901960784313
2315,849.7717118263245,0.010259695643534883,0.014057064056396484,0.0022439956665039062,0.001469588279724121,0.9640522875816994
2320,851.5216708183289,0.14244109919782205,0.012588596343994141,0.002002573013305664,0.0014494895935058595,0.9607843137254902
2325,853.2666399478912,0.21047650394458514,0.013680696487426758,0.002138996124267578,0.0013945817947387696,0.9607843137254902
2330,854.9774808883667,0.03481141041104365,0.013134646415710449,0.002070784568786621,0.0013870477676391601,0.9689542483660131
2335,856.6684777736664,0.023392275553718634,0.013511013984680176,0.002175784111022949,0.0013960838317871095,0.9689542483660131
2340,858.3509509563446,0.23638202801342062,0.012381911277770996,0.0018607854843139648,0.0013263225555419922,0.9787581699346405
2345,860.0356788635254,0.02160763180532399,0.013304328918457032,0.00203399658203125,0.0013113021850585938,0.9705882352941176
2350,861.7218060493469,0.01845938092147037,0.014057064056396484,0.0022439956665039062,0.0013658523559570313,0.9673202614379085
2355,863.4021208286285,0.010567235917829976,0.014603114128112793,0.0023122072219848634,0.001509547233581543,0.9656862745098039
2360,865.0727868080139,0.24758983507708762,0.014057064056396484,0.0022439956665039062,0.0014494895935058595,0.9754901960784313
2365,866.7544779777527,0.024223870154811776,0.013887381553649903,0.002280783653259277,0.0014673233032226562,0.9836601307189542
2370,868.4457168579102,0.0037295978338541145,0.013511013984680176,0.002175784111022949,0.0013347148895263671,0.9787581699346405
2375,870.1608691215515,0.013376954069447323,0.013680696487426758,0.002138996124267578,0.0014528274536132813,0.9771241830065359
2380,871.8746180534363,0.031172095062495943,0.012042546272277832,0.001934361457824707,0.001265096664428711,0.9803921568627451
2385,873.5786700248718,0.015921555913519115,0.013511013984680176,0.002175784111022949,0.0014980554580688477,0.9803921568627451
2390,875.2767698764801,0.007652991534178,0.013134646415710449,0.002070784568786621,0.0014220714569091798,0.9820261437908496
2395,876.9999899864197,0.028257434924217506,0.012964963912963867,0.002107572555541992,0.0013057947158813476,0.9771241830065359
2400,878.6799449920654,0.0005750747235651943,0.014226746559143067,0.0022072076797485353,0.0014370441436767577,0.9803921568627451
2405,880.3612270355225,0.004518483344099877,0.013134646415710449,0.002070784568786621,0.0013088941574096679,0.9803921568627451
2410,882.0287079811096,0.10622200892288589,0.012964963912963867,0.002107572555541992,0.001293182373046875,0.9705882352941176
2415,883.687737941742,0.23796595387694025,0.013474011421203613,0.001997208595275879,0.0013936758041381836,0.9656862745098039
2420,885.3380398750305,0.009091675661329646,0.014603114128112793,0.0023122072219848634,0.001510477066040039,0.9754901960784313
2425,887.0162060260773,0.012435636387187542,0.013474011421203613,0.001997208595275879,0.0012545824050903321,0.9803921568627451
2430,888.705671787262,0.0037917311618031134,0.013887381553649903,0.002280783653259277,0.001551055908203125,0.9771241830065359
2435,890.3928089141846,0.051829165378433115,0.012588596343994141,0.002002573013305664,0.0014391899108886718,0.9754901960784313
2440,892.0729620456696,0.055163540680564435,0.013680696487426758,0.002138996124267578,0.0014623403549194336,0.9754901960784313
2445,893.7480449676514,0.02066656227672823,0.012418913841247558,0.0020393610000610353,0.0013750791549682617,0.9771241830065359
2450,895.4060521125793,0.013149315436430697,0.013511013984680176,0.002175784111022949,0.001407027244567871,0.9754901960784313
2455,897.0919239521027,0.0007997206105073929,0.014226746559143067,0.0022072076797485353,0.0014311790466308594,0.9705882352941176
2460,898.8066449165344,0.0681024324025202,0.013134646415710449,0.002070784568786621,0.0014043807983398437,0.9738562091503268
2465,900.5183138847351,0.001098976071858715,0.012964963912963867,0.002107572555541992,0.0013887882232666016,0.9787581699346405
2470,902.2177877426147,0.029970112158574126,0.013680696487426758,0.002138996124267578,0.0013904094696044922,0.9787581699346405
2475,903.9153978824615,0.18660403275275997,0.013134646415710449,0.002070784568786621,0.0012985944747924804,0.9787581699346405
2480,905.5859289169312,0.051583618239973816,0.014226746559143067,0.0022072076797485353,0.0013450384140014648,0.9575163398692811
2485,907.2926998138428,0.003964814811558881,0.014057064056396484,0.0022439956665039062,0.0014182806015014648,0.9558823529411765
2490,908.9424057006836,0.6279397640853006,0.013887381553649903,0.002280783653259277,0.0014675378799438477,0.9558823529411765
2495,910.6992838382721,0.3889769107542861,0.012758278846740722,0.001965785026550293,0.001347661018371582,0.9738562091503268
2500,912.4249861240387,0.003476819410185783,0.01385037899017334,0.002102208137512207,0.0013216733932495117,0.9820261437908496
2505,914.201789855957,0.01213247381524667,0.012588596343994141,0.002002573013305664,0.001404738426208496,0.9820261437908496
2510,915.9806969165802,0.0797647907859016,0.013341331481933593,0.0022125720977783205,0.0015081644058227539,0.9803921568627451
2515,917.7459807395935,0.12101084045862365,0.012212228775024415,0.001897573471069336,0.0014245271682739257,0.9820261437908496
2520,919.5144970417023,0.03590163549342549,0.013474011421203613,0.001997208595275879,0.0014174938201904296,0.9869281045751634
2525,921.2755970954895,0.003383976526265542,0.014057064056396484,0.0022439956665039062,0.0015052556991577148,0.9754901960784313
2530,923.0291121006012,0.06681366005964265,0.012212228775024415,0.001897573471069336,0.001267695426940918,0.9722222222222222
2535,924.7357089519501,0.03425023703439365,0.011496496200561524,0.00186614990234375,0.001314234733581543,0.9558823529411765
2540,926.4080939292908,0.0020159715230647635,0.013134646415710449,0.002070784568786621,0.0013570070266723632,0.934640522875817
2545,928.050952911377,0.016501119191627823,0.013511013984680176,0.002175784111022949,0.001462244987487793,0.934640522875817
2550,929.697839975357,0.38662964079237555,0.013680696487426758,0.002138996124267578,0.0014936447143554688,0.9575163398692811
2555,931.3624420166016,0.010441256654507925,0.012964963912963867,0.002107572555541992,0.0013767480850219727,0.9722222222222222
2560,933.073441028595,0.22206159465972633,0.013341331481933593,0.0022125720977783205,0.0015258073806762695,0.9754901960784313
2565,934.8351800441742,0.06905859500202496,0.012212228775024415,0.001897573471069336,0.0014541864395141602,0.9656862745098039
2570,936.6435141563416,0.05688864851890969,0.013680696487426758,0.002138996124267578,0.0014575958251953126,0.9591503267973857
2575,938.4136228561401,0.01478983134838927,0.013887381553649903,0.002280783653259277,0.0014724016189575195,0.954248366013072
2580,940.1884679794312,0.10673410836862018,0.014057064056396484,0.0022439956665039062,0.0015759468078613281,0.9673202614379085
2585,942.0228238105774,0.00683993148877633,0.012964963912963867,0.002107572555541992,0.0015168190002441406,0.9803921568627451
2590,943.8374037742615,0.013721059464069185,0.013680696487426758,0.002138996124267578,0.0014157533645629884,0.9803921568627451
2595,945.6227188110352,0.0782189946738761,0.014603114128112793,0.0023122072219848634,0.0015228509902954102,0.9787581699346405
2600,947.3874499797821,0.00011465936436323431,0.012927961349487305,0.001928997039794922,0.0012691736221313477,0.9771241830065359
2605,949.1402637958527,0.011121852774049045,0.013304328918457032,0.00203399658203125,0.0013643980026245117,0.9705882352941176
2610,950.8812849521637,0.026210757190830235,0.013341331481933593,0.0022125720977783205,0.0014638423919677735,0.9705882352941176
2615,952.5811240673065,0.28688873864648484,0.014094066619873048,0.0024225711822509766,0.0015652179718017578,0.9869281045751634
2620,954.2963659763336,0.013468157793590762,0.014057064056396484,0.0022439956665039062,0.0014424800872802734,0.9754901960784313
2625,956.0231418609619,0.10123352813589008,0.013134646415710449,0.002070784568786621,0.0014720916748046874,0.9656862745098039
2630,957.7535979747772,0.09680331941500668,0.013511013984680176,0.002175784111022949,0.0013926506042480468,0.9624183006535948
2635,959.4730658531189,0.09694949254896415,0.013304328918457032,0.00203399658203125,0.001358771324157715,0.9754901960784313
2640,961.1747817993164,0.03519883740545424,0.013887381553649903,0.002280783653259277,0.0014312982559204102,0.9803921568627451
2645,962.8587598800659,0.1939203336977826,0.01200554370880127,0.0017557859420776368,0.001251363754272461,0.9869281045751634
2650,964.5449221134186,0.05039877232168806,0.013134646415710449,0.002070784568786621,0.0013478994369506836,0.9722222222222222
2655,966.241947889328,7.969248738959322e-06,0.014057064056396484,0.0022439956665039062,0.0012550830841064453,0.9722222222222222
2660,967.9020237922668,0.027010905747013682,0.014772796630859375,0.002275419235229492,0.0014392614364624023,0.9689542483660131
2665,969.555835723877,0.2512240339620121,0.013511013984680176,0.002175784111022949,0.0015053749084472656,0.9689542483660131
2670,971.2141518592834,0.027160242932109214,0.01443343162536621,0.0023489952087402343,0.0013917922973632813,0.9787581699346405
2675,972.886724948883,0.007800705068683555,0.013511013984680176,0.002175784111022949,0.0013860702514648438,0.9803921568627451
2680,974.5717868804932,0.025231138884655734,0.013134646415710449,0.002070784568786621,0.0013035774230957032,0.9852941176470589
2685,976.2434637546539,0.019162925758431017,0.012042546272277832,0.001934361457824707,0.0012918949127197266,0.9852941176470589
2690,977.9149239063263,0.016960403398570634,0.014057064056396484,0.0022439956665039062,0.0015081167221069336,0.9869281045751634
2695,979.5832550525665,0.019616468448327852,0.013511013984680176,0.002175784111022949,0.0014334678649902343,0.9852941176470589
2700,981.240553855896,0.01782802873226643,0.012588596343994141,0.002002573013305664,0.0012603282928466796,0.9836601307189542
2705,982.8874809741974,0.016998184058411425,0.01385037899017334,0.002102208137512207,0.0014008283615112305,0.9705882352941176
2710,984.5327417850494,0.0017090637785713626,0.013341331481933593,0.0022125720977783205,0.001365828514099121,0.9656862745098039
2715,986.1647248268127,0.09048321112223334,0.013134646415710449,0.002070784568786621,0.0013195991516113282,0.9689542483660131
2720,987.7876529693604,0.009037876575082749,0.013304328918457032,0.00203399658203125,0.0013575077056884766,0.9656862745098039
2725,989.4103317260742,0.20269349786711927,0.014226746559143067,0.0022072076797485353,0.0014962196350097657,0.9787581699346405
2730,991.0643520355225,0.017249930971581763,0.013304328918457032,0.00203399658203125,0.0012669563293457031,0.9738562091503268
2735,992.7306308746338,0.0015218815899231686,0.014057064056396484,0.0022439956665039062,0.0013884782791137695,0.9656862745098039
2740,994.406965970993,0.11834827092527718,0.013511013984680176,0.002175784111022949,0.0015231847763061523,0.9689542483660131
2745,996.1183409690857,0.04966556250591907,0.013134646415710449,0.002070784568786621,0.0014375209808349609,0.9820261437908496
2750,997.7641339302063,0.01667299595749796,0.012588596343994141,0.002002573013305664,0.0013643026351928711,0.9787581699346405
2755,999.3991858959198,0.01293164077746951,0.013134646415710449,0.002070784568786621,0.0013666152954101562,0.9787581699346405
2760,1001.0070760250092,0.00018963409070877902,0.013887381553649903,0.002280783653259277,0.0013579368591308595,0.9820261437908496
2765,1002.6347000598907,0.04675722736104291,0.013680696487426758,0.002138996124267578,0.0014014720916748046,0.9820261437908496
2770,1004.2452547550201,0.002187699549359934,0.013511013984680176,0.002175784111022949,0.0014097213745117188,0.9836601307189542
2775,1005.8544509410858,0.00043463281128879315,0.013134646415710449,0.002070784568786621,0.0012190103530883788,0.9852941176470589
2780,1007.4621758460999,0.1273505937645396,0.013134646415710449,0.002070784568786621,0.00133056640625,0.9836601307189542
2785,1009.0924580097198,1.12120060180132e-05,0.01385037899017334,0.002102208137512207,0.0012446880340576173,0.9738562091503268
2790,1010.7236979007721,0.0015485872028229153,0.014057064056396484,0.0022439956665039062,0.0013776540756225586,0.9656862745098039
2795,1012.2996127605438,0.5609792339216995,0.014263749122619629,0.0023857831954956056,0.0015025854110717774,0.9673202614379085
2800,1013.9081521034241,0.23462916029909026,0.012927961349487305,0.001928997039794922,0.0012794017791748046,0.9803921568627451
2805,1015.5511610507965,0.0657662739103003,0.013304328918457032,0.00203399658203125,0.0013425588607788087,0.988562091503268
2810,1017.2320809364319,0.015047895859197524,0.012758278846740722,0.001965785026550293,0.0013815641403198242,0.9624183006535948
2815,1018.9444160461426,0.035542846592223044,0.013341331481933593,0.0022125720977783205,0.0014377832412719727,0.9493464052287581
2820,1020.6787738800049,0.14905628856768088,0.012964963912963867,0.002107572555541992,0.0015208959579467774,0.9428104575163399
2825,1022.4039769172668,0.0327557771264992,0.012381911277770996,0.0018607854843139648,0.0013207435607910157,0.9477124183006536
2830,1024.1660521030426,0.0029069305191796956,0.014772796630859375,0.002275419235229492,0.0014769554138183594,0.9411764705882353
2835,1025.8521211147308,0.0029058061691216606,0.012212228775024415,0.001897573471069336,0.0012564897537231446,0.9297385620915033
2840,1027.5326278209686,0.7242370388484005,0.011496496200561524,0.00186614990234375,0.001267385482788086,0.9558823529411765
2845,1029.1774339675903,0.006564684192613868,0.013511013984680176,0.002175784111022949,0.001345205307006836,0.9199346405228758
2850,1030.7805778980255,0.1464009333551985,0.012964963912963867,0.002107572555541992,0.0013809919357299805,0.9264705882352942
2855,1032.3869910240173,0.5289517079958415,0.013304328918457032,0.00203399658203125,0.001398324966430664,0.9313725490196079
2860,1034.023813009262,0.02075017018547669,0.013341331481933593,0.0022125720977783205,0.0014594078063964843,0.9575163398692811
2865,1035.6914789676666,0.3821561105163724,0.013511013984680176,0.002175784111022949,0.001533365249633789,0.9836601307189542
2870,1037.4247028827667,0.07212283929361547,0.012042546272277832,0.001934361457824707,0.0014498710632324218,0.9754901960784313
2875,1039.189857006073,0.07224291811219388,0.01385037899017334,0.002102208137512207,0.0014656305313110352,0.9738562091503268
2880,1040.9667780399323,0.012339161494455197,0.013341331481933593,0.0022125720977783205,0.0014943361282348632,0.9689542483660131
2885,1042.7408850193024,0.07824611463113343,0.014226746559143067,0.0022072076797485353,0.0014879703521728516,0.9754901960784313
2890,1044.5149838924408,0.035321828925819435,0.013341331481933593,0.0022125720977783205,0.001554393768310547,0.9771241830065359
2895,1046.2522559165955,0.029557811963269388,0.013134646415710449,0.002070784568786621,0.0013556718826293946,0.9771241830065359
2900,1047.9942047595978,0.06900497627000277,0.014603114128112793,0.0023122072219848634,0.0014986753463745116,0.9820261437908496
2905,1049.7415380477905,0.006061873923204786,0.012927961349487305,0.001928997039794922,0.0012772321701049806,0.9836601307189542
2910,1051.4795670509338,0.0035560404834598103,0.01385037899017334,0.002102208137512207,0.0013391971588134766,0.9852941176470589
2915,1053.2444190979004,0.02008768831729526,0.012795281410217286,0.0021443605422973634,0.0014817476272583007,0.9836601307189542
2920,1054.976674079895,0.12550800582394003,0.014263749122619629,0.0023857831954956056,0.001645350456237793,0.9836601307189542
2925,1056.7150509357452,0.012164083884546529,0.01443343162536621,0.0023489952087402343,0.0015468835830688477,0.9754901960784313
2930,1058.4494950771332,0.08242482985469905,0.012964963912963867,0.002107572555541992,0.001513195037841797,0.9722222222222222
2935,1060.1623039245605,0.05230381120964154,0.013511013984680176,0.002175784111022949,0.001442885398864746,0.9624183006535948
2940,1061.8647708892822,0.06336357092491199,0.013304328918457032,0.00203399658203125,0.0013481855392456054,0.9591503267973857
2945,1063.5614137649536,0.01056281231157712,0.014057064056396484,0.0022439956665039062,0.0013579368591308595,0.9722222222222222
2950,1065.2434968948364,0.14989754404453492,0.011835861206054687,0.001792573928833008,0.001333928108215332,0.9836601307189542
2955,1066.9167747497559,0.0711511339788899,0.012758278846740722,0.001965785026550293,0.0012954235076904296,0.9787581699346405
2960,1068.5834028720856,0.023450321455402445,0.014057064056396484,0.0022439956665039062,0.0013576030731201171,0.9705882352941176
2965,1070.2418019771576,0.018990511123878662,0.014603114128112793,0.0023122072219848634,0.0014604091644287109,0.9656862745098039
2970,1071.8918809890747,0.16951158081658377,0.013680696487426758,0.002138996124267578,0.0013671159744262696,0.9656862745098039
2975,1073.5358357429504,0.04254518226227901,0.01443343162536621,0.0023489952087402343,0.0015001535415649415,0.9836601307189542
2980,1075.193618774414,0.004225592380527133,0.013680696487426758,0.002138996124267578,0.001360177993774414,0.9869281045751634
2985,1076.8752219676971,0.007822605849705155,0.012795281410217286,0.0021443605422973634,0.001328730583190918,0.9869281045751634
2990,1078.5397019386292,0.02866012530689659,0.013134646415710449,0.002070784568786621,0.0013423919677734374,0.9803921568627451
2995,1080.2118198871613,0.00787334270894462,0.013134646415710449,0.002070784568786621,0.0013711929321289062,0.9803921568627451
3000,1081.869961977005,0.03692379916428763,0.013887381553649903,0.002280783653259277,0.0015453100204467773,0.9787581699346405
3005,1083.5548977851868,0.0005838981168494684,0.012758278846740722,0.001965785026550293,0.0012506961822509766,0.9820261437908496
3010,1085.185122013092,0.0184359584631693,0.013680696487426758,0.002138996124267578,0.0013739824295043944,0.9803921568627451
3015,1086.7964310646057,0.00013681046481792692,0.013511013984680176,0.002175784111022949,0.0013074874877929688,0.9803921568627451
3020,1088.4109528064728,0.02982652164033652,0.012758278846740722,0.001965785026550293,0.0013320207595825194,0.9771241830065359
3025,1090.0152130126953,0.006632952810508641,0.013134646415710449,0.002070784568786621,0.001302790641784668,0.9673202614379085
3030,1091.6037559509277,0.23070214190502156,0.014603114128112793,0.0023122072219848634,0.0015535593032836915,0.9803921568627451
3035,1093.2170009613037,0.00563559826960045,0.01385037899017334,0.002102208137512207,0.001338791847229004,0.9803921568627451
3040,1094.8585469722748,0.006487889297011407,0.013134646415710449,0.002070784568786621,0.001340174674987793,0.9722222222222222
3045,1096.5036480426788,0.007789133266630444,0.013680696487426758,0.002138996124267578,0.0014732599258422852,0.9722222222222222
3050,1098.1621570587158,0.10095360654414094,0.013341331481933593,0.0022125720977783205,0.0014672994613647461,0.9787581699346405
3055,1099.7952370643616,0.19918822246310128,0.012758278846740722,0.001965785026550293,0.0013922452926635742,0.9787581699346405
3060,1101.4252300262451,0.002979436417206216,0.012588596343994141,0.002002573013305664,0.0013822078704833984,0.9820261437908496