#{"solver": {"engine": {"type": "ExactEngine"}, "semiring": "GraphSemiring"}, "networks": [{"name": "perc_net_version_1_NeSy", "module": "AD_V1_NeSy_2_net(\n  (conv1): Conv2d(3, 6, kernel_size=(5, 5), stride=(1, 1))\n  (pool): MaxPool2d(kernel_size=2, stride=2, padding=0, dilation=1, ceil_mode=False)\n  (conv2): Conv2d(6, 16, kernel_size=(5, 5), stride=(1, 1))\n  (fc1): Linear(in_features=400, out_features=120, bias=True)\n  (fc2): Linear(in_features=120, out_features=84, bias=True)\n  (fc3): Linear(in_features=84, out_features=12, bias=True)\n  (softmax): Softmax(dim=-1)\n)", "optimizer": "Adam (\nParameter Group 0\n    amsgrad: False\n    betas: (0.9, 0.999)\n    capturable: False\n    differentiable: False\n    eps: 1e-08\n    foreach: None\n    fused: None\n    lr: 0.001\n    maximize: False\n    weight_decay: 0\n)", "k": null}], "program": "nn(perc_net_version_1_NeSy,[Img],X,[0, 1, 2, 3, 4, 5, 6, 7, 8, 9, 10, 11])::cell_low(Img,X).\ncell_x(Img,0) :- cell_low(Img,Z), Z=0.\ncell_x(Img,0) :- cell_low(Img,Z), Z=4.\ncell_x(Img,0) :- cell_low(Img,Z), Z=8.\ncell_x(Img,1) :- cell_low(Img,Z), Z=1.\ncell_x(Img,1) :- cell_low(Img,Z), Z=5.\ncell_x(Img,1) :- cell_low(Img,Z), Z=9.\ncell_x(Img,2) :- cell_low(Img,Z), Z=2.\ncell_x(Img,2) :- cell_low(Img,Z), Z=6.\ncell_x(Img,2) :- cell_low(Img,Z), Z=10.\ncell_x(Img,3) :- cell_low(Img,Z), Z=3.\ncell_x(Img,3) :- cell_low(Img,Z), Z=7.\ncell_x(Img,3) :- cell_low(Img,Z), Z=11.\ncell_y(Img,0) :- cell_low(Img,Z), Z=0.\ncell_y(Img,0) :- cell_low(Img,Z), Z=1.\ncell_y(Img,0) :- cell_low(Img,Z), Z=2.\ncell_y(Img,0) :- cell_low(Img,Z), Z=3.\ncell_y(Img,1) :- cell_low(Img,Z), Z=4.\ncell_y(Img,1) :- cell_low(Img,Z), Z=5.\ncell_y(Img,1) :- cell_low(Img,Z), Z=6.\ncell_y(Img,1) :- cell_low(Img,Z), Z=7.\ncell_y(Img,2) :- cell_low(Img,Z), Z=8.\ncell_y(Img,2) :- cell_low(Img,Z), Z=9.\ncell_y(Img,2) :- cell_low(Img,Z), Z=10.\ncell_y(Img,2) :- cell_low(Img,Z), Z=11.\nattention_boundary(X,Y) :- X==1, Y=0.\nenlarged_boundary(X,Y) :- X==1, Y=1.\nenlarged_boundary(X,Y) :- X==2, Y=0.\nenlarged_boundary(X,Y) :- X==2, Y=1.\nout_of_view(X,Y) :- X==0; X==3; Y==2.\naction(Img,1) :- cell_x(Img,X1), cell_y(Img,Y1), attention_boundary(X1,Y1).\naction(Img,2) :- cell_x(Img,X2), cell_y(Img,Y2), enlarged_boundary(X2,Y2), \\+action(Img,1).\naction(Img,0) :- cell_x(Img,X3), cell_y(Img,Y3), out_of_view(X3,Y3), \\+action(Img,2), \\+action(Img,1).\n"}
#Accuracy 0.9816176470588235
i,time,loss,ground_time,compile_time,eval_time,accuracy
5,0.09343099594116211,1.2452795207500458,0.00968916416168213,0.0014631271362304688,0.0014082908630371094,0.3272058823529412
10,1.9150471687316895,1.5922252923250197,0.012017226219177246,0.0018428564071655273,0.0015977382659912109,0.3272058823529412
15,3.7953219413757324,0.9052104592323303,0.014141297340393067,0.001964378356933594,0.0015176057815551758,0.3272058823529412
20,5.482921838760376,1.374410516023636,0.01162102222442627,0.0018067359924316406,0.0015187501907348634,0.3272058823529412
25,7.184963941574097,1.2365325391292572,0.01225109100341797,0.001846146583557129,0.0015421152114868165,0.3400735294117647
30,8.872231006622314,1.2711522817611693,0.012881159782409668,0.0018855571746826173,0.0015082359313964844,0.3272058823529412
35,10.550513982772827,1.0908540785312653,0.012881159782409668,0.0018855571746826173,0.0014825820922851562,0.3272058823529412
40,12.241371154785156,1.0912742972373963,0.01255648136138916,0.0018198966979980468,0.0015886306762695312,0.3272058823529412
45,13.940467834472656,1.1017500042915345,0.012881159782409668,0.0018855571746826173,0.0015169382095336914,0.3272058823529412
50,15.608890056610107,1.1507769048213958,0.012647294998168945,0.0018822669982910157,0.0014806032180786134,0.36764705882352944
55,17.32962203025818,1.118695229291916,0.012647294998168945,0.0018822669982910157,0.0015275955200195312,0.45036764705882354
60,19.01771306991577,1.161132311820984,0.011854887008666992,0.0018100261688232422,0.0015370845794677734,0.3400735294117647
65,20.683976888656616,1.1321036517620087,0.013115024566650391,0.0018888473510742187,0.0015480995178222656,0.6360294117647058
70,22.35058283805847,1.061297470331192,0.012647294998168945,0.0018822669982910157,0.0015243768692016601,0.3272058823529412
75,24.06273603439331,0.9473383307456971,0.014537501335144042,0.0020004987716674806,0.0016121864318847656,0.3272058823529412
80,25.762107133865356,1.2798995316028594,0.011387157440185546,0.001803445816040039,0.0014762639999389648,0.3272058823529412
85,27.435027837753296,1.0928268253803253,0.012017226219177246,0.0018428564071655273,0.0015198469161987304,0.5882352941176471
90,29.13604497909546,0.9583323061466217,0.01367356777191162,0.0019577980041503907,0.0015169858932495117,0.5533088235294118
95,30.791929960250854,0.8036747515201569,0.012413430213928222,0.001878976821899414,0.001494622230529785,0.6121323529411765
100,32.683560848236084,1.1603936076164245,0.013348889350891114,0.0018921375274658203,0.0016071796417236328,0.6415441176470589
105,34.447065114974976,0.9242701649665832,0.01099095344543457,0.0017673254013061523,0.0015364646911621093,0.6488970588235294
110,36.123700857162476,0.8336201965808868,0.012881159782409668,0.0018855571746826173,0.0015880584716796875,0.6580882352941176
115,37.840441942214966,0.8163983672857285,0.011224818229675294,0.001770615577697754,0.0015234708786010741,0.6580882352941176
120,39.56963300704956,0.9092539519071579,0.011692547798156738,0.0017771959304809571,0.0015448331832885742,0.8216911764705882
125,41.261077880859375,0.7904440581798553,0.012647294998168945,0.0018822669982910157,0.0014885663986206055,0.8602941176470589
130,42.90635585784912,0.5338263571262359,0.012413430213928222,0.001878976821899414,0.0015341758728027344,0.7536764705882353
135,44.60264277458191,0.7455066978931427,0.01437516212463379,0.0019676685333251953,0.0015848159790039062,0.7408088235294118
140,46.26528596878052,0.645853915810585,0.013115024566650391,0.0018888473510742187,0.0015444278717041016,0.7830882352941176
145,47.88012194633484,0.6685569763183594,0.012088751792907715,0.0018133163452148438,0.0015415191650390626,0.8180147058823529
150,49.51968288421631,0.6457953378558159,0.01255648136138916,0.0018198966979980468,0.001569080352783203,0.8860294117647058
155,51.20910310745239,0.8705718487501144,0.012017226219177246,0.0018428564071655273,0.0015335321426391602,0.8547794117647058
160,52.921931982040405,0.49300320744514464,0.012881159782409668,0.0018855571746826173,0.001583242416381836,0.8382352941176471
165,54.627933979034424,0.31054117288440464,0.014069771766662598,0.0019939184188842774,0.0015786647796630859,0.7665441176470589
170,56.291208028793335,0.5970102187246085,0.012718820571899414,0.001852726936340332,0.001581287384033203,0.8308823529411765
175,57.983574867248535,0.26188374906778333,0.012647294998168945,0.0018822669982910157,0.0015481472015380859,0.8529411764705882
180,59.91881990432739,0.6928372361930087,0.01248495578765869,0.0018494367599487306,0.0016844749450683593,0.8511029411764706
185,61.512338161468506,0.32979311897943264,0.0121795654296875,0.0018756866455078125,0.001363086700439453,0.7224264705882353
190,63.01613092422485,0.4002113681170158,0.012017226219177246,0.0018428564071655273,0.0013643026351928711,0.7279411764705882
195,64.53926110267639,0.6615682547620964,0.012088751792907715,0.0018133163452148438,0.0014323949813842773,0.8584558823529411
200,66.13653707504272,0.4989833561703563,0.01374509334564209,0.001928257942199707,0.0015230894088745118,0.7518382352941176
205,67.87726306915283,0.5304855644702912,0.011458683013916015,0.0017739057540893555,0.0015510320663452148,0.6746323529411765
210,69.55692791938782,0.7959511116147041,0.011692547798156738,0.0017771959304809571,0.0015432596206665038,0.7738970588235294
215,71.2605128288269,0.38034899849444626,0.01162102222442627,0.0018067359924316406,0.0015574932098388673,0.8970588235294118
220,72.93635201454163,0.2916668700869195,0.012881159782409668,0.0018855571746826173,0.0015166044235229493,0.8198529411764706
225,74.54573202133179,0.30206369052248194,0.012017226219177246,0.0018428564071655273,0.0014290094375610351,0.8235294117647058
230,76.06075692176819,0.37613106132484975,0.01162102222442627,0.0018067359924316406,0.001347661018371582,0.8639705882352942
235,77.58501076698303,0.13482667275102359,0.013115024566650391,0.0018888473510742187,0.0014925479888916015,0.8511029411764706
240,79.12198185920715,0.3509141273796558,0.011224818229675294,0.001770615577697754,0.0014160394668579102,0.90625
245,80.62550282478333,0.2083776566083543,0.01248495578765869,0.0018494367599487306,0.0014049291610717773,0.8988970588235294
250,82.16185903549194,0.36338648535793255,0.011854887008666992,0.0018100261688232422,0.0013433456420898437,0.9044117647058824
255,83.73389101028442,0.40091085006133653,0.012952685356140137,0.0018560171127319336,0.0015751123428344727,0.8216911764705882
260,85.29856896400452,0.7075528186542215,0.012718820571899414,0.001852726936340332,0.0015106201171875,0.8860294117647058
265,86.81687188148499,0.2602746503494927,0.012718820571899414,0.001852726936340332,0.0014405250549316406,0.8694852941176471
270,88.28619194030762,0.5873097253963351,0.012017226219177246,0.0018428564071655273,0.0013794660568237304,0.8529411764705882
275,89.8643810749054,0.526422222520614,0.012718820571899414,0.001852726936340332,0.0014694690704345702,0.9007352941176471
280,91.39811611175537,0.20968743210560206,0.011387157440185546,0.001803445816040039,0.001382899284362793,0.9172794117647058
285,92.99840307235718,0.315329483164669,0.013511228561401366,0.0019249677658081054,0.0014952659606933595,0.8823529411764706
290,94.69057989120483,0.2980419918908865,0.012413430213928222,0.001878976821899414,0.0013863801956176757,0.8602941176470589
295,96.31831383705139,0.11996969827450812,0.01162102222442627,0.0018067359924316406,0.0014509439468383789,0.8602941176470589
300,97.93358087539673,0.42781034333166446,0.014141297340393067,0.001964378356933594,0.001581859588623047,0.8786764705882353
305,99.48268795013428,0.1616898888477408,0.012017226219177246,0.0018428564071655273,0.0013810157775878905,0.8952205882352942
310,101.19901990890503,0.3390803860946107,0.012160277366638184,0.0017837762832641601,0.001532578468322754,0.8988970588235294
315,102.73193907737732,0.42907950879307466,0.013115024566650391,0.0018888473510742187,0.001525545120239258,0.8400735294117647
320,104.26346802711487,0.389177799225628,0.012881159782409668,0.0018855571746826173,0.0015005350112915039,0.9080882352941176
325,105.77591896057129,0.24674478112720094,0.012647294998168945,0.0018822669982910157,0.001443624496459961,0.8952205882352942
330,107.25799107551575,0.10391159739810973,0.011387157440185546,0.001803445816040039,0.0013089656829833984,0.8621323529411765
335,108.73455500602722,1.221541282441467,0.01374509334564209,0.001928257942199707,0.0014795780181884766,0.9080882352941176
340,110.2647590637207,0.18472843347118156,0.011854887008666992,0.0018100261688232422,0.001435232162475586,0.90625
345,111.8121600151062,0.18616639237337154,0.014303636550903321,0.001997208595275879,0.001425027847290039,0.8529411764705882
350,113.38818407058716,0.44309089410053276,0.012881159782409668,0.0018855571746826173,0.0014414548873901366,0.8198529411764706
355,114.97486090660095,0.3938477824191239,0.012413430213928222,0.001878976821899414,0.001437234878540039,0.9044117647058824
360,116.5429699420929,0.3883145024068739,0.012017226219177246,0.0018428564071655273,0.0014327049255371093,0.8676470588235294
365,118.08848786354065,0.10913738147697813,0.013043498992919922,0.0019183874130249024,0.0014026403427124024,0.8621323529411765
370,119.61385107040405,0.38786266719398627,0.013511228561401366,0.0019249677658081054,0.0014879941940307618,0.8529411764705882
375,121.11031603813171,0.20044899891508977,0.01162102222442627,0.0018067359924316406,0.001423788070678711,0.8602941176470589
380,122.64804601669312,0.333030825577589,0.01225109100341797,0.001846146583557129,0.0014201641082763673,0.8786764705882353
385,124.18669891357422,0.23552684225142073,0.011854887008666992,0.0018100261688232422,0.0014353036880493165,0.8952205882352942
390,125.90490484237671,0.3644781198352575,0.011296343803405762,0.0017410755157470704,0.0015226840972900391,0.9099264705882353
395,127.79075288772583,0.20136613510549067,0.01225109100341797,0.001846146583557129,0.0014855384826660157,0.9172794117647058
400,129.41524815559387,0.32635714514617575,0.0121795654296875,0.0018756866455078125,0.0013792037963867188,0.9191176470588235
405,130.94415497779846,0.226963603173499,0.014141297340393067,0.001964378356933594,0.001479768753051758,0.9136029411764706
410,132.45668697357178,0.07488238814403303,0.012718820571899414,0.001852726936340332,0.0014592885971069336,0.9227941176470589
415,133.94177389144897,0.1680480483919382,0.013115024566650391,0.0018888473510742187,0.0014196872711181641,0.9338235294117647
420,135.40570402145386,0.1477746687834042,0.012322616577148438,0.0018166065216064452,0.001436471939086914,0.9227941176470589
425,136.87177896499634,0.14332518882674777,0.013115024566650391,0.0018888473510742187,0.0014244318008422852,0.9099264705882353
430,138.37485098838806,0.19278979500526816,0.012017226219177246,0.0018428564071655273,0.0013601064682006836,0.9246323529411765
435,139.8490719795227,0.342357419953624,0.013277363777160645,0.001921677589416504,0.0013647079467773438,0.9172794117647058
440,141.2853229045868,0.3957733156752056,0.013511228561401366,0.0019249677658081054,0.0013985395431518554,0.9209558823529411
445,142.72023487091064,0.11321202926442311,0.011854887008666992,0.0018100261688232422,0.001354527473449707,0.9227941176470589
450,144.1606318950653,0.17883636288461274,0.013115024566650391,0.0018888473510742187,0.0014493465423583984,0.9117647058823529
455,145.59842085838318,0.37024491257046177,0.0121795654296875,0.0018756866455078125,0.001250004768371582,0.9136029411764706
460,147.05683493614197,0.2501468783440032,0.013277363777160645,0.001921677589416504,0.0014094114303588867,0.9080882352941176
465,148.4907591342926,0.14214931366441447,0.011387157440185546,0.001803445816040039,0.0012251853942871094,0.9264705882352942
470,149.93308091163635,0.3277618338353932,0.012322616577148438,0.0018166065216064452,0.0014631509780883788,0.9172794117647058
475,151.4053099155426,0.051347533985973824,0.012718820571899414,0.001852726936340332,0.0014318704605102539,0.8676470588235294
480,152.90153098106384,0.7041046595200896,0.011458683013916015,0.0017739057540893555,0.001447439193725586,0.8676470588235294
485,154.44138097763062,0.2377609117887914,0.011854887008666992,0.0018100261688232422,0.0014160633087158202,0.9191176470588235
490,155.92545294761658,0.21603892473503947,0.01225109100341797,0.001846146583557129,0.0014080524444580079,0.9503676470588235
495,157.42641615867615,0.027430191436726405,0.012881159782409668,0.0018855571746826173,0.001397562026977539,0.9117647058823529
500,158.91622591018677,0.02335845620627879,0.011783361434936523,0.0018395662307739257,0.0012758493423461914,0.8878676470588235
505,160.36575412750244,0.19350405364530446,0.011854887008666992,0.0018100261688232422,0.0013473749160766602,0.9007352941176471
510,161.81099796295166,0.08012767549371347,0.011854887008666992,0.0018100261688232422,0.001366257667541504,0.9246323529411765
515,163.2696738243103,0.23019898696802557,0.013115024566650391,0.0018888473510742187,0.0014747381210327148,0.9448529411764706
520,164.75524592399597,0.09580027153967877,0.011854887008666992,0.0018100261688232422,0.0013527870178222656,0.9393382352941176
525,166.28943991661072,0.13324453150853657,0.012322616577148438,0.0018166065216064452,0.0015030622482299805,0.9319852941176471
530,167.9620440006256,0.23762460958678416,0.01248495578765869,0.0018494367599487306,0.0014557838439941406,0.9503676470588235
535,169.4599220752716,0.1802029762067839,0.012322616577148438,0.0018166065216064452,0.0014244794845581054,0.9227941176470589
540,170.9458839893341,0.26868818871598704,0.012881159782409668,0.0018855571746826173,0.0013990402221679688,0.8915441176470589
545,172.365296125412,0.39780622724210846,0.01225109100341797,0.001846146583557129,0.0013262033462524414,0.9136029411764706
550,173.82572984695435,0.3220352230942808,0.011854887008666992,0.0018100261688232422,0.0013654470443725587,0.9338235294117647
555,175.28194975852966,0.5153509237337929,0.012647294998168945,0.0018822669982910157,0.0013229131698608398,0.9338235294117647
560,176.76932406425476,0.12762274406873358,0.013907432556152344,0.001961088180541992,0.0014910697937011719,0.9375
565,178.28188586235046,0.07526758129242808,0.01162102222442627,0.0018067359924316406,0.0013240814208984376,0.9283088235294118
570,179.7928590774536,0.21932450092863293,0.01248495578765869,0.0018494367599487306,0.0014403581619262696,0.9430147058823529
575,181.29597902297974,0.10630733449652326,0.012647294998168945,0.0018822669982910157,0.001364755630493164,0.9503676470588235
580,182.79926800727844,0.3404845726287931,0.012718820571899414,0.001852726936340332,0.0014355897903442383,0.9577205882352942
585,184.2973108291626,0.33162896763533356,0.012322616577148438,0.0018166065216064452,0.0014480113983154296,0.96875
590,185.7913019657135,0.06211718802210271,0.012881159782409668,0.0018855571746826173,0.0014123201370239257,0.9540441176470589
595,187.31679105758667,0.21283155558630823,0.013277363777160645,0.001921677589416504,0.0014014482498168946,0.9558823529411765
600,188.80483984947205,0.12466084101470187,0.011783361434936523,0.0018395662307739257,0.001320481300354004,0.9319852941176471
605,190.2999620437622,0.6927833755966276,0.012718820571899414,0.001852726936340332,0.0014366865158081054,0.9301470588235294
610,191.7595911026001,0.18830915251310215,0.012881159782409668,0.0018855571746826173,0.0014228343963623047,0.9577205882352942
615,193.27081990242004,0.04255198225874039,0.012881159782409668,0.0018855571746826173,0.0013980865478515625,0.9356617647058824
620,194.79523491859436,0.08396963728659798,0.014303636550903321,0.001997208595275879,0.0013582229614257813,0.9246323529411765
625,196.3311631679535,0.5641636131337237,0.011387157440185546,0.001803445816040039,0.0013868331909179688,0.9577205882352942
630,197.85480904579163,0.3379066549707204,0.012017226219177246,0.0018428564071655273,0.0014144182205200195,0.9393382352941176
635,199.51555919647217,0.20981007404625557,0.013907432556152344,0.001961088180541992,0.0014153242111206055,0.9227941176470589
640,200.998379945755,0.011906541581266339,0.012413430213928222,0.001878976821899414,0.0012735843658447266,0.9209558823529411
645,202.46172094345093,0.18635594845036393,0.01248495578765869,0.0018494367599487306,0.00143887996673584,0.90625
650,203.91838598251343,0.315677992025212,0.01099095344543457,0.0017673254013061523,0.0012873172760009765,0.9080882352941176
655,205.38673615455627,0.16090025923351803,0.013348889350891114,0.0018921375274658203,0.001454305648803711,0.9264705882352942
660,206.86032605171204,0.16572437137365342,0.011224818229675294,0.001770615577697754,0.0013721704483032227,0.9411764705882353
665,208.35083103179932,0.0909183550043963,0.011854887008666992,0.0018100261688232422,0.0014374732971191406,0.9319852941176471
670,209.83516883850098,0.2676196744898334,0.012017226219177246,0.0018428564071655273,0.0013797760009765625,0.9136029411764706
675,211.3131709098816,0.02640714984484589,0.01367356777191162,0.0019577980041503907,0.00133209228515625,0.9595588235294118
680,212.78805589675903,0.09758133999130222,0.013978958129882812,0.0019315481185913086,0.0015379905700683594,0.9411764705882353
685,214.257994890213,0.15889692157507013,0.01248495578765869,0.0018494367599487306,0.0014453887939453124,0.9448529411764706
690,215.7675120830536,0.13380435873132512,0.012322616577148438,0.0018166065216064452,0.0014429092407226562,0.96875
695,217.2198450565338,0.00853802023921375,0.012952685356140137,0.0018560171127319336,0.001453566551208496,0.9503676470588235
700,218.6768250465393,0.16281260186615326,0.011783361434936523,0.0018395662307739257,0.001359105110168457,0.9705882352941176
705,220.11789989471436,0.2445413846612155,0.013511228561401366,0.0019249677658081054,0.0013512611389160157,0.9724264705882353
710,221.55974197387695,0.17146622026684782,0.01367356777191162,0.0019577980041503907,0.0013834476470947266,0.9705882352941176
715,222.99067497253418,0.07584539712459559,0.01248495578765869,0.0018494367599487306,0.0013463258743286132,0.96875
720,224.41978907585144,0.030377608660364784,0.012881159782409668,0.0018855571746826173,0.0014082431793212891,0.9650735294117647
725,225.84205603599548,0.2148255548148903,0.01225109100341797,0.001846146583557129,0.001384902000427246,0.9522058823529411
730,227.25396490097046,0.054731728513640124,0.0121795654296875,0.0018756866455078125,0.0012234926223754882,0.9393382352941176
735,228.6770679950714,0.1957398785971236,0.01225109100341797,0.001846146583557129,0.001300978660583496,0.9319852941176471
740,230.10092902183533,0.07746732048244667,0.012088751792907715,0.0018133163452148438,0.0013747215270996094,0.9779411764705882
745,231.5390269756317,0.030014508456224574,0.013115024566650391,0.0018888473510742187,0.0014018774032592773,0.9540441176470589
750,232.99224281311035,0.03404777905670926,0.011692547798156738,0.0017771959304809571,0.001360034942626953,0.9356617647058824
755,234.4396960735321,0.623623072821647,0.012088751792907715,0.0018133163452148438,0.0014218568801879882,0.9595588235294118
760,235.89244985580444,0.14348821906896775,0.01099095344543457,0.0017673254013061523,0.0013268709182739258,0.9797794117647058
765,237.3511347770691,0.03365917182527482,0.012647294998168945,0.0018822669982910157,0.0013468027114868163,0.9595588235294118
770,238.80475902557373,0.01681867305851483,0.01225109100341797,0.001846146583557129,0.0013956308364868164,0.9448529411764706
775,240.2532980442047,0.01273197714908889,0.01162102222442627,0.0018067359924316406,0.001301145553588867,0.9283088235294118
780,241.6952018737793,0.18509300816367755,0.013115024566650391,0.0018888473510742187,0.001418471336364746,0.9540441176470589
785,243.13626790046692,0.05018753434706156,0.01225109100341797,0.001846146583557129,0.001366400718688965,0.9613970588235294
790,244.62587308883667,0.06730051863710287,0.01248495578765869,0.0018494367599487306,0.001416158676147461,0.9650735294117647
795,246.06605887413025,0.08632580712596791,0.011458683013916015,0.0017739057540893555,0.0013358116149902344,0.96875
800,247.50525212287903,0.030168966436758638,0.012718820571899414,0.001852726936340332,0.0014352083206176757,0.9577205882352942
805,248.95155811309814,0.13590801710206507,0.012322616577148438,0.0018166065216064452,0.0013965845108032226,0.9393382352941176
810,250.3782708644867,0.31328003505469953,0.01248495578765869,0.0018494367599487306,0.0013926029205322266,0.9705882352941176
815,251.7835249900818,0.12140746850345749,0.01248495578765869,0.0018494367599487306,0.0014069795608520508,0.9540441176470589
820,253.20392274856567,0.09700535673463495,0.01225109100341797,0.001846146583557129,0.001349186897277832,0.9503676470588235
825,254.61368703842163,0.3656521128742577,0.012017226219177246,0.0018428564071655273,0.0012935876846313476,0.9338235294117647
830,256.017235994339,0.009637569020560477,0.014141297340393067,0.001964378356933594,0.001444554328918457,0.9319852941176471
835,257.4276530742645,0.0127950935275301,0.012017226219177246,0.0018428564071655273,0.0013100385665893554,0.9191176470588235
840,258.8419177532196,0.4275204265800312,0.01162102222442627,0.0018067359924316406,0.0012593269348144531,0.9209558823529411
845,260.27357292175293,0.00835716147438692,0.01374509334564209,0.001928257942199707,0.0014434576034545899,0.9393382352941176
850,261.71546483039856,0.20588946465882998,0.012413430213928222,0.001878976821899414,0.0012712955474853515,0.9485294117647058
855,263.1780619621277,0.25012260223738847,0.011764073371887207,0.0017476558685302734,0.0015048980712890625,0.9816176470588235
860,264.6535658836365,0.16943640901090476,0.013511228561401366,0.0019249677658081054,0.0014440774917602538,0.9613970588235294
865,266.1546130180359,0.22446559555828643,0.012647294998168945,0.0018822669982910157,0.0014003515243530273,0.9669117647058824
870,267.66240310668945,0.1838081420864917,0.013277363777160645,0.001921677589416504,0.0014047622680664062,0.9816176470588235
875,269.1643078327179,0.05517878709360957,0.01099095344543457,0.0017673254013061523,0.0013689279556274414,0.96875
880,270.64720392227173,0.26110919984257636,0.013511228561401366,0.0019249677658081054,0.0014672994613647461,0.9871323529411765
885,272.36320877075195,0.03356976656305051,0.01248495578765869,0.0018494367599487306,0.0014177799224853516,0.9852941176470589
890,273.87231707572937,0.047771803496654996,0.013907432556152344,0.001961088180541992,0.001369166374206543,0.9669117647058824
895,275.3701858520508,0.16985229295678508,0.012017226219177246,0.0018428564071655273,0.0014127969741821289,0.9595588235294118
900,276.85598611831665,0.0292695028067115,0.012413430213928222,0.001878976821899414,0.0013279438018798829,0.9761029411764706
905,278.3242030143738,0.31341585994232446,0.013277363777160645,0.001921677589416504,0.0014233350753784179,0.9595588235294118
910,279.77913093566895,0.07597832772498805,0.012413430213928222,0.001878976821899414,0.0012859106063842773,0.9577205882352942
915,281.2321090698242,0.02337444013657546,0.01374509334564209,0.001928257942199707,0.0014055252075195312,0.9485294117647058
920,282.66114497184753,0.013223624046077732,0.01099095344543457,0.0017673254013061523,0.0012851715087890624,0.9448529411764706
925,284.0867440700531,0.2227721180439403,0.01225109100341797,0.001846146583557129,0.0012906312942504883,0.9577205882352942
930,285.52075481414795,0.055319593627327815,0.011854887008666992,0.0018100261688232422,0.001350069046020508,0.9816176470588235
935,286.96388602256775,0.05266841288248543,0.011692547798156738,0.0017771959304809571,0.0014670133590698243,0.9797794117647058
940,288.40480303764343,0.07373819033964538,0.01225109100341797,0.001846146583557129,0.001384592056274414,0.9797794117647058
945,289.8329870700836,0.0725389011710611,0.0121795654296875,0.0018756866455078125,0.0012335062026977539,0.9761029411764706
950,291.2656328678131,0.11889720347224361,0.01437516212463379,0.0019676685333251953,0.0014433622360229491,0.9797794117647058
955,292.68856382369995,0.014428651604612241,0.012718820571899414,0.001852726936340332,0.0014044523239135742,0.9632352941176471
960,294.1188700199127,0.13390442380039538,0.01248495578765869,0.0018494367599487306,0.0013357877731323242,0.9797794117647058
965,295.5390179157257,0.12180423244280973,0.01255648136138916,0.0018198966979980468,0.0013807296752929687,0.9577205882352942
970,296.95186591148376,0.22724930375397126,0.012647294998168945,0.0018822669982910157,0.0013259410858154296,0.9503676470588235
975,298.3895001411438,0.07713041096135616,0.012881159782409668,0.0018855571746826173,0.0014209508895874023,0.9669117647058824
980,299.7835690975189,0.08342616239642471,0.01367356777191162,0.0019577980041503907,0.0012975692749023437,0.9669117647058824
985,301.2107229232788,0.1485508688259884,0.013115024566650391,0.0018888473510742187,0.001419234275817871,0.9742647058823529
990,302.60543990135193,0.04277877282584157,0.01162102222442627,0.0018067359924316406,0.0013131141662597657,0.9797794117647058
995,303.99427914619446,0.09001773365671398,0.013115024566650391,0.0018888473510742187,0.001479792594909668,0.9797794117647058
1000,305.3832161426544,0.024029122592665608,0.0121795654296875,0.0018756866455078125,0.0012631654739379884,0.9797794117647058
1005,306.76517486572266,0.002349675200050605,0.012647294998168945,0.0018822669982910157,0.0012916326522827148,0.9724264705882353
1010,308.13478899002075,0.07211605609079932,0.011854887008666992,0.0018100261688232422,0.0012071371078491212,0.9816176470588235
1015,309.5050621032715,0.028207178653883603,0.012718820571899414,0.001852726936340332,0.0013870954513549804,0.9742647058823529
1020,310.87552094459534,0.011912242832013397,0.012088751792907715,0.0018133163452148438,0.001311659812927246,0.9632352941176471
1025,312.235720872879,0.572563610645011,0.012088751792907715,0.0018133163452148438,0.0013530969619750977,0.9742647058823529
1030,313.6089119911194,0.0022314556688797895,0.01162102222442627,0.0018067359924316406,0.001260662078857422,0.9761029411764706
1035,315.0011591911316,0.10402651617759151,0.01248495578765869,0.0018494367599487306,0.0013833761215209961,0.9577205882352942
1040,316.39473390579224,0.002899564799454346,0.012017226219177246,0.0018428564071655273,0.0011967182159423827,0.9393382352941176
1045,317.7881188392639,0.0012479682310109653,0.012017226219177246,0.0018428564071655273,0.0012125015258789063,0.9191176470588235
1050,319.17784905433655,0.17497124456049348,0.01248495578765869,0.0018494367599487306,0.0013568639755249024,0.9448529411764706
1055,320.57305216789246,0.028061508670261935,0.011854887008666992,0.0018100261688232422,0.0013157129287719727,0.9650735294117647
1060,321.9825630187988,0.025036040787563253,0.012718820571899414,0.001852726936340332,0.0014096498489379883,0.9613970588235294
1065,323.3917329311371,0.050863746434597526,0.01162102222442627,0.0018067359924316406,0.0012466192245483398,0.9650735294117647
1070,324.81112480163574,0.017339064609305586,0.012718820571899414,0.001852726936340332,0.0013868570327758788,0.9613970588235294
1075,326.2313940525055,0.015273755973512415,0.012718820571899414,0.001852726936340332,0.001471233367919922,0.9613970588235294
1080,327.7013969421387,0.3806536815422897,0.012322616577148438,0.0018166065216064452,0.001425313949584961,0.9595588235294118
1085,329.1149628162384,0.020874713927423728,0.01225109100341797,0.001846146583557129,0.0013057470321655273,0.9705882352941176
1090,330.52033710479736,0.028487281083553206,0.012881159782409668,0.0018855571746826173,0.0013339757919311524,0.9724264705882353
1095,331.9230098724365,0.2964785282535482,0.01162102222442627,0.0018067359924316406,0.001288604736328125,0.9522058823529411
1100,333.3049499988556,0.19005298435503395,0.012881159782409668,0.0018855571746826173,0.0012976408004760742,0.9393382352941176
1105,334.67724680900574,0.006385475251399875,0.013043498992919922,0.0019183874130249024,0.0012412071228027344,0.9227941176470589
1110,336.03298807144165,0.0012106220967666558,0.01162102222442627,0.0018067359924316406,0.0012218475341796875,0.9191176470588235
1115,337.39288210868835,0.5038653464397521,0.01374509334564209,0.001928257942199707,0.0013721466064453125,0.9301470588235294
1120,338.78601908683777,0.006414398509050479,0.012017226219177246,0.0018428564071655273,0.0011873722076416015,0.9356617647058824
1125,340.2058310508728,0.4749615041771911,0.01255648136138916,0.0018198966979980468,0.0014722347259521484,0.9540441176470589
1130,341.65829586982727,0.042477326572407034,0.012718820571899414,0.001852726936340332,0.0014464378356933594,0.9613970588235294
1135,343.12886810302734,0.03639916371321448,0.012881159782409668,0.0018855571746826173,0.0014394760131835938,0.9338235294117647
1140,344.5957579612732,0.2615458743469118,0.012647294998168945,0.0018822669982910157,0.0012972593307495118,0.9540441176470589
1145,346.063188791275,0.14054551883590652,0.011783361434936523,0.0018395662307739257,0.0013189077377319335,0.9761029411764706
1150,347.52467608451843,0.2891104731940596,0.012718820571899414,0.001852726936340332,0.0014365434646606446,0.9816176470588235
1155,348.98192596435547,0.02158538303357549,0.012881159782409668,0.0018855571746826173,0.0013440847396850586,0.9705882352941176
1160,350.470330953598,0.011505333116983962,0.013907432556152344,0.001961088180541992,0.0012908935546875,0.9705882352941176
1165,351.937371969223,0.24354424858465862,0.013043498992919922,0.0019183874130249024,0.001345682144165039,0.9669117647058824
1170,353.4169099330902,0.13774434547148448,0.01225109100341797,0.001846146583557129,0.0013632535934448241,0.9889705882352942
1175,354.8871998786926,0.229765582899563,0.011783361434936523,0.0018395662307739257,0.001342916488647461,0.9816176470588235
1180,356.3922460079193,0.03953660416836104,0.013277363777160645,0.001921677589416504,0.0013655662536621095,0.9724264705882353
1185,357.837837934494,0.0007751700087011316,0.013277363777160645,0.001921677589416504,0.0012790203094482423,0.9650735294117647
1190,359.30744218826294,0.022365282516693695,0.01225109100341797,0.001846146583557129,0.0013553380966186523,0.9650735294117647
1195,360.7550051212311,0.14710929818528715,0.01162102222442627,0.0018067359924316406,0.0013170719146728515,0.9724264705882353
1200,362.1922380924225,0.043749993387589295,0.012088751792907715,0.0018133163452148438,0.0014429807662963868,0.9834558823529411
1205,363.63152718544006,0.06797122045526524,0.011458683013916015,0.0017739057540893555,0.0014062166213989259,0.9908088235294118
1210,365.073255777359,0.03435132830345537,0.012088751792907715,0.0018133163452148438,0.0014230012893676758,0.9816176470588235
1215,366.5439519882202,0.037432278857713185,0.0128096342086792,0.0019150972366333008,0.001299905776977539,0.9816176470588235
1220,367.9657509326935,0.06448095619506607,0.013277363777160645,0.001921677589416504,0.0013229846954345703,0.9816176470588235
1225,369.3774907588959,0.05301849950064934,0.013582754135131835,0.0018954277038574219,0.0014856815338134765,0.9852941176470589
1230,370.7939360141754,0.09920414811911549,0.01225109100341797,0.001846146583557129,0.001300954818725586,0.9797794117647058
1235,372.2107629776001,0.15234192200286092,0.012952685356140137,0.0018560171127319336,0.0014096736907958985,0.9724264705882353
1240,373.61867213249207,0.0009439473131722664,0.013348889350891114,0.0018921375274658203,0.0013646602630615235,0.9283088235294118
1245,375.04019713401794,0.35015087852943,0.011387157440185546,0.001803445816040039,0.0012783050537109376,0.9577205882352942
1250,376.43847703933716,0.029761805030088694,0.013277363777160645,0.001921677589416504,0.0012963533401489258,0.9577205882352942
1255,377.8276541233063,0.2187396789202481,0.013277363777160645,0.001921677589416504,0.0014453887939453124,0.9742647058823529
1260,379.21833300590515,0.034529412079427856,0.01248495578765869,0.0018494367599487306,0.0013695955276489258,0.9761029411764706
1265,380.6208539009094,0.01089736016583629,0.013115024566650391,0.0018888473510742187,0.0014598846435546875,0.9797794117647058
1270,382.01493096351624,0.062186796491005225,0.011783361434936523,0.0018395662307739257,0.001270127296447754,0.9797794117647058
1275,383.4409420490265,0.017958941138003937,0.013043498992919922,0.0019183874130249024,0.0013144493103027343,0.9742647058823529
1280,384.81850481033325,0.048244697464095945,0.01225109100341797,0.001846146583557129,0.0012116432189941406,0.9816176470588235
1285,386.2055959701538,0.014961522769590374,0.011458683013916015,0.0017739057540893555,0.0013212919235229491,0.9797794117647058
1290,387.58090376853943,0.007211735821333676,0.013348889350891114,0.0018921375274658203,0.0014394760131835938,0.9742647058823529
1295,388.96185207366943,0.21758678569403855,0.011224818229675294,0.001770615577697754,0.00126340389251709,0.9761029411764706
1300,390.33791613578796,0.2276962537896816,0.012088751792907715,0.0018133163452148438,0.0013530254364013672,0.9816176470588235
1305,391.72656989097595,0.023628655878201243,0.011224818229675294,0.001770615577697754,0.001300644874572754,0.9632352941176471
1310,393.1122999191284,0.01907669013124256,0.013277363777160645,0.001921677589416504,0.001282048225402832,0.9558823529411765
1315,394.49621391296387,0.003971276615197894,0.012017226219177246,0.0018428564071655273,0.001195073127746582,0.9503676470588235
1320,395.87283396720886,0.03984832065383674,0.011224818229675294,0.001770615577697754,0.0012624025344848632,0.9466911764705882
1325,397.2514729499817,0.04464308850083398,0.013115024566650391,0.0018888473510742187,0.0013811826705932618,0.9522058823529411
1330,398.63479685783386,0.09762372029644287,0.01248495578765869,0.0018494367599487306,0.0013357162475585937,0.9632352941176471
1335,400.00679206848145,0.009721990323570573,0.01225109100341797,0.001846146583557129,0.0012838125228881836,0.9724264705882353
1340,401.38292694091797,0.1261043181441801,0.012088751792907715,0.0018133163452148438,0.0013138055801391602,0.9779411764705882
1345,402.77271795272827,0.023874784592680953,0.012088751792907715,0.0018133163452148438,0.0013787508010864257,0.9595588235294118
1350,404.179780960083,0.2590520364109034,0.012322616577148438,0.0018166065216064452,0.0013814449310302734,0.9485294117647058
1355,405.59260416030884,0.007287204762715227,0.012881159782409668,0.0018855571746826173,0.001289200782775879,0.9742647058823529
1360,406.9963450431824,0.04669403046718799,0.01248495578765869,0.0018494367599487306,0.0014181852340698243,0.96875
1365,408.3932340145111,0.2138453330381715,0.01225109100341797,0.001846146583557129,0.0012911081314086914,0.9577205882352942
1370,409.77109813690186,0.21949371314175553,0.012017226219177246,0.0018428564071655273,0.0012209415435791016,0.9375
1375,411.1704921722412,0.0033509178950135166,0.014141297340393067,0.001964378356933594,0.0013535976409912109,0.9301470588235294
1380,412.5221049785614,0.002902902137602759,0.01162102222442627,0.0018067359924316406,0.0012035846710205078,0.9191176470588235
1385,413.87323904037476,0.4468968959582753,0.01225109100341797,0.001846146583557129,0.0012386083602905274,0.9319852941176471
1390,415.24568700790405,0.007093944984708322,0.012881159782409668,0.0018855571746826173,0.0012973546981811523,0.9466911764705882
1395,416.6535060405731,0.2448812062972195,0.012881159782409668,0.0018855571746826173,0.001342606544494629,0.9650735294117647
1400,418.0934638977051,0.24024101411923765,0.01255648136138916,0.0018198966979980468,0.0015066862106323242,0.9669117647058824
1405,419.58481001853943,0.044990756842892665,0.012881159782409668,0.0018855571746826173,0.0014255046844482422,0.9172794117647058
1410,421.0801010131836,0.17850295475034733,0.012647294998168945,0.0018822669982910157,0.0013580083847045898,0.9099264705882353
1415,422.56649804115295,0.20195944994791723,0.012647294998168945,0.0018822669982910157,0.0013982534408569336,0.9540441176470589
1420,424.02730894088745,0.06764518534173476,0.011854887008666992,0.0018100261688232422,0.0013553619384765625,0.96875
1425,425.4505319595337,0.16942777160011246,0.013115024566650391,0.0018888473510742187,0.0014110565185546874,0.9834558823529411
1430,426.8747570514679,0.009610945753037291,0.012647294998168945,0.0018822669982910157,0.0012064933776855468,0.9871323529411765
1435,428.2918150424957,0.13049764343296388,0.014537501335144042,0.0020004987716674806,0.0013130426406860352,0.9889705882352942
1440,429.7119541168213,0.10615019580299308,0.011387157440185546,0.001803445816040039,0.0013317108154296876,0.9889705882352942
1445,431.1334240436554,0.2352919207855848,0.012017226219177246,0.0018428564071655273,0.0013688325881958008,0.9926470588235294
1450,432.5412859916687,0.0117257679461364,0.01367356777191162,0.0019577980041503907,0.001337122917175293,0.9797794117647058
1455,433.9364058971405,0.025469967260569427,0.012413430213928222,0.001878976821899414,0.0011732339859008788,0.9742647058823529
1460,435.32220697402954,0.004387981944879904,0.013348889350891114,0.0018921375274658203,0.0013223886489868164,0.9742647058823529
1465,436.7101511955261,0.10413100792227396,0.01099095344543457,0.0017673254013061523,0.0012548208236694337,0.9742647058823529
1470,438.1369729042053,0.023646260983941937,0.012881159782409668,0.0018855571746826173,0.0012889862060546874,0.9797794117647058
1475,439.5239260196686,0.03302450955078715,0.011224818229675294,0.001770615577697754,0.0013067007064819336,0.9908088235294118
1480,440.91446185112,0.03567561845034106,0.011692547798156738,0.0017771959304809571,0.0013800621032714843,0.9908088235294118
1485,442.3217079639435,0.03490526135137913,0.012647294998168945,0.0018822669982910157,0.0013324499130249023,0.9779411764705882
1490,443.72259497642517,0.001197846265558944,0.012413430213928222,0.001878976821899414,0.0012235403060913085,0.9797794117647058
1495,445.1305241584778,0.08709208756589568,0.01437516212463379,0.0019676685333251953,0.0014015913009643554,0.9889705882352942
1500,446.5742690563202,0.011087883697192958,0.013115024566650391,0.0018888473510742187,0.0013719797134399414,0.9889705882352942
1505,447.9788820743561,0.07617891607154892,0.012088751792907715,0.0018133163452148438,0.0013924837112426758,0.9908088235294118
1510,449.39568305015564,0.2802436770426448,0.01255648136138916,0.0018198966979980468,0.0013356924057006836,0.96875
1515,450.7994201183319,0.2606924301691743,0.012017226219177246,0.0018428564071655273,0.0013622760772705079,0.9816176470588235
1520,452.2551419734955,0.03832925927698998,0.012881159782409668,0.0018855571746826173,0.0014307260513305663,0.9871323529411765
1525,453.69924092292786,0.02678248615100607,0.014069771766662598,0.0019939184188842774,0.0012847423553466798,0.9871323529411765
1530,455.12176513671875,0.07438265160935842,0.012718820571899414,0.001852726936340332,0.0014460086822509766,0.9871323529411765
1535,456.550155878067,0.02763949809695987,0.012647294998168945,0.0018822669982910157,0.0013826608657836914,0.9852941176470589
1540,457.966717004776,0.07211768506121193,0.01248495578765869,0.0018494367599487306,0.0014107704162597656,0.9852941176470589
1545,459.37559390068054,0.013154516799922966,0.0121795654296875,0.0018756866455078125,0.001180410385131836,0.9871323529411765
1550,460.77454686164856,0.0014532476059367027,0.012017226219177246,0.0018428564071655273,0.001203465461730957,0.9852941176470589
1555,462.1454927921295,0.0487676051254585,0.012088751792907715,0.0018133163452148438,0.001244807243347168,0.9834558823529411
1560,463.5159499645233,0.0019810163665079372,0.01374509334564209,0.001928257942199707,0.00142669677734375,0.9834558823529411
1565,464.8672947883606,0.01561509507610026,0.011458683013916015,0.0017739057540893555,0.0013136625289916991,0.9761029411764706
1570,466.264760017395,0.22054466054141814,0.011692547798156738,0.0017771959304809571,0.001400899887084961,0.9908088235294118
1575,467.62127780914307,0.01920853976344148,0.01162102222442627,0.0018067359924316406,0.0012336254119873046,0.9797794117647058
1580,468.98202681541443,0.03550991249501756,0.012881159782409668,0.0018855571746826173,0.001308441162109375,0.9705882352941176
1585,470.3329818248749,0.00434505742367044,0.012017226219177246,0.0018428564071655273,0.001210331916809082,0.96875
1590,471.67881989479065,7.75137882692789e-05,0.01162102222442627,0.0018067359924316406,0.001162099838256836,0.9669117647058824
1595,473.02739906311035,0.049684393900843206,0.013115024566650391,0.0018888473510742187,0.001290440559387207,0.9669117647058824
1600,474.37439608573914,0.006139067958611122,0.011224818229675294,0.001770615577697754,0.0013340473175048827,0.9779411764705882
1605,475.7268090248108,0.024987881982976922,0.01248495578765869,0.0018494367599487306,0.0013087034225463868,0.9834558823529411
1610,477.0815930366516,0.0014329263837590035,0.011854887008666992,0.0018100261688232422,0.0012315988540649414,0.9889705882352942
1615,478.4328119754791,0.018446393741203694,0.012952685356140137,0.0018560171127319336,0.0013262271881103516,0.9834558823529411
1620,479.7806041240692,0.16297823824686936,0.012718820571899414,0.001852726936340332,0.0013623237609863281,0.96875
1625,481.13052201271057,0.09571694924972611,0.012718820571899414,0.001852726936340332,0.001240682601928711,0.9761029411764706
1630,482.50166177749634,0.007759544623081638,0.012017226219177246,0.0018428564071655273,0.0013033390045166016,0.9724264705882353
1635,483.8646230697632,0.006733901798681963,0.012718820571899414,0.001852726936340332,0.0012751579284667968,0.9797794117647058
1640,485.2540440559387,0.29670415195488664,0.011387157440185546,0.001803445816040039,0.0012051582336425782,0.9595588235294118
1645,486.68385195732117,0.12247396659930879,0.013511228561401366,0.0019249677658081054,0.0013558626174926757,0.9540441176470589
1650,488.2026128768921,0.002009812710667802,0.012413430213928222,0.001878976821899414,0.001263737678527832,0.9375
1655,489.6274631023407,0.0001730792243577639,0.01162102222442627,0.0018067359924316406,0.0012349843978881835,0.9283088235294118
1660,490.9906520843506,0.35469720845654146,0.014141297340393067,0.001964378356933594,0.001322174072265625,0.9540441176470589
1665,492.4271950721741,0.006537940193385339,0.012017226219177246,0.0018428564071655273,0.0012926816940307616,0.9613970588235294
1670,493.84586477279663,0.3589455723616993,0.012160277366638184,0.0017837762832641601,0.0015125751495361328,0.9852941176470589
1675,495.2926890850067,0.14718136962606038,0.013115024566650391,0.0018888473510742187,0.0014490604400634766,0.9595588235294118
1680,496.7664909362793,0.17436789307083025,0.012881159782409668,0.0018855571746826173,0.001428699493408203,0.9338235294117647
1685,498.2548248767853,0.19634357628809998,0.012647294998168945,0.0018822669982910157,0.0013315677642822266,0.9283088235294118
1690,499.73348808288574,0.3135731837899584,0.011387157440185546,0.001803445816040039,0.0013487100601196288,0.9577205882352942
1695,501.22259497642517,0.061745272287125806,0.01374509334564209,0.001928257942199707,0.0015117645263671875,0.9926470588235294
1700,502.6766209602356,0.011497185488669893,0.011854887008666992,0.0018100261688232422,0.00130767822265625,0.9908088235294118
1705,504.12298703193665,0.07436143070623161,0.014303636550903321,0.001997208595275879,0.0012448787689208984,0.9852941176470589
1710,505.58523988723755,0.06462672426975598,0.012881159782409668,0.0018855571746826173,0.0013457059860229493,0.9816176470588235
1715,507.03300499916077,0.10610337908718978,0.012413430213928222,0.001878976821899414,0.0013595342636108399,0.9908088235294118
1720,508.47203183174133,0.20638278428422385,0.012017226219177246,0.0018428564071655273,0.0013749122619628907,0.9852941176470589
1725,509.8991229534149,0.030514069199553084,0.013043498992919922,0.0019183874130249024,0.001282048225402832,0.9779411764705882
1730,511.31479692459106,0.0028078910617114873,0.013511228561401366,0.0019249677658081054,0.001268625259399414,0.9797794117647058
1735,512.7278151512146,0.045928946371378745,0.01162102222442627,0.0018067359924316406,0.0012979984283447265,0.9797794117647058
1740,514.1366260051727,0.11843401619689206,0.01225109100341797,0.001846146583557129,0.0012790203094482423,0.9871323529411765
1745,515.5473880767822,0.02971632838141893,0.011854887008666992,0.0018100261688232422,0.001326918601989746,0.9908088235294118
1750,516.9628357887268,0.034204270631926194,0.011296343803405762,0.0017410755157470704,0.001359248161315918,0.9908088235294118
1755,518.3712749481201,0.005862354874263076,0.01225109100341797,0.001846146583557129,0.0013128280639648437,0.9852941176470589
1760,519.7731249332428,0.018446863933446876,0.0121795654296875,0.0018756866455078125,0.0012705564498901368,0.9852941176470589
1765,521.2103657722473,0.07773943330370922,0.014141297340393067,0.001964378356933594,0.0013458251953125,0.9908088235294118
1770,522.6099381446838,0.010336434394778138,0.012718820571899414,0.001852726936340332,0.0013642549514770509,0.9908088235294118
1775,524.0104269981384,0.047050049554372995,0.013115024566650391,0.0018888473510742187,0.0013967514038085937,0.9908088235294118
1780,525.4025659561157,0.19695893916121357,0.012322616577148438,0.0018166065216064452,0.001346755027770996,0.9779411764705882
1785,526.7954740524292,0.279146378612395,0.013115024566650391,0.0018888473510742187,0.0013051271438598634,0.9724264705882353
1790,528.1941668987274,0.0069935826700112,0.012017226219177246,0.0018428564071655273,0.0013326644897460938,0.9871323529411765
1795,529.5923190116882,0.04839109087623008,0.013277363777160645,0.001921677589416504,0.0013677120208740235,0.9889705882352942
1800,530.9976069927216,0.0954066079108907,0.013511228561401366,0.0019249677658081054,0.0014849662780761718,0.9889705882352942
1805,532.3792932033539,0.036252873367893734,0.011854887008666992,0.0018100261688232422,0.0012615442276000977,0.9889705882352942
1810,533.7573821544647,0.025837887343368494,0.013115024566650391,0.0018888473510742187,0.0013791799545288086,0.9871323529411765
1815,535.1415989398956,0.043347075461924865,0.0121795654296875,0.0018756866455078125,0.0012424230575561524,0.9871323529411765
1820,536.5535979270935,0.008504339213566326,0.013277363777160645,0.001921677589416504,0.001332712173461914,0.9816176470588235
1825,537.9951741695404,0.021173366783641612,0.011387157440185546,0.001803445816040039,0.0011942625045776368,0.9834558823529411
1830,539.3784959316254,0.01462057706233395,0.012322616577148438,0.0018166065216064452,0.0013735532760620118,0.9871323529411765
1835,540.7493090629578,0.010157496937614141,0.012718820571899414,0.001852726936340332,0.0013590812683105468,0.9871323529411765
1840,542.1188771724701,0.13605811718480254,0.011458683013916015,0.0017739057540893555,0.0012631177902221679,0.9908088235294118
1845,543.4798541069031,0.015557392561363237,0.011854887008666992,0.0018100261688232422,0.0012480735778808594,0.9816176470588235
1850,544.8327939510345,0.009702244539096228,0.01225109100341797,0.001846146583557129,0.0013150453567504882,0.9761029411764706
1855,546.171548128128,0.00025641181147655344,0.012881159782409668,0.0018855571746826173,0.0011902332305908203,0.9669117647058824
1860,547.5279769897461,0.002403707173456482,0.011783361434936523,0.0018395662307739257,0.0011113882064819336,0.9650735294117647
1865,548.8321850299835,0.021322590131071628,0.011854887008666992,0.0018100261688232422,0.0012583732604980469,0.9650735294117647
1870,550.1322090625763,0.006839767633700866,0.011854887008666992,0.0018100261688232422,0.0013439416885375976,0.9595588235294118
1875,551.4429769515991,0.5399448748385248,0.013115024566650391,0.0018888473510742187,0.0013944387435913086,0.9779411764705882
1880,552.7514050006866,0.00046484793619985256,0.011854887008666992,0.0018100261688232422,0.0012608051300048828,0.9797794117647058
1885,554.0784339904785,0.01832260079744632,0.012322616577148438,0.0018166065216064452,0.0012659311294555664,0.96875
1890,555.4217178821564,0.002850892456992682,0.01248495578765869,0.0018494367599487306,0.0012817859649658203,0.9503676470588235
1895,556.77192902565,0.19435773594332204,0.012322616577148438,0.0018166065216064452,0.0012981653213500976,0.9558823529411765
1900,558.1248691082001,0.1413987120166306,0.012881159782409668,0.0018855571746826173,0.0012970924377441405,0.9761029411764706
1905,559.4778079986572,0.0036336224772549387,0.01225109100341797,0.001846146583557129,0.0012412548065185546,0.9669117647058824
1910,560.846960067749,0.1379925644112589,0.011854887008666992,0.0018100261688232422,0.0013251066207885741,0.9522058823529411
1915,562.195592880249,0.7003066929525904,0.012647294998168945,0.0018822669982910157,0.0012833356857299804,0.9375
1920,563.5707850456238,0.004009443702229909,0.013907432556152344,0.001961088180541992,0.0014066219329833985,0.9136029411764706
1925,564.9713687896729,0.002408606466394758,0.01162102222442627,0.0018067359924316406,0.0011828422546386718,0.9044117647058824
1930,566.3904860019684,0.3536650455876966,0.01248495578765869,0.0018494367599487306,0.0013986825942993164,0.9227941176470589
1935,567.8498589992523,0.01346236716333955,0.012647294998168945,0.0018822669982910157,0.0013122797012329102,0.9301470588235294
1940,569.3563969135284,0.327235661348098,0.012718820571899414,0.001852726936340332,0.0014629602432250977,0.9613970588235294
1945,570.8721451759338,0.3115173521917313,0.012322616577148438,0.0018166065216064452,0.001509881019592285,0.9761029411764706
1950,572.3939509391785,0.029814251680545568,0.012881159782409668,0.0018855571746826173,0.001433730125427246,0.9724264705882353
1955,573.9262809753418,0.17987009220460096,0.013277363777160645,0.001921677589416504,0.0013930797576904297,0.9724264705882353
1960,575.4951179027557,0.07733658885217665,0.011783361434936523,0.0018395662307739257,0.0013910293579101562,0.9816176470588235
1965,577.0123810768127,0.21652424219054414,0.012718820571899414,0.001852726936340332,0.001437830924987793,0.9742647058823529
1970,578.5236740112305,0.07045215783928142,0.012881159782409668,0.0018855571746826173,0.0014454126358032227,0.9834558823529411
1975,580.046835899353,0.0022962825778359173,0.012881159782409668,0.0018855571746826173,0.0013962030410766602,0.9816176470588235
1980,581.5752129554749,0.1804566831111522,0.014303636550903321,0.001997208595275879,0.0013700485229492187,0.9816176470588235
1985,583.1113760471344,0.13208622219234717,0.011387157440185546,0.001803445816040039,0.0013595819473266602,0.9871323529411765
1990,584.6423788070679,0.2143801461032126,0.012017226219177246,0.0018428564071655273,0.001461625099182129,0.9852941176470589
1995,586.1550199985504,0.027673989757013295,0.013907432556152344,0.001961088180541992,0.0014055728912353515,0.9779411764705882
2000,587.6321220397949,0.0005167597983655626,0.012413430213928222,0.001878976821899414,0.0012325286865234376,0.96875
2005,589.1044640541077,0.007975287671433762,0.01248495578765869,0.0018494367599487306,0.0014582395553588868,0.9650735294117647
2010,590.5467069149017,0.12294893329853948,0.01099095344543457,0.0017673254013061523,0.0013289690017700196,0.9705882352941176
2015,591.9984669685364,0.037732979443335424,0.013348889350891114,0.0018921375274658203,0.0013900518417358399,0.9742647058823529
2020,593.4603359699249,0.021126857402023268,0.011224818229675294,0.001770615577697754,0.001340031623840332,0.9816176470588235
2025,594.9153068065643,0.034462546092998994,0.011854887008666992,0.0018100261688232422,0.0013972282409667968,0.9834558823529411
2030,596.3537969589233,0.03191381222156906,0.012017226219177246,0.0018428564071655273,0.0013866186141967773,0.9779411764705882
2035,597.7827880382538,0.0003071770897623338,0.01367356777191162,0.0019577980041503907,0.0012450933456420899,0.9779411764705882
2040,599.2050709724426,0.0644180705708095,0.013978958129882812,0.0019315481185913086,0.0014636516571044922,0.9834558823529411
2045,600.6315188407898,0.04455019469294719,0.01248495578765869,0.0018494367599487306,0.001384139060974121,0.9816176470588235
2050,602.0628688335419,0.2912462174575012,0.012322616577148438,0.0018166065216064452,0.0014068126678466798,0.9816176470588235
2055,603.5313119888306,0.0023597279548910775,0.012952685356140137,0.0018560171127319336,0.0014484643936157227,0.9632352941176471
2060,604.9810190200806,0.30515947861666975,0.011783361434936523,0.0018395662307739257,0.0012703657150268555,0.9724264705882353
2065,606.4376418590546,0.019636408213209576,0.013511228561401366,0.0019249677658081054,0.0013537168502807616,0.9761029411764706
2070,607.8799540996552,0.07617763473790617,0.01367356777191162,0.0019577980041503907,0.001439213752746582,0.9797794117647058
2075,609.3107318878174,0.01748608215919454,0.01248495578765869,0.0018494367599487306,0.0013911724090576172,0.9779411764705882
2080,610.7425010204315,0.01265371725685327,0.012881159782409668,0.0018855571746826173,0.0014252662658691406,0.9779411764705882
2085,612.1677889823914,0.03820091028008399,0.01225109100341797,0.001846146583557129,0.0013759613037109375,0.9797794117647058
2090,613.5792181491852,0.01735735042481803,0.0121795654296875,0.0018756866455078125,0.0011626005172729493,0.9797794117647058
2095,614.9785089492798,0.025338822772474325,0.01225109100341797,0.001846146583557129,0.0012914896011352538,0.9834558823529411
2100,616.3758277893066,0.010908868479068624,0.012088751792907715,0.0018133163452148438,0.0013122797012329102,0.9797794117647058
2105,617.7744529247284,0.0026499945406431636,0.013115024566650391,0.0018888473510742187,0.0014104843139648438,0.9797794117647058
2110,619.163568019867,0.015733434585899885,0.011692547798156738,0.0017771959304809571,0.0013442039489746094,0.9761029411764706
2115,620.5889298915863,0.3773716462731409,0.012088751792907715,0.0018133163452148438,0.0014313936233520507,0.9889705882352942
2120,621.9773669242859,0.017842032568563582,0.01099095344543457,0.0017673254013061523,0.0012537240982055664,0.9834558823529411
2125,623.3686370849609,0.00263799495220276,0.012647294998168945,0.0018822669982910157,0.0012734889984130859,0.9779411764705882
2130,624.7550630569458,0.007517968974780765,0.01225109100341797,0.001846146583557129,0.00127105712890625,0.9724264705882353
2135,626.1390790939331,0.0002892029608425162,0.01162102222442627,0.0018067359924316406,0.0011939287185668945,0.96875
2140,627.5289630889893,0.04065481045557142,0.013115024566650391,0.0018888473510742187,0.0014208078384399414,0.9705882352941176
2145,628.9091098308563,0.008432148652664218,0.01225109100341797,0.001846146583557129,0.0013206958770751952,0.9742647058823529
2150,630.287104845047,0.06171739380846706,0.01248495578765869,0.0018494367599487306,0.0013012170791625976,0.9761029411764706
2155,631.7044651508331,0.0027491596469189973,0.011458683013916015,0.0017739057540893555,0.0013293981552124023,0.9779411764705882
2160,633.0708258152008,0.026712536645106866,0.012718820571899414,0.001852726936340332,0.0013423442840576171,0.9871323529411765
2165,634.4438359737396,0.33128884537126346,0.012322616577148438,0.0018166065216064452,0.0014175176620483398,0.9871323529411765
2170,635.8298978805542,0.055638402595863924,0.01248495578765869,0.0018494367599487306,0.0013551950454711915,0.9742647058823529
2175,637.2300379276276,0.006828681430943106,0.01248495578765869,0.0018494367599487306,0.0013356924057006836,0.9742647058823529
2180,638.655143737793,0.4546365857632987,0.01225109100341797,0.001846146583557129,0.0013395786285400391,0.9761029411764706
2185,640.0278329849243,0.1766630453744847,0.012017226219177246,0.0018428564071655273,0.001247739791870117,0.9669117647058824
2190,641.3987171649933,0.002077038353131755,0.014141297340393067,0.001964378356933594,0.001344752311706543,0.9485294117647058
2195,642.7592010498047,0.002416964466831395,0.012017226219177246,0.0018428564071655273,0.0012379169464111328,0.9393382352941176
2200,644.1188640594482,0.24730839615976094,0.01162102222442627,0.0018067359924316406,0.0012389659881591798,0.9393382352941176
2205,645.4836120605469,0.0026292516944341317,0.01374509334564209,0.001928257942199707,0.001314401626586914,0.9558823529411765
2210,646.8827569484711,0.24643655495412542,0.012413430213928222,0.001878976821899414,0.0012325286865234376,0.9669117647058824
2215,648.2987649440765,0.08546062062014244,0.011764073371887207,0.0017476558685302734,0.001504206657409668,0.9816176470588235
2220,649.7471549510956,0.22632409297101805,0.013511228561401366,0.0019249677658081054,0.001513051986694336,0.9650735294117647
2225,651.2470090389252,0.18454812808757204,0.012647294998168945,0.0018822669982910157,0.0014110565185546874,0.9540441176470589
2230,652.7550058364868,0.15075143935371677,0.013277363777160645,0.001921677589416504,0.001404714584350586,0.9577205882352942
2235,654.5117847919464,0.02363873239373788,0.01099095344543457,0.0017673254013061523,0.001938176155090332,0.9558823529411765
2240,656.0288460254669,0.07878336855190363,0.013511228561401366,0.0019249677658081054,0.0014929533004760741,0.9632352941176471
2245,657.5296969413757,0.016560929712322904,0.01248495578765869,0.0018494367599487306,0.0014022111892700196,0.9632352941176471
2250,659.0639159679413,0.03422441348080625,0.013907432556152344,0.001961088180541992,0.0012618780136108398,0.9650735294117647
2255,660.5450201034546,0.14516484677276828,0.012017226219177246,0.0018428564071655273,0.0013986349105834961,0.96875
2260,662.0168390274048,0.00629181689444529,0.012413430213928222,0.001878976821899414,0.001259756088256836,0.9742647058823529
2265,663.4776470661163,0.15229503085191035,0.013277363777160645,0.001921677589416504,0.0013948202133178711,0.9705882352941176
2270,664.8971009254456,0.03330210093516293,0.012413430213928222,0.001878976821899414,0.0012693166732788085,0.9705882352941176
2275,666.295695066452,0.0038315429402883796,0.01374509334564209,0.001928257942199707,0.0012616157531738282,0.96875
2280,667.6832900047302,0.004849399073318672,0.01099095344543457,0.0017673254013061523,0.0012738943099975587,0.9613970588235294
2285,669.0611069202423,0.10590326831125604,0.01225109100341797,0.001846146583557129,0.0012870550155639649,0.9761029411764706
2290,670.4474899768829,0.023896503162341175,0.011854887008666992,0.0018100261688232422,0.0013248920440673828,0.9834558823529411
2295,671.8307580947876,0.032435411838923754,0.011692547798156738,0.0017771959304809571,0.0013719558715820312,0.9852941176470589
2300,673.2051701545715,0.015338983479893643,0.01225109100341797,0.001846146583557129,0.0013658761978149413,0.9889705882352942
2305,674.5704197883606,0.002562934300492614,0.0121795654296875,0.0018756866455078125,0.0012099742889404297,0.9871323529411765
2310,675.9185361862183,0.06232547987283184,0.01437516212463379,0.0019676685333251953,0.0012961387634277343,0.9926470588235294
2315,677.2784440517426,0.005112313125871459,0.012718820571899414,0.001852726936340332,0.0013842105865478516,0.9889705882352942
2320,678.646292924881,0.10502740414783726,0.01248495578765869,0.0018494367599487306,0.0012881994247436524,0.9908088235294118
2325,679.9965097904205,0.25479875758554194,0.01255648136138916,0.0018198966979980468,0.0013401031494140625,0.9779411764705882
2330,681.3546769618988,0.2986705321259979,0.012647294998168945,0.0018822669982910157,0.0012274742126464843,0.9779411764705882
2335,682.7216820716858,0.011444766182380661,0.012881159782409668,0.0018855571746826173,0.0013334035873413086,0.9816176470588235
2340,684.0855579376221,0.017724998946660086,0.01367356777191162,0.0019577980041503907,0.0013098478317260741,0.9834558823529411
2345,685.4485399723053,0.06846020132341443,0.013115024566650391,0.0018888473510742187,0.0014463424682617187,0.9834558823529411
2350,686.8494210243225,0.03162231851400641,0.01162102222442627,0.0018067359924316406,0.0012223005294799804,0.9834558823529411
2355,688.2143929004669,0.0292736216611047,0.013115024566650391,0.0018888473510742187,0.0014976978302001954,0.9852941176470589
2360,689.5577909946442,0.008008649402181689,0.0121795654296875,0.0018756866455078125,0.001136636734008789,0.9871323529411765
2365,690.9001979827881,0.00020005499230428824,0.012647294998168945,0.0018822669982910157,0.0012267112731933593,0.9816176470588235
2370,692.220627784729,0.013362495236480143,0.011854887008666992,0.0018100261688232422,0.0011582374572753906,0.9816176470588235
2375,693.5453848838806,0.016550592561807242,0.012718820571899414,0.001852726936340332,0.0013545751571655273,0.9852941176470589
2380,694.8660969734192,0.011818823982948779,0.012088751792907715,0.0018133163452148438,0.0013431310653686523,0.9852941176470589
2385,696.1823410987854,0.2712275476521427,0.012088751792907715,0.0018133163452148438,0.0013607263565063477,0.9908088235294118
2390,697.5059230327606,0.0005609654778689688,0.01162102222442627,0.0018067359924316406,0.0011630058288574219,0.9871323529411765
2395,698.8392610549927,0.007596297291683563,0.01248495578765869,0.0018494367599487306,0.001355457305908203,0.9761029411764706
2400,700.1741859912872,0.0025940801515776713,0.012017226219177246,0.0018428564071655273,0.001187443733215332,0.9613970588235294
2405,701.5127048492432,0.00012259136417025474,0.012017226219177246,0.0018428564071655273,0.0010797977447509766,0.9522058823529411
2410,702.8660237789154,0.02849451097564728,0.01248495578765869,0.0018494367599487306,0.0013433456420898437,0.9522058823529411
2415,704.1965191364288,0.004695433653150794,0.011854887008666992,0.0018100261688232422,0.0012719869613647462,0.9522058823529411
2420,705.5334289073944,0.9910086953999315,0.012718820571899414,0.001852726936340332,0.0013372659683227538,0.9816176470588235
2425,706.8788800239563,0.005292868420624508,0.01162102222442627,0.0018067359924316406,0.001267075538635254,0.9852941176470589
2430,708.2406797409058,0.006698177681555606,0.012718820571899414,0.001852726936340332,0.0013349294662475587,0.9761029411764706
2435,709.6212131977081,0.0006400859843598283,0.012718820571899414,0.001852726936340332,0.0013753175735473633,0.96875
2440,711.0120627880096,0.1348000451893677,0.012322616577148438,0.0018166065216064452,0.001390218734741211,0.9761029411764706
2445,712.4245989322662,0.023921669037861193,0.01225109100341797,0.001846146583557129,0.0012569189071655273,0.96875
2450,713.7528901100159,0.16438579746499277,0.012881159782409668,0.0018855571746826173,0.00130007266998291,0.9742647058823529
2455,715.1061668395996,0.14315408216743553,0.01162102222442627,0.0018067359924316406,0.001211071014404297,0.9522058823529411
2460,716.4596951007843,0.5451009977195349,0.012881159782409668,0.0018855571746826173,0.001324772834777832,0.9411764705882353
2465,717.8247179985046,0.0039595093663425725,0.013043498992919922,0.0019183874130249024,0.0012881755828857422,0.9319852941176471
2470,719.2122979164124,0.0021104182437198917,0.01162102222442627,0.0018067359924316406,0.0012009143829345703,0.9264705882352942
2475,720.6097378730774,0.26517222167531374,0.01374509334564209,0.001928257942199707,0.001413416862487793,0.9393382352941176
2480,722.0427360534668,0.00957132599969004,0.012017226219177246,0.0018428564071655273,0.0012398004531860352,0.9503676470588235
2485,723.5058569908142,0.29929243952506185,0.01255648136138916,0.0018198966979980468,0.0015145540237426758,0.9742647058823529
2490,725.0232839584351,0.11243118633565245,0.012718820571899414,0.001852726936340332,0.0015048742294311523,0.9540441176470589
2495,726.5787010192871,0.02701633214019239,0.012881159782409668,0.0018855571746826173,0.0015166282653808593,0.9448529411764706
2500,728.1386349201202,0.17258427694277093,0.012647294998168945,0.0018822669982910157,0.001429295539855957,0.9448529411764706
2505,729.6939098834991,0.14585512587691482,0.011783361434936523,0.0018395662307739257,0.0014014005661010741,0.9485294117647058
2510,731.2342319488525,0.2240851121720789,0.012718820571899414,0.001852726936340332,0.0015446662902832032,0.9650735294117647
2515,732.7708268165588,0.008944213455765748,0.012881159782409668,0.0018855571746826173,0.0014572858810424805,0.9632352941176471
2520,734.2981281280518,0.0018237933790874906,0.013907432556152344,0.001961088180541992,0.0013759613037109375,0.9632352941176471
2525,735.8324310779572,0.16873578135800926,0.013043498992919922,0.0019183874130249024,0.0013406515121459962,0.9632352941176471
2530,737.3645639419556,0.15561724372882058,0.01225109100341797,0.001846146583557129,0.0013947725296020509,0.9724264705882353
2535,738.8890149593353,0.18316595725564183,0.011783361434936523,0.0018395662307739257,0.001389765739440918,0.9705882352941176
2540,740.3666729927063,0.023016037518818956,0.013277363777160645,0.001921677589416504,0.0013614654541015624,0.9558823529411765
2545,741.8538060188293,0.00012224721314861852,0.013277363777160645,0.001921677589416504,0.001269054412841797,0.9503676470588235
2550,743.3402490615845,0.002768843869353077,0.01225109100341797,0.001846146583557129,0.001481318473815918,0.9466911764705882
2555,744.9102430343628,0.14706738962767307,0.01162102222442627,0.0018067359924316406,0.0013752222061157227,0.9558823529411765
2560,746.4143180847168,0.030464978184252266,0.012088751792907715,0.0018133163452148438,0.0014591693878173828,0.9761029411764706
2565,747.8798151016235,0.053213710193531404,0.011458683013916015,0.0017739057540893555,0.0014588594436645507,0.9797794117647058
2570,749.3907370567322,0.007951410208681864,0.012088751792907715,0.0018133163452148438,0.0014779090881347657,0.9797794117647058
2575,750.8536729812622,0.003146852491762786,0.0128096342086792,0.0019150972366333008,0.0012645483016967773,0.9779411764705882
2580,752.2949869632721,0.018557620392102868,0.013277363777160645,0.001921677589416504,0.0012965202331542969,0.9779411764705882
2585,753.734974861145,0.039686261786755495,0.013582754135131835,0.0018954277038574219,0.001476430892944336,0.9742647058823529
2590,755.1516027450562,0.08099742631327907,0.01225109100341797,0.001846146583557129,0.00135345458984375,0.9742647058823529
2595,756.5664229393005,0.2530433787261632,0.012952685356140137,0.0018560171127319336,0.0013932228088378907,0.9724264705882353
2600,757.9700479507446,0.00028684565480947556,0.013348889350891114,0.0018921375274658203,0.0013504743576049805,0.9577205882352942
2605,759.4020910263062,0.4084973816866432,0.011387157440185546,0.001803445816040039,0.0013565301895141601,0.96875
2610,760.8305168151855,0.03861701687090537,0.013277363777160645,0.001921677589416504,0.0012517213821411134,0.9724264705882353
2615,762.2618370056152,0.12393926582299172,0.013277363777160645,0.001921677589416504,0.0015058279037475585,0.9761029411764706
2620,763.6715359687805,0.0161831525667413,0.01248495578765869,0.0018494367599487306,0.0014331340789794922,0.9797794117647058
2625,765.0942168235779,0.02087916931795917,0.013115024566650391,0.0018888473510742187,0.001434159278869629,0.9761029411764706
2630,766.5079810619354,0.04679085030964423,0.011783361434936523,0.0018395662307739257,0.001263594627380371,0.9797794117647058
2635,767.9032208919525,0.010381163169058816,0.013043498992919922,0.0019183874130249024,0.0012748241424560547,0.9797794117647058
2640,769.3248360157013,0.017915761373051352,0.01225109100341797,0.001846146583557129,0.0012156963348388672,0.9797794117647058
2645,770.6950209140778,0.010663563595272763,0.011458683013916015,0.0017739057540893555,0.0012582063674926758,0.9797794117647058
2650,772.0580871105194,0.01615484773336,0.013348889350891114,0.0018921375274658203,0.0014340400695800782,0.9797794117647058
2655,773.426234960556,0.13928157893669918,0.011224818229675294,0.001770615577697754,0.0012634515762329102,0.9797794117647058
2660,774.8094608783722,0.3427293198123985,0.012088751792907715,0.0018133163452148438,0.001368880271911621,0.9834558823529411
2665,776.2461669445038,0.00934930294005767,0.011224818229675294,0.001770615577697754,0.001257181167602539,0.9816176470588235
2670,777.6298348903656,0.002338228355852223,0.013277363777160645,0.001921677589416504,0.0013184547424316406,0.9852941176470589
2675,779.0165719985962,0.005667324068209645,0.012017226219177246,0.0018428564071655273,0.0012504100799560548,0.9761029411764706
2680,780.4026758670807,0.012770180424437606,0.011224818229675294,0.001770615577697754,0.0012192964553833009,0.9797794117647058
2685,781.7988760471344,0.009734609296085672,0.013115024566650391,0.0018888473510742187,0.0014117002487182618,0.9779411764705882
2690,783.1855199337006,0.03661495946161271,0.01248495578765869,0.0018494367599487306,0.0013531684875488282,0.9797794117647058
2695,784.57497215271,0.004314384205908972,0.01225109100341797,0.001846146583557129,0.0013053417205810547,0.9816176470588235
2700,785.9589080810547,0.004200857595051311,0.012088751792907715,0.0018133163452148438,0.0013564825057983398,0.9816176470588235
2705,787.3418228626251,0.014367175920349418,0.012088751792907715,0.0018133163452148438,0.0013201713562011718,0.9852941176470589
2710,788.7238450050354,0.07526133885829048,0.012322616577148438,0.0018166065216064452,0.0014370441436767577,0.9852941176470589
2715,790.1141648292542,0.0018431195847222527,0.012881159782409668,0.0018855571746826173,0.0013337373733520509,0.9852941176470589
2720,791.5017020702362,0.00492494099362375,0.01248495578765869,0.0018494367599487306,0.0013779640197753907,0.9816176470588235