#{"solver": {"engine": {"type": "ExactEngine"}, "semiring": "GraphSemiring"}, "networks": [{"name": "perc_net_version_1_NeSy_x", "module": "AD_V1_NeSy_1_net_x(\n  (conv1): Conv2d(3, 6, kernel_size=(5, 5), stride=(1, 1))\n  (pool): MaxPool2d(kernel_size=2, stride=2, padding=0, dilation=1, ceil_mode=False)\n  (conv2): Conv2d(6, 16, kernel_size=(5, 5), stride=(1, 1))\n  (fc1): Linear(in_features=400, out_features=120, bias=True)\n  (fc2): Linear(in_features=120, out_features=84, bias=True)\n  (fc3): Linear(in_features=84, out_features=4, bias=True)\n  (softmax): Softmax(dim=-1)\n)", "optimizer": "Adam (\nParameter Group 0\n    amsgrad: False\n    betas: (0.9, 0.999)\n    capturable: False\n    differentiable: False\n    eps: 1e-08\n    foreach: None\n    fused: None\n    lr: 0.001\n    maximize: False\n    weight_decay: 0\n)", "k": null}, {"name": "perc_net_version_1_NeSy_y", "module": "AD_V1_NeSy_1_net_y(\n  (conv1): Conv2d(3, 6, kernel_size=(5, 5), stride=(1, 1))\n  (pool): MaxPool2d(kernel_size=2, stride=2, padding=0, dilation=1, ceil_mode=False)\n  (conv2): Conv2d(6, 16, kernel_size=(5, 5), stride=(1, 1))\n  (fc1): Linear(in_features=400, out_features=120, bias=True)\n  (fc2): Linear(in_features=120, out_features=84, bias=True)\n  (fc3): Linear(in_features=84, out_features=3, bias=True)\n  (softmax): Softmax(dim=-1)\n)", "optimizer": "Adam (\nParameter Group 0\n    amsgrad: False\n    betas: (0.9, 0.999)\n    capturable: False\n    differentiable: False\n    eps: 1e-08\n    foreach: None\n    fused: None\n    lr: 0.001\n    maximize: False\n    weight_decay: 0\n)", "k": null}], "program": "nn(perc_net_version_1_NeSy_x,[Img],X,[0, 1, 2, 3])::cell_x(Img,X).\nnn(perc_net_version_1_NeSy_y,[Img],Y,[0, 1, 2])::cell_y(Img,Y).\nattention_boundary(X,Y) :- X==1, Y=0.\nenlarged_boundary(X,Y) :- X==1, Y=1.\nenlarged_boundary(X,Y) :- X==2, Y=0.\nenlarged_boundary(X,Y) :- X==2, Y=1.\nout_of_view(X,Y) :- X==0; X==3; Y==2.\naction(Img,1) :- cell_x(Img,X1), cell_y(Img,Y1), attention_boundary(X1,Y1).\naction(Img,2) :- cell_x(Img,X2), cell_y(Img,Y2), enlarged_boundary(X2,Y2), \\+action(Img,1).\naction(Img,0) :- cell_x(Img,X3), cell_y(Img,Y3), out_of_view(X3,Y3), \\+action(Img,2), \\+action(Img,1).\n"}
#Accuracy 0.9738562091503268
i,time,loss,ground_time,compile_time,eval_time,accuracy
5,0.06928491592407227,1.1700359374284743,0.004175853729248047,0.001079559326171875,0.0010921239852905273,0.3562091503267974
10,1.943572998046875,1.4349036931991577,0.023630738258361816,0.0011280059814453125,0.0012376070022583007,0.3562091503267974
15,3.7267110347747803,1.2820981919765473,0.004629611968994141,0.0012291431427001952,0.0011791706085205079,0.3562091503267974
20,5.5200676918029785,1.2056129813194274,0.023630738258361816,0.0011280059814453125,0.001265883445739746,0.31862745098039214
25,7.307054758071899,1.2180456399917603,0.027938365936279297,0.0010124921798706054,0.001196002960205078,0.31862745098039214
30,9.100879907608032,1.1590423941612245,0.019913315773010254,0.001363825798034668,0.0013167619705200194,0.31862745098039214
35,10.894057989120483,1.0773383736610413,0.019323110580444336,0.0012435197830200195,0.0012523174285888673,0.31862745098039214
40,12.686034917831421,1.1064405143260956,0.03165578842163086,0.00077667236328125,0.0011205196380615235,0.4624183006535948
45,14.478986024856567,1.1064550399780273,0.032836198806762695,0.001017284393310547,0.0012475013732910155,0.5065359477124183
50,16.277177810668945,1.0429578363895415,0.019323110580444336,0.0012435197830200195,0.0012469768524169921,0.5473856209150327
55,18.071491718292236,0.9456934332847595,0.008937239646911621,0.0011136293411254882,0.0011624336242675782,0.5473856209150327
60,19.85316300392151,1.027239090204239,0.015605688095092773,0.001479339599609375,0.0013169050216674805,0.5555555555555556
65,21.646465063095093,0.8654171645641326,0.018732905387878418,0.0011232137680053712,0.001197981834411621,0.6323529411764706
70,23.435619831085205,0.8874370753765106,0.019323110580444336,0.0012435197830200195,0.0012550115585327148,0.6470588235294118
75,25.222473859786987,0.8867755442857742,0.027938365936279297,0.0010124921798706054,0.0011916875839233399,0.7287581699346405
80,27.015087842941284,0.5758779600262642,0.014425277709960938,0.0012387275695800782,0.0012317419052124024,0.7924836601307189
85,28.80746078491211,0.1787824895232916,0.004629611968994141,0.0012291431427001952,0.001172637939453125,0.6928104575163399
90,30.59349298477173,0.44978062305599453,0.01383507251739502,0.0011184215545654297,0.0011786699295043945,0.6388888888888888
95,32.42068409919739,0.628684457577765,0.019323110580444336,0.0012435197830200195,0.0012386798858642577,0.7467320261437909
100,34.196218729019165,0.8653037138283253,0.023630738258361816,0.0011280059814453125,0.001220393180847168,0.6094771241830066
105,35.97062397003174,0.7201121900230646,0.02734816074371338,0.000892186164855957,0.0011475324630737306,0.673202614379085
110,37.743385791778564,0.5787081480026245,0.015015482902526855,0.0013590335845947265,0.001252460479736328,0.7532679738562091
115,39.52397584915161,0.7317382395267487,0.01383507251739502,0.0011184215545654297,0.0012115001678466796,0.8137254901960784
120,41.30760192871094,0.4654687076807022,0.024220943450927734,0.001248311996459961,0.0012756824493408204,0.8333333333333334
125,43.07556772232056,0.4830701917409897,0.024811148643493652,0.0013686180114746093,0.0013129472732543944,0.8120915032679739
130,44.8538339138031,0.2912307340884581,0.019913315773010254,0.001363825798034668,0.0013144254684448243,0.704248366013072
135,46.6216037273407,0.6869012197566917,0.01383507251739502,0.0011184215545654297,0.0011293888092041016,0.7843137254901961
140,48.38208794593811,0.4989976383978501,0.018732905387878418,0.0011232137680053712,0.0011780261993408203,0.6584967320261438
145,50.13919472694397,0.9118041709414684,0.028528571128845215,0.001132798194885254,0.0012267112731933593,0.7336601307189542
150,51.925612926483154,0.45791840062011036,0.018732905387878418,0.0011232137680053712,0.0011843204498291015,0.8104575163398693
155,53.71345400810242,0.3987274594604969,0.03224599361419678,0.0008969783782958984,0.001158595085144043,0.8562091503267973
160,55.5669379234314,0.6594266179949045,0.023630738258361816,0.0011280059814453125,0.0012600183486938476,0.7990196078431373
165,57.376566886901855,0.34549364713020625,0.023630738258361816,0.0011280059814453125,0.0012690305709838867,0.7843137254901961
170,59.219934940338135,0.480969069339335,0.0058100223541259766,0.0014697551727294923,0.001268625259399414,0.8725490196078431
175,60.999013900756836,0.48997703078202903,0.03342640399932861,0.0011375904083251952,0.001234722137451172,0.8709150326797386
180,62.778197050094604,0.3847940576961264,0.03224599361419678,0.0008969783782958984,0.0011633634567260742,0.8741830065359477
185,64.51067996025085,0.3568109468440525,0.015015482902526855,0.0013590335845947265,0.0012077808380126954,0.8790849673202614
190,66.17141199111938,0.5881523484364152,0.015015482902526855,0.0013590335845947265,0.0011525869369506836,0.8905228758169934
195,67.82733798027039,0.1222036113293143,0.029118776321411133,0.0012531042098999023,0.0011680126190185547,0.8954248366013072
200,69.41893196105957,0.19334340346977114,0.023630738258361816,0.0011280059814453125,0.0011091232299804688,0.8954248366013072
205,70.96940803527832,0.5021269902628319,0.028528571128845215,0.001132798194885254,0.0010770559310913086,0.8594771241830066
210,72.51971411705017,0.1350918969313625,0.020503520965576172,0.0014841318130493163,0.0011090993881225585,0.8937908496732027
215,74.06963777542114,0.3874824030309355,0.024220943450927734,0.001248311996459961,0.0010505914688110352,0.8888888888888888
220,75.62346076965332,0.310698849026312,0.019323110580444336,0.0012435197830200195,0.0010557174682617188,0.8529411764705882
225,77.17022371292114,0.1920084098510415,0.023630738258361816,0.0011280059814453125,0.0010914325714111329,0.8774509803921569
230,78.74128484725952,0.26029682257540115,0.01619589328765869,0.0015996456146240234,0.0011707544326782227,0.8954248366013072
235,80.29230690002441,0.19263685735406852,0.010117650032043457,0.0013542413711547852,0.0010460376739501952,0.8431372549019608
240,81.83673286437988,0.27887200213735924,0.032836198806762695,0.001017284393310547,0.0011042356491088867,0.8431372549019608
245,83.39226603507996,0.580097945337684,0.024220943450927734,0.001248311996459961,0.0011089324951171875,0.8709150326797386
250,84.99996995925903,0.4840647061289928,0.010707855224609375,0.0014745473861694336,0.0011096239089965821,0.8513071895424836
255,86.56274485588074,0.4935213548829779,0.014425277709960938,0.0012387275695800782,0.0010931015014648438,0.8937908496732027
260,88.13060593605042,0.06857952287537046,0.010117650032043457,0.0013542413711547852,0.0010909557342529297,0.8562091503267973
265,89.69851183891296,0.6741245717043057,0.0230405330657959,0.0010076999664306641,0.0010587215423583985,0.8562091503267973
270,91.26869487762451,0.22500690267188475,0.0181427001953125,0.0010029077529907227,0.0010181665420532227,0.8872549019607843
275,92.84981298446655,0.34238732802914457,0.015605688095092773,0.001479339599609375,0.0011707544326782227,0.9052287581699346
280,94.42581295967102,0.15935553822200746,0.021860122680664062,0.0007670879364013672,0.0009694576263427734,0.9117647058823529
285,96.00721406936646,0.2817634480074048,0.024220943450927734,0.001248311996459961,0.0011198043823242188,0.9133986928104575
290,97.58058595657349,0.38920027542626484,0.01383507251739502,0.0011184215545654297,0.0010211467742919922,0.9166666666666666
295,99.15232586860657,0.28854494415063525,0.015015482902526855,0.0013590335845947265,0.0011155843734741212,0.9003267973856209
300,100.71007585525513,0.21716442542528966,0.023630738258361816,0.0011280059814453125,0.001048135757446289,0.9003267973856209
305,102.27404499053955,0.08061348038972938,0.027938365936279297,0.0010124921798706054,0.0010820865631103516,0.8954248366013072
310,103.82747173309326,0.3454879633114615,0.015015482902526855,0.0013590335845947265,0.0010650634765625,0.9003267973856209
315,105.38322186470032,0.2631518697407955,0.018732905387878418,0.0011232137680053712,0.001051926612854004,0.8954248366013072
320,106.94174885749817,0.11016237084186287,0.010117650032043457,0.0013542413711547852,0.0010729789733886718,0.9117647058823529
325,108.50036883354187,0.3025304242843049,0.0181427001953125,0.0010029077529907227,0.0010204553604125977,0.9248366013071896
330,110.05929899215698,0.1977022814546217,0.027938365936279297,0.0010124921798706054,0.0010723114013671876,0.9313725490196079
335,111.6139018535614,0.12259773969235539,0.024220943450927734,0.001248311996459961,0.0010747432708740235,0.9150326797385621
340,113.21932172775269,0.14793552486335101,0.019913315773010254,0.001363825798034668,0.0011305809020996094,0.9183006535947712
345,114.77497482299805,0.28680655895732343,0.02734816074371338,0.000892186164855957,0.0010382652282714844,0.9215686274509803
350,116.3230049610138,0.2099572084029205,0.032836198806762695,0.001017284393310547,0.001091909408569336,0.9150326797385621
355,117.87158179283142,0.07808237754532002,0.018732905387878418,0.0011232137680053712,0.0010447978973388671,0.9166666666666666
360,119.41206979751587,0.12415270066451285,0.014425277709960938,0.0012387275695800782,0.001029658317565918,0.9003267973856209
365,120.94441890716553,0.5203360776665249,0.010117650032043457,0.0013542413711547852,0.001061391830444336,0.9101307189542484
370,122.48058605194092,0.3026444790114283,0.018732905387878418,0.0011232137680053712,0.0010170459747314454,0.9150326797385621
375,124.02556085586548,0.1088365014995361,0.024220943450927734,0.001248311996459961,0.001096963882446289,0.9183006535947712
380,125.57568311691284,0.3733238545963104,0.023630738258361816,0.0011280059814453125,0.0010948896408081055,0.9068627450980392
385,127.11777997016907,0.17311657822756388,0.018732905387878418,0.0011232137680053712,0.001046299934387207,0.9395424836601307
390,128.66056871414185,0.018436413871705783,0.004629611968994141,0.0012291431427001952,0.0010047674179077149,0.9248366013071896
395,130.20961689949036,0.08067778649277671,0.014425277709960938,0.0012387275695800782,0.0010591983795166016,0.9166666666666666
400,131.74821186065674,0.04810709439699963,0.014425277709960938,0.0012387275695800782,0.0010525941848754882,0.9101307189542484
405,133.29996180534363,0.39786123398190226,0.023630738258361816,0.0011280059814453125,0.0010928630828857422,0.9166666666666666
410,134.840411901474,0.11553776450020337,0.02734816074371338,0.000892186164855957,0.0010051488876342773,0.9395424836601307
415,136.37406992912292,0.017238852474864074,0.018732905387878418,0.0011232137680053712,0.0010608434677124023,0.9297385620915033
420,137.96562099456787,0.1726458337158249,0.015015482902526855,0.0013590335845947265,0.0010924577713012696,0.9084967320261438
425,139.50191688537598,0.02325121170876514,0.014425277709960938,0.0012387275695800782,0.001042318344116211,0.8709150326797386
430,141.04715013504028,0.08876913812691782,0.029118776321411133,0.0012531042098999023,0.0011045217514038086,0.880718954248366
435,142.58362293243408,0.038606915174767664,0.024220943450927734,0.001248311996459961,0.0010921239852905273,0.9133986928104575
440,144.12869596481323,0.17418140161171322,0.01383507251739502,0.0011184215545654297,0.001055741310119629,0.934640522875817
445,145.6677119731903,0.3707982666858129,0.015015482902526855,0.0013590335845947265,0.0010764122009277344,0.923202614379085
450,147.20997786521912,0.1876808095003156,0.028528571128845215,0.001132798194885254,0.0010454177856445313,0.9264705882352942
455,148.7596218585968,0.2883511218973666,0.0230405330657959,0.0010076999664306641,0.001031351089477539,0.9264705882352942
460,150.31601309776306,0.14159559924446513,0.027938365936279297,0.0010124921798706054,0.0010421991348266602,0.9199346405228758
465,151.8693130016327,0.799671115585079,0.027938365936279297,0.0010124921798706054,0.0010313749313354491,0.9199346405228758
470,153.42794704437256,0.08522687986842356,0.023630738258361816,0.0011280059814453125,0.0010709285736083985,0.9248366013071896
475,154.99414706230164,0.21276021261219286,0.0058100223541259766,0.0014697551727294923,0.0011166810989379882,0.9215686274509803
480,156.55375003814697,0.11745883650328323,0.028528571128845215,0.001132798194885254,0.0010919809341430665,0.9150326797385621
485,158.1120719909668,0.29228577714966375,0.032836198806762695,0.001017284393310547,0.0010956048965454102,0.9019607843137255
490,159.72207283973694,0.2671796300797723,0.014425277709960938,0.0012387275695800782,0.0011124134063720704,0.9133986928104575
495,161.28199887275696,0.2868721153849947,0.015605688095092773,0.001479339599609375,0.001140594482421875,0.9362745098039216
500,162.84647607803345,0.11400497240783806,0.028528571128845215,0.001132798194885254,0.0010702371597290038,0.9215686274509803
505,164.39617490768433,0.22950051281804917,0.024220943450927734,0.001248311996459961,0.001107931137084961,0.9362745098039216
510,165.9426429271698,0.2656085990372958,0.03342640399932861,0.0011375904083251952,0.0010904788970947266,0.9101307189542484
515,167.5779447555542,0.03163630983785879,0.015605688095092773,0.001479339599609375,0.0010857820510864259,0.8790849673202614
520,169.12020993232727,0.296301222024465,0.028528571128845215,0.001132798194885254,0.0010687589645385742,0.9084967320261438
525,170.66640377044678,0.11459331320281763,0.019323110580444336,0.0012435197830200195,0.00105741024017334,0.9215686274509803
530,172.2074270248413,0.087050423256062,0.023630738258361816,0.0011280059814453125,0.0010969877243041993,0.9117647058823529
535,173.7366919517517,0.38109391392240466,0.015605688095092773,0.001479339599609375,0.0011255264282226563,0.9150326797385621
540,175.27171301841736,0.3000348931997223,0.0064002275466918945,0.0015900611877441406,0.0010629653930664062,0.934640522875817
545,176.81095504760742,0.16509315287112258,0.027938365936279297,0.0010124921798706054,0.001104593276977539,0.9477124183006536
550,178.36649084091187,0.37623112144071913,0.032836198806762695,0.001017284393310547,0.0010575532913208007,0.9297385620915033
555,179.91535472869873,0.19293867779391577,0.011888265609741211,0.0017151594161987304,0.0011890649795532227,0.8970588235294118
560,181.4687738418579,0.44779730422214925,0.01383507251739502,0.0011184215545654297,0.0010018587112426759,0.9297385620915033
565,183.0177299976349,0.17797790218664886,0.010117650032043457,0.0013542413711547852,0.0010715007781982421,0.9379084967320261
570,184.56182885169983,0.3466829433390103,0.0181427001953125,0.0010029077529907227,0.0010196924209594726,0.9411764705882353
575,186.11290979385376,0.14461189346620812,0.018732905387878418,0.0011232137680053712,0.001063060760498047,0.9281045751633987
580,187.70444893836975,0.24222159685305086,0.019913315773010254,0.001363825798034668,0.0010937213897705077,0.9330065359477124
585,189.23767280578613,0.021335818502188887,0.012654662132263184,0.0008778095245361329,0.0009290218353271484,0.9330065359477124
590,190.78347182273865,0.339379272562735,0.03401660919189453,0.0012578964233398438,0.001144266128540039,0.9395424836601307
595,192.32901787757874,0.11082162985403557,0.013244867324829102,0.0009981155395507812,0.0010078668594360352,0.9493464052287581
600,193.86694383621216,0.25184727963101067,0.015015482902526855,0.0013590335845947265,0.0010878086090087891,0.9330065359477124
605,195.3924059867859,0.10010682879983505,0.024220943450927734,0.001248311996459961,0.0010934114456176759,0.9215686274509803
610,196.90679597854614,0.06317715876211878,0.02245032787322998,0.0008873939514160156,0.0009891271591186523,0.9215686274509803
615,198.43844890594482,0.173181504951458,0.020503520965576172,0.0014841318130493163,0.00113222599029541,0.9264705882352942
620,199.9810528755188,0.06994097957525583,0.013244867324829102,0.0009981155395507812,0.0009604692459106445,0.9379084967320261
625,201.5117688179016,0.08922955745373429,0.014425277709960938,0.0012387275695800782,0.0010643720626831055,0.946078431372549
630,203.05327987670898,0.1599994010875662,0.019323110580444336,0.0012435197830200195,0.0011034727096557618,0.9428104575163399
635,204.58726286888123,0.1032122710022918,0.0181427001953125,0.0010029077529907227,0.0010295867919921874,0.9395424836601307
640,206.12542271614075,0.07796780150972041,0.032836198806762695,0.001017284393310547,0.001037430763244629,0.9281045751633987
645,207.6660759449005,0.09210322812434697,0.019913315773010254,0.001363825798034668,0.0011264562606811523,0.9297385620915033
650,209.20000982284546,0.17331172256496075,0.023630738258361816,0.0011280059814453125,0.001087045669555664,0.9264705882352942
655,210.7257227897644,0.1603868129910552,0.032836198806762695,0.001017284393310547,0.0010860919952392577,0.9297385620915033
660,212.3010768890381,0.05437766026012127,0.018732905387878418,0.0011232137680053712,0.0009787559509277343,0.9330065359477124
665,213.826730966568,0.015475680038872498,0.019323110580444336,0.0012435197830200195,0.00103912353515625,0.9264705882352942
670,215.3591969013214,0.16185288492852123,0.008937239646911621,0.0011136293411254882,0.0009923696517944336,0.9215686274509803
675,216.88637375831604,0.20221595335757456,0.015015482902526855,0.0013590335845947265,0.0010522365570068359,0.9330065359477124
680,218.4107530117035,0.01940107272134526,0.028528571128845215,0.001132798194885254,0.0010734081268310546,0.9199346405228758
685,219.93936371803284,0.38780709797138113,0.018732905387878418,0.0011232137680053712,0.0010437965393066406,0.9068627450980392
690,221.4613618850708,0.23950535706829895,0.023630738258361816,0.0011280059814453125,0.0010400533676147461,0.9379084967320261
695,222.98280811309814,0.004780643808413742,0.004629611968994141,0.0012291431427001952,0.0009694814682006836,0.954248366013072
700,224.50475788116455,0.013214263630663936,0.009527444839477539,0.0012339353561401367,0.0010154008865356444,0.9509803921568627
705,226.02403569221497,0.11908113104564677,0.019323110580444336,0.0012435197830200195,0.0010800600051879884,0.9428104575163399
710,227.5437240600586,0.3181007668772594,0.014425277709960938,0.0012387275695800782,0.0010938167572021485,0.9444444444444444
715,229.07308793067932,0.01906877069123425,0.03224599361419678,0.0008969783782958984,0.0009914636611938477,0.9411764705882353
720,230.60130882263184,0.0223048922329383,0.0181427001953125,0.0010029077529907227,0.0009912490844726563,0.9444444444444444
725,232.12650895118713,0.3819307889414745,0.019323110580444336,0.0012435197830200195,0.0010542154312133789,0.9330065359477124
730,233.6661639213562,0.021869221300610774,0.010117650032043457,0.0013542413711547852,0.0010698795318603515,0.9281045751633987
735,235.2045078277588,0.01932718916241356,0.024811148643493652,0.0013686180114746093,0.0011201858520507812,0.9264705882352942
740,236.74021673202515,0.018510709721886086,0.028528571128845215,0.001132798194885254,0.0010926961898803712,0.9297385620915033
745,238.27381086349487,0.01918885984924259,0.009527444839477539,0.0012339353561401367,0.0010510921478271485,0.9313725490196079
750,239.86150193214417,0.13339811805346927,0.023630738258361816,0.0011280059814453125,0.001000046730041504,0.9379084967320261
755,241.40995001792908,0.28204683054647434,0.024220943450927734,0.001248311996459961,0.0010962486267089844,0.9493464052287581
760,242.94218182563782,0.08502101790254812,0.0230405330657959,0.0010076999664306641,0.0009868860244750977,0.9493464052287581
765,244.4696729183197,0.06964509306419017,0.023630738258361816,0.0011280059814453125,0.0010666847229003906,0.9493464052287581
770,246.00197291374207,0.5456015470972488,0.03655362129211426,0.0007814645767211914,0.001030111312866211,0.9477124183006536
775,247.53888988494873,0.06070220911225306,0.024220943450927734,0.001248311996459961,0.0010715484619140624,0.9444444444444444
780,249.0625400543213,0.13543291717998612,0.0058100223541259766,0.0014697551727294923,0.0010608434677124023,0.946078431372549
785,250.58898878097534,0.047809591918857565,0.028528571128845215,0.001132798194885254,0.0010550975799560546,0.9526143790849673
790,252.11016702651978,0.4084277114413467,0.028528571128845215,0.001132798194885254,0.0010919570922851562,0.9411764705882353
795,253.63100385665894,0.31055373936033137,0.01383507251739502,0.0011184215545654297,0.0010367631912231445,0.9150326797385621
800,255.15562796592712,0.22139753098236098,0.019913315773010254,0.001363825798034668,0.0010936498641967774,0.9199346405228758
805,256.6816358566284,0.08640505595667633,0.028528571128845215,0.001132798194885254,0.001070261001586914,0.9150326797385621
810,258.2065908908844,0.24593572033955127,0.024811148643493652,0.0013686180114746093,0.001139211654663086,0.9150326797385621
815,259.737282037735,0.1526900490280269,0.028528571128845215,0.001132798194885254,0.0010579347610473633,0.9248366013071896
820,261.268835067749,0.1317736601369745,0.019913315773010254,0.001363825798034668,0.0010538578033447265,0.9199346405228758
825,262.7900438308716,0.04128388542522288,0.024811148643493652,0.0013686180114746093,0.0010950326919555663,0.9264705882352942
830,264.35611176490784,0.07080258895767173,0.023630738258361816,0.0011280059814453125,0.0010140180587768556,0.9281045751633987
835,265.8720350265503,0.06219260273501703,0.019323110580444336,0.0012435197830200195,0.0010561466217041016,0.9281045751633987
840,267.39501190185547,0.27060256845434194,0.019323110580444336,0.0012435197830200195,0.001082634925842285,0.9362745098039216
845,268.90566873550415,0.2721039342643124,0.0069904327392578125,0.001710367202758789,0.0010996818542480468,0.9558823529411765
850,270.42047595977783,0.029529838915188122,0.023630738258361816,0.0011280059814453125,0.0010633468627929688,0.9656862745098039
855,271.94474482536316,0.3406698251616035,0.03655362129211426,0.0007814645767211914,0.0009895086288452149,0.9526143790849673
860,273.47512197494507,0.09487142482758344,0.011888265609741211,0.0017151594161987304,0.0011556148529052734,0.946078431372549
865,275.05922412872314,0.22285057341214412,0.015015482902526855,0.0013590335845947265,0.0010783672332763672,0.9428104575163399
870,276.666720867157,0.13316369828826424,0.009527444839477539,0.0012339353561401367,0.0010164976119995117,0.9493464052287581
875,278.22070503234863,0.21412151494805726,0.013244867324829102,0.0009981155395507812,0.0009635448455810547,0.9493464052287581
880,279.74782490730286,0.2201150095963385,0.0230405330657959,0.0010076999664306641,0.001047515869140625,0.954248366013072
885,281.2753977775574,0.21486032987086218,0.019913315773010254,0.001363825798034668,0.0010784387588500977,0.954248366013072
890,282.7970690727234,0.05976842586806299,0.01383507251739502,0.0011184215545654297,0.0009818315505981446,0.946078431372549
895,284.31975388526917,0.01122336431290023,0.028528571128845215,0.001132798194885254,0.0010819196701049804,0.9264705882352942
900,285.885892868042,0.0992501530196023,0.018732905387878418,0.0011232137680053712,0.0010834455490112305,0.9264705882352942
905,287.39720487594604,0.1566761740363333,0.01383507251739502,0.0011184215545654297,0.001010894775390625,0.9215686274509803
910,288.8995850086212,0.22948231817717896,0.024220943450927734,0.001248311996459961,0.0010974645614624024,0.9264705882352942
915,290.41464400291443,0.026285980859485393,0.0181427001953125,0.0010029077529907227,0.0009750127792358398,0.9313725490196079
920,291.939297914505,0.13781907608289945,0.02540135383605957,0.0014889240264892578,0.0011191129684448241,0.9591503267973857
925,293.459969997406,0.0017387861823422667,0.008937239646911621,0.0011136293411254882,0.0009334564208984375,0.9640522875816994
930,294.9523000717163,0.13373497498531836,0.019323110580444336,0.0012435197830200195,0.0010507822036743164,0.9575163398692811
935,296.4248208999634,0.03702826480473966,0.01383507251739502,0.0011184215545654297,0.0009274959564208984,0.9477124183006536
940,297.88818883895874,0.09288325759678635,0.023630738258361816,0.0011280059814453125,0.0009496450424194336,0.954248366013072
945,299.3481910228729,0.051363266071612124,0.02734816074371338,0.000892186164855957,0.0009134769439697266,0.9362745098039216
950,300.79890394210815,0.03487309902236131,0.015605688095092773,0.001479339599609375,0.0010235309600830078,0.9264705882352942
955,302.2511899471283,0.05158230405084403,0.03342640399932861,0.0011375904083251952,0.001022171974182129,0.923202614379085
960,303.70144295692444,0.23789746313320848,0.02734816074371338,0.000892186164855957,0.0009730815887451172,0.9248366013071896
965,305.1457328796387,0.07820507412923697,0.024220943450927734,0.001248311996459961,0.0010307550430297852,0.9330065359477124
970,306.5815508365631,0.0048693957633714645,0.01383507251739502,0.0011184215545654297,0.0008898019790649414,0.9411764705882353
975,308.03201389312744,0.15274488201230269,0.013244867324829102,0.0009981155395507812,0.0009387493133544922,0.9526143790849673
980,309.48398900032043,0.08925657996802343,0.011298060417175293,0.001594853401184082,0.0010241985321044922,0.9526143790849673
985,310.9401547908783,0.015118702085401382,0.023630738258361816,0.0011280059814453125,0.0009855031967163086,0.9411764705882353
990,312.450395822525,0.2308894024960068,0.0230405330657959,0.0010076999664306641,0.0009712934494018555,0.9362745098039216
995,313.9080398082733,0.1795218164093649,0.023630738258361816,0.0011280059814453125,0.0010090351104736328,0.9264705882352942
1000,315.35364389419556,0.0011281284702977957,0.009527444839477539,0.0012339353561401367,0.0009425163269042968,0.9281045751633987
1005,316.8029320240021,0.004439808407523849,0.009527444839477539,0.0012339353561401367,0.0009123086929321289,0.9379084967320261
1010,318.25072479248047,0.08858077331425421,0.014425277709960938,0.0012387275695800782,0.0009766578674316405,0.9444444444444444
1015,319.7020239830017,0.3538166382873772,0.019323110580444336,0.0012435197830200195,0.0009926080703735352,0.9428104575163399
1020,321.1514859199524,0.03654003732552162,0.027938365936279297,0.0010124921798706054,0.0009780645370483399,0.9444444444444444
1025,322.61180686950684,0.13482800464062167,0.021860122680664062,0.0007670879364013672,0.0009286165237426758,0.9493464052287581
1030,324.07489490509033,0.02624190695310986,0.015605688095092773,0.001479339599609375,0.0010149955749511718,0.9428104575163399
1035,325.53819394111633,0.009373000636496797,0.014425277709960938,0.0012387275695800782,0.001016545295715332,0.934640522875817
1040,327.00423789024353,0.006197962655805966,0.019913315773010254,0.001363825798034668,0.0010282516479492188,0.9248366013071896
1045,328.47289180755615,0.0076144284829661405,0.028528571128845215,0.001132798194885254,0.001035785675048828,0.9199346405228758
1050,329.9404647350311,0.011882845618029058,0.015015482902526855,0.0013590335845947265,0.0010411500930786132,0.9199346405228758
1055,331.4114098548889,0.09969612877155676,0.0181427001953125,0.0010029077529907227,0.0009099721908569336,0.9264705882352942
1060,332.87639689445496,0.30663278028921026,0.019913315773010254,0.001363825798034668,0.0010140419006347656,0.934640522875817
1065,334.33487272262573,0.34493534856036606,0.0230405330657959,0.0010076999664306641,0.000978565216064453,0.9297385620915033
1070,335.8489968776703,0.14886212830576379,0.028528571128845215,0.001132798194885254,0.0009802818298339845,0.9330065359477124
1075,337.32127380371094,0.7284329513317062,0.03655362129211426,0.0007814645767211914,0.0009870529174804688,0.9526143790849673
1080,338.7962770462036,0.04915988585906241,0.023630738258361816,0.0011280059814453125,0.0009839057922363282,0.9575163398692811
1085,340.26335883140564,0.07741451045009864,0.010117650032043457,0.0013542413711547852,0.0009416818618774414,0.9493464052287581
1090,341.7299818992615,0.025053907194224047,0.019913315773010254,0.001363825798034668,0.001004791259765625,0.9493464052287581
1095,343.20125007629395,0.2855215607655646,0.028528571128845215,0.001132798194885254,0.0010307550430297852,0.9526143790849673
1100,344.6576828956604,0.4321850318421639,0.0230405330657959,0.0010076999664306641,0.0009946107864379882,0.9395424836601307
1105,346.1193778514862,0.16297341707684615,0.015015482902526855,0.0013590335845947265,0.0010002374649047852,0.9444444444444444
1110,347.5835688114166,0.1383690351669248,0.024220943450927734,0.001248311996459961,0.0010303735733032226,0.9607843137254902
1115,349.04957270622253,0.12482740929761356,0.02970898151397705,0.0013734102249145508,0.0010607719421386718,0.954248366013072
1120,350.5143029689789,0.09288038286593299,0.027938365936279297,0.0010124921798706054,0.0009848594665527344,0.9444444444444444
1125,351.9744670391083,0.200732890265299,0.019913315773010254,0.001363825798034668,0.0010296821594238282,0.9411764705882353
1130,353.42761278152466,0.02737371004338467,0.029118776321411133,0.0012531042098999023,0.0010279417037963867,0.9428104575163399
1135,354.87398982048035,0.0651651705080134,0.019913315773010254,0.001363825798034668,0.0009698152542114257,0.9379084967320261
1140,356.3210799694061,0.05593527397495226,0.014425277709960938,0.0012387275695800782,0.000968027114868164,0.934640522875817
1145,357.76616382598877,0.13954974434992096,0.019323110580444336,0.0012435197830200195,0.0009812116622924805,0.934640522875817
1150,359.209037065506,0.17478789767734285,0.015605688095092773,0.001479339599609375,0.00102996826171875,0.9477124183006536
1155,360.65345573425293,0.15980932029904588,0.024220943450927734,0.001248311996459961,0.001046466827392578,0.9787581699346405
1160,362.16157388687134,0.03672085342695937,0.02734816074371338,0.000892186164855957,0.0009505748748779297,0.9673202614379085
1165,363.6229679584503,0.27283067214272716,0.02109372615814209,0.0016044378280639648,0.0011032342910766602,0.9591503267973857
1170,365.0863149166107,0.12653853907229867,0.014425277709960938,0.0012387275695800782,0.0009920358657836913,0.9624183006535948
1175,366.55229592323303,0.07270927594323454,0.005219817161560059,0.0013494491577148438,0.000941610336303711,0.9673202614379085
1180,368.01467990875244,0.010597190205026053,0.01383507251739502,0.0011184215545654297,0.000945281982421875,0.9722222222222222
1185,369.47213888168335,0.33230015118879236,0.027938365936279297,0.0010124921798706054,0.0010021209716796875,0.9673202614379085
1190,370.9343800544739,0.2722025424653111,0.010117650032043457,0.0013542413711547852,0.0010079622268676757,0.9656862745098039
1195,372.3930187225342,0.053367732480711895,0.023630738258361816,0.0011280059814453125,0.0009942770004272461,0.9787581699346405
1200,373.8480670452118,0.002266109122039417,0.0230405330657959,0.0010076999664306641,0.000941610336303711,0.9624183006535948
1205,375.3067750930786,0.05948636696511276,0.018732905387878418,0.0011232137680053712,0.0009799957275390624,0.9477124183006536
1210,376.8515639305115,0.039681442169041146,0.018732905387878418,0.0011232137680053712,0.0009748935699462891,0.9477124183006536
1215,378.30598402023315,0.07278145666730787,0.015015482902526855,0.0013590335845947265,0.0010181188583374024,0.9362745098039216
1220,379.7554590702057,0.07273376517185177,0.0230405330657959,0.0010076999664306641,0.0009344577789306641,0.9444444444444444
1225,381.1867859363556,0.07901061454001149,0.029118776321411133,0.0012531042098999023,0.0010107040405273437,0.9428104575163399
1230,382.62861800193787,0.0005004764865226719,0.005219817161560059,0.0013494491577148438,0.0009035587310791016,0.9493464052287581
1235,384.07569885253906,0.13150831900146845,0.023630738258361816,0.0011280059814453125,0.0009787797927856446,0.9722222222222222
1240,385.5618350505829,0.025736193218372172,0.008937239646911621,0.0011136293411254882,0.0009126901626586914,0.9722222222222222
1245,387.0051329135895,0.02686522197762322,0.023630738258361816,0.0011280059814453125,0.0009407758712768555,0.9722222222222222
1250,388.4481339454651,0.04452247344095674,0.027938365936279297,0.0010124921798706054,0.0009473562240600586,0.9640522875816994
1255,389.89320707321167,0.004640842964427172,0.015015482902526855,0.0013590335845947265,0.001084446907043457,0.9624183006535948
1260,391.41827297210693,0.010873590475766904,0.029118776321411133,0.0012531042098999023,0.0010308027267456055,0.9607843137254902
1265,393.0261478424072,0.15932043779030208,0.03165578842163086,0.00077667236328125,0.00098114013671875,0.9591503267973857
1270,394.61174988746643,0.02879476129928662,0.028528571128845215,0.001132798194885254,0.0010645627975463868,0.954248366013072
1275,396.0869188308716,0.00327194047818935,0.014425277709960938,0.0012387275695800782,0.0009629249572753907,0.9526143790849673
1280,397.5815758705139,0.11566813631060543,0.008937239646911621,0.0011136293411254882,0.0009717702865600586,0.9591503267973857
1285,399.3011119365692,0.02179294028279415,0.015015482902526855,0.0013590335845947265,0.0009927034378051757,0.9624183006535948
1290,400.8414647579193,0.08389803768784994,0.019323110580444336,0.0012435197830200195,0.0010337591171264648,0.9526143790849673
1295,402.4967176914215,0.23366756709281625,0.023630738258361816,0.0011280059814453125,0.0010434627532958985,0.9477124183006536
1300,404.00499081611633,0.2778935481095505,0.028528571128845215,0.001132798194885254,0.0010185718536376953,0.946078431372549
1305,405.5091850757599,0.0018431620706724772,0.008937239646911621,0.0011136293411254882,0.0009289026260375976,0.9199346405228758
1310,407.05638098716736,0.0002427775339675975,0.004629611968994141,0.0012291431427001952,0.0009760856628417969,0.9117647058823529
1315,408.54490184783936,0.26042858533910473,0.019323110580444336,0.0012435197830200195,0.0010184764862060547,0.9248366013071896
1320,410.1616950035095,0.014785833783189517,0.014425277709960938,0.0012387275695800782,0.0009554147720336914,0.9444444444444444
1325,411.67024087905884,0.227781129690975,0.027938365936279297,0.0010124921798706054,0.000973200798034668,0.9803921568627451
1330,413.187579870224,0.011530071400093257,0.02734816074371338,0.000892186164855957,0.0009646415710449219,0.9803921568627451
1335,414.6654200553894,0.04299140870741223,0.015015482902526855,0.0013590335845947265,0.0009628534317016602,0.9754901960784313
1340,416.1291329860687,0.014076391624785245,0.009527444839477539,0.0012339353561401367,0.0009744882583618164,0.9656862745098039
1345,417.7568938732147,0.004826950807883002,0.024220943450927734,0.001248311996459961,0.0010136127471923827,0.9591503267973857
1350,419.34547090530396,0.0027736262942017476,0.029118776321411133,0.0012531042098999023,0.001122117042541504,0.9509803921568627
1355,420.9780969619751,0.005345670360638976,0.015605688095092773,0.001479339599609375,0.0011588096618652343,0.9444444444444444
1360,422.5409138202667,0.08756747818859374,0.0181427001953125,0.0010029077529907227,0.000922536849975586,0.9493464052287581
1365,424.00227785110474,0.13550868651916073,0.015015482902526855,0.0013590335845947265,0.0010257959365844727,0.9624183006535948
1370,425.50207591056824,0.048384191565755866,0.027938365936279297,0.0010124921798706054,0.0011116743087768554,0.9591503267973857
1375,427.0498387813568,0.02740231071918071,0.023630738258361816,0.0011280059814453125,0.0010346412658691407,0.9575163398692811
1380,428.60349011421204,0.3168296407948219,0.03165578842163086,0.00077667236328125,0.0010337114334106445,0.9689542483660131
1385,430.15650486946106,0.10479436236471891,0.023630738258361816,0.0011280059814453125,0.0010126352310180664,0.9689542483660131
1390,431.6997718811035,0.020710620861127717,0.019913315773010254,0.001363825798034668,0.001032710075378418,0.9656862745098039
1395,433.2468628883362,0.004721160591425466,0.010117650032043457,0.0013542413711547852,0.0010448694229125977,0.9640522875816994
1400,434.85048484802246,0.43741526150788557,0.037734031677246094,0.0010220766067504882,0.0011124610900878906,0.9673202614379085
1405,436.40364694595337,0.15030001971734244,0.023630738258361816,0.0011280059814453125,0.0010254859924316406,0.9444444444444444
1410,437.96736001968384,0.2606707620897124,0.015015482902526855,0.0013590335845947265,0.0010775327682495117,0.9558823529411765
1415,439.5315730571747,0.2115147893385984,0.019323110580444336,0.0012435197830200195,0.0010314226150512696,0.9624183006535948
1420,441.10382103919983,0.12432354081799542,0.029118776321411133,0.0012531042098999023,0.0010802030563354492,0.9575163398692811
1425,442.62855887413025,0.10388602753727358,0.027938365936279297,0.0010124921798706054,0.0009899377822875977,0.9575163398692811
1430,444.09818983078003,0.17365675624902915,0.019913315773010254,0.001363825798034668,0.0010086297988891602,0.9444444444444444
1435,445.5236370563507,0.03759716046022739,0.029118776321411133,0.0012531042098999023,0.0010272741317749023,0.9379084967320261
1440,447.0134778022766,0.005569522964333551,0.015605688095092773,0.001479339599609375,0.0010344028472900391,0.9362745098039216
1445,448.4894940853119,0.05428766972618178,0.0230405330657959,0.0010076999664306641,0.0009645938873291016,0.934640522875817
1450,449.9265158176422,0.09757459416822716,0.019913315773010254,0.001363825798034668,0.00100860595703125,0.9297385620915033
1455,451.3509030342102,0.09504359722519454,0.01619589328765869,0.0015996456146240234,0.0010501861572265625,0.946078431372549
1460,452.78676295280457,0.24907913462755465,0.018732905387878418,0.0011232137680053712,0.0009838104248046874,0.9754901960784313
1465,454.2366189956665,0.022808490760689894,0.027938365936279297,0.0010124921798706054,0.0009774208068847657,0.9722222222222222
1470,455.6841368675232,0.23617656611574614,0.020503520965576172,0.0014841318130493163,0.0010540008544921875,0.9705882352941176
1475,457.13640689849854,0.1347590805713299,0.015015482902526855,0.0013590335845947265,0.0010299444198608398,0.9656862745098039
1480,458.63408303260803,0.04008490228849961,0.009527444839477539,0.0012339353561401367,0.0009425401687622071,0.9689542483660131
1485,460.08283281326294,0.005366433627996337,0.014425277709960938,0.0012387275695800782,0.0009500741958618164,0.9754901960784313
1490,461.5276527404785,0.2767122649260273,0.0230405330657959,0.0010076999664306641,0.0010315656661987304,0.9689542483660131
1495,462.9766368865967,0.16800164487111946,0.014425277709960938,0.0012387275695800782,0.0010216474533081056,0.9640522875816994
1500,464.4173729419708,0.2285848131958847,0.019323110580444336,0.0012435197830200195,0.0010044336318969726,0.9689542483660131
1505,465.8557460308075,0.001128778736429048,0.0181427001953125,0.0010029077529907227,0.0009459972381591797,0.9705882352941176
1510,467.2939238548279,0.07040953141667164,0.023630738258361816,0.0011280059814453125,0.0009763240814208984,0.9493464052287581
1515,468.7350399494171,0.016864891422201288,0.0230405330657959,0.0010076999664306641,0.000983285903930664,0.946078431372549
1520,470.1660690307617,0.06949970191732983,0.010707855224609375,0.0014745473861694336,0.0009939908981323243,0.946078431372549
1525,471.5956058502197,0.049668544899013865,0.027938365936279297,0.0010124921798706054,0.0008971214294433594,0.9477124183006536
1530,473.0198128223419,0.05592326774929468,0.023630738258361816,0.0011280059814453125,0.0009995460510253905,0.9526143790849673
1535,474.44647693634033,0.00014503077432905797,0.010117650032043457,0.0013542413711547852,0.0009235382080078125,0.9526143790849673
1540,475.87701201438904,0.11502017073242321,0.023630738258361816,0.0011280059814453125,0.0009833574295043945,0.9705882352941176
1545,477.3001699447632,0.002564672024063874,0.004629611968994141,0.0012291431427001952,0.0009174823760986328,0.9852941176470589
1550,478.72558188438416,0.04773780920011639,0.023630738258361816,0.0011280059814453125,0.0009563684463500977,0.9705882352941176
1555,480.1488709449768,0.04465339267424504,0.027938365936279297,0.0010124921798706054,0.0009360313415527344,0.9754901960784313
1560,481.57756185531616,0.0022875913468579866,0.019913315773010254,0.001363825798034668,0.0010117530822753907,0.9754901960784313
1565,483.0032629966736,0.005175119556570351,0.019323110580444336,0.0012435197830200195,0.0009972333908081054,0.9722222222222222
1570,484.47697591781616,0.15561357726583083,0.03165578842163086,0.00077667236328125,0.0009671688079833984,0.9754901960784313
1575,485.90107583999634,0.009801906497705204,0.032836198806762695,0.001017284393310547,0.0010151147842407226,0.9656862745098039
1580,487.3184278011322,0.009606647032769722,0.019323110580444336,0.0012435197830200195,0.0009651899337768555,0.9656862745098039
1585,488.7371828556061,0.0003852557122446143,0.008937239646911621,0.0011136293411254882,0.0009108543395996094,0.9607843137254902
1590,490.1537868976593,0.08713574718927716,0.015605688095092773,0.001479339599609375,0.0010140180587768556,0.9738562091503268
1595,491.5786061286926,0.08816668169654811,0.018732905387878418,0.0011232137680053712,0.0009349107742309571,0.9640522875816994
1600,492.99262285232544,0.1578623377750592,0.019323110580444336,0.0012435197830200195,0.0009332895278930664,0.9575163398692811
1605,494.42448472976685,0.2209562347570591,0.027938365936279297,0.0010124921798706054,0.0009706020355224609,0.9624183006535948
1610,495.85434794425964,0.016791297270601822,0.014425277709960938,0.0012387275695800782,0.000995779037475586,0.9411764705882353
1615,497.2930328845978,7.796521818832502e-05,0.004629611968994141,0.0012291431427001952,0.0008842706680297852,0.9281045751633987
1620,498.7184886932373,0.00974083050759873,0.01383507251739502,0.0011184215545654297,0.0009424448013305664,0.9264705882352942
1625,500.15393900871277,0.11178146013406157,0.019323110580444336,0.0012435197830200195,0.0009752988815307617,0.9362745098039216
1630,501.5789349079132,0.1666508538817471,0.023630738258361816,0.0011280059814453125,0.0009674310684204101,0.9591503267973857
1635,503.0225558280945,0.006013135483490295,0.02734816074371338,0.000892186164855957,0.0009663105010986328,0.9591503267973857
1640,504.4540648460388,0.004318226286768656,0.015015482902526855,0.0013590335845947265,0.0009807825088500976,0.954248366013072
1645,505.8935737609863,0.009815260982477448,0.01383507251739502,0.0011184215545654297,0.0009488821029663086,0.9558823529411765
1650,507.37437891960144,0.004313412984229359,0.024220943450927734,0.001248311996459961,0.0009637594223022461,0.9558823529411765
1655,508.8097939491272,0.0021612272778567033,0.024811148643493652,0.0013686180114746093,0.0009746789932250976,0.9558823529411765
1660,510.2495639324188,0.0020206277998841672,0.019913315773010254,0.001363825798034668,0.0010108709335327148,0.954248366013072
1665,511.6812388896942,0.0016740338618365768,0.01383507251739502,0.0011184215545654297,0.0009436845779418945,0.954248366013072
1670,513.1142039299011,0.22804760041342895,0.018732905387878418,0.0011232137680053712,0.0009937047958374023,0.9705882352941176
1675,514.5488429069519,0.010644186625522778,0.028528571128845215,0.001132798194885254,0.0009787321090698243,0.9722222222222222
1680,515.9799799919128,0.07238620019614253,0.018732905387878418,0.0011232137680053712,0.0009783506393432617,0.9722222222222222
1685,517.4070978164673,0.05632333413285782,0.03224599361419678,0.0008969783782958984,0.0009607315063476562,0.9705882352941176
1690,518.8426160812378,0.08144382983717158,0.023630738258361816,0.0011280059814453125,0.000946497917175293,0.9640522875816994
1695,520.2727749347687,0.010489043997749904,0.023630738258361816,0.0011280059814453125,0.000927138328552246,0.9591503267973857
1700,521.6911199092865,0.04302561470946795,0.0058100223541259766,0.0014697551727294923,0.0009998559951782226,0.9656862745098039
1705,523.1142599582672,0.14998185155481228,0.03342640399932861,0.0011375904083251952,0.0010671377182006835,0.9771241830065359
1710,524.534747838974,0.14515173653734567,0.03224599361419678,0.0008969783782958984,0.000973653793334961,0.9591503267973857
1715,525.976658821106,0.22925322118058844,0.015015482902526855,0.0013590335845947265,0.0010252952575683593,0.9558823529411765
1720,527.5871260166168,0.12678728171793416,0.015015482902526855,0.0013590335845947265,0.0009900808334350586,0.9656862745098039
1725,529.0085949897766,0.05091914275504692,0.029118776321411133,0.0012531042098999023,0.0009815454483032226,0.9640522875816994
1730,530.419184923172,0.08796345210192165,0.023630738258361816,0.0011280059814453125,0.0009713172912597656,0.9526143790849673
1735,531.8485608100891,0.2594093197932853,0.028528571128845215,0.001132798194885254,0.0010035037994384766,0.9493464052287581
1740,533.2728707790375,0.029404717203096987,0.020503520965576172,0.0014841318130493163,0.0010210752487182617,0.9477124183006536
1745,534.6993379592896,0.005778026964581073,0.024220943450927734,0.001248311996459961,0.0009526491165161132,0.9477124183006536
1750,536.125715970993,0.06788934225167402,0.019323110580444336,0.0012435197830200195,0.0009467124938964844,0.9509803921568627
1755,537.5513978004456,0.023742875995030843,0.023630738258361816,0.0011280059814453125,0.00093994140625,0.9493464052287581
1760,538.9684669971466,0.09447408499776451,0.01619589328765869,0.0015996456146240234,0.0009899139404296875,0.9526143790849673
1765,540.4058029651642,0.18159700088343023,0.010117650032043457,0.0013542413711547852,0.0009758949279785156,0.9705882352941176
1770,541.8354938030243,0.020698055048242202,0.032836198806762695,0.001017284393310547,0.0009900569915771485,0.9591503267973857
1775,543.2653839588165,0.1927680057427006,0.024220943450927734,0.001248311996459961,0.0010314702987670899,0.9624183006535948
1780,544.6912019252777,0.23919517286973146,0.010707855224609375,0.0014745473861694336,0.000998234748840332,0.9689542483660131
1785,546.135086774826,0.052510349319873126,0.014425277709960938,0.0012387275695800782,0.0009623527526855469,0.9656862745098039
1790,547.5933697223663,0.010222976503391833,0.010117650032043457,0.0013542413711547852,0.0009590864181518554,0.9558823529411765
1795,549.0483310222626,0.3449482342446572,0.0230405330657959,0.0010076999664306641,0.0010057449340820312,0.9493464052287581
1800,550.4960119724274,0.14384603447678276,0.0181427001953125,0.0010029077529907227,0.0009207248687744141,0.9673202614379085
1805,551.946751832962,0.13493964422493274,0.015605688095092773,0.001479339599609375,0.001024627685546875,0.9673202614379085
1810,553.4491348266602,0.0032718570409997483,0.021860122680664062,0.0007670879364013672,0.0009167671203613281,0.9526143790849673
1815,554.8936848640442,0.00387497873942273,0.024220943450927734,0.001248311996459961,0.0010138273239135743,0.9330065359477124
1820,556.3454787731171,0.00804548379718657,0.01383507251739502,0.0011184215545654297,0.0009291887283325196,0.9313725490196079
1825,557.7829430103302,0.0992944856165833,0.015015482902526855,0.0013590335845947265,0.0009916305541992187,0.9281045751633987
1830,559.2175297737122,0.03700412642408999,0.023630738258361816,0.0011280059814453125,0.0009660720825195312,0.9330065359477124
1835,560.6545128822327,0.017585184463750993,0.027938365936279297,0.0010124921798706054,0.0009653329849243164,0.9330065359477124
1840,562.0898380279541,0.012785469837099406,0.015015482902526855,0.0013590335845947265,0.0009405136108398438,0.9313725490196079
1845,563.5359890460968,0.18632294563329205,0.018732905387878418,0.0011232137680053712,0.0009157419204711914,0.9395424836601307
1850,564.9702730178833,0.0009162841528269183,0.010117650032043457,0.0013542413711547852,0.0009923219680786134,0.9689542483660131
1855,566.4093899726868,0.042792182493840335,0.0181427001953125,0.0010029077529907227,0.0009727239608764649,0.9836601307189542
1860,567.8452417850494,0.07294336743632819,0.027938365936279297,0.0010124921798706054,0.0009671449661254883,0.9803921568627451
1865,569.2773978710175,0.0049904290387258856,0.024220943450927734,0.001248311996459961,0.0009973287582397462,0.9689542483660131
1870,570.7211558818817,0.006697209121721314,0.019913315773010254,0.001363825798034668,0.0010133981704711914,0.9558823529411765
1875,572.1394329071045,0.21108286681982466,0.02734816074371338,0.000892186164855957,0.0009284019470214844,0.9575163398692811
1880,573.574355840683,0.011207493183883343,0.032836198806762695,0.001017284393310547,0.001007413864135742,0.9558823529411765
1885,574.9940447807312,0.012799413899283607,0.018732905387878418,0.0011232137680053712,0.0009255170822143555,0.9575163398692811
1890,576.452036857605,0.0014063275559875522,0.014425277709960938,0.0012387275695800782,0.0009535312652587891,0.954248366013072
1895,577.8920068740845,0.05762330566027245,0.010117650032043457,0.0013542413711547852,0.0009528160095214844,0.9656862745098039
1900,579.3126258850098,0.06081121307704969,0.018732905387878418,0.0011232137680053712,0.0009625911712646485,0.9624183006535948
1905,580.7327480316162,0.07189419969187849,0.024220943450927734,0.001248311996459961,0.0009845495223999023,0.9526143790849673
1910,582.1669256687164,0.5940023264992215,0.023630738258361816,0.0011280059814453125,0.0009583473205566406,0.9738562091503268
1915,583.5840539932251,0.04361889200669804,0.018732905387878418,0.0011232137680053712,0.0009349822998046875,0.9738562091503268
1920,584.9999370574951,0.0005366808880991059,0.004629611968994141,0.0012291431427001952,0.0009069442749023438,0.9656862745098039
1925,586.4338948726654,0.007315404746977982,0.014425277709960938,0.0012387275695800782,0.000984787940979004,0.9526143790849673
1930,587.8521027565002,0.2622071013509231,0.014425277709960938,0.0012387275695800782,0.0009646177291870117,0.9591503267973857
1935,589.3282029628754,0.09553559602880349,0.023630738258361816,0.0011280059814453125,0.0009801387786865234,0.9591503267973857
1940,590.7998328208923,0.13359394959178647,0.02734816074371338,0.000892186164855957,0.0009231805801391601,0.9591503267973857
1945,592.2705359458923,0.0030296201735655615,0.018732905387878418,0.0011232137680053712,0.000956583023071289,0.9493464052287581
1950,593.7307298183441,0.05893926035549164,0.015015482902526855,0.0013590335845947265,0.0009998321533203126,0.934640522875817
1955,595.1813628673553,0.00231275211695916,0.014425277709960938,0.0012387275695800782,0.0009620189666748047,0.9183006535947712
1960,596.6353950500488,0.05593819940593683,0.029118776321411133,0.0012531042098999023,0.0010086536407470704,0.9330065359477124
1965,598.0870749950409,0.009066474729097607,0.024220943450927734,0.001248311996459961,0.001063227653503418,0.9411764705882353
1970,599.5399169921875,0.023995813928195275,0.01383507251739502,0.0011184215545654297,0.0009905338287353516,0.9493464052287581
1975,600.9895889759064,0.2260034986740358,0.015015482902526855,0.0013590335845947265,0.0009668827056884766,0.9558823529411765
1980,602.4769599437714,0.019009150317815582,0.028528571128845215,0.001132798194885254,0.0009999036788940429,0.9754901960784313
1985,604.2666690349579,0.08332522827685356,0.0230405330657959,0.0010076999664306641,0.0009575366973876953,0.9787581699346405
1990,605.7048628330231,0.08178050943295609,0.027938365936279297,0.0010124921798706054,0.0009276628494262696,0.9803921568627451
1995,607.1394579410553,0.02498690361961966,0.027938365936279297,0.0010124921798706054,0.0009463548660278321,0.9656862745098039
2000,608.568027973175,0.0035911326833048206,0.023630738258361816,0.0011280059814453125,0.000928950309753418,0.9591503267973857
2005,609.9919118881226,0.0345074617832962,0.0058100223541259766,0.0014697551727294923,0.000997304916381836,0.9575163398692811
2010,611.4148418903351,0.08144448194341755,0.028528571128845215,0.001132798194885254,0.0009965896606445312,0.9673202614379085
2015,612.8381309509277,0.5618456535624228,0.032836198806762695,0.001017284393310547,0.0009848356246948242,0.9771241830065359
2020,614.272577047348,0.217052277525063,0.014425277709960938,0.0012387275695800782,0.0009739875793457031,0.9624183006535948
2025,615.711416721344,0.18021178344914013,0.015605688095092773,0.001479339599609375,0.0010360240936279296,0.9673202614379085
2030,617.1469588279724,0.029035622344663458,0.028528571128845215,0.001132798194885254,0.0009603738784790039,0.9656862745098039
2035,618.5855898857117,0.1161573094945016,0.024220943450927734,0.001248311996459961,0.0010329484939575195,0.9624183006535948
2040,620.0198588371277,0.3789629557633635,0.03342640399932861,0.0011375904083251952,0.0010003328323364257,0.9330065359477124
2045,621.4569218158722,0.07555926150277639,0.015605688095092773,0.001479339599609375,0.0010184764862060547,0.9330065359477124
2050,622.8974437713623,0.011425530002152406,0.028528571128845215,0.001132798194885254,0.0009869098663330077,0.9248366013071896
2055,624.3393819332123,0.08793958459262292,0.019323110580444336,0.0012435197830200195,0.0009351968765258789,0.9281045751633987
2060,625.8261518478394,0.011917271256870698,0.023630738258361816,0.0011280059814453125,0.0009727716445922851,0.9313725490196079
2065,627.2583558559418,0.12464916313709189,0.015605688095092773,0.001479339599609375,0.001006340980529785,0.9428104575163399
2070,628.6981906890869,0.23736188589788085,0.0064002275466918945,0.0015900611877441406,0.000986194610595703,0.9477124183006536
2075,630.1377608776093,0.15056754821762297,0.027938365936279297,0.0010124921798706054,0.0009856462478637696,0.946078431372549
2080,631.5969359874725,0.35166806239002657,0.032836198806762695,0.001017284393310547,0.0010279178619384765,0.9428104575163399
2085,633.109591960907,0.35615157035605094,0.011888265609741211,0.0017151594161987304,0.0010744333267211914,0.9575163398692811
2090,634.5377578735352,0.05031319706094113,0.01383507251739502,0.0011184215545654297,0.0009369850158691406,0.9607843137254902
2095,635.9931199550629,0.013576724656704897,0.010117650032043457,0.0013542413711547852,0.0009491205215454102,0.9656862745098039
2100,637.4427649974823,0.19074904468642676,0.0181427001953125,0.0010029077529907227,0.0009479522705078125,0.9640522875816994
2105,638.8983738422394,0.19533563294135092,0.018732905387878418,0.0011232137680053712,0.0009843111038208008,0.9738562091503268
2110,640.359781742096,0.1188508107948019,0.019913315773010254,0.001363825798034668,0.0010646581649780273,0.9754901960784313
2115,641.8293669223785,0.004020496764032977,0.012654662132263184,0.0008778095245361329,0.0008463621139526367,0.9738562091503268
2120,643.2841527462006,0.004170762136145712,0.03401660919189453,0.0012578964233398438,0.001064467430114746,0.9689542483660131
2125,644.7333240509033,0.1361252912942291,0.013244867324829102,0.0009981155395507812,0.0009213924407958984,0.9509803921568627
2130,646.2140448093414,0.04374061647573413,0.015015482902526855,0.0013590335845947265,0.0009814262390136718,0.9444444444444444
2135,647.6410360336304,0.09373659443061122,0.024220943450927734,0.001248311996459961,0.0010195493698120118,0.9444444444444444
2140,649.0646877288818,0.02107193706023285,0.02245032787322998,0.0008873939514160156,0.0008604049682617188,0.9444444444444444
2145,650.4948790073395,0.0279380988434788,0.020503520965576172,0.0014841318130493163,0.0009849071502685547,0.9444444444444444
2150,651.9255900382996,0.3075215028833373,0.013244867324829102,0.0009981155395507812,0.0008490562438964843,0.946078431372549
2155,653.3489649295807,0.002477213134980083,0.014425277709960938,0.0012387275695800782,0.0009925365447998047,0.9624183006535948
2160,654.7758750915527,0.10924910275060036,0.019323110580444336,0.0012435197830200195,0.0009816884994506836,0.9787581699346405
2165,656.2001237869263,0.0516568739670948,0.0181427001953125,0.0010029077529907227,0.0009083271026611329,0.9722222222222222
2170,657.6331088542938,0.04545792600491048,0.032836198806762695,0.001017284393310547,0.0009830236434936524,0.9624183006535948
2175,659.0753300189972,0.013457941576580267,0.019913315773010254,0.001363825798034668,0.0010289430618286132,0.946078431372549
2180,660.516147851944,0.4174474650642697,0.023630738258361816,0.0011280059814453125,0.0010065555572509766,0.9444444444444444
2185,661.9549739360809,0.03981289716648462,0.032836198806762695,0.001017284393310547,0.0010005474090576173,0.9705882352941176
2190,663.3867599964142,0.012027849085807318,0.018732905387878418,0.0011232137680053712,0.0009571313858032227,0.9705882352941176
2195,664.8129239082336,0.0018764895314872022,0.019323110580444336,0.0012435197830200195,0.0009785175323486328,0.9689542483660131
2200,666.2469627857208,0.026536574705724014,0.008937239646911621,0.0011136293411254882,0.0009287834167480469,0.9673202614379085
2205,667.672358751297,0.08037312624470375,0.015015482902526855,0.0013590335845947265,0.0009852409362792968,0.9705882352941176
2210,669.1070959568024,0.0015231692332054792,0.028528571128845215,0.001132798194885254,0.0009712696075439454,0.9754901960784313
2215,670.5308747291565,0.41526441579315365,0.018732905387878418,0.0011232137680053712,0.0009233474731445313,0.9754901960784313
2220,672.0234189033508,0.03254872067434924,0.023630738258361816,0.0011280059814453125,0.0009799003601074219,0.9836601307189542
2225,673.4518547058105,0.0008300407022671763,0.004629611968994141,0.0012291431427001952,0.000901484489440918,0.9673202614379085
2230,674.8839538097382,0.003030416834717542,0.009527444839477539,0.0012339353561401367,0.0009754419326782227,0.9558823529411765
2235,676.3213057518005,0.079438605724763,0.019323110580444336,0.0012435197830200195,0.0009871959686279298,0.954248366013072
2240,677.7546808719635,0.08968646478758284,0.014425277709960938,0.0012387275695800782,0.0009580373764038086,0.9656862745098039
2245,679.1943197250366,0.08311829153089097,0.03224599361419678,0.0008969783782958984,0.0009255647659301758,0.9738562091503268
2250,680.6281018257141,0.001020218750354651,0.0181427001953125,0.0010029077529907227,0.0009093046188354492,0.9803921568627451
2255,682.0568671226501,0.016174098703841188,0.019323110580444336,0.0012435197830200195,0.0009649038314819336,0.9820261437908496
2260,683.490630865097,0.011651246339597599,0.010117650032043457,0.0013542413711547852,0.0009290695190429688,0.9869281045751634
2265,684.9308490753174,0.038806237088611084,0.024811148643493652,0.0013686180114746093,0.000988602638244629,0.9918300653594772
2270,686.3639407157898,0.006687861378932247,0.028528571128845215,0.001132798194885254,0.0009734153747558594,0.988562091503268
2275,687.8027048110962,0.0027370456023072974,0.009527444839477539,0.0012339353561401367,0.0009542465209960938,0.9918300653594772
2280,689.2400999069214,0.051885689445925996,0.023630738258361816,0.0011280059814453125,0.0009411811828613281,0.9934640522875817
2285,690.6807668209076,0.029781641965182716,0.024220943450927734,0.001248311996459961,0.0010061025619506835,0.9918300653594772
2290,692.1245808601379,0.021594329221161425,0.0230405330657959,0.0010076999664306641,0.0009617805480957031,0.9918300653594772
2295,693.5516400337219,0.02516728440702547,0.023630738258361816,0.0011280059814453125,0.0009803056716918945,0.9918300653594772
2300,695.0361590385437,0.09953765125537757,0.03655362129211426,0.0007814645767211914,0.0009000778198242187,0.9901960784313726
2305,696.461583852768,0.007163455476684355,0.024220943450927734,0.001248311996459961,0.0010055303573608398,0.9820261437908496
2310,697.8906488418579,0.004834281172652588,0.0058100223541259766,0.0014697551727294923,0.000964665412902832,0.9803921568627451
2315,699.3159050941467,0.019628337851709254,0.028528571128845215,0.001132798194885254,0.0009750604629516601,0.9722222222222222
2320,700.7394371032715,0.26900261473273535,0.028528571128845215,0.001132798194885254,0.001015448570251465,0.9869281045751634
2325,702.1673839092255,0.1746922114429072,0.01383507251739502,0.0011184215545654297,0.0009222984313964844,0.9705882352941176
2330,703.6023607254028,0.11047616589900837,0.019913315773010254,0.001363825798034668,0.0010129213333129883,0.9722222222222222
2335,705.0366659164429,0.018574828059981917,0.028528571128845215,0.001132798194885254,0.0009673595428466797,0.9771241830065359
2340,706.4779341220856,0.10140006767785063,0.024811148643493652,0.0013686180114746093,0.0010198831558227539,0.9803921568627451
2345,707.9054968357086,0.08549633474884111,0.028528571128845215,0.001132798194885254,0.0010159015655517578,0.9803921568627451
2350,709.3282496929169,0.03622715857742165,0.019913315773010254,0.001363825798034668,0.0009914398193359374,0.9803921568627451
2355,710.7529737949371,0.003322448883736939,0.024811148643493652,0.0013686180114746093,0.00102541446685791,0.9771241830065359
2360,712.1828248500824,0.02754353339003508,0.023630738258361816,0.0011280059814453125,0.0009576320648193359,0.9722222222222222
2365,713.6162769794464,0.00694982350085418,0.019323110580444336,0.0012435197830200195,0.0010175228118896485,0.9689542483660131
2370,715.0473310947418,0.028631370681050684,0.019323110580444336,0.0012435197830200195,0.0010224580764770508,0.9673202614379085
2375,716.4825389385223,0.0905570211276883,0.0069904327392578125,0.001710367202758789,0.0010239124298095704,0.9722222222222222
2380,717.9142699241638,0.06701329554978663,0.023630738258361816,0.0011280059814453125,0.0009486913681030273,0.9738562091503268
2385,719.3476097583771,0.12723255714827247,0.03655362129211426,0.0007814645767211914,0.0009362459182739258,0.9738562091503268
2390,720.8257038593292,0.020160475521297627,0.011888265609741211,0.0017151594161987304,0.0010654687881469726,0.9803921568627451
2395,722.256854057312,0.015769106483985596,0.015015482902526855,0.0013590335845947265,0.0010020017623901367,0.9836601307189542
2400,723.6959569454193,0.028165809280535647,0.009527444839477539,0.0012339353561401367,0.0009084939956665039,0.9787581699346405
2405,725.1224880218506,0.0961063747303161,0.013244867324829102,0.0009981155395507812,0.0008908748626708984,0.9754901960784313
2410,726.5443329811096,0.11782640666669977,0.0230405330657959,0.0010076999664306641,0.0009516000747680664,0.9934640522875817
2415,727.9759809970856,0.024558921684529268,0.019913315773010254,0.001363825798034668,0.0010178327560424806,0.9901960784313726
2420,729.4092857837677,0.017354998276987388,0.01383507251739502,0.0011184215545654297,0.0009307861328125,0.988562091503268
2425,730.8375749588013,0.00019944037519969982,0.028528571128845215,0.001132798194885254,0.0009693145751953125,0.9869281045751634
2430,732.2666909694672,0.7047047002499311,0.018732905387878418,0.0011232137680053712,0.0009544849395751953,0.9722222222222222
2435,733.6945428848267,0.0011076219006737275,0.01383507251739502,0.0011184215545654297,0.0009137630462646484,0.934640522875817
2440,735.1096577644348,0.11848490933050027,0.024220943450927734,0.001248311996459961,0.0009868860244750977,0.9395424836601307
2445,736.530524969101,0.015102168696266816,0.0181427001953125,0.0010029077529907227,0.000888371467590332,0.9395424836601307
2450,737.9428060054779,0.04835648644690096,0.02540135383605957,0.0014889240264892578,0.0010314226150512696,0.9411764705882353
2455,739.3743438720703,0.0001114146253440751,0.008937239646911621,0.0011136293411254882,0.0008913516998291015,0.9428104575163399
2460,740.7954909801483,0.30776265179655643,0.019323110580444336,0.0012435197830200195,0.001005101203918457,0.9395424836601307
2465,742.248085975647,0.15534751900702765,0.01383507251739502,0.0011184215545654297,0.0009348154067993164,0.9509803921568627
2470,743.840836763382,0.14714129765468903,0.023630738258361816,0.0011280059814453125,0.0009892702102661133,0.9591503267973857
2475,745.3124308586121,0.21972181389127404,0.02734816074371338,0.000892186164855957,0.0009781599044799804,0.9705882352941176
2480,746.7677779197693,0.010747643184431688,0.015605688095092773,0.001479339599609375,0.0010479450225830077,0.9673202614379085
2485,748.2124719619751,0.040892807700565824,0.03342640399932861,0.0011375904083251952,0.0010535478591918944,0.9607843137254902
2490,749.6559779644012,0.13802547275845428,0.02734816074371338,0.000892186164855957,0.0009285688400268554,0.9526143790849673
2495,751.0849039554596,0.021761765926730802,0.024220943450927734,0.001248311996459961,0.0010368108749389648,0.934640522875817
2500,752.5166878700256,0.03149551011999403,0.01383507251739502,0.0011184215545654297,0.0008919954299926758,0.934640522875817
2505,753.9425647258759,0.26181655071504795,0.013244867324829102,0.0009981155395507812,0.0008980035781860352,0.9558823529411765
2510,755.3665668964386,0.13947018864441835,0.011298060417175293,0.001594853401184082,0.0010345697402954102,0.9722222222222222
2515,756.7992858886719,0.0019899664637524237,0.023630738258361816,0.0011280059814453125,0.000990152359008789,0.9640522875816994
2520,758.2412738800049,0.2662215548713812,0.0230405330657959,0.0010076999664306641,0.0009177684783935547,0.9656862745098039
2525,759.6806390285492,0.05813888554674129,0.023630738258361816,0.0011280059814453125,0.0009566068649291993,0.9656862745098039
2530,761.1159479618073,0.0009819852730926116,0.009527444839477539,0.0012339353561401367,0.0009252071380615234,0.9640522875816994
2535,762.5508930683136,0.0027059413140433364,0.009527444839477539,0.0012339353561401367,0.000917816162109375,0.9640522875816994
2540,764.0406968593597,0.025632162287365645,0.014425277709960938,0.0012387275695800782,0.0010073661804199218,0.9607843137254902
2545,765.4878377914429,0.01171381472347104,0.019323110580444336,0.0012435197830200195,0.0009585380554199219,0.9640522875816994
2550,766.9248650074005,0.02847644766969104,0.027938365936279297,0.0010124921798706054,0.0009417533874511719,0.9640522875816994
2555,768.362765789032,0.0016620522823359352,0.021860122680664062,0.0007670879364013672,0.0009078741073608399,0.9640522875816994
2560,769.7924838066101,0.013840635781853194,0.015605688095092773,0.001479339599609375,0.000987410545349121,0.9640522875816994
2565,771.2343258857727,0.0002911827190292371,0.014425277709960938,0.0012387275695800782,0.0009163856506347656,0.9640522875816994
2570,772.675863981247,0.0349310865228837,0.019913315773010254,0.001363825798034668,0.0009472131729125977,0.9640522875816994
2575,774.1119899749756,0.0033792367938895395,0.028528571128845215,0.001132798194885254,0.0009644269943237304,0.9673202614379085
2580,775.5576319694519,0.007350646993090848,0.015015482902526855,0.0013590335845947265,0.000999784469604492,0.9689542483660131
2585,776.9859120845795,0.27228631127343766,0.0181427001953125,0.0010029077529907227,0.0009257316589355469,0.9722222222222222
2590,778.4216198921204,0.046780729832307875,0.019913315773010254,0.001363825798034668,0.000995039939880371,0.9771241830065359
2595,779.862715959549,0.007138427214240473,0.0230405330657959,0.0010076999664306641,0.0010780572891235351,0.9803921568627451
2600,781.29279088974,0.005061173835993138,0.028528571128845215,0.001132798194885254,0.0009761333465576171,0.9771241830065359
2605,782.7204229831696,0.22900709515452036,0.03655362129211426,0.0007814645767211914,0.0009480714797973633,0.9852941176470589
2610,784.1514339447021,0.01675754776786569,0.023630738258361816,0.0011280059814453125,0.0009628772735595703,0.9754901960784313
2615,785.5762927532196,0.012321275561371437,0.010117650032043457,0.0013542413711547852,0.000930619239807129,0.9705882352941176
2620,787.005530834198,0.033658694162359205,0.019913315773010254,0.001363825798034668,0.0010105133056640624,0.9673202614379085
2625,788.4258790016174,0.2240694126820836,0.028528571128845215,0.001132798194885254,0.000995326042175293,0.9754901960784313
2630,789.9078068733215,0.4211777574436292,0.0230405330657959,0.0010076999664306641,0.0009627580642700195,0.9754901960784313
2635,791.342423915863,0.16640078796160207,0.015015482902526855,0.0013590335845947265,0.0010398149490356446,0.9689542483660131
2640,792.7846610546112,0.048540761349959285,0.024220943450927734,0.001248311996459961,0.0009988307952880859,0.9754901960784313
2645,794.2146558761597,0.1938020132404473,0.02970898151397705,0.0013734102249145508,0.0010634183883666993,0.9820261437908496
2650,795.6396780014038,0.02696460236600622,0.027938365936279297,0.0010124921798706054,0.0009569644927978516,0.9836601307189542
2655,797.0601398944855,0.10406497131595653,0.019913315773010254,0.001363825798034668,0.0010617733001708984,0.9803921568627451
2660,798.4900789260864,0.002177457580974185,0.029118776321411133,0.0012531042098999023,0.000992894172668457,0.9820261437908496
2665,799.9148190021515,0.010320481525887003,0.019913315773010254,0.001363825798034668,0.0009627103805541992,0.9803921568627451
2670,801.3428888320923,0.006911608183672868,0.014425277709960938,0.0012387275695800782,0.000976109504699707,0.9771241830065359
2675,802.7689709663391,0.019331004668292805,0.019323110580444336,0.0012435197830200195,0.0009683370590209961,0.9771241830065359
2680,804.1804339885712,0.03750397412364705,0.015605688095092773,0.001479339599609375,0.0009886741638183594,0.9787581699346405
2685,805.607852935791,0.053427247617746684,0.024220943450927734,0.001248311996459961,0.0009857177734375,0.9820261437908496
2690,807.039125919342,0.010212380964630974,0.02734816074371338,0.000892186164855957,0.0009526729583740235,0.9852941176470589
2695,808.4642219543457,0.052849384752035,0.02109372615814209,0.0016044378280639648,0.0010758161544799805,0.9869281045751634
2700,809.8801939487457,0.14286902830515835,0.014425277709960938,0.0012387275695800782,0.0009994745254516602,0.9852941176470589
2705,811.3074479103088,0.0750473752127256,0.005219817161560059,0.0013494491577148438,0.0009491682052612304,0.9787581699346405
2710,812.7773487567902,0.0025029780599471253,0.01383507251739502,0.0011184215545654297,0.0008866310119628907,0.9624183006535948
2715,814.2052948474884,0.23387401868940288,0.027938365936279297,0.0010124921798706054,0.0009467601776123047,0.9705882352941176
2720,815.6288869380951,0.014257088203503443,0.010117650032043457,0.0013542413711547852,0.000997638702392578,0.9852941176470589
2725,817.0596339702606,0.10320321791139583,0.023630738258361816,0.0011280059814453125,0.0009486198425292969,0.9901960784313726
2730,818.4869599342346,0.00020304158014372575,0.0230405330657959,0.0010076999664306641,0.0009109020233154297,0.9901960784313726
2735,819.9065039157867,0.06847418330716212,0.018732905387878418,0.0011232137680053712,0.0009355783462524414,0.9852941176470589
2740,821.3161268234253,0.0009504010855199141,0.018732905387878418,0.0011232137680053712,0.000945591926574707,0.9624183006535948
2745,822.7190687656403,0.012258013058153772,0.015015482902526855,0.0013590335845947265,0.000967097282409668,0.9493464052287581
2750,824.1257207393646,0.0022340457884457267,0.0230405330657959,0.0010076999664306641,0.0008868217468261719,0.9444444444444444
2755,825.532063961029,0.31751629775360024,0.029118776321411133,0.0012531042098999023,0.0009951829910278321,0.9493464052287581
2760,826.9342429637909,9.041236004136977e-05,0.005219817161560059,0.0013494491577148438,0.0009186267852783203,0.9656862745098039
2765,828.3542578220367,0.04659757009239005,0.023630738258361816,0.0011280059814453125,0.0009755611419677735,0.9803921568627451
2770,829.7737190723419,0.010618930240061709,0.008937239646911621,0.0011136293411254882,0.0008999347686767578,0.9803921568627451
2775,831.202734708786,0.01314492316067124,0.023630738258361816,0.0011280059814453125,0.0009373188018798828,0.9705882352941176
2780,832.648118019104,0.018969583876041796,0.027938365936279297,0.0010124921798706054,0.0009542226791381836,0.9705882352941176
2785,834.0813219547272,0.003388079190763271,0.015015482902526855,0.0013590335845947265,0.0009649991989135742,0.9689542483660131
2790,835.5128598213196,0.009724229818657549,0.029118776321411133,0.0012531042098999023,0.0010255098342895508,0.9689542483660131
2795,836.9524819850922,0.2124599741771817,0.03165578842163086,0.00077667236328125,0.0009260177612304688,0.9738562091503268
2800,838.4400057792664,0.014900856598978862,0.028528571128845215,0.001132798194885254,0.001020503044128418,0.9869281045751634
2805,839.8557970523834,0.0030552103063747893,0.014425277709960938,0.0012387275695800782,0.000919508934020996,0.9901960784313726
2810,841.2764527797699,0.0045030157028941534,0.008937239646911621,0.0011136293411254882,0.0009104490280151367,0.988562091503268
2815,842.6982889175415,0.0014974167231777357,0.015015482902526855,0.0013590335845947265,0.0009722709655761719,0.988562091503268
2820,844.112802028656,0.01867195885823101,0.019323110580444336,0.0012435197830200195,0.0009817361831665039,0.988562091503268
2825,845.5406830310822,0.014007085129360419,0.023630738258361816,0.0011280059814453125,0.0009433269500732422,0.988562091503268
2830,846.9561629295349,0.15591691161951537,0.028528571128845215,0.001132798194885254,0.0009395122528076172,0.9918300653594772
2835,848.3752839565277,0.0008499781730098022,0.008937239646911621,0.0011136293411254882,0.0008698940277099609,0.988562091503268
2840,849.7898397445679,-4.000355602327364e-13,0.004629611968994141,0.0012291431427001952,0.0008761167526245117,0.988562091503268
2845,851.2198739051819,0.01368369667325169,0.019323110580444336,0.0012435197830200195,0.0010161876678466796,0.9852941176470589
2850,852.7015616893768,0.006461242390451006,0.014425277709960938,0.0012387275695800782,0.0009868383407592774,0.9869281045751634
2855,854.2084379196167,0.010876740352050617,0.027938365936279297,0.0010124921798706054,0.0008965015411376953,0.9869281045751634
2860,855.6354038715363,0.20632684343717306,0.02734816074371338,0.000892186164855957,0.0008759021759033204,0.988562091503268
2865,857.0412349700928,0.0007290310687222857,0.015015482902526855,0.0013590335845947265,0.0009653568267822266,0.9967320261437909
2870,858.4549469947815,0.06737481930338625,0.009527444839477539,0.0012339353561401367,0.0009082794189453125,0.9983660130718954
2875,859.8637890815735,0.011598496905899225,0.024220943450927734,0.001248311996459961,0.000927424430847168,0.9901960784313726
2880,861.3240168094635,0.0013733701327328872,0.029118776321411133,0.0012531042098999023,0.0009827136993408204,0.9820261437908496
2885,862.7424838542938,0.003431557151252562,0.015605688095092773,0.001479339599609375,0.0010113239288330079,0.9705882352941176
2890,864.1642088890076,0.12818973716364787,0.0181427001953125,0.0010029077529907227,0.0008955717086791993,0.9738562091503268
2895,865.5768067836761,0.01062531563190543,0.015015482902526855,0.0013590335845947265,0.0009876012802124024,0.9803921568627451
2900,866.9864456653595,0.008304968968050197,0.027938365936279297,0.0010124921798706054,0.0009358882904052735,0.9820261437908496
2905,868.4031338691711,0.0010693501958213502,0.023630738258361816,0.0011280059814453125,0.0009565353393554688,0.9820261437908496
2910,869.8248188495636,0.09268488567322493,0.03165578842163086,0.00077667236328125,0.0009043693542480468,0.988562091503268
2915,871.2315247058868,0.011127402535730723,0.023630738258361816,0.0011280059814453125,0.0009734630584716797,0.9771241830065359
2920,872.6383109092712,0.020076985656815084,0.019913315773010254,0.001363825798034668,0.0009828567504882812,0.9803921568627451
2925,874.0491950511932,0.0008465030875141721,0.010117650032043457,0.0013542413711547852,0.0009455204010009766,0.9852941176470589
2930,875.4574480056763,0.18146485132456291,0.037734031677246094,0.0010220766067504882,0.0010366439819335938,0.9852941176470589
2935,876.8601567745209,0.009896319942872722,0.023630738258361816,0.0011280059814453125,0.0009627580642700195,0.9869281045751634
2940,878.2776670455933,0.06353285734846406,0.015015482902526855,0.0013590335845947265,0.0009858369827270507,0.9836601307189542
2945,879.6991717815399,0.09340722274553634,0.019323110580444336,0.0012435197830200195,0.0009651899337768555,0.988562091503268
2950,881.1505949497223,0.09484155278157243,0.029118776321411133,0.0012531042098999023,0.0010343313217163086,0.988562091503268
2955,882.5665109157562,0.11254799731248574,0.027938365936279297,0.0010124921798706054,0.0009787797927856446,0.9901960784313726
2960,883.9715120792389,0.13427312319650825,0.019913315773010254,0.001363825798034668,0.0009752750396728515,0.9869281045751634
2965,885.3793730735779,0.07210046871858147,0.029118776321411133,0.0012531042098999023,0.0010253429412841798,0.9852941176470589
2970,886.7788081169128,0.0006219259122556053,0.015605688095092773,0.001479339599609375,0.0009469032287597656,0.9803921568627451
2975,888.1814248561859,0.01429486241468112,0.0230405330657959,0.0010076999664306641,0.0009439229965209961,0.9558823529411765
2980,889.5953528881073,0.021133253046418866,0.019913315773010254,0.001363825798034668,0.0009912014007568359,0.9558823529411765
2985,891.0085918903351,0.00970998525977862,0.01619589328765869,0.0015996456146240234,0.0009949922561645508,0.9558823529411765
2990,892.4255418777466,0.3958514484196531,0.018732905387878418,0.0011232137680053712,0.0009782075881958007,0.9852941176470589
2995,893.8251190185547,0.004832524247367509,0.027938365936279297,0.0010124921798706054,0.0009376287460327148,0.9689542483660131
3000,895.2286767959595,0.0871925971118527,0.020503520965576172,0.0014841318130493163,0.001009821891784668,0.9558823529411765
3005,896.6202909946442,0.03672992379850264,0.015015482902526855,0.0013590335845947265,0.0009716510772705078,0.9509803921568627
3010,898.0200366973877,0.0006484102098239575,0.009527444839477539,0.0012339353561401367,0.0009017467498779296,0.9493464052287581
3015,899.5015459060669,0.00021922162238308118,0.014425277709960938,0.0012387275695800782,0.0009137153625488281,0.9477124183006536
3020,900.9194369316101,0.5606428564096859,0.0230405330657959,0.0010076999664306641,0.0009176731109619141,0.9640522875816994
3025,902.3189067840576,0.15303346718408656,0.014425277709960938,0.0012387275695800782,0.0009335994720458985,0.9836601307189542
3030,903.7378568649292,0.042071408312567726,0.019323110580444336,0.0012435197830200195,0.000980043411254883,0.9820261437908496
3035,905.1551218032837,0.0005649883349997609,0.0181427001953125,0.0010029077529907227,0.0008722543716430664,0.9722222222222222
3040,906.6387441158295,0.8388341683478666,0.023630738258361816,0.0011280059814453125,0.0009778976440429688,0.9754901960784313
3045,908.0660269260406,0.011134862148255742,0.0230405330657959,0.0010076999664306641,0.0009765386581420899,0.9803921568627451
3050,909.4994869232178,0.018116201017683232,0.010707855224609375,0.0014745473861694336,0.0010209798812866211,0.9820261437908496
3055,910.9420778751373,0.020454197780218307,0.027938365936279297,0.0010124921798706054,0.0009440183639526367,0.9722222222222222
3060,912.400643825531,0.1505820047803173,0.023630738258361816,0.0011280059814453125,0.0009899616241455078,0.9738562091503268