#{"solver": {"engine": {"type": "ExactEngine"}, "semiring": "GraphSemiring"}, "networks": [{"name": "perc_net_version_1_NeSy_0", "module": "AD_V1_NeSy_0_net(\n  (image_features): Sequential(\n    (0): Conv2d(3, 6, kernel_size=(5, 5), stride=(1, 1))\n    (1): ReLU()\n    (2): MaxPool2d(kernel_size=2, stride=2, padding=0, dilation=1, ceil_mode=False)\n    (3): Conv2d(6, 16, kernel_size=(5, 5), stride=(1, 1))\n    (4): ReLU()\n    (5): MaxPool2d(kernel_size=2, stride=2, padding=0, dilation=1, ceil_mode=False)\n    (6): Flatten(start_dim=0, end_dim=2)\n    (7): Linear(in_features=400, out_features=120, bias=True)\n    (8): Linear(in_features=120, out_features=84, bias=True)\n    (9): Linear(in_features=84, out_features=4, bias=True)\n  )\n  (numeric_features): Sequential(\n    (0): Linear(in_features=2, out_features=4, bias=True)\n    (1): ReLU()\n    (2): Dropout(p=0.5, inplace=False)\n    (3): Linear(in_features=4, out_features=4, bias=True)\n    (4): ReLU()\n  )\n  (combined_features): Sequential(\n    (0): Linear(in_features=8, out_features=16, bias=True)\n    (1): ReLU()\n    (2): Dropout(p=0.5, inplace=False)\n    (3): Linear(in_features=16, out_features=16, bias=True)\n    (4): ReLU()\n    (5): Linear(in_features=16, out_features=2, bias=True)\n    (6): Softmax(dim=-1)\n  )\n)", "optimizer": "Adam (\nParameter Group 0\n    amsgrad: False\n    betas: (0.9, 0.999)\n    capturable: False\n    differentiable: False\n    eps: 1e-08\n    foreach: None\n    fused: None\n    lr: 0.001\n    maximize: False\n    weight_decay: 0\n)", "k": null}], "program": "coord(X) :- X=0.0; X=1.0; X=2.0; X=3.0.\ncoord(Y) :- Y=0.0; Y=1.0; Y=2.0.\nadmissible_cells(X,Y) :- coord(X), coord(Y).\nnn(perc_net_version_1_NeSy_0,[Img, X, Y],Z,[human, nothing])::cell(Img,X,Y,Z).\nattention_boundary(X,Y) :- X==1.0, Y==0.0.\nenlarged_boundary(X,Y) :- X==1.0, Y==1.0.\nenlarged_boundary(X,Y) :- X==2, 0, Y==0.0.\nenlarged_boundary(X,Y) :- X==2.0, Y==1.0.\nout_of_view(X,Y) :- X==0.0; X==3.0; Y==2.0.\naction(Img,1) :- admissible_cells(X,Y), attention_boundary(X,Y), cell(Img,X,Y,human).\naction(Img,2) :- admissible_cells(X,Y), enlarged_boundary(X,Y), cell(Img,X,Y,human), \\+action(Img,1).\naction(Img,0) :- admissible_cells(X,Y), cell(Img,X,Y,human), out_of_view(X,Y), \\+action(Img,2), \\+action(Img,1).\n"}
#Accuracy 0.9185667752442996
i,time,loss,ground_time,compile_time,eval_time,accuracy
5,0.10377883911132812,0.9035406708717346,0.005362415313720703,0.0003261089324951172,0.00044143199920654297,0.3289902280130293
10,3.945037841796875,1.3115109622478485,0.007996344566345214,0.0005050182342529296,0.000738072395324707,0.3289902280130293
15,7.494102716445923,1.213272935152054,0.007424640655517578,0.00044181346893310545,0.000595545768737793,0.3289902280130293
20,11.09599781036377,0.8296236753463745,0.004547476768493652,0.0002453327178955078,0.0002295970916748047,0.3289902280130293
25,14.72964358329773,1.5050539076328278,0.009730100631713867,0.0005750894546508789,0.0008317470550537109,0.3289902280130293
30,18.377609968185425,1.4556112825870513,0.009439587593078613,0.0005733728408813477,0.0008430242538452149,0.3289902280130293
35,21.92909288406372,1.2119637072086333,0.007715153694152832,0.0004435300827026367,0.0005863666534423828,0.3289902280130293
40,25.52981185913086,1.3435794472694398,0.009439587593078613,0.0005733728408813477,0.0008297204971313476,0.3289902280130293
45,29.17287278175354,1.3311129331588745,0.010020613670349121,0.0005768060684204102,0.000858139991760254,0.3517915309446254
50,32.71678590774536,1.3596020728349685,0.007715153694152832,0.0004435300827026367,0.0005908012390136719,0.31921824104234525
55,36.25825786590576,1.2078792810440064,0.007134127616882324,0.00044009685516357424,0.000560140609741211,0.3289902280130293
60,39.71082067489624,0.8882067322731018,0.00512850284576416,0.00024876594543457033,0.00024905204772949217,0.3289902280130293
65,43.33423471450806,1.5869562864303588,0.011454534530639649,0.0007049322128295898,0.0011264801025390625,0.3289902280130293
70,46.94181680679321,1.3832780301570893,0.009439587593078613,0.0005733728408813477,0.000826716423034668,0.3289902280130293
75,50.42999887466431,1.0616053342819214,0.006562423706054687,0.00037689208984375,0.0004892349243164062,0.3289902280130293
80,54.00986695289612,0.9876911044120789,0.005990719795227051,0.0003136873245239258,0.00036323070526123047,0.3289902280130293
85,57.601706743240356,1.2821539521217347,0.008867883682250976,0.0005101680755615235,0.0007188796997070312,0.3289902280130293
90,61.194063901901245,0.9950475633144379,0.005690884590148926,0.00037174224853515626,0.00040662288665771484,0.3289902280130293
95,64.71614694595337,1.0142554819583893,0.006271910667419433,0.00037517547607421873,0.0004394054412841797,0.3289902280130293
100,68.32146692276001,1.0848618149757385,0.007143449783325195,0.0003803253173828125,0.000495290756225586,0.3289902280130293
105,72.06508278846741,1.417991614341736,0.010592317581176758,0.0006400108337402344,0.000976872444152832,0.3289902280130293
110,75.64278078079224,1.2029651165008546,0.008577370643615722,0.0005084514617919922,0.0007294893264770507,0.3289902280130293
115,79.28601884841919,1.160401213169098,0.008286857604980468,0.000506734848022461,0.000710153579711914,0.3289902280130293
120,82.98059272766113,1.133532816171646,0.010311126708984375,0.0005785226821899414,0.0008977413177490235,0.41368078175895767
125,86.58439874649048,1.0774023175239562,0.009439587593078613,0.0005733728408813477,0.0008494138717651367,0.42671009771986973
130,90.28224587440491,1.2166116774082183,0.00914907455444336,0.0005716562271118164,0.000821995735168457,0.6742671009771987
135,93.9065477848053,0.89290571808815,0.008577370643615722,0.0005084514617919922,0.0007927417755126953,0.7231270358306189
140,97.44719982147217,1.0860064804553986,0.005700206756591797,0.00031197071075439453,0.00037467479705810547,0.3257328990228013
145,101.03879499435425,1.1008038341999054,0.007715153694152832,0.0004435300827026367,0.0006109237670898438,0.2996742671009772
150,104.72149181365967,0.9898781776428223,0.007715153694152832,0.0004435300827026367,0.0005849599838256836,0.6319218241042345
155,108.28476285934448,0.9493104994297028,0.00914907455444336,0.0005716562271118164,0.0008554220199584961,0.6970684039087948
160,111.81773591041565,1.057566487789154,0.007134127616882324,0.00044009685516357424,0.0005666971206665039,0.762214983713355
165,115.41320562362671,0.8921888321638107,0.007996344566345214,0.0005050182342529296,0.0008198499679565429,0.7003257328990228
170,118.96698760986328,0.8500704258680344,0.006562423706054687,0.00037689208984375,0.000468754768371582,0.6807817589576547
175,122.58369874954224,0.8948850929737091,0.006562423706054687,0.00037689208984375,0.0005370616912841797,0.6775244299674267
180,126.15219259262085,0.9485626518726349,0.008577370643615722,0.0005084514617919922,0.0007044553756713867,0.6970684039087948
185,129.77528190612793,0.7055903196334838,0.009730100631713867,0.0005750894546508789,0.0008774995803833008,0.7328990228013029
190,133.410005569458,0.7312091067433357,0.007715153694152832,0.0004435300827026367,0.0005988597869873047,0.7198697068403909
195,137.28215289115906,0.6811942085623741,0.010301804542541504,0.0006382942199707031,0.0009766101837158203,0.6807817589576547
200,141.24306273460388,0.9756447823718191,0.010020613670349121,0.0005768060684204102,0.000933527946472168,0.7133550488599348
205,144.91001296043396,0.6736614920198918,0.005409693717956543,0.00031025409698486327,0.0003241062164306641,0.40390879478827363
210,148.687424659729,1.065950473304838,0.007424640655517578,0.00044181346893310545,0.0005963325500488281,0.6840390879478827
215,152.34973859786987,1.0427231689915062,0.005990719795227051,0.0003136873245239258,0.0003731250762939453,0.7198697068403909
220,155.920991897583,0.8287424713373184,0.010301804542541504,0.0006382942199707031,0.0009772062301635742,0.7752442996742671
225,159.55469274520874,0.9616748571395874,0.010592317581176758,0.0006400108337402344,0.0009586572647094727,0.7361563517915309
230,163.17431092262268,0.8305698573589325,0.005990719795227051,0.0003136873245239258,0.00037066936492919923,0.755700325732899
235,166.82526278495789,0.7114054352045059,0.006562423706054687,0.00037689208984375,0.000491189956665039,0.742671009771987
240,170.51863193511963,0.9708486169576644,0.00915839672088623,0.0005118846893310547,0.000760340690612793,0.6091205211726385
245,174.11522674560547,0.6923268869519233,0.004538154602050782,0.00030510425567626954,0.0003117799758911133,0.5830618892508144
250,177.70767068862915,0.47658613659441473,0.006271910667419433,0.00037517547607421873,0.0005198001861572265,0.6026058631921825
255,181.30490684509277,1.2318734450265765,0.00829617977142334,0.00044696331024169923,0.0006314992904663086,0.6905537459283387
260,184.9152238368988,0.9627097547054291,0.009439587593078613,0.0005733728408813477,0.0008851289749145508,0.7687296416938111
265,188.56516480445862,0.9983341813087463,0.009439587593078613,0.0005733728408813477,0.0008454799652099609,0.742671009771987
270,192.13509464263916,0.8577630966901779,0.008577370643615722,0.0005084514617919922,0.0007293939590454102,0.7882736156351792
275,195.77919173240662,0.8727595180273056,0.00915839672088623,0.0005118846893310547,0.0007837772369384766,0.7687296416938111
280,199.42084789276123,0.6293518707156182,0.010301804542541504,0.0006382942199707031,0.0009406566619873047,0.7133550488599348
285,203.10902786254883,0.852632899209857,0.009439587593078613,0.0005733728408813477,0.0008203983306884766,0.745928338762215
290,206.79423689842224,0.894255056977272,0.007424640655517578,0.00044181346893310545,0.0006265878677368164,0.7263843648208469
295,210.54307770729065,0.7121434645727277,0.005700206756591797,0.00031197071075439453,0.00034382343292236326,0.7328990228013029
300,214.12757778167725,0.7629708286374808,0.008577370643615722,0.0005084514617919922,0.0007365465164184571,0.7003257328990228
305,217.78353786468506,0.9372731385752558,0.008867883682250976,0.0005101680755615235,0.0007036209106445312,0.7296416938110749
310,221.42634677886963,0.8022247605025769,0.007996344566345214,0.0005050182342529296,0.0006969690322875977,0.745928338762215
315,224.95044684410095,0.5045933037996292,0.0059813976287841795,0.0003734588623046875,0.00042290687561035155,0.752442996742671
320,228.49589085578918,0.6887879438698292,0.008286857604980468,0.000506734848022461,0.0006859302520751953,0.752442996742671
325,232.05926990509033,0.76380615234375,0.006562423706054687,0.00037689208984375,0.0005120515823364257,0.755700325732899
330,235.6313557624817,0.7264035200700164,0.006562423706054687,0.00037689208984375,0.000469660758972168,0.7198697068403909
335,239.22573900222778,0.7188669276423753,0.008577370643615722,0.0005084514617919922,0.0007208824157714844,0.7263843648208469
340,242.84890484809875,0.7203855440020561,0.009730100631713867,0.0005750894546508789,0.0008488178253173828,0.7361563517915309
345,246.51182961463928,0.7906124718487263,0.007424640655517578,0.00044181346893310545,0.0006145000457763672,0.742671009771987
350,250.18980979919434,0.629762664437294,0.011745047569274903,0.0007066488265991211,0.0012165307998657227,0.739413680781759
355,253.79358172416687,0.6629891313612462,0.008867883682250976,0.0005101680755615235,0.0007271289825439454,0.7361563517915309
360,257.37971472740173,0.6361202985048294,0.006271910667419433,0.00037517547607421873,0.00042393207550048826,0.755700325732899
365,260.99837279319763,0.6545043762773275,0.006852936744689941,0.00037860870361328125,0.00047304630279541013,0.7198697068403909
370,264.6736059188843,0.966386937443167,0.007715153694152832,0.0004435300827026367,0.0006498575210571289,0.7166123778501629
375,268.28146982192993,0.9882315238006413,0.009439587593078613,0.0005733728408813477,0.0008447647094726562,0.7328990228013029
380,271.89012360572815,0.9523953139781952,0.009439587593078613,0.0005733728408813477,0.0008149385452270508,0.755700325732899
385,275.4663257598877,0.642989556863904,0.005700206756591797,0.00031197071075439453,0.00037012100219726565,0.742671009771987
390,279.001740694046,0.8382348209619522,0.008005666732788085,0.00044524669647216797,0.0006309270858764649,0.749185667752443
395,282.6107358932495,0.8461311668157577,0.008867883682250976,0.0005101680755615235,0.0007488489151000977,0.752442996742671
400,286.27548384666443,0.5145624108612538,0.0048286676406860355,0.0003068208694458008,0.0003203868865966797,0.739413680781759
405,289.924635887146,0.4545958857983351,0.0059813976287841795,0.0003734588623046875,0.00045194625854492185,0.7361563517915309
410,293.53171372413635,0.9735594779253006,0.00829617977142334,0.00044696331024169923,0.0007051229476928711,0.739413680781759
415,297.2141718864441,1.1279202282428742,0.009730100631713867,0.0005750894546508789,0.000828695297241211,0.7719869706840391
420,300.8129389286041,0.746951361373067,0.00914907455444336,0.0005716562271118164,0.0008074283599853515,0.6547231270358306
425,304.4073176383972,1.21272169649601,0.008867883682250976,0.0005101680755615235,0.0007127046585083008,0.6807817589576547
430,308.0773859024048,0.8293189451098442,0.007715153694152832,0.0004435300827026367,0.0005947589874267578,0.7915309446254072
435,311.60349583625793,0.8677420943975449,0.011454534530639649,0.0007049322128295898,0.0010927438735961914,0.8371335504885994
440,314.90105867385864,0.7253081649541855,0.009439587593078613,0.0005733728408813477,0.000819540023803711,0.8045602605863192
445,318.06849479675293,0.9485711390152574,0.006852936744689941,0.00037860870361328125,0.0004514932632446289,0.7915309446254072
450,321.1869008541107,0.5899752322584391,0.005700206756591797,0.00031197071075439453,0.00031831264495849607,0.7850162866449512
455,324.36873173713684,0.5154781632125378,0.008286857604980468,0.000506734848022461,0.000668478012084961,0.7263843648208469
460,327.56456565856934,0.8666809885529801,0.008867883682250976,0.0005101680755615235,0.0007312774658203125,0.7198697068403909
465,330.979939699173,0.613748449459672,0.008858561515808105,0.0005699396133422852,0.0007606744766235352,0.752442996742671
470,334.1381378173828,0.6228114177938551,0.007134127616882324,0.00044009685516357424,0.0005367755889892578,0.7719869706840391
475,337.34809589385986,0.49814181923866274,0.006271910667419433,0.00037517547607421873,0.00045166015625,0.7687296416938111
480,340.49477672576904,0.6902095780707895,0.006562423706054687,0.00037689208984375,0.00046732425689697263,0.755700325732899
485,343.6042649745941,0.679188172519207,0.007715153694152832,0.0004435300827026367,0.0005615234375,0.758957654723127
490,346.69130396842957,0.6288072698283941,0.008577370643615722,0.0005084514617919922,0.0006732702255249024,0.758957654723127
495,349.8060579299927,0.8114782540127635,0.009730100631713867,0.0005750894546508789,0.0007989168167114258,0.762214983713355
500,352.8911147117615,0.6509688541758806,0.008286857604980468,0.000506734848022461,0.0006580591201782226,0.7817589576547231
505,356.0068418979645,0.7345696164295077,0.010882830619812012,0.0006417274475097656,0.0009048223495483398,0.7817589576547231
510,359.07501792907715,0.8908289022743702,0.008005666732788085,0.00044524669647216797,0.0005822181701660156,0.7785016286644951
515,362.1300678253174,0.47927193315699695,0.007134127616882324,0.00044009685516357424,0.0005376577377319336,0.7003257328990228
520,365.14172172546387,0.6850397298112512,0.005990719795227051,0.0003136873245239258,0.0003491640090942383,0.6449511400651465
525,368.1895706653595,0.7887812137138098,0.007424640655517578,0.00044181346893310545,0.0005603790283203125,0.6449511400651465
530,371.24566769599915,0.8769110616296529,0.010301804542541504,0.0006382942199707031,0.0009169340133666992,0.8371335504885994
535,374.30067682266235,0.8663210272789001,0.009730100631713867,0.0005750894546508789,0.0007906913757324219,0.8175895765472313
540,377.28096175193787,0.5092960186302662,0.005409693717956543,0.00031025409698486327,0.0002991914749145508,0.7850162866449512
545,380.26693201065063,0.9020746424794197,0.007143449783325195,0.0003803253173828125,0.0004778623580932617,0.8208469055374593
550,383.33017086982727,0.7664937246590853,0.008577370643615722,0.0005084514617919922,0.0006793022155761718,0.8078175895765473
555,386.3784987926483,0.3740574184805155,0.0059813976287841795,0.0003734588623046875,0.00039310455322265624,0.7850162866449512
560,389.35648369789124,0.6497005402110517,0.005409693717956543,0.00031025409698486327,0.00029308795928955077,0.758957654723127
565,392.38853573799133,0.8056678652763367,0.010020613670349121,0.0005768060684204102,0.0008133411407470703,0.8013029315960912
570,395.39738392829895,0.6073728138580918,0.008577370643615722,0.0005084514617919922,0.0006782770156860352,0.8306188925081434
575,398.4316518306732,0.5671141941100359,0.008286857604980468,0.000506734848022461,0.0006425380706787109,0.8371335504885994
580,401.46027278900146,0.8869664134457708,0.010020613670349121,0.0005768060684204102,0.0007972002029418945,0.8208469055374593
585,404.45629692077637,0.7945149194449186,0.008577370643615722,0.0005084514617919922,0.0006705045700073243,0.8501628664495114
590,407.47917079925537,0.5851692646741867,0.00914907455444336,0.0005716562271118164,0.0007681369781494141,0.8697068403908795
595,410.5220696926117,0.8258011149708182,0.010592317581176758,0.0006400108337402344,0.0009024143218994141,0.8599348534201955
600,413.4914119243622,0.7774852611124515,0.005990719795227051,0.0003136873245239258,0.0003216028213500977,0.8371335504885994
605,416.46333289146423,0.5993864571675658,0.006562423706054687,0.00037689208984375,0.000423741340637207,0.7915309446254072
610,419.4623167514801,0.6252618636935949,0.007424640655517578,0.00044181346893310545,0.0005459308624267579,0.739413680781759
615,422.48825883865356,0.966674844827503,0.009730100631713867,0.0005750894546508789,0.0007924556732177735,0.7785016286644951
620,425.5076038837433,0.5035129005089403,0.007996344566345214,0.0005050182342529296,0.0006412744522094726,0.7915309446254072
625,428.53510189056396,0.5308900486503262,0.0068436145782470705,0.000438380241394043,0.0005145072937011719,0.7882736156351792
630,431.5578408241272,0.7072719551622868,0.008577370643615722,0.0005084514617919922,0.0006704092025756836,0.8013029315960912
635,434.5113296508789,0.5703575942665339,0.004547476768493652,0.0002453327178955078,0.00019071102142333984,0.7980456026058632
640,437.52365899086,0.5893919324385933,0.008577370643615722,0.0005084514617919922,0.000667119026184082,0.8045602605863192
645,440.55406379699707,0.6233916988538113,0.008577370643615722,0.0005084514617919922,0.0006582736968994141,0.7850162866449512
650,443.5840528011322,0.7432924911379815,0.009730100631713867,0.0005750894546508789,0.0007809877395629882,0.7980456026058632
655,446.58544278144836,0.4672804580652155,0.008286857604980468,0.000506734848022461,0.0006462812423706054,0.8175895765472313
660,449.64636969566345,0.8579577445983887,0.011173343658447266,0.0006434440612792969,0.0009318113327026368,0.7850162866449512
665,452.6435568332672,0.8986684011295438,0.008005666732788085,0.00044524669647216797,0.0005585193634033203,0.8175895765472313
670,455.599889755249,0.38763761533191426,0.005690884590148926,0.00037174224853515626,0.00037262439727783205,0.8371335504885994
675,458.5678195953369,0.6254734553862363,0.006281232833862305,0.00031540393829345705,0.00034618377685546875,0.8501628664495114
680,461.5874357223511,0.6918968298472464,0.009439587593078613,0.0005733728408813477,0.0007748603820800781,0.8631921824104235
685,464.65024876594543,0.6309201393276453,0.010301804542541504,0.0006382942199707031,0.0008862495422363281,0.8306188925081434
690,467.6330077648163,0.5924081212957389,0.007715153694152832,0.0004435300827026367,0.0005373001098632812,0.7752442996742671
695,470.6021947860718,0.7209452563896775,0.005700206756591797,0.00031197071075439453,0.00030601024627685547,0.8436482084690554
700,473.60491275787354,0.6030642828438431,0.008005666732788085,0.00044524669647216797,0.0005609035491943359,0.8371335504885994
705,476.5904748439789,0.42947208750993016,0.007134127616882324,0.00044009685516357424,0.0005101442337036132,0.8436482084690554
710,479.5761909484863,0.3533600346185267,0.0059813976287841795,0.0003734588623046875,0.0003873586654663086,0.8403908794788274
715,482.6348397731781,0.6184222722949926,0.005990719795227051,0.0003136873245239258,0.0003252744674682617,0.8013029315960912
720,485.67552065849304,0.7826575867831707,0.010592317581176758,0.0006400108337402344,0.0009015083312988281,0.8469055374592834
725,488.6834099292755,0.626605149381794,0.007715153694152832,0.0004435300827026367,0.0005337715148925782,0.8045602605863192
730,491.69541668891907,0.44465040968498215,0.00914907455444336,0.0005716562271118164,0.0007568359375,0.7817589576547231
735,494.7430808544159,0.997226034104824,0.010311126708984375,0.0005785226821899414,0.0008162498474121094,0.8566775244299675
740,497.7534818649292,0.6550747934728861,0.009439587593078613,0.0005733728408813477,0.0007714509963989257,0.8697068403908795
745,500.7736346721649,0.5554952293634414,0.00914907455444336,0.0005716562271118164,0.0007585763931274414,0.8436482084690554
750,503.8015568256378,0.6554761343169957,0.009730100631713867,0.0005750894546508789,0.0007730245590209961,0.8143322475570033
755,506.7695999145508,0.7694456018507481,0.004837989807128906,0.0002470493316650391,0.00020351409912109376,0.8110749185667753
760,509.79729676246643,0.5504303324967623,0.007424640655517578,0.00044181346893310545,0.0005304336547851563,0.7947882736156352
765,512.7842388153076,0.5978144436609,0.007715153694152832,0.0004435300827026367,0.0005356311798095703,0.7850162866449512
770,515.8193187713623,0.8753915369510651,0.010592317581176758,0.0006400108337402344,0.0008633136749267578,0.8794788273615635
775,518.7825918197632,0.34929406847804784,0.0059813976287841795,0.0003734588623046875,0.0003910064697265625,0.8697068403908795
780,521.7771708965302,0.6917371839284897,0.007996344566345214,0.0005050182342529296,0.0006246089935302735,0.8501628664495114
785,524.7723388671875,0.44329625386744737,0.007424640655517578,0.00044181346893310545,0.0005296468734741211,0.8729641693811075
790,527.6988368034363,0.5516515890718438,0.004547476768493652,0.0002453327178955078,0.0001953125,0.8469055374592834
795,530.7333738803864,0.5825711004436016,0.009730100631713867,0.0005750894546508789,0.0007740020751953125,0.8241042345276873
800,533.7591207027435,0.6262721414677799,0.009439587593078613,0.0005733728408813477,0.0007746696472167968,0.8143322475570033
805,536.7976016998291,0.6232528700609692,0.007715153694152832,0.0004435300827026367,0.000556778907775879,0.7882736156351792
810,539.8193469047546,0.6186452566704247,0.009439587593078613,0.0005733728408813477,0.0007718086242675781,0.7719869706840391
815,542.8595159053802,0.8216914653108688,0.010020613670349121,0.0005768060684204102,0.0008002996444702148,0.8501628664495114
820,545.843740940094,0.5895566954277456,0.007715153694152832,0.0004435300827026367,0.0005481243133544922,0.8794788273615635
825,548.8354687690735,0.42429072558879855,0.007134127616882324,0.00044009685516357424,0.0005212306976318359,0.8990228013029316
830,551.7886779308319,0.772095550596714,0.00512850284576416,0.00024876594543457033,0.0002106904983520508,0.8110749185667753
835,554.8413698673248,0.6685657024383544,0.011454534530639649,0.0007049322128295898,0.0010226011276245118,0.9250814332247557
840,557.8523647785187,0.5348829388618469,0.009439587593078613,0.0005733728408813477,0.000775146484375,0.7133550488599348
845,560.8408148288727,0.7966901798266918,0.006562423706054687,0.00037689208984375,0.0004311084747314453,0.8013029315960912
850,563.8000237941742,0.7393598614260555,0.005990719795227051,0.0003136873245239258,0.0003594398498535156,0.8729641693811075
855,566.8073406219482,0.6860211256891489,0.008867883682250976,0.0005101680755615235,0.0006705045700073243,0.8110749185667753
860,569.7906937599182,0.4698605116456747,0.005690884590148926,0.00037174224853515626,0.0003676891326904297,0.8566775244299675
865,572.7709827423096,0.5585789500735701,0.006271910667419433,0.00037517547607421873,0.00040094852447509767,0.8794788273615635
870,575.7471349239349,0.6408645318937488,0.007143449783325195,0.0003803253173828125,0.0004440784454345703,0.8762214983713354
875,578.778050661087,0.48542239316739144,0.010592317581176758,0.0006400108337402344,0.0008854389190673829,0.8078175895765473
880,581.7876098155975,0.641457352368161,0.008577370643615722,0.0005084514617919922,0.0006484508514404297,0.8078175895765473
885,584.8081388473511,0.33399491971213136,0.008286857604980468,0.000506734848022461,0.0006263494491577148,0.8631921824104235
890,587.8406858444214,0.8700533479452133,0.010311126708984375,0.0005785226821899414,0.0008187532424926758,0.8957654723127035
895,590.8617537021637,0.8141751624643803,0.009439587593078613,0.0005733728408813477,0.0007724761962890625,0.8469055374592834
900,593.8818669319153,0.42455345056951044,0.00914907455444336,0.0005716562271118164,0.0007491588592529296,0.8566775244299675
905,596.8972947597504,0.7341727181337774,0.008577370643615722,0.0005084514617919922,0.0006595611572265625,0.8599348534201955
910,599.8478536605835,0.5408843608158349,0.005700206756591797,0.00031197071075439453,0.00031037330627441405,0.8371335504885994
915,602.8490498065948,0.5018098039319738,0.007715153694152832,0.0004435300827026367,0.0005409002304077148,0.8013029315960912
920,605.8426938056946,0.5614055669064328,0.007715153694152832,0.0004435300827026367,0.0005427360534667969,0.8306188925081434
925,608.8706209659576,0.42528064856353465,0.00914907455444336,0.0005716562271118164,0.0007978439331054688,0.8697068403908795
930,611.9212608337402,0.48465554384274584,0.007134127616882324,0.00044009685516357424,0.0005190610885620117,0.8762214983713354
935,614.9737505912781,0.26932565961033106,0.007996344566345214,0.0005050182342529296,0.0006436824798583985,0.8827361563517915
940,617.9643819332123,0.3664207358378917,0.006562423706054687,0.00037689208984375,0.00042984485626220705,0.8925081433224755
945,620.9508826732635,0.312429234632873,0.006562423706054687,0.00037689208984375,0.0004231452941894531,0.8859934853420195
950,623.966561794281,0.40970791939180345,0.008577370643615722,0.0005084514617919922,0.0006566524505615234,0.8501628664495114
955,626.9948899745941,0.634064232558012,0.009730100631713867,0.0005750894546508789,0.0007645368576049804,0.8794788273615635
960,629.9990227222443,0.4852676792696002,0.007715153694152832,0.0004435300827026367,0.0005380868911743164,0.8794788273615635
965,633.040314912796,0.42785623972304165,0.010301804542541504,0.0006382942199707031,0.0008826255798339844,0.8664495114006515
970,636.051677942276,0.9966418273746968,0.010020613670349121,0.0005768060684204102,0.0007880210876464843,0.8436482084690554
975,639.0387427806854,0.5066160628500256,0.005409693717956543,0.00031025409698486327,0.0003029584884643555,0.8599348534201955
980,642.0205886363983,0.4578462893899996,0.007424640655517578,0.00044181346893310545,0.0005285739898681641,0.8110749185667753
985,644.9852559566498,0.599137719720602,0.005990719795227051,0.0003136873245239258,0.0003204345703125,0.8436482084690554
990,648.0189969539642,0.5438018192537128,0.010301804542541504,0.0006382942199707031,0.0008887290954589844,0.9087947882736156
995,651.0522198677063,0.5387872276827693,0.010592317581176758,0.0006400108337402344,0.000884246826171875,0.8371335504885994
1000,654.0202949047089,0.918132178549422,0.005990719795227051,0.0003136873245239258,0.0003218650817871094,0.8208469055374593
1005,657.0459067821503,0.5496528021525592,0.006562423706054687,0.00037689208984375,0.00041961669921875,0.8925081433224755
1010,660.0572717189789,0.5296823419630527,0.00915839672088623,0.0005118846893310547,0.0006861448287963867,0.9185667752442996
1015,663.0186870098114,0.3272778438833484,0.004538154602050782,0.00030510425567626954,0.0002507686614990234,0.9120521172638436
1020,665.9955587387085,0.27827149792574346,0.006271910667419433,0.00037517547607421873,0.0004087686538696289,0.9250814332247557
1025,668.9786880016327,0.41234458131948487,0.00829617977142334,0.00044696331024169923,0.0005717992782592774,0.9348534201954397
1030,672.0017149448395,0.6462940558791331,0.009439587593078613,0.0005733728408813477,0.0007758855819702149,0.9087947882736156
1035,675.017285823822,0.19564602166065015,0.009439587593078613,0.0005733728408813477,0.0007803201675415039,0.8566775244299675
1040,678.027557849884,0.8474398263002513,0.008577370643615722,0.0005084514617919922,0.00068511962890625,0.8599348534201955
1045,681.0474739074707,0.5561125122010708,0.00915839672088623,0.0005118846893310547,0.0006964921951293946,0.8599348534201955
1050,684.0748708248138,0.38310832530260086,0.010301804542541504,0.0006382942199707031,0.000891566276550293,0.8762214983713354
1055,687.0987417697906,0.5302823916077614,0.009439587593078613,0.0005733728408813477,0.000773763656616211,0.8925081433224755
1060,690.0878930091858,0.4942036180756986,0.007424640655517578,0.00044181346893310545,0.000534963607788086,0.8990228013029316
1065,693.0566499233246,0.25401828843168917,0.005700206756591797,0.00031197071075439453,0.0003328800201416016,0.8892508143322475
1070,696.2462966442108,0.17387477418269554,0.008577370643615722,0.0005084514617919922,0.0006784915924072266,0.8859934853420195
1075,699.3122539520264,0.6009500778920482,0.008867883682250976,0.0005101680755615235,0.0006688833236694336,0.9153094462540716
1080,702.302619934082,0.47412003881763665,0.007996344566345214,0.0005050182342529296,0.0006171464920043945,0.8794788273615635
1085,705.2888026237488,0.3045632741348527,0.0059813976287841795,0.0003734588623046875,0.0003899812698364258,0.7817589576547231
1090,708.2928369045258,0.3673092972529048,0.008286857604980468,0.000506734848022461,0.0006261825561523438,0.8175895765472313
1095,711.2831828594208,0.8414493256714195,0.006562423706054687,0.00037689208984375,0.0004245996475219727,0.8990228013029316
1100,714.2599587440491,0.6430113193731813,0.006562423706054687,0.00037689208984375,0.00042791366577148436,0.6775244299674267
1105,717.2687978744507,0.6630857814103365,0.008577370643615722,0.0005084514617919922,0.0006751775741577149,0.8827361563517915
1110,720.2888197898865,0.6479932636022625,0.009730100631713867,0.0005750894546508789,0.0007804393768310547,0.8762214983713354
1115,723.2965688705444,0.35283645836170763,0.007424640655517578,0.00044181346893310545,0.0005458593368530273,0.8762214983713354
1120,726.3534829616547,0.4947329801187152,0.011745047569274903,0.0007066488265991211,0.0010006189346313476,0.8469055374592834
1125,729.3522617816925,0.4314739684887172,0.008867883682250976,0.0005101680755615235,0.0006723165512084961,0.8306188925081434
1130,732.346275806427,0.40980347775002884,0.006271910667419433,0.00037517547607421873,0.0004251718521118164,0.8925081433224755
1135,735.3190326690674,0.45125688750995324,0.006852936744689941,0.00037860870361328125,0.00045108795166015625,0.9022801302931596
1140,738.3001070022583,0.6529171078756917,0.007715153694152832,0.0004435300827026367,0.0005458831787109375,0.8729641693811075
1145,741.3246028423309,0.45384677555412056,0.009439587593078613,0.0005733728408813477,0.0007709264755249023,0.6644951140065146
1150,744.343080997467,0.45480890199542046,0.009439587593078613,0.0005733728408813477,0.0007662534713745117,0.6677524429967426
1155,747.3213739395142,0.6680026568617905,0.005700206756591797,0.00031197071075439453,0.0003058910369873047,0.7719869706840391
1160,750.3158068656921,0.7284862916916609,0.008005666732788085,0.00044524669647216797,0.0005523204803466797,0.9315960912052117
1165,753.3168697357178,0.4758708423818462,0.008867883682250976,0.0005101680755615235,0.0006625175476074219,0.9022801302931596
1170,756.2729148864746,0.32209032411774385,0.0048286676406860355,0.0003068208694458008,0.0002649784088134766,0.9055374592833876
1175,759.2443468570709,0.15764039546484127,0.0059813976287841795,0.0003734588623046875,0.0003862142562866211,0.9218241042345277
1180,762.2450985908508,0.6016116738319397,0.00829617977142334,0.00044696331024169923,0.0005761384963989258,0.9348534201954397
1185,765.2813467979431,0.4833772539626807,0.009730100631713867,0.0005750894546508789,0.0007744312286376953,0.9055374592833876
1190,768.2845637798309,0.36892598727717996,0.00914907455444336,0.0005716562271118164,0.0007403135299682617,0.9087947882736156
1195,771.2889268398285,0.8215717293438501,0.008867883682250976,0.0005101680755615235,0.0006553411483764648,0.9087947882736156
1200,774.2843630313873,0.3781238369643688,0.007715153694152832,0.0004435300827026367,0.0005373001098632812,0.9446254071661238
1205,777.3297147750854,0.42217745799571277,0.011454534530639649,0.0007049322128295898,0.0010059833526611327,0.9381107491856677
1210,780.3519358634949,0.42879666574299335,0.009439587593078613,0.0005733728408813477,0.0007590770721435547,0.8957654723127035
1215,783.3632535934448,0.9077300519915298,0.006852936744689941,0.00037860870361328125,0.00044052600860595704,0.9120521172638436
1220,786.3132448196411,0.29820108594103656,0.005700206756591797,0.00031197071075439453,0.00030629634857177735,0.8957654723127035
1225,789.3107697963715,0.25951826734453787,0.008286857604980468,0.000506734848022461,0.0006382465362548828,0.9120521172638436
1230,792.3180158138275,0.5999903036281466,0.008867883682250976,0.0005101680755615235,0.000669550895690918,0.9315960912052117
1235,795.3934488296509,0.22801022022031248,0.008858561515808105,0.0005699396133422852,0.0007415771484375,0.9446254071661238
1240,798.3626408576965,0.5864647885086015,0.007134127616882324,0.00044009685516357424,0.0005103111267089844,0.8534201954397395
1245,801.3310558795929,0.3113257340504788,0.006271910667419433,0.00037517547607421873,0.00040485858917236326,0.8534201954397395
1250,804.3100507259369,0.16269895331934095,0.006562423706054687,0.00037689208984375,0.0004330158233642578,0.8762214983713354
1255,807.3037309646606,0.5812811416580643,0.007715153694152832,0.0004435300827026367,0.000540924072265625,0.9087947882736156
1260,810.3140406608582,0.6507629680487298,0.008577370643615722,0.0005084514617919922,0.0006672143936157227,0.9055374592833876
1265,813.3517677783966,0.3865883305668831,0.009730100631713867,0.0005750894546508789,0.0007897377014160156,0.9185667752442996
1270,816.378408908844,0.1422704254875498,0.008286857604980468,0.000506734848022461,0.00065155029296875,0.8925081433224755
1275,819.3997838497162,0.40523409864035786,0.010882830619812012,0.0006417274475097656,0.0009127378463745118,0.8892508143322475
1280,822.4455318450928,0.7261812557699159,0.008005666732788085,0.00044524669647216797,0.0005486011505126953,0.8827361563517915
1285,825.4914948940277,0.5341266841649486,0.007134127616882324,0.00044009685516357424,0.0005400180816650391,0.9283387622149837
1290,828.5324597358704,0.41809799600159747,0.005990719795227051,0.0003136873245239258,0.00034120082855224607,0.9413680781758957
1295,831.5774438381195,0.33694251004199033,0.007424640655517578,0.00044181346893310545,0.0005592107772827148,0.9185667752442996
1300,834.6847267150879,0.3436915835365653,0.010301804542541504,0.0006382942199707031,0.0009125471115112305,0.8631921824104235
1305,837.7664318084717,0.4887627667747438,0.009730100631713867,0.0005750894546508789,0.0007941007614135742,0.8013029315960912
1310,840.776282787323,0.5537568866988295,0.005409693717956543,0.00031025409698486327,0.00030286312103271483,0.9283387622149837
1315,843.7537937164307,0.30581267387606204,0.007143449783325195,0.0003803253173828125,0.00044786930084228516,0.9674267100977199
1320,846.790365934372,0.4740921278949827,0.008577370643615722,0.0005084514617919922,0.0006751298904418945,0.9609120521172638
1325,849.7566180229187,0.26082104427041486,0.0059813976287841795,0.0003734588623046875,0.00037894248962402346,0.9446254071661238
1330,852.7063076496124,0.19690405662513513,0.005409693717956543,0.00031025409698486327,0.0002989053726196289,0.9250814332247557
1335,855.7147116661072,0.4028530530631542,0.010020613670349121,0.0005768060684204102,0.0007968664169311524,0.9348534201954397
1340,858.71963763237,0.3796997181700149,0.008577370643615722,0.0005084514617919922,0.0006569385528564453,0.9250814332247557
1345,861.7265808582306,0.3810659018257866,0.008286857604980468,0.000506734848022461,0.0006339550018310547,0.9087947882736156
1350,864.7408258914948,0.6724133018407656,0.010020613670349121,0.0005768060684204102,0.0007767677307128906,0.9315960912052117
1355,867.733571767807,0.8651812698692083,0.008577370643615722,0.0005084514617919922,0.0006497383117675781,0.9120521172638436
1360,870.7600657939911,0.4791013517882675,0.00914907455444336,0.0005716562271118164,0.0007406234741210938,0.7166123778501629
1365,873.8100926876068,0.24739428851753473,0.010592317581176758,0.0006400108337402344,0.0008894920349121094,0.745928338762215
1370,876.7761447429657,1.0619583662599326,0.005990719795227051,0.0003136873245239258,0.0003183841705322266,0.9055374592833876
1375,879.780036687851,0.24729988344988812,0.006562423706054687,0.00037689208984375,0.00041239261627197267,0.8241042345276873
1380,882.7505507469177,0.2555699173281596,0.007424640655517578,0.00044181346893310545,0.0005244255065917969,0.8110749185667753
1385,885.7800498008728,0.7541953610605561,0.009730100631713867,0.0005750894546508789,0.0007796525955200195,0.9153094462540716
1390,888.7972137928009,0.6143042624316877,0.007996344566345214,0.0005050182342529296,0.0006621599197387696,0.9478827361563518
1395,891.8379447460175,0.34657949208049105,0.0068436145782470705,0.000438380241394043,0.0005042552947998047,0.9381107491856677
1400,894.9146676063538,0.32807225864380596,0.008577370643615722,0.0005084514617919922,0.0006908416748046875,0.9153094462540716
1405,897.9292578697205,0.34161608163267376,0.004547476768493652,0.0002453327178955078,0.00019016265869140626,0.9153094462540716
1410,900.9813907146454,0.3421867903438397,0.008577370643615722,0.0005084514617919922,0.00067138671875,0.9348534201954397
1415,904.0185506343842,0.3014553725744918,0.008577370643615722,0.0005084514617919922,0.0006721019744873047,0.9185667752442996
1420,907.151695728302,0.38072441216208974,0.009730100631713867,0.0005750894546508789,0.0007812023162841797,0.9185667752442996
1425,910.1503307819366,0.3189426322467625,0.008286857604980468,0.000506734848022461,0.0006364107131958008,0.9120521172638436
1430,913.1838507652283,0.4094153992831707,0.011173343658447266,0.0006434440612792969,0.000919795036315918,0.9087947882736156
1435,916.1833488941193,0.4442207952030003,0.008005666732788085,0.00044524669647216797,0.0005501031875610352,0.9087947882736156
1440,919.1471438407898,0.36305865945760163,0.005690884590148926,0.00037174224853515626,0.00037696361541748045,0.9218241042345277
1445,922.139622926712,0.42975740867404966,0.006281232833862305,0.00031540393829345705,0.00033435821533203127,0.9218241042345277
1450,925.1509346961975,0.2659804711336619,0.009439587593078613,0.0005733728408813477,0.0007619857788085938,0.9283387622149837
1455,928.1677267551422,0.21696228780638194,0.010301804542541504,0.0006382942199707031,0.0008655071258544921,0.8729641693811075
1460,931.1650598049164,0.42497860479561494,0.007715153694152832,0.0004435300827026367,0.000545668601989746,0.8045602605863192
1465,934.1346037387848,0.8958389975168757,0.005700206756591797,0.00031197071075439453,0.0003029584884643555,0.8859934853420195
1470,937.1279199123383,0.3850520122796297,0.008005666732788085,0.00044524669647216797,0.0005531787872314453,0.9348534201954397
1475,940.0990517139435,0.20726529222156387,0.007134127616882324,0.00044009685516357424,0.000529336929321289,0.8143322475570033
1480,943.056768655777,0.3552697111168527,0.0059813976287841795,0.0003734588623046875,0.00040688514709472654,0.8045602605863192
1485,946.0076978206635,0.7799871071631059,0.005990719795227051,0.0003136873245239258,0.0003214120864868164,0.8827361563517915
1490,949.0136849880219,0.37966134521266215,0.010592317581176758,0.0006400108337402344,0.0008964300155639649,0.9478827361563518
1495,952.0145118236542,0.35362186426355036,0.007715153694152832,0.0004435300827026367,0.0005423545837402344,0.8957654723127035
1500,955.0694317817688,0.13963638533496123,0.00914907455444336,0.0005716562271118164,0.0007405281066894531,0.8762214983713354
1505,958.0944907665253,0.26590957152657213,0.010311126708984375,0.0005785226821899414,0.0008053302764892579,0.9120521172638436
1510,961.118020772934,0.3190385498688556,0.009439587593078613,0.0005733728408813477,0.0007628440856933594,0.9315960912052117
1515,964.1209049224854,0.17798822443000972,0.00914907455444336,0.0005716562271118164,0.000746774673461914,0.8762214983713354
1520,967.1889808177948,0.37138673700828806,0.009730100631713867,0.0005750894546508789,0.0007858037948608399,0.9185667752442996
1525,970.2059857845306,0.5999703370267525,0.004837989807128906,0.0002470493316650391,0.00021417140960693358,0.9478827361563518
1530,973.243558883667,0.20206652046181262,0.007424640655517578,0.00044181346893310545,0.0005674600601196289,0.9511400651465798
1535,976.2530128955841,0.43342497043104233,0.007715153694152832,0.0004435300827026367,0.0005426406860351562,0.9381107491856677
1540,979.2789237499237,0.4847169493325055,0.010592317581176758,0.0006400108337402344,0.0008805274963378906,0.9283387622149837