#{"solver": {"engine": {"type": "ExactEngine"}, "semiring": "GraphSemiring"}, "networks": [{"name": "perc_net_version_1_NeSy_0", "module": "AD_V1_NeSy_0_net(\n  (image_features): Sequential(\n    (0): Conv2d(3, 6, kernel_size=(5, 5), stride=(1, 1))\n    (1): ReLU()\n    (2): MaxPool2d(kernel_size=2, stride=2, padding=0, dilation=1, ceil_mode=False)\n    (3): Conv2d(6, 16, kernel_size=(5, 5), stride=(1, 1))\n    (4): ReLU()\n    (5): MaxPool2d(kernel_size=2, stride=2, padding=0, dilation=1, ceil_mode=False)\n    (6): Flatten(start_dim=0, end_dim=2)\n    (7): Linear(in_features=400, out_features=120, bias=True)\n    (8): ReLU()\n    (9): Linear(in_features=120, out_features=84, bias=True)\n    (10): ReLU()\n    (11): Linear(in_features=84, out_features=16, bias=True)\n    (12): ReLU()\n  )\n  (numeric_features): Sequential(\n    (0): Linear(in_features=2, out_features=8, bias=True)\n    (1): ReLU()\n    (2): Linear(in_features=8, out_features=8, bias=True)\n    (3): ReLU()\n  )\n  (combined_features): Sequential(\n    (0): Linear(in_features=24, out_features=16, bias=True)\n    (1): ReLU()\n    (2): Linear(in_features=16, out_features=2, bias=True)\n    (3): Softmax(dim=-1)\n  )\n)", "optimizer": "Adam (\nParameter Group 0\n    amsgrad: False\n    betas: (0.9, 0.999)\n    capturable: False\n    differentiable: False\n    eps: 1e-08\n    foreach: None\n    fused: None\n    lr: 0.001\n    maximize: False\n    weight_decay: 0\n)", "k": null}], "program": "coord(X) :- X=0.0; X=1.0; X=2.0; X=3.0.\ncoord(Y) :- Y=0.0; Y=1.0; Y=2.0.\nadmissible_cells(X,Y) :- coord(X), coord(Y).\nnn(perc_net_version_1_NeSy_0,[Img, X, Y],Z,[human, nothing])::cell(Img,X,Y,Z).\nattention_boundary(X,Y) :- X==1.0, Y==0.0.\nenlarged_boundary(X,Y) :- X==1.0, Y==1.0.\nenlarged_boundary(X,Y) :- X==2, 0, Y==0.0.\nenlarged_boundary(X,Y) :- X==2.0, Y==1.0.\nout_of_view(X,Y) :- X==0.0; X==3.0; Y==2.0.\naction(Img,1) :- admissible_cells(X,Y), attention_boundary(X,Y), cell(Img,X,Y,human).\naction(Img,2) :- admissible_cells(X,Y), enlarged_boundary(X,Y), cell(Img,X,Y,human), \\+action(Img,1).\naction(Img,0) :- admissible_cells(X,Y), out_of_view(X,Y), \\+action(Img,2), \\+action(Img,1).\n"}
#Accuracy 0.9869281045751634
i,time,loss,ground_time,compile_time,eval_time,accuracy
5,0.07416963577270508,1.1692363739013671,0.005116558074951172,0.00022928714752197267,0.00023653507232666016,0.3366013071895425
10,1.3424317836761475,1.5885743021965026,0.007041168212890625,0.0003012418746948242,0.0002529382705688477,0.3366013071895425
15,2.643136978149414,1.1278441429138184,0.005549716949462891,0.0002684831619262695,0.00034399032592773436,0.3366013071895425
20,3.8701648712158203,1.183529156446457,0.005950736999511719,0.00027546882629394533,0.0002367258071899414,0.32189542483660133
25,5.09858775138855,1.1354310274124146,0.006351757049560547,0.0002824544906616211,0.00024805068969726565,0.3415032679738562
30,6.308586835861206,1.1604838907718658,0.006175994873046875,0.0002658367156982422,0.00021367073059082032,0.3415032679738562
35,7.522058963775635,1.1555204749107362,0.005774974822998047,0.0002588510513305664,0.0002109050750732422,0.3415032679738562
40,8.715451717376709,1.116189169883728,0.00526132583618164,0.00025668144226074217,0.00020794868469238282,0.32189542483660133
45,9.930583000183105,1.1165882766246795,0.006239128112792969,0.0002872705459594727,0.0002655029296875,0.3366013071895425
50,11.11721682548523,1.131974959373474,0.006239128112792969,0.0002872705459594727,0.0002521514892578125,0.3366013071895425
55,12.28348183631897,1.0483200252056122,0.004972934722900391,0.0002448797225952148,0.00018718242645263672,0.3366013071895425
60,13.46053695678711,1.1251884996891022,0.005950736999511719,0.00027546882629394533,0.00024404525756835938,0.3366013071895425
65,14.633827924728394,1.1016563773155212,0.005662345886230468,0.000263667106628418,0.00020227432250976562,0.32189542483660133
70,15.816174745559692,1.1409706830978394,0.007041168212890625,0.0003012418746948242,0.0002486944198608398,0.3333333333333333
75,16.979918003082275,1.1682809948921205,0.004684543609619141,0.0002330780029296875,0.00017266273498535157,0.3415032679738562
80,18.15976905822754,1.1403411626815796,0.0060633659362792965,0.00027065277099609376,0.00021185874938964844,0.32189542483660133
85,19.333298921585083,1.1007118105888367,0.004972934722900391,0.0002448797225952148,0.00020461082458496095,0.32189542483660133
90,20.5173659324646,1.1378549218177796,0.006640148162841797,0.00029425621032714845,0.0002407073974609375,0.32189542483660133
95,21.686341762542725,1.028252947330475,0.0045719146728515625,0.00023789405822753905,0.00019021034240722655,0.3300653594771242
100,22.87022304534912,1.2532090842723846,0.007153797149658203,0.00029642581939697265,0.0002415180206298828,0.32189542483660133
105,24.079603910446167,1.0328029334545135,0.004170894622802734,0.00023090839385986328,0.000251007080078125,0.32189542483660133
110,25.304746866226196,1.1940997540950775,0.0077305793762207035,0.00032002925872802733,0.00027680397033691406,0.32189542483660133
115,26.5601646900177,1.0944210469722748,0.006752777099609375,0.0002894401550292969,0.0002525091171264648,0.3415032679738562
120,27.738404035568237,1.1041389495134353,0.007442188262939453,0.0003082275390625,0.00024178028106689454,0.3415032679738562
125,28.90705394744873,1.2725913494825363,0.006464385986328125,0.00027763843536376953,0.000223541259765625,0.3415032679738562
130,30.077028036117554,1.186403638124466,0.004972934722900391,0.0002448797225952148,0.0002004384994506836,0.32189542483660133
135,31.256398916244507,1.083821702003479,0.005950736999511719,0.00027546882629394533,0.00024013519287109376,0.3366013071895425
140,32.436434745788574,1.2130920469760895,0.0060633659362792965,0.00027065277099609376,0.0002329111099243164,0.3366013071895425
145,33.60915398597717,1.238632732629776,0.006928539276123047,0.0003060579299926758,0.0002465248107910156,0.3366013071895425
150,34.77524280548096,1.0423867166042329,0.004972934722900391,0.0002448797225952148,0.00019481182098388672,0.3366013071895425
155,35.95486783981323,1.2461039900779725,0.007329559326171875,0.00031304359436035156,0.0002649784088134766,0.3366013071895425
160,37.132834911346436,1.1564790904521942,0.007329559326171875,0.00031304359436035156,0.00026574134826660154,0.32189542483660133
165,38.37398076057434,1.0552533745765686,0.007041168212890625,0.0003012418746948242,0.0002501249313354492,0.3415032679738562
170,39.5417640209198,0.8724354445934296,0.007843208312988282,0.00031521320343017576,0.00025682449340820314,0.3415032679738562
175,40.71997785568237,1.3643293410539628,0.006351757049560547,0.0002824544906616211,0.00021486282348632814,0.3415032679738562
180,41.89218091964722,0.9628962814807892,0.007153797149658203,0.00029642581939697265,0.0002279996871948242,0.3415032679738562
185,43.07571887969971,1.1814473450183869,0.005950736999511719,0.00027546882629394533,0.00023243427276611328,0.32189542483660133
190,44.252219676971436,1.0987531542778015,0.005373954772949219,0.00025186538696289065,0.00019619464874267578,0.32189542483660133
195,45.4382848739624,1.1799017667770386,0.007041168212890625,0.0003012418746948242,0.00025217533111572267,0.3284313725490196
200,46.619446992874146,1.1299136400222778,0.006640148162841797,0.00029425621032714845,0.00024347305297851564,0.32189542483660133
205,47.84008288383484,1.100190269947052,0.006239128112792969,0.0002872705459594727,0.00024836063385009767,0.32189542483660133
210,49.00763487815857,1.1112712979316712,0.005662345886230468,0.000263667106628418,0.00020351409912109376,0.32189542483660133
215,50.17861294746399,1.10262850522995,0.006752777099609375,0.0002894401550292969,0.00022630691528320314,0.42483660130718953
220,51.36051392555237,1.1001455187797546,0.005549716949462891,0.0002684831619262695,0.00023567676544189453,0.34477124183006536
225,52.54093790054321,1.0996537804603577,0.00526132583618164,0.00025668144226074217,0.0002117156982421875,0.32189542483660133
230,53.71926689147949,1.064676195383072,0.005148696899414063,0.00026149749755859374,0.00023815631866455078,0.33986928104575165
235,54.89462494850159,1.1083923041820527,0.006239128112792969,0.0002872705459594727,0.00023829936981201172,0.3366013071895425
240,56.08060884475708,1.0566638469696046,0.004972934722900391,0.0002448797225952148,0.0001966238021850586,0.3366013071895425
245,57.25915884971619,1.0501768290996552,0.004972934722900391,0.0002448797225952148,0.0002089262008666992,0.3366013071895425
250,58.414543867111206,1.170118522644043,0.005774974822998047,0.0002588510513305664,0.00020434856414794922,0.3366013071895425
255,59.60052299499512,1.3000903010368348,0.007442188262939453,0.0003082275390625,0.0002475261688232422,0.3366013071895425
260,60.78667068481445,1.0183538556098939,0.004860305786132812,0.0002496957778930664,0.00021939277648925782,0.32189542483660133
265,61.96547770500183,1.0693948030471803,0.00526132583618164,0.00025668144226074217,0.00021007061004638672,0.32189542483660133
270,63.147784948349,1.0312529683113099,0.0045719146728515625,0.00023789405822753905,0.00020897388458251953,0.3366013071895425
275,64.32973575592041,1.2106178820133209,0.006752777099609375,0.0002894401550292969,0.00021903514862060548,0.3366013071895425
280,65.49819087982178,1.0579952239990233,0.00526132583618164,0.00025668144226074217,0.00020604133605957032,0.3366013071895425
285,66.70128774642944,1.0642823219299316,0.005549716949462891,0.0002684831619262695,0.0002067089080810547,0.3366013071895425
290,67.85662984848022,1.1001034080982208,0.005662345886230468,0.000263667106628418,0.00019772052764892577,0.3366013071895425
295,69.0179808139801,1.1899378418922424,0.006752777099609375,0.0002894401550292969,0.00021665096282958985,0.32189542483660133
300,70.16394281387329,1.0686267495155335,0.003995132446289062,0.00021429061889648436,0.0001556873321533203,0.32189542483660133
305,71.32292294502258,1.0654851853847505,0.005549716949462891,0.0002684831619262695,0.00021653175354003907,0.3366013071895425
310,72.48589205741882,1.1886634230613708,0.007041168212890625,0.0003012418746948242,0.0002453088760375977,0.33169934640522875
315,73.65977072715759,1.0954900324344634,0.005950736999511719,0.00027546882629394533,0.00021889209747314454,0.32189542483660133
320,74.80997276306152,1.1177848339080811,0.006351757049560547,0.0002824544906616211,0.0002216339111328125,0.380718954248366
325,75.97008395195007,1.0950497746467591,0.005950736999511719,0.00027546882629394533,0.00022349357604980468,0.3611111111111111
330,77.1290328502655,1.0980705976486207,0.005549716949462891,0.0002684831619262695,0.0002178192138671875,0.42320261437908496
335,78.27800965309143,1.1248255968093872,0.006175994873046875,0.0002658367156982422,0.0001784801483154297,0.3888888888888889
340,79.43166780471802,1.08661949634552,0.006865406036376953,0.0002846240997314453,0.00020034313201904296,0.3415032679738562
345,80.58370566368103,1.1394340753555299,0.004972934722900391,0.0002448797225952148,0.00018315315246582032,0.36437908496732024
350,81.74083876609802,1.0706825852394104,0.006126499176025391,0.0002920866012573242,0.00024251937866210939,0.32189542483660133
355,82.8972327709198,1.0624368786811829,0.005549716949462891,0.0002684831619262695,0.0002089977264404297,0.32189542483660133
360,84.05220770835876,1.0811558067798615,0.005662345886230468,0.000263667106628418,0.00021522045135498048,0.4215686274509804
365,85.25672578811646,1.132806020975113,0.006351757049560547,0.0002824544906616211,0.00021870136260986327,0.39052287581699346
370,86.40558385848999,1.0490813434123993,0.004972934722900391,0.0002448797225952148,0.0001791238784790039,0.33986928104575165
375,87.56795883178711,1.1325962364673614,0.006640148162841797,0.00029425621032714845,0.00022039413452148437,0.3741830065359477
380,88.71354985237122,1.1103766918182374,0.0060633659362792965,0.00027065277099609376,0.00019700527191162108,0.32189542483660133
385,89.86720204353333,1.1120929956436156,0.005486583709716797,0.0002470493316650391,0.0001616239547729492,0.32189542483660133
390,91.02588891983032,1.0654650568962096,0.004860305786132812,0.0002496957778930664,0.00021314620971679688,0.32189542483660133
395,92.18371772766113,1.0969542384147644,0.006752777099609375,0.0002894401550292969,0.00023097991943359374,0.32189542483660133
400,93.33383274078369,1.0494968175888062,0.004860305786132812,0.0002496957778930664,0.00019078254699707032,0.3627450980392157
405,94.4867787361145,1.119994306564331,0.007442188262939453,0.0003082275390625,0.0002388477325439453,0.3741830065359477
410,95.64692187309265,1.0235012769699097,0.004170894622802734,0.00023090839385986328,0.0001867532730102539,0.46895424836601307
415,96.80852699279785,1.11765558719635,0.006752777099609375,0.0002894401550292969,0.00021407604217529296,0.6078431372549019
420,97.96786570549011,1.0395219206809998,0.006351757049560547,0.0002824544906616211,0.00021016597747802734,0.5375816993464052
425,99.13477492332458,0.889267361164093,0.00853261947631836,0.00033400058746337893,0.00025517940521240233,0.3415032679738562
430,100.28194975852966,1.275737389922142,0.005373954772949219,0.00025186538696289065,0.00018122196197509766,0.3415032679738562
435,101.44276285171509,0.9362779885530472,0.006351757049560547,0.0002824544906616211,0.00021204948425292968,0.39705882352941174
440,102.60993885993958,1.0014917492866515,0.00526132583618164,0.00025668144226074217,0.00020229816436767578,0.6078431372549019
445,103.80741596221924,0.9032495677471161,0.005373954772949219,0.00025186538696289065,0.00019049644470214844,0.4852941176470588
450,104.96675872802734,0.9851692140102386,0.007329559326171875,0.00031304359436035156,0.0002472162246704102,0.6356209150326797
455,106.12174367904663,0.8788267940282821,0.00526132583618164,0.00025668144226074217,0.00020380020141601561,0.7516339869281046
460,107.27261781692505,0.7754603505134583,0.006640148162841797,0.00029425621032714845,0.0002499818801879883,0.7009803921568627
465,108.43507599830627,0.7011772245168686,0.0077305793762207035,0.00032002925872802733,0.0002512216567993164,0.6552287581699346
470,109.58772873878479,0.6805581867694854,0.007041168212890625,0.0003012418746948242,0.0002560138702392578,0.6143790849673203
475,110.75643491744995,0.39788136510178446,0.008131599426269532,0.0003270149230957031,0.00025916099548339844,0.6111111111111112
480,111.91615080833435,0.4528123863507062,0.006464385986328125,0.00027763843536376953,0.00020205974578857422,0.6830065359477124
485,113.08028984069824,0.5686959490180016,0.007041168212890625,0.0003012418746948242,0.0002321004867553711,0.5800653594771242
490,114.23924779891968,0.5164834992028773,0.005662345886230468,0.000263667106628418,0.00019588470458984376,0.5751633986928104
495,115.40019607543945,1.2930543102324008,0.0060633659362792965,0.00027065277099609376,0.00020017623901367188,0.6797385620915033
500,116.5567569732666,0.8008991170674562,0.006351757049560547,0.0002824544906616211,0.0002038717269897461,0.6323529411764706
505,117.71931171417236,0.8645458348095417,0.006928539276123047,0.0003060579299926758,0.0002378225326538086,0.6944444444444444
510,118.87397193908691,0.6195093639194965,0.006640148162841797,0.00029425621032714845,0.0002330780029296875,0.6944444444444444
515,120.02529287338257,0.76229782178998,0.004972934722900391,0.0002448797225952148,0.00017910003662109376,0.6094771241830066
520,121.18694972991943,0.6564990874379873,0.006752777099609375,0.0002894401550292969,0.0002369403839111328,0.6094771241830066
525,122.38613176345825,0.7696852140128613,0.005950736999511719,0.00027546882629394533,0.00021288394927978515,0.6830065359477124
530,123.54286980628967,0.7656322326511145,0.005549716949462891,0.0002684831619262695,0.00020837783813476562,0.6928104575163399
535,124.7012767791748,0.9718488872051239,0.004459285736083984,0.00024271011352539062,0.00020072460174560546,0.6699346405228758
540,125.8642828464508,0.8445563465356827,0.006640148162841797,0.00029425621032714845,0.00023906230926513673,0.6944444444444444
545,127.02122902870178,0.7460552021861077,0.005549716949462891,0.0002684831619262695,0.00020403861999511718,0.7009803921568627
550,128.1721110343933,0.7536071240901947,0.004283523559570313,0.0002260923385620117,0.00018432140350341797,0.7075163398692811
555,129.34435391426086,0.38592101810500024,0.005774974822998047,0.0002588510513305664,0.00020084381103515624,0.6797385620915033
560,130.5100417137146,0.364378311438486,0.007843208312988282,0.00031521320343017576,0.0002351999282836914,0.6715686274509803
565,131.66681170463562,0.5311328127980233,0.0045719146728515625,0.00023789405822753905,0.00020263195037841796,0.6928104575163399
570,132.83050680160522,0.8249967881303746,0.0058381080627441405,0.00028028488159179685,0.00022554397583007812,0.6911764705882353
575,133.98352670669556,0.6845160126686096,0.0038825035095214843,0.00021910667419433594,0.00016968250274658204,0.6911764705882353
580,135.13552403450012,0.6514342410489917,0.0060633659362792965,0.00027065277099609376,0.00019397735595703126,0.7189542483660131
585,136.29702973365784,0.6699577111750841,0.005662345886230468,0.000263667106628418,0.00021045207977294923,0.673202614379085
590,137.46152687072754,0.6998401324730367,0.005950736999511719,0.00027546882629394533,0.00021872520446777343,0.6797385620915033
595,138.62319779396057,0.6681437465129421,0.00526132583618164,0.00025668144226074217,0.00020673274993896485,0.7336601307189542
600,139.79063963890076,0.4385825961828232,0.007442188262939453,0.0003082275390625,0.000231170654296875,0.7173202614379085
605,140.98043584823608,0.5482310622930526,0.003594112396240234,0.0002073049545288086,0.00015494823455810546,0.7091503267973857
610,142.12867093086243,0.5122115861508064,0.005662345886230468,0.000263667106628418,0.0001981496810913086,0.6993464052287581
615,143.29556703567505,0.6748562740132911,0.007329559326171875,0.00031304359436035156,0.0002596855163574219,0.6895424836601307
620,144.44935488700867,0.5565835290210088,0.005662345886230468,0.000263667106628418,0.0002071857452392578,0.6813725490196079
625,145.66711497306824,0.7903954371460713,0.006640148162841797,0.00029425621032714845,0.0002414226531982422,0.704248366013072
630,146.85085368156433,0.6230818346142769,0.005950736999511719,0.00027546882629394533,0.00022125244140625,0.7222222222222222
635,148.00910592079163,0.8170647403225303,0.0058381080627441405,0.00028028488159179685,0.00023596286773681642,0.7401960784313726
640,149.1588327884674,0.1997248453553766,0.006175994873046875,0.0002658367156982422,0.0001784801483154297,0.6830065359477124
645,150.3150749206543,0.27179659633548,0.006175994873046875,0.0002658367156982422,0.0001873016357421875,0.6862745098039216
650,151.46122002601624,0.5362415968964342,0.005373954772949219,0.00025186538696289065,0.00018472671508789061,0.7156862745098039
655,152.63617587089539,1.00571551322937,0.0058381080627441405,0.00028028488159179685,0.00022313594818115234,0.7287581699346405
660,153.80214595794678,0.7605863980483264,0.0058381080627441405,0.00028028488159179685,0.0002239704132080078,0.7107843137254902
665,154.96438789367676,0.40767136646900326,0.005662345886230468,0.000263667106628418,0.00019698143005371095,0.6160130718954249
670,156.12589192390442,0.42447223474737256,0.005662345886230468,0.000263667106628418,0.0001939535140991211,0.5620915032679739
675,157.28395080566406,0.4620656996965408,0.004972934722900391,0.0002448797225952148,0.00019919872283935547,0.5669934640522876
680,158.45105290412903,0.9407857277314179,0.006640148162841797,0.00029425621032714845,0.00023696422576904296,0.7009803921568627
685,159.65067172050476,0.619521287086718,0.006351757049560547,0.0002824544906616211,0.00021178722381591796,0.7271241830065359
690,160.79004096984863,0.22901765973657007,0.005486583709716797,0.0002470493316650391,0.00019359588623046875,0.6928104575163399
695,161.94592571258545,0.5719176393002272,0.004972934722900391,0.0002448797225952148,0.00018725395202636718,0.7173202614379085
700,163.10405087471008,0.5665604359565805,0.006640148162841797,0.00029425621032714845,0.00022699832916259766,0.7075163398692811
705,164.25083184242249,0.6794407189823687,0.00526132583618164,0.00025668144226074217,0.0001985311508178711,0.7124183006535948
710,165.41013884544373,0.4578798010017408,0.006351757049560547,0.0002824544906616211,0.00020401477813720704,0.7287581699346405
715,166.55963373184204,0.6397748652436348,0.00526132583618164,0.00025668144226074217,0.00019028186798095704,0.7434640522875817
720,167.70947670936584,0.37167538949288426,0.0060633659362792965,0.00027065277099609376,0.0002004384994506836,0.7254901960784313
725,168.87090682983398,0.42575523591367526,0.007041168212890625,0.0003012418746948242,0.00022993087768554687,0.7271241830065359
730,170.02777290344238,0.3680357355353408,0.007442188262939453,0.0003082275390625,0.00022788047790527343,0.7679738562091504
735,171.18910193443298,0.3867996243512607,0.005774974822998047,0.0002588510513305664,0.00018153190612792968,0.7549019607843137
740,172.36048984527588,0.43558019514744045,0.007329559326171875,0.00031304359436035156,0.00023846626281738282,0.7091503267973857
745,173.5196669101715,0.362671634927392,0.004972934722900391,0.0002448797225952148,0.00017981529235839845,0.704248366013072
750,174.67127084732056,0.43383906171798114,0.004972934722900391,0.0002448797225952148,0.00017843246459960937,0.7058823529411765
755,175.82877469062805,0.5420895342257381,0.006640148162841797,0.00029425621032714845,0.0002535581588745117,0.7075163398692811
760,176.98638367652893,0.6464999722319135,0.005950736999511719,0.00027546882629394533,0.00021545886993408204,0.6781045751633987
765,178.17489194869995,0.4414543008946282,0.006351757049560547,0.0002824544906616211,0.0002093791961669922,0.6748366013071896
770,179.3380467891693,0.48391365201109693,0.0077305793762207035,0.00032002925872802733,0.0002725839614868164,0.7303921568627451
775,180.50242686271667,0.6405263295746408,0.007329559326171875,0.00031304359436035156,0.00023617744445800782,0.8088235294117647
780,181.6662540435791,0.24725817127621214,0.007442188262939453,0.0003082275390625,0.00023322105407714845,0.7058823529411765
785,182.82617497444153,0.4462436491274673,0.007153797149658203,0.00029642581939697265,0.00021708011627197266,0.7287581699346405
790,183.98868989944458,0.6666469886281675,0.007041168212890625,0.0003012418746948242,0.00021810531616210936,0.6813725490196079
795,185.13975191116333,0.3358879261669472,0.005373954772949219,0.00025186538696289065,0.00018193721771240235,0.6437908496732027
800,186.29999780654907,0.8853766330601957,0.006351757049560547,0.0002824544906616211,0.00020415782928466796,0.6372549019607843
805,187.47171592712402,0.4958083280347637,0.006752777099609375,0.0002894401550292969,0.00022258758544921876,0.6617647058823529
810,188.6358766555786,0.6386455313328042,0.006928539276123047,0.0003060579299926758,0.00024232864379882812,0.7532679738562091
815,189.7866678237915,0.46979468241611355,0.005950736999511719,0.00027546882629394533,0.00020792484283447266,0.8218954248366013
820,190.9309597015381,0.5936858377892349,0.00526132583618164,0.00025668144226074217,0.00019559860229492187,0.7794117647058824
825,192.08737564086914,0.25364193235611765,0.0060633659362792965,0.00027065277099609376,0.000189971923828125,0.7107843137254902
830,193.24911880493164,0.5632683008943331,0.006640148162841797,0.00029425621032714845,0.0002241373062133789,0.7140522875816994
835,194.4075539112091,0.6090323701500893,0.005549716949462891,0.0002684831619262695,0.0002331256866455078,0.7156862745098039
840,195.56831192970276,0.47841091193290597,0.0045719146728515625,0.00023789405822753905,0.00017712116241455078,0.684640522875817
845,196.76621103286743,0.5395314324181527,0.006640148162841797,0.00029425621032714845,0.00022709369659423828,0.696078431372549
850,197.93337178230286,0.8476888271514327,0.006126499176025391,0.0002920866012573242,0.0002711057662963867,0.7630718954248366
855,199.07747983932495,0.3156008247286081,0.003995132446289062,0.00021429061889648436,0.00015370845794677735,0.7777777777777778
860,200.23086094856262,0.33859371952722767,0.004684543609619141,0.0002330780029296875,0.0001733541488647461,0.6813725490196079
865,201.38676691055298,0.24215873355243075,0.007843208312988282,0.00031521320343017576,0.00022878646850585938,0.6764705882352942
870,202.5245327949524,0.37791043077602354,0.005950736999511719,0.00027546882629394533,0.0002117156982421875,0.673202614379085
875,203.67832589149475,0.42132845883024855,0.00526132583618164,0.00025668144226074217,0.00019512176513671874,0.6830065359477124
880,204.83186984062195,0.6914682568283752,0.004170894622802734,0.00023090839385986328,0.00018498897552490234,0.7777777777777778
885,205.98793482780457,0.27700354411135775,0.005774974822998047,0.0002588510513305664,0.00018224716186523437,0.8627450980392157
890,207.15230774879456,0.8190333430582541,0.006239128112792969,0.0002872705459594727,0.00022382736206054686,0.7467320261437909
895,208.28564381599426,0.4606243460555618,0.004972934722900391,0.0002448797225952148,0.00019199848175048827,0.8431372549019608
900,209.44920086860657,0.5003128643613394,0.006239128112792969,0.0002872705459594727,0.0002453088760375977,0.7173202614379085
905,210.60957098007202,0.25914988272711525,0.007153797149658203,0.00029642581939697265,0.00021140575408935548,0.696078431372549
910,211.7615180015564,0.3330529964005109,0.003594112396240234,0.0002073049545288086,0.00015888214111328124,0.7140522875816994
915,212.92029881477356,0.4465162475127727,0.00526132583618164,0.00025668144226074217,0.00020513534545898437,0.7352941176470589
920,214.0896167755127,0.5429614367429181,0.007041168212890625,0.0003012418746948242,0.00021948814392089844,0.7941176470588235
925,215.29617190361023,0.43479162780568004,0.005950736999511719,0.00027546882629394533,0.00020558834075927733,0.826797385620915
930,216.46078205108643,0.7391006475552103,0.006640148162841797,0.00029425621032714845,0.00023407936096191405,0.8447712418300654
935,217.62053298950195,0.32964853416197143,0.005662345886230468,0.000263667106628418,0.00019483566284179689,0.8790849673202614
940,218.7915289402008,0.5887636129482416,0.006239128112792969,0.0002872705459594727,0.00022737979888916017,0.880718954248366
945,219.94984698295593,0.22926254847880045,0.0060633659362792965,0.00027065277099609376,0.0002087116241455078,0.8823529411764706
950,221.1035897731781,0.15540066789841517,0.006175994873046875,0.0002658367156982422,0.00017523765563964844,0.869281045751634
955,222.25733876228333,0.3488843054394238,0.005373954772949219,0.00025186538696289065,0.0001724720001220703,0.8741830065359477
960,223.4203917980194,0.6374547690165855,0.005549716949462891,0.0002684831619262695,0.00021598339080810546,0.8741830065359477
965,224.58535981178284,0.6608313177754098,0.006239128112792969,0.0002872705459594727,0.00022690296173095704,0.8954248366013072
970,225.74693298339844,0.518539512885036,0.005549716949462891,0.0002684831619262695,0.0002125978469848633,0.8970588235294118
975,226.89886474609375,0.35882227972761027,0.004972934722900391,0.0002448797225952148,0.00017337799072265626,0.8496732026143791
980,228.064190864563,0.3066669738822384,0.006351757049560547,0.0002824544906616211,0.00021331310272216798,0.8104575163398693
985,229.21956300735474,0.7063700977712927,0.006351757049560547,0.0002824544906616211,0.00021271705627441407,0.8611111111111112
990,230.37391567230225,0.43828693982213734,0.005950736999511719,0.00027546882629394533,0.0002077341079711914,0.8937908496732027
995,231.52728080749512,0.16191186557116452,0.004797172546386719,0.00022826194763183593,0.0001688241958618164,0.8758169934640523
1000,232.68799376487732,0.3291412440131808,0.006351757049560547,0.0002824544906616211,0.0002216339111328125,0.8349673202614379
1005,233.87960076332092,0.2661355445976369,0.005662345886230468,0.000263667106628418,0.00020122528076171875,0.8235294117647058
1010,235.03442883491516,0.5503897696624336,0.00526132583618164,0.00025668144226074217,0.00020885467529296875,0.826797385620915
1015,236.1975178718567,0.3801977488990815,0.005950736999511719,0.00027546882629394533,0.00021164417266845704,0.8333333333333334
1020,237.35629892349243,0.4429278223658912,0.006351757049560547,0.0002824544906616211,0.00020778179168701172,0.8627450980392157
1025,238.50469183921814,0.5272998020635,0.005662345886230468,0.000263667106628418,0.00019769668579101564,0.8823529411764706
1030,239.66223978996277,0.41097884587943695,0.006351757049560547,0.0002824544906616211,0.00021336078643798828,0.7630718954248366
1035,240.82715487480164,0.091239022160984,0.00853261947631836,0.00033400058746337893,0.0002284526824951172,0.75
1040,241.98631691932678,0.5570888564921915,0.0060633659362792965,0.00027065277099609376,0.00022068023681640626,0.9052287581699346
1045,243.15469884872437,0.47616261536022647,0.006351757049560547,0.0002824544906616211,0.0002068042755126953,0.9035947712418301
1050,244.31210064888,0.40840397458523514,0.00526132583618164,0.00025668144226074217,0.00019593238830566405,0.8774509803921569
1055,245.45378398895264,0.2722741735167801,0.004684543609619141,0.0002330780029296875,0.00016434192657470702,0.9150326797385621
1060,246.63662791252136,0.33341459002986085,0.007041168212890625,0.0003012418746948242,0.00023915767669677735,0.9248366013071896
1065,247.8059368133545,0.6652747722808272,0.006239128112792969,0.0002872705459594727,0.00022444725036621093,0.9215686274509803
1070,248.9658648967743,0.268570465550512,0.006351757049560547,0.0002824544906616211,0.00021271705627441407,0.8954248366013072
1075,250.12548184394836,0.3803789457655512,0.007041168212890625,0.0003012418746948242,0.00023846626281738282,0.9052287581699346
1080,251.30070877075195,0.5054171511905906,0.007329559326171875,0.00031304359436035156,0.00023975372314453126,0.9362745098039216
1085,252.50789594650269,0.3420436944186804,0.007041168212890625,0.0003012418746948242,0.00022296905517578126,0.8137254901960784
1090,253.67240190505981,0.3437659593702847,0.007843208312988282,0.00031521320343017576,0.00023014545440673827,0.6879084967320261
1095,254.83439469337463,0.7341964843275036,0.006752777099609375,0.0002894401550292969,0.00020906925201416015,0.9052287581699346
1100,256.0570659637451,0.22239780537784098,0.005662345886230468,0.000263667106628418,0.00022158622741699218,0.8790849673202614
1105,257.24831366539,0.7028016793337883,0.007041168212890625,0.0003012418746948242,0.00022208690643310547,0.8611111111111112
1110,258.4013259410858,0.4743701981380582,0.005774974822998047,0.0002588510513305664,0.00019385814666748047,0.8660130718954249
1115,259.56395268440247,0.40986709568824153,0.006928539276123047,0.0003060579299926758,0.00023508071899414062,0.9068627450980392
1120,260.7249038219452,0.4179257259005681,0.006351757049560547,0.0002824544906616211,0.000215911865234375,0.9183006535947712
1125,261.8896198272705,0.4244295071810498,0.005549716949462891,0.0002684831619262695,0.00021910667419433594,0.9281045751633987
1130,263.0469627380371,0.19124699325766556,0.0060633659362792965,0.00027065277099609376,0.0001889944076538086,0.9297385620915033
1135,264.2125186920166,0.3568945340812206,0.006640148162841797,0.00029425621032714845,0.00023126602172851562,0.9330065359477124
1140,265.3786449432373,0.43080514557659627,0.00526132583618164,0.00025668144226074217,0.00019614696502685548,0.9297385620915033
1145,266.541955947876,0.40317733353113,0.004860305786132812,0.0002496957778930664,0.00019769668579101564,0.9297385620915033
1150,267.7062587738037,0.41583752599090074,0.005950736999511719,0.00027546882629394533,0.00022823810577392577,0.9264705882352942
1155,268.87004590034485,0.44370960554879274,0.006815910339355469,0.00031087398529052737,0.00025746822357177737,0.9281045751633987
1160,270.02510690689087,0.23207872859948112,0.003995132446289062,0.00021429061889648436,0.00015506744384765624,0.9411764705882353
1165,271.2276327610016,0.32023226618766787,0.004972934722900391,0.0002448797225952148,0.0001895427703857422,0.923202614379085
1170,272.39248991012573,0.11141585384611971,0.007153797149658203,0.00029642581939697265,0.00020699501037597657,0.9117647058823529
1175,273.54202795028687,0.13608420705434127,0.005662345886230468,0.000263667106628418,0.00020372867584228516,0.9117647058823529
1180,274.70544385910034,0.18255380133196014,0.005950736999511719,0.00027546882629394533,0.0002001047134399414,0.9101307189542484
1185,275.85851097106934,0.3210118866897119,0.004170894622802734,0.00023090839385986328,0.00018160343170166017,0.9183006535947712
1190,277.01508498191833,0.314680215579574,0.005373954772949219,0.00025186538696289065,0.00018064975738525392,0.9411764705882353
1195,278.18072175979614,0.3658068928519015,0.006640148162841797,0.00029425621032714845,0.00023279190063476562,0.923202614379085
1200,279.32994294166565,0.2992286543436876,0.004283523559570313,0.0002260923385620117,0.00016515254974365235,0.9493464052287581
1205,280.4882071018219,0.27139115442989803,0.006527519226074219,0.000299072265625,0.00023317337036132812,0.9281045751633987
1210,281.64807081222534,0.1754110128065804,0.006464385986328125,0.00027763843536376953,0.0002015829086303711,0.9281045751633987
1215,282.8037989139557,0.15642908913601444,0.004972934722900391,0.0002448797225952148,0.0001935243606567383,0.9297385620915033
1220,284.01061487197876,0.1440291226981117,0.004283523559570313,0.0002260923385620117,0.0001838207244873047,0.9395424836601307
1225,285.29791378974915,0.29704780669699177,0.006640148162841797,0.00029425621032714845,0.000259089469909668,0.934640522875817
1230,286.57211780548096,0.2587482460134197,0.007041168212890625,0.0003012418746948242,0.0002749919891357422,0.9215686274509803
1235,287.8634150028229,0.4069428266360774,0.005950736999511719,0.00027546882629394533,0.00025947093963623046,0.9411764705882353
1240,289.13328099250793,0.15334918538368497,0.005950736999511719,0.00027546882629394533,0.00025625228881835936,0.934640522875817
1245,290.4598777294159,0.17991895666559685,0.005950736999511719,0.00027546882629394533,0.0002413034439086914,0.9281045751633987
1250,291.6155917644501,0.2379600959713571,0.007041168212890625,0.0003012418746948242,0.00022480487823486328,0.934640522875817
1255,292.7764070034027,0.1072947583248606,0.005486583709716797,0.0002470493316650391,0.0001761913299560547,0.9379084967320261
1260,293.93481373786926,0.09982775213720743,0.005774974822998047,0.0002588510513305664,0.00018019676208496093,0.9330065359477124
1265,295.0833866596222,0.32379018506646845,0.004860305786132812,0.0002496957778930664,0.00019621849060058594,0.9411764705882353
1270,296.24298071861267,0.6023999724537135,0.006928539276123047,0.0003060579299926758,0.0002528190612792969,0.9362745098039216
1275,297.38504791259766,0.1519894996816248,0.0058381080627441405,0.00028028488159179685,0.00022368431091308595,0.9362745098039216
1280,298.51917004585266,0.24252526896743803,0.0043961524963378905,0.00022127628326416016,0.00015401840209960938,0.9362745098039216
1285,299.67477083206177,0.15149146774566588,0.006239128112792969,0.0002872705459594727,0.00021615028381347657,0.9362745098039216
1290,300.83495688438416,0.5773852144833824,0.006752777099609375,0.0002894401550292969,0.0002277851104736328,0.9362745098039216
1295,301.9930999279022,0.16152779357507824,0.005950736999511719,0.00027546882629394533,0.0002155303955078125,0.9395424836601307
1300,303.14419293403625,0.3048888895158598,0.0043961524963378905,0.00022127628326416016,0.00015766620635986327,0.9215686274509803
1305,304.3025677204132,0.09978061075089642,0.006752777099609375,0.0002894401550292969,0.0002216815948486328,0.8970588235294118
1310,305.45162987709045,0.12047814229742926,0.004972934722900391,0.0002448797225952148,0.0001762866973876953,0.8823529411764706
1315,306.6034417152405,0.3444402841225383,0.006239128112792969,0.0002872705459594727,0.00021855831146240235,0.8986928104575164
1320,307.75168085098267,0.1690742671999061,0.00526132583618164,0.00025668144226074217,0.0001988649368286133,0.9084967320261438
1325,308.94968485832214,0.10649771925746165,0.006752777099609375,0.0002894401550292969,0.00021560192108154296,0.9248366013071896
1330,310.08193492889404,0.5447555459231808,0.0045719146728515625,0.00023789405822753905,0.0001797199249267578,0.9313725490196079
1335,311.22498178482056,0.15384257584810257,0.007041168212890625,0.0003012418746948242,0.00023033618927001954,0.9068627450980392
1340,312.38098883628845,0.019998680886783405,0.007843208312988282,0.00031521320343017576,0.00023236274719238282,0.8839869281045751
1345,313.5287709236145,0.22195547542651184,0.007442188262939453,0.0003082275390625,0.00022306442260742188,0.8905228758169934
1350,314.67448592185974,0.3046156247612089,0.0060633659362792965,0.00027065277099609376,0.00019102096557617189,0.9379084967320261
1355,315.80838084220886,0.11810232702841858,0.004972934722900391,0.0002448797225952148,0.00018630027770996093,0.9297385620915033
1360,316.95500087738037,0.07331635688097152,0.004972934722900391,0.0002448797225952148,0.00018813610076904297,0.9166666666666666
1365,318.0955550670624,0.5451416093390449,0.006640148162841797,0.00029425621032714845,0.0002231597900390625,0.9199346405228758
1370,319.2303719520569,0.4073400797911745,0.006640148162841797,0.00029425621032714845,0.00022852420806884766,0.9150326797385621
1375,320.37489199638367,0.27298030732818007,0.005662345886230468,0.000263667106628418,0.0001934051513671875,0.8937908496732027
1380,321.5285608768463,0.2817438169848174,0.006640148162841797,0.00029425621032714845,0.0002283811569213867,0.9052287581699346
1385,322.6828200817108,0.21362141426652953,0.007329559326171875,0.00031304359436035156,0.0002353191375732422,0.934640522875817
1390,323.83463978767395,0.5693216275423765,0.007442188262939453,0.0003082275390625,0.00021691322326660155,0.9084967320261438
1395,324.9960219860077,0.08023761189902104,0.007843208312988282,0.00031521320343017576,0.00024476051330566404,0.8643790849673203
1400,326.1483528614044,0.5274284166225982,0.007041168212890625,0.0003012418746948242,0.00022115707397460938,0.8790849673202614
1405,327.33240580558777,0.11961762048304081,0.005774974822998047,0.0002588510513305664,0.00017580986022949218,0.934640522875817
1410,328.4954297542572,0.38735428559593854,0.006928539276123047,0.0003060579299926758,0.00024919509887695314,0.9379084967320261
1415,329.6380708217621,0.4458521015028964,0.005085563659667969,0.00024006366729736328,0.000170135498046875,0.9477124183006536
1420,330.7779178619385,0.19378188553552037,0.007329559326171875,0.00031304359436035156,0.00023360252380371093,0.9379084967320261
1425,331.92273688316345,0.2345207499849508,0.007041168212890625,0.0003012418746948242,0.00021808147430419923,0.9428104575163399
1430,333.07444190979004,0.2670192547957413,0.0058381080627441405,0.00028028488159179685,0.0002544164657592773,0.9428104575163399
1435,334.2091178894043,0.07110390594202727,0.005373954772949219,0.00025186538696289065,0.00018124580383300782,0.9411764705882353
1440,335.3624267578125,0.12804674753033396,0.006640148162841797,0.00029425621032714845,0.00022246837615966797,0.9411764705882353
1445,336.5137858390808,0.24598356864880772,0.005662345886230468,0.000263667106628418,0.00020463466644287108,0.9379084967320261
1450,337.6668379306793,0.1858879272469494,0.004860305786132812,0.0002496957778930664,0.00019812583923339844,0.9395424836601307
1455,338.8178608417511,0.27833429202638343,0.004860305786132812,0.0002496957778930664,0.00018913745880126952,0.9362745098039216
1460,339.95941400527954,0.25463653058077396,0.006815910339355469,0.00031087398529052737,0.0002570390701293945,0.9477124183006536
1465,341.1031289100647,0.13098218509039725,0.0043961524963378905,0.00022127628326416016,0.00015268325805664062,0.9395424836601307
1470,342.23659801483154,0.19495826744823716,0.004972934722900391,0.0002448797225952148,0.00018072128295898438,0.9477124183006536
1475,343.3826699256897,0.056380807356458715,0.007153797149658203,0.00029642581939697265,0.00020592212677001954,0.954248366013072
1480,344.5304229259491,0.05013102412194712,0.006351757049560547,0.0002824544906616211,0.00021541118621826172,0.9444444444444444
1485,345.707396030426,0.06165197584779207,0.00526132583618164,0.00025668144226074217,0.00019888877868652345,0.9297385620915033
1490,346.85222697257996,0.1484778950645705,0.004860305786132812,0.0002496957778930664,0.00019295215606689452,0.934640522875817
1495,347.97992968559265,0.04541579419747137,0.004283523559570313,0.0002260923385620117,0.00016539096832275392,0.9477124183006536
1500,349.1212348937988,0.34024175716476746,0.007442188262939453,0.0003082275390625,0.0002324819564819336,0.9428104575163399
1505,350.25207805633545,0.29148840876446797,0.004860305786132812,0.0002496957778930664,0.00021424293518066407,0.9297385620915033
1510,351.39018082618713,0.23749994943791536,0.005549716949462891,0.0002684831619262695,0.00021104812622070314,0.946078431372549
1515,352.5274920463562,0.11416867634983419,0.006752777099609375,0.0002894401550292969,0.00020844936370849608,0.9379084967320261
1520,353.6908757686615,0.03644900075762649,0.005373954772949219,0.00025186538696289065,0.00017383098602294922,0.946078431372549
1525,354.8339247703552,0.16504201530187856,0.004283523559570313,0.0002260923385620117,0.0001680135726928711,0.9477124183006536
1530,355.9774730205536,0.15808099433783127,0.006239128112792969,0.0002872705459594727,0.00022623538970947265,0.9477124183006536
1535,357.1198446750641,0.23656982947607616,0.006351757049560547,0.0002824544906616211,0.00022110939025878906,0.9558823529411765
1540,358.25784277915955,0.06019287393683044,0.007041168212890625,0.0003012418746948242,0.00022077560424804688,0.9656862745098039
1545,359.4031147956848,0.09000097929688308,0.005549716949462891,0.0002684831619262695,0.00020558834075927733,0.9624183006535948
1550,360.54159688949585,0.0828562964452459,0.005950736999511719,0.00027546882629394533,0.0001993894577026367,0.9591503267973857
1555,361.6792688369751,0.1332648429818164,0.006351757049560547,0.0002824544906616211,0.00022344589233398439,0.9477124183006536
1560,362.81571078300476,0.01676035652308201,0.006175994873046875,0.0002658367156982422,0.0001775503158569336,0.9428104575163399
1565,363.9962658882141,0.04288633746482447,0.005774974822998047,0.0002588510513305664,0.00017800331115722657,0.9411764705882353
1570,365.13563108444214,0.16694878746748715,0.00526132583618164,0.00025668144226074217,0.00019288063049316406,0.9428104575163399
1575,366.29881596565247,0.5078012440819293,0.006239128112792969,0.0002872705459594727,0.0002223968505859375,0.9558823529411765
1580,367.46016669273376,0.06505987193177135,0.006239128112792969,0.0002872705459594727,0.00023484230041503906,0.9591503267973857
1585,368.65498900413513,0.1645580689075814,0.004972934722900391,0.0002448797225952148,0.00017101764678955077,0.946078431372549
1590,369.78889179229736,0.1368918895313982,0.005950736999511719,0.00027546882629394533,0.00020895004272460937,0.9444444444444444
1595,370.9142038822174,0.2618191253119221,0.005662345886230468,0.000263667106628418,0.00020058155059814452,0.9493464052287581
1600,372.05674290657043,0.42331503249006347,0.007041168212890625,0.0003012418746948242,0.00021975040435791017,0.9444444444444444
1605,373.1915707588196,0.26723604268627243,0.004684543609619141,0.0002330780029296875,0.00017015933990478517,0.9493464052287581
1610,374.33700585365295,0.029827094165830202,0.0060633659362792965,0.00027065277099609376,0.0002179384231567383,0.9379084967320261
1615,375.4689588546753,0.06266695302547447,0.004972934722900391,0.0002448797225952148,0.00018792152404785157,0.9133986928104575
1620,376.6081819534302,0.2043831325631345,0.006640148162841797,0.00029425621032714845,0.00021209716796875,0.9133986928104575
1625,377.74856972694397,0.11561179758359685,0.0045719146728515625,0.00023789405822753905,0.0001916646957397461,0.923202614379085
1630,378.8767280578613,0.022678752988724682,0.007153797149658203,0.00029642581939697265,0.00019633769989013672,0.9379084967320261
1635,380.01317977905273,0.453829467162555,0.004170894622802734,0.00023090839385986328,0.00019993782043457032,0.9379084967320261
1640,381.15907287597656,0.030058311950432424,0.0077305793762207035,0.00032002925872802733,0.00023860931396484374,0.9068627450980392
1645,382.33315086364746,0.08697979848982414,0.006752777099609375,0.0002894401550292969,0.0002329111099243164,0.8790849673202614
1650,383.46892166137695,0.26868973133387897,0.007442188262939453,0.0003082275390625,0.0002163410186767578,0.8725490196078431
1655,384.6007490158081,0.47699341606348894,0.006464385986328125,0.00027763843536376953,0.00020742416381835938,0.9068627450980392
1660,385.7293360233307,0.09307007222402319,0.004972934722900391,0.0002448797225952148,0.00017833709716796875,0.946078431372549
1665,386.8658308982849,0.05375017350033886,0.005950736999511719,0.00027546882629394533,0.00022153854370117189,0.9297385620915033
1670,387.99874567985535,0.5695382900361097,0.0060633659362792965,0.00027065277099609376,0.00019700527191162108,0.9297385620915033
1675,389.13949489593506,0.4534609382913942,0.006928539276123047,0.0003060579299926758,0.0002482414245605469,0.9264705882352942
1680,390.2578868865967,0.170544514680671,0.004972934722900391,0.0002448797225952148,0.00018477439880371094,0.9362745098039216
1685,391.40350103378296,0.18454000428318978,0.007329559326171875,0.00031304359436035156,0.00026078224182128905,0.9330065359477124
1690,392.5531167984009,0.08272998055326752,0.007329559326171875,0.00031304359436035156,0.000225830078125,0.934640522875817
1695,393.6982309818268,0.6734021121814294,0.007041168212890625,0.0003012418746948242,0.00022473335266113282,0.9313725490196079
1700,394.83700489997864,0.0626422244049536,0.007843208312988282,0.00031521320343017576,0.0002205371856689453,0.9215686274509803
1705,395.9790439605713,0.3707520793541349,0.006351757049560547,0.0002824544906616211,0.00020375251770019532,0.9035947712418301
1710,397.10781478881836,0.021170613053254784,0.007153797149658203,0.00029642581939697265,0.00020015239715576172,0.9199346405228758
1715,398.25666975975037,0.08518682061476283,0.005950736999511719,0.00027546882629394533,0.00021800994873046874,0.9395424836601307
1720,399.3859167098999,0.53373162697535,0.005373954772949219,0.00025186538696289065,0.00017685890197753905,0.946078431372549
1725,400.5783758163452,0.11084141223827829,0.007041168212890625,0.0003012418746948242,0.00021810531616210936,0.9526143790849673
1730,401.7205009460449,0.13917566071322654,0.006640148162841797,0.00029425621032714845,0.00024259090423583984,0.9526143790849673
1735,402.8701238632202,0.23518733020337096,0.006239128112792969,0.0002872705459594727,0.00021929740905761718,0.9558823529411765
1740,404.0291817188263,0.1147418214132017,0.005662345886230468,0.000263667106628418,0.0001950502395629883,0.9575163398692811
1745,405.15749287605286,0.03717958793769185,0.006752777099609375,0.0002894401550292969,0.00019812583923339844,0.9558823529411765
1750,406.2977719306946,0.2592209277858274,0.005549716949462891,0.0002684831619262695,0.00021800994873046874,0.9493464052287581
1755,407.44515681266785,0.1397545750260633,0.00526132583618164,0.00025668144226074217,0.00019392967224121093,0.9477124183006536
1760,408.59830379486084,0.1692258338443935,0.005148696899414063,0.00026149749755859374,0.0002134084701538086,0.9444444444444444
1765,409.73514580726624,0.18586306199434405,0.006239128112792969,0.0002872705459594727,0.0002338886260986328,0.946078431372549
1770,410.87902092933655,0.05499340696496802,0.004972934722900391,0.0002448797225952148,0.00017681121826171876,0.9395424836601307
1775,412.01219606399536,0.22569888477300992,0.004972934722900391,0.0002448797225952148,0.00019550323486328125,0.9395424836601307
1780,413.15804266929626,0.08333617616281117,0.005774974822998047,0.0002588510513305664,0.00017683506011962892,0.9477124183006536
1785,414.3044898509979,0.027973707898854627,0.007442188262939453,0.0003082275390625,0.0002265453338623047,0.9575163398692811
1790,415.445241689682,0.046907241140436894,0.004860305786132812,0.0002496957778930664,0.00019724369049072265,0.9607843137254902
1795,416.5709159374237,0.1018095140985679,0.00526132583618164,0.00025668144226074217,0.0002092123031616211,0.9591503267973857
1800,417.7126739025116,0.046725614786282677,0.0045719146728515625,0.00023789405822753905,0.0001745939254760742,0.9558823529411765
1805,418.8982267379761,0.3410300787514643,0.006752777099609375,0.0002894401550292969,0.00021429061889648436,0.9738562091503268
1810,420.0343437194824,0.09689293599949593,0.00526132583618164,0.00025668144226074217,0.00019562244415283203,0.9395424836601307
1815,421.1764678955078,0.16911713798805295,0.005549716949462891,0.0002684831619262695,0.00019712448120117186,0.9509803921568627
1820,422.3141038417816,0.07177481089165667,0.005662345886230468,0.000263667106628418,0.0001962900161743164,0.9656862745098039
1825,423.4647626876831,0.029745555389672516,0.006752777099609375,0.0002894401550292969,0.00021908283233642578,0.9591503267973857
1830,424.59248399734497,0.12815317551876432,0.003995132446289062,0.00021429061889648436,0.00015664100646972656,0.9591503267973857
1835,425.73844385147095,0.08888119074981944,0.005549716949462891,0.0002684831619262695,0.00021429061889648436,0.9526143790849673
1840,426.8833577632904,0.2105781800119999,0.007041168212890625,0.0003012418746948242,0.00022134780883789062,0.9591503267973857
1845,428.02617168426514,0.06157265944671053,0.005950736999511719,0.00027546882629394533,0.0002221345901489258,0.9673202614379085
1850,429.17357206344604,0.043326860058010654,0.006351757049560547,0.0002824544906616211,0.00022542476654052734,0.9722222222222222
1855,430.310674905777,0.05747932376107201,0.005950736999511719,0.00027546882629394533,0.00022742748260498046,0.9689542483660131
1860,431.44782185554504,0.1781404209672587,0.005549716949462891,0.0002684831619262695,0.00020282268524169923,0.9607843137254902
1865,432.58311796188354,0.009592952861657978,0.006175994873046875,0.0002658367156982422,0.00017704963684082032,0.9509803921568627
1870,433.723739862442,0.01625889804211056,0.006865406036376953,0.0002846240997314453,0.0002088785171508789,0.9444444444444444
1875,434.86323404312134,0.13189318399350328,0.004972934722900391,0.0002448797225952148,0.00017993450164794923,0.9411764705882353
1880,436.0106029510498,0.2764180785859935,0.006126499176025391,0.0002920866012573242,0.000238037109375,0.9526143790849673
1885,437.18512773513794,0.2542994015896511,0.005549716949462891,0.0002684831619262695,0.00022056102752685547,0.9640522875816994
1890,438.33422899246216,0.17444983006002984,0.005662345886230468,0.000263667106628418,0.0001918792724609375,0.9575163398692811
1895,439.4760718345642,0.09109640358948923,0.006351757049560547,0.0002824544906616211,0.00021226406097412108,0.9509803921568627
1900,440.61691784858704,0.053732264753148226,0.004972934722900391,0.0002448797225952148,0.00019202232360839843,0.9558823529411765
1905,441.7673499584198,0.34546360078966243,0.006640148162841797,0.00029425621032714845,0.0002584218978881836,0.9624183006535948
1910,442.902884721756,0.08107908036618028,0.0060633659362792965,0.00027065277099609376,0.00020568370819091798,0.9803921568627451
1915,444.034640789032,0.048803484234417736,0.005486583709716797,0.0002470493316650391,0.00016558170318603516,0.9689542483660131
1920,445.17667603492737,0.03992759445901015,0.004860305786132812,0.0002496957778930664,0.00019085407257080078,0.9526143790849673
1925,446.2999758720398,0.1225463130744174,0.006752777099609375,0.0002894401550292969,0.00020492076873779297,0.9526143790849673
1930,447.48002672195435,0.09323181466934471,0.004860305786132812,0.0002496957778930664,0.00020925998687744142,0.9444444444444444
1935,448.6124978065491,0.011850751937029714,0.007442188262939453,0.0003082275390625,0.00022060871124267577,0.9313725490196079
1940,449.7535388469696,0.5938266270561826,0.004170894622802734,0.00023090839385986328,0.00018241405487060547,0.9656862745098039
1945,450.96208477020264,0.06641732747798698,0.006752777099609375,0.0002894401550292969,0.00020046234130859374,0.9428104575163399
1950,452.0945358276367,0.1582658717423328,0.006351757049560547,0.0002824544906616211,0.00020804405212402344,0.9183006535947712
1955,453.2401976585388,0.02787108588963747,0.00853261947631836,0.00033400058746337893,0.00023508071899414062,0.9101307189542484
1960,454.3815767765045,0.7172480429289863,0.005373954772949219,0.00025186538696289065,0.00017774105072021484,0.9395424836601307
1965,455.55905985832214,0.25639065099294384,0.006351757049560547,0.0002824544906616211,0.0002057790756225586,0.9477124183006536
1970,456.7117967605591,0.027052779940142102,0.00526132583618164,0.00025668144226074217,0.00019936561584472657,0.9444444444444444
1975,457.85702872276306,0.3226162039469287,0.005373954772949219,0.00025186538696289065,0.00019650459289550782,0.9477124183006536
1980,459.0045716762543,0.2595447272322417,0.007329559326171875,0.00031304359436035156,0.0002328634262084961,0.9379084967320261
1985,460.1324758529663,0.3638900957739679,0.00526132583618164,0.00025668144226074217,0.00019276142120361328,0.9297385620915033
1990,461.2850160598755,0.20499729327857494,0.006640148162841797,0.00029425621032714845,0.00022826194763183593,0.934640522875817
1995,462.4376268386841,0.04526042533107102,0.0077305793762207035,0.00032002925872802733,0.00024983882904052737,0.9330065359477124
2000,463.59184408187866,0.7839983150421176,0.007041168212890625,0.0003012418746948242,0.0002245664596557617,0.9183006535947712
2005,464.7412300109863,0.11373328395711724,0.008131599426269532,0.0003270149230957031,0.00022864341735839844,0.9052287581699346
2010,465.8846287727356,0.1345513418695205,0.006464385986328125,0.00027763843536376953,0.00019655227661132812,0.8970588235294118
2015,467.03092193603516,0.049073483096435666,0.007041168212890625,0.0003012418746948242,0.00022614002227783203,0.9084967320261438
2020,468.1746070384979,0.17188964491906517,0.005662345886230468,0.000263667106628418,0.00019228458404541016,0.9264705882352942
2025,469.3124568462372,0.3122308544348925,0.0060633659362792965,0.00027065277099609376,0.00019319057464599608,0.9444444444444444
2030,470.46937680244446,0.037804720416903595,0.006351757049560547,0.0002824544906616211,0.00022225379943847657,0.9428104575163399
2035,471.6028709411621,0.14892802544054576,0.006928539276123047,0.0003060579299926758,0.0002317667007446289,0.9428104575163399
2040,472.75449681282043,0.04588465670763213,0.006640148162841797,0.00029425621032714845,0.0002178668975830078,0.9379084967320261
2045,473.9247329235077,0.17218446896026762,0.004972934722900391,0.0002448797225952148,0.0001803159713745117,0.9330065359477124
2050,475.0665588378906,0.20605264534252682,0.006752777099609375,0.0002894401550292969,0.00022091865539550782,0.946078431372549
2055,476.2042279243469,0.37685415124869903,0.005950736999511719,0.00027546882629394533,0.0002140045166015625,0.9493464052287581
2060,477.3452467918396,0.10207841835227782,0.005549716949462891,0.0002684831619262695,0.00021581649780273439,0.9395424836601307
2065,478.49417066574097,0.1040012736339122,0.004459285736083984,0.00024271011352539062,0.0002033710479736328,0.9362745098039216
2070,479.65549898147583,0.45978996157646324,0.006640148162841797,0.00029425621032714845,0.00023572444915771485,0.934640522875817
2075,480.8653738498688,0.34586275327019395,0.005549716949462891,0.0002684831619262695,0.00021960735321044922,0.9330065359477124
2080,482.0022828578949,0.1563642323795648,0.004283523559570313,0.0002260923385620117,0.00017421245574951173,0.9428104575163399
2085,483.167133808136,0.033249975464877936,0.005774974822998047,0.0002588510513305664,0.00019297599792480468,0.946078431372549
2090,484.31946897506714,0.018621384394282358,0.007843208312988282,0.00031521320343017576,0.00022270679473876954,0.9526143790849673
2095,485.49243783950806,0.0367512391678261,0.0045719146728515625,0.00023789405822753905,0.00021035671234130858,0.9591503267973857
2100,486.68455481529236,0.08291431451798417,0.0058381080627441405,0.00028028488159179685,0.00025959014892578124,0.9575163398692811
2105,487.87370800971985,0.0784445215809697,0.0038825035095214843,0.00021910667419433594,0.00019979476928710938,0.9526143790849673
2110,489.0573058128357,0.24417630462430678,0.0060633659362792965,0.00027065277099609376,0.00021398067474365234,0.9624183006535948
2115,490.2594828605652,0.18896224609634515,0.005662345886230468,0.000263667106628418,0.00022041797637939453,0.9689542483660131
2120,491.4614498615265,0.062578170821007,0.005950736999511719,0.00027546882629394533,0.00022261142730712892,0.9558823529411765
2125,492.708242893219,0.05276472172990907,0.00526132583618164,0.00025668144226074217,0.00020906925201416015,0.954248366013072
2130,493.8793866634369,0.11117717130109668,0.007442188262939453,0.0003082275390625,0.0002323150634765625,0.9640522875816994
2135,495.0548417568207,0.24672383298166664,0.003594112396240234,0.0002073049545288086,0.00017244815826416015,0.9656862745098039
2140,496.2201488018036,0.033514754427625346,0.005662345886230468,0.000263667106628418,0.0001952648162841797,0.9640522875816994
2145,497.396764755249,0.08901529395953958,0.007329559326171875,0.00031304359436035156,0.0002546787261962891,0.9607843137254902
2150,498.56656193733215,0.05765389977229916,0.005662345886230468,0.000263667106628418,0.00020654201507568358,0.9656862745098039
2155,499.7372097969055,0.14444689232259691,0.006640148162841797,0.00029425621032714845,0.00025286674499511717,0.9705882352941176
2160,500.91121196746826,0.07548904343566391,0.005950736999511719,0.00027546882629394533,0.0002178192138671875,0.9656862745098039
2165,502.07826566696167,0.127240461204201,0.0058381080627441405,0.00028028488159179685,0.00025365352630615237,0.9575163398692811
2170,503.2350859642029,0.00010845270591630651,0.006175994873046875,0.0002658367156982422,0.00019583702087402343,0.9509803921568627
2175,504.3910677433014,0.015418170513248697,0.006175994873046875,0.0002658367156982422,0.00018846988677978516,0.946078431372549
2180,505.5493597984314,0.08294947958751778,0.005373954772949219,0.00025186538696289065,0.0002020120620727539,0.946078431372549
2185,506.7276327610016,0.28646467393264174,0.0058381080627441405,0.00028028488159179685,0.0002398967742919922,0.9526143790849673
2190,507.9004657268524,0.31194209501263687,0.0058381080627441405,0.00028028488159179685,0.00023987293243408204,0.9673202614379085
2195,509.05249881744385,0.017052921653407792,0.005662345886230468,0.000263667106628418,0.00020210742950439454,0.9607843137254902
2200,510.22374987602234,0.23344062834876808,0.005662345886230468,0.000263667106628418,0.00020902156829833985,0.9526143790849673
2205,511.435222864151,0.0558884756228963,0.004972934722900391,0.0002448797225952148,0.00020213127136230468,0.954248366013072
2210,512.6138818264008,0.3233210273901932,0.006640148162841797,0.00029425621032714845,0.00023288726806640624,0.9656862745098039
2215,513.7736339569092,0.04690509922220372,0.006351757049560547,0.0002824544906616211,0.00022313594818115234,0.9803921568627451
2220,514.9109568595886,0.044730165611872506,0.005486583709716797,0.0002470493316650391,0.00016624927520751952,0.9722222222222222
2225,516.0531067848206,0.01715452226718526,0.004972934722900391,0.0002448797225952148,0.0001821279525756836,0.9640522875816994
2230,517.2052500247955,0.11357056254928466,0.006640148162841797,0.00029425621032714845,0.00023810863494873048,0.9607843137254902
2235,518.3497867584229,0.181931636075484,0.00526132583618164,0.00025668144226074217,0.00020780563354492188,0.9656862745098039
2240,519.4901790618896,0.01444510539949988,0.006351757049560547,0.0002824544906616211,0.00020384788513183594,0.9379084967320261
2245,520.629775762558,0.5973217007938274,0.00526132583618164,0.00025668144226074217,0.00018961429595947265,0.9754901960784313
2250,521.7770638465881,0.021799462063864895,0.0060633659362792965,0.00027065277099609376,0.0002011537551879883,0.9607843137254902
2255,522.92622590065,0.08833007534622084,0.007041168212890625,0.0003012418746948242,0.0002240419387817383,0.946078431372549
2260,524.067108631134,0.030257999293780813,0.007442188262939453,0.0003082275390625,0.000211334228515625,0.9411764705882353
2265,525.2140998840332,0.36454452462494374,0.005774974822998047,0.0002588510513305664,0.0001861572265625,0.9444444444444444
2270,526.3680577278137,0.22213081568479537,0.007329559326171875,0.00031304359436035156,0.00023396015167236327,0.9591503267973857
2275,527.5158729553223,0.01536357120089633,0.004972934722900391,0.0002448797225952148,0.00018508434295654296,0.9673202614379085
2280,528.6573348045349,0.3281611369182443,0.004972934722900391,0.0002448797225952148,0.0001864910125732422,0.9722222222222222
2285,529.8633477687836,0.03875341143027526,0.006640148162841797,0.00029425621032714845,0.00022230148315429687,0.9705882352941176
2290,531.0130548477173,0.30492466595519546,0.005950736999511719,0.00027546882629394533,0.00021712779998779298,0.9705882352941176
2295,532.156094789505,0.0448838673719365,0.006351757049560547,0.0002824544906616211,0.00020012855529785156,0.9607843137254902
2300,533.3232808113098,0.03831056437047664,0.0077305793762207035,0.00032002925872802733,0.000248408317565918,0.9493464052287581
2305,534.4668989181519,0.4841171038526227,0.007329559326171875,0.00031304359436035156,0.0002460479736328125,0.9689542483660131
2310,535.6081399917603,0.018898502755109802,0.007442188262939453,0.0003082275390625,0.00021843910217285157,0.9395424836601307
2315,536.7547388076782,0.010752817375032465,0.007153797149658203,0.00029642581939697265,0.00021953582763671874,0.9019607843137255
2320,537.8995308876038,0.19077266124950257,0.007041168212890625,0.0003012418746948242,0.00022284984588623048,0.9133986928104575
2325,539.0275409221649,0.08707057538274512,0.005373954772949219,0.00025186538696289065,0.00017898082733154298,0.9281045751633987
2330,540.1719048023224,0.9278108883816458,0.006351757049560547,0.0002824544906616211,0.00021665096282958985,0.9313725490196079
2335,541.3194508552551,0.013015281941989087,0.006752777099609375,0.0002894401550292969,0.00022878646850585938,0.9656862745098039
2340,542.4774458408356,0.13109179250895978,0.006928539276123047,0.0003060579299926758,0.00023734569549560547,0.9771241830065359
2345,543.6286697387695,0.045554933328764945,0.005950736999511719,0.00027546882629394533,0.0002049684524536133,0.9738562091503268
2350,544.7770118713379,0.13368180323204798,0.00526132583618164,0.00025668144226074217,0.0002095937728881836,0.9787581699346405
2355,545.9179787635803,0.058674538532071094,0.0060633659362792965,0.00027065277099609376,0.00019083023071289062,0.9771241830065359
2360,547.0592796802521,0.08688400322935194,0.006640148162841797,0.00029425621032714845,0.00021927356719970704,0.9705882352941176
2365,548.257780790329,0.055186920537460084,0.005549716949462891,0.0002684831619262695,0.0002201557159423828,0.9689542483660131
2370,549.4054210186005,0.07478957602871787,0.0045719146728515625,0.00023789405822753905,0.00018064975738525392,0.9640522875816994
2375,550.5552790164948,0.048358953930438986,0.006640148162841797,0.00029425621032714845,0.00022356510162353517,0.9607843137254902
2380,551.7091429233551,0.1624029164260719,0.006126499176025391,0.0002920866012573242,0.00024061203002929689,0.9591503267973857
2385,552.8511197566986,0.0711013877415553,0.003995132446289062,0.00021429061889648436,0.00015206336975097655,0.9558823529411765
2390,553.9886209964752,0.05793499999067535,0.004684543609619141,0.0002330780029296875,0.00016436576843261718,0.9607843137254902
2395,555.1340568065643,0.014859074170590247,0.007843208312988282,0.00031521320343017576,0.0002182483673095703,0.9591503267973857
2400,556.2857179641724,0.018775884195565595,0.005950736999511719,0.00027546882629394533,0.00022940635681152345,0.9591503267973857
2405,557.4380438327789,0.01986052893489614,0.00526132583618164,0.00025668144226074217,0.0001991748809814453,0.9558823529411765
2410,558.5839107036591,0.08265490083103941,0.004170894622802734,0.00023090839385986328,0.0001878976821899414,0.9558823529411765
2415,559.7152817249298,0.20029159097862248,0.005774974822998047,0.0002588510513305664,0.00017931461334228516,0.9607843137254902
2420,560.8692679405212,0.21452962239018233,0.006239128112792969,0.0002872705459594727,0.0002276897430419922,0.9754901960784313
2425,562.0128366947174,0.02199024894053423,0.004972934722900391,0.0002448797225952148,0.0001756429672241211,0.9558823529411765
2430,563.1630289554596,0.03381517562957015,0.006239128112792969,0.0002872705459594727,0.00022189617156982423,0.9477124183006536
2435,564.3083987236023,0.15883799555449513,0.007153797149658203,0.00029642581939697265,0.00020916461944580077,0.9624183006535948
2440,565.4599537849426,0.1806689855548484,0.003594112396240234,0.0002073049545288086,0.0001699686050415039,0.9722222222222222
2445,566.7124488353729,0.016170709652942605,0.00526132583618164,0.00025668144226074217,0.00021190643310546874,0.9673202614379085
2450,567.8608298301697,0.08737458600662648,0.007041168212890625,0.0003012418746948242,0.00024306774139404297,0.9705882352941176
2455,569.0110409259796,0.026652456261240333,0.005950736999511719,0.00027546882629394533,0.00022072792053222655,0.9754901960784313
2460,570.1463677883148,0.06562762519824901,0.006640148162841797,0.00029425621032714845,0.00022208690643310547,0.9754901960784313
2465,571.2849488258362,0.04308715499282698,0.005662345886230468,0.000263667106628418,0.00018937587738037108,0.9771241830065359
2470,572.4367308616638,0.1440504285739735,0.006239128112792969,0.0002872705459594727,0.00023987293243408204,0.9722222222222222
2475,573.5817148685455,0.007818695453171643,0.0060633659362792965,0.00027065277099609376,0.00019483566284179689,0.9673202614379085
2480,574.7273728847504,0.015327150158560699,0.006175994873046875,0.0002658367156982422,0.00017926692962646484,0.9640522875816994
2485,575.8634459972382,0.036616995319373305,0.005373954772949219,0.00025186538696289065,0.0001833200454711914,0.9591503267973857
2490,577.0073177814484,0.0742150250747727,0.005549716949462891,0.0002684831619262695,0.0002100229263305664,0.9575163398692811
2495,578.1412258148193,0.4990034844267939,0.006239128112792969,0.0002872705459594727,0.00022118091583251954,0.9607843137254902
2500,579.2911877632141,0.029578363150676523,0.005549716949462891,0.0002684831619262695,0.00020830631256103517,0.9689542483660131
2505,580.4291586875916,0.21569990276628914,0.004972934722900391,0.0002448797225952148,0.00017402172088623046,0.9722222222222222
2510,581.5774829387665,0.058664933037698576,0.006351757049560547,0.0002824544906616211,0.00022661685943603516,0.9754901960784313
2515,582.723198890686,0.1560634330946641,0.006351757049560547,0.0002824544906616211,0.00021049976348876953,0.9787581699346405
2520,583.863776922226,0.024788609667302806,0.005950736999511719,0.00027546882629394533,0.00021328926086425782,0.9803921568627451
2525,585.0435628890991,0.025453281092725887,0.004797172546386719,0.00022826194763183593,0.0001575946807861328,0.9820261437908496
2530,586.1688990592957,0.01021014394100348,0.006351757049560547,0.0002824544906616211,0.00020537376403808593,0.9787581699346405
2535,587.301956653595,0.00970467914157922,0.005662345886230468,0.000263667106628418,0.00019502639770507812,0.9787581699346405
2540,588.4509508609772,0.16794217762654567,0.00526132583618164,0.00025668144226074217,0.00020797252655029296,0.9836601307189542
2545,589.6033127307892,0.03232336815076451,0.005950736999511719,0.00027546882629394533,0.00020685195922851563,0.9591503267973857
2550,590.7261338233948,0.23231331259015633,0.006351757049560547,0.0002824544906616211,0.0002030611038208008,0.9575163398692811
2555,591.8540840148926,0.04428668429469553,0.005662345886230468,0.000263667106628418,0.0001951456069946289,0.9852941176470589
2560,593.0053129196167,0.07032155561801119,0.006351757049560547,0.0002824544906616211,0.00020482540130615235,0.9787581699346405
2565,594.1488239765167,0.007707191997906193,0.00853261947631836,0.00033400058746337893,0.00024602413177490237,0.9771241830065359
2570,595.2894728183746,0.013090203819592717,0.0060633659362792965,0.00027065277099609376,0.00019092559814453124,0.9705882352941176
2575,596.4262850284576,0.1091512555256486,0.006351757049560547,0.0002824544906616211,0.0002056121826171875,0.9738562091503268
2580,597.5734078884125,0.010886982946387036,0.00526132583618164,0.00025668144226074217,0.0001877307891845703,0.9787581699346405
2585,598.7003030776978,0.004521106987142786,0.004684543609619141,0.0002330780029296875,0.00016336441040039064,0.9689542483660131
2590,599.8390157222748,0.5932279864980515,0.007041168212890625,0.0003012418746948242,0.00021834373474121093,0.9852941176470589
2595,600.9881699085236,0.3299252156389059,0.006239128112792969,0.0002872705459594727,0.00024497509002685547,0.9771241830065359
2600,602.1327617168427,0.036444245351799506,0.006351757049560547,0.0002824544906616211,0.00020732879638671876,0.9738562091503268
2605,603.326958656311,0.02331658491602866,0.007041168212890625,0.0003012418746948242,0.00022349357604980468,0.9689542483660131
2610,604.4918949604034,0.4155825792793621,0.007329559326171875,0.00031304359436035156,0.0002546072006225586,0.9656862745098039
2615,605.6385798454285,0.39374316196131076,0.007041168212890625,0.0003012418746948242,0.0002259969711303711,0.954248366013072
2620,606.779944896698,0.01277861144792496,0.007843208312988282,0.00031521320343017576,0.00021879673004150392,0.934640522875817
2625,607.9290969371796,0.03438276593169576,0.006752777099609375,0.0002894401550292969,0.0002090930938720703,0.9264705882352942
2630,609.0753047466278,0.07854343238286673,0.005662345886230468,0.000263667106628418,0.00020060539245605468,0.9313725490196079
2635,610.2271757125854,0.1684171095452484,0.007041168212890625,0.0003012418746948242,0.0002249002456665039,0.934640522875817
2640,611.3736639022827,0.09052680982276798,0.005774974822998047,0.0002588510513305664,0.0001810312271118164,0.9477124183006536
2645,612.5243158340454,0.03492422364652157,0.006928539276123047,0.0003060579299926758,0.0002453088760375977,0.9558823529411765
2650,613.6718049049377,0.015137677273861528,0.006351757049560547,0.0002824544906616211,0.00021216869354248046,0.9591503267973857
2655,614.8110766410828,0.19050161337363533,0.005549716949462891,0.0002684831619262695,0.00022046566009521485,0.9689542483660131
2660,615.9609799385071,0.1173327086784468,0.0060633659362792965,0.00027065277099609376,0.00018727779388427734,0.9771241830065359
2665,617.096168756485,0.0877908918414505,0.006640148162841797,0.00029425621032714845,0.00022859573364257811,0.9836601307189542
2670,618.2428116798401,0.06915657144854777,0.00526132583618164,0.00025668144226074217,0.00018913745880126952,0.9754901960784313
2675,619.3838639259338,0.03105654666069313,0.004860305786132812,0.0002496957778930664,0.00019152164459228515,0.9640522875816994
2680,620.5312969684601,0.33903316944051765,0.005950736999511719,0.00027546882629394533,0.0002125978469848633,0.9673202614379085
2685,621.7120518684387,0.10732597131282091,0.006815910339355469,0.00031087398529052737,0.00025124549865722655,0.9705882352941176
2690,622.8442578315735,0.03823771077301217,0.003995132446289062,0.00021429061889648436,0.00015680789947509767,0.9738562091503268
2695,623.9933159351349,0.06241476277411948,0.004972934722900391,0.0002448797225952148,0.0001800060272216797,0.9771241830065359
2700,625.1410028934479,0.004169707918265431,0.007153797149658203,0.00029642581939697265,0.00019919872283935547,0.9787581699346405
2705,626.2820808887482,0.011091122314775248,0.005662345886230468,0.000263667106628418,0.00020613670349121094,0.9771241830065359
2710,627.4253439903259,0.01596215250917794,0.005950736999511719,0.00027546882629394533,0.00020573139190673828,0.9754901960784313
2715,628.5613718032837,0.0374040148527456,0.004170894622802734,0.00023090839385986328,0.00018818378448486327,0.9754901960784313
2720,629.690721988678,0.09814840991307676,0.005373954772949219,0.00025186538696289065,0.00018036365509033203,0.9754901960784313
2725,630.8331320285797,0.15301465392308272,0.006640148162841797,0.00029425621032714845,0.00021772384643554689,0.988562091503268
2730,631.968836069107,0.024827437448504953,0.004283523559570313,0.0002260923385620117,0.00016107559204101563,0.9722222222222222
2735,633.1232008934021,0.028571028960868716,0.006527519226074219,0.000299072265625,0.0002686023712158203,0.9656862745098039
2740,634.2540028095245,0.09858993002962961,0.006464385986328125,0.00027763843536376953,0.00018761157989501953,0.9673202614379085
2745,635.3892378807068,0.2483848334482957,0.004972934722900391,0.0002448797225952148,0.00018787384033203125,0.9738562091503268
2750,636.5122327804565,0.010612094702446484,0.004283523559570313,0.0002260923385620117,0.00016586780548095704,0.9836601307189542
2755,637.6595749855042,0.021327586192637683,0.006640148162841797,0.00029425621032714845,0.0002513408660888672,0.9771241830065359
2760,638.8068828582764,0.051409534818961336,0.007041168212890625,0.0003012418746948242,0.0002189159393310547,0.9771241830065359
2765,639.9992518424988,0.023999589078903226,0.005950736999511719,0.00027546882629394533,0.00021164417266845704,0.9722222222222222
2770,641.1412847042084,0.02678932384005748,0.005950736999511719,0.00027546882629394533,0.00022134780883789062,0.9689542483660131
2775,642.2903337478638,0.049243672886404966,0.005950736999511719,0.00027546882629394533,0.00021617412567138673,0.9754901960784313
2780,643.4314737319946,0.07955037583742523,0.007041168212890625,0.0003012418746948242,0.00022099018096923828,0.9836601307189542
2785,644.5659687519073,0.0022524694864443973,0.005486583709716797,0.0002470493316650391,0.0001615285873413086,0.9787581699346405
2790,645.7001929283142,0.01592157971863628,0.005774974822998047,0.0002588510513305664,0.00018851757049560548,0.9722222222222222
2795,646.8456649780273,0.038641547592169444,0.004860305786132812,0.0002496957778930664,0.00020084381103515624,0.9705882352941176
2800,647.9953379631042,0.4085534227873723,0.006928539276123047,0.0003060579299926758,0.00023915767669677735,0.9820261437908496
2805,649.1452627182007,0.01415570378303812,0.0058381080627441405,0.00028028488159179685,0.00023012161254882814,0.988562091503268
2810,650.2852647304535,0.08069840982281704,0.0043961524963378905,0.00022127628326416016,0.0001453399658203125,0.9820261437908496
2815,651.4291319847107,0.08479768924880915,0.006239128112792969,0.0002872705459594727,0.00021228790283203124,0.9852941176470589
2820,652.5726137161255,0.05840554085561962,0.006752777099609375,0.0002894401550292969,0.00020949840545654298,0.9836601307189542
2825,653.7103669643402,0.03496579325292402,0.005950736999511719,0.00027546882629394533,0.00021924972534179688,0.9754901960784313
2830,654.8416249752045,0.08940326404336219,0.0043961524963378905,0.00022127628326416016,0.00014808177947998047,0.9787581699346405
2835,655.9650280475616,0.0048442441962833985,0.006752777099609375,0.0002894401550292969,0.00020935535430908204,0.9869281045751634
2840,657.1003577709198,0.007291590072372856,0.004972934722900391,0.0002448797225952148,0.00018315315246582032,0.988562091503268
2845,658.2761309146881,0.07015076639145264,0.006239128112792969,0.0002872705459594727,0.00021965503692626952,0.9836601307189542
2850,659.4081218242645,0.04383814908516257,0.00526132583618164,0.00025668144226074217,0.0001903057098388672,0.9607843137254902
2855,660.5390017032623,0.13371149506419897,0.006752777099609375,0.0002894401550292969,0.0002131223678588867,0.9575163398692811
2860,661.6747896671295,0.1303918602075555,0.0045719146728515625,0.00023789405822753905,0.00018146038055419922,0.9787581699346405
2865,662.8232028484344,0.08021211099694484,0.007041168212890625,0.0003012418746948242,0.00022430419921875,0.9673202614379085
2870,663.9639358520508,0.002111177743792325,0.007843208312988282,0.00031521320343017576,0.00021107196807861327,0.954248366013072
2875,665.1044228076935,0.10974485632632422,0.007442188262939453,0.0003082275390625,0.00021331310272216798,0.9575163398692811
2880,666.2417907714844,0.1659849726362154,0.0060633659362792965,0.00027065277099609376,0.00019981861114501954,0.9656862745098039
2885,667.3798389434814,0.2600719032168911,0.004972934722900391,0.0002448797225952148,0.00018148422241210939,0.9820261437908496
2890,668.5045628547668,0.005162885434403108,0.004972934722900391,0.0002448797225952148,0.00017895698547363282,0.9836601307189542
2895,669.644654750824,0.5410077713724604,0.006640148162841797,0.00029425621032714845,0.00022370815277099608,0.9852941176470589
2900,670.7941348552704,0.06889551696539228,0.006640148162841797,0.00029425621032714845,0.00022749900817871095,0.9836601307189542
2905,671.93767786026,0.05053409181529815,0.005662345886230468,0.000263667106628418,0.00019114017486572267,0.9820261437908496
2910,673.0792067050934,0.017261913128641025,0.006640148162841797,0.00029425621032714845,0.00023975372314453126,0.9754901960784313
2915,674.2342908382416,0.13711406593574793,0.007329559326171875,0.00031304359436035156,0.00024225711822509766,0.9820261437908496
2920,675.3826098442078,0.013384918528214485,0.007442188262939453,0.0003082275390625,0.0002195119857788086,0.988562091503268
2925,676.6263349056244,0.061994308052848626,0.007843208312988282,0.00031521320343017576,0.0003207683563232422,0.9836601307189542
2930,677.790207862854,0.020221153681637814,0.007041168212890625,0.0003012418746948242,0.0002534151077270508,0.9803921568627451
2935,678.9317779541016,0.03715835502864593,0.005774974822998047,0.0002588510513305664,0.00016264915466308595,0.9771241830065359
2940,680.0768358707428,0.2351292070816271,0.006928539276123047,0.0003060579299926758,0.0002554178237915039,0.9722222222222222
2945,681.2121479511261,0.0233111734583872,0.005085563659667969,0.00024006366729736328,0.0001648426055908203,0.9591503267973857
2950,682.3672788143158,0.011353218570002354,0.007329559326171875,0.00031304359436035156,0.00024099349975585936,0.9509803921568627
2955,683.5110189914703,0.006111971353595891,0.007041168212890625,0.0003012418746948242,0.00022289752960205078,0.9411764705882353
2960,684.6562910079956,0.33061328066378337,0.0058381080627441405,0.00028028488159179685,0.00023903846740722657,0.9428104575163399
2965,685.8025789260864,0.24286032461389767,0.005373954772949219,0.00025186538696289065,0.00019464492797851562,0.9526143790849673
2970,686.9512219429016,0.020165853420621715,0.006640148162841797,0.00029425621032714845,0.00022783279418945313,0.9673202614379085
2975,688.0910148620605,0.06072985630962648,0.005662345886230468,0.000263667106628418,0.0001934528350830078,0.9705882352941176
2980,689.2180368900299,0.14649523593398045,0.004860305786132812,0.0002496957778930664,0.00019068717956542968,0.9722222222222222
2985,690.3624670505524,0.5469769126153551,0.004860305786132812,0.0002496957778930664,0.00019848346710205078,0.9607843137254902
2990,691.5181469917297,0.09535447834059596,0.006815910339355469,0.00031087398529052737,0.00026476383209228516,0.9640522875816994
2995,692.6514618396759,0.10969379923081135,0.0043961524963378905,0.00022127628326416016,0.00014741420745849608,0.9656862745098039
3000,693.797337770462,0.03554551745774006,0.004972934722900391,0.0002448797225952148,0.00018475055694580078,0.9722222222222222
3005,694.9781737327576,0.001870662759500874,0.007153797149658203,0.00029642581939697265,0.00020093917846679686,0.9771241830065359
3010,696.1200928688049,0.007086779463554649,0.006351757049560547,0.0002824544906616211,0.00019962787628173827,0.9771241830065359
3015,697.2660918235779,0.010561280212732527,0.00526132583618164,0.00025668144226074217,0.0002043008804321289,0.9771241830065359
3020,698.4145820140839,0.05200791623210534,0.004860305786132812,0.0002496957778930664,0.00020422935485839844,0.9787581699346405
3025,699.5538427829742,0.008352018179556353,0.004283523559570313,0.0002260923385620117,0.00017006397247314452,0.9787581699346405
3030,700.7024538516998,0.2559320622911628,0.007442188262939453,0.0003082275390625,0.00021755695343017578,0.9918300653594772
3035,701.8504266738892,0.027640169890219113,0.004860305786132812,0.0002496957778930664,0.00020534992218017577,0.9803921568627451
3040,702.9866988658905,0.028813594825680865,0.005549716949462891,0.0002684831619262695,0.0002073049545288086,0.9705882352941176
3045,704.1216979026794,0.1168189323749175,0.006752777099609375,0.0002894401550292969,0.00020325183868408203,0.9722222222222222
3050,705.26069688797,0.03017880453209045,0.005373954772949219,0.00025186538696289065,0.0001860380172729492,0.9771241830065359
3055,706.4075419902802,0.08866047525616523,0.004283523559570313,0.0002260923385620117,0.0001718759536743164,0.988562091503268
3060,707.5564548969269,0.026644585572648795,0.006239128112792969,0.0002872705459594727,0.00023012161254882814,0.9869281045751634